[2024-04-28T19:59:22.641-0300] {local_task_job_runner.py:120} INFO - ::group::Pre task execution logs
[2024-04-28T19:59:22.685-0300] {taskinstance.py:2073} INFO - Dependencies all met for dep_context=non-requeueable deps ti=<TaskInstance: atividade_pratica_dag.get_path manual__2024-04-28T22:59:14.986644+00:00 [queued]>
[2024-04-28T19:59:22.700-0300] {taskinstance.py:2073} INFO - Dependencies all met for dep_context=requeueable deps ti=<TaskInstance: atividade_pratica_dag.get_path manual__2024-04-28T22:59:14.986644+00:00 [queued]>
[2024-04-28T19:59:22.701-0300] {taskinstance.py:2303} INFO - Starting attempt 1 of 1
[2024-04-28T19:59:22.740-0300] {taskinstance.py:2327} INFO - Executing <Task(BashOperator): get_path> on 2024-04-28 22:59:14.986644+00:00
[2024-04-28T19:59:22.753-0300] {standard_task_runner.py:63} INFO - Started process 5740 to run task
[2024-04-28T19:59:22.761-0300] {standard_task_runner.py:90} INFO - Running: ['airflow', 'tasks', 'run', 'atividade_pratica_dag', 'get_path', 'manual__2024-04-28T22:59:14.986644+00:00', '--job-id', '9', '--raw', '--subdir', 'DAGS_FOLDER/atividade_pratica_dag.py', '--cfg-path', '/tmp/tmpa2np3hr5']
[2024-04-28T19:59:22.762-0300] {standard_task_runner.py:91} INFO - Job 9: Subtask get_path
[2024-04-28T19:59:22.846-0300] {task_command.py:426} INFO - Running <TaskInstance: atividade_pratica_dag.get_path manual__2024-04-28T22:59:14.986644+00:00 [running]> on host ath
[2024-04-28T19:59:22.971-0300] {taskinstance.py:2644} INFO - Exporting env vars: AIRFLOW_CTX_DAG_OWNER='airflow' AIRFLOW_CTX_DAG_ID='atividade_pratica_dag' AIRFLOW_CTX_TASK_ID='get_path' AIRFLOW_CTX_EXECUTION_DATE='2024-04-28T22:59:14.986644+00:00' AIRFLOW_CTX_TRY_NUMBER='1' AIRFLOW_CTX_DAG_RUN_ID='manual__2024-04-28T22:59:14.986644+00:00'
[2024-04-28T19:59:22.974-0300] {taskinstance.py:430} INFO - ::endgroup::
[2024-04-28T19:59:22.976-0300] {subprocess.py:63} INFO - Tmp dir root location: /tmp
[2024-04-28T19:59:22.978-0300] {subprocess.py:75} INFO - Running command: ['/usr/bin/bash', '-c', 'mkdir -p data && echo $AIRFLOW_HOME  > data/path.txt']
[2024-04-28T19:59:23.006-0300] {subprocess.py:86} INFO - Output:
[2024-04-28T19:59:23.016-0300] {subprocess.py:97} INFO - Command exited with return code 0
[2024-04-28T19:59:23.018-0300] {taskinstance.py:441} INFO - ::group::Post task execution logs
[2024-04-28T19:59:23.064-0300] {taskinstance.py:1205} INFO - Marking task as SUCCESS. dag_id=atividade_pratica_dag, task_id=get_path, execution_date=20240428T225914, start_date=20240428T225922, end_date=20240428T225923
[2024-04-28T19:59:23.134-0300] {local_task_job_runner.py:240} INFO - Task exited with return code 0
[2024-04-28T19:59:23.161-0300] {logging_mixin.py:188} WARNING - /home/athlon/projects/airflow/.venv/lib/python3.11/site-packages/airflow/models/baseoperator.py:1296 AirflowProviderDeprecationWarning: Call to deprecated class PostgresOperator. (Please use `airflow.providers.common.sql.operators.sql.SQLExecuteQueryOperator`.Also, you can provide `hook_params={'schema': <database>}`.)
[2024-04-28T19:59:23.192-0300] {taskinstance.py:3482} INFO - 1 downstream tasks scheduled from follow-on schedule check
[2024-04-28T19:59:23.207-0300] {local_task_job_runner.py:222} INFO - ::endgroup::
