[2024-05-01T19:24:06.301-0300] {local_task_job_runner.py:120} INFO - ::group::Pre task execution logs
[2024-05-01T19:24:07.083-0300] {taskinstance.py:2073} INFO - Dependencies all met for dep_context=non-requeueable deps ti=<TaskInstance: atividade_pratica.check_airflow_home manual__2024-05-01T22:23:24.950719+00:00 [queued]>
[2024-05-01T19:24:07.101-0300] {taskinstance.py:2073} INFO - Dependencies all met for dep_context=requeueable deps ti=<TaskInstance: atividade_pratica.check_airflow_home manual__2024-05-01T22:23:24.950719+00:00 [queued]>
[2024-05-01T19:24:07.102-0300] {taskinstance.py:2303} INFO - Starting attempt 1 of 1
[2024-05-01T19:24:07.419-0300] {taskinstance.py:2327} INFO - Executing <Task(BashOperator): check_airflow_home> on 2024-05-01 22:23:24.950719+00:00
[2024-05-01T19:24:07.521-0300] {standard_task_runner.py:63} INFO - Started process 6366 to run task
[2024-05-01T19:24:07.575-0300] {standard_task_runner.py:90} INFO - Running: ['airflow', 'tasks', 'run', 'atividade_pratica', 'check_airflow_home', 'manual__2024-05-01T22:23:24.950719+00:00', '--job-id', '73', '--raw', '--subdir', 'DAGS_FOLDER/atividade_pratica.py', '--cfg-path', '/tmp/tmp0vsxko9k']
[2024-05-01T19:24:07.576-0300] {standard_task_runner.py:91} INFO - Job 73: Subtask check_airflow_home
[2024-05-01T19:24:08.142-0300] {task_command.py:426} INFO - Running <TaskInstance: atividade_pratica.check_airflow_home manual__2024-05-01T22:23:24.950719+00:00 [running]> on host xubuntu.myguest.virtualbox.org
[2024-05-01T19:24:09.137-0300] {taskinstance.py:2644} INFO - Exporting env vars: AIRFLOW_CTX_DAG_OWNER='airflow' AIRFLOW_CTX_DAG_ID='atividade_pratica' AIRFLOW_CTX_TASK_ID='check_airflow_home' AIRFLOW_CTX_EXECUTION_DATE='2024-05-01T22:23:24.950719+00:00' AIRFLOW_CTX_TRY_NUMBER='1' AIRFLOW_CTX_DAG_RUN_ID='manual__2024-05-01T22:23:24.950719+00:00'
[2024-05-01T19:24:09.138-0300] {taskinstance.py:430} INFO - ::endgroup::
[2024-05-01T19:24:09.143-0300] {subprocess.py:63} INFO - Tmp dir root location: /tmp
[2024-05-01T19:24:09.149-0300] {subprocess.py:75} INFO - Running command: ['/usr/bin/bash', '-c', 'echo $AIRFLOW_HOME']
[2024-05-01T19:24:09.208-0300] {subprocess.py:86} INFO - Output:
[2024-05-01T19:24:09.455-0300] {subprocess.py:93} INFO - /home/ath/projects/atividade_pratica_dags
[2024-05-01T19:24:09.459-0300] {subprocess.py:97} INFO - Command exited with return code 0
[2024-05-01T19:24:09.461-0300] {taskinstance.py:441} INFO - ::group::Post task execution logs
[2024-05-01T19:24:10.608-0300] {taskinstance.py:1205} INFO - Marking task as SUCCESS. dag_id=atividade_pratica, task_id=check_airflow_home, execution_date=20240501T222324, start_date=20240501T222407, end_date=20240501T222410
[2024-05-01T19:24:10.853-0300] {local_task_job_runner.py:240} INFO - Task exited with return code 0
[2024-05-01T19:24:10.969-0300] {taskinstance.py:3482} INFO - 1 downstream tasks scheduled from follow-on schedule check
[2024-05-01T19:24:10.985-0300] {local_task_job_runner.py:222} INFO - ::endgroup::
