[2024-05-01T18:59:09.800-0300] {local_task_job_runner.py:120} INFO - ::group::Pre task execution logs
[2024-05-01T18:59:09.841-0300] {taskinstance.py:2073} INFO - Dependencies all met for dep_context=non-requeueable deps ti=<TaskInstance: atividade_pratica.task1 manual__2024-05-01T21:58:51.067682+00:00 [queued]>
[2024-05-01T18:59:09.848-0300] {taskinstance.py:2073} INFO - Dependencies all met for dep_context=requeueable deps ti=<TaskInstance: atividade_pratica.task1 manual__2024-05-01T21:58:51.067682+00:00 [queued]>
[2024-05-01T18:59:09.848-0300] {taskinstance.py:2303} INFO - Starting attempt 1 of 1
[2024-05-01T18:59:09.892-0300] {taskinstance.py:2327} INFO - Executing <Task(BashOperator): task1> on 2024-05-01 21:58:51.067682+00:00
[2024-05-01T18:59:09.902-0300] {standard_task_runner.py:63} INFO - Started process 4856 to run task
[2024-05-01T18:59:09.906-0300] {standard_task_runner.py:90} INFO - Running: ['airflow', 'tasks', 'run', 'atividade_pratica', 'task1', 'manual__2024-05-01T21:58:51.067682+00:00', '--job-id', '71', '--raw', '--subdir', 'DAGS_FOLDER/atividade_pratica.py', '--cfg-path', '/tmp/tmppalvizvi']
[2024-05-01T18:59:09.909-0300] {standard_task_runner.py:91} INFO - Job 71: Subtask task1
[2024-05-01T18:59:09.979-0300] {task_command.py:426} INFO - Running <TaskInstance: atividade_pratica.task1 manual__2024-05-01T21:58:51.067682+00:00 [running]> on host xubuntu.myguest.virtualbox.org
[2024-05-01T18:59:10.273-0300] {taskinstance.py:2644} INFO - Exporting env vars: AIRFLOW_CTX_DAG_OWNER='airflow' AIRFLOW_CTX_DAG_ID='atividade_pratica' AIRFLOW_CTX_TASK_ID='task1' AIRFLOW_CTX_EXECUTION_DATE='2024-05-01T21:58:51.067682+00:00' AIRFLOW_CTX_TRY_NUMBER='1' AIRFLOW_CTX_DAG_RUN_ID='manual__2024-05-01T21:58:51.067682+00:00'
[2024-05-01T18:59:10.275-0300] {taskinstance.py:430} INFO - ::endgroup::
[2024-05-01T18:59:10.280-0300] {subprocess.py:63} INFO - Tmp dir root location: /tmp
[2024-05-01T18:59:10.284-0300] {subprocess.py:75} INFO - Running command: ['/usr/bin/bash', '-c', 'echo Hello World']
[2024-05-01T18:59:10.305-0300] {subprocess.py:86} INFO - Output:
[2024-05-01T18:59:10.345-0300] {subprocess.py:93} INFO - Hello World
[2024-05-01T18:59:10.347-0300] {subprocess.py:97} INFO - Command exited with return code 0
[2024-05-01T18:59:10.348-0300] {taskinstance.py:441} INFO - ::group::Post task execution logs
[2024-05-01T18:59:10.394-0300] {taskinstance.py:1205} INFO - Marking task as SUCCESS. dag_id=atividade_pratica, task_id=task1, execution_date=20240501T215851, start_date=20240501T215909, end_date=20240501T215910
[2024-05-01T18:59:10.626-0300] {local_task_job_runner.py:240} INFO - Task exited with return code 0
[2024-05-01T18:59:10.651-0300] {taskinstance.py:3482} INFO - 1 downstream tasks scheduled from follow-on schedule check
[2024-05-01T18:59:10.670-0300] {local_task_job_runner.py:222} INFO - ::endgroup::
