[2024-04-28T20:52:20.057-0300] {local_task_job_runner.py:120} INFO - ::group::Pre task execution logs
[2024-04-28T20:52:20.080-0300] {taskinstance.py:2073} INFO - Dependencies all met for dep_context=non-requeueable deps ti=<TaskInstance: atividade_pratica_dag.create_data_folder manual__2024-04-28T23:52:05.365467+00:00 [queued]>
[2024-04-28T20:52:20.090-0300] {taskinstance.py:2073} INFO - Dependencies all met for dep_context=requeueable deps ti=<TaskInstance: atividade_pratica_dag.create_data_folder manual__2024-04-28T23:52:05.365467+00:00 [queued]>
[2024-04-28T20:52:20.091-0300] {taskinstance.py:2303} INFO - Starting attempt 1 of 1
[2024-04-28T20:52:20.108-0300] {taskinstance.py:2327} INFO - Executing <Task(BashOperator): create_data_folder> on 2024-04-28 23:52:05.365467+00:00
[2024-04-28T20:52:20.115-0300] {standard_task_runner.py:63} INFO - Started process 10015 to run task
[2024-04-28T20:52:20.119-0300] {standard_task_runner.py:90} INFO - Running: ['airflow', 'tasks', 'run', 'atividade_pratica_dag', 'create_data_folder', 'manual__2024-04-28T23:52:05.365467+00:00', '--job-id', '12', '--raw', '--subdir', 'DAGS_FOLDER/atividade_pratica_dag.py', '--cfg-path', '/tmp/tmpj_pq6847']
[2024-04-28T20:52:20.120-0300] {standard_task_runner.py:91} INFO - Job 12: Subtask create_data_folder
[2024-04-28T20:52:20.174-0300] {task_command.py:426} INFO - Running <TaskInstance: atividade_pratica_dag.create_data_folder manual__2024-04-28T23:52:05.365467+00:00 [running]> on host ath
[2024-04-28T20:52:20.286-0300] {taskinstance.py:2644} INFO - Exporting env vars: AIRFLOW_CTX_DAG_OWNER='airflow' AIRFLOW_CTX_DAG_ID='atividade_pratica_dag' AIRFLOW_CTX_TASK_ID='create_data_folder' AIRFLOW_CTX_EXECUTION_DATE='2024-04-28T23:52:05.365467+00:00' AIRFLOW_CTX_TRY_NUMBER='1' AIRFLOW_CTX_DAG_RUN_ID='manual__2024-04-28T23:52:05.365467+00:00'
[2024-04-28T20:52:20.287-0300] {taskinstance.py:430} INFO - ::endgroup::
[2024-04-28T20:52:20.291-0300] {subprocess.py:63} INFO - Tmp dir root location: /tmp
[2024-04-28T20:52:20.293-0300] {subprocess.py:75} INFO - Running command: ['/usr/bin/bash', '-c', 'mkdir -p data']
[2024-04-28T20:52:20.309-0300] {subprocess.py:86} INFO - Output:
[2024-04-28T20:52:20.321-0300] {subprocess.py:97} INFO - Command exited with return code 0
[2024-04-28T20:52:20.322-0300] {taskinstance.py:441} INFO - ::group::Post task execution logs
[2024-04-28T20:52:20.348-0300] {taskinstance.py:1205} INFO - Marking task as SUCCESS. dag_id=atividade_pratica_dag, task_id=create_data_folder, execution_date=20240428T235205, start_date=20240428T235220, end_date=20240428T235220
[2024-04-28T20:52:20.573-0300] {local_task_job_runner.py:240} INFO - Task exited with return code 0
[2024-04-28T20:52:20.592-0300] {logging_mixin.py:188} WARNING - /home/athlon/projects/airflow/.venv/lib/python3.11/site-packages/airflow/models/baseoperator.py:1296 AirflowProviderDeprecationWarning: Call to deprecated class PostgresOperator. (Please use `airflow.providers.common.sql.operators.sql.SQLExecuteQueryOperator`.Also, you can provide `hook_params={'schema': <database>}`.)
[2024-04-28T20:52:20.616-0300] {taskinstance.py:3482} INFO - 1 downstream tasks scheduled from follow-on schedule check
[2024-04-28T20:52:20.620-0300] {local_task_job_runner.py:222} INFO - ::endgroup::
