[2024-05-01T23:26:08.209-0300] {local_task_job_runner.py:120} INFO - ::group::Pre task execution logs
[2024-05-01T23:26:08.409-0300] {taskinstance.py:2073} INFO - Dependencies all met for dep_context=non-requeueable deps ti=<TaskInstance: atividade_pratica.decide_branch manual__2024-05-02T02:24:15.618310+00:00 [queued]>
[2024-05-01T23:26:08.541-0300] {taskinstance.py:2073} INFO - Dependencies all met for dep_context=requeueable deps ti=<TaskInstance: atividade_pratica.decide_branch manual__2024-05-02T02:24:15.618310+00:00 [queued]>
[2024-05-01T23:26:08.542-0300] {taskinstance.py:2303} INFO - Starting attempt 1 of 1
[2024-05-01T23:26:08.662-0300] {taskinstance.py:2327} INFO - Executing <Task(BranchPythonOperator): decide_branch> on 2024-05-02 02:24:15.618310+00:00
[2024-05-01T23:26:08.720-0300] {standard_task_runner.py:63} INFO - Started process 21030 to run task
[2024-05-01T23:26:08.730-0300] {standard_task_runner.py:90} INFO - Running: ['airflow', 'tasks', 'run', 'atividade_pratica', 'decide_branch', 'manual__2024-05-02T02:24:15.618310+00:00', '--job-id', '87', '--raw', '--subdir', 'DAGS_FOLDER/atividade_pratica.py', '--cfg-path', '/tmp/tmpjt_06scj']
[2024-05-01T23:26:08.741-0300] {standard_task_runner.py:91} INFO - Job 87: Subtask decide_branch
[2024-05-01T23:26:08.997-0300] {task_command.py:426} INFO - Running <TaskInstance: atividade_pratica.decide_branch manual__2024-05-02T02:24:15.618310+00:00 [running]> on host xubuntu.myguest.virtualbox.org
[2024-05-01T23:26:09.296-0300] {taskinstance.py:2644} INFO - Exporting env vars: AIRFLOW_CTX_DAG_OWNER='airflow' AIRFLOW_CTX_DAG_ID='atividade_pratica' AIRFLOW_CTX_TASK_ID='decide_branch' AIRFLOW_CTX_EXECUTION_DATE='2024-05-02T02:24:15.618310+00:00' AIRFLOW_CTX_TRY_NUMBER='1' AIRFLOW_CTX_DAG_RUN_ID='manual__2024-05-02T02:24:15.618310+00:00'
[2024-05-01T23:26:09.311-0300] {taskinstance.py:430} INFO - ::endgroup::
[2024-05-01T23:26:09.312-0300] {baseoperator.py:399} WARNING - BranchPythonOperator.execute cannot be called outside TaskInstance!
[2024-05-01T23:26:09.340-0300] {python.py:237} INFO - Done. Returned value was: create_data_folder
[2024-05-01T23:26:09.341-0300] {branch.py:36} INFO - Branch into create_data_folder
[2024-05-01T23:26:09.341-0300] {skipmixin.py:178} INFO - Following branch create_data_folder
[2024-05-01T23:26:09.376-0300] {skipmixin.py:246} INFO - Skipping tasks [('airflow_home_not_found', -1)]
[2024-05-01T23:26:11.419-0300] {taskinstance.py:441} INFO - ::group::Post task execution logs
[2024-05-01T23:26:11.475-0300] {taskinstance.py:1205} INFO - Marking task as SUCCESS. dag_id=atividade_pratica, task_id=decide_branch, execution_date=20240502T022415, start_date=20240502T022608, end_date=20240502T022611
[2024-05-01T23:26:11.575-0300] {local_task_job_runner.py:240} INFO - Task exited with return code 0
[2024-05-01T23:26:11.631-0300] {taskinstance.py:3482} INFO - 1 downstream tasks scheduled from follow-on schedule check
[2024-05-01T23:26:11.696-0300] {local_task_job_runner.py:222} INFO - ::endgroup::
