[2024-05-01T22:06:05.599-0300] {local_task_job_runner.py:120} INFO - ::group::Pre task execution logs
[2024-05-01T22:06:05.659-0300] {taskinstance.py:2073} INFO - Dependencies all met for dep_context=non-requeueable deps ti=<TaskInstance: atividade_pratica.create_data_folder manual__2024-05-02T01:04:38.843310+00:00 [queued]>
[2024-05-01T22:06:05.683-0300] {taskinstance.py:2073} INFO - Dependencies all met for dep_context=requeueable deps ti=<TaskInstance: atividade_pratica.create_data_folder manual__2024-05-02T01:04:38.843310+00:00 [queued]>
[2024-05-01T22:06:05.684-0300] {taskinstance.py:2303} INFO - Starting attempt 1 of 1
[2024-05-01T22:06:06.429-0300] {taskinstance.py:2327} INFO - Executing <Task(BashOperator): create_data_folder> on 2024-05-02 01:04:38.843310+00:00
[2024-05-01T22:06:06.445-0300] {standard_task_runner.py:63} INFO - Started process 16462 to run task
[2024-05-01T22:06:06.451-0300] {standard_task_runner.py:90} INFO - Running: ['airflow', 'tasks', 'run', 'atividade_pratica', 'create_data_folder', 'manual__2024-05-02T01:04:38.843310+00:00', '--job-id', '85', '--raw', '--subdir', 'DAGS_FOLDER/atividade_pratica.py', '--cfg-path', '/tmp/tmpp5pkfssr']
[2024-05-01T22:06:06.452-0300] {standard_task_runner.py:91} INFO - Job 85: Subtask create_data_folder
[2024-05-01T22:06:07.135-0300] {task_command.py:426} INFO - Running <TaskInstance: atividade_pratica.create_data_folder manual__2024-05-02T01:04:38.843310+00:00 [running]> on host xubuntu.myguest.virtualbox.org
[2024-05-01T22:06:08.418-0300] {taskinstance.py:2644} INFO - Exporting env vars: AIRFLOW_CTX_DAG_OWNER='airflow' AIRFLOW_CTX_DAG_ID='atividade_pratica' AIRFLOW_CTX_TASK_ID='create_data_folder' AIRFLOW_CTX_EXECUTION_DATE='2024-05-02T01:04:38.843310+00:00' AIRFLOW_CTX_TRY_NUMBER='1' AIRFLOW_CTX_DAG_RUN_ID='manual__2024-05-02T01:04:38.843310+00:00'
[2024-05-01T22:06:08.421-0300] {taskinstance.py:430} INFO - ::endgroup::
[2024-05-01T22:06:08.423-0300] {subprocess.py:63} INFO - Tmp dir root location: /tmp
[2024-05-01T22:06:08.424-0300] {subprocess.py:75} INFO - Running command: ['/usr/bin/bash', '-c', 'mkdir -p $AIRFLOW_HOME/data']
[2024-05-01T22:06:08.446-0300] {subprocess.py:86} INFO - Output:
[2024-05-01T22:06:08.737-0300] {subprocess.py:97} INFO - Command exited with return code 0
[2024-05-01T22:06:08.738-0300] {taskinstance.py:441} INFO - ::group::Post task execution logs
[2024-05-01T22:06:09.970-0300] {taskinstance.py:1205} INFO - Marking task as SUCCESS. dag_id=atividade_pratica, task_id=create_data_folder, execution_date=20240502T010438, start_date=20240502T010605, end_date=20240502T010609
[2024-05-01T22:06:10.667-0300] {local_task_job_runner.py:240} INFO - Task exited with return code 0
[2024-05-01T22:06:10.689-0300] {taskinstance.py:3482} INFO - 0 downstream tasks scheduled from follow-on schedule check
[2024-05-01T22:06:10.690-0300] {local_task_job_runner.py:222} INFO - ::endgroup::
