[2024-04-26T21:25:05.808-0300] {processor.py:161} INFO - Started process (PID=17697) to work on /home/athlon/projects/airflow/.venv/lib/python3.11/site-packages/airflow/example_dags/subdags/subdag.py
[2024-04-26T21:25:05.809-0300] {processor.py:830} INFO - Processing file /home/athlon/projects/airflow/.venv/lib/python3.11/site-packages/airflow/example_dags/subdags/subdag.py for tasks to queue
[2024-04-26T21:25:05.812-0300] {logging_mixin.py:188} INFO - [2024-04-26T21:25:05.811-0300] {dagbag.py:540} INFO - Filling up the DagBag from /home/athlon/projects/airflow/.venv/lib/python3.11/site-packages/airflow/example_dags/subdags/subdag.py
[2024-04-26T21:25:05.815-0300] {processor.py:842} WARNING - No viable dags retrieved from /home/athlon/projects/airflow/.venv/lib/python3.11/site-packages/airflow/example_dags/subdags/subdag.py
[2024-04-26T21:25:05.828-0300] {processor.py:183} INFO - Processing /home/athlon/projects/airflow/.venv/lib/python3.11/site-packages/airflow/example_dags/subdags/subdag.py took 0.029 seconds
[2024-04-26T21:26:02.987-0300] {processor.py:161} INFO - Started process (PID=17836) to work on /home/athlon/projects/airflow/.venv/lib/python3.11/site-packages/airflow/example_dags/subdags/subdag.py
[2024-04-26T21:26:02.988-0300] {processor.py:830} INFO - Processing file /home/athlon/projects/airflow/.venv/lib/python3.11/site-packages/airflow/example_dags/subdags/subdag.py for tasks to queue
[2024-04-26T21:26:02.991-0300] {logging_mixin.py:188} INFO - [2024-04-26T21:26:02.990-0300] {dagbag.py:540} INFO - Filling up the DagBag from /home/athlon/projects/airflow/.venv/lib/python3.11/site-packages/airflow/example_dags/subdags/subdag.py
[2024-04-26T21:26:02.994-0300] {processor.py:842} WARNING - No viable dags retrieved from /home/athlon/projects/airflow/.venv/lib/python3.11/site-packages/airflow/example_dags/subdags/subdag.py
[2024-04-26T21:26:03.008-0300] {processor.py:183} INFO - Processing /home/athlon/projects/airflow/.venv/lib/python3.11/site-packages/airflow/example_dags/subdags/subdag.py took 0.030 seconds
[2024-04-26T21:26:58.643-0300] {processor.py:161} INFO - Started process (PID=17910) to work on /home/athlon/projects/airflow/.venv/lib/python3.11/site-packages/airflow/example_dags/subdags/subdag.py
[2024-04-26T21:26:58.650-0300] {processor.py:830} INFO - Processing file /home/athlon/projects/airflow/.venv/lib/python3.11/site-packages/airflow/example_dags/subdags/subdag.py for tasks to queue
[2024-04-26T21:26:58.652-0300] {logging_mixin.py:188} INFO - [2024-04-26T21:26:58.652-0300] {dagbag.py:540} INFO - Filling up the DagBag from /home/athlon/projects/airflow/.venv/lib/python3.11/site-packages/airflow/example_dags/subdags/subdag.py
[2024-04-26T21:26:58.655-0300] {processor.py:842} WARNING - No viable dags retrieved from /home/athlon/projects/airflow/.venv/lib/python3.11/site-packages/airflow/example_dags/subdags/subdag.py
[2024-04-26T21:26:58.670-0300] {processor.py:183} INFO - Processing /home/athlon/projects/airflow/.venv/lib/python3.11/site-packages/airflow/example_dags/subdags/subdag.py took 0.036 seconds
[2024-04-26T21:27:56.133-0300] {processor.py:161} INFO - Started process (PID=17990) to work on /home/athlon/projects/airflow/.venv/lib/python3.11/site-packages/airflow/example_dags/subdags/subdag.py
[2024-04-26T21:27:56.140-0300] {processor.py:830} INFO - Processing file /home/athlon/projects/airflow/.venv/lib/python3.11/site-packages/airflow/example_dags/subdags/subdag.py for tasks to queue
[2024-04-26T21:27:56.143-0300] {logging_mixin.py:188} INFO - [2024-04-26T21:27:56.142-0300] {dagbag.py:540} INFO - Filling up the DagBag from /home/athlon/projects/airflow/.venv/lib/python3.11/site-packages/airflow/example_dags/subdags/subdag.py
[2024-04-26T21:27:56.148-0300] {processor.py:842} WARNING - No viable dags retrieved from /home/athlon/projects/airflow/.venv/lib/python3.11/site-packages/airflow/example_dags/subdags/subdag.py
[2024-04-26T21:27:56.169-0300] {processor.py:183} INFO - Processing /home/athlon/projects/airflow/.venv/lib/python3.11/site-packages/airflow/example_dags/subdags/subdag.py took 0.050 seconds
[2024-04-26T21:28:54.780-0300] {processor.py:161} INFO - Started process (PID=18109) to work on /home/athlon/projects/airflow/.venv/lib/python3.11/site-packages/airflow/example_dags/subdags/subdag.py
[2024-04-26T21:28:54.781-0300] {processor.py:830} INFO - Processing file /home/athlon/projects/airflow/.venv/lib/python3.11/site-packages/airflow/example_dags/subdags/subdag.py for tasks to queue
[2024-04-26T21:28:54.784-0300] {logging_mixin.py:188} INFO - [2024-04-26T21:28:54.783-0300] {dagbag.py:540} INFO - Filling up the DagBag from /home/athlon/projects/airflow/.venv/lib/python3.11/site-packages/airflow/example_dags/subdags/subdag.py
[2024-04-26T21:28:54.787-0300] {processor.py:842} WARNING - No viable dags retrieved from /home/athlon/projects/airflow/.venv/lib/python3.11/site-packages/airflow/example_dags/subdags/subdag.py
[2024-04-26T21:28:54.801-0300] {processor.py:183} INFO - Processing /home/athlon/projects/airflow/.venv/lib/python3.11/site-packages/airflow/example_dags/subdags/subdag.py took 0.029 seconds
[2024-04-26T21:29:56.926-0300] {processor.py:161} INFO - Started process (PID=18693) to work on /home/athlon/projects/airflow/.venv/lib/python3.11/site-packages/airflow/example_dags/subdags/subdag.py
[2024-04-26T21:29:56.928-0300] {processor.py:830} INFO - Processing file /home/athlon/projects/airflow/.venv/lib/python3.11/site-packages/airflow/example_dags/subdags/subdag.py for tasks to queue
[2024-04-26T21:29:56.931-0300] {logging_mixin.py:188} INFO - [2024-04-26T21:29:56.930-0300] {dagbag.py:540} INFO - Filling up the DagBag from /home/athlon/projects/airflow/.venv/lib/python3.11/site-packages/airflow/example_dags/subdags/subdag.py
[2024-04-26T21:29:56.935-0300] {processor.py:842} WARNING - No viable dags retrieved from /home/athlon/projects/airflow/.venv/lib/python3.11/site-packages/airflow/example_dags/subdags/subdag.py
[2024-04-26T21:29:56.953-0300] {processor.py:183} INFO - Processing /home/athlon/projects/airflow/.venv/lib/python3.11/site-packages/airflow/example_dags/subdags/subdag.py took 0.038 seconds
[2024-04-26T21:30:58.541-0300] {processor.py:161} INFO - Started process (PID=18770) to work on /home/athlon/projects/airflow/.venv/lib/python3.11/site-packages/airflow/example_dags/subdags/subdag.py
[2024-04-26T21:30:58.547-0300] {processor.py:830} INFO - Processing file /home/athlon/projects/airflow/.venv/lib/python3.11/site-packages/airflow/example_dags/subdags/subdag.py for tasks to queue
[2024-04-26T21:30:58.549-0300] {logging_mixin.py:188} INFO - [2024-04-26T21:30:58.548-0300] {dagbag.py:540} INFO - Filling up the DagBag from /home/athlon/projects/airflow/.venv/lib/python3.11/site-packages/airflow/example_dags/subdags/subdag.py
[2024-04-26T21:30:58.553-0300] {processor.py:842} WARNING - No viable dags retrieved from /home/athlon/projects/airflow/.venv/lib/python3.11/site-packages/airflow/example_dags/subdags/subdag.py
[2024-04-26T21:30:58.572-0300] {processor.py:183} INFO - Processing /home/athlon/projects/airflow/.venv/lib/python3.11/site-packages/airflow/example_dags/subdags/subdag.py took 0.041 seconds
[2024-04-26T21:31:59.017-0300] {processor.py:161} INFO - Started process (PID=18837) to work on /home/athlon/projects/airflow/.venv/lib/python3.11/site-packages/airflow/example_dags/subdags/subdag.py
[2024-04-26T21:31:59.023-0300] {processor.py:830} INFO - Processing file /home/athlon/projects/airflow/.venv/lib/python3.11/site-packages/airflow/example_dags/subdags/subdag.py for tasks to queue
[2024-04-26T21:31:59.026-0300] {logging_mixin.py:188} INFO - [2024-04-26T21:31:59.025-0300] {dagbag.py:540} INFO - Filling up the DagBag from /home/athlon/projects/airflow/.venv/lib/python3.11/site-packages/airflow/example_dags/subdags/subdag.py
[2024-04-26T21:31:59.030-0300] {processor.py:842} WARNING - No viable dags retrieved from /home/athlon/projects/airflow/.venv/lib/python3.11/site-packages/airflow/example_dags/subdags/subdag.py
[2024-04-26T21:31:59.047-0300] {processor.py:183} INFO - Processing /home/athlon/projects/airflow/.venv/lib/python3.11/site-packages/airflow/example_dags/subdags/subdag.py took 0.041 seconds
[2024-04-26T21:32:57.906-0300] {processor.py:161} INFO - Started process (PID=18889) to work on /home/athlon/projects/airflow/.venv/lib/python3.11/site-packages/airflow/example_dags/subdags/subdag.py
[2024-04-26T21:32:57.912-0300] {processor.py:830} INFO - Processing file /home/athlon/projects/airflow/.venv/lib/python3.11/site-packages/airflow/example_dags/subdags/subdag.py for tasks to queue
[2024-04-26T21:32:57.915-0300] {logging_mixin.py:188} INFO - [2024-04-26T21:32:57.914-0300] {dagbag.py:540} INFO - Filling up the DagBag from /home/athlon/projects/airflow/.venv/lib/python3.11/site-packages/airflow/example_dags/subdags/subdag.py
[2024-04-26T21:32:57.918-0300] {processor.py:842} WARNING - No viable dags retrieved from /home/athlon/projects/airflow/.venv/lib/python3.11/site-packages/airflow/example_dags/subdags/subdag.py
[2024-04-26T21:32:57.935-0300] {processor.py:183} INFO - Processing /home/athlon/projects/airflow/.venv/lib/python3.11/site-packages/airflow/example_dags/subdags/subdag.py took 0.040 seconds
[2024-04-26T21:33:59.172-0300] {processor.py:161} INFO - Started process (PID=19115) to work on /home/athlon/projects/airflow/.venv/lib/python3.11/site-packages/airflow/example_dags/subdags/subdag.py
[2024-04-26T21:33:59.204-0300] {processor.py:830} INFO - Processing file /home/athlon/projects/airflow/.venv/lib/python3.11/site-packages/airflow/example_dags/subdags/subdag.py for tasks to queue
[2024-04-26T21:33:59.206-0300] {logging_mixin.py:188} INFO - [2024-04-26T21:33:59.206-0300] {dagbag.py:540} INFO - Filling up the DagBag from /home/athlon/projects/airflow/.venv/lib/python3.11/site-packages/airflow/example_dags/subdags/subdag.py
[2024-04-26T21:33:59.210-0300] {processor.py:842} WARNING - No viable dags retrieved from /home/athlon/projects/airflow/.venv/lib/python3.11/site-packages/airflow/example_dags/subdags/subdag.py
[2024-04-26T21:33:59.227-0300] {processor.py:183} INFO - Processing /home/athlon/projects/airflow/.venv/lib/python3.11/site-packages/airflow/example_dags/subdags/subdag.py took 0.062 seconds
[2024-04-26T21:35:18.190-0300] {processor.py:161} INFO - Started process (PID=19204) to work on /home/athlon/projects/airflow/.venv/lib/python3.11/site-packages/airflow/example_dags/subdags/subdag.py
[2024-04-26T21:35:18.196-0300] {processor.py:830} INFO - Processing file /home/athlon/projects/airflow/.venv/lib/python3.11/site-packages/airflow/example_dags/subdags/subdag.py for tasks to queue
[2024-04-26T21:35:18.199-0300] {logging_mixin.py:188} INFO - [2024-04-26T21:35:18.198-0300] {dagbag.py:540} INFO - Filling up the DagBag from /home/athlon/projects/airflow/.venv/lib/python3.11/site-packages/airflow/example_dags/subdags/subdag.py
[2024-04-26T21:35:18.202-0300] {processor.py:842} WARNING - No viable dags retrieved from /home/athlon/projects/airflow/.venv/lib/python3.11/site-packages/airflow/example_dags/subdags/subdag.py
[2024-04-26T21:35:18.218-0300] {processor.py:183} INFO - Processing /home/athlon/projects/airflow/.venv/lib/python3.11/site-packages/airflow/example_dags/subdags/subdag.py took 0.038 seconds
[2024-04-26T21:36:04.094-0300] {processor.py:161} INFO - Started process (PID=19255) to work on /home/athlon/projects/airflow/.venv/lib/python3.11/site-packages/airflow/example_dags/subdags/subdag.py
[2024-04-26T21:36:04.100-0300] {processor.py:830} INFO - Processing file /home/athlon/projects/airflow/.venv/lib/python3.11/site-packages/airflow/example_dags/subdags/subdag.py for tasks to queue
[2024-04-26T21:36:04.103-0300] {logging_mixin.py:188} INFO - [2024-04-26T21:36:04.102-0300] {dagbag.py:540} INFO - Filling up the DagBag from /home/athlon/projects/airflow/.venv/lib/python3.11/site-packages/airflow/example_dags/subdags/subdag.py
[2024-04-26T21:36:04.106-0300] {processor.py:842} WARNING - No viable dags retrieved from /home/athlon/projects/airflow/.venv/lib/python3.11/site-packages/airflow/example_dags/subdags/subdag.py
[2024-04-26T21:36:04.123-0300] {processor.py:183} INFO - Processing /home/athlon/projects/airflow/.venv/lib/python3.11/site-packages/airflow/example_dags/subdags/subdag.py took 0.039 seconds
[2024-04-26T21:37:03.703-0300] {processor.py:161} INFO - Started process (PID=19320) to work on /home/athlon/projects/airflow/.venv/lib/python3.11/site-packages/airflow/example_dags/subdags/subdag.py
[2024-04-26T21:37:03.704-0300] {processor.py:830} INFO - Processing file /home/athlon/projects/airflow/.venv/lib/python3.11/site-packages/airflow/example_dags/subdags/subdag.py for tasks to queue
[2024-04-26T21:37:03.707-0300] {logging_mixin.py:188} INFO - [2024-04-26T21:37:03.707-0300] {dagbag.py:540} INFO - Filling up the DagBag from /home/athlon/projects/airflow/.venv/lib/python3.11/site-packages/airflow/example_dags/subdags/subdag.py
[2024-04-26T21:37:03.710-0300] {processor.py:842} WARNING - No viable dags retrieved from /home/athlon/projects/airflow/.venv/lib/python3.11/site-packages/airflow/example_dags/subdags/subdag.py
[2024-04-26T21:37:03.727-0300] {processor.py:183} INFO - Processing /home/athlon/projects/airflow/.venv/lib/python3.11/site-packages/airflow/example_dags/subdags/subdag.py took 0.034 seconds
[2024-04-26T21:37:59.673-0300] {processor.py:161} INFO - Started process (PID=19384) to work on /home/athlon/projects/airflow/.venv/lib/python3.11/site-packages/airflow/example_dags/subdags/subdag.py
[2024-04-26T21:37:59.678-0300] {processor.py:830} INFO - Processing file /home/athlon/projects/airflow/.venv/lib/python3.11/site-packages/airflow/example_dags/subdags/subdag.py for tasks to queue
[2024-04-26T21:37:59.681-0300] {logging_mixin.py:188} INFO - [2024-04-26T21:37:59.680-0300] {dagbag.py:540} INFO - Filling up the DagBag from /home/athlon/projects/airflow/.venv/lib/python3.11/site-packages/airflow/example_dags/subdags/subdag.py
[2024-04-26T21:37:59.684-0300] {processor.py:842} WARNING - No viable dags retrieved from /home/athlon/projects/airflow/.venv/lib/python3.11/site-packages/airflow/example_dags/subdags/subdag.py
[2024-04-26T21:37:59.700-0300] {processor.py:183} INFO - Processing /home/athlon/projects/airflow/.venv/lib/python3.11/site-packages/airflow/example_dags/subdags/subdag.py took 0.038 seconds
[2024-04-26T21:38:58.973-0300] {processor.py:161} INFO - Started process (PID=19452) to work on /home/athlon/projects/airflow/.venv/lib/python3.11/site-packages/airflow/example_dags/subdags/subdag.py
[2024-04-26T21:38:58.979-0300] {processor.py:830} INFO - Processing file /home/athlon/projects/airflow/.venv/lib/python3.11/site-packages/airflow/example_dags/subdags/subdag.py for tasks to queue
[2024-04-26T21:38:58.983-0300] {logging_mixin.py:188} INFO - [2024-04-26T21:38:58.982-0300] {dagbag.py:540} INFO - Filling up the DagBag from /home/athlon/projects/airflow/.venv/lib/python3.11/site-packages/airflow/example_dags/subdags/subdag.py
[2024-04-26T21:38:58.986-0300] {processor.py:842} WARNING - No viable dags retrieved from /home/athlon/projects/airflow/.venv/lib/python3.11/site-packages/airflow/example_dags/subdags/subdag.py
[2024-04-26T21:38:59.003-0300] {processor.py:183} INFO - Processing /home/athlon/projects/airflow/.venv/lib/python3.11/site-packages/airflow/example_dags/subdags/subdag.py took 0.040 seconds
[2024-04-26T21:39:58.025-0300] {processor.py:161} INFO - Started process (PID=19557) to work on /home/athlon/projects/airflow/.venv/lib/python3.11/site-packages/airflow/example_dags/subdags/subdag.py
[2024-04-26T21:39:58.030-0300] {processor.py:830} INFO - Processing file /home/athlon/projects/airflow/.venv/lib/python3.11/site-packages/airflow/example_dags/subdags/subdag.py for tasks to queue
[2024-04-26T21:39:58.033-0300] {logging_mixin.py:188} INFO - [2024-04-26T21:39:58.032-0300] {dagbag.py:540} INFO - Filling up the DagBag from /home/athlon/projects/airflow/.venv/lib/python3.11/site-packages/airflow/example_dags/subdags/subdag.py
[2024-04-26T21:39:58.037-0300] {processor.py:842} WARNING - No viable dags retrieved from /home/athlon/projects/airflow/.venv/lib/python3.11/site-packages/airflow/example_dags/subdags/subdag.py
[2024-04-26T21:39:58.053-0300] {processor.py:183} INFO - Processing /home/athlon/projects/airflow/.venv/lib/python3.11/site-packages/airflow/example_dags/subdags/subdag.py took 0.039 seconds
[2024-04-26T21:40:56.156-0300] {processor.py:161} INFO - Started process (PID=19722) to work on /home/athlon/projects/airflow/.venv/lib/python3.11/site-packages/airflow/example_dags/subdags/subdag.py
[2024-04-26T21:40:56.162-0300] {processor.py:830} INFO - Processing file /home/athlon/projects/airflow/.venv/lib/python3.11/site-packages/airflow/example_dags/subdags/subdag.py for tasks to queue
[2024-04-26T21:40:56.165-0300] {logging_mixin.py:188} INFO - [2024-04-26T21:40:56.164-0300] {dagbag.py:540} INFO - Filling up the DagBag from /home/athlon/projects/airflow/.venv/lib/python3.11/site-packages/airflow/example_dags/subdags/subdag.py
[2024-04-26T21:40:56.168-0300] {processor.py:842} WARNING - No viable dags retrieved from /home/athlon/projects/airflow/.venv/lib/python3.11/site-packages/airflow/example_dags/subdags/subdag.py
[2024-04-26T21:40:56.182-0300] {processor.py:183} INFO - Processing /home/athlon/projects/airflow/.venv/lib/python3.11/site-packages/airflow/example_dags/subdags/subdag.py took 0.035 seconds
[2024-04-26T21:41:52.725-0300] {processor.py:161} INFO - Started process (PID=19784) to work on /home/athlon/projects/airflow/.venv/lib/python3.11/site-packages/airflow/example_dags/subdags/subdag.py
[2024-04-26T21:41:52.731-0300] {processor.py:830} INFO - Processing file /home/athlon/projects/airflow/.venv/lib/python3.11/site-packages/airflow/example_dags/subdags/subdag.py for tasks to queue
[2024-04-26T21:41:52.734-0300] {logging_mixin.py:188} INFO - [2024-04-26T21:41:52.733-0300] {dagbag.py:540} INFO - Filling up the DagBag from /home/athlon/projects/airflow/.venv/lib/python3.11/site-packages/airflow/example_dags/subdags/subdag.py
[2024-04-26T21:41:52.737-0300] {processor.py:842} WARNING - No viable dags retrieved from /home/athlon/projects/airflow/.venv/lib/python3.11/site-packages/airflow/example_dags/subdags/subdag.py
[2024-04-26T21:41:52.754-0300] {processor.py:183} INFO - Processing /home/athlon/projects/airflow/.venv/lib/python3.11/site-packages/airflow/example_dags/subdags/subdag.py took 0.040 seconds
[2024-04-26T21:42:51.673-0300] {processor.py:161} INFO - Started process (PID=19859) to work on /home/athlon/projects/airflow/.venv/lib/python3.11/site-packages/airflow/example_dags/subdags/subdag.py
[2024-04-26T21:42:51.679-0300] {processor.py:830} INFO - Processing file /home/athlon/projects/airflow/.venv/lib/python3.11/site-packages/airflow/example_dags/subdags/subdag.py for tasks to queue
[2024-04-26T21:42:51.682-0300] {logging_mixin.py:188} INFO - [2024-04-26T21:42:51.681-0300] {dagbag.py:540} INFO - Filling up the DagBag from /home/athlon/projects/airflow/.venv/lib/python3.11/site-packages/airflow/example_dags/subdags/subdag.py
[2024-04-26T21:42:51.685-0300] {processor.py:842} WARNING - No viable dags retrieved from /home/athlon/projects/airflow/.venv/lib/python3.11/site-packages/airflow/example_dags/subdags/subdag.py
[2024-04-26T21:42:51.702-0300] {processor.py:183} INFO - Processing /home/athlon/projects/airflow/.venv/lib/python3.11/site-packages/airflow/example_dags/subdags/subdag.py took 0.040 seconds
[2024-04-26T21:43:50.199-0300] {processor.py:161} INFO - Started process (PID=19923) to work on /home/athlon/projects/airflow/.venv/lib/python3.11/site-packages/airflow/example_dags/subdags/subdag.py
[2024-04-26T21:43:50.205-0300] {processor.py:830} INFO - Processing file /home/athlon/projects/airflow/.venv/lib/python3.11/site-packages/airflow/example_dags/subdags/subdag.py for tasks to queue
[2024-04-26T21:43:50.208-0300] {logging_mixin.py:188} INFO - [2024-04-26T21:43:50.207-0300] {dagbag.py:540} INFO - Filling up the DagBag from /home/athlon/projects/airflow/.venv/lib/python3.11/site-packages/airflow/example_dags/subdags/subdag.py
[2024-04-26T21:43:50.211-0300] {processor.py:842} WARNING - No viable dags retrieved from /home/athlon/projects/airflow/.venv/lib/python3.11/site-packages/airflow/example_dags/subdags/subdag.py
[2024-04-26T21:43:50.228-0300] {processor.py:183} INFO - Processing /home/athlon/projects/airflow/.venv/lib/python3.11/site-packages/airflow/example_dags/subdags/subdag.py took 0.039 seconds
[2024-04-26T21:44:42.817-0300] {processor.py:161} INFO - Started process (PID=19993) to work on /home/athlon/projects/airflow/.venv/lib/python3.11/site-packages/airflow/example_dags/subdags/subdag.py
[2024-04-26T21:44:42.823-0300] {processor.py:830} INFO - Processing file /home/athlon/projects/airflow/.venv/lib/python3.11/site-packages/airflow/example_dags/subdags/subdag.py for tasks to queue
[2024-04-26T21:44:42.825-0300] {logging_mixin.py:188} INFO - [2024-04-26T21:44:42.825-0300] {dagbag.py:540} INFO - Filling up the DagBag from /home/athlon/projects/airflow/.venv/lib/python3.11/site-packages/airflow/example_dags/subdags/subdag.py
[2024-04-26T21:44:42.828-0300] {processor.py:842} WARNING - No viable dags retrieved from /home/athlon/projects/airflow/.venv/lib/python3.11/site-packages/airflow/example_dags/subdags/subdag.py
[2024-04-26T21:44:42.844-0300] {processor.py:183} INFO - Processing /home/athlon/projects/airflow/.venv/lib/python3.11/site-packages/airflow/example_dags/subdags/subdag.py took 0.038 seconds
[2024-04-26T21:45:36.772-0300] {processor.py:161} INFO - Started process (PID=20052) to work on /home/athlon/projects/airflow/.venv/lib/python3.11/site-packages/airflow/example_dags/subdags/subdag.py
[2024-04-26T21:45:36.778-0300] {processor.py:830} INFO - Processing file /home/athlon/projects/airflow/.venv/lib/python3.11/site-packages/airflow/example_dags/subdags/subdag.py for tasks to queue
[2024-04-26T21:45:36.781-0300] {logging_mixin.py:188} INFO - [2024-04-26T21:45:36.780-0300] {dagbag.py:540} INFO - Filling up the DagBag from /home/athlon/projects/airflow/.venv/lib/python3.11/site-packages/airflow/example_dags/subdags/subdag.py
[2024-04-26T21:45:36.784-0300] {processor.py:842} WARNING - No viable dags retrieved from /home/athlon/projects/airflow/.venv/lib/python3.11/site-packages/airflow/example_dags/subdags/subdag.py
[2024-04-26T21:45:36.801-0300] {processor.py:183} INFO - Processing /home/athlon/projects/airflow/.venv/lib/python3.11/site-packages/airflow/example_dags/subdags/subdag.py took 0.040 seconds
[2024-04-26T21:46:35.994-0300] {processor.py:161} INFO - Started process (PID=20117) to work on /home/athlon/projects/airflow/.venv/lib/python3.11/site-packages/airflow/example_dags/subdags/subdag.py
[2024-04-26T21:46:36.001-0300] {processor.py:830} INFO - Processing file /home/athlon/projects/airflow/.venv/lib/python3.11/site-packages/airflow/example_dags/subdags/subdag.py for tasks to queue
[2024-04-26T21:46:36.004-0300] {logging_mixin.py:188} INFO - [2024-04-26T21:46:36.003-0300] {dagbag.py:540} INFO - Filling up the DagBag from /home/athlon/projects/airflow/.venv/lib/python3.11/site-packages/airflow/example_dags/subdags/subdag.py
[2024-04-26T21:46:36.007-0300] {processor.py:842} WARNING - No viable dags retrieved from /home/athlon/projects/airflow/.venv/lib/python3.11/site-packages/airflow/example_dags/subdags/subdag.py
[2024-04-26T21:46:36.024-0300] {processor.py:183} INFO - Processing /home/athlon/projects/airflow/.venv/lib/python3.11/site-packages/airflow/example_dags/subdags/subdag.py took 0.040 seconds
[2024-04-26T21:47:33.535-0300] {processor.py:161} INFO - Started process (PID=20184) to work on /home/athlon/projects/airflow/.venv/lib/python3.11/site-packages/airflow/example_dags/subdags/subdag.py
[2024-04-26T21:47:33.541-0300] {processor.py:830} INFO - Processing file /home/athlon/projects/airflow/.venv/lib/python3.11/site-packages/airflow/example_dags/subdags/subdag.py for tasks to queue
[2024-04-26T21:47:33.544-0300] {logging_mixin.py:188} INFO - [2024-04-26T21:47:33.543-0300] {dagbag.py:540} INFO - Filling up the DagBag from /home/athlon/projects/airflow/.venv/lib/python3.11/site-packages/airflow/example_dags/subdags/subdag.py
[2024-04-26T21:47:33.547-0300] {processor.py:842} WARNING - No viable dags retrieved from /home/athlon/projects/airflow/.venv/lib/python3.11/site-packages/airflow/example_dags/subdags/subdag.py
[2024-04-26T21:47:33.564-0300] {processor.py:183} INFO - Processing /home/athlon/projects/airflow/.venv/lib/python3.11/site-packages/airflow/example_dags/subdags/subdag.py took 0.041 seconds
[2024-04-26T21:48:30.773-0300] {processor.py:161} INFO - Started process (PID=20248) to work on /home/athlon/projects/airflow/.venv/lib/python3.11/site-packages/airflow/example_dags/subdags/subdag.py
[2024-04-26T21:48:30.778-0300] {processor.py:830} INFO - Processing file /home/athlon/projects/airflow/.venv/lib/python3.11/site-packages/airflow/example_dags/subdags/subdag.py for tasks to queue
[2024-04-26T21:48:30.781-0300] {logging_mixin.py:188} INFO - [2024-04-26T21:48:30.780-0300] {dagbag.py:540} INFO - Filling up the DagBag from /home/athlon/projects/airflow/.venv/lib/python3.11/site-packages/airflow/example_dags/subdags/subdag.py
[2024-04-26T21:48:30.784-0300] {processor.py:842} WARNING - No viable dags retrieved from /home/athlon/projects/airflow/.venv/lib/python3.11/site-packages/airflow/example_dags/subdags/subdag.py
[2024-04-26T21:48:30.802-0300] {processor.py:183} INFO - Processing /home/athlon/projects/airflow/.venv/lib/python3.11/site-packages/airflow/example_dags/subdags/subdag.py took 0.039 seconds
[2024-04-26T21:49:23.158-0300] {processor.py:161} INFO - Started process (PID=20313) to work on /home/athlon/projects/airflow/.venv/lib/python3.11/site-packages/airflow/example_dags/subdags/subdag.py
[2024-04-26T21:49:23.163-0300] {processor.py:830} INFO - Processing file /home/athlon/projects/airflow/.venv/lib/python3.11/site-packages/airflow/example_dags/subdags/subdag.py for tasks to queue
[2024-04-26T21:49:23.166-0300] {logging_mixin.py:188} INFO - [2024-04-26T21:49:23.166-0300] {dagbag.py:540} INFO - Filling up the DagBag from /home/athlon/projects/airflow/.venv/lib/python3.11/site-packages/airflow/example_dags/subdags/subdag.py
[2024-04-26T21:49:23.170-0300] {processor.py:842} WARNING - No viable dags retrieved from /home/athlon/projects/airflow/.venv/lib/python3.11/site-packages/airflow/example_dags/subdags/subdag.py
[2024-04-26T21:49:23.186-0300] {processor.py:183} INFO - Processing /home/athlon/projects/airflow/.venv/lib/python3.11/site-packages/airflow/example_dags/subdags/subdag.py took 0.039 seconds
[2024-04-26T21:50:20.325-0300] {processor.py:161} INFO - Started process (PID=20379) to work on /home/athlon/projects/airflow/.venv/lib/python3.11/site-packages/airflow/example_dags/subdags/subdag.py
[2024-04-26T21:50:20.331-0300] {processor.py:830} INFO - Processing file /home/athlon/projects/airflow/.venv/lib/python3.11/site-packages/airflow/example_dags/subdags/subdag.py for tasks to queue
[2024-04-26T21:50:20.333-0300] {logging_mixin.py:188} INFO - [2024-04-26T21:50:20.332-0300] {dagbag.py:540} INFO - Filling up the DagBag from /home/athlon/projects/airflow/.venv/lib/python3.11/site-packages/airflow/example_dags/subdags/subdag.py
[2024-04-26T21:50:20.336-0300] {processor.py:842} WARNING - No viable dags retrieved from /home/athlon/projects/airflow/.venv/lib/python3.11/site-packages/airflow/example_dags/subdags/subdag.py
[2024-04-26T21:50:20.352-0300] {processor.py:183} INFO - Processing /home/athlon/projects/airflow/.venv/lib/python3.11/site-packages/airflow/example_dags/subdags/subdag.py took 0.037 seconds
[2024-04-26T21:51:16.743-0300] {processor.py:161} INFO - Started process (PID=20454) to work on /home/athlon/projects/airflow/.venv/lib/python3.11/site-packages/airflow/example_dags/subdags/subdag.py
[2024-04-26T21:51:16.748-0300] {processor.py:830} INFO - Processing file /home/athlon/projects/airflow/.venv/lib/python3.11/site-packages/airflow/example_dags/subdags/subdag.py for tasks to queue
[2024-04-26T21:51:16.751-0300] {logging_mixin.py:188} INFO - [2024-04-26T21:51:16.750-0300] {dagbag.py:540} INFO - Filling up the DagBag from /home/athlon/projects/airflow/.venv/lib/python3.11/site-packages/airflow/example_dags/subdags/subdag.py
[2024-04-26T21:51:16.754-0300] {processor.py:842} WARNING - No viable dags retrieved from /home/athlon/projects/airflow/.venv/lib/python3.11/site-packages/airflow/example_dags/subdags/subdag.py
[2024-04-26T21:51:16.773-0300] {processor.py:183} INFO - Processing /home/athlon/projects/airflow/.venv/lib/python3.11/site-packages/airflow/example_dags/subdags/subdag.py took 0.040 seconds
[2024-04-26T21:52:11.690-0300] {processor.py:161} INFO - Started process (PID=20526) to work on /home/athlon/projects/airflow/.venv/lib/python3.11/site-packages/airflow/example_dags/subdags/subdag.py
[2024-04-26T21:52:11.696-0300] {processor.py:830} INFO - Processing file /home/athlon/projects/airflow/.venv/lib/python3.11/site-packages/airflow/example_dags/subdags/subdag.py for tasks to queue
[2024-04-26T21:52:11.698-0300] {logging_mixin.py:188} INFO - [2024-04-26T21:52:11.697-0300] {dagbag.py:540} INFO - Filling up the DagBag from /home/athlon/projects/airflow/.venv/lib/python3.11/site-packages/airflow/example_dags/subdags/subdag.py
[2024-04-26T21:52:11.701-0300] {processor.py:842} WARNING - No viable dags retrieved from /home/athlon/projects/airflow/.venv/lib/python3.11/site-packages/airflow/example_dags/subdags/subdag.py
[2024-04-26T21:52:11.715-0300] {processor.py:183} INFO - Processing /home/athlon/projects/airflow/.venv/lib/python3.11/site-packages/airflow/example_dags/subdags/subdag.py took 0.033 seconds
[2024-04-26T21:53:09.335-0300] {processor.py:161} INFO - Started process (PID=20691) to work on /home/athlon/projects/airflow/.venv/lib/python3.11/site-packages/airflow/example_dags/subdags/subdag.py
[2024-04-26T21:53:09.341-0300] {processor.py:830} INFO - Processing file /home/athlon/projects/airflow/.venv/lib/python3.11/site-packages/airflow/example_dags/subdags/subdag.py for tasks to queue
[2024-04-26T21:53:09.344-0300] {logging_mixin.py:188} INFO - [2024-04-26T21:53:09.344-0300] {dagbag.py:540} INFO - Filling up the DagBag from /home/athlon/projects/airflow/.venv/lib/python3.11/site-packages/airflow/example_dags/subdags/subdag.py
[2024-04-26T21:53:09.348-0300] {processor.py:842} WARNING - No viable dags retrieved from /home/athlon/projects/airflow/.venv/lib/python3.11/site-packages/airflow/example_dags/subdags/subdag.py
[2024-04-26T21:53:09.364-0300] {processor.py:183} INFO - Processing /home/athlon/projects/airflow/.venv/lib/python3.11/site-packages/airflow/example_dags/subdags/subdag.py took 0.041 seconds
[2024-04-26T21:54:06.505-0300] {processor.py:161} INFO - Started process (PID=20790) to work on /home/athlon/projects/airflow/.venv/lib/python3.11/site-packages/airflow/example_dags/subdags/subdag.py
[2024-04-26T21:54:06.511-0300] {processor.py:830} INFO - Processing file /home/athlon/projects/airflow/.venv/lib/python3.11/site-packages/airflow/example_dags/subdags/subdag.py for tasks to queue
[2024-04-26T21:54:06.514-0300] {logging_mixin.py:188} INFO - [2024-04-26T21:54:06.514-0300] {dagbag.py:540} INFO - Filling up the DagBag from /home/athlon/projects/airflow/.venv/lib/python3.11/site-packages/airflow/example_dags/subdags/subdag.py
[2024-04-26T21:54:06.518-0300] {processor.py:842} WARNING - No viable dags retrieved from /home/athlon/projects/airflow/.venv/lib/python3.11/site-packages/airflow/example_dags/subdags/subdag.py
[2024-04-26T21:54:06.534-0300] {processor.py:183} INFO - Processing /home/athlon/projects/airflow/.venv/lib/python3.11/site-packages/airflow/example_dags/subdags/subdag.py took 0.040 seconds
[2024-04-26T21:55:22.047-0300] {processor.py:161} INFO - Started process (PID=21528) to work on /home/athlon/projects/airflow/.venv/lib/python3.11/site-packages/airflow/example_dags/subdags/subdag.py
[2024-04-26T21:55:22.053-0300] {processor.py:830} INFO - Processing file /home/athlon/projects/airflow/.venv/lib/python3.11/site-packages/airflow/example_dags/subdags/subdag.py for tasks to queue
[2024-04-26T21:55:22.056-0300] {logging_mixin.py:188} INFO - [2024-04-26T21:55:22.055-0300] {dagbag.py:540} INFO - Filling up the DagBag from /home/athlon/projects/airflow/.venv/lib/python3.11/site-packages/airflow/example_dags/subdags/subdag.py
[2024-04-26T21:55:22.060-0300] {processor.py:842} WARNING - No viable dags retrieved from /home/athlon/projects/airflow/.venv/lib/python3.11/site-packages/airflow/example_dags/subdags/subdag.py
[2024-04-26T21:55:22.077-0300] {processor.py:183} INFO - Processing /home/athlon/projects/airflow/.venv/lib/python3.11/site-packages/airflow/example_dags/subdags/subdag.py took 0.042 seconds
[2024-04-26T21:56:03.617-0300] {processor.py:161} INFO - Started process (PID=21578) to work on /home/athlon/projects/airflow/.venv/lib/python3.11/site-packages/airflow/example_dags/subdags/subdag.py
[2024-04-26T21:56:03.622-0300] {processor.py:830} INFO - Processing file /home/athlon/projects/airflow/.venv/lib/python3.11/site-packages/airflow/example_dags/subdags/subdag.py for tasks to queue
[2024-04-26T21:56:03.625-0300] {logging_mixin.py:188} INFO - [2024-04-26T21:56:03.624-0300] {dagbag.py:540} INFO - Filling up the DagBag from /home/athlon/projects/airflow/.venv/lib/python3.11/site-packages/airflow/example_dags/subdags/subdag.py
[2024-04-26T21:56:03.628-0300] {processor.py:842} WARNING - No viable dags retrieved from /home/athlon/projects/airflow/.venv/lib/python3.11/site-packages/airflow/example_dags/subdags/subdag.py
[2024-04-26T21:56:03.642-0300] {processor.py:183} INFO - Processing /home/athlon/projects/airflow/.venv/lib/python3.11/site-packages/airflow/example_dags/subdags/subdag.py took 0.034 seconds
[2024-04-26T21:57:04.645-0300] {processor.py:161} INFO - Started process (PID=21812) to work on /home/athlon/projects/airflow/.venv/lib/python3.11/site-packages/airflow/example_dags/subdags/subdag.py
[2024-04-26T21:57:04.651-0300] {processor.py:830} INFO - Processing file /home/athlon/projects/airflow/.venv/lib/python3.11/site-packages/airflow/example_dags/subdags/subdag.py for tasks to queue
[2024-04-26T21:57:04.654-0300] {logging_mixin.py:188} INFO - [2024-04-26T21:57:04.653-0300] {dagbag.py:540} INFO - Filling up the DagBag from /home/athlon/projects/airflow/.venv/lib/python3.11/site-packages/airflow/example_dags/subdags/subdag.py
[2024-04-26T21:57:04.657-0300] {processor.py:842} WARNING - No viable dags retrieved from /home/athlon/projects/airflow/.venv/lib/python3.11/site-packages/airflow/example_dags/subdags/subdag.py
[2024-04-26T21:57:04.677-0300] {processor.py:183} INFO - Processing /home/athlon/projects/airflow/.venv/lib/python3.11/site-packages/airflow/example_dags/subdags/subdag.py took 0.042 seconds
[2024-04-26T21:58:05.253-0300] {processor.py:161} INFO - Started process (PID=21961) to work on /home/athlon/projects/airflow/.venv/lib/python3.11/site-packages/airflow/example_dags/subdags/subdag.py
[2024-04-26T21:58:05.258-0300] {processor.py:830} INFO - Processing file /home/athlon/projects/airflow/.venv/lib/python3.11/site-packages/airflow/example_dags/subdags/subdag.py for tasks to queue
[2024-04-26T21:58:05.261-0300] {logging_mixin.py:188} INFO - [2024-04-26T21:58:05.261-0300] {dagbag.py:540} INFO - Filling up the DagBag from /home/athlon/projects/airflow/.venv/lib/python3.11/site-packages/airflow/example_dags/subdags/subdag.py
[2024-04-26T21:58:05.265-0300] {processor.py:842} WARNING - No viable dags retrieved from /home/athlon/projects/airflow/.venv/lib/python3.11/site-packages/airflow/example_dags/subdags/subdag.py
[2024-04-26T21:58:05.282-0300] {processor.py:183} INFO - Processing /home/athlon/projects/airflow/.venv/lib/python3.11/site-packages/airflow/example_dags/subdags/subdag.py took 0.041 seconds
[2024-04-26T21:59:02.622-0300] {processor.py:161} INFO - Started process (PID=22109) to work on /home/athlon/projects/airflow/.venv/lib/python3.11/site-packages/airflow/example_dags/subdags/subdag.py
[2024-04-26T21:59:02.628-0300] {processor.py:830} INFO - Processing file /home/athlon/projects/airflow/.venv/lib/python3.11/site-packages/airflow/example_dags/subdags/subdag.py for tasks to queue
[2024-04-26T21:59:02.632-0300] {logging_mixin.py:188} INFO - [2024-04-26T21:59:02.631-0300] {dagbag.py:540} INFO - Filling up the DagBag from /home/athlon/projects/airflow/.venv/lib/python3.11/site-packages/airflow/example_dags/subdags/subdag.py
[2024-04-26T21:59:02.640-0300] {processor.py:842} WARNING - No viable dags retrieved from /home/athlon/projects/airflow/.venv/lib/python3.11/site-packages/airflow/example_dags/subdags/subdag.py
[2024-04-26T21:59:02.663-0300] {processor.py:183} INFO - Processing /home/athlon/projects/airflow/.venv/lib/python3.11/site-packages/airflow/example_dags/subdags/subdag.py took 0.052 seconds
[2024-04-26T21:59:59.623-0300] {processor.py:161} INFO - Started process (PID=22257) to work on /home/athlon/projects/airflow/.venv/lib/python3.11/site-packages/airflow/example_dags/subdags/subdag.py
[2024-04-26T21:59:59.629-0300] {processor.py:830} INFO - Processing file /home/athlon/projects/airflow/.venv/lib/python3.11/site-packages/airflow/example_dags/subdags/subdag.py for tasks to queue
[2024-04-26T21:59:59.633-0300] {logging_mixin.py:188} INFO - [2024-04-26T21:59:59.632-0300] {dagbag.py:540} INFO - Filling up the DagBag from /home/athlon/projects/airflow/.venv/lib/python3.11/site-packages/airflow/example_dags/subdags/subdag.py
[2024-04-26T21:59:59.637-0300] {processor.py:842} WARNING - No viable dags retrieved from /home/athlon/projects/airflow/.venv/lib/python3.11/site-packages/airflow/example_dags/subdags/subdag.py
[2024-04-26T21:59:59.655-0300] {processor.py:183} INFO - Processing /home/athlon/projects/airflow/.venv/lib/python3.11/site-packages/airflow/example_dags/subdags/subdag.py took 0.043 seconds
[2024-04-26T22:01:02.807-0300] {processor.py:161} INFO - Started process (PID=22333) to work on /home/athlon/projects/airflow/.venv/lib/python3.11/site-packages/airflow/example_dags/subdags/subdag.py
[2024-04-26T22:01:02.812-0300] {processor.py:830} INFO - Processing file /home/athlon/projects/airflow/.venv/lib/python3.11/site-packages/airflow/example_dags/subdags/subdag.py for tasks to queue
[2024-04-26T22:01:02.815-0300] {logging_mixin.py:188} INFO - [2024-04-26T22:01:02.815-0300] {dagbag.py:540} INFO - Filling up the DagBag from /home/athlon/projects/airflow/.venv/lib/python3.11/site-packages/airflow/example_dags/subdags/subdag.py
[2024-04-26T22:01:02.819-0300] {processor.py:842} WARNING - No viable dags retrieved from /home/athlon/projects/airflow/.venv/lib/python3.11/site-packages/airflow/example_dags/subdags/subdag.py
[2024-04-26T22:01:02.836-0300] {processor.py:183} INFO - Processing /home/athlon/projects/airflow/.venv/lib/python3.11/site-packages/airflow/example_dags/subdags/subdag.py took 0.040 seconds
[2024-04-26T22:02:01.966-0300] {processor.py:161} INFO - Started process (PID=22400) to work on /home/athlon/projects/airflow/.venv/lib/python3.11/site-packages/airflow/example_dags/subdags/subdag.py
[2024-04-26T22:02:01.972-0300] {processor.py:830} INFO - Processing file /home/athlon/projects/airflow/.venv/lib/python3.11/site-packages/airflow/example_dags/subdags/subdag.py for tasks to queue
[2024-04-26T22:02:01.975-0300] {logging_mixin.py:188} INFO - [2024-04-26T22:02:01.974-0300] {dagbag.py:540} INFO - Filling up the DagBag from /home/athlon/projects/airflow/.venv/lib/python3.11/site-packages/airflow/example_dags/subdags/subdag.py
[2024-04-26T22:02:01.978-0300] {processor.py:842} WARNING - No viable dags retrieved from /home/athlon/projects/airflow/.venv/lib/python3.11/site-packages/airflow/example_dags/subdags/subdag.py
[2024-04-26T22:02:01.994-0300] {processor.py:183} INFO - Processing /home/athlon/projects/airflow/.venv/lib/python3.11/site-packages/airflow/example_dags/subdags/subdag.py took 0.038 seconds
[2024-04-26T22:03:09.397-0300] {processor.py:161} INFO - Started process (PID=22474) to work on /home/athlon/projects/airflow/.venv/lib/python3.11/site-packages/airflow/example_dags/subdags/subdag.py
[2024-04-26T22:03:09.402-0300] {processor.py:830} INFO - Processing file /home/athlon/projects/airflow/.venv/lib/python3.11/site-packages/airflow/example_dags/subdags/subdag.py for tasks to queue
[2024-04-26T22:03:09.406-0300] {logging_mixin.py:188} INFO - [2024-04-26T22:03:09.405-0300] {dagbag.py:540} INFO - Filling up the DagBag from /home/athlon/projects/airflow/.venv/lib/python3.11/site-packages/airflow/example_dags/subdags/subdag.py
[2024-04-26T22:03:09.409-0300] {processor.py:842} WARNING - No viable dags retrieved from /home/athlon/projects/airflow/.venv/lib/python3.11/site-packages/airflow/example_dags/subdags/subdag.py
[2024-04-26T22:03:09.424-0300] {processor.py:183} INFO - Processing /home/athlon/projects/airflow/.venv/lib/python3.11/site-packages/airflow/example_dags/subdags/subdag.py took 0.039 seconds
[2024-04-26T22:04:06.275-0300] {processor.py:161} INFO - Started process (PID=22564) to work on /home/athlon/projects/airflow/.venv/lib/python3.11/site-packages/airflow/example_dags/subdags/subdag.py
[2024-04-26T22:04:06.277-0300] {processor.py:830} INFO - Processing file /home/athlon/projects/airflow/.venv/lib/python3.11/site-packages/airflow/example_dags/subdags/subdag.py for tasks to queue
[2024-04-26T22:04:06.280-0300] {logging_mixin.py:188} INFO - [2024-04-26T22:04:06.279-0300] {dagbag.py:540} INFO - Filling up the DagBag from /home/athlon/projects/airflow/.venv/lib/python3.11/site-packages/airflow/example_dags/subdags/subdag.py
[2024-04-26T22:04:06.283-0300] {processor.py:842} WARNING - No viable dags retrieved from /home/athlon/projects/airflow/.venv/lib/python3.11/site-packages/airflow/example_dags/subdags/subdag.py
[2024-04-26T22:04:06.301-0300] {processor.py:183} INFO - Processing /home/athlon/projects/airflow/.venv/lib/python3.11/site-packages/airflow/example_dags/subdags/subdag.py took 0.035 seconds
[2024-04-26T22:05:03.105-0300] {processor.py:161} INFO - Started process (PID=22689) to work on /home/athlon/projects/airflow/.venv/lib/python3.11/site-packages/airflow/example_dags/subdags/subdag.py
[2024-04-26T22:05:03.111-0300] {processor.py:830} INFO - Processing file /home/athlon/projects/airflow/.venv/lib/python3.11/site-packages/airflow/example_dags/subdags/subdag.py for tasks to queue
[2024-04-26T22:05:03.114-0300] {logging_mixin.py:188} INFO - [2024-04-26T22:05:03.113-0300] {dagbag.py:540} INFO - Filling up the DagBag from /home/athlon/projects/airflow/.venv/lib/python3.11/site-packages/airflow/example_dags/subdags/subdag.py
[2024-04-26T22:05:03.117-0300] {processor.py:842} WARNING - No viable dags retrieved from /home/athlon/projects/airflow/.venv/lib/python3.11/site-packages/airflow/example_dags/subdags/subdag.py
[2024-04-26T22:05:03.134-0300] {processor.py:183} INFO - Processing /home/athlon/projects/airflow/.venv/lib/python3.11/site-packages/airflow/example_dags/subdags/subdag.py took 0.041 seconds
[2024-04-26T22:06:00.900-0300] {processor.py:161} INFO - Started process (PID=22764) to work on /home/athlon/projects/airflow/.venv/lib/python3.11/site-packages/airflow/example_dags/subdags/subdag.py
[2024-04-26T22:06:00.906-0300] {processor.py:830} INFO - Processing file /home/athlon/projects/airflow/.venv/lib/python3.11/site-packages/airflow/example_dags/subdags/subdag.py for tasks to queue
[2024-04-26T22:06:00.909-0300] {logging_mixin.py:188} INFO - [2024-04-26T22:06:00.908-0300] {dagbag.py:540} INFO - Filling up the DagBag from /home/athlon/projects/airflow/.venv/lib/python3.11/site-packages/airflow/example_dags/subdags/subdag.py
[2024-04-26T22:06:00.913-0300] {processor.py:842} WARNING - No viable dags retrieved from /home/athlon/projects/airflow/.venv/lib/python3.11/site-packages/airflow/example_dags/subdags/subdag.py
[2024-04-26T22:06:00.930-0300] {processor.py:183} INFO - Processing /home/athlon/projects/airflow/.venv/lib/python3.11/site-packages/airflow/example_dags/subdags/subdag.py took 0.041 seconds
[2024-04-26T22:07:02.637-0300] {processor.py:161} INFO - Started process (PID=22832) to work on /home/athlon/projects/airflow/.venv/lib/python3.11/site-packages/airflow/example_dags/subdags/subdag.py
[2024-04-26T22:07:02.643-0300] {processor.py:830} INFO - Processing file /home/athlon/projects/airflow/.venv/lib/python3.11/site-packages/airflow/example_dags/subdags/subdag.py for tasks to queue
[2024-04-26T22:07:02.646-0300] {logging_mixin.py:188} INFO - [2024-04-26T22:07:02.646-0300] {dagbag.py:540} INFO - Filling up the DagBag from /home/athlon/projects/airflow/.venv/lib/python3.11/site-packages/airflow/example_dags/subdags/subdag.py
[2024-04-26T22:07:02.650-0300] {processor.py:842} WARNING - No viable dags retrieved from /home/athlon/projects/airflow/.venv/lib/python3.11/site-packages/airflow/example_dags/subdags/subdag.py
[2024-04-26T22:07:02.667-0300] {processor.py:183} INFO - Processing /home/athlon/projects/airflow/.venv/lib/python3.11/site-packages/airflow/example_dags/subdags/subdag.py took 0.041 seconds
[2024-04-26T22:08:06.373-0300] {processor.py:161} INFO - Started process (PID=22899) to work on /home/athlon/projects/airflow/.venv/lib/python3.11/site-packages/airflow/example_dags/subdags/subdag.py
[2024-04-26T22:08:06.379-0300] {processor.py:830} INFO - Processing file /home/athlon/projects/airflow/.venv/lib/python3.11/site-packages/airflow/example_dags/subdags/subdag.py for tasks to queue
[2024-04-26T22:08:06.383-0300] {logging_mixin.py:188} INFO - [2024-04-26T22:08:06.382-0300] {dagbag.py:540} INFO - Filling up the DagBag from /home/athlon/projects/airflow/.venv/lib/python3.11/site-packages/airflow/example_dags/subdags/subdag.py
[2024-04-26T22:08:06.386-0300] {processor.py:842} WARNING - No viable dags retrieved from /home/athlon/projects/airflow/.venv/lib/python3.11/site-packages/airflow/example_dags/subdags/subdag.py
[2024-04-26T22:08:06.403-0300] {processor.py:183} INFO - Processing /home/athlon/projects/airflow/.venv/lib/python3.11/site-packages/airflow/example_dags/subdags/subdag.py took 0.042 seconds
[2024-04-26T22:09:03.705-0300] {processor.py:161} INFO - Started process (PID=22996) to work on /home/athlon/projects/airflow/.venv/lib/python3.11/site-packages/airflow/example_dags/subdags/subdag.py
[2024-04-26T22:09:03.711-0300] {processor.py:830} INFO - Processing file /home/athlon/projects/airflow/.venv/lib/python3.11/site-packages/airflow/example_dags/subdags/subdag.py for tasks to queue
[2024-04-26T22:09:03.714-0300] {logging_mixin.py:188} INFO - [2024-04-26T22:09:03.713-0300] {dagbag.py:540} INFO - Filling up the DagBag from /home/athlon/projects/airflow/.venv/lib/python3.11/site-packages/airflow/example_dags/subdags/subdag.py
[2024-04-26T22:09:03.718-0300] {processor.py:842} WARNING - No viable dags retrieved from /home/athlon/projects/airflow/.venv/lib/python3.11/site-packages/airflow/example_dags/subdags/subdag.py
[2024-04-26T22:09:03.735-0300] {processor.py:183} INFO - Processing /home/athlon/projects/airflow/.venv/lib/python3.11/site-packages/airflow/example_dags/subdags/subdag.py took 0.041 seconds
[2024-04-26T22:10:06.943-0300] {processor.py:161} INFO - Started process (PID=23066) to work on /home/athlon/projects/airflow/.venv/lib/python3.11/site-packages/airflow/example_dags/subdags/subdag.py
[2024-04-26T22:10:06.949-0300] {processor.py:830} INFO - Processing file /home/athlon/projects/airflow/.venv/lib/python3.11/site-packages/airflow/example_dags/subdags/subdag.py for tasks to queue
[2024-04-26T22:10:06.952-0300] {logging_mixin.py:188} INFO - [2024-04-26T22:10:06.951-0300] {dagbag.py:540} INFO - Filling up the DagBag from /home/athlon/projects/airflow/.venv/lib/python3.11/site-packages/airflow/example_dags/subdags/subdag.py
[2024-04-26T22:10:06.955-0300] {processor.py:842} WARNING - No viable dags retrieved from /home/athlon/projects/airflow/.venv/lib/python3.11/site-packages/airflow/example_dags/subdags/subdag.py
[2024-04-26T22:10:06.973-0300] {processor.py:183} INFO - Processing /home/athlon/projects/airflow/.venv/lib/python3.11/site-packages/airflow/example_dags/subdags/subdag.py took 0.041 seconds
[2024-04-26T22:11:06.633-0300] {processor.py:161} INFO - Started process (PID=23135) to work on /home/athlon/projects/airflow/.venv/lib/python3.11/site-packages/airflow/example_dags/subdags/subdag.py
[2024-04-26T22:11:06.639-0300] {processor.py:830} INFO - Processing file /home/athlon/projects/airflow/.venv/lib/python3.11/site-packages/airflow/example_dags/subdags/subdag.py for tasks to queue
[2024-04-26T22:11:06.642-0300] {logging_mixin.py:188} INFO - [2024-04-26T22:11:06.641-0300] {dagbag.py:540} INFO - Filling up the DagBag from /home/athlon/projects/airflow/.venv/lib/python3.11/site-packages/airflow/example_dags/subdags/subdag.py
[2024-04-26T22:11:06.645-0300] {processor.py:842} WARNING - No viable dags retrieved from /home/athlon/projects/airflow/.venv/lib/python3.11/site-packages/airflow/example_dags/subdags/subdag.py
[2024-04-26T22:11:06.663-0300] {processor.py:183} INFO - Processing /home/athlon/projects/airflow/.venv/lib/python3.11/site-packages/airflow/example_dags/subdags/subdag.py took 0.041 seconds
[2024-04-26T22:12:10.602-0300] {processor.py:161} INFO - Started process (PID=23204) to work on /home/athlon/projects/airflow/.venv/lib/python3.11/site-packages/airflow/example_dags/subdags/subdag.py
[2024-04-26T22:12:10.608-0300] {processor.py:830} INFO - Processing file /home/athlon/projects/airflow/.venv/lib/python3.11/site-packages/airflow/example_dags/subdags/subdag.py for tasks to queue
[2024-04-26T22:12:10.611-0300] {logging_mixin.py:188} INFO - [2024-04-26T22:12:10.611-0300] {dagbag.py:540} INFO - Filling up the DagBag from /home/athlon/projects/airflow/.venv/lib/python3.11/site-packages/airflow/example_dags/subdags/subdag.py
[2024-04-26T22:12:10.615-0300] {processor.py:842} WARNING - No viable dags retrieved from /home/athlon/projects/airflow/.venv/lib/python3.11/site-packages/airflow/example_dags/subdags/subdag.py
[2024-04-26T22:12:10.631-0300] {processor.py:183} INFO - Processing /home/athlon/projects/airflow/.venv/lib/python3.11/site-packages/airflow/example_dags/subdags/subdag.py took 0.040 seconds
[2024-04-26T22:13:10.652-0300] {processor.py:161} INFO - Started process (PID=23291) to work on /home/athlon/projects/airflow/.venv/lib/python3.11/site-packages/airflow/example_dags/subdags/subdag.py
[2024-04-26T22:13:10.654-0300] {processor.py:830} INFO - Processing file /home/athlon/projects/airflow/.venv/lib/python3.11/site-packages/airflow/example_dags/subdags/subdag.py for tasks to queue
[2024-04-26T22:13:10.657-0300] {logging_mixin.py:188} INFO - [2024-04-26T22:13:10.656-0300] {dagbag.py:540} INFO - Filling up the DagBag from /home/athlon/projects/airflow/.venv/lib/python3.11/site-packages/airflow/example_dags/subdags/subdag.py
[2024-04-26T22:13:10.660-0300] {processor.py:842} WARNING - No viable dags retrieved from /home/athlon/projects/airflow/.venv/lib/python3.11/site-packages/airflow/example_dags/subdags/subdag.py
[2024-04-26T22:13:10.678-0300] {processor.py:183} INFO - Processing /home/athlon/projects/airflow/.venv/lib/python3.11/site-packages/airflow/example_dags/subdags/subdag.py took 0.037 seconds
[2024-04-26T22:14:08.100-0300] {processor.py:161} INFO - Started process (PID=23370) to work on /home/athlon/projects/airflow/.venv/lib/python3.11/site-packages/airflow/example_dags/subdags/subdag.py
[2024-04-26T22:14:08.106-0300] {processor.py:830} INFO - Processing file /home/athlon/projects/airflow/.venv/lib/python3.11/site-packages/airflow/example_dags/subdags/subdag.py for tasks to queue
[2024-04-26T22:14:08.109-0300] {logging_mixin.py:188} INFO - [2024-04-26T22:14:08.108-0300] {dagbag.py:540} INFO - Filling up the DagBag from /home/athlon/projects/airflow/.venv/lib/python3.11/site-packages/airflow/example_dags/subdags/subdag.py
[2024-04-26T22:14:08.114-0300] {processor.py:842} WARNING - No viable dags retrieved from /home/athlon/projects/airflow/.venv/lib/python3.11/site-packages/airflow/example_dags/subdags/subdag.py
[2024-04-26T22:14:08.134-0300] {processor.py:183} INFO - Processing /home/athlon/projects/airflow/.venv/lib/python3.11/site-packages/airflow/example_dags/subdags/subdag.py took 0.048 seconds
[2024-04-26T22:15:11.751-0300] {processor.py:161} INFO - Started process (PID=23504) to work on /home/athlon/projects/airflow/.venv/lib/python3.11/site-packages/airflow/example_dags/subdags/subdag.py
[2024-04-26T22:15:11.757-0300] {processor.py:830} INFO - Processing file /home/athlon/projects/airflow/.venv/lib/python3.11/site-packages/airflow/example_dags/subdags/subdag.py for tasks to queue
[2024-04-26T22:15:11.760-0300] {logging_mixin.py:188} INFO - [2024-04-26T22:15:11.759-0300] {dagbag.py:540} INFO - Filling up the DagBag from /home/athlon/projects/airflow/.venv/lib/python3.11/site-packages/airflow/example_dags/subdags/subdag.py
[2024-04-26T22:15:11.763-0300] {processor.py:842} WARNING - No viable dags retrieved from /home/athlon/projects/airflow/.venv/lib/python3.11/site-packages/airflow/example_dags/subdags/subdag.py
[2024-04-26T22:15:11.781-0300] {processor.py:183} INFO - Processing /home/athlon/projects/airflow/.venv/lib/python3.11/site-packages/airflow/example_dags/subdags/subdag.py took 0.042 seconds
[2024-04-26T22:16:18.525-0300] {processor.py:161} INFO - Started process (PID=23646) to work on /home/athlon/projects/airflow/.venv/lib/python3.11/site-packages/airflow/example_dags/subdags/subdag.py
[2024-04-26T22:16:18.532-0300] {processor.py:830} INFO - Processing file /home/athlon/projects/airflow/.venv/lib/python3.11/site-packages/airflow/example_dags/subdags/subdag.py for tasks to queue
[2024-04-26T22:16:18.535-0300] {logging_mixin.py:188} INFO - [2024-04-26T22:16:18.534-0300] {dagbag.py:540} INFO - Filling up the DagBag from /home/athlon/projects/airflow/.venv/lib/python3.11/site-packages/airflow/example_dags/subdags/subdag.py
[2024-04-26T22:16:18.539-0300] {processor.py:842} WARNING - No viable dags retrieved from /home/athlon/projects/airflow/.venv/lib/python3.11/site-packages/airflow/example_dags/subdags/subdag.py
[2024-04-26T22:16:18.556-0300] {processor.py:183} INFO - Processing /home/athlon/projects/airflow/.venv/lib/python3.11/site-packages/airflow/example_dags/subdags/subdag.py took 0.040 seconds
[2024-04-26T22:17:17.587-0300] {processor.py:161} INFO - Started process (PID=23715) to work on /home/athlon/projects/airflow/.venv/lib/python3.11/site-packages/airflow/example_dags/subdags/subdag.py
[2024-04-26T22:17:17.588-0300] {processor.py:830} INFO - Processing file /home/athlon/projects/airflow/.venv/lib/python3.11/site-packages/airflow/example_dags/subdags/subdag.py for tasks to queue
[2024-04-26T22:17:17.592-0300] {logging_mixin.py:188} INFO - [2024-04-26T22:17:17.591-0300] {dagbag.py:540} INFO - Filling up the DagBag from /home/athlon/projects/airflow/.venv/lib/python3.11/site-packages/airflow/example_dags/subdags/subdag.py
[2024-04-26T22:17:17.596-0300] {processor.py:842} WARNING - No viable dags retrieved from /home/athlon/projects/airflow/.venv/lib/python3.11/site-packages/airflow/example_dags/subdags/subdag.py
[2024-04-26T22:17:17.613-0300] {processor.py:183} INFO - Processing /home/athlon/projects/airflow/.venv/lib/python3.11/site-packages/airflow/example_dags/subdags/subdag.py took 0.038 seconds
[2024-04-26T22:18:17.070-0300] {processor.py:161} INFO - Started process (PID=23770) to work on /home/athlon/projects/airflow/.venv/lib/python3.11/site-packages/airflow/example_dags/subdags/subdag.py
[2024-04-26T22:18:17.076-0300] {processor.py:830} INFO - Processing file /home/athlon/projects/airflow/.venv/lib/python3.11/site-packages/airflow/example_dags/subdags/subdag.py for tasks to queue
[2024-04-26T22:18:17.079-0300] {logging_mixin.py:188} INFO - [2024-04-26T22:18:17.078-0300] {dagbag.py:540} INFO - Filling up the DagBag from /home/athlon/projects/airflow/.venv/lib/python3.11/site-packages/airflow/example_dags/subdags/subdag.py
[2024-04-26T22:18:17.083-0300] {processor.py:842} WARNING - No viable dags retrieved from /home/athlon/projects/airflow/.venv/lib/python3.11/site-packages/airflow/example_dags/subdags/subdag.py
[2024-04-26T22:18:17.098-0300] {processor.py:183} INFO - Processing /home/athlon/projects/airflow/.venv/lib/python3.11/site-packages/airflow/example_dags/subdags/subdag.py took 0.040 seconds
[2024-04-26T22:19:15.931-0300] {processor.py:161} INFO - Started process (PID=23836) to work on /home/athlon/projects/airflow/.venv/lib/python3.11/site-packages/airflow/example_dags/subdags/subdag.py
[2024-04-26T22:19:15.936-0300] {processor.py:830} INFO - Processing file /home/athlon/projects/airflow/.venv/lib/python3.11/site-packages/airflow/example_dags/subdags/subdag.py for tasks to queue
[2024-04-26T22:19:15.940-0300] {logging_mixin.py:188} INFO - [2024-04-26T22:19:15.939-0300] {dagbag.py:540} INFO - Filling up the DagBag from /home/athlon/projects/airflow/.venv/lib/python3.11/site-packages/airflow/example_dags/subdags/subdag.py
[2024-04-26T22:19:15.943-0300] {processor.py:842} WARNING - No viable dags retrieved from /home/athlon/projects/airflow/.venv/lib/python3.11/site-packages/airflow/example_dags/subdags/subdag.py
[2024-04-26T22:19:15.961-0300] {processor.py:183} INFO - Processing /home/athlon/projects/airflow/.venv/lib/python3.11/site-packages/airflow/example_dags/subdags/subdag.py took 0.041 seconds
[2024-04-26T22:20:14.639-0300] {processor.py:161} INFO - Started process (PID=23896) to work on /home/athlon/projects/airflow/.venv/lib/python3.11/site-packages/airflow/example_dags/subdags/subdag.py
[2024-04-26T22:20:14.641-0300] {processor.py:830} INFO - Processing file /home/athlon/projects/airflow/.venv/lib/python3.11/site-packages/airflow/example_dags/subdags/subdag.py for tasks to queue
[2024-04-26T22:20:14.644-0300] {logging_mixin.py:188} INFO - [2024-04-26T22:20:14.643-0300] {dagbag.py:540} INFO - Filling up the DagBag from /home/athlon/projects/airflow/.venv/lib/python3.11/site-packages/airflow/example_dags/subdags/subdag.py
[2024-04-26T22:20:14.648-0300] {processor.py:842} WARNING - No viable dags retrieved from /home/athlon/projects/airflow/.venv/lib/python3.11/site-packages/airflow/example_dags/subdags/subdag.py
[2024-04-26T22:20:14.664-0300] {processor.py:183} INFO - Processing /home/athlon/projects/airflow/.venv/lib/python3.11/site-packages/airflow/example_dags/subdags/subdag.py took 0.037 seconds
[2024-04-26T22:21:34.237-0300] {processor.py:161} INFO - Started process (PID=24075) to work on /home/athlon/projects/airflow/.venv/lib/python3.11/site-packages/airflow/example_dags/subdags/subdag.py
[2024-04-26T22:21:34.239-0300] {processor.py:830} INFO - Processing file /home/athlon/projects/airflow/.venv/lib/python3.11/site-packages/airflow/example_dags/subdags/subdag.py for tasks to queue
[2024-04-26T22:21:34.242-0300] {logging_mixin.py:188} INFO - [2024-04-26T22:21:34.241-0300] {dagbag.py:540} INFO - Filling up the DagBag from /home/athlon/projects/airflow/.venv/lib/python3.11/site-packages/airflow/example_dags/subdags/subdag.py
[2024-04-26T22:21:34.246-0300] {processor.py:842} WARNING - No viable dags retrieved from /home/athlon/projects/airflow/.venv/lib/python3.11/site-packages/airflow/example_dags/subdags/subdag.py
[2024-04-26T22:21:34.261-0300] {processor.py:183} INFO - Processing /home/athlon/projects/airflow/.venv/lib/python3.11/site-packages/airflow/example_dags/subdags/subdag.py took 0.034 seconds
