[2024-04-28T06:25:29.769-0300] {processor.py:161} INFO - Started process (PID=11580) to work on /home/athlon/projects/airflow/.venv/lib/python3.11/site-packages/airflow/example_dags/subdags/subdag.py
[2024-04-28T06:25:29.771-0300] {processor.py:830} INFO - Processing file /home/athlon/projects/airflow/.venv/lib/python3.11/site-packages/airflow/example_dags/subdags/subdag.py for tasks to queue
[2024-04-28T06:25:29.773-0300] {logging_mixin.py:188} INFO - [2024-04-28T06:25:29.772-0300] {dagbag.py:540} INFO - Filling up the DagBag from /home/athlon/projects/airflow/.venv/lib/python3.11/site-packages/airflow/example_dags/subdags/subdag.py
[2024-04-28T06:25:29.775-0300] {processor.py:842} WARNING - No viable dags retrieved from /home/athlon/projects/airflow/.venv/lib/python3.11/site-packages/airflow/example_dags/subdags/subdag.py
[2024-04-28T06:25:29.789-0300] {processor.py:183} INFO - Processing /home/athlon/projects/airflow/.venv/lib/python3.11/site-packages/airflow/example_dags/subdags/subdag.py took 0.028 seconds
[2024-04-28T06:26:37.153-0300] {processor.py:161} INFO - Started process (PID=11669) to work on /home/athlon/projects/airflow/.venv/lib/python3.11/site-packages/airflow/example_dags/subdags/subdag.py
[2024-04-28T06:26:37.154-0300] {processor.py:830} INFO - Processing file /home/athlon/projects/airflow/.venv/lib/python3.11/site-packages/airflow/example_dags/subdags/subdag.py for tasks to queue
[2024-04-28T06:26:37.157-0300] {logging_mixin.py:188} INFO - [2024-04-28T06:26:37.156-0300] {dagbag.py:540} INFO - Filling up the DagBag from /home/athlon/projects/airflow/.venv/lib/python3.11/site-packages/airflow/example_dags/subdags/subdag.py
[2024-04-28T06:26:37.161-0300] {processor.py:842} WARNING - No viable dags retrieved from /home/athlon/projects/airflow/.venv/lib/python3.11/site-packages/airflow/example_dags/subdags/subdag.py
[2024-04-28T06:26:37.176-0300] {processor.py:183} INFO - Processing /home/athlon/projects/airflow/.venv/lib/python3.11/site-packages/airflow/example_dags/subdags/subdag.py took 0.033 seconds
[2024-04-28T06:27:48.877-0300] {processor.py:161} INFO - Started process (PID=11838) to work on /home/athlon/projects/airflow/.venv/lib/python3.11/site-packages/airflow/example_dags/subdags/subdag.py
[2024-04-28T06:27:48.878-0300] {processor.py:830} INFO - Processing file /home/athlon/projects/airflow/.venv/lib/python3.11/site-packages/airflow/example_dags/subdags/subdag.py for tasks to queue
[2024-04-28T06:27:48.880-0300] {logging_mixin.py:188} INFO - [2024-04-28T06:27:48.880-0300] {dagbag.py:540} INFO - Filling up the DagBag from /home/athlon/projects/airflow/.venv/lib/python3.11/site-packages/airflow/example_dags/subdags/subdag.py
[2024-04-28T06:27:48.884-0300] {processor.py:842} WARNING - No viable dags retrieved from /home/athlon/projects/airflow/.venv/lib/python3.11/site-packages/airflow/example_dags/subdags/subdag.py
[2024-04-28T06:27:48.898-0300] {processor.py:183} INFO - Processing /home/athlon/projects/airflow/.venv/lib/python3.11/site-packages/airflow/example_dags/subdags/subdag.py took 0.030 seconds
[2024-04-28T19:14:56.351-0300] {processor.py:161} INFO - Started process (PID=5007) to work on /home/athlon/projects/airflow/.venv/lib/python3.11/site-packages/airflow/example_dags/subdags/subdag.py
[2024-04-28T19:14:56.355-0300] {processor.py:830} INFO - Processing file /home/athlon/projects/airflow/.venv/lib/python3.11/site-packages/airflow/example_dags/subdags/subdag.py for tasks to queue
[2024-04-28T19:14:56.358-0300] {logging_mixin.py:188} INFO - [2024-04-28T19:14:56.357-0300] {dagbag.py:540} INFO - Filling up the DagBag from /home/athlon/projects/airflow/.venv/lib/python3.11/site-packages/airflow/example_dags/subdags/subdag.py
[2024-04-28T19:14:56.363-0300] {processor.py:842} WARNING - No viable dags retrieved from /home/athlon/projects/airflow/.venv/lib/python3.11/site-packages/airflow/example_dags/subdags/subdag.py
[2024-04-28T19:14:56.383-0300] {processor.py:183} INFO - Processing /home/athlon/projects/airflow/.venv/lib/python3.11/site-packages/airflow/example_dags/subdags/subdag.py took 0.045 seconds
[2024-04-28T19:15:59.760-0300] {processor.py:161} INFO - Started process (PID=5138) to work on /home/athlon/projects/airflow/.venv/lib/python3.11/site-packages/airflow/example_dags/subdags/subdag.py
[2024-04-28T19:15:59.761-0300] {processor.py:830} INFO - Processing file /home/athlon/projects/airflow/.venv/lib/python3.11/site-packages/airflow/example_dags/subdags/subdag.py for tasks to queue
[2024-04-28T19:15:59.765-0300] {logging_mixin.py:188} INFO - [2024-04-28T19:15:59.764-0300] {dagbag.py:540} INFO - Filling up the DagBag from /home/athlon/projects/airflow/.venv/lib/python3.11/site-packages/airflow/example_dags/subdags/subdag.py
[2024-04-28T19:15:59.769-0300] {processor.py:842} WARNING - No viable dags retrieved from /home/athlon/projects/airflow/.venv/lib/python3.11/site-packages/airflow/example_dags/subdags/subdag.py
[2024-04-28T19:15:59.785-0300] {processor.py:183} INFO - Processing /home/athlon/projects/airflow/.venv/lib/python3.11/site-packages/airflow/example_dags/subdags/subdag.py took 0.034 seconds
[2024-04-28T19:17:03.283-0300] {processor.py:161} INFO - Started process (PID=5225) to work on /home/athlon/projects/airflow/.venv/lib/python3.11/site-packages/airflow/example_dags/subdags/subdag.py
[2024-04-28T19:17:03.285-0300] {processor.py:830} INFO - Processing file /home/athlon/projects/airflow/.venv/lib/python3.11/site-packages/airflow/example_dags/subdags/subdag.py for tasks to queue
[2024-04-28T19:17:03.290-0300] {logging_mixin.py:188} INFO - [2024-04-28T19:17:03.289-0300] {dagbag.py:540} INFO - Filling up the DagBag from /home/athlon/projects/airflow/.venv/lib/python3.11/site-packages/airflow/example_dags/subdags/subdag.py
[2024-04-28T19:17:03.296-0300] {processor.py:842} WARNING - No viable dags retrieved from /home/athlon/projects/airflow/.venv/lib/python3.11/site-packages/airflow/example_dags/subdags/subdag.py
[2024-04-28T19:17:03.316-0300] {processor.py:183} INFO - Processing /home/athlon/projects/airflow/.venv/lib/python3.11/site-packages/airflow/example_dags/subdags/subdag.py took 0.043 seconds
[2024-04-28T19:18:04.403-0300] {processor.py:161} INFO - Started process (PID=5297) to work on /home/athlon/projects/airflow/.venv/lib/python3.11/site-packages/airflow/example_dags/subdags/subdag.py
[2024-04-28T19:18:04.405-0300] {processor.py:830} INFO - Processing file /home/athlon/projects/airflow/.venv/lib/python3.11/site-packages/airflow/example_dags/subdags/subdag.py for tasks to queue
[2024-04-28T19:18:04.409-0300] {logging_mixin.py:188} INFO - [2024-04-28T19:18:04.408-0300] {dagbag.py:540} INFO - Filling up the DagBag from /home/athlon/projects/airflow/.venv/lib/python3.11/site-packages/airflow/example_dags/subdags/subdag.py
[2024-04-28T19:18:04.412-0300] {processor.py:842} WARNING - No viable dags retrieved from /home/athlon/projects/airflow/.venv/lib/python3.11/site-packages/airflow/example_dags/subdags/subdag.py
[2024-04-28T19:18:04.429-0300] {processor.py:183} INFO - Processing /home/athlon/projects/airflow/.venv/lib/python3.11/site-packages/airflow/example_dags/subdags/subdag.py took 0.040 seconds
[2024-04-28T19:19:12.973-0300] {processor.py:161} INFO - Started process (PID=5395) to work on /home/athlon/projects/airflow/.venv/lib/python3.11/site-packages/airflow/example_dags/subdags/subdag.py
[2024-04-28T19:19:12.979-0300] {processor.py:830} INFO - Processing file /home/athlon/projects/airflow/.venv/lib/python3.11/site-packages/airflow/example_dags/subdags/subdag.py for tasks to queue
[2024-04-28T19:19:12.983-0300] {logging_mixin.py:188} INFO - [2024-04-28T19:19:12.982-0300] {dagbag.py:540} INFO - Filling up the DagBag from /home/athlon/projects/airflow/.venv/lib/python3.11/site-packages/airflow/example_dags/subdags/subdag.py
[2024-04-28T19:19:12.987-0300] {processor.py:842} WARNING - No viable dags retrieved from /home/athlon/projects/airflow/.venv/lib/python3.11/site-packages/airflow/example_dags/subdags/subdag.py
[2024-04-28T19:19:13.013-0300] {processor.py:183} INFO - Processing /home/athlon/projects/airflow/.venv/lib/python3.11/site-packages/airflow/example_dags/subdags/subdag.py took 0.053 seconds
[2024-04-28T19:20:20.927-0300] {processor.py:161} INFO - Started process (PID=5484) to work on /home/athlon/projects/airflow/.venv/lib/python3.11/site-packages/airflow/example_dags/subdags/subdag.py
[2024-04-28T19:20:20.932-0300] {processor.py:830} INFO - Processing file /home/athlon/projects/airflow/.venv/lib/python3.11/site-packages/airflow/example_dags/subdags/subdag.py for tasks to queue
[2024-04-28T19:20:20.935-0300] {logging_mixin.py:188} INFO - [2024-04-28T19:20:20.934-0300] {dagbag.py:540} INFO - Filling up the DagBag from /home/athlon/projects/airflow/.venv/lib/python3.11/site-packages/airflow/example_dags/subdags/subdag.py
[2024-04-28T19:20:20.937-0300] {processor.py:842} WARNING - No viable dags retrieved from /home/athlon/projects/airflow/.venv/lib/python3.11/site-packages/airflow/example_dags/subdags/subdag.py
[2024-04-28T19:20:20.953-0300] {processor.py:183} INFO - Processing /home/athlon/projects/airflow/.venv/lib/python3.11/site-packages/airflow/example_dags/subdags/subdag.py took 0.036 seconds
[2024-04-28T19:21:21.614-0300] {processor.py:161} INFO - Started process (PID=5564) to work on /home/athlon/projects/airflow/.venv/lib/python3.11/site-packages/airflow/example_dags/subdags/subdag.py
[2024-04-28T19:21:21.619-0300] {processor.py:830} INFO - Processing file /home/athlon/projects/airflow/.venv/lib/python3.11/site-packages/airflow/example_dags/subdags/subdag.py for tasks to queue
[2024-04-28T19:21:21.625-0300] {logging_mixin.py:188} INFO - [2024-04-28T19:21:21.623-0300] {dagbag.py:540} INFO - Filling up the DagBag from /home/athlon/projects/airflow/.venv/lib/python3.11/site-packages/airflow/example_dags/subdags/subdag.py
[2024-04-28T19:21:21.629-0300] {processor.py:842} WARNING - No viable dags retrieved from /home/athlon/projects/airflow/.venv/lib/python3.11/site-packages/airflow/example_dags/subdags/subdag.py
[2024-04-28T19:21:21.653-0300] {processor.py:183} INFO - Processing /home/athlon/projects/airflow/.venv/lib/python3.11/site-packages/airflow/example_dags/subdags/subdag.py took 0.055 seconds
[2024-04-28T19:22:21.720-0300] {processor.py:161} INFO - Started process (PID=5641) to work on /home/athlon/projects/airflow/.venv/lib/python3.11/site-packages/airflow/example_dags/subdags/subdag.py
[2024-04-28T19:22:21.722-0300] {processor.py:830} INFO - Processing file /home/athlon/projects/airflow/.venv/lib/python3.11/site-packages/airflow/example_dags/subdags/subdag.py for tasks to queue
[2024-04-28T19:22:21.725-0300] {logging_mixin.py:188} INFO - [2024-04-28T19:22:21.724-0300] {dagbag.py:540} INFO - Filling up the DagBag from /home/athlon/projects/airflow/.venv/lib/python3.11/site-packages/airflow/example_dags/subdags/subdag.py
[2024-04-28T19:22:21.728-0300] {processor.py:842} WARNING - No viable dags retrieved from /home/athlon/projects/airflow/.venv/lib/python3.11/site-packages/airflow/example_dags/subdags/subdag.py
[2024-04-28T19:22:21.745-0300] {processor.py:183} INFO - Processing /home/athlon/projects/airflow/.venv/lib/python3.11/site-packages/airflow/example_dags/subdags/subdag.py took 0.033 seconds
[2024-04-28T19:23:44.692-0300] {processor.py:161} INFO - Started process (PID=5732) to work on /home/athlon/projects/airflow/.venv/lib/python3.11/site-packages/airflow/example_dags/subdags/subdag.py
[2024-04-28T19:23:44.693-0300] {processor.py:830} INFO - Processing file /home/athlon/projects/airflow/.venv/lib/python3.11/site-packages/airflow/example_dags/subdags/subdag.py for tasks to queue
[2024-04-28T19:23:44.696-0300] {logging_mixin.py:188} INFO - [2024-04-28T19:23:44.695-0300] {dagbag.py:540} INFO - Filling up the DagBag from /home/athlon/projects/airflow/.venv/lib/python3.11/site-packages/airflow/example_dags/subdags/subdag.py
[2024-04-28T19:23:44.701-0300] {processor.py:842} WARNING - No viable dags retrieved from /home/athlon/projects/airflow/.venv/lib/python3.11/site-packages/airflow/example_dags/subdags/subdag.py
[2024-04-28T19:23:44.718-0300] {processor.py:183} INFO - Processing /home/athlon/projects/airflow/.venv/lib/python3.11/site-packages/airflow/example_dags/subdags/subdag.py took 0.035 seconds
[2024-04-28T19:24:31.934-0300] {processor.py:161} INFO - Started process (PID=5790) to work on /home/athlon/projects/airflow/.venv/lib/python3.11/site-packages/airflow/example_dags/subdags/subdag.py
[2024-04-28T19:24:31.940-0300] {processor.py:830} INFO - Processing file /home/athlon/projects/airflow/.venv/lib/python3.11/site-packages/airflow/example_dags/subdags/subdag.py for tasks to queue
[2024-04-28T19:24:31.943-0300] {logging_mixin.py:188} INFO - [2024-04-28T19:24:31.943-0300] {dagbag.py:540} INFO - Filling up the DagBag from /home/athlon/projects/airflow/.venv/lib/python3.11/site-packages/airflow/example_dags/subdags/subdag.py
[2024-04-28T19:24:31.946-0300] {processor.py:842} WARNING - No viable dags retrieved from /home/athlon/projects/airflow/.venv/lib/python3.11/site-packages/airflow/example_dags/subdags/subdag.py
[2024-04-28T19:24:31.961-0300] {processor.py:183} INFO - Processing /home/athlon/projects/airflow/.venv/lib/python3.11/site-packages/airflow/example_dags/subdags/subdag.py took 0.036 seconds
[2024-04-28T19:25:32.703-0300] {processor.py:161} INFO - Started process (PID=5926) to work on /home/athlon/projects/airflow/.venv/lib/python3.11/site-packages/airflow/example_dags/subdags/subdag.py
[2024-04-28T19:25:32.705-0300] {processor.py:830} INFO - Processing file /home/athlon/projects/airflow/.venv/lib/python3.11/site-packages/airflow/example_dags/subdags/subdag.py for tasks to queue
[2024-04-28T19:25:32.708-0300] {logging_mixin.py:188} INFO - [2024-04-28T19:25:32.707-0300] {dagbag.py:540} INFO - Filling up the DagBag from /home/athlon/projects/airflow/.venv/lib/python3.11/site-packages/airflow/example_dags/subdags/subdag.py
[2024-04-28T19:25:32.711-0300] {processor.py:842} WARNING - No viable dags retrieved from /home/athlon/projects/airflow/.venv/lib/python3.11/site-packages/airflow/example_dags/subdags/subdag.py
[2024-04-28T19:25:32.726-0300] {processor.py:183} INFO - Processing /home/athlon/projects/airflow/.venv/lib/python3.11/site-packages/airflow/example_dags/subdags/subdag.py took 0.032 seconds
[2024-04-28T19:26:29.477-0300] {processor.py:161} INFO - Started process (PID=6021) to work on /home/athlon/projects/airflow/.venv/lib/python3.11/site-packages/airflow/example_dags/subdags/subdag.py
[2024-04-28T19:26:29.482-0300] {processor.py:830} INFO - Processing file /home/athlon/projects/airflow/.venv/lib/python3.11/site-packages/airflow/example_dags/subdags/subdag.py for tasks to queue
[2024-04-28T19:26:29.486-0300] {logging_mixin.py:188} INFO - [2024-04-28T19:26:29.485-0300] {dagbag.py:540} INFO - Filling up the DagBag from /home/athlon/projects/airflow/.venv/lib/python3.11/site-packages/airflow/example_dags/subdags/subdag.py
[2024-04-28T19:26:29.489-0300] {processor.py:842} WARNING - No viable dags retrieved from /home/athlon/projects/airflow/.venv/lib/python3.11/site-packages/airflow/example_dags/subdags/subdag.py
[2024-04-28T19:26:29.507-0300] {processor.py:183} INFO - Processing /home/athlon/projects/airflow/.venv/lib/python3.11/site-packages/airflow/example_dags/subdags/subdag.py took 0.041 seconds
[2024-04-28T19:27:25.918-0300] {processor.py:161} INFO - Started process (PID=6113) to work on /home/athlon/projects/airflow/.venv/lib/python3.11/site-packages/airflow/example_dags/subdags/subdag.py
[2024-04-28T19:27:25.921-0300] {processor.py:830} INFO - Processing file /home/athlon/projects/airflow/.venv/lib/python3.11/site-packages/airflow/example_dags/subdags/subdag.py for tasks to queue
[2024-04-28T19:27:25.924-0300] {logging_mixin.py:188} INFO - [2024-04-28T19:27:25.924-0300] {dagbag.py:540} INFO - Filling up the DagBag from /home/athlon/projects/airflow/.venv/lib/python3.11/site-packages/airflow/example_dags/subdags/subdag.py
[2024-04-28T19:27:25.927-0300] {processor.py:842} WARNING - No viable dags retrieved from /home/athlon/projects/airflow/.venv/lib/python3.11/site-packages/airflow/example_dags/subdags/subdag.py
[2024-04-28T19:27:25.943-0300] {processor.py:183} INFO - Processing /home/athlon/projects/airflow/.venv/lib/python3.11/site-packages/airflow/example_dags/subdags/subdag.py took 0.035 seconds
[2024-04-28T19:28:29.849-0300] {processor.py:161} INFO - Started process (PID=6232) to work on /home/athlon/projects/airflow/.venv/lib/python3.11/site-packages/airflow/example_dags/subdags/subdag.py
[2024-04-28T19:28:29.851-0300] {processor.py:830} INFO - Processing file /home/athlon/projects/airflow/.venv/lib/python3.11/site-packages/airflow/example_dags/subdags/subdag.py for tasks to queue
[2024-04-28T19:28:29.854-0300] {logging_mixin.py:188} INFO - [2024-04-28T19:28:29.853-0300] {dagbag.py:540} INFO - Filling up the DagBag from /home/athlon/projects/airflow/.venv/lib/python3.11/site-packages/airflow/example_dags/subdags/subdag.py
[2024-04-28T19:28:29.857-0300] {processor.py:842} WARNING - No viable dags retrieved from /home/athlon/projects/airflow/.venv/lib/python3.11/site-packages/airflow/example_dags/subdags/subdag.py
[2024-04-28T19:28:29.874-0300] {processor.py:183} INFO - Processing /home/athlon/projects/airflow/.venv/lib/python3.11/site-packages/airflow/example_dags/subdags/subdag.py took 0.034 seconds
[2024-04-28T19:29:36.229-0300] {processor.py:161} INFO - Started process (PID=6315) to work on /home/athlon/projects/airflow/.venv/lib/python3.11/site-packages/airflow/example_dags/subdags/subdag.py
[2024-04-28T19:29:36.231-0300] {processor.py:830} INFO - Processing file /home/athlon/projects/airflow/.venv/lib/python3.11/site-packages/airflow/example_dags/subdags/subdag.py for tasks to queue
[2024-04-28T19:29:36.234-0300] {logging_mixin.py:188} INFO - [2024-04-28T19:29:36.233-0300] {dagbag.py:540} INFO - Filling up the DagBag from /home/athlon/projects/airflow/.venv/lib/python3.11/site-packages/airflow/example_dags/subdags/subdag.py
[2024-04-28T19:29:36.238-0300] {processor.py:842} WARNING - No viable dags retrieved from /home/athlon/projects/airflow/.venv/lib/python3.11/site-packages/airflow/example_dags/subdags/subdag.py
[2024-04-28T19:29:36.253-0300] {processor.py:183} INFO - Processing /home/athlon/projects/airflow/.venv/lib/python3.11/site-packages/airflow/example_dags/subdags/subdag.py took 0.034 seconds
[2024-04-28T19:30:39.457-0300] {processor.py:161} INFO - Started process (PID=6415) to work on /home/athlon/projects/airflow/.venv/lib/python3.11/site-packages/airflow/example_dags/subdags/subdag.py
[2024-04-28T19:30:39.459-0300] {processor.py:830} INFO - Processing file /home/athlon/projects/airflow/.venv/lib/python3.11/site-packages/airflow/example_dags/subdags/subdag.py for tasks to queue
[2024-04-28T19:30:39.464-0300] {logging_mixin.py:188} INFO - [2024-04-28T19:30:39.463-0300] {dagbag.py:540} INFO - Filling up the DagBag from /home/athlon/projects/airflow/.venv/lib/python3.11/site-packages/airflow/example_dags/subdags/subdag.py
[2024-04-28T19:30:39.472-0300] {processor.py:842} WARNING - No viable dags retrieved from /home/athlon/projects/airflow/.venv/lib/python3.11/site-packages/airflow/example_dags/subdags/subdag.py
[2024-04-28T19:30:39.498-0300] {processor.py:183} INFO - Processing /home/athlon/projects/airflow/.venv/lib/python3.11/site-packages/airflow/example_dags/subdags/subdag.py took 0.060 seconds
[2024-04-28T19:31:40.708-0300] {processor.py:161} INFO - Started process (PID=6494) to work on /home/athlon/projects/airflow/.venv/lib/python3.11/site-packages/airflow/example_dags/subdags/subdag.py
[2024-04-28T19:31:40.710-0300] {processor.py:830} INFO - Processing file /home/athlon/projects/airflow/.venv/lib/python3.11/site-packages/airflow/example_dags/subdags/subdag.py for tasks to queue
[2024-04-28T19:31:40.712-0300] {logging_mixin.py:188} INFO - [2024-04-28T19:31:40.712-0300] {dagbag.py:540} INFO - Filling up the DagBag from /home/athlon/projects/airflow/.venv/lib/python3.11/site-packages/airflow/example_dags/subdags/subdag.py
[2024-04-28T19:31:40.716-0300] {processor.py:842} WARNING - No viable dags retrieved from /home/athlon/projects/airflow/.venv/lib/python3.11/site-packages/airflow/example_dags/subdags/subdag.py
[2024-04-28T19:31:40.731-0300] {processor.py:183} INFO - Processing /home/athlon/projects/airflow/.venv/lib/python3.11/site-packages/airflow/example_dags/subdags/subdag.py took 0.032 seconds
[2024-04-28T19:33:08.331-0300] {processor.py:161} INFO - Started process (PID=6678) to work on /home/athlon/projects/airflow/.venv/lib/python3.11/site-packages/airflow/example_dags/subdags/subdag.py
[2024-04-28T19:33:08.333-0300] {processor.py:830} INFO - Processing file /home/athlon/projects/airflow/.venv/lib/python3.11/site-packages/airflow/example_dags/subdags/subdag.py for tasks to queue
[2024-04-28T19:33:08.335-0300] {logging_mixin.py:188} INFO - [2024-04-28T19:33:08.335-0300] {dagbag.py:540} INFO - Filling up the DagBag from /home/athlon/projects/airflow/.venv/lib/python3.11/site-packages/airflow/example_dags/subdags/subdag.py
[2024-04-28T19:33:08.339-0300] {processor.py:842} WARNING - No viable dags retrieved from /home/athlon/projects/airflow/.venv/lib/python3.11/site-packages/airflow/example_dags/subdags/subdag.py
[2024-04-28T19:33:08.354-0300] {processor.py:183} INFO - Processing /home/athlon/projects/airflow/.venv/lib/python3.11/site-packages/airflow/example_dags/subdags/subdag.py took 0.033 seconds
[2024-04-28T19:34:14.854-0300] {processor.py:161} INFO - Started process (PID=6759) to work on /home/athlon/projects/airflow/.venv/lib/python3.11/site-packages/airflow/example_dags/subdags/subdag.py
[2024-04-28T19:34:14.855-0300] {processor.py:830} INFO - Processing file /home/athlon/projects/airflow/.venv/lib/python3.11/site-packages/airflow/example_dags/subdags/subdag.py for tasks to queue
[2024-04-28T19:34:14.858-0300] {logging_mixin.py:188} INFO - [2024-04-28T19:34:14.857-0300] {dagbag.py:540} INFO - Filling up the DagBag from /home/athlon/projects/airflow/.venv/lib/python3.11/site-packages/airflow/example_dags/subdags/subdag.py
[2024-04-28T19:34:14.862-0300] {processor.py:842} WARNING - No viable dags retrieved from /home/athlon/projects/airflow/.venv/lib/python3.11/site-packages/airflow/example_dags/subdags/subdag.py
[2024-04-28T19:34:14.878-0300] {processor.py:183} INFO - Processing /home/athlon/projects/airflow/.venv/lib/python3.11/site-packages/airflow/example_dags/subdags/subdag.py took 0.034 seconds
[2024-04-28T19:35:14.202-0300] {processor.py:161} INFO - Started process (PID=6838) to work on /home/athlon/projects/airflow/.venv/lib/python3.11/site-packages/airflow/example_dags/subdags/subdag.py
[2024-04-28T19:35:14.208-0300] {processor.py:830} INFO - Processing file /home/athlon/projects/airflow/.venv/lib/python3.11/site-packages/airflow/example_dags/subdags/subdag.py for tasks to queue
[2024-04-28T19:35:14.211-0300] {logging_mixin.py:188} INFO - [2024-04-28T19:35:14.210-0300] {dagbag.py:540} INFO - Filling up the DagBag from /home/athlon/projects/airflow/.venv/lib/python3.11/site-packages/airflow/example_dags/subdags/subdag.py
[2024-04-28T19:35:14.214-0300] {processor.py:842} WARNING - No viable dags retrieved from /home/athlon/projects/airflow/.venv/lib/python3.11/site-packages/airflow/example_dags/subdags/subdag.py
[2024-04-28T19:35:14.229-0300] {processor.py:183} INFO - Processing /home/athlon/projects/airflow/.venv/lib/python3.11/site-packages/airflow/example_dags/subdags/subdag.py took 0.036 seconds
[2024-04-28T19:36:12.695-0300] {processor.py:161} INFO - Started process (PID=6911) to work on /home/athlon/projects/airflow/.venv/lib/python3.11/site-packages/airflow/example_dags/subdags/subdag.py
[2024-04-28T19:36:12.696-0300] {processor.py:830} INFO - Processing file /home/athlon/projects/airflow/.venv/lib/python3.11/site-packages/airflow/example_dags/subdags/subdag.py for tasks to queue
[2024-04-28T19:36:12.699-0300] {logging_mixin.py:188} INFO - [2024-04-28T19:36:12.698-0300] {dagbag.py:540} INFO - Filling up the DagBag from /home/athlon/projects/airflow/.venv/lib/python3.11/site-packages/airflow/example_dags/subdags/subdag.py
[2024-04-28T19:36:12.703-0300] {processor.py:842} WARNING - No viable dags retrieved from /home/athlon/projects/airflow/.venv/lib/python3.11/site-packages/airflow/example_dags/subdags/subdag.py
[2024-04-28T19:36:12.720-0300] {processor.py:183} INFO - Processing /home/athlon/projects/airflow/.venv/lib/python3.11/site-packages/airflow/example_dags/subdags/subdag.py took 0.035 seconds
[2024-04-28T19:58:31.170-0300] {processor.py:161} INFO - Started process (PID=5633) to work on /home/athlon/projects/airflow/.venv/lib/python3.11/site-packages/airflow/example_dags/subdags/subdag.py
[2024-04-28T19:58:31.172-0300] {processor.py:830} INFO - Processing file /home/athlon/projects/airflow/.venv/lib/python3.11/site-packages/airflow/example_dags/subdags/subdag.py for tasks to queue
[2024-04-28T19:58:31.175-0300] {logging_mixin.py:188} INFO - [2024-04-28T19:58:31.174-0300] {dagbag.py:540} INFO - Filling up the DagBag from /home/athlon/projects/airflow/.venv/lib/python3.11/site-packages/airflow/example_dags/subdags/subdag.py
[2024-04-28T19:58:31.179-0300] {processor.py:842} WARNING - No viable dags retrieved from /home/athlon/projects/airflow/.venv/lib/python3.11/site-packages/airflow/example_dags/subdags/subdag.py
[2024-04-28T19:58:31.205-0300] {processor.py:183} INFO - Processing /home/athlon/projects/airflow/.venv/lib/python3.11/site-packages/airflow/example_dags/subdags/subdag.py took 0.045 seconds
[2024-04-28T20:00:02.786-0300] {processor.py:161} INFO - Started process (PID=5790) to work on /home/athlon/projects/airflow/.venv/lib/python3.11/site-packages/airflow/example_dags/subdags/subdag.py
[2024-04-28T20:00:02.792-0300] {processor.py:830} INFO - Processing file /home/athlon/projects/airflow/.venv/lib/python3.11/site-packages/airflow/example_dags/subdags/subdag.py for tasks to queue
[2024-04-28T20:00:02.795-0300] {logging_mixin.py:188} INFO - [2024-04-28T20:00:02.794-0300] {dagbag.py:540} INFO - Filling up the DagBag from /home/athlon/projects/airflow/.venv/lib/python3.11/site-packages/airflow/example_dags/subdags/subdag.py
[2024-04-28T20:00:02.798-0300] {processor.py:842} WARNING - No viable dags retrieved from /home/athlon/projects/airflow/.venv/lib/python3.11/site-packages/airflow/example_dags/subdags/subdag.py
[2024-04-28T20:00:02.815-0300] {processor.py:183} INFO - Processing /home/athlon/projects/airflow/.venv/lib/python3.11/site-packages/airflow/example_dags/subdags/subdag.py took 0.039 seconds
[2024-04-28T20:00:53.782-0300] {processor.py:161} INFO - Started process (PID=5871) to work on /home/athlon/projects/airflow/.venv/lib/python3.11/site-packages/airflow/example_dags/subdags/subdag.py
[2024-04-28T20:00:53.788-0300] {processor.py:830} INFO - Processing file /home/athlon/projects/airflow/.venv/lib/python3.11/site-packages/airflow/example_dags/subdags/subdag.py for tasks to queue
[2024-04-28T20:00:53.790-0300] {logging_mixin.py:188} INFO - [2024-04-28T20:00:53.789-0300] {dagbag.py:540} INFO - Filling up the DagBag from /home/athlon/projects/airflow/.venv/lib/python3.11/site-packages/airflow/example_dags/subdags/subdag.py
[2024-04-28T20:00:53.793-0300] {processor.py:842} WARNING - No viable dags retrieved from /home/athlon/projects/airflow/.venv/lib/python3.11/site-packages/airflow/example_dags/subdags/subdag.py
[2024-04-28T20:00:53.806-0300] {processor.py:183} INFO - Processing /home/athlon/projects/airflow/.venv/lib/python3.11/site-packages/airflow/example_dags/subdags/subdag.py took 0.033 seconds
[2024-04-28T20:01:54.971-0300] {processor.py:161} INFO - Started process (PID=5946) to work on /home/athlon/projects/airflow/.venv/lib/python3.11/site-packages/airflow/example_dags/subdags/subdag.py
[2024-04-28T20:01:54.977-0300] {processor.py:830} INFO - Processing file /home/athlon/projects/airflow/.venv/lib/python3.11/site-packages/airflow/example_dags/subdags/subdag.py for tasks to queue
[2024-04-28T20:01:54.979-0300] {logging_mixin.py:188} INFO - [2024-04-28T20:01:54.979-0300] {dagbag.py:540} INFO - Filling up the DagBag from /home/athlon/projects/airflow/.venv/lib/python3.11/site-packages/airflow/example_dags/subdags/subdag.py
[2024-04-28T20:01:54.982-0300] {processor.py:842} WARNING - No viable dags retrieved from /home/athlon/projects/airflow/.venv/lib/python3.11/site-packages/airflow/example_dags/subdags/subdag.py
[2024-04-28T20:01:54.999-0300] {processor.py:183} INFO - Processing /home/athlon/projects/airflow/.venv/lib/python3.11/site-packages/airflow/example_dags/subdags/subdag.py took 0.038 seconds
[2024-04-28T20:03:07.326-0300] {processor.py:161} INFO - Started process (PID=6028) to work on /home/athlon/projects/airflow/.venv/lib/python3.11/site-packages/airflow/example_dags/subdags/subdag.py
[2024-04-28T20:03:07.327-0300] {processor.py:830} INFO - Processing file /home/athlon/projects/airflow/.venv/lib/python3.11/site-packages/airflow/example_dags/subdags/subdag.py for tasks to queue
[2024-04-28T20:03:07.330-0300] {logging_mixin.py:188} INFO - [2024-04-28T20:03:07.329-0300] {dagbag.py:540} INFO - Filling up the DagBag from /home/athlon/projects/airflow/.venv/lib/python3.11/site-packages/airflow/example_dags/subdags/subdag.py
[2024-04-28T20:03:07.333-0300] {processor.py:842} WARNING - No viable dags retrieved from /home/athlon/projects/airflow/.venv/lib/python3.11/site-packages/airflow/example_dags/subdags/subdag.py
[2024-04-28T20:03:07.352-0300] {processor.py:183} INFO - Processing /home/athlon/projects/airflow/.venv/lib/python3.11/site-packages/airflow/example_dags/subdags/subdag.py took 0.037 seconds
[2024-04-28T20:04:15.473-0300] {processor.py:161} INFO - Started process (PID=6113) to work on /home/athlon/projects/airflow/.venv/lib/python3.11/site-packages/airflow/example_dags/subdags/subdag.py
[2024-04-28T20:04:15.479-0300] {processor.py:830} INFO - Processing file /home/athlon/projects/airflow/.venv/lib/python3.11/site-packages/airflow/example_dags/subdags/subdag.py for tasks to queue
[2024-04-28T20:04:15.481-0300] {logging_mixin.py:188} INFO - [2024-04-28T20:04:15.481-0300] {dagbag.py:540} INFO - Filling up the DagBag from /home/athlon/projects/airflow/.venv/lib/python3.11/site-packages/airflow/example_dags/subdags/subdag.py
[2024-04-28T20:04:15.485-0300] {processor.py:842} WARNING - No viable dags retrieved from /home/athlon/projects/airflow/.venv/lib/python3.11/site-packages/airflow/example_dags/subdags/subdag.py
[2024-04-28T20:04:15.502-0300] {processor.py:183} INFO - Processing /home/athlon/projects/airflow/.venv/lib/python3.11/site-packages/airflow/example_dags/subdags/subdag.py took 0.039 seconds
[2024-04-28T20:05:20.845-0300] {processor.py:161} INFO - Started process (PID=6192) to work on /home/athlon/projects/airflow/.venv/lib/python3.11/site-packages/airflow/example_dags/subdags/subdag.py
[2024-04-28T20:05:20.851-0300] {processor.py:830} INFO - Processing file /home/athlon/projects/airflow/.venv/lib/python3.11/site-packages/airflow/example_dags/subdags/subdag.py for tasks to queue
[2024-04-28T20:05:20.854-0300] {logging_mixin.py:188} INFO - [2024-04-28T20:05:20.853-0300] {dagbag.py:540} INFO - Filling up the DagBag from /home/athlon/projects/airflow/.venv/lib/python3.11/site-packages/airflow/example_dags/subdags/subdag.py
[2024-04-28T20:05:20.858-0300] {processor.py:842} WARNING - No viable dags retrieved from /home/athlon/projects/airflow/.venv/lib/python3.11/site-packages/airflow/example_dags/subdags/subdag.py
[2024-04-28T20:05:20.874-0300] {processor.py:183} INFO - Processing /home/athlon/projects/airflow/.venv/lib/python3.11/site-packages/airflow/example_dags/subdags/subdag.py took 0.040 seconds
[2024-04-28T20:06:25.944-0300] {processor.py:161} INFO - Started process (PID=6270) to work on /home/athlon/projects/airflow/.venv/lib/python3.11/site-packages/airflow/example_dags/subdags/subdag.py
[2024-04-28T20:06:25.945-0300] {processor.py:830} INFO - Processing file /home/athlon/projects/airflow/.venv/lib/python3.11/site-packages/airflow/example_dags/subdags/subdag.py for tasks to queue
[2024-04-28T20:06:25.948-0300] {logging_mixin.py:188} INFO - [2024-04-28T20:06:25.947-0300] {dagbag.py:540} INFO - Filling up the DagBag from /home/athlon/projects/airflow/.venv/lib/python3.11/site-packages/airflow/example_dags/subdags/subdag.py
[2024-04-28T20:06:25.950-0300] {processor.py:842} WARNING - No viable dags retrieved from /home/athlon/projects/airflow/.venv/lib/python3.11/site-packages/airflow/example_dags/subdags/subdag.py
[2024-04-28T20:06:25.964-0300] {processor.py:183} INFO - Processing /home/athlon/projects/airflow/.venv/lib/python3.11/site-packages/airflow/example_dags/subdags/subdag.py took 0.028 seconds
[2024-04-28T20:07:31.583-0300] {processor.py:161} INFO - Started process (PID=6350) to work on /home/athlon/projects/airflow/.venv/lib/python3.11/site-packages/airflow/example_dags/subdags/subdag.py
[2024-04-28T20:07:31.589-0300] {processor.py:830} INFO - Processing file /home/athlon/projects/airflow/.venv/lib/python3.11/site-packages/airflow/example_dags/subdags/subdag.py for tasks to queue
[2024-04-28T20:07:31.592-0300] {logging_mixin.py:188} INFO - [2024-04-28T20:07:31.591-0300] {dagbag.py:540} INFO - Filling up the DagBag from /home/athlon/projects/airflow/.venv/lib/python3.11/site-packages/airflow/example_dags/subdags/subdag.py
[2024-04-28T20:07:31.595-0300] {processor.py:842} WARNING - No viable dags retrieved from /home/athlon/projects/airflow/.venv/lib/python3.11/site-packages/airflow/example_dags/subdags/subdag.py
[2024-04-28T20:07:31.613-0300] {processor.py:183} INFO - Processing /home/athlon/projects/airflow/.venv/lib/python3.11/site-packages/airflow/example_dags/subdags/subdag.py took 0.040 seconds
[2024-04-28T20:08:36.454-0300] {processor.py:161} INFO - Started process (PID=6427) to work on /home/athlon/projects/airflow/.venv/lib/python3.11/site-packages/airflow/example_dags/subdags/subdag.py
[2024-04-28T20:08:36.460-0300] {processor.py:830} INFO - Processing file /home/athlon/projects/airflow/.venv/lib/python3.11/site-packages/airflow/example_dags/subdags/subdag.py for tasks to queue
[2024-04-28T20:08:36.463-0300] {logging_mixin.py:188} INFO - [2024-04-28T20:08:36.462-0300] {dagbag.py:540} INFO - Filling up the DagBag from /home/athlon/projects/airflow/.venv/lib/python3.11/site-packages/airflow/example_dags/subdags/subdag.py
[2024-04-28T20:08:36.466-0300] {processor.py:842} WARNING - No viable dags retrieved from /home/athlon/projects/airflow/.venv/lib/python3.11/site-packages/airflow/example_dags/subdags/subdag.py
[2024-04-28T20:08:36.483-0300] {processor.py:183} INFO - Processing /home/athlon/projects/airflow/.venv/lib/python3.11/site-packages/airflow/example_dags/subdags/subdag.py took 0.039 seconds
[2024-04-28T20:09:35.865-0300] {processor.py:161} INFO - Started process (PID=6540) to work on /home/athlon/projects/airflow/.venv/lib/python3.11/site-packages/airflow/example_dags/subdags/subdag.py
[2024-04-28T20:09:35.871-0300] {processor.py:830} INFO - Processing file /home/athlon/projects/airflow/.venv/lib/python3.11/site-packages/airflow/example_dags/subdags/subdag.py for tasks to queue
[2024-04-28T20:09:35.874-0300] {logging_mixin.py:188} INFO - [2024-04-28T20:09:35.873-0300] {dagbag.py:540} INFO - Filling up the DagBag from /home/athlon/projects/airflow/.venv/lib/python3.11/site-packages/airflow/example_dags/subdags/subdag.py
[2024-04-28T20:09:35.877-0300] {processor.py:842} WARNING - No viable dags retrieved from /home/athlon/projects/airflow/.venv/lib/python3.11/site-packages/airflow/example_dags/subdags/subdag.py
[2024-04-28T20:09:35.894-0300] {processor.py:183} INFO - Processing /home/athlon/projects/airflow/.venv/lib/python3.11/site-packages/airflow/example_dags/subdags/subdag.py took 0.040 seconds
[2024-04-28T20:10:38.723-0300] {processor.py:161} INFO - Started process (PID=6615) to work on /home/athlon/projects/airflow/.venv/lib/python3.11/site-packages/airflow/example_dags/subdags/subdag.py
[2024-04-28T20:10:38.729-0300] {processor.py:830} INFO - Processing file /home/athlon/projects/airflow/.venv/lib/python3.11/site-packages/airflow/example_dags/subdags/subdag.py for tasks to queue
[2024-04-28T20:10:38.732-0300] {logging_mixin.py:188} INFO - [2024-04-28T20:10:38.731-0300] {dagbag.py:540} INFO - Filling up the DagBag from /home/athlon/projects/airflow/.venv/lib/python3.11/site-packages/airflow/example_dags/subdags/subdag.py
[2024-04-28T20:10:38.735-0300] {processor.py:842} WARNING - No viable dags retrieved from /home/athlon/projects/airflow/.venv/lib/python3.11/site-packages/airflow/example_dags/subdags/subdag.py
[2024-04-28T20:10:38.752-0300] {processor.py:183} INFO - Processing /home/athlon/projects/airflow/.venv/lib/python3.11/site-packages/airflow/example_dags/subdags/subdag.py took 0.039 seconds
[2024-04-28T20:11:41.292-0300] {processor.py:161} INFO - Started process (PID=6690) to work on /home/athlon/projects/airflow/.venv/lib/python3.11/site-packages/airflow/example_dags/subdags/subdag.py
[2024-04-28T20:11:41.298-0300] {processor.py:830} INFO - Processing file /home/athlon/projects/airflow/.venv/lib/python3.11/site-packages/airflow/example_dags/subdags/subdag.py for tasks to queue
[2024-04-28T20:11:41.301-0300] {logging_mixin.py:188} INFO - [2024-04-28T20:11:41.300-0300] {dagbag.py:540} INFO - Filling up the DagBag from /home/athlon/projects/airflow/.venv/lib/python3.11/site-packages/airflow/example_dags/subdags/subdag.py
[2024-04-28T20:11:41.304-0300] {processor.py:842} WARNING - No viable dags retrieved from /home/athlon/projects/airflow/.venv/lib/python3.11/site-packages/airflow/example_dags/subdags/subdag.py
[2024-04-28T20:11:41.321-0300] {processor.py:183} INFO - Processing /home/athlon/projects/airflow/.venv/lib/python3.11/site-packages/airflow/example_dags/subdags/subdag.py took 0.039 seconds
[2024-04-28T20:12:45.026-0300] {processor.py:161} INFO - Started process (PID=6768) to work on /home/athlon/projects/airflow/.venv/lib/python3.11/site-packages/airflow/example_dags/subdags/subdag.py
[2024-04-28T20:12:45.031-0300] {processor.py:830} INFO - Processing file /home/athlon/projects/airflow/.venv/lib/python3.11/site-packages/airflow/example_dags/subdags/subdag.py for tasks to queue
[2024-04-28T20:12:45.035-0300] {logging_mixin.py:188} INFO - [2024-04-28T20:12:45.034-0300] {dagbag.py:540} INFO - Filling up the DagBag from /home/athlon/projects/airflow/.venv/lib/python3.11/site-packages/airflow/example_dags/subdags/subdag.py
[2024-04-28T20:12:45.038-0300] {processor.py:842} WARNING - No viable dags retrieved from /home/athlon/projects/airflow/.venv/lib/python3.11/site-packages/airflow/example_dags/subdags/subdag.py
[2024-04-28T20:12:45.055-0300] {processor.py:183} INFO - Processing /home/athlon/projects/airflow/.venv/lib/python3.11/site-packages/airflow/example_dags/subdags/subdag.py took 0.040 seconds
[2024-04-28T20:13:45.605-0300] {processor.py:161} INFO - Started process (PID=6839) to work on /home/athlon/projects/airflow/.venv/lib/python3.11/site-packages/airflow/example_dags/subdags/subdag.py
[2024-04-28T20:13:45.610-0300] {processor.py:830} INFO - Processing file /home/athlon/projects/airflow/.venv/lib/python3.11/site-packages/airflow/example_dags/subdags/subdag.py for tasks to queue
[2024-04-28T20:13:45.613-0300] {logging_mixin.py:188} INFO - [2024-04-28T20:13:45.612-0300] {dagbag.py:540} INFO - Filling up the DagBag from /home/athlon/projects/airflow/.venv/lib/python3.11/site-packages/airflow/example_dags/subdags/subdag.py
[2024-04-28T20:13:45.616-0300] {processor.py:842} WARNING - No viable dags retrieved from /home/athlon/projects/airflow/.venv/lib/python3.11/site-packages/airflow/example_dags/subdags/subdag.py
[2024-04-28T20:13:45.633-0300] {processor.py:183} INFO - Processing /home/athlon/projects/airflow/.venv/lib/python3.11/site-packages/airflow/example_dags/subdags/subdag.py took 0.039 seconds
[2024-04-28T20:14:47.421-0300] {processor.py:161} INFO - Started process (PID=6915) to work on /home/athlon/projects/airflow/.venv/lib/python3.11/site-packages/airflow/example_dags/subdags/subdag.py
[2024-04-28T20:14:47.426-0300] {processor.py:830} INFO - Processing file /home/athlon/projects/airflow/.venv/lib/python3.11/site-packages/airflow/example_dags/subdags/subdag.py for tasks to queue
[2024-04-28T20:14:47.429-0300] {logging_mixin.py:188} INFO - [2024-04-28T20:14:47.428-0300] {dagbag.py:540} INFO - Filling up the DagBag from /home/athlon/projects/airflow/.venv/lib/python3.11/site-packages/airflow/example_dags/subdags/subdag.py
[2024-04-28T20:14:47.432-0300] {processor.py:842} WARNING - No viable dags retrieved from /home/athlon/projects/airflow/.venv/lib/python3.11/site-packages/airflow/example_dags/subdags/subdag.py
[2024-04-28T20:14:47.449-0300] {processor.py:183} INFO - Processing /home/athlon/projects/airflow/.venv/lib/python3.11/site-packages/airflow/example_dags/subdags/subdag.py took 0.038 seconds
[2024-04-28T20:15:29.236-0300] {processor.py:161} INFO - Started process (PID=6972) to work on /home/athlon/projects/airflow/.venv/lib/python3.11/site-packages/airflow/example_dags/subdags/subdag.py
[2024-04-28T20:15:29.242-0300] {processor.py:830} INFO - Processing file /home/athlon/projects/airflow/.venv/lib/python3.11/site-packages/airflow/example_dags/subdags/subdag.py for tasks to queue
[2024-04-28T20:15:29.246-0300] {logging_mixin.py:188} INFO - [2024-04-28T20:15:29.245-0300] {dagbag.py:540} INFO - Filling up the DagBag from /home/athlon/projects/airflow/.venv/lib/python3.11/site-packages/airflow/example_dags/subdags/subdag.py
[2024-04-28T20:15:29.250-0300] {processor.py:842} WARNING - No viable dags retrieved from /home/athlon/projects/airflow/.venv/lib/python3.11/site-packages/airflow/example_dags/subdags/subdag.py
[2024-04-28T20:15:29.270-0300] {processor.py:183} INFO - Processing /home/athlon/projects/airflow/.venv/lib/python3.11/site-packages/airflow/example_dags/subdags/subdag.py took 0.047 seconds
[2024-04-28T20:16:28.813-0300] {processor.py:161} INFO - Started process (PID=7044) to work on /home/athlon/projects/airflow/.venv/lib/python3.11/site-packages/airflow/example_dags/subdags/subdag.py
[2024-04-28T20:16:28.819-0300] {processor.py:830} INFO - Processing file /home/athlon/projects/airflow/.venv/lib/python3.11/site-packages/airflow/example_dags/subdags/subdag.py for tasks to queue
[2024-04-28T20:16:28.822-0300] {logging_mixin.py:188} INFO - [2024-04-28T20:16:28.821-0300] {dagbag.py:540} INFO - Filling up the DagBag from /home/athlon/projects/airflow/.venv/lib/python3.11/site-packages/airflow/example_dags/subdags/subdag.py
[2024-04-28T20:16:28.827-0300] {processor.py:842} WARNING - No viable dags retrieved from /home/athlon/projects/airflow/.venv/lib/python3.11/site-packages/airflow/example_dags/subdags/subdag.py
[2024-04-28T20:16:28.848-0300] {processor.py:183} INFO - Processing /home/athlon/projects/airflow/.venv/lib/python3.11/site-packages/airflow/example_dags/subdags/subdag.py took 0.048 seconds
[2024-04-28T20:17:32.332-0300] {processor.py:161} INFO - Started process (PID=7125) to work on /home/athlon/projects/airflow/.venv/lib/python3.11/site-packages/airflow/example_dags/subdags/subdag.py
[2024-04-28T20:17:32.338-0300] {processor.py:830} INFO - Processing file /home/athlon/projects/airflow/.venv/lib/python3.11/site-packages/airflow/example_dags/subdags/subdag.py for tasks to queue
[2024-04-28T20:17:32.342-0300] {logging_mixin.py:188} INFO - [2024-04-28T20:17:32.341-0300] {dagbag.py:540} INFO - Filling up the DagBag from /home/athlon/projects/airflow/.venv/lib/python3.11/site-packages/airflow/example_dags/subdags/subdag.py
[2024-04-28T20:17:32.347-0300] {processor.py:842} WARNING - No viable dags retrieved from /home/athlon/projects/airflow/.venv/lib/python3.11/site-packages/airflow/example_dags/subdags/subdag.py
[2024-04-28T20:17:32.366-0300] {processor.py:183} INFO - Processing /home/athlon/projects/airflow/.venv/lib/python3.11/site-packages/airflow/example_dags/subdags/subdag.py took 0.045 seconds
[2024-04-28T20:18:37.820-0300] {processor.py:161} INFO - Started process (PID=7218) to work on /home/athlon/projects/airflow/.venv/lib/python3.11/site-packages/airflow/example_dags/subdags/subdag.py
[2024-04-28T20:18:37.826-0300] {processor.py:830} INFO - Processing file /home/athlon/projects/airflow/.venv/lib/python3.11/site-packages/airflow/example_dags/subdags/subdag.py for tasks to queue
[2024-04-28T20:18:37.829-0300] {logging_mixin.py:188} INFO - [2024-04-28T20:18:37.828-0300] {dagbag.py:540} INFO - Filling up the DagBag from /home/athlon/projects/airflow/.venv/lib/python3.11/site-packages/airflow/example_dags/subdags/subdag.py
[2024-04-28T20:18:37.832-0300] {processor.py:842} WARNING - No viable dags retrieved from /home/athlon/projects/airflow/.venv/lib/python3.11/site-packages/airflow/example_dags/subdags/subdag.py
[2024-04-28T20:18:37.848-0300] {processor.py:183} INFO - Processing /home/athlon/projects/airflow/.venv/lib/python3.11/site-packages/airflow/example_dags/subdags/subdag.py took 0.039 seconds
[2024-04-28T20:19:43.498-0300] {processor.py:161} INFO - Started process (PID=7295) to work on /home/athlon/projects/airflow/.venv/lib/python3.11/site-packages/airflow/example_dags/subdags/subdag.py
[2024-04-28T20:19:43.504-0300] {processor.py:830} INFO - Processing file /home/athlon/projects/airflow/.venv/lib/python3.11/site-packages/airflow/example_dags/subdags/subdag.py for tasks to queue
[2024-04-28T20:19:43.507-0300] {logging_mixin.py:188} INFO - [2024-04-28T20:19:43.507-0300] {dagbag.py:540} INFO - Filling up the DagBag from /home/athlon/projects/airflow/.venv/lib/python3.11/site-packages/airflow/example_dags/subdags/subdag.py
[2024-04-28T20:19:43.512-0300] {processor.py:842} WARNING - No viable dags retrieved from /home/athlon/projects/airflow/.venv/lib/python3.11/site-packages/airflow/example_dags/subdags/subdag.py
[2024-04-28T20:19:43.532-0300] {processor.py:183} INFO - Processing /home/athlon/projects/airflow/.venv/lib/python3.11/site-packages/airflow/example_dags/subdags/subdag.py took 0.046 seconds
[2024-04-28T20:20:41.912-0300] {processor.py:161} INFO - Started process (PID=7366) to work on /home/athlon/projects/airflow/.venv/lib/python3.11/site-packages/airflow/example_dags/subdags/subdag.py
[2024-04-28T20:20:41.918-0300] {processor.py:830} INFO - Processing file /home/athlon/projects/airflow/.venv/lib/python3.11/site-packages/airflow/example_dags/subdags/subdag.py for tasks to queue
[2024-04-28T20:20:41.920-0300] {logging_mixin.py:188} INFO - [2024-04-28T20:20:41.920-0300] {dagbag.py:540} INFO - Filling up the DagBag from /home/athlon/projects/airflow/.venv/lib/python3.11/site-packages/airflow/example_dags/subdags/subdag.py
[2024-04-28T20:20:41.924-0300] {processor.py:842} WARNING - No viable dags retrieved from /home/athlon/projects/airflow/.venv/lib/python3.11/site-packages/airflow/example_dags/subdags/subdag.py
[2024-04-28T20:20:41.940-0300] {processor.py:183} INFO - Processing /home/athlon/projects/airflow/.venv/lib/python3.11/site-packages/airflow/example_dags/subdags/subdag.py took 0.039 seconds
[2024-04-28T20:21:49.011-0300] {processor.py:161} INFO - Started process (PID=7447) to work on /home/athlon/projects/airflow/.venv/lib/python3.11/site-packages/airflow/example_dags/subdags/subdag.py
[2024-04-28T20:21:49.017-0300] {processor.py:830} INFO - Processing file /home/athlon/projects/airflow/.venv/lib/python3.11/site-packages/airflow/example_dags/subdags/subdag.py for tasks to queue
[2024-04-28T20:21:49.019-0300] {logging_mixin.py:188} INFO - [2024-04-28T20:21:49.018-0300] {dagbag.py:540} INFO - Filling up the DagBag from /home/athlon/projects/airflow/.venv/lib/python3.11/site-packages/airflow/example_dags/subdags/subdag.py
[2024-04-28T20:21:49.022-0300] {processor.py:842} WARNING - No viable dags retrieved from /home/athlon/projects/airflow/.venv/lib/python3.11/site-packages/airflow/example_dags/subdags/subdag.py
[2024-04-28T20:21:49.038-0300] {processor.py:183} INFO - Processing /home/athlon/projects/airflow/.venv/lib/python3.11/site-packages/airflow/example_dags/subdags/subdag.py took 0.037 seconds
[2024-04-28T20:23:00.292-0300] {processor.py:161} INFO - Started process (PID=7533) to work on /home/athlon/projects/airflow/.venv/lib/python3.11/site-packages/airflow/example_dags/subdags/subdag.py
[2024-04-28T20:23:00.293-0300] {processor.py:830} INFO - Processing file /home/athlon/projects/airflow/.venv/lib/python3.11/site-packages/airflow/example_dags/subdags/subdag.py for tasks to queue
[2024-04-28T20:23:00.296-0300] {logging_mixin.py:188} INFO - [2024-04-28T20:23:00.296-0300] {dagbag.py:540} INFO - Filling up the DagBag from /home/athlon/projects/airflow/.venv/lib/python3.11/site-packages/airflow/example_dags/subdags/subdag.py
[2024-04-28T20:23:00.300-0300] {processor.py:842} WARNING - No viable dags retrieved from /home/athlon/projects/airflow/.venv/lib/python3.11/site-packages/airflow/example_dags/subdags/subdag.py
[2024-04-28T20:23:00.319-0300] {processor.py:183} INFO - Processing /home/athlon/projects/airflow/.venv/lib/python3.11/site-packages/airflow/example_dags/subdags/subdag.py took 0.039 seconds
[2024-04-28T20:24:03.910-0300] {processor.py:161} INFO - Started process (PID=7608) to work on /home/athlon/projects/airflow/.venv/lib/python3.11/site-packages/airflow/example_dags/subdags/subdag.py
[2024-04-28T20:24:03.915-0300] {processor.py:830} INFO - Processing file /home/athlon/projects/airflow/.venv/lib/python3.11/site-packages/airflow/example_dags/subdags/subdag.py for tasks to queue
[2024-04-28T20:24:03.918-0300] {logging_mixin.py:188} INFO - [2024-04-28T20:24:03.917-0300] {dagbag.py:540} INFO - Filling up the DagBag from /home/athlon/projects/airflow/.venv/lib/python3.11/site-packages/airflow/example_dags/subdags/subdag.py
[2024-04-28T20:24:03.921-0300] {processor.py:842} WARNING - No viable dags retrieved from /home/athlon/projects/airflow/.venv/lib/python3.11/site-packages/airflow/example_dags/subdags/subdag.py
[2024-04-28T20:24:03.938-0300] {processor.py:183} INFO - Processing /home/athlon/projects/airflow/.venv/lib/python3.11/site-packages/airflow/example_dags/subdags/subdag.py took 0.040 seconds
[2024-04-28T20:25:08.010-0300] {processor.py:161} INFO - Started process (PID=7685) to work on /home/athlon/projects/airflow/.venv/lib/python3.11/site-packages/airflow/example_dags/subdags/subdag.py
[2024-04-28T20:25:08.016-0300] {processor.py:830} INFO - Processing file /home/athlon/projects/airflow/.venv/lib/python3.11/site-packages/airflow/example_dags/subdags/subdag.py for tasks to queue
[2024-04-28T20:25:08.019-0300] {logging_mixin.py:188} INFO - [2024-04-28T20:25:08.018-0300] {dagbag.py:540} INFO - Filling up the DagBag from /home/athlon/projects/airflow/.venv/lib/python3.11/site-packages/airflow/example_dags/subdags/subdag.py
[2024-04-28T20:25:08.022-0300] {processor.py:842} WARNING - No viable dags retrieved from /home/athlon/projects/airflow/.venv/lib/python3.11/site-packages/airflow/example_dags/subdags/subdag.py
[2024-04-28T20:25:08.039-0300] {processor.py:183} INFO - Processing /home/athlon/projects/airflow/.venv/lib/python3.11/site-packages/airflow/example_dags/subdags/subdag.py took 0.040 seconds
[2024-04-28T20:26:12.816-0300] {processor.py:161} INFO - Started process (PID=7762) to work on /home/athlon/projects/airflow/.venv/lib/python3.11/site-packages/airflow/example_dags/subdags/subdag.py
[2024-04-28T20:26:12.822-0300] {processor.py:830} INFO - Processing file /home/athlon/projects/airflow/.venv/lib/python3.11/site-packages/airflow/example_dags/subdags/subdag.py for tasks to queue
[2024-04-28T20:26:12.824-0300] {logging_mixin.py:188} INFO - [2024-04-28T20:26:12.824-0300] {dagbag.py:540} INFO - Filling up the DagBag from /home/athlon/projects/airflow/.venv/lib/python3.11/site-packages/airflow/example_dags/subdags/subdag.py
[2024-04-28T20:26:12.828-0300] {processor.py:842} WARNING - No viable dags retrieved from /home/athlon/projects/airflow/.venv/lib/python3.11/site-packages/airflow/example_dags/subdags/subdag.py
[2024-04-28T20:26:12.845-0300] {processor.py:183} INFO - Processing /home/athlon/projects/airflow/.venv/lib/python3.11/site-packages/airflow/example_dags/subdags/subdag.py took 0.039 seconds
[2024-04-28T20:27:12.013-0300] {processor.py:161} INFO - Started process (PID=7834) to work on /home/athlon/projects/airflow/.venv/lib/python3.11/site-packages/airflow/example_dags/subdags/subdag.py
[2024-04-28T20:27:12.019-0300] {processor.py:830} INFO - Processing file /home/athlon/projects/airflow/.venv/lib/python3.11/site-packages/airflow/example_dags/subdags/subdag.py for tasks to queue
[2024-04-28T20:27:12.022-0300] {logging_mixin.py:188} INFO - [2024-04-28T20:27:12.021-0300] {dagbag.py:540} INFO - Filling up the DagBag from /home/athlon/projects/airflow/.venv/lib/python3.11/site-packages/airflow/example_dags/subdags/subdag.py
[2024-04-28T20:27:12.025-0300] {processor.py:842} WARNING - No viable dags retrieved from /home/athlon/projects/airflow/.venv/lib/python3.11/site-packages/airflow/example_dags/subdags/subdag.py
[2024-04-28T20:27:12.042-0300] {processor.py:183} INFO - Processing /home/athlon/projects/airflow/.venv/lib/python3.11/site-packages/airflow/example_dags/subdags/subdag.py took 0.040 seconds
[2024-04-28T20:28:23.606-0300] {processor.py:161} INFO - Started process (PID=7923) to work on /home/athlon/projects/airflow/.venv/lib/python3.11/site-packages/airflow/example_dags/subdags/subdag.py
[2024-04-28T20:28:23.612-0300] {processor.py:830} INFO - Processing file /home/athlon/projects/airflow/.venv/lib/python3.11/site-packages/airflow/example_dags/subdags/subdag.py for tasks to queue
[2024-04-28T20:28:23.615-0300] {logging_mixin.py:188} INFO - [2024-04-28T20:28:23.614-0300] {dagbag.py:540} INFO - Filling up the DagBag from /home/athlon/projects/airflow/.venv/lib/python3.11/site-packages/airflow/example_dags/subdags/subdag.py
[2024-04-28T20:28:23.618-0300] {processor.py:842} WARNING - No viable dags retrieved from /home/athlon/projects/airflow/.venv/lib/python3.11/site-packages/airflow/example_dags/subdags/subdag.py
[2024-04-28T20:28:23.635-0300] {processor.py:183} INFO - Processing /home/athlon/projects/airflow/.venv/lib/python3.11/site-packages/airflow/example_dags/subdags/subdag.py took 0.039 seconds
[2024-04-28T20:29:25.029-0300] {processor.py:161} INFO - Started process (PID=7994) to work on /home/athlon/projects/airflow/.venv/lib/python3.11/site-packages/airflow/example_dags/subdags/subdag.py
[2024-04-28T20:29:25.035-0300] {processor.py:830} INFO - Processing file /home/athlon/projects/airflow/.venv/lib/python3.11/site-packages/airflow/example_dags/subdags/subdag.py for tasks to queue
[2024-04-28T20:29:25.038-0300] {logging_mixin.py:188} INFO - [2024-04-28T20:29:25.037-0300] {dagbag.py:540} INFO - Filling up the DagBag from /home/athlon/projects/airflow/.venv/lib/python3.11/site-packages/airflow/example_dags/subdags/subdag.py
[2024-04-28T20:29:25.042-0300] {processor.py:842} WARNING - No viable dags retrieved from /home/athlon/projects/airflow/.venv/lib/python3.11/site-packages/airflow/example_dags/subdags/subdag.py
[2024-04-28T20:29:25.058-0300] {processor.py:183} INFO - Processing /home/athlon/projects/airflow/.venv/lib/python3.11/site-packages/airflow/example_dags/subdags/subdag.py took 0.040 seconds
[2024-04-28T20:30:28.151-0300] {processor.py:161} INFO - Started process (PID=8083) to work on /home/athlon/projects/airflow/.venv/lib/python3.11/site-packages/airflow/example_dags/subdags/subdag.py
[2024-04-28T20:30:28.156-0300] {processor.py:830} INFO - Processing file /home/athlon/projects/airflow/.venv/lib/python3.11/site-packages/airflow/example_dags/subdags/subdag.py for tasks to queue
[2024-04-28T20:30:28.159-0300] {logging_mixin.py:188} INFO - [2024-04-28T20:30:28.159-0300] {dagbag.py:540} INFO - Filling up the DagBag from /home/athlon/projects/airflow/.venv/lib/python3.11/site-packages/airflow/example_dags/subdags/subdag.py
[2024-04-28T20:30:28.163-0300] {processor.py:842} WARNING - No viable dags retrieved from /home/athlon/projects/airflow/.venv/lib/python3.11/site-packages/airflow/example_dags/subdags/subdag.py
[2024-04-28T20:30:28.179-0300] {processor.py:183} INFO - Processing /home/athlon/projects/airflow/.venv/lib/python3.11/site-packages/airflow/example_dags/subdags/subdag.py took 0.039 seconds
[2024-04-28T20:31:31.980-0300] {processor.py:161} INFO - Started process (PID=8162) to work on /home/athlon/projects/airflow/.venv/lib/python3.11/site-packages/airflow/example_dags/subdags/subdag.py
[2024-04-28T20:31:31.986-0300] {processor.py:830} INFO - Processing file /home/athlon/projects/airflow/.venv/lib/python3.11/site-packages/airflow/example_dags/subdags/subdag.py for tasks to queue
[2024-04-28T20:31:31.988-0300] {logging_mixin.py:188} INFO - [2024-04-28T20:31:31.988-0300] {dagbag.py:540} INFO - Filling up the DagBag from /home/athlon/projects/airflow/.venv/lib/python3.11/site-packages/airflow/example_dags/subdags/subdag.py
[2024-04-28T20:31:31.992-0300] {processor.py:842} WARNING - No viable dags retrieved from /home/athlon/projects/airflow/.venv/lib/python3.11/site-packages/airflow/example_dags/subdags/subdag.py
[2024-04-28T20:31:32.009-0300] {processor.py:183} INFO - Processing /home/athlon/projects/airflow/.venv/lib/python3.11/site-packages/airflow/example_dags/subdags/subdag.py took 0.040 seconds
[2024-04-28T20:32:34.966-0300] {processor.py:161} INFO - Started process (PID=8241) to work on /home/athlon/projects/airflow/.venv/lib/python3.11/site-packages/airflow/example_dags/subdags/subdag.py
[2024-04-28T20:32:34.971-0300] {processor.py:830} INFO - Processing file /home/athlon/projects/airflow/.venv/lib/python3.11/site-packages/airflow/example_dags/subdags/subdag.py for tasks to queue
[2024-04-28T20:32:34.974-0300] {logging_mixin.py:188} INFO - [2024-04-28T20:32:34.973-0300] {dagbag.py:540} INFO - Filling up the DagBag from /home/athlon/projects/airflow/.venv/lib/python3.11/site-packages/airflow/example_dags/subdags/subdag.py
[2024-04-28T20:32:34.977-0300] {processor.py:842} WARNING - No viable dags retrieved from /home/athlon/projects/airflow/.venv/lib/python3.11/site-packages/airflow/example_dags/subdags/subdag.py
[2024-04-28T20:32:34.994-0300] {processor.py:183} INFO - Processing /home/athlon/projects/airflow/.venv/lib/python3.11/site-packages/airflow/example_dags/subdags/subdag.py took 0.039 seconds
[2024-04-28T20:33:38.508-0300] {processor.py:161} INFO - Started process (PID=8319) to work on /home/athlon/projects/airflow/.venv/lib/python3.11/site-packages/airflow/example_dags/subdags/subdag.py
[2024-04-28T20:33:38.514-0300] {processor.py:830} INFO - Processing file /home/athlon/projects/airflow/.venv/lib/python3.11/site-packages/airflow/example_dags/subdags/subdag.py for tasks to queue
[2024-04-28T20:33:38.517-0300] {logging_mixin.py:188} INFO - [2024-04-28T20:33:38.516-0300] {dagbag.py:540} INFO - Filling up the DagBag from /home/athlon/projects/airflow/.venv/lib/python3.11/site-packages/airflow/example_dags/subdags/subdag.py
[2024-04-28T20:33:38.520-0300] {processor.py:842} WARNING - No viable dags retrieved from /home/athlon/projects/airflow/.venv/lib/python3.11/site-packages/airflow/example_dags/subdags/subdag.py
[2024-04-28T20:33:38.537-0300] {processor.py:183} INFO - Processing /home/athlon/projects/airflow/.venv/lib/python3.11/site-packages/airflow/example_dags/subdags/subdag.py took 0.039 seconds
[2024-04-28T20:34:38.821-0300] {processor.py:161} INFO - Started process (PID=8390) to work on /home/athlon/projects/airflow/.venv/lib/python3.11/site-packages/airflow/example_dags/subdags/subdag.py
[2024-04-28T20:34:38.827-0300] {processor.py:830} INFO - Processing file /home/athlon/projects/airflow/.venv/lib/python3.11/site-packages/airflow/example_dags/subdags/subdag.py for tasks to queue
[2024-04-28T20:34:38.830-0300] {logging_mixin.py:188} INFO - [2024-04-28T20:34:38.829-0300] {dagbag.py:540} INFO - Filling up the DagBag from /home/athlon/projects/airflow/.venv/lib/python3.11/site-packages/airflow/example_dags/subdags/subdag.py
[2024-04-28T20:34:38.833-0300] {processor.py:842} WARNING - No viable dags retrieved from /home/athlon/projects/airflow/.venv/lib/python3.11/site-packages/airflow/example_dags/subdags/subdag.py
[2024-04-28T20:34:38.850-0300] {processor.py:183} INFO - Processing /home/athlon/projects/airflow/.venv/lib/python3.11/site-packages/airflow/example_dags/subdags/subdag.py took 0.039 seconds
[2024-04-28T20:35:45.794-0300] {processor.py:161} INFO - Started process (PID=8471) to work on /home/athlon/projects/airflow/.venv/lib/python3.11/site-packages/airflow/example_dags/subdags/subdag.py
[2024-04-28T20:35:45.801-0300] {processor.py:830} INFO - Processing file /home/athlon/projects/airflow/.venv/lib/python3.11/site-packages/airflow/example_dags/subdags/subdag.py for tasks to queue
[2024-04-28T20:35:45.804-0300] {logging_mixin.py:188} INFO - [2024-04-28T20:35:45.803-0300] {dagbag.py:540} INFO - Filling up the DagBag from /home/athlon/projects/airflow/.venv/lib/python3.11/site-packages/airflow/example_dags/subdags/subdag.py
[2024-04-28T20:35:45.808-0300] {processor.py:842} WARNING - No viable dags retrieved from /home/athlon/projects/airflow/.venv/lib/python3.11/site-packages/airflow/example_dags/subdags/subdag.py
[2024-04-28T20:35:45.829-0300] {processor.py:183} INFO - Processing /home/athlon/projects/airflow/.venv/lib/python3.11/site-packages/airflow/example_dags/subdags/subdag.py took 0.047 seconds
[2024-04-28T20:36:46.600-0300] {processor.py:161} INFO - Started process (PID=8543) to work on /home/athlon/projects/airflow/.venv/lib/python3.11/site-packages/airflow/example_dags/subdags/subdag.py
[2024-04-28T20:36:46.606-0300] {processor.py:830} INFO - Processing file /home/athlon/projects/airflow/.venv/lib/python3.11/site-packages/airflow/example_dags/subdags/subdag.py for tasks to queue
[2024-04-28T20:36:46.609-0300] {logging_mixin.py:188} INFO - [2024-04-28T20:36:46.608-0300] {dagbag.py:540} INFO - Filling up the DagBag from /home/athlon/projects/airflow/.venv/lib/python3.11/site-packages/airflow/example_dags/subdags/subdag.py
[2024-04-28T20:36:46.612-0300] {processor.py:842} WARNING - No viable dags retrieved from /home/athlon/projects/airflow/.venv/lib/python3.11/site-packages/airflow/example_dags/subdags/subdag.py
[2024-04-28T20:36:46.629-0300] {processor.py:183} INFO - Processing /home/athlon/projects/airflow/.venv/lib/python3.11/site-packages/airflow/example_dags/subdags/subdag.py took 0.039 seconds
[2024-04-28T20:37:52.625-0300] {processor.py:161} INFO - Started process (PID=8620) to work on /home/athlon/projects/airflow/.venv/lib/python3.11/site-packages/airflow/example_dags/subdags/subdag.py
[2024-04-28T20:37:52.631-0300] {processor.py:830} INFO - Processing file /home/athlon/projects/airflow/.venv/lib/python3.11/site-packages/airflow/example_dags/subdags/subdag.py for tasks to queue
[2024-04-28T20:37:52.634-0300] {logging_mixin.py:188} INFO - [2024-04-28T20:37:52.633-0300] {dagbag.py:540} INFO - Filling up the DagBag from /home/athlon/projects/airflow/.venv/lib/python3.11/site-packages/airflow/example_dags/subdags/subdag.py
[2024-04-28T20:37:52.637-0300] {processor.py:842} WARNING - No viable dags retrieved from /home/athlon/projects/airflow/.venv/lib/python3.11/site-packages/airflow/example_dags/subdags/subdag.py
[2024-04-28T20:37:52.653-0300] {processor.py:183} INFO - Processing /home/athlon/projects/airflow/.venv/lib/python3.11/site-packages/airflow/example_dags/subdags/subdag.py took 0.039 seconds
[2024-04-28T20:38:54.851-0300] {processor.py:161} INFO - Started process (PID=8697) to work on /home/athlon/projects/airflow/.venv/lib/python3.11/site-packages/airflow/example_dags/subdags/subdag.py
[2024-04-28T20:38:54.856-0300] {processor.py:830} INFO - Processing file /home/athlon/projects/airflow/.venv/lib/python3.11/site-packages/airflow/example_dags/subdags/subdag.py for tasks to queue
[2024-04-28T20:38:54.859-0300] {logging_mixin.py:188} INFO - [2024-04-28T20:38:54.858-0300] {dagbag.py:540} INFO - Filling up the DagBag from /home/athlon/projects/airflow/.venv/lib/python3.11/site-packages/airflow/example_dags/subdags/subdag.py
[2024-04-28T20:38:54.861-0300] {processor.py:842} WARNING - No viable dags retrieved from /home/athlon/projects/airflow/.venv/lib/python3.11/site-packages/airflow/example_dags/subdags/subdag.py
[2024-04-28T20:38:54.875-0300] {processor.py:183} INFO - Processing /home/athlon/projects/airflow/.venv/lib/python3.11/site-packages/airflow/example_dags/subdags/subdag.py took 0.034 seconds
[2024-04-28T20:39:54.304-0300] {processor.py:161} INFO - Started process (PID=8800) to work on /home/athlon/projects/airflow/.venv/lib/python3.11/site-packages/airflow/example_dags/subdags/subdag.py
[2024-04-28T20:39:54.310-0300] {processor.py:830} INFO - Processing file /home/athlon/projects/airflow/.venv/lib/python3.11/site-packages/airflow/example_dags/subdags/subdag.py for tasks to queue
[2024-04-28T20:39:54.313-0300] {logging_mixin.py:188} INFO - [2024-04-28T20:39:54.312-0300] {dagbag.py:540} INFO - Filling up the DagBag from /home/athlon/projects/airflow/.venv/lib/python3.11/site-packages/airflow/example_dags/subdags/subdag.py
[2024-04-28T20:39:54.316-0300] {processor.py:842} WARNING - No viable dags retrieved from /home/athlon/projects/airflow/.venv/lib/python3.11/site-packages/airflow/example_dags/subdags/subdag.py
[2024-04-28T20:39:54.332-0300] {processor.py:183} INFO - Processing /home/athlon/projects/airflow/.venv/lib/python3.11/site-packages/airflow/example_dags/subdags/subdag.py took 0.039 seconds
[2024-04-28T20:40:57.569-0300] {processor.py:161} INFO - Started process (PID=8876) to work on /home/athlon/projects/airflow/.venv/lib/python3.11/site-packages/airflow/example_dags/subdags/subdag.py
[2024-04-28T20:40:57.575-0300] {processor.py:830} INFO - Processing file /home/athlon/projects/airflow/.venv/lib/python3.11/site-packages/airflow/example_dags/subdags/subdag.py for tasks to queue
[2024-04-28T20:40:57.577-0300] {logging_mixin.py:188} INFO - [2024-04-28T20:40:57.577-0300] {dagbag.py:540} INFO - Filling up the DagBag from /home/athlon/projects/airflow/.venv/lib/python3.11/site-packages/airflow/example_dags/subdags/subdag.py
[2024-04-28T20:40:57.581-0300] {processor.py:842} WARNING - No viable dags retrieved from /home/athlon/projects/airflow/.venv/lib/python3.11/site-packages/airflow/example_dags/subdags/subdag.py
[2024-04-28T20:40:57.598-0300] {processor.py:183} INFO - Processing /home/athlon/projects/airflow/.venv/lib/python3.11/site-packages/airflow/example_dags/subdags/subdag.py took 0.039 seconds
[2024-04-28T20:41:58.860-0300] {processor.py:161} INFO - Started process (PID=8989) to work on /home/athlon/projects/airflow/.venv/lib/python3.11/site-packages/airflow/example_dags/subdags/subdag.py
[2024-04-28T20:41:58.866-0300] {processor.py:830} INFO - Processing file /home/athlon/projects/airflow/.venv/lib/python3.11/site-packages/airflow/example_dags/subdags/subdag.py for tasks to queue
[2024-04-28T20:41:58.868-0300] {logging_mixin.py:188} INFO - [2024-04-28T20:41:58.868-0300] {dagbag.py:540} INFO - Filling up the DagBag from /home/athlon/projects/airflow/.venv/lib/python3.11/site-packages/airflow/example_dags/subdags/subdag.py
[2024-04-28T20:41:58.872-0300] {processor.py:842} WARNING - No viable dags retrieved from /home/athlon/projects/airflow/.venv/lib/python3.11/site-packages/airflow/example_dags/subdags/subdag.py
[2024-04-28T20:41:58.888-0300] {processor.py:183} INFO - Processing /home/athlon/projects/airflow/.venv/lib/python3.11/site-packages/airflow/example_dags/subdags/subdag.py took 0.039 seconds
[2024-04-28T20:43:04.824-0300] {processor.py:161} INFO - Started process (PID=9103) to work on /home/athlon/projects/airflow/.venv/lib/python3.11/site-packages/airflow/example_dags/subdags/subdag.py
[2024-04-28T20:43:04.830-0300] {processor.py:830} INFO - Processing file /home/athlon/projects/airflow/.venv/lib/python3.11/site-packages/airflow/example_dags/subdags/subdag.py for tasks to queue
[2024-04-28T20:43:04.833-0300] {logging_mixin.py:188} INFO - [2024-04-28T20:43:04.832-0300] {dagbag.py:540} INFO - Filling up the DagBag from /home/athlon/projects/airflow/.venv/lib/python3.11/site-packages/airflow/example_dags/subdags/subdag.py
[2024-04-28T20:43:04.836-0300] {processor.py:842} WARNING - No viable dags retrieved from /home/athlon/projects/airflow/.venv/lib/python3.11/site-packages/airflow/example_dags/subdags/subdag.py
[2024-04-28T20:43:04.853-0300] {processor.py:183} INFO - Processing /home/athlon/projects/airflow/.venv/lib/python3.11/site-packages/airflow/example_dags/subdags/subdag.py took 0.039 seconds
[2024-04-28T20:44:11.151-0300] {processor.py:161} INFO - Started process (PID=9237) to work on /home/athlon/projects/airflow/.venv/lib/python3.11/site-packages/airflow/example_dags/subdags/subdag.py
[2024-04-28T20:44:11.157-0300] {processor.py:830} INFO - Processing file /home/athlon/projects/airflow/.venv/lib/python3.11/site-packages/airflow/example_dags/subdags/subdag.py for tasks to queue
[2024-04-28T20:44:11.160-0300] {logging_mixin.py:188} INFO - [2024-04-28T20:44:11.159-0300] {dagbag.py:540} INFO - Filling up the DagBag from /home/athlon/projects/airflow/.venv/lib/python3.11/site-packages/airflow/example_dags/subdags/subdag.py
[2024-04-28T20:44:11.163-0300] {processor.py:842} WARNING - No viable dags retrieved from /home/athlon/projects/airflow/.venv/lib/python3.11/site-packages/airflow/example_dags/subdags/subdag.py
[2024-04-28T20:44:11.180-0300] {processor.py:183} INFO - Processing /home/athlon/projects/airflow/.venv/lib/python3.11/site-packages/airflow/example_dags/subdags/subdag.py took 0.039 seconds
[2024-04-28T20:45:14.198-0300] {processor.py:161} INFO - Started process (PID=9345) to work on /home/athlon/projects/airflow/.venv/lib/python3.11/site-packages/airflow/example_dags/subdags/subdag.py
[2024-04-28T20:45:14.204-0300] {processor.py:830} INFO - Processing file /home/athlon/projects/airflow/.venv/lib/python3.11/site-packages/airflow/example_dags/subdags/subdag.py for tasks to queue
[2024-04-28T20:45:14.207-0300] {logging_mixin.py:188} INFO - [2024-04-28T20:45:14.206-0300] {dagbag.py:540} INFO - Filling up the DagBag from /home/athlon/projects/airflow/.venv/lib/python3.11/site-packages/airflow/example_dags/subdags/subdag.py
[2024-04-28T20:45:14.211-0300] {processor.py:842} WARNING - No viable dags retrieved from /home/athlon/projects/airflow/.venv/lib/python3.11/site-packages/airflow/example_dags/subdags/subdag.py
[2024-04-28T20:45:14.227-0300] {processor.py:183} INFO - Processing /home/athlon/projects/airflow/.venv/lib/python3.11/site-packages/airflow/example_dags/subdags/subdag.py took 0.041 seconds
[2024-04-28T20:46:23.721-0300] {processor.py:161} INFO - Started process (PID=9454) to work on /home/athlon/projects/airflow/.venv/lib/python3.11/site-packages/airflow/example_dags/subdags/subdag.py
[2024-04-28T20:46:23.726-0300] {processor.py:830} INFO - Processing file /home/athlon/projects/airflow/.venv/lib/python3.11/site-packages/airflow/example_dags/subdags/subdag.py for tasks to queue
[2024-04-28T20:46:23.731-0300] {logging_mixin.py:188} INFO - [2024-04-28T20:46:23.730-0300] {dagbag.py:540} INFO - Filling up the DagBag from /home/athlon/projects/airflow/.venv/lib/python3.11/site-packages/airflow/example_dags/subdags/subdag.py
[2024-04-28T20:46:23.736-0300] {processor.py:842} WARNING - No viable dags retrieved from /home/athlon/projects/airflow/.venv/lib/python3.11/site-packages/airflow/example_dags/subdags/subdag.py
[2024-04-28T20:46:23.754-0300] {processor.py:183} INFO - Processing /home/athlon/projects/airflow/.venv/lib/python3.11/site-packages/airflow/example_dags/subdags/subdag.py took 0.046 seconds
[2024-04-28T20:47:19.869-0300] {processor.py:161} INFO - Started process (PID=9540) to work on /home/athlon/projects/airflow/.venv/lib/python3.11/site-packages/airflow/example_dags/subdags/subdag.py
[2024-04-28T20:47:19.875-0300] {processor.py:830} INFO - Processing file /home/athlon/projects/airflow/.venv/lib/python3.11/site-packages/airflow/example_dags/subdags/subdag.py for tasks to queue
[2024-04-28T20:47:19.879-0300] {logging_mixin.py:188} INFO - [2024-04-28T20:47:19.878-0300] {dagbag.py:540} INFO - Filling up the DagBag from /home/athlon/projects/airflow/.venv/lib/python3.11/site-packages/airflow/example_dags/subdags/subdag.py
[2024-04-28T20:47:19.884-0300] {processor.py:842} WARNING - No viable dags retrieved from /home/athlon/projects/airflow/.venv/lib/python3.11/site-packages/airflow/example_dags/subdags/subdag.py
[2024-04-28T20:47:19.906-0300] {processor.py:183} INFO - Processing /home/athlon/projects/airflow/.venv/lib/python3.11/site-packages/airflow/example_dags/subdags/subdag.py took 0.051 seconds
[2024-04-28T20:48:28.022-0300] {processor.py:161} INFO - Started process (PID=9711) to work on /home/athlon/projects/airflow/.venv/lib/python3.11/site-packages/airflow/example_dags/subdags/subdag.py
[2024-04-28T20:48:28.024-0300] {processor.py:830} INFO - Processing file /home/athlon/projects/airflow/.venv/lib/python3.11/site-packages/airflow/example_dags/subdags/subdag.py for tasks to queue
[2024-04-28T20:48:28.028-0300] {logging_mixin.py:188} INFO - [2024-04-28T20:48:28.027-0300] {dagbag.py:540} INFO - Filling up the DagBag from /home/athlon/projects/airflow/.venv/lib/python3.11/site-packages/airflow/example_dags/subdags/subdag.py
[2024-04-28T20:48:28.033-0300] {processor.py:842} WARNING - No viable dags retrieved from /home/athlon/projects/airflow/.venv/lib/python3.11/site-packages/airflow/example_dags/subdags/subdag.py
[2024-04-28T20:48:28.053-0300] {processor.py:183} INFO - Processing /home/athlon/projects/airflow/.venv/lib/python3.11/site-packages/airflow/example_dags/subdags/subdag.py took 0.044 seconds
[2024-04-28T20:49:30.698-0300] {processor.py:161} INFO - Started process (PID=9784) to work on /home/athlon/projects/airflow/.venv/lib/python3.11/site-packages/airflow/example_dags/subdags/subdag.py
[2024-04-28T20:49:30.700-0300] {processor.py:830} INFO - Processing file /home/athlon/projects/airflow/.venv/lib/python3.11/site-packages/airflow/example_dags/subdags/subdag.py for tasks to queue
[2024-04-28T20:49:30.702-0300] {logging_mixin.py:188} INFO - [2024-04-28T20:49:30.702-0300] {dagbag.py:540} INFO - Filling up the DagBag from /home/athlon/projects/airflow/.venv/lib/python3.11/site-packages/airflow/example_dags/subdags/subdag.py
[2024-04-28T20:49:30.706-0300] {processor.py:842} WARNING - No viable dags retrieved from /home/athlon/projects/airflow/.venv/lib/python3.11/site-packages/airflow/example_dags/subdags/subdag.py
[2024-04-28T20:49:30.723-0300] {processor.py:183} INFO - Processing /home/athlon/projects/airflow/.venv/lib/python3.11/site-packages/airflow/example_dags/subdags/subdag.py took 0.035 seconds
[2024-04-28T20:50:39.731-0300] {processor.py:161} INFO - Started process (PID=9872) to work on /home/athlon/projects/airflow/.venv/lib/python3.11/site-packages/airflow/example_dags/subdags/subdag.py
[2024-04-28T20:50:39.737-0300] {processor.py:830} INFO - Processing file /home/athlon/projects/airflow/.venv/lib/python3.11/site-packages/airflow/example_dags/subdags/subdag.py for tasks to queue
[2024-04-28T20:50:39.740-0300] {logging_mixin.py:188} INFO - [2024-04-28T20:50:39.739-0300] {dagbag.py:540} INFO - Filling up the DagBag from /home/athlon/projects/airflow/.venv/lib/python3.11/site-packages/airflow/example_dags/subdags/subdag.py
[2024-04-28T20:50:39.743-0300] {processor.py:842} WARNING - No viable dags retrieved from /home/athlon/projects/airflow/.venv/lib/python3.11/site-packages/airflow/example_dags/subdags/subdag.py
[2024-04-28T20:50:39.760-0300] {processor.py:183} INFO - Processing /home/athlon/projects/airflow/.venv/lib/python3.11/site-packages/airflow/example_dags/subdags/subdag.py took 0.038 seconds
[2024-04-28T20:51:55.121-0300] {processor.py:161} INFO - Started process (PID=9995) to work on /home/athlon/projects/airflow/.venv/lib/python3.11/site-packages/airflow/example_dags/subdags/subdag.py
[2024-04-28T20:51:55.122-0300] {processor.py:830} INFO - Processing file /home/athlon/projects/airflow/.venv/lib/python3.11/site-packages/airflow/example_dags/subdags/subdag.py for tasks to queue
[2024-04-28T20:51:55.126-0300] {logging_mixin.py:188} INFO - [2024-04-28T20:51:55.125-0300] {dagbag.py:540} INFO - Filling up the DagBag from /home/athlon/projects/airflow/.venv/lib/python3.11/site-packages/airflow/example_dags/subdags/subdag.py
[2024-04-28T20:51:55.135-0300] {processor.py:842} WARNING - No viable dags retrieved from /home/athlon/projects/airflow/.venv/lib/python3.11/site-packages/airflow/example_dags/subdags/subdag.py
[2024-04-28T20:51:55.159-0300] {processor.py:183} INFO - Processing /home/athlon/projects/airflow/.venv/lib/python3.11/site-packages/airflow/example_dags/subdags/subdag.py took 0.055 seconds
[2024-04-28T20:52:53.470-0300] {processor.py:161} INFO - Started process (PID=10059) to work on /home/athlon/projects/airflow/.venv/lib/python3.11/site-packages/airflow/example_dags/subdags/subdag.py
[2024-04-28T20:52:53.472-0300] {processor.py:830} INFO - Processing file /home/athlon/projects/airflow/.venv/lib/python3.11/site-packages/airflow/example_dags/subdags/subdag.py for tasks to queue
[2024-04-28T20:52:53.475-0300] {logging_mixin.py:188} INFO - [2024-04-28T20:52:53.474-0300] {dagbag.py:540} INFO - Filling up the DagBag from /home/athlon/projects/airflow/.venv/lib/python3.11/site-packages/airflow/example_dags/subdags/subdag.py
[2024-04-28T20:52:53.479-0300] {processor.py:842} WARNING - No viable dags retrieved from /home/athlon/projects/airflow/.venv/lib/python3.11/site-packages/airflow/example_dags/subdags/subdag.py
[2024-04-28T20:52:53.493-0300] {processor.py:183} INFO - Processing /home/athlon/projects/airflow/.venv/lib/python3.11/site-packages/airflow/example_dags/subdags/subdag.py took 0.034 seconds
[2024-04-28T20:53:38.471-0300] {processor.py:161} INFO - Started process (PID=10117) to work on /home/athlon/projects/airflow/.venv/lib/python3.11/site-packages/airflow/example_dags/subdags/subdag.py
[2024-04-28T20:53:38.473-0300] {processor.py:830} INFO - Processing file /home/athlon/projects/airflow/.venv/lib/python3.11/site-packages/airflow/example_dags/subdags/subdag.py for tasks to queue
[2024-04-28T20:53:38.482-0300] {logging_mixin.py:188} INFO - [2024-04-28T20:53:38.480-0300] {dagbag.py:540} INFO - Filling up the DagBag from /home/athlon/projects/airflow/.venv/lib/python3.11/site-packages/airflow/example_dags/subdags/subdag.py
[2024-04-28T20:53:38.488-0300] {processor.py:842} WARNING - No viable dags retrieved from /home/athlon/projects/airflow/.venv/lib/python3.11/site-packages/airflow/example_dags/subdags/subdag.py
[2024-04-28T20:53:38.523-0300] {processor.py:183} INFO - Processing /home/athlon/projects/airflow/.venv/lib/python3.11/site-packages/airflow/example_dags/subdags/subdag.py took 0.073 seconds
[2024-04-28T20:54:40.239-0300] {processor.py:161} INFO - Started process (PID=10222) to work on /home/athlon/projects/airflow/.venv/lib/python3.11/site-packages/airflow/example_dags/subdags/subdag.py
[2024-04-28T20:54:40.246-0300] {processor.py:830} INFO - Processing file /home/athlon/projects/airflow/.venv/lib/python3.11/site-packages/airflow/example_dags/subdags/subdag.py for tasks to queue
[2024-04-28T20:54:40.249-0300] {logging_mixin.py:188} INFO - [2024-04-28T20:54:40.248-0300] {dagbag.py:540} INFO - Filling up the DagBag from /home/athlon/projects/airflow/.venv/lib/python3.11/site-packages/airflow/example_dags/subdags/subdag.py
[2024-04-28T20:54:40.253-0300] {processor.py:842} WARNING - No viable dags retrieved from /home/athlon/projects/airflow/.venv/lib/python3.11/site-packages/airflow/example_dags/subdags/subdag.py
[2024-04-28T20:54:40.270-0300] {processor.py:183} INFO - Processing /home/athlon/projects/airflow/.venv/lib/python3.11/site-packages/airflow/example_dags/subdags/subdag.py took 0.044 seconds
[2024-04-28T20:55:49.703-0300] {processor.py:161} INFO - Started process (PID=10310) to work on /home/athlon/projects/airflow/.venv/lib/python3.11/site-packages/airflow/example_dags/subdags/subdag.py
[2024-04-28T20:55:49.709-0300] {processor.py:830} INFO - Processing file /home/athlon/projects/airflow/.venv/lib/python3.11/site-packages/airflow/example_dags/subdags/subdag.py for tasks to queue
[2024-04-28T20:55:49.712-0300] {logging_mixin.py:188} INFO - [2024-04-28T20:55:49.711-0300] {dagbag.py:540} INFO - Filling up the DagBag from /home/athlon/projects/airflow/.venv/lib/python3.11/site-packages/airflow/example_dags/subdags/subdag.py
[2024-04-28T20:55:49.716-0300] {processor.py:842} WARNING - No viable dags retrieved from /home/athlon/projects/airflow/.venv/lib/python3.11/site-packages/airflow/example_dags/subdags/subdag.py
[2024-04-28T20:55:49.732-0300] {processor.py:183} INFO - Processing /home/athlon/projects/airflow/.venv/lib/python3.11/site-packages/airflow/example_dags/subdags/subdag.py took 0.041 seconds
[2024-04-28T20:56:50.762-0300] {processor.py:161} INFO - Started process (PID=10432) to work on /home/athlon/projects/airflow/.venv/lib/python3.11/site-packages/airflow/example_dags/subdags/subdag.py
[2024-04-28T20:56:50.768-0300] {processor.py:830} INFO - Processing file /home/athlon/projects/airflow/.venv/lib/python3.11/site-packages/airflow/example_dags/subdags/subdag.py for tasks to queue
[2024-04-28T20:56:50.771-0300] {logging_mixin.py:188} INFO - [2024-04-28T20:56:50.771-0300] {dagbag.py:540} INFO - Filling up the DagBag from /home/athlon/projects/airflow/.venv/lib/python3.11/site-packages/airflow/example_dags/subdags/subdag.py
[2024-04-28T20:56:50.775-0300] {processor.py:842} WARNING - No viable dags retrieved from /home/athlon/projects/airflow/.venv/lib/python3.11/site-packages/airflow/example_dags/subdags/subdag.py
[2024-04-28T20:56:50.792-0300] {processor.py:183} INFO - Processing /home/athlon/projects/airflow/.venv/lib/python3.11/site-packages/airflow/example_dags/subdags/subdag.py took 0.041 seconds
[2024-04-28T20:57:54.896-0300] {processor.py:161} INFO - Started process (PID=10638) to work on /home/athlon/projects/airflow/.venv/lib/python3.11/site-packages/airflow/example_dags/subdags/subdag.py
[2024-04-28T20:57:54.902-0300] {processor.py:830} INFO - Processing file /home/athlon/projects/airflow/.venv/lib/python3.11/site-packages/airflow/example_dags/subdags/subdag.py for tasks to queue
[2024-04-28T20:57:54.905-0300] {logging_mixin.py:188} INFO - [2024-04-28T20:57:54.904-0300] {dagbag.py:540} INFO - Filling up the DagBag from /home/athlon/projects/airflow/.venv/lib/python3.11/site-packages/airflow/example_dags/subdags/subdag.py
[2024-04-28T20:57:54.910-0300] {processor.py:842} WARNING - No viable dags retrieved from /home/athlon/projects/airflow/.venv/lib/python3.11/site-packages/airflow/example_dags/subdags/subdag.py
[2024-04-28T20:57:54.928-0300] {processor.py:183} INFO - Processing /home/athlon/projects/airflow/.venv/lib/python3.11/site-packages/airflow/example_dags/subdags/subdag.py took 0.044 seconds
[2024-04-28T20:59:02.878-0300] {processor.py:161} INFO - Started process (PID=10715) to work on /home/athlon/projects/airflow/.venv/lib/python3.11/site-packages/airflow/example_dags/subdags/subdag.py
[2024-04-28T20:59:02.885-0300] {processor.py:830} INFO - Processing file /home/athlon/projects/airflow/.venv/lib/python3.11/site-packages/airflow/example_dags/subdags/subdag.py for tasks to queue
[2024-04-28T20:59:02.889-0300] {logging_mixin.py:188} INFO - [2024-04-28T20:59:02.888-0300] {dagbag.py:540} INFO - Filling up the DagBag from /home/athlon/projects/airflow/.venv/lib/python3.11/site-packages/airflow/example_dags/subdags/subdag.py
[2024-04-28T20:59:02.894-0300] {processor.py:842} WARNING - No viable dags retrieved from /home/athlon/projects/airflow/.venv/lib/python3.11/site-packages/airflow/example_dags/subdags/subdag.py
[2024-04-28T20:59:02.915-0300] {processor.py:183} INFO - Processing /home/athlon/projects/airflow/.venv/lib/python3.11/site-packages/airflow/example_dags/subdags/subdag.py took 0.052 seconds
[2024-04-28T20:59:45.596-0300] {processor.py:161} INFO - Started process (PID=10801) to work on /home/athlon/projects/airflow/.venv/lib/python3.11/site-packages/airflow/example_dags/subdags/subdag.py
[2024-04-28T20:59:45.600-0300] {processor.py:830} INFO - Processing file /home/athlon/projects/airflow/.venv/lib/python3.11/site-packages/airflow/example_dags/subdags/subdag.py for tasks to queue
[2024-04-28T20:59:45.604-0300] {logging_mixin.py:188} INFO - [2024-04-28T20:59:45.603-0300] {dagbag.py:540} INFO - Filling up the DagBag from /home/athlon/projects/airflow/.venv/lib/python3.11/site-packages/airflow/example_dags/subdags/subdag.py
[2024-04-28T20:59:45.609-0300] {processor.py:842} WARNING - No viable dags retrieved from /home/athlon/projects/airflow/.venv/lib/python3.11/site-packages/airflow/example_dags/subdags/subdag.py
[2024-04-28T20:59:45.629-0300] {processor.py:183} INFO - Processing /home/athlon/projects/airflow/.venv/lib/python3.11/site-packages/airflow/example_dags/subdags/subdag.py took 0.047 seconds
