[2024-04-26T21:25:04.648-0300] {processor.py:161} INFO - Started process (PID=17696) to work on /home/athlon/projects/airflow/.venv/lib/python3.11/site-packages/airflow/example_dags/plugins/event_listener.py
[2024-04-26T21:25:04.649-0300] {processor.py:830} INFO - Processing file /home/athlon/projects/airflow/.venv/lib/python3.11/site-packages/airflow/example_dags/plugins/event_listener.py for tasks to queue
[2024-04-26T21:25:04.652-0300] {logging_mixin.py:188} INFO - [2024-04-26T21:25:04.651-0300] {dagbag.py:540} INFO - Filling up the DagBag from /home/athlon/projects/airflow/.venv/lib/python3.11/site-packages/airflow/example_dags/plugins/event_listener.py
[2024-04-26T21:25:04.655-0300] {processor.py:842} WARNING - No viable dags retrieved from /home/athlon/projects/airflow/.venv/lib/python3.11/site-packages/airflow/example_dags/plugins/event_listener.py
[2024-04-26T21:25:04.669-0300] {processor.py:183} INFO - Processing /home/athlon/projects/airflow/.venv/lib/python3.11/site-packages/airflow/example_dags/plugins/event_listener.py took 0.030 seconds
[2024-04-26T21:26:01.831-0300] {processor.py:161} INFO - Started process (PID=17832) to work on /home/athlon/projects/airflow/.venv/lib/python3.11/site-packages/airflow/example_dags/plugins/event_listener.py
[2024-04-26T21:26:01.837-0300] {processor.py:830} INFO - Processing file /home/athlon/projects/airflow/.venv/lib/python3.11/site-packages/airflow/example_dags/plugins/event_listener.py for tasks to queue
[2024-04-26T21:26:01.839-0300] {logging_mixin.py:188} INFO - [2024-04-26T21:26:01.839-0300] {dagbag.py:540} INFO - Filling up the DagBag from /home/athlon/projects/airflow/.venv/lib/python3.11/site-packages/airflow/example_dags/plugins/event_listener.py
[2024-04-26T21:26:01.843-0300] {processor.py:842} WARNING - No viable dags retrieved from /home/athlon/projects/airflow/.venv/lib/python3.11/site-packages/airflow/example_dags/plugins/event_listener.py
[2024-04-26T21:26:01.859-0300] {processor.py:183} INFO - Processing /home/athlon/projects/airflow/.venv/lib/python3.11/site-packages/airflow/example_dags/plugins/event_listener.py took 0.037 seconds
[2024-04-26T21:26:57.448-0300] {processor.py:161} INFO - Started process (PID=17909) to work on /home/athlon/projects/airflow/.venv/lib/python3.11/site-packages/airflow/example_dags/plugins/event_listener.py
[2024-04-26T21:26:57.454-0300] {processor.py:830} INFO - Processing file /home/athlon/projects/airflow/.venv/lib/python3.11/site-packages/airflow/example_dags/plugins/event_listener.py for tasks to queue
[2024-04-26T21:26:57.457-0300] {logging_mixin.py:188} INFO - [2024-04-26T21:26:57.456-0300] {dagbag.py:540} INFO - Filling up the DagBag from /home/athlon/projects/airflow/.venv/lib/python3.11/site-packages/airflow/example_dags/plugins/event_listener.py
[2024-04-26T21:26:57.460-0300] {processor.py:842} WARNING - No viable dags retrieved from /home/athlon/projects/airflow/.venv/lib/python3.11/site-packages/airflow/example_dags/plugins/event_listener.py
[2024-04-26T21:26:57.477-0300] {processor.py:183} INFO - Processing /home/athlon/projects/airflow/.venv/lib/python3.11/site-packages/airflow/example_dags/plugins/event_listener.py took 0.038 seconds
[2024-04-26T21:27:55.648-0300] {processor.py:161} INFO - Started process (PID=17989) to work on /home/athlon/projects/airflow/.venv/lib/python3.11/site-packages/airflow/example_dags/plugins/event_listener.py
[2024-04-26T21:27:55.654-0300] {processor.py:830} INFO - Processing file /home/athlon/projects/airflow/.venv/lib/python3.11/site-packages/airflow/example_dags/plugins/event_listener.py for tasks to queue
[2024-04-26T21:27:55.658-0300] {logging_mixin.py:188} INFO - [2024-04-26T21:27:55.657-0300] {dagbag.py:540} INFO - Filling up the DagBag from /home/athlon/projects/airflow/.venv/lib/python3.11/site-packages/airflow/example_dags/plugins/event_listener.py
[2024-04-26T21:27:55.663-0300] {processor.py:842} WARNING - No viable dags retrieved from /home/athlon/projects/airflow/.venv/lib/python3.11/site-packages/airflow/example_dags/plugins/event_listener.py
[2024-04-26T21:27:55.684-0300] {processor.py:183} INFO - Processing /home/athlon/projects/airflow/.venv/lib/python3.11/site-packages/airflow/example_dags/plugins/event_listener.py took 0.048 seconds
[2024-04-26T21:28:53.597-0300] {processor.py:161} INFO - Started process (PID=18084) to work on /home/athlon/projects/airflow/.venv/lib/python3.11/site-packages/airflow/example_dags/plugins/event_listener.py
[2024-04-26T21:28:53.602-0300] {processor.py:830} INFO - Processing file /home/athlon/projects/airflow/.venv/lib/python3.11/site-packages/airflow/example_dags/plugins/event_listener.py for tasks to queue
[2024-04-26T21:28:53.605-0300] {logging_mixin.py:188} INFO - [2024-04-26T21:28:53.605-0300] {dagbag.py:540} INFO - Filling up the DagBag from /home/athlon/projects/airflow/.venv/lib/python3.11/site-packages/airflow/example_dags/plugins/event_listener.py
[2024-04-26T21:28:53.610-0300] {processor.py:842} WARNING - No viable dags retrieved from /home/athlon/projects/airflow/.venv/lib/python3.11/site-packages/airflow/example_dags/plugins/event_listener.py
[2024-04-26T21:28:53.631-0300] {processor.py:183} INFO - Processing /home/athlon/projects/airflow/.venv/lib/python3.11/site-packages/airflow/example_dags/plugins/event_listener.py took 0.053 seconds
[2024-04-26T21:29:55.763-0300] {processor.py:161} INFO - Started process (PID=18692) to work on /home/athlon/projects/airflow/.venv/lib/python3.11/site-packages/airflow/example_dags/plugins/event_listener.py
[2024-04-26T21:29:55.764-0300] {processor.py:830} INFO - Processing file /home/athlon/projects/airflow/.venv/lib/python3.11/site-packages/airflow/example_dags/plugins/event_listener.py for tasks to queue
[2024-04-26T21:29:55.767-0300] {logging_mixin.py:188} INFO - [2024-04-26T21:29:55.767-0300] {dagbag.py:540} INFO - Filling up the DagBag from /home/athlon/projects/airflow/.venv/lib/python3.11/site-packages/airflow/example_dags/plugins/event_listener.py
[2024-04-26T21:29:55.772-0300] {processor.py:842} WARNING - No viable dags retrieved from /home/athlon/projects/airflow/.venv/lib/python3.11/site-packages/airflow/example_dags/plugins/event_listener.py
[2024-04-26T21:29:55.787-0300] {processor.py:183} INFO - Processing /home/athlon/projects/airflow/.venv/lib/python3.11/site-packages/airflow/example_dags/plugins/event_listener.py took 0.034 seconds
[2024-04-26T21:30:57.563-0300] {processor.py:161} INFO - Started process (PID=18769) to work on /home/athlon/projects/airflow/.venv/lib/python3.11/site-packages/airflow/example_dags/plugins/event_listener.py
[2024-04-26T21:30:57.568-0300] {processor.py:830} INFO - Processing file /home/athlon/projects/airflow/.venv/lib/python3.11/site-packages/airflow/example_dags/plugins/event_listener.py for tasks to queue
[2024-04-26T21:30:57.571-0300] {logging_mixin.py:188} INFO - [2024-04-26T21:30:57.571-0300] {dagbag.py:540} INFO - Filling up the DagBag from /home/athlon/projects/airflow/.venv/lib/python3.11/site-packages/airflow/example_dags/plugins/event_listener.py
[2024-04-26T21:30:57.575-0300] {processor.py:842} WARNING - No viable dags retrieved from /home/athlon/projects/airflow/.venv/lib/python3.11/site-packages/airflow/example_dags/plugins/event_listener.py
[2024-04-26T21:30:57.591-0300] {processor.py:183} INFO - Processing /home/athlon/projects/airflow/.venv/lib/python3.11/site-packages/airflow/example_dags/plugins/event_listener.py took 0.040 seconds
[2024-04-26T21:31:58.718-0300] {processor.py:161} INFO - Started process (PID=18836) to work on /home/athlon/projects/airflow/.venv/lib/python3.11/site-packages/airflow/example_dags/plugins/event_listener.py
[2024-04-26T21:31:58.724-0300] {processor.py:830} INFO - Processing file /home/athlon/projects/airflow/.venv/lib/python3.11/site-packages/airflow/example_dags/plugins/event_listener.py for tasks to queue
[2024-04-26T21:31:58.727-0300] {logging_mixin.py:188} INFO - [2024-04-26T21:31:58.726-0300] {dagbag.py:540} INFO - Filling up the DagBag from /home/athlon/projects/airflow/.venv/lib/python3.11/site-packages/airflow/example_dags/plugins/event_listener.py
[2024-04-26T21:31:58.730-0300] {processor.py:842} WARNING - No viable dags retrieved from /home/athlon/projects/airflow/.venv/lib/python3.11/site-packages/airflow/example_dags/plugins/event_listener.py
[2024-04-26T21:31:58.746-0300] {processor.py:183} INFO - Processing /home/athlon/projects/airflow/.venv/lib/python3.11/site-packages/airflow/example_dags/plugins/event_listener.py took 0.040 seconds
[2024-04-26T21:32:57.675-0300] {processor.py:161} INFO - Started process (PID=18888) to work on /home/athlon/projects/airflow/.venv/lib/python3.11/site-packages/airflow/example_dags/plugins/event_listener.py
[2024-04-26T21:32:57.681-0300] {processor.py:830} INFO - Processing file /home/athlon/projects/airflow/.venv/lib/python3.11/site-packages/airflow/example_dags/plugins/event_listener.py for tasks to queue
[2024-04-26T21:32:57.684-0300] {logging_mixin.py:188} INFO - [2024-04-26T21:32:57.683-0300] {dagbag.py:540} INFO - Filling up the DagBag from /home/athlon/projects/airflow/.venv/lib/python3.11/site-packages/airflow/example_dags/plugins/event_listener.py
[2024-04-26T21:32:57.688-0300] {processor.py:842} WARNING - No viable dags retrieved from /home/athlon/projects/airflow/.venv/lib/python3.11/site-packages/airflow/example_dags/plugins/event_listener.py
[2024-04-26T21:32:57.704-0300] {processor.py:183} INFO - Processing /home/athlon/projects/airflow/.venv/lib/python3.11/site-packages/airflow/example_dags/plugins/event_listener.py took 0.039 seconds
[2024-04-26T21:33:58.351-0300] {processor.py:161} INFO - Started process (PID=19114) to work on /home/athlon/projects/airflow/.venv/lib/python3.11/site-packages/airflow/example_dags/plugins/event_listener.py
[2024-04-26T21:33:58.356-0300] {processor.py:830} INFO - Processing file /home/athlon/projects/airflow/.venv/lib/python3.11/site-packages/airflow/example_dags/plugins/event_listener.py for tasks to queue
[2024-04-26T21:33:58.359-0300] {logging_mixin.py:188} INFO - [2024-04-26T21:33:58.358-0300] {dagbag.py:540} INFO - Filling up the DagBag from /home/athlon/projects/airflow/.venv/lib/python3.11/site-packages/airflow/example_dags/plugins/event_listener.py
[2024-04-26T21:33:58.363-0300] {processor.py:842} WARNING - No viable dags retrieved from /home/athlon/projects/airflow/.venv/lib/python3.11/site-packages/airflow/example_dags/plugins/event_listener.py
[2024-04-26T21:33:58.379-0300] {processor.py:183} INFO - Processing /home/athlon/projects/airflow/.venv/lib/python3.11/site-packages/airflow/example_dags/plugins/event_listener.py took 0.039 seconds
[2024-04-26T21:35:17.005-0300] {processor.py:161} INFO - Started process (PID=19203) to work on /home/athlon/projects/airflow/.venv/lib/python3.11/site-packages/airflow/example_dags/plugins/event_listener.py
[2024-04-26T21:35:17.011-0300] {processor.py:830} INFO - Processing file /home/athlon/projects/airflow/.venv/lib/python3.11/site-packages/airflow/example_dags/plugins/event_listener.py for tasks to queue
[2024-04-26T21:35:17.013-0300] {logging_mixin.py:188} INFO - [2024-04-26T21:35:17.013-0300] {dagbag.py:540} INFO - Filling up the DagBag from /home/athlon/projects/airflow/.venv/lib/python3.11/site-packages/airflow/example_dags/plugins/event_listener.py
[2024-04-26T21:35:17.016-0300] {processor.py:842} WARNING - No viable dags retrieved from /home/athlon/projects/airflow/.venv/lib/python3.11/site-packages/airflow/example_dags/plugins/event_listener.py
[2024-04-26T21:35:17.030-0300] {processor.py:183} INFO - Processing /home/athlon/projects/airflow/.venv/lib/python3.11/site-packages/airflow/example_dags/plugins/event_listener.py took 0.033 seconds
[2024-04-26T21:36:02.894-0300] {processor.py:161} INFO - Started process (PID=19254) to work on /home/athlon/projects/airflow/.venv/lib/python3.11/site-packages/airflow/example_dags/plugins/event_listener.py
[2024-04-26T21:36:02.900-0300] {processor.py:830} INFO - Processing file /home/athlon/projects/airflow/.venv/lib/python3.11/site-packages/airflow/example_dags/plugins/event_listener.py for tasks to queue
[2024-04-26T21:36:02.903-0300] {logging_mixin.py:188} INFO - [2024-04-26T21:36:02.902-0300] {dagbag.py:540} INFO - Filling up the DagBag from /home/athlon/projects/airflow/.venv/lib/python3.11/site-packages/airflow/example_dags/plugins/event_listener.py
[2024-04-26T21:36:02.906-0300] {processor.py:842} WARNING - No viable dags retrieved from /home/athlon/projects/airflow/.venv/lib/python3.11/site-packages/airflow/example_dags/plugins/event_listener.py
[2024-04-26T21:36:02.923-0300] {processor.py:183} INFO - Processing /home/athlon/projects/airflow/.venv/lib/python3.11/site-packages/airflow/example_dags/plugins/event_listener.py took 0.039 seconds
[2024-04-26T21:37:02.533-0300] {processor.py:161} INFO - Started process (PID=19319) to work on /home/athlon/projects/airflow/.venv/lib/python3.11/site-packages/airflow/example_dags/plugins/event_listener.py
[2024-04-26T21:37:02.539-0300] {processor.py:830} INFO - Processing file /home/athlon/projects/airflow/.venv/lib/python3.11/site-packages/airflow/example_dags/plugins/event_listener.py for tasks to queue
[2024-04-26T21:37:02.541-0300] {logging_mixin.py:188} INFO - [2024-04-26T21:37:02.541-0300] {dagbag.py:540} INFO - Filling up the DagBag from /home/athlon/projects/airflow/.venv/lib/python3.11/site-packages/airflow/example_dags/plugins/event_listener.py
[2024-04-26T21:37:02.545-0300] {processor.py:842} WARNING - No viable dags retrieved from /home/athlon/projects/airflow/.venv/lib/python3.11/site-packages/airflow/example_dags/plugins/event_listener.py
[2024-04-26T21:37:02.561-0300] {processor.py:183} INFO - Processing /home/athlon/projects/airflow/.venv/lib/python3.11/site-packages/airflow/example_dags/plugins/event_listener.py took 0.039 seconds
[2024-04-26T21:37:59.058-0300] {processor.py:161} INFO - Started process (PID=19383) to work on /home/athlon/projects/airflow/.venv/lib/python3.11/site-packages/airflow/example_dags/plugins/event_listener.py
[2024-04-26T21:37:59.064-0300] {processor.py:830} INFO - Processing file /home/athlon/projects/airflow/.venv/lib/python3.11/site-packages/airflow/example_dags/plugins/event_listener.py for tasks to queue
[2024-04-26T21:37:59.067-0300] {logging_mixin.py:188} INFO - [2024-04-26T21:37:59.066-0300] {dagbag.py:540} INFO - Filling up the DagBag from /home/athlon/projects/airflow/.venv/lib/python3.11/site-packages/airflow/example_dags/plugins/event_listener.py
[2024-04-26T21:37:59.070-0300] {processor.py:842} WARNING - No viable dags retrieved from /home/athlon/projects/airflow/.venv/lib/python3.11/site-packages/airflow/example_dags/plugins/event_listener.py
[2024-04-26T21:37:59.087-0300] {processor.py:183} INFO - Processing /home/athlon/projects/airflow/.venv/lib/python3.11/site-packages/airflow/example_dags/plugins/event_listener.py took 0.039 seconds
[2024-04-26T21:38:57.794-0300] {processor.py:161} INFO - Started process (PID=19451) to work on /home/athlon/projects/airflow/.venv/lib/python3.11/site-packages/airflow/example_dags/plugins/event_listener.py
[2024-04-26T21:38:57.800-0300] {processor.py:830} INFO - Processing file /home/athlon/projects/airflow/.venv/lib/python3.11/site-packages/airflow/example_dags/plugins/event_listener.py for tasks to queue
[2024-04-26T21:38:57.803-0300] {logging_mixin.py:188} INFO - [2024-04-26T21:38:57.802-0300] {dagbag.py:540} INFO - Filling up the DagBag from /home/athlon/projects/airflow/.venv/lib/python3.11/site-packages/airflow/example_dags/plugins/event_listener.py
[2024-04-26T21:38:57.807-0300] {processor.py:842} WARNING - No viable dags retrieved from /home/athlon/projects/airflow/.venv/lib/python3.11/site-packages/airflow/example_dags/plugins/event_listener.py
[2024-04-26T21:38:57.823-0300] {processor.py:183} INFO - Processing /home/athlon/projects/airflow/.venv/lib/python3.11/site-packages/airflow/example_dags/plugins/event_listener.py took 0.040 seconds
[2024-04-26T21:39:57.565-0300] {processor.py:161} INFO - Started process (PID=19556) to work on /home/athlon/projects/airflow/.venv/lib/python3.11/site-packages/airflow/example_dags/plugins/event_listener.py
[2024-04-26T21:39:57.570-0300] {processor.py:830} INFO - Processing file /home/athlon/projects/airflow/.venv/lib/python3.11/site-packages/airflow/example_dags/plugins/event_listener.py for tasks to queue
[2024-04-26T21:39:57.573-0300] {logging_mixin.py:188} INFO - [2024-04-26T21:39:57.572-0300] {dagbag.py:540} INFO - Filling up the DagBag from /home/athlon/projects/airflow/.venv/lib/python3.11/site-packages/airflow/example_dags/plugins/event_listener.py
[2024-04-26T21:39:57.577-0300] {processor.py:842} WARNING - No viable dags retrieved from /home/athlon/projects/airflow/.venv/lib/python3.11/site-packages/airflow/example_dags/plugins/event_listener.py
[2024-04-26T21:39:57.594-0300] {processor.py:183} INFO - Processing /home/athlon/projects/airflow/.venv/lib/python3.11/site-packages/airflow/example_dags/plugins/event_listener.py took 0.039 seconds
[2024-04-26T21:40:54.990-0300] {processor.py:161} INFO - Started process (PID=19718) to work on /home/athlon/projects/airflow/.venv/lib/python3.11/site-packages/airflow/example_dags/plugins/event_listener.py
[2024-04-26T21:40:54.998-0300] {processor.py:830} INFO - Processing file /home/athlon/projects/airflow/.venv/lib/python3.11/site-packages/airflow/example_dags/plugins/event_listener.py for tasks to queue
[2024-04-26T21:40:55.004-0300] {logging_mixin.py:188} INFO - [2024-04-26T21:40:55.003-0300] {dagbag.py:540} INFO - Filling up the DagBag from /home/athlon/projects/airflow/.venv/lib/python3.11/site-packages/airflow/example_dags/plugins/event_listener.py
[2024-04-26T21:40:55.009-0300] {processor.py:842} WARNING - No viable dags retrieved from /home/athlon/projects/airflow/.venv/lib/python3.11/site-packages/airflow/example_dags/plugins/event_listener.py
[2024-04-26T21:40:55.033-0300] {processor.py:183} INFO - Processing /home/athlon/projects/airflow/.venv/lib/python3.11/site-packages/airflow/example_dags/plugins/event_listener.py took 0.055 seconds
[2024-04-26T21:41:51.543-0300] {processor.py:161} INFO - Started process (PID=19783) to work on /home/athlon/projects/airflow/.venv/lib/python3.11/site-packages/airflow/example_dags/plugins/event_listener.py
[2024-04-26T21:41:51.549-0300] {processor.py:830} INFO - Processing file /home/athlon/projects/airflow/.venv/lib/python3.11/site-packages/airflow/example_dags/plugins/event_listener.py for tasks to queue
[2024-04-26T21:41:51.551-0300] {logging_mixin.py:188} INFO - [2024-04-26T21:41:51.551-0300] {dagbag.py:540} INFO - Filling up the DagBag from /home/athlon/projects/airflow/.venv/lib/python3.11/site-packages/airflow/example_dags/plugins/event_listener.py
[2024-04-26T21:41:51.555-0300] {processor.py:842} WARNING - No viable dags retrieved from /home/athlon/projects/airflow/.venv/lib/python3.11/site-packages/airflow/example_dags/plugins/event_listener.py
[2024-04-26T21:41:51.572-0300] {processor.py:183} INFO - Processing /home/athlon/projects/airflow/.venv/lib/python3.11/site-packages/airflow/example_dags/plugins/event_listener.py took 0.040 seconds
[2024-04-26T21:42:50.470-0300] {processor.py:161} INFO - Started process (PID=19858) to work on /home/athlon/projects/airflow/.venv/lib/python3.11/site-packages/airflow/example_dags/plugins/event_listener.py
[2024-04-26T21:42:50.476-0300] {processor.py:830} INFO - Processing file /home/athlon/projects/airflow/.venv/lib/python3.11/site-packages/airflow/example_dags/plugins/event_listener.py for tasks to queue
[2024-04-26T21:42:50.479-0300] {logging_mixin.py:188} INFO - [2024-04-26T21:42:50.478-0300] {dagbag.py:540} INFO - Filling up the DagBag from /home/athlon/projects/airflow/.venv/lib/python3.11/site-packages/airflow/example_dags/plugins/event_listener.py
[2024-04-26T21:42:50.482-0300] {processor.py:842} WARNING - No viable dags retrieved from /home/athlon/projects/airflow/.venv/lib/python3.11/site-packages/airflow/example_dags/plugins/event_listener.py
[2024-04-26T21:42:50.499-0300] {processor.py:183} INFO - Processing /home/athlon/projects/airflow/.venv/lib/python3.11/site-packages/airflow/example_dags/plugins/event_listener.py took 0.040 seconds
[2024-04-26T21:43:49.026-0300] {processor.py:161} INFO - Started process (PID=19922) to work on /home/athlon/projects/airflow/.venv/lib/python3.11/site-packages/airflow/example_dags/plugins/event_listener.py
[2024-04-26T21:43:49.031-0300] {processor.py:830} INFO - Processing file /home/athlon/projects/airflow/.venv/lib/python3.11/site-packages/airflow/example_dags/plugins/event_listener.py for tasks to queue
[2024-04-26T21:43:49.034-0300] {logging_mixin.py:188} INFO - [2024-04-26T21:43:49.033-0300] {dagbag.py:540} INFO - Filling up the DagBag from /home/athlon/projects/airflow/.venv/lib/python3.11/site-packages/airflow/example_dags/plugins/event_listener.py
[2024-04-26T21:43:49.037-0300] {processor.py:842} WARNING - No viable dags retrieved from /home/athlon/projects/airflow/.venv/lib/python3.11/site-packages/airflow/example_dags/plugins/event_listener.py
[2024-04-26T21:43:49.054-0300] {processor.py:183} INFO - Processing /home/athlon/projects/airflow/.venv/lib/python3.11/site-packages/airflow/example_dags/plugins/event_listener.py took 0.040 seconds
[2024-04-26T21:44:41.646-0300] {processor.py:161} INFO - Started process (PID=19992) to work on /home/athlon/projects/airflow/.venv/lib/python3.11/site-packages/airflow/example_dags/plugins/event_listener.py
[2024-04-26T21:44:41.652-0300] {processor.py:830} INFO - Processing file /home/athlon/projects/airflow/.venv/lib/python3.11/site-packages/airflow/example_dags/plugins/event_listener.py for tasks to queue
[2024-04-26T21:44:41.655-0300] {logging_mixin.py:188} INFO - [2024-04-26T21:44:41.654-0300] {dagbag.py:540} INFO - Filling up the DagBag from /home/athlon/projects/airflow/.venv/lib/python3.11/site-packages/airflow/example_dags/plugins/event_listener.py
[2024-04-26T21:44:41.658-0300] {processor.py:842} WARNING - No viable dags retrieved from /home/athlon/projects/airflow/.venv/lib/python3.11/site-packages/airflow/example_dags/plugins/event_listener.py
[2024-04-26T21:44:41.675-0300] {processor.py:183} INFO - Processing /home/athlon/projects/airflow/.venv/lib/python3.11/site-packages/airflow/example_dags/plugins/event_listener.py took 0.040 seconds
[2024-04-26T21:45:35.618-0300] {processor.py:161} INFO - Started process (PID=20050) to work on /home/athlon/projects/airflow/.venv/lib/python3.11/site-packages/airflow/example_dags/plugins/event_listener.py
[2024-04-26T21:45:35.624-0300] {processor.py:830} INFO - Processing file /home/athlon/projects/airflow/.venv/lib/python3.11/site-packages/airflow/example_dags/plugins/event_listener.py for tasks to queue
[2024-04-26T21:45:35.627-0300] {logging_mixin.py:188} INFO - [2024-04-26T21:45:35.626-0300] {dagbag.py:540} INFO - Filling up the DagBag from /home/athlon/projects/airflow/.venv/lib/python3.11/site-packages/airflow/example_dags/plugins/event_listener.py
[2024-04-26T21:45:35.631-0300] {processor.py:842} WARNING - No viable dags retrieved from /home/athlon/projects/airflow/.venv/lib/python3.11/site-packages/airflow/example_dags/plugins/event_listener.py
[2024-04-26T21:45:35.647-0300] {processor.py:183} INFO - Processing /home/athlon/projects/airflow/.venv/lib/python3.11/site-packages/airflow/example_dags/plugins/event_listener.py took 0.039 seconds
[2024-04-26T21:46:35.379-0300] {processor.py:161} INFO - Started process (PID=20116) to work on /home/athlon/projects/airflow/.venv/lib/python3.11/site-packages/airflow/example_dags/plugins/event_listener.py
[2024-04-26T21:46:35.385-0300] {processor.py:830} INFO - Processing file /home/athlon/projects/airflow/.venv/lib/python3.11/site-packages/airflow/example_dags/plugins/event_listener.py for tasks to queue
[2024-04-26T21:46:35.388-0300] {logging_mixin.py:188} INFO - [2024-04-26T21:46:35.387-0300] {dagbag.py:540} INFO - Filling up the DagBag from /home/athlon/projects/airflow/.venv/lib/python3.11/site-packages/airflow/example_dags/plugins/event_listener.py
[2024-04-26T21:46:35.391-0300] {processor.py:842} WARNING - No viable dags retrieved from /home/athlon/projects/airflow/.venv/lib/python3.11/site-packages/airflow/example_dags/plugins/event_listener.py
[2024-04-26T21:46:35.410-0300] {processor.py:183} INFO - Processing /home/athlon/projects/airflow/.venv/lib/python3.11/site-packages/airflow/example_dags/plugins/event_listener.py took 0.041 seconds
[2024-04-26T21:47:33.257-0300] {processor.py:161} INFO - Started process (PID=20183) to work on /home/athlon/projects/airflow/.venv/lib/python3.11/site-packages/airflow/example_dags/plugins/event_listener.py
[2024-04-26T21:47:33.263-0300] {processor.py:830} INFO - Processing file /home/athlon/projects/airflow/.venv/lib/python3.11/site-packages/airflow/example_dags/plugins/event_listener.py for tasks to queue
[2024-04-26T21:47:33.266-0300] {logging_mixin.py:188} INFO - [2024-04-26T21:47:33.265-0300] {dagbag.py:540} INFO - Filling up the DagBag from /home/athlon/projects/airflow/.venv/lib/python3.11/site-packages/airflow/example_dags/plugins/event_listener.py
[2024-04-26T21:47:33.269-0300] {processor.py:842} WARNING - No viable dags retrieved from /home/athlon/projects/airflow/.venv/lib/python3.11/site-packages/airflow/example_dags/plugins/event_listener.py
[2024-04-26T21:47:33.286-0300] {processor.py:183} INFO - Processing /home/athlon/projects/airflow/.venv/lib/python3.11/site-packages/airflow/example_dags/plugins/event_listener.py took 0.040 seconds
[2024-04-26T21:48:29.591-0300] {processor.py:161} INFO - Started process (PID=20247) to work on /home/athlon/projects/airflow/.venv/lib/python3.11/site-packages/airflow/example_dags/plugins/event_listener.py
[2024-04-26T21:48:29.597-0300] {processor.py:830} INFO - Processing file /home/athlon/projects/airflow/.venv/lib/python3.11/site-packages/airflow/example_dags/plugins/event_listener.py for tasks to queue
[2024-04-26T21:48:29.599-0300] {logging_mixin.py:188} INFO - [2024-04-26T21:48:29.599-0300] {dagbag.py:540} INFO - Filling up the DagBag from /home/athlon/projects/airflow/.venv/lib/python3.11/site-packages/airflow/example_dags/plugins/event_listener.py
[2024-04-26T21:48:29.603-0300] {processor.py:842} WARNING - No viable dags retrieved from /home/athlon/projects/airflow/.venv/lib/python3.11/site-packages/airflow/example_dags/plugins/event_listener.py
[2024-04-26T21:48:29.620-0300] {processor.py:183} INFO - Processing /home/athlon/projects/airflow/.venv/lib/python3.11/site-packages/airflow/example_dags/plugins/event_listener.py took 0.039 seconds
[2024-04-26T21:49:21.995-0300] {processor.py:161} INFO - Started process (PID=20312) to work on /home/athlon/projects/airflow/.venv/lib/python3.11/site-packages/airflow/example_dags/plugins/event_listener.py
[2024-04-26T21:49:22.001-0300] {processor.py:830} INFO - Processing file /home/athlon/projects/airflow/.venv/lib/python3.11/site-packages/airflow/example_dags/plugins/event_listener.py for tasks to queue
[2024-04-26T21:49:22.003-0300] {logging_mixin.py:188} INFO - [2024-04-26T21:49:22.003-0300] {dagbag.py:540} INFO - Filling up the DagBag from /home/athlon/projects/airflow/.venv/lib/python3.11/site-packages/airflow/example_dags/plugins/event_listener.py
[2024-04-26T21:49:22.007-0300] {processor.py:842} WARNING - No viable dags retrieved from /home/athlon/projects/airflow/.venv/lib/python3.11/site-packages/airflow/example_dags/plugins/event_listener.py
[2024-04-26T21:49:22.024-0300] {processor.py:183} INFO - Processing /home/athlon/projects/airflow/.venv/lib/python3.11/site-packages/airflow/example_dags/plugins/event_listener.py took 0.039 seconds
[2024-04-26T21:50:19.168-0300] {processor.py:161} INFO - Started process (PID=20378) to work on /home/athlon/projects/airflow/.venv/lib/python3.11/site-packages/airflow/example_dags/plugins/event_listener.py
[2024-04-26T21:50:19.174-0300] {processor.py:830} INFO - Processing file /home/athlon/projects/airflow/.venv/lib/python3.11/site-packages/airflow/example_dags/plugins/event_listener.py for tasks to queue
[2024-04-26T21:50:19.178-0300] {logging_mixin.py:188} INFO - [2024-04-26T21:50:19.177-0300] {dagbag.py:540} INFO - Filling up the DagBag from /home/athlon/projects/airflow/.venv/lib/python3.11/site-packages/airflow/example_dags/plugins/event_listener.py
[2024-04-26T21:50:19.182-0300] {processor.py:842} WARNING - No viable dags retrieved from /home/athlon/projects/airflow/.venv/lib/python3.11/site-packages/airflow/example_dags/plugins/event_listener.py
[2024-04-26T21:50:19.196-0300] {processor.py:183} INFO - Processing /home/athlon/projects/airflow/.venv/lib/python3.11/site-packages/airflow/example_dags/plugins/event_listener.py took 0.038 seconds
[2024-04-26T21:51:15.546-0300] {processor.py:161} INFO - Started process (PID=20453) to work on /home/athlon/projects/airflow/.venv/lib/python3.11/site-packages/airflow/example_dags/plugins/event_listener.py
[2024-04-26T21:51:15.552-0300] {processor.py:830} INFO - Processing file /home/athlon/projects/airflow/.venv/lib/python3.11/site-packages/airflow/example_dags/plugins/event_listener.py for tasks to queue
[2024-04-26T21:51:15.555-0300] {logging_mixin.py:188} INFO - [2024-04-26T21:51:15.554-0300] {dagbag.py:540} INFO - Filling up the DagBag from /home/athlon/projects/airflow/.venv/lib/python3.11/site-packages/airflow/example_dags/plugins/event_listener.py
[2024-04-26T21:51:15.558-0300] {processor.py:842} WARNING - No viable dags retrieved from /home/athlon/projects/airflow/.venv/lib/python3.11/site-packages/airflow/example_dags/plugins/event_listener.py
[2024-04-26T21:51:15.575-0300] {processor.py:183} INFO - Processing /home/athlon/projects/airflow/.venv/lib/python3.11/site-packages/airflow/example_dags/plugins/event_listener.py took 0.039 seconds
[2024-04-26T21:52:10.605-0300] {processor.py:161} INFO - Started process (PID=20522) to work on /home/athlon/projects/airflow/.venv/lib/python3.11/site-packages/airflow/example_dags/plugins/event_listener.py
[2024-04-26T21:52:10.610-0300] {processor.py:830} INFO - Processing file /home/athlon/projects/airflow/.venv/lib/python3.11/site-packages/airflow/example_dags/plugins/event_listener.py for tasks to queue
[2024-04-26T21:52:10.613-0300] {logging_mixin.py:188} INFO - [2024-04-26T21:52:10.612-0300] {dagbag.py:540} INFO - Filling up the DagBag from /home/athlon/projects/airflow/.venv/lib/python3.11/site-packages/airflow/example_dags/plugins/event_listener.py
[2024-04-26T21:52:10.617-0300] {processor.py:842} WARNING - No viable dags retrieved from /home/athlon/projects/airflow/.venv/lib/python3.11/site-packages/airflow/example_dags/plugins/event_listener.py
[2024-04-26T21:52:10.634-0300] {processor.py:183} INFO - Processing /home/athlon/projects/airflow/.venv/lib/python3.11/site-packages/airflow/example_dags/plugins/event_listener.py took 0.039 seconds
[2024-04-26T21:53:09.143-0300] {processor.py:161} INFO - Started process (PID=20690) to work on /home/athlon/projects/airflow/.venv/lib/python3.11/site-packages/airflow/example_dags/plugins/event_listener.py
[2024-04-26T21:53:09.149-0300] {processor.py:830} INFO - Processing file /home/athlon/projects/airflow/.venv/lib/python3.11/site-packages/airflow/example_dags/plugins/event_listener.py for tasks to queue
[2024-04-26T21:53:09.152-0300] {logging_mixin.py:188} INFO - [2024-04-26T21:53:09.152-0300] {dagbag.py:540} INFO - Filling up the DagBag from /home/athlon/projects/airflow/.venv/lib/python3.11/site-packages/airflow/example_dags/plugins/event_listener.py
[2024-04-26T21:53:09.156-0300] {processor.py:842} WARNING - No viable dags retrieved from /home/athlon/projects/airflow/.venv/lib/python3.11/site-packages/airflow/example_dags/plugins/event_listener.py
[2024-04-26T21:53:09.173-0300] {processor.py:183} INFO - Processing /home/athlon/projects/airflow/.venv/lib/python3.11/site-packages/airflow/example_dags/plugins/event_listener.py took 0.041 seconds
[2024-04-26T21:54:05.324-0300] {processor.py:161} INFO - Started process (PID=20789) to work on /home/athlon/projects/airflow/.venv/lib/python3.11/site-packages/airflow/example_dags/plugins/event_listener.py
[2024-04-26T21:54:05.330-0300] {processor.py:830} INFO - Processing file /home/athlon/projects/airflow/.venv/lib/python3.11/site-packages/airflow/example_dags/plugins/event_listener.py for tasks to queue
[2024-04-26T21:54:05.333-0300] {logging_mixin.py:188} INFO - [2024-04-26T21:54:05.332-0300] {dagbag.py:540} INFO - Filling up the DagBag from /home/athlon/projects/airflow/.venv/lib/python3.11/site-packages/airflow/example_dags/plugins/event_listener.py
[2024-04-26T21:54:05.337-0300] {processor.py:842} WARNING - No viable dags retrieved from /home/athlon/projects/airflow/.venv/lib/python3.11/site-packages/airflow/example_dags/plugins/event_listener.py
[2024-04-26T21:54:05.356-0300] {processor.py:183} INFO - Processing /home/athlon/projects/airflow/.venv/lib/python3.11/site-packages/airflow/example_dags/plugins/event_listener.py took 0.043 seconds
[2024-04-26T21:55:20.869-0300] {processor.py:161} INFO - Started process (PID=21527) to work on /home/athlon/projects/airflow/.venv/lib/python3.11/site-packages/airflow/example_dags/plugins/event_listener.py
[2024-04-26T21:55:20.874-0300] {processor.py:830} INFO - Processing file /home/athlon/projects/airflow/.venv/lib/python3.11/site-packages/airflow/example_dags/plugins/event_listener.py for tasks to queue
[2024-04-26T21:55:20.878-0300] {logging_mixin.py:188} INFO - [2024-04-26T21:55:20.877-0300] {dagbag.py:540} INFO - Filling up the DagBag from /home/athlon/projects/airflow/.venv/lib/python3.11/site-packages/airflow/example_dags/plugins/event_listener.py
[2024-04-26T21:55:20.882-0300] {processor.py:842} WARNING - No viable dags retrieved from /home/athlon/projects/airflow/.venv/lib/python3.11/site-packages/airflow/example_dags/plugins/event_listener.py
[2024-04-26T21:55:20.899-0300] {processor.py:183} INFO - Processing /home/athlon/projects/airflow/.venv/lib/python3.11/site-packages/airflow/example_dags/plugins/event_listener.py took 0.042 seconds
[2024-04-26T21:56:02.740-0300] {processor.py:161} INFO - Started process (PID=21577) to work on /home/athlon/projects/airflow/.venv/lib/python3.11/site-packages/airflow/example_dags/plugins/event_listener.py
[2024-04-26T21:56:02.742-0300] {processor.py:830} INFO - Processing file /home/athlon/projects/airflow/.venv/lib/python3.11/site-packages/airflow/example_dags/plugins/event_listener.py for tasks to queue
[2024-04-26T21:56:02.745-0300] {logging_mixin.py:188} INFO - [2024-04-26T21:56:02.744-0300] {dagbag.py:540} INFO - Filling up the DagBag from /home/athlon/projects/airflow/.venv/lib/python3.11/site-packages/airflow/example_dags/plugins/event_listener.py
[2024-04-26T21:56:02.748-0300] {processor.py:842} WARNING - No viable dags retrieved from /home/athlon/projects/airflow/.venv/lib/python3.11/site-packages/airflow/example_dags/plugins/event_listener.py
[2024-04-26T21:56:02.768-0300] {processor.py:183} INFO - Processing /home/athlon/projects/airflow/.venv/lib/python3.11/site-packages/airflow/example_dags/plugins/event_listener.py took 0.039 seconds
[2024-04-26T21:57:04.053-0300] {processor.py:161} INFO - Started process (PID=21811) to work on /home/athlon/projects/airflow/.venv/lib/python3.11/site-packages/airflow/example_dags/plugins/event_listener.py
[2024-04-26T21:57:04.059-0300] {processor.py:830} INFO - Processing file /home/athlon/projects/airflow/.venv/lib/python3.11/site-packages/airflow/example_dags/plugins/event_listener.py for tasks to queue
[2024-04-26T21:57:04.063-0300] {logging_mixin.py:188} INFO - [2024-04-26T21:57:04.062-0300] {dagbag.py:540} INFO - Filling up the DagBag from /home/athlon/projects/airflow/.venv/lib/python3.11/site-packages/airflow/example_dags/plugins/event_listener.py
[2024-04-26T21:57:04.067-0300] {processor.py:842} WARNING - No viable dags retrieved from /home/athlon/projects/airflow/.venv/lib/python3.11/site-packages/airflow/example_dags/plugins/event_listener.py
[2024-04-26T21:57:04.084-0300] {processor.py:183} INFO - Processing /home/athlon/projects/airflow/.venv/lib/python3.11/site-packages/airflow/example_dags/plugins/event_listener.py took 0.041 seconds
[2024-04-26T21:58:04.073-0300] {processor.py:161} INFO - Started process (PID=21960) to work on /home/athlon/projects/airflow/.venv/lib/python3.11/site-packages/airflow/example_dags/plugins/event_listener.py
[2024-04-26T21:58:04.075-0300] {processor.py:830} INFO - Processing file /home/athlon/projects/airflow/.venv/lib/python3.11/site-packages/airflow/example_dags/plugins/event_listener.py for tasks to queue
[2024-04-26T21:58:04.078-0300] {logging_mixin.py:188} INFO - [2024-04-26T21:58:04.077-0300] {dagbag.py:540} INFO - Filling up the DagBag from /home/athlon/projects/airflow/.venv/lib/python3.11/site-packages/airflow/example_dags/plugins/event_listener.py
[2024-04-26T21:58:04.082-0300] {processor.py:842} WARNING - No viable dags retrieved from /home/athlon/projects/airflow/.venv/lib/python3.11/site-packages/airflow/example_dags/plugins/event_listener.py
[2024-04-26T21:58:04.098-0300] {processor.py:183} INFO - Processing /home/athlon/projects/airflow/.venv/lib/python3.11/site-packages/airflow/example_dags/plugins/event_listener.py took 0.036 seconds
[2024-04-26T21:59:01.473-0300] {processor.py:161} INFO - Started process (PID=22108) to work on /home/athlon/projects/airflow/.venv/lib/python3.11/site-packages/airflow/example_dags/plugins/event_listener.py
[2024-04-26T21:59:01.479-0300] {processor.py:830} INFO - Processing file /home/athlon/projects/airflow/.venv/lib/python3.11/site-packages/airflow/example_dags/plugins/event_listener.py for tasks to queue
[2024-04-26T21:59:01.482-0300] {logging_mixin.py:188} INFO - [2024-04-26T21:59:01.481-0300] {dagbag.py:540} INFO - Filling up the DagBag from /home/athlon/projects/airflow/.venv/lib/python3.11/site-packages/airflow/example_dags/plugins/event_listener.py
[2024-04-26T21:59:01.486-0300] {processor.py:842} WARNING - No viable dags retrieved from /home/athlon/projects/airflow/.venv/lib/python3.11/site-packages/airflow/example_dags/plugins/event_listener.py
[2024-04-26T21:59:01.504-0300] {processor.py:183} INFO - Processing /home/athlon/projects/airflow/.venv/lib/python3.11/site-packages/airflow/example_dags/plugins/event_listener.py took 0.043 seconds
[2024-04-26T21:59:58.458-0300] {processor.py:161} INFO - Started process (PID=22256) to work on /home/athlon/projects/airflow/.venv/lib/python3.11/site-packages/airflow/example_dags/plugins/event_listener.py
[2024-04-26T21:59:58.459-0300] {processor.py:830} INFO - Processing file /home/athlon/projects/airflow/.venv/lib/python3.11/site-packages/airflow/example_dags/plugins/event_listener.py for tasks to queue
[2024-04-26T21:59:58.462-0300] {logging_mixin.py:188} INFO - [2024-04-26T21:59:58.461-0300] {dagbag.py:540} INFO - Filling up the DagBag from /home/athlon/projects/airflow/.venv/lib/python3.11/site-packages/airflow/example_dags/plugins/event_listener.py
[2024-04-26T21:59:58.466-0300] {processor.py:842} WARNING - No viable dags retrieved from /home/athlon/projects/airflow/.venv/lib/python3.11/site-packages/airflow/example_dags/plugins/event_listener.py
[2024-04-26T21:59:58.481-0300] {processor.py:183} INFO - Processing /home/athlon/projects/airflow/.venv/lib/python3.11/site-packages/airflow/example_dags/plugins/event_listener.py took 0.035 seconds
[2024-04-26T22:01:01.618-0300] {processor.py:161} INFO - Started process (PID=22332) to work on /home/athlon/projects/airflow/.venv/lib/python3.11/site-packages/airflow/example_dags/plugins/event_listener.py
[2024-04-26T22:01:01.624-0300] {processor.py:830} INFO - Processing file /home/athlon/projects/airflow/.venv/lib/python3.11/site-packages/airflow/example_dags/plugins/event_listener.py for tasks to queue
[2024-04-26T22:01:01.627-0300] {logging_mixin.py:188} INFO - [2024-04-26T22:01:01.626-0300] {dagbag.py:540} INFO - Filling up the DagBag from /home/athlon/projects/airflow/.venv/lib/python3.11/site-packages/airflow/example_dags/plugins/event_listener.py
[2024-04-26T22:01:01.631-0300] {processor.py:842} WARNING - No viable dags retrieved from /home/athlon/projects/airflow/.venv/lib/python3.11/site-packages/airflow/example_dags/plugins/event_listener.py
[2024-04-26T22:01:01.648-0300] {processor.py:183} INFO - Processing /home/athlon/projects/airflow/.venv/lib/python3.11/site-packages/airflow/example_dags/plugins/event_listener.py took 0.041 seconds
[2024-04-26T22:02:00.773-0300] {processor.py:161} INFO - Started process (PID=22399) to work on /home/athlon/projects/airflow/.venv/lib/python3.11/site-packages/airflow/example_dags/plugins/event_listener.py
[2024-04-26T22:02:00.779-0300] {processor.py:830} INFO - Processing file /home/athlon/projects/airflow/.venv/lib/python3.11/site-packages/airflow/example_dags/plugins/event_listener.py for tasks to queue
[2024-04-26T22:02:00.782-0300] {logging_mixin.py:188} INFO - [2024-04-26T22:02:00.782-0300] {dagbag.py:540} INFO - Filling up the DagBag from /home/athlon/projects/airflow/.venv/lib/python3.11/site-packages/airflow/example_dags/plugins/event_listener.py
[2024-04-26T22:02:00.786-0300] {processor.py:842} WARNING - No viable dags retrieved from /home/athlon/projects/airflow/.venv/lib/python3.11/site-packages/airflow/example_dags/plugins/event_listener.py
[2024-04-26T22:02:00.803-0300] {processor.py:183} INFO - Processing /home/athlon/projects/airflow/.venv/lib/python3.11/site-packages/airflow/example_dags/plugins/event_listener.py took 0.041 seconds
[2024-04-26T22:03:08.207-0300] {processor.py:161} INFO - Started process (PID=22473) to work on /home/athlon/projects/airflow/.venv/lib/python3.11/site-packages/airflow/example_dags/plugins/event_listener.py
[2024-04-26T22:03:08.213-0300] {processor.py:830} INFO - Processing file /home/athlon/projects/airflow/.venv/lib/python3.11/site-packages/airflow/example_dags/plugins/event_listener.py for tasks to queue
[2024-04-26T22:03:08.215-0300] {logging_mixin.py:188} INFO - [2024-04-26T22:03:08.215-0300] {dagbag.py:540} INFO - Filling up the DagBag from /home/athlon/projects/airflow/.venv/lib/python3.11/site-packages/airflow/example_dags/plugins/event_listener.py
[2024-04-26T22:03:08.218-0300] {processor.py:842} WARNING - No viable dags retrieved from /home/athlon/projects/airflow/.venv/lib/python3.11/site-packages/airflow/example_dags/plugins/event_listener.py
[2024-04-26T22:03:08.233-0300] {processor.py:183} INFO - Processing /home/athlon/projects/airflow/.venv/lib/python3.11/site-packages/airflow/example_dags/plugins/event_listener.py took 0.036 seconds
[2024-04-26T22:04:05.937-0300] {processor.py:161} INFO - Started process (PID=22556) to work on /home/athlon/projects/airflow/.venv/lib/python3.11/site-packages/airflow/example_dags/plugins/event_listener.py
[2024-04-26T22:04:05.939-0300] {processor.py:830} INFO - Processing file /home/athlon/projects/airflow/.venv/lib/python3.11/site-packages/airflow/example_dags/plugins/event_listener.py for tasks to queue
[2024-04-26T22:04:05.943-0300] {logging_mixin.py:188} INFO - [2024-04-26T22:04:05.942-0300] {dagbag.py:540} INFO - Filling up the DagBag from /home/athlon/projects/airflow/.venv/lib/python3.11/site-packages/airflow/example_dags/plugins/event_listener.py
[2024-04-26T22:04:05.950-0300] {processor.py:842} WARNING - No viable dags retrieved from /home/athlon/projects/airflow/.venv/lib/python3.11/site-packages/airflow/example_dags/plugins/event_listener.py
[2024-04-26T22:04:05.979-0300] {processor.py:183} INFO - Processing /home/athlon/projects/airflow/.venv/lib/python3.11/site-packages/airflow/example_dags/plugins/event_listener.py took 0.057 seconds
[2024-04-26T22:05:01.925-0300] {processor.py:161} INFO - Started process (PID=22688) to work on /home/athlon/projects/airflow/.venv/lib/python3.11/site-packages/airflow/example_dags/plugins/event_listener.py
[2024-04-26T22:05:01.931-0300] {processor.py:830} INFO - Processing file /home/athlon/projects/airflow/.venv/lib/python3.11/site-packages/airflow/example_dags/plugins/event_listener.py for tasks to queue
[2024-04-26T22:05:01.934-0300] {logging_mixin.py:188} INFO - [2024-04-26T22:05:01.934-0300] {dagbag.py:540} INFO - Filling up the DagBag from /home/athlon/projects/airflow/.venv/lib/python3.11/site-packages/airflow/example_dags/plugins/event_listener.py
[2024-04-26T22:05:01.938-0300] {processor.py:842} WARNING - No viable dags retrieved from /home/athlon/projects/airflow/.venv/lib/python3.11/site-packages/airflow/example_dags/plugins/event_listener.py
[2024-04-26T22:05:01.955-0300] {processor.py:183} INFO - Processing /home/athlon/projects/airflow/.venv/lib/python3.11/site-packages/airflow/example_dags/plugins/event_listener.py took 0.041 seconds
[2024-04-26T22:06:00.685-0300] {processor.py:161} INFO - Started process (PID=22763) to work on /home/athlon/projects/airflow/.venv/lib/python3.11/site-packages/airflow/example_dags/plugins/event_listener.py
[2024-04-26T22:06:00.690-0300] {processor.py:830} INFO - Processing file /home/athlon/projects/airflow/.venv/lib/python3.11/site-packages/airflow/example_dags/plugins/event_listener.py for tasks to queue
[2024-04-26T22:06:00.694-0300] {logging_mixin.py:188} INFO - [2024-04-26T22:06:00.693-0300] {dagbag.py:540} INFO - Filling up the DagBag from /home/athlon/projects/airflow/.venv/lib/python3.11/site-packages/airflow/example_dags/plugins/event_listener.py
[2024-04-26T22:06:00.697-0300] {processor.py:842} WARNING - No viable dags retrieved from /home/athlon/projects/airflow/.venv/lib/python3.11/site-packages/airflow/example_dags/plugins/event_listener.py
[2024-04-26T22:06:00.714-0300] {processor.py:183} INFO - Processing /home/athlon/projects/airflow/.venv/lib/python3.11/site-packages/airflow/example_dags/plugins/event_listener.py took 0.041 seconds
[2024-04-26T22:07:01.456-0300] {processor.py:161} INFO - Started process (PID=22831) to work on /home/athlon/projects/airflow/.venv/lib/python3.11/site-packages/airflow/example_dags/plugins/event_listener.py
[2024-04-26T22:07:01.462-0300] {processor.py:830} INFO - Processing file /home/athlon/projects/airflow/.venv/lib/python3.11/site-packages/airflow/example_dags/plugins/event_listener.py for tasks to queue
[2024-04-26T22:07:01.465-0300] {logging_mixin.py:188} INFO - [2024-04-26T22:07:01.465-0300] {dagbag.py:540} INFO - Filling up the DagBag from /home/athlon/projects/airflow/.venv/lib/python3.11/site-packages/airflow/example_dags/plugins/event_listener.py
[2024-04-26T22:07:01.469-0300] {processor.py:842} WARNING - No viable dags retrieved from /home/athlon/projects/airflow/.venv/lib/python3.11/site-packages/airflow/example_dags/plugins/event_listener.py
[2024-04-26T22:07:01.486-0300] {processor.py:183} INFO - Processing /home/athlon/projects/airflow/.venv/lib/python3.11/site-packages/airflow/example_dags/plugins/event_listener.py took 0.041 seconds
[2024-04-26T22:08:05.857-0300] {processor.py:161} INFO - Started process (PID=22898) to work on /home/athlon/projects/airflow/.venv/lib/python3.11/site-packages/airflow/example_dags/plugins/event_listener.py
[2024-04-26T22:08:05.858-0300] {processor.py:830} INFO - Processing file /home/athlon/projects/airflow/.venv/lib/python3.11/site-packages/airflow/example_dags/plugins/event_listener.py for tasks to queue
[2024-04-26T22:08:05.861-0300] {logging_mixin.py:188} INFO - [2024-04-26T22:08:05.860-0300] {dagbag.py:540} INFO - Filling up the DagBag from /home/athlon/projects/airflow/.venv/lib/python3.11/site-packages/airflow/example_dags/plugins/event_listener.py
[2024-04-26T22:08:05.864-0300] {processor.py:842} WARNING - No viable dags retrieved from /home/athlon/projects/airflow/.venv/lib/python3.11/site-packages/airflow/example_dags/plugins/event_listener.py
[2024-04-26T22:08:05.878-0300] {processor.py:183} INFO - Processing /home/athlon/projects/airflow/.venv/lib/python3.11/site-packages/airflow/example_dags/plugins/event_listener.py took 0.031 seconds
[2024-04-26T22:09:02.702-0300] {processor.py:161} INFO - Started process (PID=22995) to work on /home/athlon/projects/airflow/.venv/lib/python3.11/site-packages/airflow/example_dags/plugins/event_listener.py
[2024-04-26T22:09:02.708-0300] {processor.py:830} INFO - Processing file /home/athlon/projects/airflow/.venv/lib/python3.11/site-packages/airflow/example_dags/plugins/event_listener.py for tasks to queue
[2024-04-26T22:09:02.711-0300] {logging_mixin.py:188} INFO - [2024-04-26T22:09:02.710-0300] {dagbag.py:540} INFO - Filling up the DagBag from /home/athlon/projects/airflow/.venv/lib/python3.11/site-packages/airflow/example_dags/plugins/event_listener.py
[2024-04-26T22:09:02.715-0300] {processor.py:842} WARNING - No viable dags retrieved from /home/athlon/projects/airflow/.venv/lib/python3.11/site-packages/airflow/example_dags/plugins/event_listener.py
[2024-04-26T22:09:02.732-0300] {processor.py:183} INFO - Processing /home/athlon/projects/airflow/.venv/lib/python3.11/site-packages/airflow/example_dags/plugins/event_listener.py took 0.041 seconds
[2024-04-26T22:10:05.756-0300] {processor.py:161} INFO - Started process (PID=23065) to work on /home/athlon/projects/airflow/.venv/lib/python3.11/site-packages/airflow/example_dags/plugins/event_listener.py
[2024-04-26T22:10:05.762-0300] {processor.py:830} INFO - Processing file /home/athlon/projects/airflow/.venv/lib/python3.11/site-packages/airflow/example_dags/plugins/event_listener.py for tasks to queue
[2024-04-26T22:10:05.765-0300] {logging_mixin.py:188} INFO - [2024-04-26T22:10:05.765-0300] {dagbag.py:540} INFO - Filling up the DagBag from /home/athlon/projects/airflow/.venv/lib/python3.11/site-packages/airflow/example_dags/plugins/event_listener.py
[2024-04-26T22:10:05.769-0300] {processor.py:842} WARNING - No viable dags retrieved from /home/athlon/projects/airflow/.venv/lib/python3.11/site-packages/airflow/example_dags/plugins/event_listener.py
[2024-04-26T22:10:05.786-0300] {processor.py:183} INFO - Processing /home/athlon/projects/airflow/.venv/lib/python3.11/site-packages/airflow/example_dags/plugins/event_listener.py took 0.041 seconds
[2024-04-26T22:11:05.444-0300] {processor.py:161} INFO - Started process (PID=23134) to work on /home/athlon/projects/airflow/.venv/lib/python3.11/site-packages/airflow/example_dags/plugins/event_listener.py
[2024-04-26T22:11:05.450-0300] {processor.py:830} INFO - Processing file /home/athlon/projects/airflow/.venv/lib/python3.11/site-packages/airflow/example_dags/plugins/event_listener.py for tasks to queue
[2024-04-26T22:11:05.453-0300] {logging_mixin.py:188} INFO - [2024-04-26T22:11:05.452-0300] {dagbag.py:540} INFO - Filling up the DagBag from /home/athlon/projects/airflow/.venv/lib/python3.11/site-packages/airflow/example_dags/plugins/event_listener.py
[2024-04-26T22:11:05.456-0300] {processor.py:842} WARNING - No viable dags retrieved from /home/athlon/projects/airflow/.venv/lib/python3.11/site-packages/airflow/example_dags/plugins/event_listener.py
[2024-04-26T22:11:05.473-0300] {processor.py:183} INFO - Processing /home/athlon/projects/airflow/.venv/lib/python3.11/site-packages/airflow/example_dags/plugins/event_listener.py took 0.039 seconds
[2024-04-26T22:12:09.421-0300] {processor.py:161} INFO - Started process (PID=23203) to work on /home/athlon/projects/airflow/.venv/lib/python3.11/site-packages/airflow/example_dags/plugins/event_listener.py
[2024-04-26T22:12:09.427-0300] {processor.py:830} INFO - Processing file /home/athlon/projects/airflow/.venv/lib/python3.11/site-packages/airflow/example_dags/plugins/event_listener.py for tasks to queue
[2024-04-26T22:12:09.430-0300] {logging_mixin.py:188} INFO - [2024-04-26T22:12:09.429-0300] {dagbag.py:540} INFO - Filling up the DagBag from /home/athlon/projects/airflow/.venv/lib/python3.11/site-packages/airflow/example_dags/plugins/event_listener.py
[2024-04-26T22:12:09.434-0300] {processor.py:842} WARNING - No viable dags retrieved from /home/athlon/projects/airflow/.venv/lib/python3.11/site-packages/airflow/example_dags/plugins/event_listener.py
[2024-04-26T22:12:09.451-0300] {processor.py:183} INFO - Processing /home/athlon/projects/airflow/.venv/lib/python3.11/site-packages/airflow/example_dags/plugins/event_listener.py took 0.041 seconds
[2024-04-26T22:13:09.451-0300] {processor.py:161} INFO - Started process (PID=23290) to work on /home/athlon/projects/airflow/.venv/lib/python3.11/site-packages/airflow/example_dags/plugins/event_listener.py
[2024-04-26T22:13:09.457-0300] {processor.py:830} INFO - Processing file /home/athlon/projects/airflow/.venv/lib/python3.11/site-packages/airflow/example_dags/plugins/event_listener.py for tasks to queue
[2024-04-26T22:13:09.460-0300] {logging_mixin.py:188} INFO - [2024-04-26T22:13:09.459-0300] {dagbag.py:540} INFO - Filling up the DagBag from /home/athlon/projects/airflow/.venv/lib/python3.11/site-packages/airflow/example_dags/plugins/event_listener.py
[2024-04-26T22:13:09.464-0300] {processor.py:842} WARNING - No viable dags retrieved from /home/athlon/projects/airflow/.venv/lib/python3.11/site-packages/airflow/example_dags/plugins/event_listener.py
[2024-04-26T22:13:09.480-0300] {processor.py:183} INFO - Processing /home/athlon/projects/airflow/.venv/lib/python3.11/site-packages/airflow/example_dags/plugins/event_listener.py took 0.041 seconds
[2024-04-26T22:14:07.758-0300] {processor.py:161} INFO - Started process (PID=23369) to work on /home/athlon/projects/airflow/.venv/lib/python3.11/site-packages/airflow/example_dags/plugins/event_listener.py
[2024-04-26T22:14:07.764-0300] {processor.py:830} INFO - Processing file /home/athlon/projects/airflow/.venv/lib/python3.11/site-packages/airflow/example_dags/plugins/event_listener.py for tasks to queue
[2024-04-26T22:14:07.766-0300] {logging_mixin.py:188} INFO - [2024-04-26T22:14:07.766-0300] {dagbag.py:540} INFO - Filling up the DagBag from /home/athlon/projects/airflow/.venv/lib/python3.11/site-packages/airflow/example_dags/plugins/event_listener.py
[2024-04-26T22:14:07.770-0300] {processor.py:842} WARNING - No viable dags retrieved from /home/athlon/projects/airflow/.venv/lib/python3.11/site-packages/airflow/example_dags/plugins/event_listener.py
[2024-04-26T22:14:07.788-0300] {processor.py:183} INFO - Processing /home/athlon/projects/airflow/.venv/lib/python3.11/site-packages/airflow/example_dags/plugins/event_listener.py took 0.044 seconds
[2024-04-26T22:15:11.433-0300] {processor.py:161} INFO - Started process (PID=23503) to work on /home/athlon/projects/airflow/.venv/lib/python3.11/site-packages/airflow/example_dags/plugins/event_listener.py
[2024-04-26T22:15:11.439-0300] {processor.py:830} INFO - Processing file /home/athlon/projects/airflow/.venv/lib/python3.11/site-packages/airflow/example_dags/plugins/event_listener.py for tasks to queue
[2024-04-26T22:15:11.442-0300] {logging_mixin.py:188} INFO - [2024-04-26T22:15:11.442-0300] {dagbag.py:540} INFO - Filling up the DagBag from /home/athlon/projects/airflow/.venv/lib/python3.11/site-packages/airflow/example_dags/plugins/event_listener.py
[2024-04-26T22:15:11.446-0300] {processor.py:842} WARNING - No viable dags retrieved from /home/athlon/projects/airflow/.venv/lib/python3.11/site-packages/airflow/example_dags/plugins/event_listener.py
[2024-04-26T22:15:11.463-0300] {processor.py:183} INFO - Processing /home/athlon/projects/airflow/.venv/lib/python3.11/site-packages/airflow/example_dags/plugins/event_listener.py took 0.042 seconds
[2024-04-26T22:16:17.857-0300] {processor.py:161} INFO - Started process (PID=23645) to work on /home/athlon/projects/airflow/.venv/lib/python3.11/site-packages/airflow/example_dags/plugins/event_listener.py
[2024-04-26T22:16:17.859-0300] {processor.py:830} INFO - Processing file /home/athlon/projects/airflow/.venv/lib/python3.11/site-packages/airflow/example_dags/plugins/event_listener.py for tasks to queue
[2024-04-26T22:16:17.862-0300] {logging_mixin.py:188} INFO - [2024-04-26T22:16:17.862-0300] {dagbag.py:540} INFO - Filling up the DagBag from /home/athlon/projects/airflow/.venv/lib/python3.11/site-packages/airflow/example_dags/plugins/event_listener.py
[2024-04-26T22:16:17.866-0300] {processor.py:842} WARNING - No viable dags retrieved from /home/athlon/projects/airflow/.venv/lib/python3.11/site-packages/airflow/example_dags/plugins/event_listener.py
[2024-04-26T22:16:17.883-0300] {processor.py:183} INFO - Processing /home/athlon/projects/airflow/.venv/lib/python3.11/site-packages/airflow/example_dags/plugins/event_listener.py took 0.038 seconds
[2024-04-26T22:17:16.378-0300] {processor.py:161} INFO - Started process (PID=23714) to work on /home/athlon/projects/airflow/.venv/lib/python3.11/site-packages/airflow/example_dags/plugins/event_listener.py
[2024-04-26T22:17:16.380-0300] {processor.py:830} INFO - Processing file /home/athlon/projects/airflow/.venv/lib/python3.11/site-packages/airflow/example_dags/plugins/event_listener.py for tasks to queue
[2024-04-26T22:17:16.383-0300] {logging_mixin.py:188} INFO - [2024-04-26T22:17:16.382-0300] {dagbag.py:540} INFO - Filling up the DagBag from /home/athlon/projects/airflow/.venv/lib/python3.11/site-packages/airflow/example_dags/plugins/event_listener.py
[2024-04-26T22:17:16.387-0300] {processor.py:842} WARNING - No viable dags retrieved from /home/athlon/projects/airflow/.venv/lib/python3.11/site-packages/airflow/example_dags/plugins/event_listener.py
[2024-04-26T22:17:16.403-0300] {processor.py:183} INFO - Processing /home/athlon/projects/airflow/.venv/lib/python3.11/site-packages/airflow/example_dags/plugins/event_listener.py took 0.037 seconds
[2024-04-26T22:18:15.878-0300] {processor.py:161} INFO - Started process (PID=23769) to work on /home/athlon/projects/airflow/.venv/lib/python3.11/site-packages/airflow/example_dags/plugins/event_listener.py
[2024-04-26T22:18:15.884-0300] {processor.py:830} INFO - Processing file /home/athlon/projects/airflow/.venv/lib/python3.11/site-packages/airflow/example_dags/plugins/event_listener.py for tasks to queue
[2024-04-26T22:18:15.888-0300] {logging_mixin.py:188} INFO - [2024-04-26T22:18:15.887-0300] {dagbag.py:540} INFO - Filling up the DagBag from /home/athlon/projects/airflow/.venv/lib/python3.11/site-packages/airflow/example_dags/plugins/event_listener.py
[2024-04-26T22:18:15.892-0300] {processor.py:842} WARNING - No viable dags retrieved from /home/athlon/projects/airflow/.venv/lib/python3.11/site-packages/airflow/example_dags/plugins/event_listener.py
[2024-04-26T22:18:15.909-0300] {processor.py:183} INFO - Processing /home/athlon/projects/airflow/.venv/lib/python3.11/site-packages/airflow/example_dags/plugins/event_listener.py took 0.042 seconds
[2024-04-26T22:19:15.246-0300] {processor.py:161} INFO - Started process (PID=23835) to work on /home/athlon/projects/airflow/.venv/lib/python3.11/site-packages/airflow/example_dags/plugins/event_listener.py
[2024-04-26T22:19:15.252-0300] {processor.py:830} INFO - Processing file /home/athlon/projects/airflow/.venv/lib/python3.11/site-packages/airflow/example_dags/plugins/event_listener.py for tasks to queue
[2024-04-26T22:19:15.255-0300] {logging_mixin.py:188} INFO - [2024-04-26T22:19:15.254-0300] {dagbag.py:540} INFO - Filling up the DagBag from /home/athlon/projects/airflow/.venv/lib/python3.11/site-packages/airflow/example_dags/plugins/event_listener.py
[2024-04-26T22:19:15.259-0300] {processor.py:842} WARNING - No viable dags retrieved from /home/athlon/projects/airflow/.venv/lib/python3.11/site-packages/airflow/example_dags/plugins/event_listener.py
[2024-04-26T22:19:15.276-0300] {processor.py:183} INFO - Processing /home/athlon/projects/airflow/.venv/lib/python3.11/site-packages/airflow/example_dags/plugins/event_listener.py took 0.042 seconds
[2024-04-26T22:20:13.459-0300] {processor.py:161} INFO - Started process (PID=23894) to work on /home/athlon/projects/airflow/.venv/lib/python3.11/site-packages/airflow/example_dags/plugins/event_listener.py
[2024-04-26T22:20:13.465-0300] {processor.py:830} INFO - Processing file /home/athlon/projects/airflow/.venv/lib/python3.11/site-packages/airflow/example_dags/plugins/event_listener.py for tasks to queue
[2024-04-26T22:20:13.468-0300] {logging_mixin.py:188} INFO - [2024-04-26T22:20:13.467-0300] {dagbag.py:540} INFO - Filling up the DagBag from /home/athlon/projects/airflow/.venv/lib/python3.11/site-packages/airflow/example_dags/plugins/event_listener.py
[2024-04-26T22:20:13.471-0300] {processor.py:842} WARNING - No viable dags retrieved from /home/athlon/projects/airflow/.venv/lib/python3.11/site-packages/airflow/example_dags/plugins/event_listener.py
[2024-04-26T22:20:13.487-0300] {processor.py:183} INFO - Processing /home/athlon/projects/airflow/.venv/lib/python3.11/site-packages/airflow/example_dags/plugins/event_listener.py took 0.040 seconds
[2024-04-26T22:21:33.669-0300] {processor.py:161} INFO - Started process (PID=24074) to work on /home/athlon/projects/airflow/.venv/lib/python3.11/site-packages/airflow/example_dags/plugins/event_listener.py
[2024-04-26T22:21:33.671-0300] {processor.py:830} INFO - Processing file /home/athlon/projects/airflow/.venv/lib/python3.11/site-packages/airflow/example_dags/plugins/event_listener.py for tasks to queue
[2024-04-26T22:21:33.673-0300] {logging_mixin.py:188} INFO - [2024-04-26T22:21:33.673-0300] {dagbag.py:540} INFO - Filling up the DagBag from /home/athlon/projects/airflow/.venv/lib/python3.11/site-packages/airflow/example_dags/plugins/event_listener.py
[2024-04-26T22:21:33.677-0300] {processor.py:842} WARNING - No viable dags retrieved from /home/athlon/projects/airflow/.venv/lib/python3.11/site-packages/airflow/example_dags/plugins/event_listener.py
[2024-04-26T22:21:33.693-0300] {processor.py:183} INFO - Processing /home/athlon/projects/airflow/.venv/lib/python3.11/site-packages/airflow/example_dags/plugins/event_listener.py took 0.033 seconds
