[2024-04-26T21:25:01.280-0300] {processor.py:161} INFO - Started process (PID=17693) to work on /home/athlon/projects/airflow/.venv/lib/python3.11/site-packages/airflow/example_dags/plugins/workday.py
[2024-04-26T21:25:01.281-0300] {processor.py:830} INFO - Processing file /home/athlon/projects/airflow/.venv/lib/python3.11/site-packages/airflow/example_dags/plugins/workday.py for tasks to queue
[2024-04-26T21:25:01.284-0300] {logging_mixin.py:188} INFO - [2024-04-26T21:25:01.283-0300] {dagbag.py:540} INFO - Filling up the DagBag from /home/athlon/projects/airflow/.venv/lib/python3.11/site-packages/airflow/example_dags/plugins/workday.py
[2024-04-26T21:25:01.289-0300] {logging_mixin.py:188} INFO - [2024-04-26T21:25:01.289-0300] {workday.py:41} WARNING - Could not import pandas. Holidays will not be considered.
[2024-04-26T21:25:01.290-0300] {processor.py:842} WARNING - No viable dags retrieved from /home/athlon/projects/airflow/.venv/lib/python3.11/site-packages/airflow/example_dags/plugins/workday.py
[2024-04-26T21:25:01.312-0300] {processor.py:183} INFO - Processing /home/athlon/projects/airflow/.venv/lib/python3.11/site-packages/airflow/example_dags/plugins/workday.py took 0.041 seconds
[2024-04-26T21:25:58.359-0300] {processor.py:161} INFO - Started process (PID=17820) to work on /home/athlon/projects/airflow/.venv/lib/python3.11/site-packages/airflow/example_dags/plugins/workday.py
[2024-04-26T21:25:58.365-0300] {processor.py:830} INFO - Processing file /home/athlon/projects/airflow/.venv/lib/python3.11/site-packages/airflow/example_dags/plugins/workday.py for tasks to queue
[2024-04-26T21:25:58.368-0300] {logging_mixin.py:188} INFO - [2024-04-26T21:25:58.367-0300] {dagbag.py:540} INFO - Filling up the DagBag from /home/athlon/projects/airflow/.venv/lib/python3.11/site-packages/airflow/example_dags/plugins/workday.py
[2024-04-26T21:25:58.373-0300] {logging_mixin.py:188} INFO - [2024-04-26T21:25:58.372-0300] {workday.py:41} WARNING - Could not import pandas. Holidays will not be considered.
[2024-04-26T21:25:58.373-0300] {processor.py:842} WARNING - No viable dags retrieved from /home/athlon/projects/airflow/.venv/lib/python3.11/site-packages/airflow/example_dags/plugins/workday.py
[2024-04-26T21:25:58.390-0300] {processor.py:183} INFO - Processing /home/athlon/projects/airflow/.venv/lib/python3.11/site-packages/airflow/example_dags/plugins/workday.py took 0.041 seconds
[2024-04-26T21:26:54.792-0300] {processor.py:161} INFO - Started process (PID=17906) to work on /home/athlon/projects/airflow/.venv/lib/python3.11/site-packages/airflow/example_dags/plugins/workday.py
[2024-04-26T21:26:54.798-0300] {processor.py:830} INFO - Processing file /home/athlon/projects/airflow/.venv/lib/python3.11/site-packages/airflow/example_dags/plugins/workday.py for tasks to queue
[2024-04-26T21:26:54.800-0300] {logging_mixin.py:188} INFO - [2024-04-26T21:26:54.800-0300] {dagbag.py:540} INFO - Filling up the DagBag from /home/athlon/projects/airflow/.venv/lib/python3.11/site-packages/airflow/example_dags/plugins/workday.py
[2024-04-26T21:26:54.804-0300] {logging_mixin.py:188} INFO - [2024-04-26T21:26:54.803-0300] {workday.py:41} WARNING - Could not import pandas. Holidays will not be considered.
[2024-04-26T21:26:54.804-0300] {processor.py:842} WARNING - No viable dags retrieved from /home/athlon/projects/airflow/.venv/lib/python3.11/site-packages/airflow/example_dags/plugins/workday.py
[2024-04-26T21:26:54.819-0300] {processor.py:183} INFO - Processing /home/athlon/projects/airflow/.venv/lib/python3.11/site-packages/airflow/example_dags/plugins/workday.py took 0.036 seconds
[2024-04-26T21:27:52.111-0300] {processor.py:161} INFO - Started process (PID=17980) to work on /home/athlon/projects/airflow/.venv/lib/python3.11/site-packages/airflow/example_dags/plugins/workday.py
[2024-04-26T21:27:52.116-0300] {processor.py:830} INFO - Processing file /home/athlon/projects/airflow/.venv/lib/python3.11/site-packages/airflow/example_dags/plugins/workday.py for tasks to queue
[2024-04-26T21:27:52.119-0300] {logging_mixin.py:188} INFO - [2024-04-26T21:27:52.118-0300] {dagbag.py:540} INFO - Filling up the DagBag from /home/athlon/projects/airflow/.venv/lib/python3.11/site-packages/airflow/example_dags/plugins/workday.py
[2024-04-26T21:27:52.122-0300] {logging_mixin.py:188} INFO - [2024-04-26T21:27:52.122-0300] {workday.py:41} WARNING - Could not import pandas. Holidays will not be considered.
[2024-04-26T21:27:52.123-0300] {processor.py:842} WARNING - No viable dags retrieved from /home/athlon/projects/airflow/.venv/lib/python3.11/site-packages/airflow/example_dags/plugins/workday.py
[2024-04-26T21:27:52.138-0300] {processor.py:183} INFO - Processing /home/athlon/projects/airflow/.venv/lib/python3.11/site-packages/airflow/example_dags/plugins/workday.py took 0.036 seconds
[2024-04-26T21:28:50.882-0300] {processor.py:161} INFO - Started process (PID=18066) to work on /home/athlon/projects/airflow/.venv/lib/python3.11/site-packages/airflow/example_dags/plugins/workday.py
[2024-04-26T21:28:50.888-0300] {processor.py:830} INFO - Processing file /home/athlon/projects/airflow/.venv/lib/python3.11/site-packages/airflow/example_dags/plugins/workday.py for tasks to queue
[2024-04-26T21:28:50.891-0300] {logging_mixin.py:188} INFO - [2024-04-26T21:28:50.890-0300] {dagbag.py:540} INFO - Filling up the DagBag from /home/athlon/projects/airflow/.venv/lib/python3.11/site-packages/airflow/example_dags/plugins/workday.py
[2024-04-26T21:28:50.895-0300] {logging_mixin.py:188} INFO - [2024-04-26T21:28:50.895-0300] {workday.py:41} WARNING - Could not import pandas. Holidays will not be considered.
[2024-04-26T21:28:50.896-0300] {processor.py:842} WARNING - No viable dags retrieved from /home/athlon/projects/airflow/.venv/lib/python3.11/site-packages/airflow/example_dags/plugins/workday.py
[2024-04-26T21:28:50.914-0300] {processor.py:183} INFO - Processing /home/athlon/projects/airflow/.venv/lib/python3.11/site-packages/airflow/example_dags/plugins/workday.py took 0.043 seconds
[2024-04-26T21:29:52.243-0300] {processor.py:161} INFO - Started process (PID=18686) to work on /home/athlon/projects/airflow/.venv/lib/python3.11/site-packages/airflow/example_dags/plugins/workday.py
[2024-04-26T21:29:52.244-0300] {processor.py:830} INFO - Processing file /home/athlon/projects/airflow/.venv/lib/python3.11/site-packages/airflow/example_dags/plugins/workday.py for tasks to queue
[2024-04-26T21:29:52.247-0300] {logging_mixin.py:188} INFO - [2024-04-26T21:29:52.247-0300] {dagbag.py:540} INFO - Filling up the DagBag from /home/athlon/projects/airflow/.venv/lib/python3.11/site-packages/airflow/example_dags/plugins/workday.py
[2024-04-26T21:29:52.254-0300] {logging_mixin.py:188} INFO - [2024-04-26T21:29:52.253-0300] {workday.py:41} WARNING - Could not import pandas. Holidays will not be considered.
[2024-04-26T21:29:52.255-0300] {processor.py:842} WARNING - No viable dags retrieved from /home/athlon/projects/airflow/.venv/lib/python3.11/site-packages/airflow/example_dags/plugins/workday.py
[2024-04-26T21:29:52.273-0300] {processor.py:183} INFO - Processing /home/athlon/projects/airflow/.venv/lib/python3.11/site-packages/airflow/example_dags/plugins/workday.py took 0.042 seconds
[2024-04-26T21:30:25.876-0300] {processor.py:161} INFO - Started process (PID=18728) to work on /home/athlon/projects/airflow/.venv/lib/python3.11/site-packages/airflow/example_dags/plugins/workday.py
[2024-04-26T21:30:25.881-0300] {processor.py:830} INFO - Processing file /home/athlon/projects/airflow/.venv/lib/python3.11/site-packages/airflow/example_dags/plugins/workday.py for tasks to queue
[2024-04-26T21:30:25.885-0300] {logging_mixin.py:188} INFO - [2024-04-26T21:30:25.884-0300] {dagbag.py:540} INFO - Filling up the DagBag from /home/athlon/projects/airflow/.venv/lib/python3.11/site-packages/airflow/example_dags/plugins/workday.py
[2024-04-26T21:30:25.889-0300] {logging_mixin.py:188} INFO - [2024-04-26T21:30:25.889-0300] {workday.py:41} WARNING - Could not import pandas. Holidays will not be considered.
[2024-04-26T21:30:25.890-0300] {processor.py:842} WARNING - No viable dags retrieved from /home/athlon/projects/airflow/.venv/lib/python3.11/site-packages/airflow/example_dags/plugins/workday.py
[2024-04-26T21:30:25.906-0300] {processor.py:183} INFO - Processing /home/athlon/projects/airflow/.venv/lib/python3.11/site-packages/airflow/example_dags/plugins/workday.py took 0.041 seconds
[2024-04-26T21:31:27.306-0300] {processor.py:161} INFO - Started process (PID=18800) to work on /home/athlon/projects/airflow/.venv/lib/python3.11/site-packages/airflow/example_dags/plugins/workday.py
[2024-04-26T21:31:27.308-0300] {processor.py:830} INFO - Processing file /home/athlon/projects/airflow/.venv/lib/python3.11/site-packages/airflow/example_dags/plugins/workday.py for tasks to queue
[2024-04-26T21:31:27.310-0300] {logging_mixin.py:188} INFO - [2024-04-26T21:31:27.310-0300] {dagbag.py:540} INFO - Filling up the DagBag from /home/athlon/projects/airflow/.venv/lib/python3.11/site-packages/airflow/example_dags/plugins/workday.py
[2024-04-26T21:31:27.315-0300] {logging_mixin.py:188} INFO - [2024-04-26T21:31:27.314-0300] {workday.py:41} WARNING - Could not import pandas. Holidays will not be considered.
[2024-04-26T21:31:27.315-0300] {processor.py:842} WARNING - No viable dags retrieved from /home/athlon/projects/airflow/.venv/lib/python3.11/site-packages/airflow/example_dags/plugins/workday.py
[2024-04-26T21:31:27.332-0300] {processor.py:183} INFO - Processing /home/athlon/projects/airflow/.venv/lib/python3.11/site-packages/airflow/example_dags/plugins/workday.py took 0.036 seconds
[2024-04-26T21:32:26.268-0300] {processor.py:161} INFO - Started process (PID=18860) to work on /home/athlon/projects/airflow/.venv/lib/python3.11/site-packages/airflow/example_dags/plugins/workday.py
[2024-04-26T21:32:26.274-0300] {processor.py:830} INFO - Processing file /home/athlon/projects/airflow/.venv/lib/python3.11/site-packages/airflow/example_dags/plugins/workday.py for tasks to queue
[2024-04-26T21:32:26.277-0300] {logging_mixin.py:188} INFO - [2024-04-26T21:32:26.276-0300] {dagbag.py:540} INFO - Filling up the DagBag from /home/athlon/projects/airflow/.venv/lib/python3.11/site-packages/airflow/example_dags/plugins/workday.py
[2024-04-26T21:32:26.281-0300] {logging_mixin.py:188} INFO - [2024-04-26T21:32:26.281-0300] {workday.py:41} WARNING - Could not import pandas. Holidays will not be considered.
[2024-04-26T21:32:26.282-0300] {processor.py:842} WARNING - No viable dags retrieved from /home/athlon/projects/airflow/.venv/lib/python3.11/site-packages/airflow/example_dags/plugins/workday.py
[2024-04-26T21:32:26.298-0300] {processor.py:183} INFO - Processing /home/athlon/projects/airflow/.venv/lib/python3.11/site-packages/airflow/example_dags/plugins/workday.py took 0.041 seconds
[2024-04-26T21:33:22.543-0300] {processor.py:161} INFO - Started process (PID=18912) to work on /home/athlon/projects/airflow/.venv/lib/python3.11/site-packages/airflow/example_dags/plugins/workday.py
[2024-04-26T21:33:22.549-0300] {processor.py:830} INFO - Processing file /home/athlon/projects/airflow/.venv/lib/python3.11/site-packages/airflow/example_dags/plugins/workday.py for tasks to queue
[2024-04-26T21:33:22.552-0300] {logging_mixin.py:188} INFO - [2024-04-26T21:33:22.551-0300] {dagbag.py:540} INFO - Filling up the DagBag from /home/athlon/projects/airflow/.venv/lib/python3.11/site-packages/airflow/example_dags/plugins/workday.py
[2024-04-26T21:33:22.556-0300] {logging_mixin.py:188} INFO - [2024-04-26T21:33:22.556-0300] {workday.py:41} WARNING - Could not import pandas. Holidays will not be considered.
[2024-04-26T21:33:22.557-0300] {processor.py:842} WARNING - No viable dags retrieved from /home/athlon/projects/airflow/.venv/lib/python3.11/site-packages/airflow/example_dags/plugins/workday.py
[2024-04-26T21:33:22.573-0300] {processor.py:183} INFO - Processing /home/athlon/projects/airflow/.venv/lib/python3.11/site-packages/airflow/example_dags/plugins/workday.py took 0.040 seconds
[2024-04-26T21:34:26.487-0300] {processor.py:161} INFO - Started process (PID=19155) to work on /home/athlon/projects/airflow/.venv/lib/python3.11/site-packages/airflow/example_dags/plugins/workday.py
[2024-04-26T21:34:26.493-0300] {processor.py:830} INFO - Processing file /home/athlon/projects/airflow/.venv/lib/python3.11/site-packages/airflow/example_dags/plugins/workday.py for tasks to queue
[2024-04-26T21:34:26.495-0300] {logging_mixin.py:188} INFO - [2024-04-26T21:34:26.495-0300] {dagbag.py:540} INFO - Filling up the DagBag from /home/athlon/projects/airflow/.venv/lib/python3.11/site-packages/airflow/example_dags/plugins/workday.py
[2024-04-26T21:34:26.500-0300] {logging_mixin.py:188} INFO - [2024-04-26T21:34:26.499-0300] {workday.py:41} WARNING - Could not import pandas. Holidays will not be considered.
[2024-04-26T21:34:26.501-0300] {processor.py:842} WARNING - No viable dags retrieved from /home/athlon/projects/airflow/.venv/lib/python3.11/site-packages/airflow/example_dags/plugins/workday.py
[2024-04-26T21:34:26.517-0300] {processor.py:183} INFO - Processing /home/athlon/projects/airflow/.venv/lib/python3.11/site-packages/airflow/example_dags/plugins/workday.py took 0.037 seconds
[2024-04-26T21:35:14.265-0300] {processor.py:161} INFO - Started process (PID=19200) to work on /home/athlon/projects/airflow/.venv/lib/python3.11/site-packages/airflow/example_dags/plugins/workday.py
[2024-04-26T21:35:14.271-0300] {processor.py:830} INFO - Processing file /home/athlon/projects/airflow/.venv/lib/python3.11/site-packages/airflow/example_dags/plugins/workday.py for tasks to queue
[2024-04-26T21:35:14.274-0300] {logging_mixin.py:188} INFO - [2024-04-26T21:35:14.273-0300] {dagbag.py:540} INFO - Filling up the DagBag from /home/athlon/projects/airflow/.venv/lib/python3.11/site-packages/airflow/example_dags/plugins/workday.py
[2024-04-26T21:35:14.278-0300] {logging_mixin.py:188} INFO - [2024-04-26T21:35:14.278-0300] {workday.py:41} WARNING - Could not import pandas. Holidays will not be considered.
[2024-04-26T21:35:14.279-0300] {processor.py:842} WARNING - No viable dags retrieved from /home/athlon/projects/airflow/.venv/lib/python3.11/site-packages/airflow/example_dags/plugins/workday.py
[2024-04-26T21:35:14.295-0300] {processor.py:183} INFO - Processing /home/athlon/projects/airflow/.venv/lib/python3.11/site-packages/airflow/example_dags/plugins/workday.py took 0.040 seconds
[2024-04-26T21:36:00.135-0300] {processor.py:161} INFO - Started process (PID=19251) to work on /home/athlon/projects/airflow/.venv/lib/python3.11/site-packages/airflow/example_dags/plugins/workday.py
[2024-04-26T21:36:00.140-0300] {processor.py:830} INFO - Processing file /home/athlon/projects/airflow/.venv/lib/python3.11/site-packages/airflow/example_dags/plugins/workday.py for tasks to queue
[2024-04-26T21:36:00.143-0300] {logging_mixin.py:188} INFO - [2024-04-26T21:36:00.142-0300] {dagbag.py:540} INFO - Filling up the DagBag from /home/athlon/projects/airflow/.venv/lib/python3.11/site-packages/airflow/example_dags/plugins/workday.py
[2024-04-26T21:36:00.146-0300] {logging_mixin.py:188} INFO - [2024-04-26T21:36:00.146-0300] {workday.py:41} WARNING - Could not import pandas. Holidays will not be considered.
[2024-04-26T21:36:00.147-0300] {processor.py:842} WARNING - No viable dags retrieved from /home/athlon/projects/airflow/.venv/lib/python3.11/site-packages/airflow/example_dags/plugins/workday.py
[2024-04-26T21:36:00.161-0300] {processor.py:183} INFO - Processing /home/athlon/projects/airflow/.venv/lib/python3.11/site-packages/airflow/example_dags/plugins/workday.py took 0.034 seconds
[2024-04-26T21:36:59.467-0300] {processor.py:161} INFO - Started process (PID=19316) to work on /home/athlon/projects/airflow/.venv/lib/python3.11/site-packages/airflow/example_dags/plugins/workday.py
[2024-04-26T21:36:59.473-0300] {processor.py:830} INFO - Processing file /home/athlon/projects/airflow/.venv/lib/python3.11/site-packages/airflow/example_dags/plugins/workday.py for tasks to queue
[2024-04-26T21:36:59.476-0300] {logging_mixin.py:188} INFO - [2024-04-26T21:36:59.475-0300] {dagbag.py:540} INFO - Filling up the DagBag from /home/athlon/projects/airflow/.venv/lib/python3.11/site-packages/airflow/example_dags/plugins/workday.py
[2024-04-26T21:36:59.480-0300] {logging_mixin.py:188} INFO - [2024-04-26T21:36:59.480-0300] {workday.py:41} WARNING - Could not import pandas. Holidays will not be considered.
[2024-04-26T21:36:59.481-0300] {processor.py:842} WARNING - No viable dags retrieved from /home/athlon/projects/airflow/.venv/lib/python3.11/site-packages/airflow/example_dags/plugins/workday.py
[2024-04-26T21:36:59.499-0300] {processor.py:183} INFO - Processing /home/athlon/projects/airflow/.venv/lib/python3.11/site-packages/airflow/example_dags/plugins/workday.py took 0.042 seconds
[2024-04-26T21:37:56.290-0300] {processor.py:161} INFO - Started process (PID=19380) to work on /home/athlon/projects/airflow/.venv/lib/python3.11/site-packages/airflow/example_dags/plugins/workday.py
[2024-04-26T21:37:56.295-0300] {processor.py:830} INFO - Processing file /home/athlon/projects/airflow/.venv/lib/python3.11/site-packages/airflow/example_dags/plugins/workday.py for tasks to queue
[2024-04-26T21:37:56.298-0300] {logging_mixin.py:188} INFO - [2024-04-26T21:37:56.298-0300] {dagbag.py:540} INFO - Filling up the DagBag from /home/athlon/projects/airflow/.venv/lib/python3.11/site-packages/airflow/example_dags/plugins/workday.py
[2024-04-26T21:37:56.302-0300] {logging_mixin.py:188} INFO - [2024-04-26T21:37:56.302-0300] {workday.py:41} WARNING - Could not import pandas. Holidays will not be considered.
[2024-04-26T21:37:56.303-0300] {processor.py:842} WARNING - No viable dags retrieved from /home/athlon/projects/airflow/.venv/lib/python3.11/site-packages/airflow/example_dags/plugins/workday.py
[2024-04-26T21:37:56.320-0300] {processor.py:183} INFO - Processing /home/athlon/projects/airflow/.venv/lib/python3.11/site-packages/airflow/example_dags/plugins/workday.py took 0.040 seconds
[2024-04-26T21:38:54.767-0300] {processor.py:161} INFO - Started process (PID=19445) to work on /home/athlon/projects/airflow/.venv/lib/python3.11/site-packages/airflow/example_dags/plugins/workday.py
[2024-04-26T21:38:54.773-0300] {processor.py:830} INFO - Processing file /home/athlon/projects/airflow/.venv/lib/python3.11/site-packages/airflow/example_dags/plugins/workday.py for tasks to queue
[2024-04-26T21:38:54.776-0300] {logging_mixin.py:188} INFO - [2024-04-26T21:38:54.775-0300] {dagbag.py:540} INFO - Filling up the DagBag from /home/athlon/projects/airflow/.venv/lib/python3.11/site-packages/airflow/example_dags/plugins/workday.py
[2024-04-26T21:38:54.780-0300] {logging_mixin.py:188} INFO - [2024-04-26T21:38:54.779-0300] {workday.py:41} WARNING - Could not import pandas. Holidays will not be considered.
[2024-04-26T21:38:54.781-0300] {processor.py:842} WARNING - No viable dags retrieved from /home/athlon/projects/airflow/.venv/lib/python3.11/site-packages/airflow/example_dags/plugins/workday.py
[2024-04-26T21:38:54.797-0300] {processor.py:183} INFO - Processing /home/athlon/projects/airflow/.venv/lib/python3.11/site-packages/airflow/example_dags/plugins/workday.py took 0.040 seconds
[2024-04-26T21:39:54.027-0300] {processor.py:161} INFO - Started process (PID=19544) to work on /home/athlon/projects/airflow/.venv/lib/python3.11/site-packages/airflow/example_dags/plugins/workday.py
[2024-04-26T21:39:54.032-0300] {processor.py:830} INFO - Processing file /home/athlon/projects/airflow/.venv/lib/python3.11/site-packages/airflow/example_dags/plugins/workday.py for tasks to queue
[2024-04-26T21:39:54.035-0300] {logging_mixin.py:188} INFO - [2024-04-26T21:39:54.035-0300] {dagbag.py:540} INFO - Filling up the DagBag from /home/athlon/projects/airflow/.venv/lib/python3.11/site-packages/airflow/example_dags/plugins/workday.py
[2024-04-26T21:39:54.040-0300] {logging_mixin.py:188} INFO - [2024-04-26T21:39:54.039-0300] {workday.py:41} WARNING - Could not import pandas. Holidays will not be considered.
[2024-04-26T21:39:54.040-0300] {processor.py:842} WARNING - No viable dags retrieved from /home/athlon/projects/airflow/.venv/lib/python3.11/site-packages/airflow/example_dags/plugins/workday.py
[2024-04-26T21:39:54.057-0300] {processor.py:183} INFO - Processing /home/athlon/projects/airflow/.venv/lib/python3.11/site-packages/airflow/example_dags/plugins/workday.py took 0.041 seconds
[2024-04-26T21:40:52.335-0300] {processor.py:161} INFO - Started process (PID=19715) to work on /home/athlon/projects/airflow/.venv/lib/python3.11/site-packages/airflow/example_dags/plugins/workday.py
[2024-04-26T21:40:52.341-0300] {processor.py:830} INFO - Processing file /home/athlon/projects/airflow/.venv/lib/python3.11/site-packages/airflow/example_dags/plugins/workday.py for tasks to queue
[2024-04-26T21:40:52.344-0300] {logging_mixin.py:188} INFO - [2024-04-26T21:40:52.343-0300] {dagbag.py:540} INFO - Filling up the DagBag from /home/athlon/projects/airflow/.venv/lib/python3.11/site-packages/airflow/example_dags/plugins/workday.py
[2024-04-26T21:40:52.348-0300] {logging_mixin.py:188} INFO - [2024-04-26T21:40:52.348-0300] {workday.py:41} WARNING - Could not import pandas. Holidays will not be considered.
[2024-04-26T21:40:52.349-0300] {processor.py:842} WARNING - No viable dags retrieved from /home/athlon/projects/airflow/.venv/lib/python3.11/site-packages/airflow/example_dags/plugins/workday.py
[2024-04-26T21:40:52.366-0300] {processor.py:183} INFO - Processing /home/athlon/projects/airflow/.venv/lib/python3.11/site-packages/airflow/example_dags/plugins/workday.py took 0.042 seconds
[2024-04-26T21:41:47.974-0300] {processor.py:161} INFO - Started process (PID=19780) to work on /home/athlon/projects/airflow/.venv/lib/python3.11/site-packages/airflow/example_dags/plugins/workday.py
[2024-04-26T21:41:47.976-0300] {processor.py:830} INFO - Processing file /home/athlon/projects/airflow/.venv/lib/python3.11/site-packages/airflow/example_dags/plugins/workday.py for tasks to queue
[2024-04-26T21:41:47.979-0300] {logging_mixin.py:188} INFO - [2024-04-26T21:41:47.978-0300] {dagbag.py:540} INFO - Filling up the DagBag from /home/athlon/projects/airflow/.venv/lib/python3.11/site-packages/airflow/example_dags/plugins/workday.py
[2024-04-26T21:41:47.983-0300] {logging_mixin.py:188} INFO - [2024-04-26T21:41:47.983-0300] {workday.py:41} WARNING - Could not import pandas. Holidays will not be considered.
[2024-04-26T21:41:47.984-0300] {processor.py:842} WARNING - No viable dags retrieved from /home/athlon/projects/airflow/.venv/lib/python3.11/site-packages/airflow/example_dags/plugins/workday.py
[2024-04-26T21:41:48.000-0300] {processor.py:183} INFO - Processing /home/athlon/projects/airflow/.venv/lib/python3.11/site-packages/airflow/example_dags/plugins/workday.py took 0.037 seconds
[2024-04-26T21:42:47.918-0300] {processor.py:161} INFO - Started process (PID=19855) to work on /home/athlon/projects/airflow/.venv/lib/python3.11/site-packages/airflow/example_dags/plugins/workday.py
[2024-04-26T21:42:47.924-0300] {processor.py:830} INFO - Processing file /home/athlon/projects/airflow/.venv/lib/python3.11/site-packages/airflow/example_dags/plugins/workday.py for tasks to queue
[2024-04-26T21:42:47.926-0300] {logging_mixin.py:188} INFO - [2024-04-26T21:42:47.926-0300] {dagbag.py:540} INFO - Filling up the DagBag from /home/athlon/projects/airflow/.venv/lib/python3.11/site-packages/airflow/example_dags/plugins/workday.py
[2024-04-26T21:42:47.931-0300] {logging_mixin.py:188} INFO - [2024-04-26T21:42:47.931-0300] {workday.py:41} WARNING - Could not import pandas. Holidays will not be considered.
[2024-04-26T21:42:47.932-0300] {processor.py:842} WARNING - No viable dags retrieved from /home/athlon/projects/airflow/.venv/lib/python3.11/site-packages/airflow/example_dags/plugins/workday.py
[2024-04-26T21:42:47.948-0300] {processor.py:183} INFO - Processing /home/athlon/projects/airflow/.venv/lib/python3.11/site-packages/airflow/example_dags/plugins/workday.py took 0.041 seconds
[2024-04-26T21:43:46.386-0300] {processor.py:161} INFO - Started process (PID=19919) to work on /home/athlon/projects/airflow/.venv/lib/python3.11/site-packages/airflow/example_dags/plugins/workday.py
[2024-04-26T21:43:46.392-0300] {processor.py:830} INFO - Processing file /home/athlon/projects/airflow/.venv/lib/python3.11/site-packages/airflow/example_dags/plugins/workday.py for tasks to queue
[2024-04-26T21:43:46.395-0300] {logging_mixin.py:188} INFO - [2024-04-26T21:43:46.394-0300] {dagbag.py:540} INFO - Filling up the DagBag from /home/athlon/projects/airflow/.venv/lib/python3.11/site-packages/airflow/example_dags/plugins/workday.py
[2024-04-26T21:43:46.399-0300] {logging_mixin.py:188} INFO - [2024-04-26T21:43:46.399-0300] {workday.py:41} WARNING - Could not import pandas. Holidays will not be considered.
[2024-04-26T21:43:46.400-0300] {processor.py:842} WARNING - No viable dags retrieved from /home/athlon/projects/airflow/.venv/lib/python3.11/site-packages/airflow/example_dags/plugins/workday.py
[2024-04-26T21:43:46.417-0300] {processor.py:183} INFO - Processing /home/athlon/projects/airflow/.venv/lib/python3.11/site-packages/airflow/example_dags/plugins/workday.py took 0.041 seconds
[2024-04-26T21:44:38.993-0300] {processor.py:161} INFO - Started process (PID=19986) to work on /home/athlon/projects/airflow/.venv/lib/python3.11/site-packages/airflow/example_dags/plugins/workday.py
[2024-04-26T21:44:38.998-0300] {processor.py:830} INFO - Processing file /home/athlon/projects/airflow/.venv/lib/python3.11/site-packages/airflow/example_dags/plugins/workday.py for tasks to queue
[2024-04-26T21:44:39.001-0300] {logging_mixin.py:188} INFO - [2024-04-26T21:44:39.001-0300] {dagbag.py:540} INFO - Filling up the DagBag from /home/athlon/projects/airflow/.venv/lib/python3.11/site-packages/airflow/example_dags/plugins/workday.py
[2024-04-26T21:44:39.006-0300] {logging_mixin.py:188} INFO - [2024-04-26T21:44:39.005-0300] {workday.py:41} WARNING - Could not import pandas. Holidays will not be considered.
[2024-04-26T21:44:39.006-0300] {processor.py:842} WARNING - No viable dags retrieved from /home/athlon/projects/airflow/.venv/lib/python3.11/site-packages/airflow/example_dags/plugins/workday.py
[2024-04-26T21:44:39.023-0300] {processor.py:183} INFO - Processing /home/athlon/projects/airflow/.venv/lib/python3.11/site-packages/airflow/example_dags/plugins/workday.py took 0.041 seconds
[2024-04-26T21:45:32.958-0300] {processor.py:161} INFO - Started process (PID=20047) to work on /home/athlon/projects/airflow/.venv/lib/python3.11/site-packages/airflow/example_dags/plugins/workday.py
[2024-04-26T21:45:32.964-0300] {processor.py:830} INFO - Processing file /home/athlon/projects/airflow/.venv/lib/python3.11/site-packages/airflow/example_dags/plugins/workday.py for tasks to queue
[2024-04-26T21:45:32.967-0300] {logging_mixin.py:188} INFO - [2024-04-26T21:45:32.966-0300] {dagbag.py:540} INFO - Filling up the DagBag from /home/athlon/projects/airflow/.venv/lib/python3.11/site-packages/airflow/example_dags/plugins/workday.py
[2024-04-26T21:45:32.971-0300] {logging_mixin.py:188} INFO - [2024-04-26T21:45:32.971-0300] {workday.py:41} WARNING - Could not import pandas. Holidays will not be considered.
[2024-04-26T21:45:32.972-0300] {processor.py:842} WARNING - No viable dags retrieved from /home/athlon/projects/airflow/.venv/lib/python3.11/site-packages/airflow/example_dags/plugins/workday.py
[2024-04-26T21:45:32.987-0300] {processor.py:183} INFO - Processing /home/athlon/projects/airflow/.venv/lib/python3.11/site-packages/airflow/example_dags/plugins/workday.py took 0.039 seconds
[2024-04-26T21:46:31.998-0300] {processor.py:161} INFO - Started process (PID=20113) to work on /home/athlon/projects/airflow/.venv/lib/python3.11/site-packages/airflow/example_dags/plugins/workday.py
[2024-04-26T21:46:32.004-0300] {processor.py:830} INFO - Processing file /home/athlon/projects/airflow/.venv/lib/python3.11/site-packages/airflow/example_dags/plugins/workday.py for tasks to queue
[2024-04-26T21:46:32.007-0300] {logging_mixin.py:188} INFO - [2024-04-26T21:46:32.006-0300] {dagbag.py:540} INFO - Filling up the DagBag from /home/athlon/projects/airflow/.venv/lib/python3.11/site-packages/airflow/example_dags/plugins/workday.py
[2024-04-26T21:46:32.011-0300] {logging_mixin.py:188} INFO - [2024-04-26T21:46:32.011-0300] {workday.py:41} WARNING - Could not import pandas. Holidays will not be considered.
[2024-04-26T21:46:32.012-0300] {processor.py:842} WARNING - No viable dags retrieved from /home/athlon/projects/airflow/.venv/lib/python3.11/site-packages/airflow/example_dags/plugins/workday.py
[2024-04-26T21:46:32.029-0300] {processor.py:183} INFO - Processing /home/athlon/projects/airflow/.venv/lib/python3.11/site-packages/airflow/example_dags/plugins/workday.py took 0.041 seconds
[2024-04-26T21:47:29.750-0300] {processor.py:161} INFO - Started process (PID=20180) to work on /home/athlon/projects/airflow/.venv/lib/python3.11/site-packages/airflow/example_dags/plugins/workday.py
[2024-04-26T21:47:29.755-0300] {processor.py:830} INFO - Processing file /home/athlon/projects/airflow/.venv/lib/python3.11/site-packages/airflow/example_dags/plugins/workday.py for tasks to queue
[2024-04-26T21:47:29.760-0300] {logging_mixin.py:188} INFO - [2024-04-26T21:47:29.758-0300] {dagbag.py:540} INFO - Filling up the DagBag from /home/athlon/projects/airflow/.venv/lib/python3.11/site-packages/airflow/example_dags/plugins/workday.py
[2024-04-26T21:47:29.767-0300] {logging_mixin.py:188} INFO - [2024-04-26T21:47:29.766-0300] {workday.py:41} WARNING - Could not import pandas. Holidays will not be considered.
[2024-04-26T21:47:29.768-0300] {processor.py:842} WARNING - No viable dags retrieved from /home/athlon/projects/airflow/.venv/lib/python3.11/site-packages/airflow/example_dags/plugins/workday.py
[2024-04-26T21:47:29.786-0300] {processor.py:183} INFO - Processing /home/athlon/projects/airflow/.venv/lib/python3.11/site-packages/airflow/example_dags/plugins/workday.py took 0.048 seconds
[2024-04-26T21:48:26.033-0300] {processor.py:161} INFO - Started process (PID=20243) to work on /home/athlon/projects/airflow/.venv/lib/python3.11/site-packages/airflow/example_dags/plugins/workday.py
[2024-04-26T21:48:26.039-0300] {processor.py:830} INFO - Processing file /home/athlon/projects/airflow/.venv/lib/python3.11/site-packages/airflow/example_dags/plugins/workday.py for tasks to queue
[2024-04-26T21:48:26.042-0300] {logging_mixin.py:188} INFO - [2024-04-26T21:48:26.041-0300] {dagbag.py:540} INFO - Filling up the DagBag from /home/athlon/projects/airflow/.venv/lib/python3.11/site-packages/airflow/example_dags/plugins/workday.py
[2024-04-26T21:48:26.048-0300] {logging_mixin.py:188} INFO - [2024-04-26T21:48:26.047-0300] {workday.py:41} WARNING - Could not import pandas. Holidays will not be considered.
[2024-04-26T21:48:26.049-0300] {processor.py:842} WARNING - No viable dags retrieved from /home/athlon/projects/airflow/.venv/lib/python3.11/site-packages/airflow/example_dags/plugins/workday.py
[2024-04-26T21:48:26.071-0300] {processor.py:183} INFO - Processing /home/athlon/projects/airflow/.venv/lib/python3.11/site-packages/airflow/example_dags/plugins/workday.py took 0.056 seconds
[2024-04-26T21:49:18.458-0300] {processor.py:161} INFO - Started process (PID=20309) to work on /home/athlon/projects/airflow/.venv/lib/python3.11/site-packages/airflow/example_dags/plugins/workday.py
[2024-04-26T21:49:18.463-0300] {processor.py:830} INFO - Processing file /home/athlon/projects/airflow/.venv/lib/python3.11/site-packages/airflow/example_dags/plugins/workday.py for tasks to queue
[2024-04-26T21:49:18.466-0300] {logging_mixin.py:188} INFO - [2024-04-26T21:49:18.465-0300] {dagbag.py:540} INFO - Filling up the DagBag from /home/athlon/projects/airflow/.venv/lib/python3.11/site-packages/airflow/example_dags/plugins/workday.py
[2024-04-26T21:49:18.470-0300] {logging_mixin.py:188} INFO - [2024-04-26T21:49:18.470-0300] {workday.py:41} WARNING - Could not import pandas. Holidays will not be considered.
[2024-04-26T21:49:18.471-0300] {processor.py:842} WARNING - No viable dags retrieved from /home/athlon/projects/airflow/.venv/lib/python3.11/site-packages/airflow/example_dags/plugins/workday.py
[2024-04-26T21:49:18.488-0300] {processor.py:183} INFO - Processing /home/athlon/projects/airflow/.venv/lib/python3.11/site-packages/airflow/example_dags/plugins/workday.py took 0.040 seconds
[2024-04-26T21:50:16.473-0300] {processor.py:161} INFO - Started process (PID=20374) to work on /home/athlon/projects/airflow/.venv/lib/python3.11/site-packages/airflow/example_dags/plugins/workday.py
[2024-04-26T21:50:16.479-0300] {processor.py:830} INFO - Processing file /home/athlon/projects/airflow/.venv/lib/python3.11/site-packages/airflow/example_dags/plugins/workday.py for tasks to queue
[2024-04-26T21:50:16.482-0300] {logging_mixin.py:188} INFO - [2024-04-26T21:50:16.481-0300] {dagbag.py:540} INFO - Filling up the DagBag from /home/athlon/projects/airflow/.venv/lib/python3.11/site-packages/airflow/example_dags/plugins/workday.py
[2024-04-26T21:50:16.486-0300] {logging_mixin.py:188} INFO - [2024-04-26T21:50:16.486-0300] {workday.py:41} WARNING - Could not import pandas. Holidays will not be considered.
[2024-04-26T21:50:16.487-0300] {processor.py:842} WARNING - No viable dags retrieved from /home/athlon/projects/airflow/.venv/lib/python3.11/site-packages/airflow/example_dags/plugins/workday.py
[2024-04-26T21:50:16.504-0300] {processor.py:183} INFO - Processing /home/athlon/projects/airflow/.venv/lib/python3.11/site-packages/airflow/example_dags/plugins/workday.py took 0.041 seconds
[2024-04-26T21:51:12.185-0300] {processor.py:161} INFO - Started process (PID=20450) to work on /home/athlon/projects/airflow/.venv/lib/python3.11/site-packages/airflow/example_dags/plugins/workday.py
[2024-04-26T21:51:12.191-0300] {processor.py:830} INFO - Processing file /home/athlon/projects/airflow/.venv/lib/python3.11/site-packages/airflow/example_dags/plugins/workday.py for tasks to queue
[2024-04-26T21:51:12.193-0300] {logging_mixin.py:188} INFO - [2024-04-26T21:51:12.192-0300] {dagbag.py:540} INFO - Filling up the DagBag from /home/athlon/projects/airflow/.venv/lib/python3.11/site-packages/airflow/example_dags/plugins/workday.py
[2024-04-26T21:51:12.196-0300] {logging_mixin.py:188} INFO - [2024-04-26T21:51:12.196-0300] {workday.py:41} WARNING - Could not import pandas. Holidays will not be considered.
[2024-04-26T21:51:12.197-0300] {processor.py:842} WARNING - No viable dags retrieved from /home/athlon/projects/airflow/.venv/lib/python3.11/site-packages/airflow/example_dags/plugins/workday.py
[2024-04-26T21:51:12.213-0300] {processor.py:183} INFO - Processing /home/athlon/projects/airflow/.venv/lib/python3.11/site-packages/airflow/example_dags/plugins/workday.py took 0.036 seconds
[2024-04-26T21:52:08.969-0300] {processor.py:161} INFO - Started process (PID=20513) to work on /home/athlon/projects/airflow/.venv/lib/python3.11/site-packages/airflow/example_dags/plugins/workday.py
[2024-04-26T21:52:08.975-0300] {processor.py:830} INFO - Processing file /home/athlon/projects/airflow/.venv/lib/python3.11/site-packages/airflow/example_dags/plugins/workday.py for tasks to queue
[2024-04-26T21:52:08.978-0300] {logging_mixin.py:188} INFO - [2024-04-26T21:52:08.977-0300] {dagbag.py:540} INFO - Filling up the DagBag from /home/athlon/projects/airflow/.venv/lib/python3.11/site-packages/airflow/example_dags/plugins/workday.py
[2024-04-26T21:52:08.982-0300] {logging_mixin.py:188} INFO - [2024-04-26T21:52:08.982-0300] {workday.py:41} WARNING - Could not import pandas. Holidays will not be considered.
[2024-04-26T21:52:08.983-0300] {processor.py:842} WARNING - No viable dags retrieved from /home/athlon/projects/airflow/.venv/lib/python3.11/site-packages/airflow/example_dags/plugins/workday.py
[2024-04-26T21:52:09.000-0300] {processor.py:183} INFO - Processing /home/athlon/projects/airflow/.venv/lib/python3.11/site-packages/airflow/example_dags/plugins/workday.py took 0.041 seconds
[2024-04-26T21:53:06.620-0300] {processor.py:161} INFO - Started process (PID=20687) to work on /home/athlon/projects/airflow/.venv/lib/python3.11/site-packages/airflow/example_dags/plugins/workday.py
[2024-04-26T21:53:06.621-0300] {processor.py:830} INFO - Processing file /home/athlon/projects/airflow/.venv/lib/python3.11/site-packages/airflow/example_dags/plugins/workday.py for tasks to queue
[2024-04-26T21:53:06.625-0300] {logging_mixin.py:188} INFO - [2024-04-26T21:53:06.624-0300] {dagbag.py:540} INFO - Filling up the DagBag from /home/athlon/projects/airflow/.venv/lib/python3.11/site-packages/airflow/example_dags/plugins/workday.py
[2024-04-26T21:53:06.629-0300] {logging_mixin.py:188} INFO - [2024-04-26T21:53:06.629-0300] {workday.py:41} WARNING - Could not import pandas. Holidays will not be considered.
[2024-04-26T21:53:06.630-0300] {processor.py:842} WARNING - No viable dags retrieved from /home/athlon/projects/airflow/.venv/lib/python3.11/site-packages/airflow/example_dags/plugins/workday.py
[2024-04-26T21:53:06.646-0300] {processor.py:183} INFO - Processing /home/athlon/projects/airflow/.venv/lib/python3.11/site-packages/airflow/example_dags/plugins/workday.py took 0.038 seconds
[2024-04-26T21:54:02.640-0300] {processor.py:161} INFO - Started process (PID=20782) to work on /home/athlon/projects/airflow/.venv/lib/python3.11/site-packages/airflow/example_dags/plugins/workday.py
[2024-04-26T21:54:02.646-0300] {processor.py:830} INFO - Processing file /home/athlon/projects/airflow/.venv/lib/python3.11/site-packages/airflow/example_dags/plugins/workday.py for tasks to queue
[2024-04-26T21:54:02.650-0300] {logging_mixin.py:188} INFO - [2024-04-26T21:54:02.649-0300] {dagbag.py:540} INFO - Filling up the DagBag from /home/athlon/projects/airflow/.venv/lib/python3.11/site-packages/airflow/example_dags/plugins/workday.py
[2024-04-26T21:54:02.654-0300] {logging_mixin.py:188} INFO - [2024-04-26T21:54:02.654-0300] {workday.py:41} WARNING - Could not import pandas. Holidays will not be considered.
[2024-04-26T21:54:02.655-0300] {processor.py:842} WARNING - No viable dags retrieved from /home/athlon/projects/airflow/.venv/lib/python3.11/site-packages/airflow/example_dags/plugins/workday.py
[2024-04-26T21:54:02.673-0300] {processor.py:183} INFO - Processing /home/athlon/projects/airflow/.venv/lib/python3.11/site-packages/airflow/example_dags/plugins/workday.py took 0.045 seconds
[2024-04-26T21:54:37.058-0300] {processor.py:161} INFO - Started process (PID=20842) to work on /home/athlon/projects/airflow/.venv/lib/python3.11/site-packages/airflow/example_dags/plugins/workday.py
[2024-04-26T21:54:37.059-0300] {processor.py:830} INFO - Processing file /home/athlon/projects/airflow/.venv/lib/python3.11/site-packages/airflow/example_dags/plugins/workday.py for tasks to queue
[2024-04-26T21:54:37.062-0300] {logging_mixin.py:188} INFO - [2024-04-26T21:54:37.061-0300] {dagbag.py:540} INFO - Filling up the DagBag from /home/athlon/projects/airflow/.venv/lib/python3.11/site-packages/airflow/example_dags/plugins/workday.py
[2024-04-26T21:54:37.066-0300] {logging_mixin.py:188} INFO - [2024-04-26T21:54:37.066-0300] {workday.py:41} WARNING - Could not import pandas. Holidays will not be considered.
[2024-04-26T21:54:37.067-0300] {processor.py:842} WARNING - No viable dags retrieved from /home/athlon/projects/airflow/.venv/lib/python3.11/site-packages/airflow/example_dags/plugins/workday.py
[2024-04-26T21:54:37.082-0300] {processor.py:183} INFO - Processing /home/athlon/projects/airflow/.venv/lib/python3.11/site-packages/airflow/example_dags/plugins/workday.py took 0.035 seconds
[2024-04-26T21:55:17.942-0300] {processor.py:161} INFO - Started process (PID=21520) to work on /home/athlon/projects/airflow/.venv/lib/python3.11/site-packages/airflow/example_dags/plugins/workday.py
[2024-04-26T21:55:17.948-0300] {processor.py:830} INFO - Processing file /home/athlon/projects/airflow/.venv/lib/python3.11/site-packages/airflow/example_dags/plugins/workday.py for tasks to queue
[2024-04-26T21:55:17.951-0300] {logging_mixin.py:188} INFO - [2024-04-26T21:55:17.951-0300] {dagbag.py:540} INFO - Filling up the DagBag from /home/athlon/projects/airflow/.venv/lib/python3.11/site-packages/airflow/example_dags/plugins/workday.py
[2024-04-26T21:55:17.957-0300] {logging_mixin.py:188} INFO - [2024-04-26T21:55:17.956-0300] {workday.py:41} WARNING - Could not import pandas. Holidays will not be considered.
[2024-04-26T21:55:17.957-0300] {processor.py:842} WARNING - No viable dags retrieved from /home/athlon/projects/airflow/.venv/lib/python3.11/site-packages/airflow/example_dags/plugins/workday.py
[2024-04-26T21:55:17.975-0300] {processor.py:183} INFO - Processing /home/athlon/projects/airflow/.venv/lib/python3.11/site-packages/airflow/example_dags/plugins/workday.py took 0.045 seconds
[2024-04-26T21:56:00.109-0300] {processor.py:161} INFO - Started process (PID=21574) to work on /home/athlon/projects/airflow/.venv/lib/python3.11/site-packages/airflow/example_dags/plugins/workday.py
[2024-04-26T21:56:00.110-0300] {processor.py:830} INFO - Processing file /home/athlon/projects/airflow/.venv/lib/python3.11/site-packages/airflow/example_dags/plugins/workday.py for tasks to queue
[2024-04-26T21:56:00.113-0300] {logging_mixin.py:188} INFO - [2024-04-26T21:56:00.112-0300] {dagbag.py:540} INFO - Filling up the DagBag from /home/athlon/projects/airflow/.venv/lib/python3.11/site-packages/airflow/example_dags/plugins/workday.py
[2024-04-26T21:56:00.117-0300] {logging_mixin.py:188} INFO - [2024-04-26T21:56:00.117-0300] {workday.py:41} WARNING - Could not import pandas. Holidays will not be considered.
[2024-04-26T21:56:00.118-0300] {processor.py:842} WARNING - No viable dags retrieved from /home/athlon/projects/airflow/.venv/lib/python3.11/site-packages/airflow/example_dags/plugins/workday.py
[2024-04-26T21:56:00.133-0300] {processor.py:183} INFO - Processing /home/athlon/projects/airflow/.venv/lib/python3.11/site-packages/airflow/example_dags/plugins/workday.py took 0.034 seconds
[2024-04-26T21:57:01.313-0300] {processor.py:161} INFO - Started process (PID=21805) to work on /home/athlon/projects/airflow/.venv/lib/python3.11/site-packages/airflow/example_dags/plugins/workday.py
[2024-04-26T21:57:01.314-0300] {processor.py:830} INFO - Processing file /home/athlon/projects/airflow/.venv/lib/python3.11/site-packages/airflow/example_dags/plugins/workday.py for tasks to queue
[2024-04-26T21:57:01.317-0300] {logging_mixin.py:188} INFO - [2024-04-26T21:57:01.317-0300] {dagbag.py:540} INFO - Filling up the DagBag from /home/athlon/projects/airflow/.venv/lib/python3.11/site-packages/airflow/example_dags/plugins/workday.py
[2024-04-26T21:57:01.321-0300] {logging_mixin.py:188} INFO - [2024-04-26T21:57:01.321-0300] {workday.py:41} WARNING - Could not import pandas. Holidays will not be considered.
[2024-04-26T21:57:01.322-0300] {processor.py:842} WARNING - No viable dags retrieved from /home/athlon/projects/airflow/.venv/lib/python3.11/site-packages/airflow/example_dags/plugins/workday.py
[2024-04-26T21:57:01.338-0300] {processor.py:183} INFO - Processing /home/athlon/projects/airflow/.venv/lib/python3.11/site-packages/airflow/example_dags/plugins/workday.py took 0.035 seconds
[2024-04-26T21:58:00.958-0300] {processor.py:161} INFO - Started process (PID=21956) to work on /home/athlon/projects/airflow/.venv/lib/python3.11/site-packages/airflow/example_dags/plugins/workday.py
[2024-04-26T21:58:00.960-0300] {processor.py:830} INFO - Processing file /home/athlon/projects/airflow/.venv/lib/python3.11/site-packages/airflow/example_dags/plugins/workday.py for tasks to queue
[2024-04-26T21:58:00.963-0300] {logging_mixin.py:188} INFO - [2024-04-26T21:58:00.962-0300] {dagbag.py:540} INFO - Filling up the DagBag from /home/athlon/projects/airflow/.venv/lib/python3.11/site-packages/airflow/example_dags/plugins/workday.py
[2024-04-26T21:58:00.967-0300] {logging_mixin.py:188} INFO - [2024-04-26T21:58:00.967-0300] {workday.py:41} WARNING - Could not import pandas. Holidays will not be considered.
[2024-04-26T21:58:00.968-0300] {processor.py:842} WARNING - No viable dags retrieved from /home/athlon/projects/airflow/.venv/lib/python3.11/site-packages/airflow/example_dags/plugins/workday.py
[2024-04-26T21:58:00.984-0300] {processor.py:183} INFO - Processing /home/athlon/projects/airflow/.venv/lib/python3.11/site-packages/airflow/example_dags/plugins/workday.py took 0.037 seconds
[2024-04-26T21:58:58.668-0300] {processor.py:161} INFO - Started process (PID=22105) to work on /home/athlon/projects/airflow/.venv/lib/python3.11/site-packages/airflow/example_dags/plugins/workday.py
[2024-04-26T21:58:58.674-0300] {processor.py:830} INFO - Processing file /home/athlon/projects/airflow/.venv/lib/python3.11/site-packages/airflow/example_dags/plugins/workday.py for tasks to queue
[2024-04-26T21:58:58.678-0300] {logging_mixin.py:188} INFO - [2024-04-26T21:58:58.677-0300] {dagbag.py:540} INFO - Filling up the DagBag from /home/athlon/projects/airflow/.venv/lib/python3.11/site-packages/airflow/example_dags/plugins/workday.py
[2024-04-26T21:58:58.684-0300] {logging_mixin.py:188} INFO - [2024-04-26T21:58:58.684-0300] {workday.py:41} WARNING - Could not import pandas. Holidays will not be considered.
[2024-04-26T21:58:58.685-0300] {processor.py:842} WARNING - No viable dags retrieved from /home/athlon/projects/airflow/.venv/lib/python3.11/site-packages/airflow/example_dags/plugins/workday.py
[2024-04-26T21:58:58.704-0300] {processor.py:183} INFO - Processing /home/athlon/projects/airflow/.venv/lib/python3.11/site-packages/airflow/example_dags/plugins/workday.py took 0.049 seconds
[2024-04-26T21:59:55.277-0300] {processor.py:161} INFO - Started process (PID=22250) to work on /home/athlon/projects/airflow/.venv/lib/python3.11/site-packages/airflow/example_dags/plugins/workday.py
[2024-04-26T21:59:55.283-0300] {processor.py:830} INFO - Processing file /home/athlon/projects/airflow/.venv/lib/python3.11/site-packages/airflow/example_dags/plugins/workday.py for tasks to queue
[2024-04-26T21:59:55.286-0300] {logging_mixin.py:188} INFO - [2024-04-26T21:59:55.285-0300] {dagbag.py:540} INFO - Filling up the DagBag from /home/athlon/projects/airflow/.venv/lib/python3.11/site-packages/airflow/example_dags/plugins/workday.py
[2024-04-26T21:59:55.291-0300] {logging_mixin.py:188} INFO - [2024-04-26T21:59:55.291-0300] {workday.py:41} WARNING - Could not import pandas. Holidays will not be considered.
[2024-04-26T21:59:55.292-0300] {processor.py:842} WARNING - No viable dags retrieved from /home/athlon/projects/airflow/.venv/lib/python3.11/site-packages/airflow/example_dags/plugins/workday.py
[2024-04-26T21:59:55.309-0300] {processor.py:183} INFO - Processing /home/athlon/projects/airflow/.venv/lib/python3.11/site-packages/airflow/example_dags/plugins/workday.py took 0.046 seconds
[2024-04-26T22:00:58.077-0300] {processor.py:161} INFO - Started process (PID=22329) to work on /home/athlon/projects/airflow/.venv/lib/python3.11/site-packages/airflow/example_dags/plugins/workday.py
[2024-04-26T22:00:58.082-0300] {processor.py:830} INFO - Processing file /home/athlon/projects/airflow/.venv/lib/python3.11/site-packages/airflow/example_dags/plugins/workday.py for tasks to queue
[2024-04-26T22:00:58.085-0300] {logging_mixin.py:188} INFO - [2024-04-26T22:00:58.084-0300] {dagbag.py:540} INFO - Filling up the DagBag from /home/athlon/projects/airflow/.venv/lib/python3.11/site-packages/airflow/example_dags/plugins/workday.py
[2024-04-26T22:00:58.089-0300] {logging_mixin.py:188} INFO - [2024-04-26T22:00:58.088-0300] {workday.py:41} WARNING - Could not import pandas. Holidays will not be considered.
[2024-04-26T22:00:58.089-0300] {processor.py:842} WARNING - No viable dags retrieved from /home/athlon/projects/airflow/.venv/lib/python3.11/site-packages/airflow/example_dags/plugins/workday.py
[2024-04-26T22:00:58.104-0300] {processor.py:183} INFO - Processing /home/athlon/projects/airflow/.venv/lib/python3.11/site-packages/airflow/example_dags/plugins/workday.py took 0.036 seconds
[2024-04-26T22:01:58.018-0300] {processor.py:161} INFO - Started process (PID=22396) to work on /home/athlon/projects/airflow/.venv/lib/python3.11/site-packages/airflow/example_dags/plugins/workday.py
[2024-04-26T22:01:58.020-0300] {processor.py:830} INFO - Processing file /home/athlon/projects/airflow/.venv/lib/python3.11/site-packages/airflow/example_dags/plugins/workday.py for tasks to queue
[2024-04-26T22:01:58.024-0300] {logging_mixin.py:188} INFO - [2024-04-26T22:01:58.023-0300] {dagbag.py:540} INFO - Filling up the DagBag from /home/athlon/projects/airflow/.venv/lib/python3.11/site-packages/airflow/example_dags/plugins/workday.py
[2024-04-26T22:01:58.030-0300] {logging_mixin.py:188} INFO - [2024-04-26T22:01:58.029-0300] {workday.py:41} WARNING - Could not import pandas. Holidays will not be considered.
[2024-04-26T22:01:58.031-0300] {processor.py:842} WARNING - No viable dags retrieved from /home/athlon/projects/airflow/.venv/lib/python3.11/site-packages/airflow/example_dags/plugins/workday.py
[2024-04-26T22:01:58.054-0300] {processor.py:183} INFO - Processing /home/athlon/projects/airflow/.venv/lib/python3.11/site-packages/airflow/example_dags/plugins/workday.py took 0.051 seconds
[2024-04-26T22:03:04.856-0300] {processor.py:161} INFO - Started process (PID=22467) to work on /home/athlon/projects/airflow/.venv/lib/python3.11/site-packages/airflow/example_dags/plugins/workday.py
[2024-04-26T22:03:04.862-0300] {processor.py:830} INFO - Processing file /home/athlon/projects/airflow/.venv/lib/python3.11/site-packages/airflow/example_dags/plugins/workday.py for tasks to queue
[2024-04-26T22:03:04.865-0300] {logging_mixin.py:188} INFO - [2024-04-26T22:03:04.864-0300] {dagbag.py:540} INFO - Filling up the DagBag from /home/athlon/projects/airflow/.venv/lib/python3.11/site-packages/airflow/example_dags/plugins/workday.py
[2024-04-26T22:03:04.870-0300] {logging_mixin.py:188} INFO - [2024-04-26T22:03:04.869-0300] {workday.py:41} WARNING - Could not import pandas. Holidays will not be considered.
[2024-04-26T22:03:04.870-0300] {processor.py:842} WARNING - No viable dags retrieved from /home/athlon/projects/airflow/.venv/lib/python3.11/site-packages/airflow/example_dags/plugins/workday.py
[2024-04-26T22:03:04.887-0300] {processor.py:183} INFO - Processing /home/athlon/projects/airflow/.venv/lib/python3.11/site-packages/airflow/example_dags/plugins/workday.py took 0.042 seconds
[2024-04-26T22:04:03.181-0300] {processor.py:161} INFO - Started process (PID=22551) to work on /home/athlon/projects/airflow/.venv/lib/python3.11/site-packages/airflow/example_dags/plugins/workday.py
[2024-04-26T22:04:03.183-0300] {processor.py:830} INFO - Processing file /home/athlon/projects/airflow/.venv/lib/python3.11/site-packages/airflow/example_dags/plugins/workday.py for tasks to queue
[2024-04-26T22:04:03.185-0300] {logging_mixin.py:188} INFO - [2024-04-26T22:04:03.185-0300] {dagbag.py:540} INFO - Filling up the DagBag from /home/athlon/projects/airflow/.venv/lib/python3.11/site-packages/airflow/example_dags/plugins/workday.py
[2024-04-26T22:04:03.190-0300] {logging_mixin.py:188} INFO - [2024-04-26T22:04:03.189-0300] {workday.py:41} WARNING - Could not import pandas. Holidays will not be considered.
[2024-04-26T22:04:03.190-0300] {processor.py:842} WARNING - No viable dags retrieved from /home/athlon/projects/airflow/.venv/lib/python3.11/site-packages/airflow/example_dags/plugins/workday.py
[2024-04-26T22:04:03.205-0300] {processor.py:183} INFO - Processing /home/athlon/projects/airflow/.venv/lib/python3.11/site-packages/airflow/example_dags/plugins/workday.py took 0.034 seconds
[2024-04-26T22:04:58.376-0300] {processor.py:161} INFO - Started process (PID=22685) to work on /home/athlon/projects/airflow/.venv/lib/python3.11/site-packages/airflow/example_dags/plugins/workday.py
[2024-04-26T22:04:58.377-0300] {processor.py:830} INFO - Processing file /home/athlon/projects/airflow/.venv/lib/python3.11/site-packages/airflow/example_dags/plugins/workday.py for tasks to queue
[2024-04-26T22:04:58.380-0300] {logging_mixin.py:188} INFO - [2024-04-26T22:04:58.379-0300] {dagbag.py:540} INFO - Filling up the DagBag from /home/athlon/projects/airflow/.venv/lib/python3.11/site-packages/airflow/example_dags/plugins/workday.py
[2024-04-26T22:04:58.384-0300] {logging_mixin.py:188} INFO - [2024-04-26T22:04:58.383-0300] {workday.py:41} WARNING - Could not import pandas. Holidays will not be considered.
[2024-04-26T22:04:58.384-0300] {processor.py:842} WARNING - No viable dags retrieved from /home/athlon/projects/airflow/.venv/lib/python3.11/site-packages/airflow/example_dags/plugins/workday.py
[2024-04-26T22:04:58.398-0300] {processor.py:183} INFO - Processing /home/athlon/projects/airflow/.venv/lib/python3.11/site-packages/airflow/example_dags/plugins/workday.py took 0.031 seconds
[2024-04-26T22:05:58.148-0300] {processor.py:161} INFO - Started process (PID=22759) to work on /home/athlon/projects/airflow/.venv/lib/python3.11/site-packages/airflow/example_dags/plugins/workday.py
[2024-04-26T22:05:58.153-0300] {processor.py:830} INFO - Processing file /home/athlon/projects/airflow/.venv/lib/python3.11/site-packages/airflow/example_dags/plugins/workday.py for tasks to queue
[2024-04-26T22:05:58.156-0300] {logging_mixin.py:188} INFO - [2024-04-26T22:05:58.155-0300] {dagbag.py:540} INFO - Filling up the DagBag from /home/athlon/projects/airflow/.venv/lib/python3.11/site-packages/airflow/example_dags/plugins/workday.py
[2024-04-26T22:05:58.160-0300] {logging_mixin.py:188} INFO - [2024-04-26T22:05:58.160-0300] {workday.py:41} WARNING - Could not import pandas. Holidays will not be considered.
[2024-04-26T22:05:58.161-0300] {processor.py:842} WARNING - No viable dags retrieved from /home/athlon/projects/airflow/.venv/lib/python3.11/site-packages/airflow/example_dags/plugins/workday.py
[2024-04-26T22:05:58.176-0300] {processor.py:183} INFO - Processing /home/athlon/projects/airflow/.venv/lib/python3.11/site-packages/airflow/example_dags/plugins/workday.py took 0.038 seconds
[2024-04-26T22:06:59.831-0300] {processor.py:161} INFO - Started process (PID=22828) to work on /home/athlon/projects/airflow/.venv/lib/python3.11/site-packages/airflow/example_dags/plugins/workday.py
[2024-04-26T22:06:59.837-0300] {processor.py:830} INFO - Processing file /home/athlon/projects/airflow/.venv/lib/python3.11/site-packages/airflow/example_dags/plugins/workday.py for tasks to queue
[2024-04-26T22:06:59.840-0300] {logging_mixin.py:188} INFO - [2024-04-26T22:06:59.839-0300] {dagbag.py:540} INFO - Filling up the DagBag from /home/athlon/projects/airflow/.venv/lib/python3.11/site-packages/airflow/example_dags/plugins/workday.py
[2024-04-26T22:06:59.845-0300] {logging_mixin.py:188} INFO - [2024-04-26T22:06:59.844-0300] {workday.py:41} WARNING - Could not import pandas. Holidays will not be considered.
[2024-04-26T22:06:59.845-0300] {processor.py:842} WARNING - No viable dags retrieved from /home/athlon/projects/airflow/.venv/lib/python3.11/site-packages/airflow/example_dags/plugins/workday.py
[2024-04-26T22:06:59.863-0300] {processor.py:183} INFO - Processing /home/athlon/projects/airflow/.venv/lib/python3.11/site-packages/airflow/example_dags/plugins/workday.py took 0.043 seconds
[2024-04-26T22:08:02.376-0300] {processor.py:161} INFO - Started process (PID=22895) to work on /home/athlon/projects/airflow/.venv/lib/python3.11/site-packages/airflow/example_dags/plugins/workday.py
[2024-04-26T22:08:02.382-0300] {processor.py:830} INFO - Processing file /home/athlon/projects/airflow/.venv/lib/python3.11/site-packages/airflow/example_dags/plugins/workday.py for tasks to queue
[2024-04-26T22:08:02.385-0300] {logging_mixin.py:188} INFO - [2024-04-26T22:08:02.384-0300] {dagbag.py:540} INFO - Filling up the DagBag from /home/athlon/projects/airflow/.venv/lib/python3.11/site-packages/airflow/example_dags/plugins/workday.py
[2024-04-26T22:08:02.390-0300] {logging_mixin.py:188} INFO - [2024-04-26T22:08:02.389-0300] {workday.py:41} WARNING - Could not import pandas. Holidays will not be considered.
[2024-04-26T22:08:02.390-0300] {processor.py:842} WARNING - No viable dags retrieved from /home/athlon/projects/airflow/.venv/lib/python3.11/site-packages/airflow/example_dags/plugins/workday.py
[2024-04-26T22:08:02.406-0300] {processor.py:183} INFO - Processing /home/athlon/projects/airflow/.venv/lib/python3.11/site-packages/airflow/example_dags/plugins/workday.py took 0.041 seconds
[2024-04-26T22:08:59.706-0300] {processor.py:161} INFO - Started process (PID=22961) to work on /home/athlon/projects/airflow/.venv/lib/python3.11/site-packages/airflow/example_dags/plugins/workday.py
[2024-04-26T22:08:59.711-0300] {processor.py:830} INFO - Processing file /home/athlon/projects/airflow/.venv/lib/python3.11/site-packages/airflow/example_dags/plugins/workday.py for tasks to queue
[2024-04-26T22:08:59.715-0300] {logging_mixin.py:188} INFO - [2024-04-26T22:08:59.714-0300] {dagbag.py:540} INFO - Filling up the DagBag from /home/athlon/projects/airflow/.venv/lib/python3.11/site-packages/airflow/example_dags/plugins/workday.py
[2024-04-26T22:08:59.719-0300] {logging_mixin.py:188} INFO - [2024-04-26T22:08:59.719-0300] {workday.py:41} WARNING - Could not import pandas. Holidays will not be considered.
[2024-04-26T22:08:59.720-0300] {processor.py:842} WARNING - No viable dags retrieved from /home/athlon/projects/airflow/.venv/lib/python3.11/site-packages/airflow/example_dags/plugins/workday.py
[2024-04-26T22:08:59.737-0300] {processor.py:183} INFO - Processing /home/athlon/projects/airflow/.venv/lib/python3.11/site-packages/airflow/example_dags/plugins/workday.py took 0.043 seconds
[2024-04-26T22:10:02.849-0300] {processor.py:161} INFO - Started process (PID=23062) to work on /home/athlon/projects/airflow/.venv/lib/python3.11/site-packages/airflow/example_dags/plugins/workday.py
[2024-04-26T22:10:02.854-0300] {processor.py:830} INFO - Processing file /home/athlon/projects/airflow/.venv/lib/python3.11/site-packages/airflow/example_dags/plugins/workday.py for tasks to queue
[2024-04-26T22:10:02.857-0300] {logging_mixin.py:188} INFO - [2024-04-26T22:10:02.857-0300] {dagbag.py:540} INFO - Filling up the DagBag from /home/athlon/projects/airflow/.venv/lib/python3.11/site-packages/airflow/example_dags/plugins/workday.py
[2024-04-26T22:10:02.862-0300] {logging_mixin.py:188} INFO - [2024-04-26T22:10:02.861-0300] {workday.py:41} WARNING - Could not import pandas. Holidays will not be considered.
[2024-04-26T22:10:02.863-0300] {processor.py:842} WARNING - No viable dags retrieved from /home/athlon/projects/airflow/.venv/lib/python3.11/site-packages/airflow/example_dags/plugins/workday.py
[2024-04-26T22:10:02.880-0300] {processor.py:183} INFO - Processing /home/athlon/projects/airflow/.venv/lib/python3.11/site-packages/airflow/example_dags/plugins/workday.py took 0.043 seconds
[2024-04-26T22:11:03.150-0300] {processor.py:161} INFO - Started process (PID=23131) to work on /home/athlon/projects/airflow/.venv/lib/python3.11/site-packages/airflow/example_dags/plugins/workday.py
[2024-04-26T22:11:03.155-0300] {processor.py:830} INFO - Processing file /home/athlon/projects/airflow/.venv/lib/python3.11/site-packages/airflow/example_dags/plugins/workday.py for tasks to queue
[2024-04-26T22:11:03.159-0300] {logging_mixin.py:188} INFO - [2024-04-26T22:11:03.158-0300] {dagbag.py:540} INFO - Filling up the DagBag from /home/athlon/projects/airflow/.venv/lib/python3.11/site-packages/airflow/example_dags/plugins/workday.py
[2024-04-26T22:11:03.163-0300] {logging_mixin.py:188} INFO - [2024-04-26T22:11:03.163-0300] {workday.py:41} WARNING - Could not import pandas. Holidays will not be considered.
[2024-04-26T22:11:03.164-0300] {processor.py:842} WARNING - No viable dags retrieved from /home/athlon/projects/airflow/.venv/lib/python3.11/site-packages/airflow/example_dags/plugins/workday.py
[2024-04-26T22:11:03.182-0300] {processor.py:183} INFO - Processing /home/athlon/projects/airflow/.venv/lib/python3.11/site-packages/airflow/example_dags/plugins/workday.py took 0.043 seconds
[2024-04-26T22:12:06.687-0300] {processor.py:161} INFO - Started process (PID=23200) to work on /home/athlon/projects/airflow/.venv/lib/python3.11/site-packages/airflow/example_dags/plugins/workday.py
[2024-04-26T22:12:06.693-0300] {processor.py:830} INFO - Processing file /home/athlon/projects/airflow/.venv/lib/python3.11/site-packages/airflow/example_dags/plugins/workday.py for tasks to queue
[2024-04-26T22:12:06.695-0300] {logging_mixin.py:188} INFO - [2024-04-26T22:12:06.695-0300] {dagbag.py:540} INFO - Filling up the DagBag from /home/athlon/projects/airflow/.venv/lib/python3.11/site-packages/airflow/example_dags/plugins/workday.py
[2024-04-26T22:12:06.700-0300] {logging_mixin.py:188} INFO - [2024-04-26T22:12:06.699-0300] {workday.py:41} WARNING - Could not import pandas. Holidays will not be considered.
[2024-04-26T22:12:06.700-0300] {processor.py:842} WARNING - No viable dags retrieved from /home/athlon/projects/airflow/.venv/lib/python3.11/site-packages/airflow/example_dags/plugins/workday.py
[2024-04-26T22:12:06.715-0300] {processor.py:183} INFO - Processing /home/athlon/projects/airflow/.venv/lib/python3.11/site-packages/airflow/example_dags/plugins/workday.py took 0.040 seconds
[2024-04-26T22:13:06.569-0300] {processor.py:161} INFO - Started process (PID=23287) to work on /home/athlon/projects/airflow/.venv/lib/python3.11/site-packages/airflow/example_dags/plugins/workday.py
[2024-04-26T22:13:06.575-0300] {processor.py:830} INFO - Processing file /home/athlon/projects/airflow/.venv/lib/python3.11/site-packages/airflow/example_dags/plugins/workday.py for tasks to queue
[2024-04-26T22:13:06.578-0300] {logging_mixin.py:188} INFO - [2024-04-26T22:13:06.577-0300] {dagbag.py:540} INFO - Filling up the DagBag from /home/athlon/projects/airflow/.venv/lib/python3.11/site-packages/airflow/example_dags/plugins/workday.py
[2024-04-26T22:13:06.583-0300] {logging_mixin.py:188} INFO - [2024-04-26T22:13:06.583-0300] {workday.py:41} WARNING - Could not import pandas. Holidays will not be considered.
[2024-04-26T22:13:06.584-0300] {processor.py:842} WARNING - No viable dags retrieved from /home/athlon/projects/airflow/.venv/lib/python3.11/site-packages/airflow/example_dags/plugins/workday.py
[2024-04-26T22:13:06.606-0300] {processor.py:183} INFO - Processing /home/athlon/projects/airflow/.venv/lib/python3.11/site-packages/airflow/example_dags/plugins/workday.py took 0.048 seconds
[2024-04-26T22:14:04.997-0300] {processor.py:161} INFO - Started process (PID=23366) to work on /home/athlon/projects/airflow/.venv/lib/python3.11/site-packages/airflow/example_dags/plugins/workday.py
[2024-04-26T22:14:04.999-0300] {processor.py:830} INFO - Processing file /home/athlon/projects/airflow/.venv/lib/python3.11/site-packages/airflow/example_dags/plugins/workday.py for tasks to queue
[2024-04-26T22:14:05.001-0300] {logging_mixin.py:188} INFO - [2024-04-26T22:14:05.001-0300] {dagbag.py:540} INFO - Filling up the DagBag from /home/athlon/projects/airflow/.venv/lib/python3.11/site-packages/airflow/example_dags/plugins/workday.py
[2024-04-26T22:14:05.005-0300] {logging_mixin.py:188} INFO - [2024-04-26T22:14:05.005-0300] {workday.py:41} WARNING - Could not import pandas. Holidays will not be considered.
[2024-04-26T22:14:05.006-0300] {processor.py:842} WARNING - No viable dags retrieved from /home/athlon/projects/airflow/.venv/lib/python3.11/site-packages/airflow/example_dags/plugins/workday.py
[2024-04-26T22:14:05.021-0300] {processor.py:183} INFO - Processing /home/athlon/projects/airflow/.venv/lib/python3.11/site-packages/airflow/example_dags/plugins/workday.py took 0.032 seconds
[2024-04-26T22:15:07.959-0300] {processor.py:161} INFO - Started process (PID=23498) to work on /home/athlon/projects/airflow/.venv/lib/python3.11/site-packages/airflow/example_dags/plugins/workday.py
[2024-04-26T22:15:07.961-0300] {processor.py:830} INFO - Processing file /home/athlon/projects/airflow/.venv/lib/python3.11/site-packages/airflow/example_dags/plugins/workday.py for tasks to queue
[2024-04-26T22:15:07.964-0300] {logging_mixin.py:188} INFO - [2024-04-26T22:15:07.963-0300] {dagbag.py:540} INFO - Filling up the DagBag from /home/athlon/projects/airflow/.venv/lib/python3.11/site-packages/airflow/example_dags/plugins/workday.py
[2024-04-26T22:15:07.970-0300] {logging_mixin.py:188} INFO - [2024-04-26T22:15:07.970-0300] {workday.py:41} WARNING - Could not import pandas. Holidays will not be considered.
[2024-04-26T22:15:07.971-0300] {processor.py:842} WARNING - No viable dags retrieved from /home/athlon/projects/airflow/.venv/lib/python3.11/site-packages/airflow/example_dags/plugins/workday.py
[2024-04-26T22:15:07.988-0300] {processor.py:183} INFO - Processing /home/athlon/projects/airflow/.venv/lib/python3.11/site-packages/airflow/example_dags/plugins/workday.py took 0.040 seconds
[2024-04-26T22:16:14.549-0300] {processor.py:161} INFO - Started process (PID=23642) to work on /home/athlon/projects/airflow/.venv/lib/python3.11/site-packages/airflow/example_dags/plugins/workday.py
[2024-04-26T22:16:14.551-0300] {processor.py:830} INFO - Processing file /home/athlon/projects/airflow/.venv/lib/python3.11/site-packages/airflow/example_dags/plugins/workday.py for tasks to queue
[2024-04-26T22:16:14.554-0300] {logging_mixin.py:188} INFO - [2024-04-26T22:16:14.554-0300] {dagbag.py:540} INFO - Filling up the DagBag from /home/athlon/projects/airflow/.venv/lib/python3.11/site-packages/airflow/example_dags/plugins/workday.py
[2024-04-26T22:16:14.560-0300] {logging_mixin.py:188} INFO - [2024-04-26T22:16:14.559-0300] {workday.py:41} WARNING - Could not import pandas. Holidays will not be considered.
[2024-04-26T22:16:14.561-0300] {processor.py:842} WARNING - No viable dags retrieved from /home/athlon/projects/airflow/.venv/lib/python3.11/site-packages/airflow/example_dags/plugins/workday.py
[2024-04-26T22:16:14.577-0300] {processor.py:183} INFO - Processing /home/athlon/projects/airflow/.venv/lib/python3.11/site-packages/airflow/example_dags/plugins/workday.py took 0.039 seconds
[2024-04-26T22:17:14.070-0300] {processor.py:161} INFO - Started process (PID=23711) to work on /home/athlon/projects/airflow/.venv/lib/python3.11/site-packages/airflow/example_dags/plugins/workday.py
[2024-04-26T22:17:14.071-0300] {processor.py:830} INFO - Processing file /home/athlon/projects/airflow/.venv/lib/python3.11/site-packages/airflow/example_dags/plugins/workday.py for tasks to queue
[2024-04-26T22:17:14.074-0300] {logging_mixin.py:188} INFO - [2024-04-26T22:17:14.073-0300] {dagbag.py:540} INFO - Filling up the DagBag from /home/athlon/projects/airflow/.venv/lib/python3.11/site-packages/airflow/example_dags/plugins/workday.py
[2024-04-26T22:17:14.080-0300] {logging_mixin.py:188} INFO - [2024-04-26T22:17:14.079-0300] {workday.py:41} WARNING - Could not import pandas. Holidays will not be considered.
[2024-04-26T22:17:14.081-0300] {processor.py:842} WARNING - No viable dags retrieved from /home/athlon/projects/airflow/.venv/lib/python3.11/site-packages/airflow/example_dags/plugins/workday.py
[2024-04-26T22:17:14.098-0300] {processor.py:183} INFO - Processing /home/athlon/projects/airflow/.venv/lib/python3.11/site-packages/airflow/example_dags/plugins/workday.py took 0.040 seconds
[2024-04-26T22:18:13.572-0300] {processor.py:161} INFO - Started process (PID=23766) to work on /home/athlon/projects/airflow/.venv/lib/python3.11/site-packages/airflow/example_dags/plugins/workday.py
[2024-04-26T22:18:13.579-0300] {processor.py:830} INFO - Processing file /home/athlon/projects/airflow/.venv/lib/python3.11/site-packages/airflow/example_dags/plugins/workday.py for tasks to queue
[2024-04-26T22:18:13.582-0300] {logging_mixin.py:188} INFO - [2024-04-26T22:18:13.581-0300] {dagbag.py:540} INFO - Filling up the DagBag from /home/athlon/projects/airflow/.venv/lib/python3.11/site-packages/airflow/example_dags/plugins/workday.py
[2024-04-26T22:18:13.587-0300] {logging_mixin.py:188} INFO - [2024-04-26T22:18:13.586-0300] {workday.py:41} WARNING - Could not import pandas. Holidays will not be considered.
[2024-04-26T22:18:13.588-0300] {processor.py:842} WARNING - No viable dags retrieved from /home/athlon/projects/airflow/.venv/lib/python3.11/site-packages/airflow/example_dags/plugins/workday.py
[2024-04-26T22:18:13.606-0300] {processor.py:183} INFO - Processing /home/athlon/projects/airflow/.venv/lib/python3.11/site-packages/airflow/example_dags/plugins/workday.py took 0.045 seconds
[2024-04-26T22:19:12.192-0300] {processor.py:161} INFO - Started process (PID=23832) to work on /home/athlon/projects/airflow/.venv/lib/python3.11/site-packages/airflow/example_dags/plugins/workday.py
[2024-04-26T22:19:12.194-0300] {processor.py:830} INFO - Processing file /home/athlon/projects/airflow/.venv/lib/python3.11/site-packages/airflow/example_dags/plugins/workday.py for tasks to queue
[2024-04-26T22:19:12.197-0300] {logging_mixin.py:188} INFO - [2024-04-26T22:19:12.196-0300] {dagbag.py:540} INFO - Filling up the DagBag from /home/athlon/projects/airflow/.venv/lib/python3.11/site-packages/airflow/example_dags/plugins/workday.py
[2024-04-26T22:19:12.203-0300] {logging_mixin.py:188} INFO - [2024-04-26T22:19:12.202-0300] {workday.py:41} WARNING - Could not import pandas. Holidays will not be considered.
[2024-04-26T22:19:12.204-0300] {processor.py:842} WARNING - No viable dags retrieved from /home/athlon/projects/airflow/.venv/lib/python3.11/site-packages/airflow/example_dags/plugins/workday.py
[2024-04-26T22:19:12.223-0300] {processor.py:183} INFO - Processing /home/athlon/projects/airflow/.venv/lib/python3.11/site-packages/airflow/example_dags/plugins/workday.py took 0.043 seconds
[2024-04-26T22:20:09.932-0300] {processor.py:161} INFO - Started process (PID=23891) to work on /home/athlon/projects/airflow/.venv/lib/python3.11/site-packages/airflow/example_dags/plugins/workday.py
[2024-04-26T22:20:09.939-0300] {processor.py:830} INFO - Processing file /home/athlon/projects/airflow/.venv/lib/python3.11/site-packages/airflow/example_dags/plugins/workday.py for tasks to queue
[2024-04-26T22:20:09.943-0300] {logging_mixin.py:188} INFO - [2024-04-26T22:20:09.942-0300] {dagbag.py:540} INFO - Filling up the DagBag from /home/athlon/projects/airflow/.venv/lib/python3.11/site-packages/airflow/example_dags/plugins/workday.py
[2024-04-26T22:20:09.950-0300] {logging_mixin.py:188} INFO - [2024-04-26T22:20:09.950-0300] {workday.py:41} WARNING - Could not import pandas. Holidays will not be considered.
[2024-04-26T22:20:09.952-0300] {processor.py:842} WARNING - No viable dags retrieved from /home/athlon/projects/airflow/.venv/lib/python3.11/site-packages/airflow/example_dags/plugins/workday.py
[2024-04-26T22:20:09.975-0300] {processor.py:183} INFO - Processing /home/athlon/projects/airflow/.venv/lib/python3.11/site-packages/airflow/example_dags/plugins/workday.py took 0.059 seconds
[2024-04-26T22:20:44.938-0300] {processor.py:161} INFO - Started process (PID=24004) to work on /home/athlon/projects/airflow/.venv/lib/python3.11/site-packages/airflow/example_dags/plugins/workday.py
[2024-04-26T22:20:44.943-0300] {processor.py:830} INFO - Processing file /home/athlon/projects/airflow/.venv/lib/python3.11/site-packages/airflow/example_dags/plugins/workday.py for tasks to queue
[2024-04-26T22:20:44.946-0300] {logging_mixin.py:188} INFO - [2024-04-26T22:20:44.946-0300] {dagbag.py:540} INFO - Filling up the DagBag from /home/athlon/projects/airflow/.venv/lib/python3.11/site-packages/airflow/example_dags/plugins/workday.py
[2024-04-26T22:20:44.963-0300] {logging_mixin.py:188} INFO - [2024-04-26T22:20:44.962-0300] {workday.py:41} WARNING - Could not import pandas. Holidays will not be considered.
[2024-04-26T22:20:44.964-0300] {processor.py:842} WARNING - No viable dags retrieved from /home/athlon/projects/airflow/.venv/lib/python3.11/site-packages/airflow/example_dags/plugins/workday.py
[2024-04-26T22:20:44.995-0300] {processor.py:183} INFO - Processing /home/athlon/projects/airflow/.venv/lib/python3.11/site-packages/airflow/example_dags/plugins/workday.py took 0.079 seconds
[2024-04-26T22:21:30.509-0300] {processor.py:161} INFO - Started process (PID=24068) to work on /home/athlon/projects/airflow/.venv/lib/python3.11/site-packages/airflow/example_dags/plugins/workday.py
[2024-04-26T22:21:30.540-0300] {processor.py:830} INFO - Processing file /home/athlon/projects/airflow/.venv/lib/python3.11/site-packages/airflow/example_dags/plugins/workday.py for tasks to queue
[2024-04-26T22:21:30.577-0300] {logging_mixin.py:188} INFO - [2024-04-26T22:21:30.543-0300] {dagbag.py:540} INFO - Filling up the DagBag from /home/athlon/projects/airflow/.venv/lib/python3.11/site-packages/airflow/example_dags/plugins/workday.py
[2024-04-26T22:21:30.652-0300] {logging_mixin.py:188} INFO - [2024-04-26T22:21:30.651-0300] {workday.py:41} WARNING - Could not import pandas. Holidays will not be considered.
[2024-04-26T22:21:30.685-0300] {processor.py:842} WARNING - No viable dags retrieved from /home/athlon/projects/airflow/.venv/lib/python3.11/site-packages/airflow/example_dags/plugins/workday.py
[2024-04-26T22:21:30.759-0300] {processor.py:183} INFO - Processing /home/athlon/projects/airflow/.venv/lib/python3.11/site-packages/airflow/example_dags/plugins/workday.py took 0.329 seconds
