[2024-04-28T21:16:47.517-0300] {local_task_job_runner.py:120} INFO - ::group::Pre task execution logs
[2024-04-28T21:16:47.573-0300] {taskinstance.py:2073} INFO - Dependencies all met for dep_context=non-requeueable deps ti=<TaskInstance: atividade_pratica_dag.create_data_folder manual__2024-04-29T00:16:33.182555+00:00 [queued]>
[2024-04-28T21:16:47.586-0300] {taskinstance.py:2073} INFO - Dependencies all met for dep_context=requeueable deps ti=<TaskInstance: atividade_pratica_dag.create_data_folder manual__2024-04-29T00:16:33.182555+00:00 [queued]>
[2024-04-28T21:16:47.587-0300] {taskinstance.py:2303} INFO - Starting attempt 1 of 1
[2024-04-28T21:16:47.610-0300] {taskinstance.py:2327} INFO - Executing <Task(BashOperator): create_data_folder> on 2024-04-29 00:16:33.182555+00:00
[2024-04-28T21:16:47.622-0300] {standard_task_runner.py:63} INFO - Started process 12256 to run task
[2024-04-28T21:16:47.628-0300] {standard_task_runner.py:90} INFO - Running: ['airflow', 'tasks', 'run', 'atividade_pratica_dag', 'create_data_folder', 'manual__2024-04-29T00:16:33.182555+00:00', '--job-id', '39', '--raw', '--subdir', 'DAGS_FOLDER/atividade_pratica_dag.py', '--cfg-path', '/tmp/tmp0e9ssx97']
[2024-04-28T21:16:47.629-0300] {standard_task_runner.py:91} INFO - Job 39: Subtask create_data_folder
[2024-04-28T21:16:47.705-0300] {task_command.py:426} INFO - Running <TaskInstance: atividade_pratica_dag.create_data_folder manual__2024-04-29T00:16:33.182555+00:00 [running]> on host ath
[2024-04-28T21:16:47.850-0300] {taskinstance.py:2644} INFO - Exporting env vars: AIRFLOW_CTX_DAG_OWNER='airflow' AIRFLOW_CTX_DAG_ID='atividade_pratica_dag' AIRFLOW_CTX_TASK_ID='create_data_folder' AIRFLOW_CTX_EXECUTION_DATE='2024-04-29T00:16:33.182555+00:00' AIRFLOW_CTX_TRY_NUMBER='1' AIRFLOW_CTX_DAG_RUN_ID='manual__2024-04-29T00:16:33.182555+00:00'
[2024-04-28T21:16:47.852-0300] {taskinstance.py:430} INFO - ::endgroup::
[2024-04-28T21:16:47.855-0300] {subprocess.py:63} INFO - Tmp dir root location: /tmp
[2024-04-28T21:16:47.856-0300] {subprocess.py:75} INFO - Running command: ['/usr/bin/bash', '-c', 'mkdir -p data']
[2024-04-28T21:16:47.879-0300] {subprocess.py:86} INFO - Output:
[2024-04-28T21:16:47.891-0300] {subprocess.py:97} INFO - Command exited with return code 0
[2024-04-28T21:16:47.892-0300] {taskinstance.py:441} INFO - ::group::Post task execution logs
[2024-04-28T21:16:47.924-0300] {taskinstance.py:1205} INFO - Marking task as SUCCESS. dag_id=atividade_pratica_dag, task_id=create_data_folder, execution_date=20240429T001633, start_date=20240429T001647, end_date=20240429T001647
[2024-04-28T21:16:47.962-0300] {local_task_job_runner.py:240} INFO - Task exited with return code 0
[2024-04-28T21:16:47.982-0300] {taskinstance.py:3482} INFO - 0 downstream tasks scheduled from follow-on schedule check
[2024-04-28T21:16:47.983-0300] {local_task_job_runner.py:222} INFO - ::endgroup::
