[2024-04-28T21:07:33.689-0300] {local_task_job_runner.py:120} INFO - ::group::Pre task execution logs
[2024-04-28T21:07:33.713-0300] {taskinstance.py:2073} INFO - Dependencies all met for dep_context=non-requeueable deps ti=<TaskInstance: atividade_pratica_dag.create_data_folder manual__2024-04-29T00:07:07.430511+00:00 [queued]>
[2024-04-28T21:07:33.724-0300] {taskinstance.py:2073} INFO - Dependencies all met for dep_context=requeueable deps ti=<TaskInstance: atividade_pratica_dag.create_data_folder manual__2024-04-29T00:07:07.430511+00:00 [queued]>
[2024-04-28T21:07:33.725-0300] {taskinstance.py:2303} INFO - Starting attempt 1 of 1
[2024-04-28T21:07:33.743-0300] {taskinstance.py:2327} INFO - Executing <Task(BashOperator): create_data_folder> on 2024-04-29 00:07:07.430511+00:00
[2024-04-28T21:07:33.750-0300] {standard_task_runner.py:63} INFO - Started process 11491 to run task
[2024-04-28T21:07:33.754-0300] {standard_task_runner.py:90} INFO - Running: ['airflow', 'tasks', 'run', 'atividade_pratica_dag', 'create_data_folder', 'manual__2024-04-29T00:07:07.430511+00:00', '--job-id', '15', '--raw', '--subdir', 'DAGS_FOLDER/atividade_pratica_dag.py', '--cfg-path', '/tmp/tmpwpmu7uc_']
[2024-04-28T21:07:33.755-0300] {standard_task_runner.py:91} INFO - Job 15: Subtask create_data_folder
[2024-04-28T21:07:33.800-0300] {task_command.py:426} INFO - Running <TaskInstance: atividade_pratica_dag.create_data_folder manual__2024-04-29T00:07:07.430511+00:00 [running]> on host ath
[2024-04-28T21:07:33.884-0300] {taskinstance.py:2644} INFO - Exporting env vars: AIRFLOW_CTX_DAG_OWNER='airflow' AIRFLOW_CTX_DAG_ID='atividade_pratica_dag' AIRFLOW_CTX_TASK_ID='create_data_folder' AIRFLOW_CTX_EXECUTION_DATE='2024-04-29T00:07:07.430511+00:00' AIRFLOW_CTX_TRY_NUMBER='1' AIRFLOW_CTX_DAG_RUN_ID='manual__2024-04-29T00:07:07.430511+00:00'
[2024-04-28T21:07:33.885-0300] {taskinstance.py:430} INFO - ::endgroup::
[2024-04-28T21:07:33.886-0300] {subprocess.py:63} INFO - Tmp dir root location: /tmp
[2024-04-28T21:07:33.887-0300] {subprocess.py:75} INFO - Running command: ['/usr/bin/bash', '-c', 'mkdir -p data']
[2024-04-28T21:07:33.902-0300] {subprocess.py:86} INFO - Output:
[2024-04-28T21:07:33.907-0300] {subprocess.py:97} INFO - Command exited with return code 0
[2024-04-28T21:07:33.908-0300] {taskinstance.py:441} INFO - ::group::Post task execution logs
[2024-04-28T21:07:33.935-0300] {taskinstance.py:1205} INFO - Marking task as SUCCESS. dag_id=atividade_pratica_dag, task_id=create_data_folder, execution_date=20240429T000707, start_date=20240429T000733, end_date=20240429T000733
[2024-04-28T21:07:34.166-0300] {local_task_job_runner.py:240} INFO - Task exited with return code 0
[2024-04-28T21:07:34.183-0300] {taskinstance.py:3482} INFO - 0 downstream tasks scheduled from follow-on schedule check
[2024-04-28T21:07:34.184-0300] {local_task_job_runner.py:222} INFO - ::endgroup::
