[2024-05-01T23:39:49.554-0300] {local_task_job_runner.py:120} INFO - ::group::Pre task execution logs
[2024-05-01T23:39:49.575-0300] {taskinstance.py:2073} INFO - Dependencies all met for dep_context=non-requeueable deps ti=<TaskInstance: atividade_pratica.get_data_folder_path manual__2024-05-02T02:38:41.452837+00:00 [queued]>
[2024-05-01T23:39:49.588-0300] {taskinstance.py:2073} INFO - Dependencies all met for dep_context=requeueable deps ti=<TaskInstance: atividade_pratica.get_data_folder_path manual__2024-05-02T02:38:41.452837+00:00 [queued]>
[2024-05-01T23:39:49.588-0300] {taskinstance.py:2303} INFO - Starting attempt 1 of 1
[2024-05-01T23:39:49.629-0300] {taskinstance.py:2327} INFO - Executing <Task(BashOperator): get_data_folder_path> on 2024-05-02 02:38:41.452837+00:00
[2024-05-01T23:39:49.635-0300] {standard_task_runner.py:63} INFO - Started process 21829 to run task
[2024-05-01T23:39:49.645-0300] {standard_task_runner.py:90} INFO - Running: ['airflow', 'tasks', 'run', 'atividade_pratica', 'get_data_folder_path', 'manual__2024-05-02T02:38:41.452837+00:00', '--job-id', '93', '--raw', '--subdir', 'DAGS_FOLDER/atividade_pratica.py', '--cfg-path', '/tmp/tmp2xwqmyj8']
[2024-05-01T23:39:49.646-0300] {standard_task_runner.py:91} INFO - Job 93: Subtask get_data_folder_path
[2024-05-01T23:39:49.725-0300] {task_command.py:426} INFO - Running <TaskInstance: atividade_pratica.get_data_folder_path manual__2024-05-02T02:38:41.452837+00:00 [running]> on host xubuntu.myguest.virtualbox.org
[2024-05-01T23:39:49.840-0300] {taskinstance.py:2644} INFO - Exporting env vars: AIRFLOW_CTX_DAG_OWNER='airflow' AIRFLOW_CTX_DAG_ID='atividade_pratica' AIRFLOW_CTX_TASK_ID='get_data_folder_path' AIRFLOW_CTX_EXECUTION_DATE='2024-05-02T02:38:41.452837+00:00' AIRFLOW_CTX_TRY_NUMBER='1' AIRFLOW_CTX_DAG_RUN_ID='manual__2024-05-02T02:38:41.452837+00:00'
[2024-05-01T23:39:49.841-0300] {taskinstance.py:430} INFO - ::endgroup::
[2024-05-01T23:39:49.842-0300] {subprocess.py:63} INFO - Tmp dir root location: /tmp
[2024-05-01T23:39:49.842-0300] {subprocess.py:75} INFO - Running command: ['/usr/bin/bash', '-c', 'echo $AIRFLOW_HOME/data']
[2024-05-01T23:39:49.861-0300] {subprocess.py:86} INFO - Output:
[2024-05-01T23:39:49.872-0300] {subprocess.py:93} INFO - /home/ath/projects/atividade_pratica_dags/data
[2024-05-01T23:39:49.872-0300] {subprocess.py:97} INFO - Command exited with return code 0
[2024-05-01T23:39:49.873-0300] {taskinstance.py:441} INFO - ::group::Post task execution logs
[2024-05-01T23:39:50.086-0300] {taskinstance.py:1205} INFO - Marking task as SUCCESS. dag_id=atividade_pratica, task_id=get_data_folder_path, execution_date=20240502T023841, start_date=20240502T023949, end_date=20240502T023950
[2024-05-01T23:39:50.141-0300] {local_task_job_runner.py:240} INFO - Task exited with return code 0
[2024-05-01T23:39:50.165-0300] {taskinstance.py:3482} INFO - 1 downstream tasks scheduled from follow-on schedule check
[2024-05-01T23:39:50.189-0300] {local_task_job_runner.py:222} INFO - ::endgroup::
