[2024-05-01T23:25:20.531-0300] {local_task_job_runner.py:120} INFO - ::group::Pre task execution logs
[2024-05-01T23:25:20.665-0300] {taskinstance.py:2073} INFO - Dependencies all met for dep_context=non-requeueable deps ti=<TaskInstance: atividade_pratica.check_airflow_home manual__2024-05-02T02:24:15.618310+00:00 [queued]>
[2024-05-01T23:25:20.690-0300] {taskinstance.py:2073} INFO - Dependencies all met for dep_context=requeueable deps ti=<TaskInstance: atividade_pratica.check_airflow_home manual__2024-05-02T02:24:15.618310+00:00 [queued]>
[2024-05-01T23:25:20.690-0300] {taskinstance.py:2303} INFO - Starting attempt 1 of 1
[2024-05-01T23:25:20.738-0300] {taskinstance.py:2327} INFO - Executing <Task(BashOperator): check_airflow_home> on 2024-05-02 02:24:15.618310+00:00
[2024-05-01T23:25:20.750-0300] {standard_task_runner.py:63} INFO - Started process 21001 to run task
[2024-05-01T23:25:20.778-0300] {standard_task_runner.py:90} INFO - Running: ['airflow', 'tasks', 'run', 'atividade_pratica', 'check_airflow_home', 'manual__2024-05-02T02:24:15.618310+00:00', '--job-id', '86', '--raw', '--subdir', 'DAGS_FOLDER/atividade_pratica.py', '--cfg-path', '/tmp/tmpo346s7es']
[2024-05-01T23:25:20.778-0300] {standard_task_runner.py:91} INFO - Job 86: Subtask check_airflow_home
[2024-05-01T23:25:20.947-0300] {task_command.py:426} INFO - Running <TaskInstance: atividade_pratica.check_airflow_home manual__2024-05-02T02:24:15.618310+00:00 [running]> on host xubuntu.myguest.virtualbox.org
[2024-05-01T23:25:21.825-0300] {taskinstance.py:2644} INFO - Exporting env vars: AIRFLOW_CTX_DAG_OWNER='airflow' AIRFLOW_CTX_DAG_ID='atividade_pratica' AIRFLOW_CTX_TASK_ID='check_airflow_home' AIRFLOW_CTX_EXECUTION_DATE='2024-05-02T02:24:15.618310+00:00' AIRFLOW_CTX_TRY_NUMBER='1' AIRFLOW_CTX_DAG_RUN_ID='manual__2024-05-02T02:24:15.618310+00:00'
[2024-05-01T23:25:21.830-0300] {taskinstance.py:430} INFO - ::endgroup::
[2024-05-01T23:25:21.910-0300] {subprocess.py:63} INFO - Tmp dir root location: /tmp
[2024-05-01T23:25:21.929-0300] {subprocess.py:75} INFO - Running command: ['/usr/bin/bash', '-c', 'echo $AIRFLOW_HOME']
[2024-05-01T23:25:22.341-0300] {subprocess.py:86} INFO - Output:
[2024-05-01T23:25:22.814-0300] {subprocess.py:93} INFO - /home/ath/projects/atividade_pratica_dags
[2024-05-01T23:25:22.838-0300] {subprocess.py:97} INFO - Command exited with return code 0
[2024-05-01T23:25:22.839-0300] {taskinstance.py:441} INFO - ::group::Post task execution logs
[2024-05-01T23:25:24.845-0300] {taskinstance.py:1205} INFO - Marking task as SUCCESS. dag_id=atividade_pratica, task_id=check_airflow_home, execution_date=20240502T022415, start_date=20240502T022520, end_date=20240502T022524
[2024-05-01T23:25:25.395-0300] {local_task_job_runner.py:240} INFO - Task exited with return code 0
[2024-05-01T23:25:25.717-0300] {taskinstance.py:3482} INFO - 1 downstream tasks scheduled from follow-on schedule check
[2024-05-01T23:25:25.757-0300] {local_task_job_runner.py:222} INFO - ::endgroup::
