[2024-04-28T06:26:13.079-0300] {processor.py:161} INFO - Started process (PID=11636) to work on /home/athlon/projects/airflow/.venv/lib/python3.11/site-packages/airflow/example_dags/example_branch_operator.py
[2024-04-28T06:26:13.080-0300] {processor.py:830} INFO - Processing file /home/athlon/projects/airflow/.venv/lib/python3.11/site-packages/airflow/example_dags/example_branch_operator.py for tasks to queue
[2024-04-28T06:26:13.082-0300] {logging_mixin.py:188} INFO - [2024-04-28T06:26:13.082-0300] {dagbag.py:540} INFO - Filling up the DagBag from /home/athlon/projects/airflow/.venv/lib/python3.11/site-packages/airflow/example_dags/example_branch_operator.py
[2024-04-28T06:26:13.086-0300] {processor.py:842} WARNING - No viable dags retrieved from /home/athlon/projects/airflow/.venv/lib/python3.11/site-packages/airflow/example_dags/example_branch_operator.py
[2024-04-28T06:26:13.100-0300] {processor.py:183} INFO - Processing /home/athlon/projects/airflow/.venv/lib/python3.11/site-packages/airflow/example_dags/example_branch_operator.py took 0.029 seconds
[2024-04-28T06:27:31.872-0300] {processor.py:161} INFO - Started process (PID=11816) to work on /home/athlon/projects/airflow/.venv/lib/python3.11/site-packages/airflow/example_dags/example_branch_operator.py
[2024-04-28T06:27:31.873-0300] {processor.py:830} INFO - Processing file /home/athlon/projects/airflow/.venv/lib/python3.11/site-packages/airflow/example_dags/example_branch_operator.py for tasks to queue
[2024-04-28T06:27:31.876-0300] {logging_mixin.py:188} INFO - [2024-04-28T06:27:31.875-0300] {dagbag.py:540} INFO - Filling up the DagBag from /home/athlon/projects/airflow/.venv/lib/python3.11/site-packages/airflow/example_dags/example_branch_operator.py
[2024-04-28T06:27:31.880-0300] {processor.py:842} WARNING - No viable dags retrieved from /home/athlon/projects/airflow/.venv/lib/python3.11/site-packages/airflow/example_dags/example_branch_operator.py
[2024-04-28T06:27:31.895-0300] {processor.py:183} INFO - Processing /home/athlon/projects/airflow/.venv/lib/python3.11/site-packages/airflow/example_dags/example_branch_operator.py took 0.031 seconds
[2024-04-28T06:28:50.466-0300] {processor.py:161} INFO - Started process (PID=11902) to work on /home/athlon/projects/airflow/.venv/lib/python3.11/site-packages/airflow/example_dags/example_branch_operator.py
[2024-04-28T06:28:50.468-0300] {processor.py:830} INFO - Processing file /home/athlon/projects/airflow/.venv/lib/python3.11/site-packages/airflow/example_dags/example_branch_operator.py for tasks to queue
[2024-04-28T06:28:50.470-0300] {logging_mixin.py:188} INFO - [2024-04-28T06:28:50.469-0300] {dagbag.py:540} INFO - Filling up the DagBag from /home/athlon/projects/airflow/.venv/lib/python3.11/site-packages/airflow/example_dags/example_branch_operator.py
[2024-04-28T06:28:50.485-0300] {processor.py:842} WARNING - No viable dags retrieved from /home/athlon/projects/airflow/.venv/lib/python3.11/site-packages/airflow/example_dags/example_branch_operator.py
[2024-04-28T06:28:50.499-0300] {processor.py:183} INFO - Processing /home/athlon/projects/airflow/.venv/lib/python3.11/site-packages/airflow/example_dags/example_branch_operator.py took 0.041 seconds
[2024-04-28T19:15:35.605-0300] {processor.py:161} INFO - Started process (PID=5073) to work on /home/athlon/projects/airflow/.venv/lib/python3.11/site-packages/airflow/example_dags/example_branch_operator.py
[2024-04-28T19:15:35.615-0300] {processor.py:830} INFO - Processing file /home/athlon/projects/airflow/.venv/lib/python3.11/site-packages/airflow/example_dags/example_branch_operator.py for tasks to queue
[2024-04-28T19:15:35.619-0300] {logging_mixin.py:188} INFO - [2024-04-28T19:15:35.618-0300] {dagbag.py:540} INFO - Filling up the DagBag from /home/athlon/projects/airflow/.venv/lib/python3.11/site-packages/airflow/example_dags/example_branch_operator.py
[2024-04-28T19:15:35.629-0300] {processor.py:842} WARNING - No viable dags retrieved from /home/athlon/projects/airflow/.venv/lib/python3.11/site-packages/airflow/example_dags/example_branch_operator.py
[2024-04-28T19:15:35.658-0300] {processor.py:183} INFO - Processing /home/athlon/projects/airflow/.venv/lib/python3.11/site-packages/airflow/example_dags/example_branch_operator.py took 0.068 seconds
[2024-04-28T19:16:43.246-0300] {processor.py:161} INFO - Started process (PID=5193) to work on /home/athlon/projects/airflow/.venv/lib/python3.11/site-packages/airflow/example_dags/example_branch_operator.py
[2024-04-28T19:16:43.247-0300] {processor.py:830} INFO - Processing file /home/athlon/projects/airflow/.venv/lib/python3.11/site-packages/airflow/example_dags/example_branch_operator.py for tasks to queue
[2024-04-28T19:16:43.253-0300] {logging_mixin.py:188} INFO - [2024-04-28T19:16:43.251-0300] {dagbag.py:540} INFO - Filling up the DagBag from /home/athlon/projects/airflow/.venv/lib/python3.11/site-packages/airflow/example_dags/example_branch_operator.py
[2024-04-28T19:16:43.264-0300] {processor.py:842} WARNING - No viable dags retrieved from /home/athlon/projects/airflow/.venv/lib/python3.11/site-packages/airflow/example_dags/example_branch_operator.py
[2024-04-28T19:16:43.287-0300] {processor.py:183} INFO - Processing /home/athlon/projects/airflow/.venv/lib/python3.11/site-packages/airflow/example_dags/example_branch_operator.py took 0.056 seconds
[2024-04-28T19:17:43.747-0300] {processor.py:161} INFO - Started process (PID=5269) to work on /home/athlon/projects/airflow/.venv/lib/python3.11/site-packages/airflow/example_dags/example_branch_operator.py
[2024-04-28T19:17:43.753-0300] {processor.py:830} INFO - Processing file /home/athlon/projects/airflow/.venv/lib/python3.11/site-packages/airflow/example_dags/example_branch_operator.py for tasks to queue
[2024-04-28T19:17:43.756-0300] {logging_mixin.py:188} INFO - [2024-04-28T19:17:43.755-0300] {dagbag.py:540} INFO - Filling up the DagBag from /home/athlon/projects/airflow/.venv/lib/python3.11/site-packages/airflow/example_dags/example_branch_operator.py
[2024-04-28T19:17:43.761-0300] {processor.py:842} WARNING - No viable dags retrieved from /home/athlon/projects/airflow/.venv/lib/python3.11/site-packages/airflow/example_dags/example_branch_operator.py
[2024-04-28T19:17:43.776-0300] {processor.py:183} INFO - Processing /home/athlon/projects/airflow/.venv/lib/python3.11/site-packages/airflow/example_dags/example_branch_operator.py took 0.037 seconds
[2024-04-28T19:18:49.570-0300] {processor.py:161} INFO - Started process (PID=5362) to work on /home/athlon/projects/airflow/.venv/lib/python3.11/site-packages/airflow/example_dags/example_branch_operator.py
[2024-04-28T19:18:49.576-0300] {processor.py:830} INFO - Processing file /home/athlon/projects/airflow/.venv/lib/python3.11/site-packages/airflow/example_dags/example_branch_operator.py for tasks to queue
[2024-04-28T19:18:49.579-0300] {logging_mixin.py:188} INFO - [2024-04-28T19:18:49.578-0300] {dagbag.py:540} INFO - Filling up the DagBag from /home/athlon/projects/airflow/.venv/lib/python3.11/site-packages/airflow/example_dags/example_branch_operator.py
[2024-04-28T19:18:49.583-0300] {processor.py:842} WARNING - No viable dags retrieved from /home/athlon/projects/airflow/.venv/lib/python3.11/site-packages/airflow/example_dags/example_branch_operator.py
[2024-04-28T19:18:49.598-0300] {processor.py:183} INFO - Processing /home/athlon/projects/airflow/.venv/lib/python3.11/site-packages/airflow/example_dags/example_branch_operator.py took 0.036 seconds
[2024-04-28T19:19:59.183-0300] {processor.py:161} INFO - Started process (PID=5446) to work on /home/athlon/projects/airflow/.venv/lib/python3.11/site-packages/airflow/example_dags/example_branch_operator.py
[2024-04-28T19:19:59.189-0300] {processor.py:830} INFO - Processing file /home/athlon/projects/airflow/.venv/lib/python3.11/site-packages/airflow/example_dags/example_branch_operator.py for tasks to queue
[2024-04-28T19:19:59.191-0300] {logging_mixin.py:188} INFO - [2024-04-28T19:19:59.191-0300] {dagbag.py:540} INFO - Filling up the DagBag from /home/athlon/projects/airflow/.venv/lib/python3.11/site-packages/airflow/example_dags/example_branch_operator.py
[2024-04-28T19:19:59.196-0300] {processor.py:842} WARNING - No viable dags retrieved from /home/athlon/projects/airflow/.venv/lib/python3.11/site-packages/airflow/example_dags/example_branch_operator.py
[2024-04-28T19:19:59.211-0300] {processor.py:183} INFO - Processing /home/athlon/projects/airflow/.venv/lib/python3.11/site-packages/airflow/example_dags/example_branch_operator.py took 0.037 seconds
[2024-04-28T19:20:59.511-0300] {processor.py:161} INFO - Started process (PID=5529) to work on /home/athlon/projects/airflow/.venv/lib/python3.11/site-packages/airflow/example_dags/example_branch_operator.py
[2024-04-28T19:20:59.517-0300] {processor.py:830} INFO - Processing file /home/athlon/projects/airflow/.venv/lib/python3.11/site-packages/airflow/example_dags/example_branch_operator.py for tasks to queue
[2024-04-28T19:20:59.519-0300] {logging_mixin.py:188} INFO - [2024-04-28T19:20:59.519-0300] {dagbag.py:540} INFO - Filling up the DagBag from /home/athlon/projects/airflow/.venv/lib/python3.11/site-packages/airflow/example_dags/example_branch_operator.py
[2024-04-28T19:20:59.523-0300] {processor.py:842} WARNING - No viable dags retrieved from /home/athlon/projects/airflow/.venv/lib/python3.11/site-packages/airflow/example_dags/example_branch_operator.py
[2024-04-28T19:20:59.537-0300] {processor.py:183} INFO - Processing /home/athlon/projects/airflow/.venv/lib/python3.11/site-packages/airflow/example_dags/example_branch_operator.py took 0.034 seconds
[2024-04-28T19:22:01.109-0300] {processor.py:161} INFO - Started process (PID=5614) to work on /home/athlon/projects/airflow/.venv/lib/python3.11/site-packages/airflow/example_dags/example_branch_operator.py
[2024-04-28T19:22:01.110-0300] {processor.py:830} INFO - Processing file /home/athlon/projects/airflow/.venv/lib/python3.11/site-packages/airflow/example_dags/example_branch_operator.py for tasks to queue
[2024-04-28T19:22:01.112-0300] {logging_mixin.py:188} INFO - [2024-04-28T19:22:01.111-0300] {dagbag.py:540} INFO - Filling up the DagBag from /home/athlon/projects/airflow/.venv/lib/python3.11/site-packages/airflow/example_dags/example_branch_operator.py
[2024-04-28T19:22:01.116-0300] {processor.py:842} WARNING - No viable dags retrieved from /home/athlon/projects/airflow/.venv/lib/python3.11/site-packages/airflow/example_dags/example_branch_operator.py
[2024-04-28T19:22:01.131-0300] {processor.py:183} INFO - Processing /home/athlon/projects/airflow/.venv/lib/python3.11/site-packages/airflow/example_dags/example_branch_operator.py took 0.031 seconds
[2024-04-28T19:23:20.439-0300] {processor.py:161} INFO - Started process (PID=5700) to work on /home/athlon/projects/airflow/.venv/lib/python3.11/site-packages/airflow/example_dags/example_branch_operator.py
[2024-04-28T19:23:20.445-0300] {processor.py:830} INFO - Processing file /home/athlon/projects/airflow/.venv/lib/python3.11/site-packages/airflow/example_dags/example_branch_operator.py for tasks to queue
[2024-04-28T19:23:20.447-0300] {logging_mixin.py:188} INFO - [2024-04-28T19:23:20.447-0300] {dagbag.py:540} INFO - Filling up the DagBag from /home/athlon/projects/airflow/.venv/lib/python3.11/site-packages/airflow/example_dags/example_branch_operator.py
[2024-04-28T19:23:20.451-0300] {processor.py:842} WARNING - No viable dags retrieved from /home/athlon/projects/airflow/.venv/lib/python3.11/site-packages/airflow/example_dags/example_branch_operator.py
[2024-04-28T19:23:20.466-0300] {processor.py:183} INFO - Processing /home/athlon/projects/airflow/.venv/lib/python3.11/site-packages/airflow/example_dags/example_branch_operator.py took 0.035 seconds
[2024-04-28T19:24:43.514-0300] {processor.py:161} INFO - Started process (PID=5849) to work on /home/athlon/projects/airflow/.venv/lib/python3.11/site-packages/airflow/example_dags/example_branch_operator.py
[2024-04-28T19:24:43.516-0300] {processor.py:830} INFO - Processing file /home/athlon/projects/airflow/.venv/lib/python3.11/site-packages/airflow/example_dags/example_branch_operator.py for tasks to queue
[2024-04-28T19:24:43.518-0300] {logging_mixin.py:188} INFO - [2024-04-28T19:24:43.518-0300] {dagbag.py:540} INFO - Filling up the DagBag from /home/athlon/projects/airflow/.venv/lib/python3.11/site-packages/airflow/example_dags/example_branch_operator.py
[2024-04-28T19:24:43.528-0300] {processor.py:842} WARNING - No viable dags retrieved from /home/athlon/projects/airflow/.venv/lib/python3.11/site-packages/airflow/example_dags/example_branch_operator.py
[2024-04-28T19:24:43.543-0300] {processor.py:183} INFO - Processing /home/athlon/projects/airflow/.venv/lib/python3.11/site-packages/airflow/example_dags/example_branch_operator.py took 0.037 seconds
[2024-04-28T19:25:42.402-0300] {processor.py:161} INFO - Started process (PID=5940) to work on /home/athlon/projects/airflow/.venv/lib/python3.11/site-packages/airflow/example_dags/example_branch_operator.py
[2024-04-28T19:25:42.407-0300] {processor.py:830} INFO - Processing file /home/athlon/projects/airflow/.venv/lib/python3.11/site-packages/airflow/example_dags/example_branch_operator.py for tasks to queue
[2024-04-28T19:25:42.410-0300] {logging_mixin.py:188} INFO - [2024-04-28T19:25:42.410-0300] {dagbag.py:540} INFO - Filling up the DagBag from /home/athlon/projects/airflow/.venv/lib/python3.11/site-packages/airflow/example_dags/example_branch_operator.py
[2024-04-28T19:25:42.415-0300] {processor.py:842} WARNING - No viable dags retrieved from /home/athlon/projects/airflow/.venv/lib/python3.11/site-packages/airflow/example_dags/example_branch_operator.py
[2024-04-28T19:25:42.430-0300] {processor.py:183} INFO - Processing /home/athlon/projects/airflow/.venv/lib/python3.11/site-packages/airflow/example_dags/example_branch_operator.py took 0.037 seconds
[2024-04-28T19:26:40.131-0300] {processor.py:161} INFO - Started process (PID=6037) to work on /home/athlon/projects/airflow/.venv/lib/python3.11/site-packages/airflow/example_dags/example_branch_operator.py
[2024-04-28T19:26:40.137-0300] {processor.py:830} INFO - Processing file /home/athlon/projects/airflow/.venv/lib/python3.11/site-packages/airflow/example_dags/example_branch_operator.py for tasks to queue
[2024-04-28T19:26:40.140-0300] {logging_mixin.py:188} INFO - [2024-04-28T19:26:40.139-0300] {dagbag.py:540} INFO - Filling up the DagBag from /home/athlon/projects/airflow/.venv/lib/python3.11/site-packages/airflow/example_dags/example_branch_operator.py
[2024-04-28T19:26:40.144-0300] {processor.py:842} WARNING - No viable dags retrieved from /home/athlon/projects/airflow/.venv/lib/python3.11/site-packages/airflow/example_dags/example_branch_operator.py
[2024-04-28T19:26:40.159-0300] {processor.py:183} INFO - Processing /home/athlon/projects/airflow/.venv/lib/python3.11/site-packages/airflow/example_dags/example_branch_operator.py took 0.037 seconds
[2024-04-28T19:27:39.936-0300] {processor.py:161} INFO - Started process (PID=6128) to work on /home/athlon/projects/airflow/.venv/lib/python3.11/site-packages/airflow/example_dags/example_branch_operator.py
[2024-04-28T19:27:39.941-0300] {processor.py:830} INFO - Processing file /home/athlon/projects/airflow/.venv/lib/python3.11/site-packages/airflow/example_dags/example_branch_operator.py for tasks to queue
[2024-04-28T19:27:39.944-0300] {logging_mixin.py:188} INFO - [2024-04-28T19:27:39.943-0300] {dagbag.py:540} INFO - Filling up the DagBag from /home/athlon/projects/airflow/.venv/lib/python3.11/site-packages/airflow/example_dags/example_branch_operator.py
[2024-04-28T19:27:39.949-0300] {processor.py:842} WARNING - No viable dags retrieved from /home/athlon/projects/airflow/.venv/lib/python3.11/site-packages/airflow/example_dags/example_branch_operator.py
[2024-04-28T19:27:39.963-0300] {processor.py:183} INFO - Processing /home/athlon/projects/airflow/.venv/lib/python3.11/site-packages/airflow/example_dags/example_branch_operator.py took 0.037 seconds
[2024-04-28T19:28:43.354-0300] {processor.py:161} INFO - Started process (PID=6249) to work on /home/athlon/projects/airflow/.venv/lib/python3.11/site-packages/airflow/example_dags/example_branch_operator.py
[2024-04-28T19:28:43.355-0300] {processor.py:830} INFO - Processing file /home/athlon/projects/airflow/.venv/lib/python3.11/site-packages/airflow/example_dags/example_branch_operator.py for tasks to queue
[2024-04-28T19:28:43.358-0300] {logging_mixin.py:188} INFO - [2024-04-28T19:28:43.357-0300] {dagbag.py:540} INFO - Filling up the DagBag from /home/athlon/projects/airflow/.venv/lib/python3.11/site-packages/airflow/example_dags/example_branch_operator.py
[2024-04-28T19:28:43.370-0300] {processor.py:842} WARNING - No viable dags retrieved from /home/athlon/projects/airflow/.venv/lib/python3.11/site-packages/airflow/example_dags/example_branch_operator.py
[2024-04-28T19:28:43.390-0300] {processor.py:183} INFO - Processing /home/athlon/projects/airflow/.venv/lib/python3.11/site-packages/airflow/example_dags/example_branch_operator.py took 0.046 seconds
[2024-04-28T19:29:49.222-0300] {processor.py:161} INFO - Started process (PID=6331) to work on /home/athlon/projects/airflow/.venv/lib/python3.11/site-packages/airflow/example_dags/example_branch_operator.py
[2024-04-28T19:29:49.228-0300] {processor.py:830} INFO - Processing file /home/athlon/projects/airflow/.venv/lib/python3.11/site-packages/airflow/example_dags/example_branch_operator.py for tasks to queue
[2024-04-28T19:29:49.232-0300] {logging_mixin.py:188} INFO - [2024-04-28T19:29:49.231-0300] {dagbag.py:540} INFO - Filling up the DagBag from /home/athlon/projects/airflow/.venv/lib/python3.11/site-packages/airflow/example_dags/example_branch_operator.py
[2024-04-28T19:29:49.237-0300] {processor.py:842} WARNING - No viable dags retrieved from /home/athlon/projects/airflow/.venv/lib/python3.11/site-packages/airflow/example_dags/example_branch_operator.py
[2024-04-28T19:29:49.255-0300] {processor.py:183} INFO - Processing /home/athlon/projects/airflow/.venv/lib/python3.11/site-packages/airflow/example_dags/example_branch_operator.py took 0.044 seconds
[2024-04-28T19:30:52.110-0300] {processor.py:161} INFO - Started process (PID=6428) to work on /home/athlon/projects/airflow/.venv/lib/python3.11/site-packages/airflow/example_dags/example_branch_operator.py
[2024-04-28T19:30:52.112-0300] {processor.py:830} INFO - Processing file /home/athlon/projects/airflow/.venv/lib/python3.11/site-packages/airflow/example_dags/example_branch_operator.py for tasks to queue
[2024-04-28T19:30:52.115-0300] {logging_mixin.py:188} INFO - [2024-04-28T19:30:52.114-0300] {dagbag.py:540} INFO - Filling up the DagBag from /home/athlon/projects/airflow/.venv/lib/python3.11/site-packages/airflow/example_dags/example_branch_operator.py
[2024-04-28T19:30:52.122-0300] {processor.py:842} WARNING - No viable dags retrieved from /home/athlon/projects/airflow/.venv/lib/python3.11/site-packages/airflow/example_dags/example_branch_operator.py
[2024-04-28T19:30:52.141-0300] {processor.py:183} INFO - Processing /home/athlon/projects/airflow/.venv/lib/python3.11/site-packages/airflow/example_dags/example_branch_operator.py took 0.045 seconds
[2024-04-28T19:31:55.295-0300] {processor.py:161} INFO - Started process (PID=6510) to work on /home/athlon/projects/airflow/.venv/lib/python3.11/site-packages/airflow/example_dags/example_branch_operator.py
[2024-04-28T19:31:55.297-0300] {processor.py:830} INFO - Processing file /home/athlon/projects/airflow/.venv/lib/python3.11/site-packages/airflow/example_dags/example_branch_operator.py for tasks to queue
[2024-04-28T19:31:55.299-0300] {logging_mixin.py:188} INFO - [2024-04-28T19:31:55.299-0300] {dagbag.py:540} INFO - Filling up the DagBag from /home/athlon/projects/airflow/.venv/lib/python3.11/site-packages/airflow/example_dags/example_branch_operator.py
[2024-04-28T19:31:55.308-0300] {processor.py:842} WARNING - No viable dags retrieved from /home/athlon/projects/airflow/.venv/lib/python3.11/site-packages/airflow/example_dags/example_branch_operator.py
[2024-04-28T19:31:55.325-0300] {processor.py:183} INFO - Processing /home/athlon/projects/airflow/.venv/lib/python3.11/site-packages/airflow/example_dags/example_branch_operator.py took 0.040 seconds
[2024-04-28T19:33:20.692-0300] {processor.py:161} INFO - Started process (PID=6693) to work on /home/athlon/projects/airflow/.venv/lib/python3.11/site-packages/airflow/example_dags/example_branch_operator.py
[2024-04-28T19:33:20.694-0300] {processor.py:830} INFO - Processing file /home/athlon/projects/airflow/.venv/lib/python3.11/site-packages/airflow/example_dags/example_branch_operator.py for tasks to queue
[2024-04-28T19:33:20.698-0300] {logging_mixin.py:188} INFO - [2024-04-28T19:33:20.697-0300] {dagbag.py:540} INFO - Filling up the DagBag from /home/athlon/projects/airflow/.venv/lib/python3.11/site-packages/airflow/example_dags/example_branch_operator.py
[2024-04-28T19:33:20.706-0300] {processor.py:842} WARNING - No viable dags retrieved from /home/athlon/projects/airflow/.venv/lib/python3.11/site-packages/airflow/example_dags/example_branch_operator.py
[2024-04-28T19:33:20.724-0300] {processor.py:183} INFO - Processing /home/athlon/projects/airflow/.venv/lib/python3.11/site-packages/airflow/example_dags/example_branch_operator.py took 0.047 seconds
[2024-04-28T19:34:28.000-0300] {processor.py:161} INFO - Started process (PID=6775) to work on /home/athlon/projects/airflow/.venv/lib/python3.11/site-packages/airflow/example_dags/example_branch_operator.py
[2024-04-28T19:34:28.001-0300] {processor.py:830} INFO - Processing file /home/athlon/projects/airflow/.venv/lib/python3.11/site-packages/airflow/example_dags/example_branch_operator.py for tasks to queue
[2024-04-28T19:34:28.004-0300] {logging_mixin.py:188} INFO - [2024-04-28T19:34:28.003-0300] {dagbag.py:540} INFO - Filling up the DagBag from /home/athlon/projects/airflow/.venv/lib/python3.11/site-packages/airflow/example_dags/example_branch_operator.py
[2024-04-28T19:34:28.008-0300] {processor.py:842} WARNING - No viable dags retrieved from /home/athlon/projects/airflow/.venv/lib/python3.11/site-packages/airflow/example_dags/example_branch_operator.py
[2024-04-28T19:34:28.027-0300] {processor.py:183} INFO - Processing /home/athlon/projects/airflow/.venv/lib/python3.11/site-packages/airflow/example_dags/example_branch_operator.py took 0.038 seconds
[2024-04-28T19:35:27.675-0300] {processor.py:161} INFO - Started process (PID=6856) to work on /home/athlon/projects/airflow/.venv/lib/python3.11/site-packages/airflow/example_dags/example_branch_operator.py
[2024-04-28T19:35:27.680-0300] {processor.py:830} INFO - Processing file /home/athlon/projects/airflow/.venv/lib/python3.11/site-packages/airflow/example_dags/example_branch_operator.py for tasks to queue
[2024-04-28T19:35:27.683-0300] {logging_mixin.py:188} INFO - [2024-04-28T19:35:27.683-0300] {dagbag.py:540} INFO - Filling up the DagBag from /home/athlon/projects/airflow/.venv/lib/python3.11/site-packages/airflow/example_dags/example_branch_operator.py
[2024-04-28T19:35:27.688-0300] {processor.py:842} WARNING - No viable dags retrieved from /home/athlon/projects/airflow/.venv/lib/python3.11/site-packages/airflow/example_dags/example_branch_operator.py
[2024-04-28T19:35:27.705-0300] {processor.py:183} INFO - Processing /home/athlon/projects/airflow/.venv/lib/python3.11/site-packages/airflow/example_dags/example_branch_operator.py took 0.042 seconds
[2024-04-28T19:36:24.997-0300] {processor.py:161} INFO - Started process (PID=6936) to work on /home/athlon/projects/airflow/.venv/lib/python3.11/site-packages/airflow/example_dags/example_branch_operator.py
[2024-04-28T19:36:24.999-0300] {processor.py:830} INFO - Processing file /home/athlon/projects/airflow/.venv/lib/python3.11/site-packages/airflow/example_dags/example_branch_operator.py for tasks to queue
[2024-04-28T19:36:25.002-0300] {logging_mixin.py:188} INFO - [2024-04-28T19:36:25.001-0300] {dagbag.py:540} INFO - Filling up the DagBag from /home/athlon/projects/airflow/.venv/lib/python3.11/site-packages/airflow/example_dags/example_branch_operator.py
[2024-04-28T19:36:25.013-0300] {processor.py:842} WARNING - No viable dags retrieved from /home/athlon/projects/airflow/.venv/lib/python3.11/site-packages/airflow/example_dags/example_branch_operator.py
[2024-04-28T19:36:25.027-0300] {processor.py:183} INFO - Processing /home/athlon/projects/airflow/.venv/lib/python3.11/site-packages/airflow/example_dags/example_branch_operator.py took 0.040 seconds
[2024-04-28T19:59:13.442-0300] {processor.py:161} INFO - Started process (PID=5732) to work on /home/athlon/projects/airflow/.venv/lib/python3.11/site-packages/airflow/example_dags/example_branch_operator.py
[2024-04-28T19:59:13.449-0300] {processor.py:830} INFO - Processing file /home/athlon/projects/airflow/.venv/lib/python3.11/site-packages/airflow/example_dags/example_branch_operator.py for tasks to queue
[2024-04-28T19:59:13.452-0300] {logging_mixin.py:188} INFO - [2024-04-28T19:59:13.451-0300] {dagbag.py:540} INFO - Filling up the DagBag from /home/athlon/projects/airflow/.venv/lib/python3.11/site-packages/airflow/example_dags/example_branch_operator.py
[2024-04-28T19:59:13.458-0300] {processor.py:842} WARNING - No viable dags retrieved from /home/athlon/projects/airflow/.venv/lib/python3.11/site-packages/airflow/example_dags/example_branch_operator.py
[2024-04-28T19:59:13.488-0300] {processor.py:183} INFO - Processing /home/athlon/projects/airflow/.venv/lib/python3.11/site-packages/airflow/example_dags/example_branch_operator.py took 0.066 seconds
[2024-04-28T20:00:40.784-0300] {processor.py:161} INFO - Started process (PID=5851) to work on /home/athlon/projects/airflow/.venv/lib/python3.11/site-packages/airflow/example_dags/example_branch_operator.py
[2024-04-28T20:00:40.790-0300] {processor.py:830} INFO - Processing file /home/athlon/projects/airflow/.venv/lib/python3.11/site-packages/airflow/example_dags/example_branch_operator.py for tasks to queue
[2024-04-28T20:00:40.793-0300] {logging_mixin.py:188} INFO - [2024-04-28T20:00:40.792-0300] {dagbag.py:540} INFO - Filling up the DagBag from /home/athlon/projects/airflow/.venv/lib/python3.11/site-packages/airflow/example_dags/example_branch_operator.py
[2024-04-28T20:00:40.797-0300] {processor.py:842} WARNING - No viable dags retrieved from /home/athlon/projects/airflow/.venv/lib/python3.11/site-packages/airflow/example_dags/example_branch_operator.py
[2024-04-28T20:00:40.813-0300] {processor.py:183} INFO - Processing /home/athlon/projects/airflow/.venv/lib/python3.11/site-packages/airflow/example_dags/example_branch_operator.py took 0.040 seconds
[2024-04-28T20:01:42.810-0300] {processor.py:161} INFO - Started process (PID=5928) to work on /home/athlon/projects/airflow/.venv/lib/python3.11/site-packages/airflow/example_dags/example_branch_operator.py
[2024-04-28T20:01:42.817-0300] {processor.py:830} INFO - Processing file /home/athlon/projects/airflow/.venv/lib/python3.11/site-packages/airflow/example_dags/example_branch_operator.py for tasks to queue
[2024-04-28T20:01:42.821-0300] {logging_mixin.py:188} INFO - [2024-04-28T20:01:42.820-0300] {dagbag.py:540} INFO - Filling up the DagBag from /home/athlon/projects/airflow/.venv/lib/python3.11/site-packages/airflow/example_dags/example_branch_operator.py
[2024-04-28T20:01:42.826-0300] {processor.py:842} WARNING - No viable dags retrieved from /home/athlon/projects/airflow/.venv/lib/python3.11/site-packages/airflow/example_dags/example_branch_operator.py
[2024-04-28T20:01:42.850-0300] {processor.py:183} INFO - Processing /home/athlon/projects/airflow/.venv/lib/python3.11/site-packages/airflow/example_dags/example_branch_operator.py took 0.052 seconds
[2024-04-28T20:02:53.187-0300] {processor.py:161} INFO - Started process (PID=6007) to work on /home/athlon/projects/airflow/.venv/lib/python3.11/site-packages/airflow/example_dags/example_branch_operator.py
[2024-04-28T20:02:53.192-0300] {processor.py:830} INFO - Processing file /home/athlon/projects/airflow/.venv/lib/python3.11/site-packages/airflow/example_dags/example_branch_operator.py for tasks to queue
[2024-04-28T20:02:53.195-0300] {logging_mixin.py:188} INFO - [2024-04-28T20:02:53.194-0300] {dagbag.py:540} INFO - Filling up the DagBag from /home/athlon/projects/airflow/.venv/lib/python3.11/site-packages/airflow/example_dags/example_branch_operator.py
[2024-04-28T20:02:53.199-0300] {processor.py:842} WARNING - No viable dags retrieved from /home/athlon/projects/airflow/.venv/lib/python3.11/site-packages/airflow/example_dags/example_branch_operator.py
[2024-04-28T20:02:53.215-0300] {processor.py:183} INFO - Processing /home/athlon/projects/airflow/.venv/lib/python3.11/site-packages/airflow/example_dags/example_branch_operator.py took 0.039 seconds
[2024-04-28T20:04:08.594-0300] {processor.py:161} INFO - Started process (PID=6100) to work on /home/athlon/projects/airflow/.venv/lib/python3.11/site-packages/airflow/example_dags/example_branch_operator.py
[2024-04-28T20:04:08.600-0300] {processor.py:830} INFO - Processing file /home/athlon/projects/airflow/.venv/lib/python3.11/site-packages/airflow/example_dags/example_branch_operator.py for tasks to queue
[2024-04-28T20:04:08.602-0300] {logging_mixin.py:188} INFO - [2024-04-28T20:04:08.602-0300] {dagbag.py:540} INFO - Filling up the DagBag from /home/athlon/projects/airflow/.venv/lib/python3.11/site-packages/airflow/example_dags/example_branch_operator.py
[2024-04-28T20:04:08.606-0300] {processor.py:842} WARNING - No viable dags retrieved from /home/athlon/projects/airflow/.venv/lib/python3.11/site-packages/airflow/example_dags/example_branch_operator.py
[2024-04-28T20:04:08.623-0300] {processor.py:183} INFO - Processing /home/athlon/projects/airflow/.venv/lib/python3.11/site-packages/airflow/example_dags/example_branch_operator.py took 0.040 seconds
[2024-04-28T20:05:13.071-0300] {processor.py:161} INFO - Started process (PID=6182) to work on /home/athlon/projects/airflow/.venv/lib/python3.11/site-packages/airflow/example_dags/example_branch_operator.py
[2024-04-28T20:05:13.077-0300] {processor.py:830} INFO - Processing file /home/athlon/projects/airflow/.venv/lib/python3.11/site-packages/airflow/example_dags/example_branch_operator.py for tasks to queue
[2024-04-28T20:05:13.080-0300] {logging_mixin.py:188} INFO - [2024-04-28T20:05:13.079-0300] {dagbag.py:540} INFO - Filling up the DagBag from /home/athlon/projects/airflow/.venv/lib/python3.11/site-packages/airflow/example_dags/example_branch_operator.py
[2024-04-28T20:05:13.087-0300] {processor.py:842} WARNING - No viable dags retrieved from /home/athlon/projects/airflow/.venv/lib/python3.11/site-packages/airflow/example_dags/example_branch_operator.py
[2024-04-28T20:05:13.108-0300] {processor.py:183} INFO - Processing /home/athlon/projects/airflow/.venv/lib/python3.11/site-packages/airflow/example_dags/example_branch_operator.py took 0.050 seconds
[2024-04-28T20:06:18.216-0300] {processor.py:161} INFO - Started process (PID=6260) to work on /home/athlon/projects/airflow/.venv/lib/python3.11/site-packages/airflow/example_dags/example_branch_operator.py
[2024-04-28T20:06:18.222-0300] {processor.py:830} INFO - Processing file /home/athlon/projects/airflow/.venv/lib/python3.11/site-packages/airflow/example_dags/example_branch_operator.py for tasks to queue
[2024-04-28T20:06:18.225-0300] {logging_mixin.py:188} INFO - [2024-04-28T20:06:18.224-0300] {dagbag.py:540} INFO - Filling up the DagBag from /home/athlon/projects/airflow/.venv/lib/python3.11/site-packages/airflow/example_dags/example_branch_operator.py
[2024-04-28T20:06:18.229-0300] {processor.py:842} WARNING - No viable dags retrieved from /home/athlon/projects/airflow/.venv/lib/python3.11/site-packages/airflow/example_dags/example_branch_operator.py
[2024-04-28T20:06:18.245-0300] {processor.py:183} INFO - Processing /home/athlon/projects/airflow/.venv/lib/python3.11/site-packages/airflow/example_dags/example_branch_operator.py took 0.039 seconds
[2024-04-28T20:07:24.447-0300] {processor.py:161} INFO - Started process (PID=6339) to work on /home/athlon/projects/airflow/.venv/lib/python3.11/site-packages/airflow/example_dags/example_branch_operator.py
[2024-04-28T20:07:24.453-0300] {processor.py:830} INFO - Processing file /home/athlon/projects/airflow/.venv/lib/python3.11/site-packages/airflow/example_dags/example_branch_operator.py for tasks to queue
[2024-04-28T20:07:24.456-0300] {logging_mixin.py:188} INFO - [2024-04-28T20:07:24.455-0300] {dagbag.py:540} INFO - Filling up the DagBag from /home/athlon/projects/airflow/.venv/lib/python3.11/site-packages/airflow/example_dags/example_branch_operator.py
[2024-04-28T20:07:24.460-0300] {processor.py:842} WARNING - No viable dags retrieved from /home/athlon/projects/airflow/.venv/lib/python3.11/site-packages/airflow/example_dags/example_branch_operator.py
[2024-04-28T20:07:24.477-0300] {processor.py:183} INFO - Processing /home/athlon/projects/airflow/.venv/lib/python3.11/site-packages/airflow/example_dags/example_branch_operator.py took 0.040 seconds
[2024-04-28T20:08:29.580-0300] {processor.py:161} INFO - Started process (PID=6418) to work on /home/athlon/projects/airflow/.venv/lib/python3.11/site-packages/airflow/example_dags/example_branch_operator.py
[2024-04-28T20:08:29.586-0300] {processor.py:830} INFO - Processing file /home/athlon/projects/airflow/.venv/lib/python3.11/site-packages/airflow/example_dags/example_branch_operator.py for tasks to queue
[2024-04-28T20:08:29.589-0300] {logging_mixin.py:188} INFO - [2024-04-28T20:08:29.588-0300] {dagbag.py:540} INFO - Filling up the DagBag from /home/athlon/projects/airflow/.venv/lib/python3.11/site-packages/airflow/example_dags/example_branch_operator.py
[2024-04-28T20:08:29.593-0300] {processor.py:842} WARNING - No viable dags retrieved from /home/athlon/projects/airflow/.venv/lib/python3.11/site-packages/airflow/example_dags/example_branch_operator.py
[2024-04-28T20:08:29.610-0300] {processor.py:183} INFO - Processing /home/athlon/projects/airflow/.venv/lib/python3.11/site-packages/airflow/example_dags/example_branch_operator.py took 0.040 seconds
[2024-04-28T20:09:31.863-0300] {processor.py:161} INFO - Started process (PID=6536) to work on /home/athlon/projects/airflow/.venv/lib/python3.11/site-packages/airflow/example_dags/example_branch_operator.py
[2024-04-28T20:09:31.868-0300] {processor.py:830} INFO - Processing file /home/athlon/projects/airflow/.venv/lib/python3.11/site-packages/airflow/example_dags/example_branch_operator.py for tasks to queue
[2024-04-28T20:09:31.870-0300] {logging_mixin.py:188} INFO - [2024-04-28T20:09:31.870-0300] {dagbag.py:540} INFO - Filling up the DagBag from /home/athlon/projects/airflow/.venv/lib/python3.11/site-packages/airflow/example_dags/example_branch_operator.py
[2024-04-28T20:09:31.874-0300] {processor.py:842} WARNING - No viable dags retrieved from /home/athlon/projects/airflow/.venv/lib/python3.11/site-packages/airflow/example_dags/example_branch_operator.py
[2024-04-28T20:09:31.888-0300] {processor.py:183} INFO - Processing /home/athlon/projects/airflow/.venv/lib/python3.11/site-packages/airflow/example_dags/example_branch_operator.py took 0.035 seconds
[2024-04-28T20:10:33.516-0300] {processor.py:161} INFO - Started process (PID=6608) to work on /home/athlon/projects/airflow/.venv/lib/python3.11/site-packages/airflow/example_dags/example_branch_operator.py
[2024-04-28T20:10:33.521-0300] {processor.py:830} INFO - Processing file /home/athlon/projects/airflow/.venv/lib/python3.11/site-packages/airflow/example_dags/example_branch_operator.py for tasks to queue
[2024-04-28T20:10:33.524-0300] {logging_mixin.py:188} INFO - [2024-04-28T20:10:33.523-0300] {dagbag.py:540} INFO - Filling up the DagBag from /home/athlon/projects/airflow/.venv/lib/python3.11/site-packages/airflow/example_dags/example_branch_operator.py
[2024-04-28T20:10:33.528-0300] {processor.py:842} WARNING - No viable dags retrieved from /home/athlon/projects/airflow/.venv/lib/python3.11/site-packages/airflow/example_dags/example_branch_operator.py
[2024-04-28T20:10:33.545-0300] {processor.py:183} INFO - Processing /home/athlon/projects/airflow/.venv/lib/python3.11/site-packages/airflow/example_dags/example_branch_operator.py took 0.040 seconds
[2024-04-28T20:11:36.078-0300] {processor.py:161} INFO - Started process (PID=6683) to work on /home/athlon/projects/airflow/.venv/lib/python3.11/site-packages/airflow/example_dags/example_branch_operator.py
[2024-04-28T20:11:36.084-0300] {processor.py:830} INFO - Processing file /home/athlon/projects/airflow/.venv/lib/python3.11/site-packages/airflow/example_dags/example_branch_operator.py for tasks to queue
[2024-04-28T20:11:36.086-0300] {logging_mixin.py:188} INFO - [2024-04-28T20:11:36.086-0300] {dagbag.py:540} INFO - Filling up the DagBag from /home/athlon/projects/airflow/.venv/lib/python3.11/site-packages/airflow/example_dags/example_branch_operator.py
[2024-04-28T20:11:36.091-0300] {processor.py:842} WARNING - No viable dags retrieved from /home/athlon/projects/airflow/.venv/lib/python3.11/site-packages/airflow/example_dags/example_branch_operator.py
[2024-04-28T20:11:36.107-0300] {processor.py:183} INFO - Processing /home/athlon/projects/airflow/.venv/lib/python3.11/site-packages/airflow/example_dags/example_branch_operator.py took 0.039 seconds
[2024-04-28T20:12:38.342-0300] {processor.py:161} INFO - Started process (PID=6756) to work on /home/athlon/projects/airflow/.venv/lib/python3.11/site-packages/airflow/example_dags/example_branch_operator.py
[2024-04-28T20:12:38.349-0300] {processor.py:830} INFO - Processing file /home/athlon/projects/airflow/.venv/lib/python3.11/site-packages/airflow/example_dags/example_branch_operator.py for tasks to queue
[2024-04-28T20:12:38.352-0300] {logging_mixin.py:188} INFO - [2024-04-28T20:12:38.351-0300] {dagbag.py:540} INFO - Filling up the DagBag from /home/athlon/projects/airflow/.venv/lib/python3.11/site-packages/airflow/example_dags/example_branch_operator.py
[2024-04-28T20:12:38.358-0300] {processor.py:842} WARNING - No viable dags retrieved from /home/athlon/projects/airflow/.venv/lib/python3.11/site-packages/airflow/example_dags/example_branch_operator.py
[2024-04-28T20:12:38.376-0300] {processor.py:183} INFO - Processing /home/athlon/projects/airflow/.venv/lib/python3.11/site-packages/airflow/example_dags/example_branch_operator.py took 0.046 seconds
[2024-04-28T20:13:40.022-0300] {processor.py:161} INFO - Started process (PID=6831) to work on /home/athlon/projects/airflow/.venv/lib/python3.11/site-packages/airflow/example_dags/example_branch_operator.py
[2024-04-28T20:13:40.028-0300] {processor.py:830} INFO - Processing file /home/athlon/projects/airflow/.venv/lib/python3.11/site-packages/airflow/example_dags/example_branch_operator.py for tasks to queue
[2024-04-28T20:13:40.031-0300] {logging_mixin.py:188} INFO - [2024-04-28T20:13:40.030-0300] {dagbag.py:540} INFO - Filling up the DagBag from /home/athlon/projects/airflow/.venv/lib/python3.11/site-packages/airflow/example_dags/example_branch_operator.py
[2024-04-28T20:13:40.036-0300] {processor.py:842} WARNING - No viable dags retrieved from /home/athlon/projects/airflow/.venv/lib/python3.11/site-packages/airflow/example_dags/example_branch_operator.py
[2024-04-28T20:13:40.052-0300] {processor.py:183} INFO - Processing /home/athlon/projects/airflow/.venv/lib/python3.11/site-packages/airflow/example_dags/example_branch_operator.py took 0.041 seconds
[2024-04-28T20:14:42.755-0300] {processor.py:161} INFO - Started process (PID=6905) to work on /home/athlon/projects/airflow/.venv/lib/python3.11/site-packages/airflow/example_dags/example_branch_operator.py
[2024-04-28T20:14:42.761-0300] {processor.py:830} INFO - Processing file /home/athlon/projects/airflow/.venv/lib/python3.11/site-packages/airflow/example_dags/example_branch_operator.py for tasks to queue
[2024-04-28T20:14:42.764-0300] {logging_mixin.py:188} INFO - [2024-04-28T20:14:42.763-0300] {dagbag.py:540} INFO - Filling up the DagBag from /home/athlon/projects/airflow/.venv/lib/python3.11/site-packages/airflow/example_dags/example_branch_operator.py
[2024-04-28T20:14:42.768-0300] {processor.py:842} WARNING - No viable dags retrieved from /home/athlon/projects/airflow/.venv/lib/python3.11/site-packages/airflow/example_dags/example_branch_operator.py
[2024-04-28T20:14:42.785-0300] {processor.py:183} INFO - Processing /home/athlon/projects/airflow/.venv/lib/python3.11/site-packages/airflow/example_dags/example_branch_operator.py took 0.040 seconds
[2024-04-28T20:15:51.596-0300] {processor.py:161} INFO - Started process (PID=6995) to work on /home/athlon/projects/airflow/.venv/lib/python3.11/site-packages/airflow/example_dags/example_branch_operator.py
[2024-04-28T20:15:51.602-0300] {processor.py:830} INFO - Processing file /home/athlon/projects/airflow/.venv/lib/python3.11/site-packages/airflow/example_dags/example_branch_operator.py for tasks to queue
[2024-04-28T20:15:51.604-0300] {logging_mixin.py:188} INFO - [2024-04-28T20:15:51.604-0300] {dagbag.py:540} INFO - Filling up the DagBag from /home/athlon/projects/airflow/.venv/lib/python3.11/site-packages/airflow/example_dags/example_branch_operator.py
[2024-04-28T20:15:51.609-0300] {processor.py:842} WARNING - No viable dags retrieved from /home/athlon/projects/airflow/.venv/lib/python3.11/site-packages/airflow/example_dags/example_branch_operator.py
[2024-04-28T20:15:51.625-0300] {processor.py:183} INFO - Processing /home/athlon/projects/airflow/.venv/lib/python3.11/site-packages/airflow/example_dags/example_branch_operator.py took 0.039 seconds
[2024-04-28T20:16:50.989-0300] {processor.py:161} INFO - Started process (PID=7067) to work on /home/athlon/projects/airflow/.venv/lib/python3.11/site-packages/airflow/example_dags/example_branch_operator.py
[2024-04-28T20:16:50.995-0300] {processor.py:830} INFO - Processing file /home/athlon/projects/airflow/.venv/lib/python3.11/site-packages/airflow/example_dags/example_branch_operator.py for tasks to queue
[2024-04-28T20:16:50.998-0300] {logging_mixin.py:188} INFO - [2024-04-28T20:16:50.997-0300] {dagbag.py:540} INFO - Filling up the DagBag from /home/athlon/projects/airflow/.venv/lib/python3.11/site-packages/airflow/example_dags/example_branch_operator.py
[2024-04-28T20:16:51.002-0300] {processor.py:842} WARNING - No viable dags retrieved from /home/athlon/projects/airflow/.venv/lib/python3.11/site-packages/airflow/example_dags/example_branch_operator.py
[2024-04-28T20:16:51.019-0300] {processor.py:183} INFO - Processing /home/athlon/projects/airflow/.venv/lib/python3.11/site-packages/airflow/example_dags/example_branch_operator.py took 0.040 seconds
[2024-04-28T20:17:54.747-0300] {processor.py:161} INFO - Started process (PID=7148) to work on /home/athlon/projects/airflow/.venv/lib/python3.11/site-packages/airflow/example_dags/example_branch_operator.py
[2024-04-28T20:17:54.753-0300] {processor.py:830} INFO - Processing file /home/athlon/projects/airflow/.venv/lib/python3.11/site-packages/airflow/example_dags/example_branch_operator.py for tasks to queue
[2024-04-28T20:17:54.756-0300] {logging_mixin.py:188} INFO - [2024-04-28T20:17:54.755-0300] {dagbag.py:540} INFO - Filling up the DagBag from /home/athlon/projects/airflow/.venv/lib/python3.11/site-packages/airflow/example_dags/example_branch_operator.py
[2024-04-28T20:17:54.760-0300] {processor.py:842} WARNING - No viable dags retrieved from /home/athlon/projects/airflow/.venv/lib/python3.11/site-packages/airflow/example_dags/example_branch_operator.py
[2024-04-28T20:17:54.777-0300] {processor.py:183} INFO - Processing /home/athlon/projects/airflow/.venv/lib/python3.11/site-packages/airflow/example_dags/example_branch_operator.py took 0.040 seconds
[2024-04-28T20:19:01.448-0300] {processor.py:161} INFO - Started process (PID=7244) to work on /home/athlon/projects/airflow/.venv/lib/python3.11/site-packages/airflow/example_dags/example_branch_operator.py
[2024-04-28T20:19:01.454-0300] {processor.py:830} INFO - Processing file /home/athlon/projects/airflow/.venv/lib/python3.11/site-packages/airflow/example_dags/example_branch_operator.py for tasks to queue
[2024-04-28T20:19:01.457-0300] {logging_mixin.py:188} INFO - [2024-04-28T20:19:01.456-0300] {dagbag.py:540} INFO - Filling up the DagBag from /home/athlon/projects/airflow/.venv/lib/python3.11/site-packages/airflow/example_dags/example_branch_operator.py
[2024-04-28T20:19:01.461-0300] {processor.py:842} WARNING - No viable dags retrieved from /home/athlon/projects/airflow/.venv/lib/python3.11/site-packages/airflow/example_dags/example_branch_operator.py
[2024-04-28T20:19:01.477-0300] {processor.py:183} INFO - Processing /home/athlon/projects/airflow/.venv/lib/python3.11/site-packages/airflow/example_dags/example_branch_operator.py took 0.040 seconds
[2024-04-28T20:20:03.532-0300] {processor.py:161} INFO - Started process (PID=7320) to work on /home/athlon/projects/airflow/.venv/lib/python3.11/site-packages/airflow/example_dags/example_branch_operator.py
[2024-04-28T20:20:03.538-0300] {processor.py:830} INFO - Processing file /home/athlon/projects/airflow/.venv/lib/python3.11/site-packages/airflow/example_dags/example_branch_operator.py for tasks to queue
[2024-04-28T20:20:03.541-0300] {logging_mixin.py:188} INFO - [2024-04-28T20:20:03.540-0300] {dagbag.py:540} INFO - Filling up the DagBag from /home/athlon/projects/airflow/.venv/lib/python3.11/site-packages/airflow/example_dags/example_branch_operator.py
[2024-04-28T20:20:03.545-0300] {processor.py:842} WARNING - No viable dags retrieved from /home/athlon/projects/airflow/.venv/lib/python3.11/site-packages/airflow/example_dags/example_branch_operator.py
[2024-04-28T20:20:03.561-0300] {processor.py:183} INFO - Processing /home/athlon/projects/airflow/.venv/lib/python3.11/site-packages/airflow/example_dags/example_branch_operator.py took 0.039 seconds
[2024-04-28T20:21:05.232-0300] {processor.py:161} INFO - Started process (PID=7392) to work on /home/athlon/projects/airflow/.venv/lib/python3.11/site-packages/airflow/example_dags/example_branch_operator.py
[2024-04-28T20:21:05.237-0300] {processor.py:830} INFO - Processing file /home/athlon/projects/airflow/.venv/lib/python3.11/site-packages/airflow/example_dags/example_branch_operator.py for tasks to queue
[2024-04-28T20:21:05.240-0300] {logging_mixin.py:188} INFO - [2024-04-28T20:21:05.239-0300] {dagbag.py:540} INFO - Filling up the DagBag from /home/athlon/projects/airflow/.venv/lib/python3.11/site-packages/airflow/example_dags/example_branch_operator.py
[2024-04-28T20:21:05.244-0300] {processor.py:842} WARNING - No viable dags retrieved from /home/athlon/projects/airflow/.venv/lib/python3.11/site-packages/airflow/example_dags/example_branch_operator.py
[2024-04-28T20:21:05.259-0300] {processor.py:183} INFO - Processing /home/athlon/projects/airflow/.venv/lib/python3.11/site-packages/airflow/example_dags/example_branch_operator.py took 0.037 seconds
[2024-04-28T20:22:12.057-0300] {processor.py:161} INFO - Started process (PID=7470) to work on /home/athlon/projects/airflow/.venv/lib/python3.11/site-packages/airflow/example_dags/example_branch_operator.py
[2024-04-28T20:22:12.063-0300] {processor.py:830} INFO - Processing file /home/athlon/projects/airflow/.venv/lib/python3.11/site-packages/airflow/example_dags/example_branch_operator.py for tasks to queue
[2024-04-28T20:22:12.065-0300] {logging_mixin.py:188} INFO - [2024-04-28T20:22:12.065-0300] {dagbag.py:540} INFO - Filling up the DagBag from /home/athlon/projects/airflow/.venv/lib/python3.11/site-packages/airflow/example_dags/example_branch_operator.py
[2024-04-28T20:22:12.070-0300] {processor.py:842} WARNING - No viable dags retrieved from /home/athlon/projects/airflow/.venv/lib/python3.11/site-packages/airflow/example_dags/example_branch_operator.py
[2024-04-28T20:22:12.087-0300] {processor.py:183} INFO - Processing /home/athlon/projects/airflow/.venv/lib/python3.11/site-packages/airflow/example_dags/example_branch_operator.py took 0.041 seconds
[2024-04-28T20:23:23.227-0300] {processor.py:161} INFO - Started process (PID=7555) to work on /home/athlon/projects/airflow/.venv/lib/python3.11/site-packages/airflow/example_dags/example_branch_operator.py
[2024-04-28T20:23:23.233-0300] {processor.py:830} INFO - Processing file /home/athlon/projects/airflow/.venv/lib/python3.11/site-packages/airflow/example_dags/example_branch_operator.py for tasks to queue
[2024-04-28T20:23:23.235-0300] {logging_mixin.py:188} INFO - [2024-04-28T20:23:23.235-0300] {dagbag.py:540} INFO - Filling up the DagBag from /home/athlon/projects/airflow/.venv/lib/python3.11/site-packages/airflow/example_dags/example_branch_operator.py
[2024-04-28T20:23:23.240-0300] {processor.py:842} WARNING - No viable dags retrieved from /home/athlon/projects/airflow/.venv/lib/python3.11/site-packages/airflow/example_dags/example_branch_operator.py
[2024-04-28T20:23:23.256-0300] {processor.py:183} INFO - Processing /home/athlon/projects/airflow/.venv/lib/python3.11/site-packages/airflow/example_dags/example_branch_operator.py took 0.040 seconds
[2024-04-28T20:24:26.152-0300] {processor.py:161} INFO - Started process (PID=7630) to work on /home/athlon/projects/airflow/.venv/lib/python3.11/site-packages/airflow/example_dags/example_branch_operator.py
[2024-04-28T20:24:26.158-0300] {processor.py:830} INFO - Processing file /home/athlon/projects/airflow/.venv/lib/python3.11/site-packages/airflow/example_dags/example_branch_operator.py for tasks to queue
[2024-04-28T20:24:26.161-0300] {logging_mixin.py:188} INFO - [2024-04-28T20:24:26.160-0300] {dagbag.py:540} INFO - Filling up the DagBag from /home/athlon/projects/airflow/.venv/lib/python3.11/site-packages/airflow/example_dags/example_branch_operator.py
[2024-04-28T20:24:26.165-0300] {processor.py:842} WARNING - No viable dags retrieved from /home/athlon/projects/airflow/.venv/lib/python3.11/site-packages/airflow/example_dags/example_branch_operator.py
[2024-04-28T20:24:26.181-0300] {processor.py:183} INFO - Processing /home/athlon/projects/airflow/.venv/lib/python3.11/site-packages/airflow/example_dags/example_branch_operator.py took 0.040 seconds
[2024-04-28T20:25:30.565-0300] {processor.py:161} INFO - Started process (PID=7710) to work on /home/athlon/projects/airflow/.venv/lib/python3.11/site-packages/airflow/example_dags/example_branch_operator.py
[2024-04-28T20:25:30.571-0300] {processor.py:830} INFO - Processing file /home/athlon/projects/airflow/.venv/lib/python3.11/site-packages/airflow/example_dags/example_branch_operator.py for tasks to queue
[2024-04-28T20:25:30.574-0300] {logging_mixin.py:188} INFO - [2024-04-28T20:25:30.574-0300] {dagbag.py:540} INFO - Filling up the DagBag from /home/athlon/projects/airflow/.venv/lib/python3.11/site-packages/airflow/example_dags/example_branch_operator.py
[2024-04-28T20:25:30.579-0300] {processor.py:842} WARNING - No viable dags retrieved from /home/athlon/projects/airflow/.venv/lib/python3.11/site-packages/airflow/example_dags/example_branch_operator.py
[2024-04-28T20:25:30.597-0300] {processor.py:183} INFO - Processing /home/athlon/projects/airflow/.venv/lib/python3.11/site-packages/airflow/example_dags/example_branch_operator.py took 0.039 seconds
[2024-04-28T20:26:33.323-0300] {processor.py:161} INFO - Started process (PID=7788) to work on /home/athlon/projects/airflow/.venv/lib/python3.11/site-packages/airflow/example_dags/example_branch_operator.py
[2024-04-28T20:26:33.329-0300] {processor.py:830} INFO - Processing file /home/athlon/projects/airflow/.venv/lib/python3.11/site-packages/airflow/example_dags/example_branch_operator.py for tasks to queue
[2024-04-28T20:26:33.332-0300] {logging_mixin.py:188} INFO - [2024-04-28T20:26:33.331-0300] {dagbag.py:540} INFO - Filling up the DagBag from /home/athlon/projects/airflow/.venv/lib/python3.11/site-packages/airflow/example_dags/example_branch_operator.py
[2024-04-28T20:26:33.337-0300] {processor.py:842} WARNING - No viable dags retrieved from /home/athlon/projects/airflow/.venv/lib/python3.11/site-packages/airflow/example_dags/example_branch_operator.py
[2024-04-28T20:26:33.357-0300] {processor.py:183} INFO - Processing /home/athlon/projects/airflow/.venv/lib/python3.11/site-packages/airflow/example_dags/example_branch_operator.py took 0.044 seconds
[2024-04-28T20:27:36.164-0300] {processor.py:161} INFO - Started process (PID=7861) to work on /home/athlon/projects/airflow/.venv/lib/python3.11/site-packages/airflow/example_dags/example_branch_operator.py
[2024-04-28T20:27:36.170-0300] {processor.py:830} INFO - Processing file /home/athlon/projects/airflow/.venv/lib/python3.11/site-packages/airflow/example_dags/example_branch_operator.py for tasks to queue
[2024-04-28T20:27:36.172-0300] {logging_mixin.py:188} INFO - [2024-04-28T20:27:36.172-0300] {dagbag.py:540} INFO - Filling up the DagBag from /home/athlon/projects/airflow/.venv/lib/python3.11/site-packages/airflow/example_dags/example_branch_operator.py
[2024-04-28T20:27:36.177-0300] {processor.py:842} WARNING - No viable dags retrieved from /home/athlon/projects/airflow/.venv/lib/python3.11/site-packages/airflow/example_dags/example_branch_operator.py
[2024-04-28T20:27:36.193-0300] {processor.py:183} INFO - Processing /home/athlon/projects/airflow/.venv/lib/python3.11/site-packages/airflow/example_dags/example_branch_operator.py took 0.040 seconds
[2024-04-28T20:28:44.716-0300] {processor.py:161} INFO - Started process (PID=7947) to work on /home/athlon/projects/airflow/.venv/lib/python3.11/site-packages/airflow/example_dags/example_branch_operator.py
[2024-04-28T20:28:44.718-0300] {processor.py:830} INFO - Processing file /home/athlon/projects/airflow/.venv/lib/python3.11/site-packages/airflow/example_dags/example_branch_operator.py for tasks to queue
[2024-04-28T20:28:44.721-0300] {logging_mixin.py:188} INFO - [2024-04-28T20:28:44.720-0300] {dagbag.py:540} INFO - Filling up the DagBag from /home/athlon/projects/airflow/.venv/lib/python3.11/site-packages/airflow/example_dags/example_branch_operator.py
[2024-04-28T20:28:44.726-0300] {processor.py:842} WARNING - No viable dags retrieved from /home/athlon/projects/airflow/.venv/lib/python3.11/site-packages/airflow/example_dags/example_branch_operator.py
[2024-04-28T20:28:44.745-0300] {processor.py:183} INFO - Processing /home/athlon/projects/airflow/.venv/lib/python3.11/site-packages/airflow/example_dags/example_branch_operator.py took 0.041 seconds
[2024-04-28T20:29:46.855-0300] {processor.py:161} INFO - Started process (PID=8019) to work on /home/athlon/projects/airflow/.venv/lib/python3.11/site-packages/airflow/example_dags/example_branch_operator.py
[2024-04-28T20:29:46.861-0300] {processor.py:830} INFO - Processing file /home/athlon/projects/airflow/.venv/lib/python3.11/site-packages/airflow/example_dags/example_branch_operator.py for tasks to queue
[2024-04-28T20:29:46.864-0300] {logging_mixin.py:188} INFO - [2024-04-28T20:29:46.863-0300] {dagbag.py:540} INFO - Filling up the DagBag from /home/athlon/projects/airflow/.venv/lib/python3.11/site-packages/airflow/example_dags/example_branch_operator.py
[2024-04-28T20:29:46.868-0300] {processor.py:842} WARNING - No viable dags retrieved from /home/athlon/projects/airflow/.venv/lib/python3.11/site-packages/airflow/example_dags/example_branch_operator.py
[2024-04-28T20:29:46.885-0300] {processor.py:183} INFO - Processing /home/athlon/projects/airflow/.venv/lib/python3.11/site-packages/airflow/example_dags/example_branch_operator.py took 0.040 seconds
[2024-04-28T20:30:49.437-0300] {processor.py:161} INFO - Started process (PID=8109) to work on /home/athlon/projects/airflow/.venv/lib/python3.11/site-packages/airflow/example_dags/example_branch_operator.py
[2024-04-28T20:30:49.443-0300] {processor.py:830} INFO - Processing file /home/athlon/projects/airflow/.venv/lib/python3.11/site-packages/airflow/example_dags/example_branch_operator.py for tasks to queue
[2024-04-28T20:30:49.446-0300] {logging_mixin.py:188} INFO - [2024-04-28T20:30:49.445-0300] {dagbag.py:540} INFO - Filling up the DagBag from /home/athlon/projects/airflow/.venv/lib/python3.11/site-packages/airflow/example_dags/example_branch_operator.py
[2024-04-28T20:30:49.450-0300] {processor.py:842} WARNING - No viable dags retrieved from /home/athlon/projects/airflow/.venv/lib/python3.11/site-packages/airflow/example_dags/example_branch_operator.py
[2024-04-28T20:30:49.466-0300] {processor.py:183} INFO - Processing /home/athlon/projects/airflow/.venv/lib/python3.11/site-packages/airflow/example_dags/example_branch_operator.py took 0.040 seconds
[2024-04-28T20:31:53.072-0300] {processor.py:161} INFO - Started process (PID=8184) to work on /home/athlon/projects/airflow/.venv/lib/python3.11/site-packages/airflow/example_dags/example_branch_operator.py
[2024-04-28T20:31:53.077-0300] {processor.py:830} INFO - Processing file /home/athlon/projects/airflow/.venv/lib/python3.11/site-packages/airflow/example_dags/example_branch_operator.py for tasks to queue
[2024-04-28T20:31:53.080-0300] {logging_mixin.py:188} INFO - [2024-04-28T20:31:53.079-0300] {dagbag.py:540} INFO - Filling up the DagBag from /home/athlon/projects/airflow/.venv/lib/python3.11/site-packages/airflow/example_dags/example_branch_operator.py
[2024-04-28T20:31:53.084-0300] {processor.py:842} WARNING - No viable dags retrieved from /home/athlon/projects/airflow/.venv/lib/python3.11/site-packages/airflow/example_dags/example_branch_operator.py
[2024-04-28T20:31:53.101-0300] {processor.py:183} INFO - Processing /home/athlon/projects/airflow/.venv/lib/python3.11/site-packages/airflow/example_dags/example_branch_operator.py took 0.040 seconds
[2024-04-28T20:32:57.320-0300] {processor.py:161} INFO - Started process (PID=8264) to work on /home/athlon/projects/airflow/.venv/lib/python3.11/site-packages/airflow/example_dags/example_branch_operator.py
[2024-04-28T20:32:57.326-0300] {processor.py:830} INFO - Processing file /home/athlon/projects/airflow/.venv/lib/python3.11/site-packages/airflow/example_dags/example_branch_operator.py for tasks to queue
[2024-04-28T20:32:57.329-0300] {logging_mixin.py:188} INFO - [2024-04-28T20:32:57.328-0300] {dagbag.py:540} INFO - Filling up the DagBag from /home/athlon/projects/airflow/.venv/lib/python3.11/site-packages/airflow/example_dags/example_branch_operator.py
[2024-04-28T20:32:57.333-0300] {processor.py:842} WARNING - No viable dags retrieved from /home/athlon/projects/airflow/.venv/lib/python3.11/site-packages/airflow/example_dags/example_branch_operator.py
[2024-04-28T20:32:57.355-0300] {processor.py:183} INFO - Processing /home/athlon/projects/airflow/.venv/lib/python3.11/site-packages/airflow/example_dags/example_branch_operator.py took 0.046 seconds
[2024-04-28T20:34:01.316-0300] {processor.py:161} INFO - Started process (PID=8344) to work on /home/athlon/projects/airflow/.venv/lib/python3.11/site-packages/airflow/example_dags/example_branch_operator.py
[2024-04-28T20:34:01.322-0300] {processor.py:830} INFO - Processing file /home/athlon/projects/airflow/.venv/lib/python3.11/site-packages/airflow/example_dags/example_branch_operator.py for tasks to queue
[2024-04-28T20:34:01.324-0300] {logging_mixin.py:188} INFO - [2024-04-28T20:34:01.324-0300] {dagbag.py:540} INFO - Filling up the DagBag from /home/athlon/projects/airflow/.venv/lib/python3.11/site-packages/airflow/example_dags/example_branch_operator.py
[2024-04-28T20:34:01.329-0300] {processor.py:842} WARNING - No viable dags retrieved from /home/athlon/projects/airflow/.venv/lib/python3.11/site-packages/airflow/example_dags/example_branch_operator.py
[2024-04-28T20:34:01.348-0300] {processor.py:183} INFO - Processing /home/athlon/projects/airflow/.venv/lib/python3.11/site-packages/airflow/example_dags/example_branch_operator.py took 0.043 seconds
[2024-04-28T20:35:02.370-0300] {processor.py:161} INFO - Started process (PID=8415) to work on /home/athlon/projects/airflow/.venv/lib/python3.11/site-packages/airflow/example_dags/example_branch_operator.py
[2024-04-28T20:35:02.376-0300] {processor.py:830} INFO - Processing file /home/athlon/projects/airflow/.venv/lib/python3.11/site-packages/airflow/example_dags/example_branch_operator.py for tasks to queue
[2024-04-28T20:35:02.378-0300] {logging_mixin.py:188} INFO - [2024-04-28T20:35:02.377-0300] {dagbag.py:540} INFO - Filling up the DagBag from /home/athlon/projects/airflow/.venv/lib/python3.11/site-packages/airflow/example_dags/example_branch_operator.py
[2024-04-28T20:35:02.381-0300] {processor.py:842} WARNING - No viable dags retrieved from /home/athlon/projects/airflow/.venv/lib/python3.11/site-packages/airflow/example_dags/example_branch_operator.py
[2024-04-28T20:35:02.395-0300] {processor.py:183} INFO - Processing /home/athlon/projects/airflow/.venv/lib/python3.11/site-packages/airflow/example_dags/example_branch_operator.py took 0.037 seconds
[2024-04-28T20:36:07.381-0300] {processor.py:161} INFO - Started process (PID=8493) to work on /home/athlon/projects/airflow/.venv/lib/python3.11/site-packages/airflow/example_dags/example_branch_operator.py
[2024-04-28T20:36:07.387-0300] {processor.py:830} INFO - Processing file /home/athlon/projects/airflow/.venv/lib/python3.11/site-packages/airflow/example_dags/example_branch_operator.py for tasks to queue
[2024-04-28T20:36:07.390-0300] {logging_mixin.py:188} INFO - [2024-04-28T20:36:07.389-0300] {dagbag.py:540} INFO - Filling up the DagBag from /home/athlon/projects/airflow/.venv/lib/python3.11/site-packages/airflow/example_dags/example_branch_operator.py
[2024-04-28T20:36:07.394-0300] {processor.py:842} WARNING - No viable dags retrieved from /home/athlon/projects/airflow/.venv/lib/python3.11/site-packages/airflow/example_dags/example_branch_operator.py
[2024-04-28T20:36:07.411-0300] {processor.py:183} INFO - Processing /home/athlon/projects/airflow/.venv/lib/python3.11/site-packages/airflow/example_dags/example_branch_operator.py took 0.040 seconds
[2024-04-28T20:37:09.486-0300] {processor.py:161} INFO - Started process (PID=8565) to work on /home/athlon/projects/airflow/.venv/lib/python3.11/site-packages/airflow/example_dags/example_branch_operator.py
[2024-04-28T20:37:09.492-0300] {processor.py:830} INFO - Processing file /home/athlon/projects/airflow/.venv/lib/python3.11/site-packages/airflow/example_dags/example_branch_operator.py for tasks to queue
[2024-04-28T20:37:09.494-0300] {logging_mixin.py:188} INFO - [2024-04-28T20:37:09.494-0300] {dagbag.py:540} INFO - Filling up the DagBag from /home/athlon/projects/airflow/.venv/lib/python3.11/site-packages/airflow/example_dags/example_branch_operator.py
[2024-04-28T20:37:09.499-0300] {processor.py:842} WARNING - No viable dags retrieved from /home/athlon/projects/airflow/.venv/lib/python3.11/site-packages/airflow/example_dags/example_branch_operator.py
[2024-04-28T20:37:09.515-0300] {processor.py:183} INFO - Processing /home/athlon/projects/airflow/.venv/lib/python3.11/site-packages/airflow/example_dags/example_branch_operator.py took 0.040 seconds
[2024-04-28T20:38:14.492-0300] {processor.py:161} INFO - Started process (PID=8643) to work on /home/athlon/projects/airflow/.venv/lib/python3.11/site-packages/airflow/example_dags/example_branch_operator.py
[2024-04-28T20:38:14.494-0300] {processor.py:830} INFO - Processing file /home/athlon/projects/airflow/.venv/lib/python3.11/site-packages/airflow/example_dags/example_branch_operator.py for tasks to queue
[2024-04-28T20:38:14.497-0300] {logging_mixin.py:188} INFO - [2024-04-28T20:38:14.496-0300] {dagbag.py:540} INFO - Filling up the DagBag from /home/athlon/projects/airflow/.venv/lib/python3.11/site-packages/airflow/example_dags/example_branch_operator.py
[2024-04-28T20:38:14.503-0300] {processor.py:842} WARNING - No viable dags retrieved from /home/athlon/projects/airflow/.venv/lib/python3.11/site-packages/airflow/example_dags/example_branch_operator.py
[2024-04-28T20:38:14.523-0300] {processor.py:183} INFO - Processing /home/athlon/projects/airflow/.venv/lib/python3.11/site-packages/airflow/example_dags/example_branch_operator.py took 0.043 seconds
[2024-04-28T20:39:17.183-0300] {processor.py:161} INFO - Started process (PID=8754) to work on /home/athlon/projects/airflow/.venv/lib/python3.11/site-packages/airflow/example_dags/example_branch_operator.py
[2024-04-28T20:39:17.189-0300] {processor.py:830} INFO - Processing file /home/athlon/projects/airflow/.venv/lib/python3.11/site-packages/airflow/example_dags/example_branch_operator.py for tasks to queue
[2024-04-28T20:39:17.191-0300] {logging_mixin.py:188} INFO - [2024-04-28T20:39:17.191-0300] {dagbag.py:540} INFO - Filling up the DagBag from /home/athlon/projects/airflow/.venv/lib/python3.11/site-packages/airflow/example_dags/example_branch_operator.py
[2024-04-28T20:39:17.195-0300] {processor.py:842} WARNING - No viable dags retrieved from /home/athlon/projects/airflow/.venv/lib/python3.11/site-packages/airflow/example_dags/example_branch_operator.py
[2024-04-28T20:39:17.208-0300] {processor.py:183} INFO - Processing /home/athlon/projects/airflow/.venv/lib/python3.11/site-packages/airflow/example_dags/example_branch_operator.py took 0.033 seconds
[2024-04-28T20:40:17.039-0300] {processor.py:161} INFO - Started process (PID=8825) to work on /home/athlon/projects/airflow/.venv/lib/python3.11/site-packages/airflow/example_dags/example_branch_operator.py
[2024-04-28T20:40:17.044-0300] {processor.py:830} INFO - Processing file /home/athlon/projects/airflow/.venv/lib/python3.11/site-packages/airflow/example_dags/example_branch_operator.py for tasks to queue
[2024-04-28T20:40:17.047-0300] {logging_mixin.py:188} INFO - [2024-04-28T20:40:17.046-0300] {dagbag.py:540} INFO - Filling up the DagBag from /home/athlon/projects/airflow/.venv/lib/python3.11/site-packages/airflow/example_dags/example_branch_operator.py
[2024-04-28T20:40:17.051-0300] {processor.py:842} WARNING - No viable dags retrieved from /home/athlon/projects/airflow/.venv/lib/python3.11/site-packages/airflow/example_dags/example_branch_operator.py
[2024-04-28T20:40:17.068-0300] {processor.py:183} INFO - Processing /home/athlon/projects/airflow/.venv/lib/python3.11/site-packages/airflow/example_dags/example_branch_operator.py took 0.040 seconds
[2024-04-28T20:41:19.295-0300] {processor.py:161} INFO - Started process (PID=8902) to work on /home/athlon/projects/airflow/.venv/lib/python3.11/site-packages/airflow/example_dags/example_branch_operator.py
[2024-04-28T20:41:19.297-0300] {processor.py:830} INFO - Processing file /home/athlon/projects/airflow/.venv/lib/python3.11/site-packages/airflow/example_dags/example_branch_operator.py for tasks to queue
[2024-04-28T20:41:19.302-0300] {logging_mixin.py:188} INFO - [2024-04-28T20:41:19.300-0300] {dagbag.py:540} INFO - Filling up the DagBag from /home/athlon/projects/airflow/.venv/lib/python3.11/site-packages/airflow/example_dags/example_branch_operator.py
[2024-04-28T20:41:19.307-0300] {processor.py:842} WARNING - No viable dags retrieved from /home/athlon/projects/airflow/.venv/lib/python3.11/site-packages/airflow/example_dags/example_branch_operator.py
[2024-04-28T20:41:19.330-0300] {processor.py:183} INFO - Processing /home/athlon/projects/airflow/.venv/lib/python3.11/site-packages/airflow/example_dags/example_branch_operator.py took 0.052 seconds
[2024-04-28T20:42:21.857-0300] {processor.py:161} INFO - Started process (PID=9015) to work on /home/athlon/projects/airflow/.venv/lib/python3.11/site-packages/airflow/example_dags/example_branch_operator.py
[2024-04-28T20:42:21.863-0300] {processor.py:830} INFO - Processing file /home/athlon/projects/airflow/.venv/lib/python3.11/site-packages/airflow/example_dags/example_branch_operator.py for tasks to queue
[2024-04-28T20:42:21.866-0300] {logging_mixin.py:188} INFO - [2024-04-28T20:42:21.865-0300] {dagbag.py:540} INFO - Filling up the DagBag from /home/athlon/projects/airflow/.venv/lib/python3.11/site-packages/airflow/example_dags/example_branch_operator.py
[2024-04-28T20:42:21.870-0300] {processor.py:842} WARNING - No viable dags retrieved from /home/athlon/projects/airflow/.venv/lib/python3.11/site-packages/airflow/example_dags/example_branch_operator.py
[2024-04-28T20:42:21.884-0300] {processor.py:183} INFO - Processing /home/athlon/projects/airflow/.venv/lib/python3.11/site-packages/airflow/example_dags/example_branch_operator.py took 0.036 seconds
[2024-04-28T20:43:26.721-0300] {processor.py:161} INFO - Started process (PID=9129) to work on /home/athlon/projects/airflow/.venv/lib/python3.11/site-packages/airflow/example_dags/example_branch_operator.py
[2024-04-28T20:43:26.726-0300] {processor.py:830} INFO - Processing file /home/athlon/projects/airflow/.venv/lib/python3.11/site-packages/airflow/example_dags/example_branch_operator.py for tasks to queue
[2024-04-28T20:43:26.729-0300] {logging_mixin.py:188} INFO - [2024-04-28T20:43:26.729-0300] {dagbag.py:540} INFO - Filling up the DagBag from /home/athlon/projects/airflow/.venv/lib/python3.11/site-packages/airflow/example_dags/example_branch_operator.py
[2024-04-28T20:43:26.734-0300] {processor.py:842} WARNING - No viable dags retrieved from /home/athlon/projects/airflow/.venv/lib/python3.11/site-packages/airflow/example_dags/example_branch_operator.py
[2024-04-28T20:43:26.750-0300] {processor.py:183} INFO - Processing /home/athlon/projects/airflow/.venv/lib/python3.11/site-packages/airflow/example_dags/example_branch_operator.py took 0.040 seconds
[2024-04-28T20:44:33.051-0300] {processor.py:161} INFO - Started process (PID=9261) to work on /home/athlon/projects/airflow/.venv/lib/python3.11/site-packages/airflow/example_dags/example_branch_operator.py
[2024-04-28T20:44:33.057-0300] {processor.py:830} INFO - Processing file /home/athlon/projects/airflow/.venv/lib/python3.11/site-packages/airflow/example_dags/example_branch_operator.py for tasks to queue
[2024-04-28T20:44:33.061-0300] {logging_mixin.py:188} INFO - [2024-04-28T20:44:33.060-0300] {dagbag.py:540} INFO - Filling up the DagBag from /home/athlon/projects/airflow/.venv/lib/python3.11/site-packages/airflow/example_dags/example_branch_operator.py
[2024-04-28T20:44:33.065-0300] {processor.py:842} WARNING - No viable dags retrieved from /home/athlon/projects/airflow/.venv/lib/python3.11/site-packages/airflow/example_dags/example_branch_operator.py
[2024-04-28T20:44:33.083-0300] {processor.py:183} INFO - Processing /home/athlon/projects/airflow/.venv/lib/python3.11/site-packages/airflow/example_dags/example_branch_operator.py took 0.043 seconds
[2024-04-28T20:45:38.325-0300] {processor.py:161} INFO - Started process (PID=9388) to work on /home/athlon/projects/airflow/.venv/lib/python3.11/site-packages/airflow/example_dags/example_branch_operator.py
[2024-04-28T20:45:38.331-0300] {processor.py:830} INFO - Processing file /home/athlon/projects/airflow/.venv/lib/python3.11/site-packages/airflow/example_dags/example_branch_operator.py for tasks to queue
[2024-04-28T20:45:38.335-0300] {logging_mixin.py:188} INFO - [2024-04-28T20:45:38.334-0300] {dagbag.py:540} INFO - Filling up the DagBag from /home/athlon/projects/airflow/.venv/lib/python3.11/site-packages/airflow/example_dags/example_branch_operator.py
[2024-04-28T20:45:38.342-0300] {processor.py:842} WARNING - No viable dags retrieved from /home/athlon/projects/airflow/.venv/lib/python3.11/site-packages/airflow/example_dags/example_branch_operator.py
[2024-04-28T20:45:38.369-0300] {processor.py:183} INFO - Processing /home/athlon/projects/airflow/.venv/lib/python3.11/site-packages/airflow/example_dags/example_branch_operator.py took 0.057 seconds
[2024-04-28T20:46:43.233-0300] {processor.py:161} INFO - Started process (PID=9483) to work on /home/athlon/projects/airflow/.venv/lib/python3.11/site-packages/airflow/example_dags/example_branch_operator.py
[2024-04-28T20:46:43.240-0300] {processor.py:830} INFO - Processing file /home/athlon/projects/airflow/.venv/lib/python3.11/site-packages/airflow/example_dags/example_branch_operator.py for tasks to queue
[2024-04-28T20:46:43.242-0300] {logging_mixin.py:188} INFO - [2024-04-28T20:46:43.242-0300] {dagbag.py:540} INFO - Filling up the DagBag from /home/athlon/projects/airflow/.venv/lib/python3.11/site-packages/airflow/example_dags/example_branch_operator.py
[2024-04-28T20:46:43.246-0300] {processor.py:842} WARNING - No viable dags retrieved from /home/athlon/projects/airflow/.venv/lib/python3.11/site-packages/airflow/example_dags/example_branch_operator.py
[2024-04-28T20:46:43.261-0300] {processor.py:183} INFO - Processing /home/athlon/projects/airflow/.venv/lib/python3.11/site-packages/airflow/example_dags/example_branch_operator.py took 0.044 seconds
[2024-04-28T20:47:42.394-0300] {processor.py:161} INFO - Started process (PID=9630) to work on /home/athlon/projects/airflow/.venv/lib/python3.11/site-packages/airflow/example_dags/example_branch_operator.py
[2024-04-28T20:47:42.399-0300] {processor.py:830} INFO - Processing file /home/athlon/projects/airflow/.venv/lib/python3.11/site-packages/airflow/example_dags/example_branch_operator.py for tasks to queue
[2024-04-28T20:47:42.402-0300] {logging_mixin.py:188} INFO - [2024-04-28T20:47:42.401-0300] {dagbag.py:540} INFO - Filling up the DagBag from /home/athlon/projects/airflow/.venv/lib/python3.11/site-packages/airflow/example_dags/example_branch_operator.py
[2024-04-28T20:47:42.406-0300] {processor.py:842} WARNING - No viable dags retrieved from /home/athlon/projects/airflow/.venv/lib/python3.11/site-packages/airflow/example_dags/example_branch_operator.py
[2024-04-28T20:47:42.420-0300] {processor.py:183} INFO - Processing /home/athlon/projects/airflow/.venv/lib/python3.11/site-packages/airflow/example_dags/example_branch_operator.py took 0.037 seconds
[2024-04-28T20:48:49.813-0300] {processor.py:161} INFO - Started process (PID=9734) to work on /home/athlon/projects/airflow/.venv/lib/python3.11/site-packages/airflow/example_dags/example_branch_operator.py
[2024-04-28T20:48:49.819-0300] {processor.py:830} INFO - Processing file /home/athlon/projects/airflow/.venv/lib/python3.11/site-packages/airflow/example_dags/example_branch_operator.py for tasks to queue
[2024-04-28T20:48:49.822-0300] {logging_mixin.py:188} INFO - [2024-04-28T20:48:49.821-0300] {dagbag.py:540} INFO - Filling up the DagBag from /home/athlon/projects/airflow/.venv/lib/python3.11/site-packages/airflow/example_dags/example_branch_operator.py
[2024-04-28T20:48:49.826-0300] {processor.py:842} WARNING - No viable dags retrieved from /home/athlon/projects/airflow/.venv/lib/python3.11/site-packages/airflow/example_dags/example_branch_operator.py
[2024-04-28T20:48:49.841-0300] {processor.py:183} INFO - Processing /home/athlon/projects/airflow/.venv/lib/python3.11/site-packages/airflow/example_dags/example_branch_operator.py took 0.037 seconds
[2024-04-28T20:49:53.668-0300] {processor.py:161} INFO - Started process (PID=9818) to work on /home/athlon/projects/airflow/.venv/lib/python3.11/site-packages/airflow/example_dags/example_branch_operator.py
[2024-04-28T20:49:53.670-0300] {processor.py:830} INFO - Processing file /home/athlon/projects/airflow/.venv/lib/python3.11/site-packages/airflow/example_dags/example_branch_operator.py for tasks to queue
[2024-04-28T20:49:53.672-0300] {logging_mixin.py:188} INFO - [2024-04-28T20:49:53.672-0300] {dagbag.py:540} INFO - Filling up the DagBag from /home/athlon/projects/airflow/.venv/lib/python3.11/site-packages/airflow/example_dags/example_branch_operator.py
[2024-04-28T20:49:53.676-0300] {processor.py:842} WARNING - No viable dags retrieved from /home/athlon/projects/airflow/.venv/lib/python3.11/site-packages/airflow/example_dags/example_branch_operator.py
[2024-04-28T20:49:53.691-0300] {processor.py:183} INFO - Processing /home/athlon/projects/airflow/.venv/lib/python3.11/site-packages/airflow/example_dags/example_branch_operator.py took 0.031 seconds
[2024-04-28T20:51:02.652-0300] {processor.py:161} INFO - Started process (PID=9933) to work on /home/athlon/projects/airflow/.venv/lib/python3.11/site-packages/airflow/example_dags/example_branch_operator.py
[2024-04-28T20:51:02.656-0300] {processor.py:830} INFO - Processing file /home/athlon/projects/airflow/.venv/lib/python3.11/site-packages/airflow/example_dags/example_branch_operator.py for tasks to queue
[2024-04-28T20:51:02.660-0300] {logging_mixin.py:188} INFO - [2024-04-28T20:51:02.659-0300] {dagbag.py:540} INFO - Filling up the DagBag from /home/athlon/projects/airflow/.venv/lib/python3.11/site-packages/airflow/example_dags/example_branch_operator.py
[2024-04-28T20:51:02.666-0300] {processor.py:842} WARNING - No viable dags retrieved from /home/athlon/projects/airflow/.venv/lib/python3.11/site-packages/airflow/example_dags/example_branch_operator.py
[2024-04-28T20:51:02.692-0300] {processor.py:183} INFO - Processing /home/athlon/projects/airflow/.venv/lib/python3.11/site-packages/airflow/example_dags/example_branch_operator.py took 0.056 seconds
[2024-04-28T20:52:41.178-0300] {processor.py:161} INFO - Started process (PID=10039) to work on /home/athlon/projects/airflow/.venv/lib/python3.11/site-packages/airflow/example_dags/example_branch_operator.py
[2024-04-28T20:52:41.180-0300] {processor.py:830} INFO - Processing file /home/athlon/projects/airflow/.venv/lib/python3.11/site-packages/airflow/example_dags/example_branch_operator.py for tasks to queue
[2024-04-28T20:52:41.185-0300] {logging_mixin.py:188} INFO - [2024-04-28T20:52:41.184-0300] {dagbag.py:540} INFO - Filling up the DagBag from /home/athlon/projects/airflow/.venv/lib/python3.11/site-packages/airflow/example_dags/example_branch_operator.py
[2024-04-28T20:52:41.191-0300] {processor.py:842} WARNING - No viable dags retrieved from /home/athlon/projects/airflow/.venv/lib/python3.11/site-packages/airflow/example_dags/example_branch_operator.py
[2024-04-28T20:52:41.216-0300] {processor.py:183} INFO - Processing /home/athlon/projects/airflow/.venv/lib/python3.11/site-packages/airflow/example_dags/example_branch_operator.py took 0.054 seconds
[2024-04-28T20:53:58.034-0300] {processor.py:161} INFO - Started process (PID=10170) to work on /home/athlon/projects/airflow/.venv/lib/python3.11/site-packages/airflow/example_dags/example_branch_operator.py
[2024-04-28T20:53:58.040-0300] {processor.py:830} INFO - Processing file /home/athlon/projects/airflow/.venv/lib/python3.11/site-packages/airflow/example_dags/example_branch_operator.py for tasks to queue
[2024-04-28T20:53:58.043-0300] {logging_mixin.py:188} INFO - [2024-04-28T20:53:58.042-0300] {dagbag.py:540} INFO - Filling up the DagBag from /home/athlon/projects/airflow/.venv/lib/python3.11/site-packages/airflow/example_dags/example_branch_operator.py
[2024-04-28T20:53:58.048-0300] {processor.py:842} WARNING - No viable dags retrieved from /home/athlon/projects/airflow/.venv/lib/python3.11/site-packages/airflow/example_dags/example_branch_operator.py
[2024-04-28T20:53:58.064-0300] {processor.py:183} INFO - Processing /home/athlon/projects/airflow/.venv/lib/python3.11/site-packages/airflow/example_dags/example_branch_operator.py took 0.039 seconds
[2024-04-28T20:55:02.337-0300] {processor.py:161} INFO - Started process (PID=10253) to work on /home/athlon/projects/airflow/.venv/lib/python3.11/site-packages/airflow/example_dags/example_branch_operator.py
[2024-04-28T20:55:02.343-0300] {processor.py:830} INFO - Processing file /home/athlon/projects/airflow/.venv/lib/python3.11/site-packages/airflow/example_dags/example_branch_operator.py for tasks to queue
[2024-04-28T20:55:02.346-0300] {logging_mixin.py:188} INFO - [2024-04-28T20:55:02.345-0300] {dagbag.py:540} INFO - Filling up the DagBag from /home/athlon/projects/airflow/.venv/lib/python3.11/site-packages/airflow/example_dags/example_branch_operator.py
[2024-04-28T20:55:02.350-0300] {processor.py:842} WARNING - No viable dags retrieved from /home/athlon/projects/airflow/.venv/lib/python3.11/site-packages/airflow/example_dags/example_branch_operator.py
[2024-04-28T20:55:02.365-0300] {processor.py:183} INFO - Processing /home/athlon/projects/airflow/.venv/lib/python3.11/site-packages/airflow/example_dags/example_branch_operator.py took 0.038 seconds
[2024-04-28T20:56:09.900-0300] {processor.py:161} INFO - Started process (PID=10335) to work on /home/athlon/projects/airflow/.venv/lib/python3.11/site-packages/airflow/example_dags/example_branch_operator.py
[2024-04-28T20:56:09.901-0300] {processor.py:830} INFO - Processing file /home/athlon/projects/airflow/.venv/lib/python3.11/site-packages/airflow/example_dags/example_branch_operator.py for tasks to queue
[2024-04-28T20:56:09.905-0300] {logging_mixin.py:188} INFO - [2024-04-28T20:56:09.904-0300] {dagbag.py:540} INFO - Filling up the DagBag from /home/athlon/projects/airflow/.venv/lib/python3.11/site-packages/airflow/example_dags/example_branch_operator.py
[2024-04-28T20:56:09.909-0300] {processor.py:842} WARNING - No viable dags retrieved from /home/athlon/projects/airflow/.venv/lib/python3.11/site-packages/airflow/example_dags/example_branch_operator.py
[2024-04-28T20:56:09.926-0300] {processor.py:183} INFO - Processing /home/athlon/projects/airflow/.venv/lib/python3.11/site-packages/airflow/example_dags/example_branch_operator.py took 0.038 seconds
[2024-04-28T20:57:12.879-0300] {processor.py:161} INFO - Started process (PID=10546) to work on /home/athlon/projects/airflow/.venv/lib/python3.11/site-packages/airflow/example_dags/example_branch_operator.py
[2024-04-28T20:57:12.881-0300] {processor.py:830} INFO - Processing file /home/athlon/projects/airflow/.venv/lib/python3.11/site-packages/airflow/example_dags/example_branch_operator.py for tasks to queue
[2024-04-28T20:57:12.884-0300] {logging_mixin.py:188} INFO - [2024-04-28T20:57:12.883-0300] {dagbag.py:540} INFO - Filling up the DagBag from /home/athlon/projects/airflow/.venv/lib/python3.11/site-packages/airflow/example_dags/example_branch_operator.py
[2024-04-28T20:57:12.889-0300] {processor.py:842} WARNING - No viable dags retrieved from /home/athlon/projects/airflow/.venv/lib/python3.11/site-packages/airflow/example_dags/example_branch_operator.py
[2024-04-28T20:57:12.905-0300] {processor.py:183} INFO - Processing /home/athlon/projects/airflow/.venv/lib/python3.11/site-packages/airflow/example_dags/example_branch_operator.py took 0.041 seconds
[2024-04-28T20:58:18.417-0300] {processor.py:161} INFO - Started process (PID=10663) to work on /home/athlon/projects/airflow/.venv/lib/python3.11/site-packages/airflow/example_dags/example_branch_operator.py
[2024-04-28T20:58:18.423-0300] {processor.py:830} INFO - Processing file /home/athlon/projects/airflow/.venv/lib/python3.11/site-packages/airflow/example_dags/example_branch_operator.py for tasks to queue
[2024-04-28T20:58:18.426-0300] {logging_mixin.py:188} INFO - [2024-04-28T20:58:18.425-0300] {dagbag.py:540} INFO - Filling up the DagBag from /home/athlon/projects/airflow/.venv/lib/python3.11/site-packages/airflow/example_dags/example_branch_operator.py
[2024-04-28T20:58:18.430-0300] {processor.py:842} WARNING - No viable dags retrieved from /home/athlon/projects/airflow/.venv/lib/python3.11/site-packages/airflow/example_dags/example_branch_operator.py
[2024-04-28T20:58:18.446-0300] {processor.py:183} INFO - Processing /home/athlon/projects/airflow/.venv/lib/python3.11/site-packages/airflow/example_dags/example_branch_operator.py took 0.039 seconds
[2024-04-28T20:59:27.487-0300] {processor.py:161} INFO - Started process (PID=10775) to work on /home/athlon/projects/airflow/.venv/lib/python3.11/site-packages/airflow/example_dags/example_branch_operator.py
[2024-04-28T20:59:27.494-0300] {processor.py:830} INFO - Processing file /home/athlon/projects/airflow/.venv/lib/python3.11/site-packages/airflow/example_dags/example_branch_operator.py for tasks to queue
[2024-04-28T20:59:27.497-0300] {logging_mixin.py:188} INFO - [2024-04-28T20:59:27.497-0300] {dagbag.py:540} INFO - Filling up the DagBag from /home/athlon/projects/airflow/.venv/lib/python3.11/site-packages/airflow/example_dags/example_branch_operator.py
[2024-04-28T20:59:27.502-0300] {processor.py:842} WARNING - No viable dags retrieved from /home/athlon/projects/airflow/.venv/lib/python3.11/site-packages/airflow/example_dags/example_branch_operator.py
[2024-04-28T20:59:27.517-0300] {processor.py:183} INFO - Processing /home/athlon/projects/airflow/.venv/lib/python3.11/site-packages/airflow/example_dags/example_branch_operator.py took 0.044 seconds
