[2024-04-28T21:52:25.088-0300] {local_task_job_runner.py:120} INFO - ::group::Pre task execution logs
[2024-04-28T21:52:25.128-0300] {taskinstance.py:2073} INFO - Dependencies all met for dep_context=non-requeueable deps ti=<TaskInstance: ls_dag.ls_task manual__2024-04-29T00:52:16.178387+00:00 [queued]>
[2024-04-28T21:52:25.142-0300] {taskinstance.py:2073} INFO - Dependencies all met for dep_context=requeueable deps ti=<TaskInstance: ls_dag.ls_task manual__2024-04-29T00:52:16.178387+00:00 [queued]>
[2024-04-28T21:52:25.142-0300] {taskinstance.py:2303} INFO - Starting attempt 1 of 1
[2024-04-28T21:52:25.175-0300] {taskinstance.py:2327} INFO - Executing <Task(BashOperator): ls_task> on 2024-04-29 00:52:16.178387+00:00
[2024-04-28T21:52:25.184-0300] {standard_task_runner.py:63} INFO - Started process 13028 to run task
[2024-04-28T21:52:25.193-0300] {standard_task_runner.py:90} INFO - Running: ['airflow', 'tasks', 'run', 'ls_dag', 'ls_task', 'manual__2024-04-29T00:52:16.178387+00:00', '--job-id', '51', '--raw', '--subdir', 'DAGS_FOLDER/ls_dag.py', '--cfg-path', '/tmp/tmpw27ofrwg']
[2024-04-28T21:52:25.196-0300] {standard_task_runner.py:91} INFO - Job 51: Subtask ls_task
[2024-04-28T21:52:25.289-0300] {task_command.py:426} INFO - Running <TaskInstance: ls_dag.ls_task manual__2024-04-29T00:52:16.178387+00:00 [running]> on host ath
[2024-04-28T21:52:25.412-0300] {taskinstance.py:2644} INFO - Exporting env vars: AIRFLOW_CTX_DAG_OWNER='airflow' AIRFLOW_CTX_DAG_ID='ls_dag' AIRFLOW_CTX_TASK_ID='ls_task' AIRFLOW_CTX_EXECUTION_DATE='2024-04-29T00:52:16.178387+00:00' AIRFLOW_CTX_TRY_NUMBER='1' AIRFLOW_CTX_DAG_RUN_ID='manual__2024-04-29T00:52:16.178387+00:00'
[2024-04-28T21:52:25.417-0300] {taskinstance.py:430} INFO - ::endgroup::
[2024-04-28T21:52:25.419-0300] {subprocess.py:63} INFO - Tmp dir root location: /tmp
[2024-04-28T21:52:25.420-0300] {subprocess.py:75} INFO - Running command: ['/usr/bin/bash', '-c', 'ls -la']
[2024-04-28T21:52:25.445-0300] {subprocess.py:86} INFO - Output:
[2024-04-28T21:52:25.461-0300] {subprocess.py:93} INFO - total 16
[2024-04-28T21:52:25.461-0300] {subprocess.py:93} INFO - drwx------  2 athlon athlon  4096 abr 28 21:52 .
[2024-04-28T21:52:25.461-0300] {subprocess.py:93} INFO - drwxrwxrwt 21 root   root   12288 abr 28 21:52 ..
[2024-04-28T21:52:25.462-0300] {subprocess.py:97} INFO - Command exited with return code 0
[2024-04-28T21:52:25.463-0300] {taskinstance.py:441} INFO - ::group::Post task execution logs
[2024-04-28T21:52:25.495-0300] {taskinstance.py:1205} INFO - Marking task as SUCCESS. dag_id=ls_dag, task_id=ls_task, execution_date=20240429T005216, start_date=20240429T005225, end_date=20240429T005225
[2024-04-28T21:52:25.567-0300] {local_task_job_runner.py:240} INFO - Task exited with return code 0
[2024-04-28T21:52:25.592-0300] {taskinstance.py:3482} INFO - 0 downstream tasks scheduled from follow-on schedule check
[2024-04-28T21:52:25.593-0300] {local_task_job_runner.py:222} INFO - ::endgroup::
