[2024-04-28T21:07:15.472-0300] {local_task_job_runner.py:120} INFO - ::group::Pre task execution logs
[2024-04-28T21:07:15.501-0300] {taskinstance.py:2073} INFO - Dependencies all met for dep_context=non-requeueable deps ti=<TaskInstance: atividade_pratica_dag.ls_task manual__2024-04-29T00:07:07.430511+00:00 [queued]>
[2024-04-28T21:07:15.513-0300] {taskinstance.py:2073} INFO - Dependencies all met for dep_context=requeueable deps ti=<TaskInstance: atividade_pratica_dag.ls_task manual__2024-04-29T00:07:07.430511+00:00 [queued]>
[2024-04-28T21:07:15.514-0300] {taskinstance.py:2303} INFO - Starting attempt 1 of 1
[2024-04-28T21:07:15.534-0300] {taskinstance.py:2327} INFO - Executing <Task(BashOperator): ls_task> on 2024-04-29 00:07:07.430511+00:00
[2024-04-28T21:07:15.541-0300] {standard_task_runner.py:63} INFO - Started process 11474 to run task
[2024-04-28T21:07:15.546-0300] {standard_task_runner.py:90} INFO - Running: ['airflow', 'tasks', 'run', 'atividade_pratica_dag', 'ls_task', 'manual__2024-04-29T00:07:07.430511+00:00', '--job-id', '14', '--raw', '--subdir', 'DAGS_FOLDER/atividade_pratica_dag.py', '--cfg-path', '/tmp/tmp84eb8r39']
[2024-04-28T21:07:15.546-0300] {standard_task_runner.py:91} INFO - Job 14: Subtask ls_task
[2024-04-28T21:07:15.595-0300] {task_command.py:426} INFO - Running <TaskInstance: atividade_pratica_dag.ls_task manual__2024-04-29T00:07:07.430511+00:00 [running]> on host ath
[2024-04-28T21:07:15.687-0300] {taskinstance.py:2644} INFO - Exporting env vars: AIRFLOW_CTX_DAG_OWNER='airflow' AIRFLOW_CTX_DAG_ID='atividade_pratica_dag' AIRFLOW_CTX_TASK_ID='ls_task' AIRFLOW_CTX_EXECUTION_DATE='2024-04-29T00:07:07.430511+00:00' AIRFLOW_CTX_TRY_NUMBER='1' AIRFLOW_CTX_DAG_RUN_ID='manual__2024-04-29T00:07:07.430511+00:00'
[2024-04-28T21:07:15.688-0300] {taskinstance.py:430} INFO - ::endgroup::
[2024-04-28T21:07:15.690-0300] {subprocess.py:63} INFO - Tmp dir root location: /tmp
[2024-04-28T21:07:15.691-0300] {subprocess.py:75} INFO - Running command: ['/usr/bin/bash', '-c', 'ls -la']
[2024-04-28T21:07:15.709-0300] {subprocess.py:86} INFO - Output:
[2024-04-28T21:07:15.741-0300] {subprocess.py:93} INFO - total 16
[2024-04-28T21:07:15.742-0300] {subprocess.py:93} INFO - drwx------  2 athlon athlon  4096 abr 28 21:07 .
[2024-04-28T21:07:15.742-0300] {subprocess.py:93} INFO - drwxrwxrwt 22 root   root   12288 abr 28 21:07 ..
[2024-04-28T21:07:15.742-0300] {subprocess.py:97} INFO - Command exited with return code 0
[2024-04-28T21:07:15.743-0300] {taskinstance.py:441} INFO - ::group::Post task execution logs
[2024-04-28T21:07:15.770-0300] {taskinstance.py:1205} INFO - Marking task as SUCCESS. dag_id=atividade_pratica_dag, task_id=ls_task, execution_date=20240429T000707, start_date=20240429T000715, end_date=20240429T000715
[2024-04-28T21:07:15.998-0300] {local_task_job_runner.py:240} INFO - Task exited with return code 0
[2024-04-28T21:07:16.021-0300] {taskinstance.py:3482} INFO - 1 downstream tasks scheduled from follow-on schedule check
[2024-04-28T21:07:16.026-0300] {local_task_job_runner.py:222} INFO - ::endgroup::
