[2024-04-26T05:28:53.829-0300] {processor.py:161} INFO - Started process (PID=9586) to work on /home/athlon/projects/airflow/.venv/lib/python3.11/site-packages/airflow/example_dags/example_branch_operator_decorator.py
[2024-04-26T05:28:53.830-0300] {processor.py:830} INFO - Processing file /home/athlon/projects/airflow/.venv/lib/python3.11/site-packages/airflow/example_dags/example_branch_operator_decorator.py for tasks to queue
[2024-04-26T05:28:53.833-0300] {logging_mixin.py:188} INFO - [2024-04-26T05:28:53.832-0300] {dagbag.py:540} INFO - Filling up the DagBag from /home/athlon/projects/airflow/.venv/lib/python3.11/site-packages/airflow/example_dags/example_branch_operator_decorator.py
[2024-04-26T05:28:53.837-0300] {processor.py:842} WARNING - No viable dags retrieved from /home/athlon/projects/airflow/.venv/lib/python3.11/site-packages/airflow/example_dags/example_branch_operator_decorator.py
[2024-04-26T05:28:53.850-0300] {processor.py:183} INFO - Processing /home/athlon/projects/airflow/.venv/lib/python3.11/site-packages/airflow/example_dags/example_branch_operator_decorator.py took 0.029 seconds
[2024-04-26T05:30:01.832-0300] {processor.py:161} INFO - Started process (PID=9667) to work on /home/athlon/projects/airflow/.venv/lib/python3.11/site-packages/airflow/example_dags/example_branch_operator_decorator.py
[2024-04-26T05:30:01.837-0300] {processor.py:830} INFO - Processing file /home/athlon/projects/airflow/.venv/lib/python3.11/site-packages/airflow/example_dags/example_branch_operator_decorator.py for tasks to queue
[2024-04-26T05:30:01.840-0300] {logging_mixin.py:188} INFO - [2024-04-26T05:30:01.840-0300] {dagbag.py:540} INFO - Filling up the DagBag from /home/athlon/projects/airflow/.venv/lib/python3.11/site-packages/airflow/example_dags/example_branch_operator_decorator.py
[2024-04-26T05:30:01.845-0300] {processor.py:842} WARNING - No viable dags retrieved from /home/athlon/projects/airflow/.venv/lib/python3.11/site-packages/airflow/example_dags/example_branch_operator_decorator.py
[2024-04-26T05:30:01.863-0300] {processor.py:183} INFO - Processing /home/athlon/projects/airflow/.venv/lib/python3.11/site-packages/airflow/example_dags/example_branch_operator_decorator.py took 0.041 seconds
[2024-04-26T05:31:00.483-0300] {processor.py:161} INFO - Started process (PID=9719) to work on /home/athlon/projects/airflow/.venv/lib/python3.11/site-packages/airflow/example_dags/example_branch_operator_decorator.py
[2024-04-26T05:31:00.489-0300] {processor.py:830} INFO - Processing file /home/athlon/projects/airflow/.venv/lib/python3.11/site-packages/airflow/example_dags/example_branch_operator_decorator.py for tasks to queue
[2024-04-26T05:31:00.492-0300] {logging_mixin.py:188} INFO - [2024-04-26T05:31:00.491-0300] {dagbag.py:540} INFO - Filling up the DagBag from /home/athlon/projects/airflow/.venv/lib/python3.11/site-packages/airflow/example_dags/example_branch_operator_decorator.py
[2024-04-26T05:31:00.496-0300] {processor.py:842} WARNING - No viable dags retrieved from /home/athlon/projects/airflow/.venv/lib/python3.11/site-packages/airflow/example_dags/example_branch_operator_decorator.py
[2024-04-26T05:31:00.512-0300] {processor.py:183} INFO - Processing /home/athlon/projects/airflow/.venv/lib/python3.11/site-packages/airflow/example_dags/example_branch_operator_decorator.py took 0.039 seconds
[2024-04-26T05:31:58.411-0300] {processor.py:161} INFO - Started process (PID=9776) to work on /home/athlon/projects/airflow/.venv/lib/python3.11/site-packages/airflow/example_dags/example_branch_operator_decorator.py
[2024-04-26T05:31:58.417-0300] {processor.py:830} INFO - Processing file /home/athlon/projects/airflow/.venv/lib/python3.11/site-packages/airflow/example_dags/example_branch_operator_decorator.py for tasks to queue
[2024-04-26T05:31:58.419-0300] {logging_mixin.py:188} INFO - [2024-04-26T05:31:58.419-0300] {dagbag.py:540} INFO - Filling up the DagBag from /home/athlon/projects/airflow/.venv/lib/python3.11/site-packages/airflow/example_dags/example_branch_operator_decorator.py
[2024-04-26T05:31:58.424-0300] {processor.py:842} WARNING - No viable dags retrieved from /home/athlon/projects/airflow/.venv/lib/python3.11/site-packages/airflow/example_dags/example_branch_operator_decorator.py
[2024-04-26T05:31:58.440-0300] {processor.py:183} INFO - Processing /home/athlon/projects/airflow/.venv/lib/python3.11/site-packages/airflow/example_dags/example_branch_operator_decorator.py took 0.040 seconds
[2024-04-26T05:32:57.845-0300] {processor.py:161} INFO - Started process (PID=9830) to work on /home/athlon/projects/airflow/.venv/lib/python3.11/site-packages/airflow/example_dags/example_branch_operator_decorator.py
[2024-04-26T05:32:57.851-0300] {processor.py:830} INFO - Processing file /home/athlon/projects/airflow/.venv/lib/python3.11/site-packages/airflow/example_dags/example_branch_operator_decorator.py for tasks to queue
[2024-04-26T05:32:57.854-0300] {logging_mixin.py:188} INFO - [2024-04-26T05:32:57.853-0300] {dagbag.py:540} INFO - Filling up the DagBag from /home/athlon/projects/airflow/.venv/lib/python3.11/site-packages/airflow/example_dags/example_branch_operator_decorator.py
[2024-04-26T05:32:57.858-0300] {processor.py:842} WARNING - No viable dags retrieved from /home/athlon/projects/airflow/.venv/lib/python3.11/site-packages/airflow/example_dags/example_branch_operator_decorator.py
[2024-04-26T05:32:57.874-0300] {processor.py:183} INFO - Processing /home/athlon/projects/airflow/.venv/lib/python3.11/site-packages/airflow/example_dags/example_branch_operator_decorator.py took 0.040 seconds
[2024-04-26T05:33:59.633-0300] {processor.py:161} INFO - Started process (PID=9896) to work on /home/athlon/projects/airflow/.venv/lib/python3.11/site-packages/airflow/example_dags/example_branch_operator_decorator.py
[2024-04-26T05:33:59.638-0300] {processor.py:830} INFO - Processing file /home/athlon/projects/airflow/.venv/lib/python3.11/site-packages/airflow/example_dags/example_branch_operator_decorator.py for tasks to queue
[2024-04-26T05:33:59.641-0300] {logging_mixin.py:188} INFO - [2024-04-26T05:33:59.640-0300] {dagbag.py:540} INFO - Filling up the DagBag from /home/athlon/projects/airflow/.venv/lib/python3.11/site-packages/airflow/example_dags/example_branch_operator_decorator.py
[2024-04-26T05:33:59.644-0300] {processor.py:842} WARNING - No viable dags retrieved from /home/athlon/projects/airflow/.venv/lib/python3.11/site-packages/airflow/example_dags/example_branch_operator_decorator.py
[2024-04-26T05:33:59.658-0300] {processor.py:183} INFO - Processing /home/athlon/projects/airflow/.venv/lib/python3.11/site-packages/airflow/example_dags/example_branch_operator_decorator.py took 0.033 seconds
[2024-04-26T05:34:55.141-0300] {processor.py:161} INFO - Started process (PID=9953) to work on /home/athlon/projects/airflow/.venv/lib/python3.11/site-packages/airflow/example_dags/example_branch_operator_decorator.py
[2024-04-26T05:34:55.147-0300] {processor.py:830} INFO - Processing file /home/athlon/projects/airflow/.venv/lib/python3.11/site-packages/airflow/example_dags/example_branch_operator_decorator.py for tasks to queue
[2024-04-26T05:34:55.149-0300] {logging_mixin.py:188} INFO - [2024-04-26T05:34:55.148-0300] {dagbag.py:540} INFO - Filling up the DagBag from /home/athlon/projects/airflow/.venv/lib/python3.11/site-packages/airflow/example_dags/example_branch_operator_decorator.py
[2024-04-26T05:34:55.153-0300] {processor.py:842} WARNING - No viable dags retrieved from /home/athlon/projects/airflow/.venv/lib/python3.11/site-packages/airflow/example_dags/example_branch_operator_decorator.py
[2024-04-26T05:34:55.167-0300] {processor.py:183} INFO - Processing /home/athlon/projects/airflow/.venv/lib/python3.11/site-packages/airflow/example_dags/example_branch_operator_decorator.py took 0.035 seconds
[2024-04-26T05:35:51.516-0300] {processor.py:161} INFO - Started process (PID=10003) to work on /home/athlon/projects/airflow/.venv/lib/python3.11/site-packages/airflow/example_dags/example_branch_operator_decorator.py
[2024-04-26T05:35:51.521-0300] {processor.py:830} INFO - Processing file /home/athlon/projects/airflow/.venv/lib/python3.11/site-packages/airflow/example_dags/example_branch_operator_decorator.py for tasks to queue
[2024-04-26T05:35:51.524-0300] {logging_mixin.py:188} INFO - [2024-04-26T05:35:51.523-0300] {dagbag.py:540} INFO - Filling up the DagBag from /home/athlon/projects/airflow/.venv/lib/python3.11/site-packages/airflow/example_dags/example_branch_operator_decorator.py
[2024-04-26T05:35:51.530-0300] {processor.py:842} WARNING - No viable dags retrieved from /home/athlon/projects/airflow/.venv/lib/python3.11/site-packages/airflow/example_dags/example_branch_operator_decorator.py
[2024-04-26T05:35:51.547-0300] {processor.py:183} INFO - Processing /home/athlon/projects/airflow/.venv/lib/python3.11/site-packages/airflow/example_dags/example_branch_operator_decorator.py took 0.042 seconds
[2024-04-26T05:36:47.461-0300] {processor.py:161} INFO - Started process (PID=10054) to work on /home/athlon/projects/airflow/.venv/lib/python3.11/site-packages/airflow/example_dags/example_branch_operator_decorator.py
[2024-04-26T05:36:47.466-0300] {processor.py:830} INFO - Processing file /home/athlon/projects/airflow/.venv/lib/python3.11/site-packages/airflow/example_dags/example_branch_operator_decorator.py for tasks to queue
[2024-04-26T05:36:47.468-0300] {logging_mixin.py:188} INFO - [2024-04-26T05:36:47.468-0300] {dagbag.py:540} INFO - Filling up the DagBag from /home/athlon/projects/airflow/.venv/lib/python3.11/site-packages/airflow/example_dags/example_branch_operator_decorator.py
[2024-04-26T05:36:47.472-0300] {processor.py:842} WARNING - No viable dags retrieved from /home/athlon/projects/airflow/.venv/lib/python3.11/site-packages/airflow/example_dags/example_branch_operator_decorator.py
[2024-04-26T05:36:47.488-0300] {processor.py:183} INFO - Processing /home/athlon/projects/airflow/.venv/lib/python3.11/site-packages/airflow/example_dags/example_branch_operator_decorator.py took 0.038 seconds
[2024-04-26T05:37:44.088-0300] {processor.py:161} INFO - Started process (PID=10110) to work on /home/athlon/projects/airflow/.venv/lib/python3.11/site-packages/airflow/example_dags/example_branch_operator_decorator.py
[2024-04-26T05:37:44.093-0300] {processor.py:830} INFO - Processing file /home/athlon/projects/airflow/.venv/lib/python3.11/site-packages/airflow/example_dags/example_branch_operator_decorator.py for tasks to queue
[2024-04-26T05:37:44.096-0300] {logging_mixin.py:188} INFO - [2024-04-26T05:37:44.096-0300] {dagbag.py:540} INFO - Filling up the DagBag from /home/athlon/projects/airflow/.venv/lib/python3.11/site-packages/airflow/example_dags/example_branch_operator_decorator.py
[2024-04-26T05:37:44.100-0300] {processor.py:842} WARNING - No viable dags retrieved from /home/athlon/projects/airflow/.venv/lib/python3.11/site-packages/airflow/example_dags/example_branch_operator_decorator.py
[2024-04-26T05:37:44.117-0300] {processor.py:183} INFO - Processing /home/athlon/projects/airflow/.venv/lib/python3.11/site-packages/airflow/example_dags/example_branch_operator_decorator.py took 0.040 seconds
[2024-04-26T05:38:42.088-0300] {processor.py:161} INFO - Started process (PID=10161) to work on /home/athlon/projects/airflow/.venv/lib/python3.11/site-packages/airflow/example_dags/example_branch_operator_decorator.py
[2024-04-26T05:38:42.094-0300] {processor.py:830} INFO - Processing file /home/athlon/projects/airflow/.venv/lib/python3.11/site-packages/airflow/example_dags/example_branch_operator_decorator.py for tasks to queue
[2024-04-26T05:38:42.096-0300] {logging_mixin.py:188} INFO - [2024-04-26T05:38:42.096-0300] {dagbag.py:540} INFO - Filling up the DagBag from /home/athlon/projects/airflow/.venv/lib/python3.11/site-packages/airflow/example_dags/example_branch_operator_decorator.py
[2024-04-26T05:38:42.101-0300] {processor.py:842} WARNING - No viable dags retrieved from /home/athlon/projects/airflow/.venv/lib/python3.11/site-packages/airflow/example_dags/example_branch_operator_decorator.py
[2024-04-26T05:38:42.117-0300] {processor.py:183} INFO - Processing /home/athlon/projects/airflow/.venv/lib/python3.11/site-packages/airflow/example_dags/example_branch_operator_decorator.py took 0.040 seconds
[2024-04-26T05:39:42.556-0300] {processor.py:161} INFO - Started process (PID=10246) to work on /home/athlon/projects/airflow/.venv/lib/python3.11/site-packages/airflow/example_dags/example_branch_operator_decorator.py
[2024-04-26T05:39:42.561-0300] {processor.py:830} INFO - Processing file /home/athlon/projects/airflow/.venv/lib/python3.11/site-packages/airflow/example_dags/example_branch_operator_decorator.py for tasks to queue
[2024-04-26T05:39:42.564-0300] {logging_mixin.py:188} INFO - [2024-04-26T05:39:42.564-0300] {dagbag.py:540} INFO - Filling up the DagBag from /home/athlon/projects/airflow/.venv/lib/python3.11/site-packages/airflow/example_dags/example_branch_operator_decorator.py
[2024-04-26T05:39:42.568-0300] {processor.py:842} WARNING - No viable dags retrieved from /home/athlon/projects/airflow/.venv/lib/python3.11/site-packages/airflow/example_dags/example_branch_operator_decorator.py
[2024-04-26T05:39:42.585-0300] {processor.py:183} INFO - Processing /home/athlon/projects/airflow/.venv/lib/python3.11/site-packages/airflow/example_dags/example_branch_operator_decorator.py took 0.040 seconds
[2024-04-26T05:40:41.728-0300] {processor.py:161} INFO - Started process (PID=10302) to work on /home/athlon/projects/airflow/.venv/lib/python3.11/site-packages/airflow/example_dags/example_branch_operator_decorator.py
[2024-04-26T05:40:41.733-0300] {processor.py:830} INFO - Processing file /home/athlon/projects/airflow/.venv/lib/python3.11/site-packages/airflow/example_dags/example_branch_operator_decorator.py for tasks to queue
[2024-04-26T05:40:41.736-0300] {logging_mixin.py:188} INFO - [2024-04-26T05:40:41.735-0300] {dagbag.py:540} INFO - Filling up the DagBag from /home/athlon/projects/airflow/.venv/lib/python3.11/site-packages/airflow/example_dags/example_branch_operator_decorator.py
[2024-04-26T05:40:41.740-0300] {processor.py:842} WARNING - No viable dags retrieved from /home/athlon/projects/airflow/.venv/lib/python3.11/site-packages/airflow/example_dags/example_branch_operator_decorator.py
[2024-04-26T05:40:41.757-0300] {processor.py:183} INFO - Processing /home/athlon/projects/airflow/.venv/lib/python3.11/site-packages/airflow/example_dags/example_branch_operator_decorator.py took 0.040 seconds
[2024-04-26T05:41:41.885-0300] {processor.py:161} INFO - Started process (PID=10356) to work on /home/athlon/projects/airflow/.venv/lib/python3.11/site-packages/airflow/example_dags/example_branch_operator_decorator.py
[2024-04-26T05:41:41.891-0300] {processor.py:830} INFO - Processing file /home/athlon/projects/airflow/.venv/lib/python3.11/site-packages/airflow/example_dags/example_branch_operator_decorator.py for tasks to queue
[2024-04-26T05:41:41.893-0300] {logging_mixin.py:188} INFO - [2024-04-26T05:41:41.893-0300] {dagbag.py:540} INFO - Filling up the DagBag from /home/athlon/projects/airflow/.venv/lib/python3.11/site-packages/airflow/example_dags/example_branch_operator_decorator.py
[2024-04-26T05:41:41.897-0300] {processor.py:842} WARNING - No viable dags retrieved from /home/athlon/projects/airflow/.venv/lib/python3.11/site-packages/airflow/example_dags/example_branch_operator_decorator.py
[2024-04-26T05:41:41.912-0300] {processor.py:183} INFO - Processing /home/athlon/projects/airflow/.venv/lib/python3.11/site-packages/airflow/example_dags/example_branch_operator_decorator.py took 0.037 seconds
[2024-04-26T05:42:45.207-0300] {processor.py:161} INFO - Started process (PID=10409) to work on /home/athlon/projects/airflow/.venv/lib/python3.11/site-packages/airflow/example_dags/example_branch_operator_decorator.py
[2024-04-26T05:42:45.213-0300] {processor.py:830} INFO - Processing file /home/athlon/projects/airflow/.venv/lib/python3.11/site-packages/airflow/example_dags/example_branch_operator_decorator.py for tasks to queue
[2024-04-26T05:42:45.216-0300] {logging_mixin.py:188} INFO - [2024-04-26T05:42:45.215-0300] {dagbag.py:540} INFO - Filling up the DagBag from /home/athlon/projects/airflow/.venv/lib/python3.11/site-packages/airflow/example_dags/example_branch_operator_decorator.py
[2024-04-26T05:42:45.220-0300] {processor.py:842} WARNING - No viable dags retrieved from /home/athlon/projects/airflow/.venv/lib/python3.11/site-packages/airflow/example_dags/example_branch_operator_decorator.py
[2024-04-26T05:42:45.236-0300] {processor.py:183} INFO - Processing /home/athlon/projects/airflow/.venv/lib/python3.11/site-packages/airflow/example_dags/example_branch_operator_decorator.py took 0.040 seconds
[2024-04-26T05:43:44.539-0300] {processor.py:161} INFO - Started process (PID=10462) to work on /home/athlon/projects/airflow/.venv/lib/python3.11/site-packages/airflow/example_dags/example_branch_operator_decorator.py
[2024-04-26T05:43:44.544-0300] {processor.py:830} INFO - Processing file /home/athlon/projects/airflow/.venv/lib/python3.11/site-packages/airflow/example_dags/example_branch_operator_decorator.py for tasks to queue
[2024-04-26T05:43:44.547-0300] {logging_mixin.py:188} INFO - [2024-04-26T05:43:44.546-0300] {dagbag.py:540} INFO - Filling up the DagBag from /home/athlon/projects/airflow/.venv/lib/python3.11/site-packages/airflow/example_dags/example_branch_operator_decorator.py
[2024-04-26T05:43:44.550-0300] {processor.py:842} WARNING - No viable dags retrieved from /home/athlon/projects/airflow/.venv/lib/python3.11/site-packages/airflow/example_dags/example_branch_operator_decorator.py
[2024-04-26T05:43:44.564-0300] {processor.py:183} INFO - Processing /home/athlon/projects/airflow/.venv/lib/python3.11/site-packages/airflow/example_dags/example_branch_operator_decorator.py took 0.035 seconds
[2024-04-26T05:44:40.250-0300] {processor.py:161} INFO - Started process (PID=10515) to work on /home/athlon/projects/airflow/.venv/lib/python3.11/site-packages/airflow/example_dags/example_branch_operator_decorator.py
[2024-04-26T05:44:40.256-0300] {processor.py:830} INFO - Processing file /home/athlon/projects/airflow/.venv/lib/python3.11/site-packages/airflow/example_dags/example_branch_operator_decorator.py for tasks to queue
[2024-04-26T05:44:40.258-0300] {logging_mixin.py:188} INFO - [2024-04-26T05:44:40.257-0300] {dagbag.py:540} INFO - Filling up the DagBag from /home/athlon/projects/airflow/.venv/lib/python3.11/site-packages/airflow/example_dags/example_branch_operator_decorator.py
[2024-04-26T05:44:40.262-0300] {processor.py:842} WARNING - No viable dags retrieved from /home/athlon/projects/airflow/.venv/lib/python3.11/site-packages/airflow/example_dags/example_branch_operator_decorator.py
[2024-04-26T05:44:40.276-0300] {processor.py:183} INFO - Processing /home/athlon/projects/airflow/.venv/lib/python3.11/site-packages/airflow/example_dags/example_branch_operator_decorator.py took 0.036 seconds
[2024-04-26T05:45:36.865-0300] {processor.py:161} INFO - Started process (PID=10565) to work on /home/athlon/projects/airflow/.venv/lib/python3.11/site-packages/airflow/example_dags/example_branch_operator_decorator.py
[2024-04-26T05:45:36.871-0300] {processor.py:830} INFO - Processing file /home/athlon/projects/airflow/.venv/lib/python3.11/site-packages/airflow/example_dags/example_branch_operator_decorator.py for tasks to queue
[2024-04-26T05:45:36.873-0300] {logging_mixin.py:188} INFO - [2024-04-26T05:45:36.873-0300] {dagbag.py:540} INFO - Filling up the DagBag from /home/athlon/projects/airflow/.venv/lib/python3.11/site-packages/airflow/example_dags/example_branch_operator_decorator.py
[2024-04-26T05:45:36.878-0300] {processor.py:842} WARNING - No viable dags retrieved from /home/athlon/projects/airflow/.venv/lib/python3.11/site-packages/airflow/example_dags/example_branch_operator_decorator.py
[2024-04-26T05:45:36.893-0300] {processor.py:183} INFO - Processing /home/athlon/projects/airflow/.venv/lib/python3.11/site-packages/airflow/example_dags/example_branch_operator_decorator.py took 0.038 seconds
[2024-04-26T05:46:36.251-0300] {processor.py:161} INFO - Started process (PID=10621) to work on /home/athlon/projects/airflow/.venv/lib/python3.11/site-packages/airflow/example_dags/example_branch_operator_decorator.py
[2024-04-26T05:46:36.256-0300] {processor.py:830} INFO - Processing file /home/athlon/projects/airflow/.venv/lib/python3.11/site-packages/airflow/example_dags/example_branch_operator_decorator.py for tasks to queue
[2024-04-26T05:46:36.259-0300] {logging_mixin.py:188} INFO - [2024-04-26T05:46:36.258-0300] {dagbag.py:540} INFO - Filling up the DagBag from /home/athlon/projects/airflow/.venv/lib/python3.11/site-packages/airflow/example_dags/example_branch_operator_decorator.py
[2024-04-26T05:46:36.263-0300] {processor.py:842} WARNING - No viable dags retrieved from /home/athlon/projects/airflow/.venv/lib/python3.11/site-packages/airflow/example_dags/example_branch_operator_decorator.py
[2024-04-26T05:46:36.280-0300] {processor.py:183} INFO - Processing /home/athlon/projects/airflow/.venv/lib/python3.11/site-packages/airflow/example_dags/example_branch_operator_decorator.py took 0.040 seconds
[2024-04-26T05:47:32.446-0300] {processor.py:161} INFO - Started process (PID=10693) to work on /home/athlon/projects/airflow/.venv/lib/python3.11/site-packages/airflow/example_dags/example_branch_operator_decorator.py
[2024-04-26T05:47:32.452-0300] {processor.py:830} INFO - Processing file /home/athlon/projects/airflow/.venv/lib/python3.11/site-packages/airflow/example_dags/example_branch_operator_decorator.py for tasks to queue
[2024-04-26T05:47:32.455-0300] {logging_mixin.py:188} INFO - [2024-04-26T05:47:32.454-0300] {dagbag.py:540} INFO - Filling up the DagBag from /home/athlon/projects/airflow/.venv/lib/python3.11/site-packages/airflow/example_dags/example_branch_operator_decorator.py
[2024-04-26T05:47:32.459-0300] {processor.py:842} WARNING - No viable dags retrieved from /home/athlon/projects/airflow/.venv/lib/python3.11/site-packages/airflow/example_dags/example_branch_operator_decorator.py
[2024-04-26T05:47:32.476-0300] {processor.py:183} INFO - Processing /home/athlon/projects/airflow/.venv/lib/python3.11/site-packages/airflow/example_dags/example_branch_operator_decorator.py took 0.039 seconds
[2024-04-26T05:48:56.373-0300] {processor.py:161} INFO - Started process (PID=10815) to work on /home/athlon/projects/airflow/.venv/lib/python3.11/site-packages/airflow/example_dags/example_branch_operator_decorator.py
[2024-04-26T05:48:56.376-0300] {processor.py:830} INFO - Processing file /home/athlon/projects/airflow/.venv/lib/python3.11/site-packages/airflow/example_dags/example_branch_operator_decorator.py for tasks to queue
[2024-04-26T05:48:56.381-0300] {logging_mixin.py:188} INFO - [2024-04-26T05:48:56.380-0300] {dagbag.py:540} INFO - Filling up the DagBag from /home/athlon/projects/airflow/.venv/lib/python3.11/site-packages/airflow/example_dags/example_branch_operator_decorator.py
[2024-04-26T05:48:56.387-0300] {processor.py:842} WARNING - No viable dags retrieved from /home/athlon/projects/airflow/.venv/lib/python3.11/site-packages/airflow/example_dags/example_branch_operator_decorator.py
[2024-04-26T05:48:56.417-0300] {processor.py:183} INFO - Processing /home/athlon/projects/airflow/.venv/lib/python3.11/site-packages/airflow/example_dags/example_branch_operator_decorator.py took 0.062 seconds
[2024-04-26T05:49:58.945-0300] {processor.py:161} INFO - Started process (PID=10899) to work on /home/athlon/projects/airflow/.venv/lib/python3.11/site-packages/airflow/example_dags/example_branch_operator_decorator.py
[2024-04-26T05:49:58.947-0300] {processor.py:830} INFO - Processing file /home/athlon/projects/airflow/.venv/lib/python3.11/site-packages/airflow/example_dags/example_branch_operator_decorator.py for tasks to queue
[2024-04-26T05:49:58.950-0300] {logging_mixin.py:188} INFO - [2024-04-26T05:49:58.949-0300] {dagbag.py:540} INFO - Filling up the DagBag from /home/athlon/projects/airflow/.venv/lib/python3.11/site-packages/airflow/example_dags/example_branch_operator_decorator.py
[2024-04-26T05:49:58.955-0300] {processor.py:842} WARNING - No viable dags retrieved from /home/athlon/projects/airflow/.venv/lib/python3.11/site-packages/airflow/example_dags/example_branch_operator_decorator.py
[2024-04-26T05:49:58.977-0300] {processor.py:183} INFO - Processing /home/athlon/projects/airflow/.venv/lib/python3.11/site-packages/airflow/example_dags/example_branch_operator_decorator.py took 0.044 seconds
[2024-04-26T05:51:30.682-0300] {processor.py:161} INFO - Started process (PID=10990) to work on /home/athlon/projects/airflow/.venv/lib/python3.11/site-packages/airflow/example_dags/example_branch_operator_decorator.py
[2024-04-26T05:51:30.688-0300] {processor.py:830} INFO - Processing file /home/athlon/projects/airflow/.venv/lib/python3.11/site-packages/airflow/example_dags/example_branch_operator_decorator.py for tasks to queue
[2024-04-26T05:51:30.692-0300] {logging_mixin.py:188} INFO - [2024-04-26T05:51:30.691-0300] {dagbag.py:540} INFO - Filling up the DagBag from /home/athlon/projects/airflow/.venv/lib/python3.11/site-packages/airflow/example_dags/example_branch_operator_decorator.py
[2024-04-26T05:51:30.701-0300] {processor.py:842} WARNING - No viable dags retrieved from /home/athlon/projects/airflow/.venv/lib/python3.11/site-packages/airflow/example_dags/example_branch_operator_decorator.py
[2024-04-26T05:51:30.724-0300] {processor.py:183} INFO - Processing /home/athlon/projects/airflow/.venv/lib/python3.11/site-packages/airflow/example_dags/example_branch_operator_decorator.py took 0.056 seconds
[2024-04-26T05:52:39.742-0300] {processor.py:161} INFO - Started process (PID=11055) to work on /home/athlon/projects/airflow/.venv/lib/python3.11/site-packages/airflow/example_dags/example_branch_operator_decorator.py
[2024-04-26T05:52:39.749-0300] {processor.py:830} INFO - Processing file /home/athlon/projects/airflow/.venv/lib/python3.11/site-packages/airflow/example_dags/example_branch_operator_decorator.py for tasks to queue
[2024-04-26T05:52:39.751-0300] {logging_mixin.py:188} INFO - [2024-04-26T05:52:39.751-0300] {dagbag.py:540} INFO - Filling up the DagBag from /home/athlon/projects/airflow/.venv/lib/python3.11/site-packages/airflow/example_dags/example_branch_operator_decorator.py
[2024-04-26T05:52:39.755-0300] {processor.py:842} WARNING - No viable dags retrieved from /home/athlon/projects/airflow/.venv/lib/python3.11/site-packages/airflow/example_dags/example_branch_operator_decorator.py
[2024-04-26T05:52:39.776-0300] {processor.py:183} INFO - Processing /home/athlon/projects/airflow/.venv/lib/python3.11/site-packages/airflow/example_dags/example_branch_operator_decorator.py took 0.045 seconds
