[2024-04-26T05:28:33.521-0300] {processor.py:161} INFO - Started process (PID=9552) to work on /home/athlon/projects/airflow/.venv/lib/python3.11/site-packages/airflow/example_dags/example_nested_branch_dag.py
[2024-04-26T05:28:33.522-0300] {processor.py:830} INFO - Processing file /home/athlon/projects/airflow/.venv/lib/python3.11/site-packages/airflow/example_dags/example_nested_branch_dag.py for tasks to queue
[2024-04-26T05:28:33.525-0300] {logging_mixin.py:188} INFO - [2024-04-26T05:28:33.524-0300] {dagbag.py:540} INFO - Filling up the DagBag from /home/athlon/projects/airflow/.venv/lib/python3.11/site-packages/airflow/example_dags/example_nested_branch_dag.py
[2024-04-26T05:28:33.541-0300] {processor.py:840} INFO - DAG(s) 'example_nested_branch_dag' retrieved from /home/athlon/projects/airflow/.venv/lib/python3.11/site-packages/airflow/example_dags/example_nested_branch_dag.py
[2024-04-26T05:28:33.693-0300] {logging_mixin.py:188} INFO - [2024-04-26T05:28:33.693-0300] {override.py:1829} INFO - Created Permission View: can edit on DAG:example_nested_branch_dag
[2024-04-26T05:28:33.710-0300] {logging_mixin.py:188} INFO - [2024-04-26T05:28:33.709-0300] {override.py:1829} INFO - Created Permission View: can delete on DAG:example_nested_branch_dag
[2024-04-26T05:28:33.719-0300] {logging_mixin.py:188} INFO - [2024-04-26T05:28:33.719-0300] {override.py:1829} INFO - Created Permission View: can read on DAG:example_nested_branch_dag
[2024-04-26T05:28:33.720-0300] {logging_mixin.py:188} INFO - [2024-04-26T05:28:33.720-0300] {dag.py:3096} INFO - Sync 1 DAGs
[2024-04-26T05:28:33.734-0300] {logging_mixin.py:188} INFO - [2024-04-26T05:28:33.734-0300] {dag.py:3118} INFO - Creating ORM DAG for example_nested_branch_dag
[2024-04-26T05:28:33.751-0300] {logging_mixin.py:188} INFO - [2024-04-26T05:28:33.750-0300] {dag.py:3954} INFO - Setting next_dagrun for example_nested_branch_dag to 2024-04-25 00:00:00+00:00, run_after=2024-04-26 00:00:00+00:00
[2024-04-26T05:28:33.777-0300] {processor.py:183} INFO - Processing /home/athlon/projects/airflow/.venv/lib/python3.11/site-packages/airflow/example_dags/example_nested_branch_dag.py took 0.263 seconds
[2024-04-26T05:29:39.925-0300] {processor.py:161} INFO - Started process (PID=9643) to work on /home/athlon/projects/airflow/.venv/lib/python3.11/site-packages/airflow/example_dags/example_nested_branch_dag.py
[2024-04-26T05:29:39.930-0300] {processor.py:830} INFO - Processing file /home/athlon/projects/airflow/.venv/lib/python3.11/site-packages/airflow/example_dags/example_nested_branch_dag.py for tasks to queue
[2024-04-26T05:29:39.933-0300] {logging_mixin.py:188} INFO - [2024-04-26T05:29:39.933-0300] {dagbag.py:540} INFO - Filling up the DagBag from /home/athlon/projects/airflow/.venv/lib/python3.11/site-packages/airflow/example_dags/example_nested_branch_dag.py
[2024-04-26T05:29:39.958-0300] {processor.py:840} INFO - DAG(s) 'example_nested_branch_dag' retrieved from /home/athlon/projects/airflow/.venv/lib/python3.11/site-packages/airflow/example_dags/example_nested_branch_dag.py
[2024-04-26T05:29:39.985-0300] {logging_mixin.py:188} INFO - [2024-04-26T05:29:39.984-0300] {dag.py:3096} INFO - Sync 1 DAGs
[2024-04-26T05:29:40.014-0300] {logging_mixin.py:188} INFO - [2024-04-26T05:29:40.014-0300] {dag.py:3954} INFO - Setting next_dagrun for example_nested_branch_dag to 2024-04-25 00:00:00+00:00, run_after=2024-04-26 00:00:00+00:00
[2024-04-26T05:29:40.045-0300] {processor.py:183} INFO - Processing /home/athlon/projects/airflow/.venv/lib/python3.11/site-packages/airflow/example_dags/example_nested_branch_dag.py took 0.133 seconds
[2024-04-26T05:30:37.311-0300] {processor.py:161} INFO - Started process (PID=9698) to work on /home/athlon/projects/airflow/.venv/lib/python3.11/site-packages/airflow/example_dags/example_nested_branch_dag.py
[2024-04-26T05:30:37.316-0300] {processor.py:830} INFO - Processing file /home/athlon/projects/airflow/.venv/lib/python3.11/site-packages/airflow/example_dags/example_nested_branch_dag.py for tasks to queue
[2024-04-26T05:30:37.319-0300] {logging_mixin.py:188} INFO - [2024-04-26T05:30:37.318-0300] {dagbag.py:540} INFO - Filling up the DagBag from /home/athlon/projects/airflow/.venv/lib/python3.11/site-packages/airflow/example_dags/example_nested_branch_dag.py
[2024-04-26T05:30:37.337-0300] {processor.py:840} INFO - DAG(s) 'example_nested_branch_dag' retrieved from /home/athlon/projects/airflow/.venv/lib/python3.11/site-packages/airflow/example_dags/example_nested_branch_dag.py
[2024-04-26T05:30:37.362-0300] {logging_mixin.py:188} INFO - [2024-04-26T05:30:37.362-0300] {dag.py:3096} INFO - Sync 1 DAGs
[2024-04-26T05:30:37.391-0300] {logging_mixin.py:188} INFO - [2024-04-26T05:30:37.391-0300] {dag.py:3954} INFO - Setting next_dagrun for example_nested_branch_dag to 2024-04-25 00:00:00+00:00, run_after=2024-04-26 00:00:00+00:00
[2024-04-26T05:30:37.421-0300] {processor.py:183} INFO - Processing /home/athlon/projects/airflow/.venv/lib/python3.11/site-packages/airflow/example_dags/example_nested_branch_dag.py took 0.121 seconds
[2024-04-26T05:31:42.524-0300] {processor.py:161} INFO - Started process (PID=9760) to work on /home/athlon/projects/airflow/.venv/lib/python3.11/site-packages/airflow/example_dags/example_nested_branch_dag.py
[2024-04-26T05:31:42.529-0300] {processor.py:830} INFO - Processing file /home/athlon/projects/airflow/.venv/lib/python3.11/site-packages/airflow/example_dags/example_nested_branch_dag.py for tasks to queue
[2024-04-26T05:31:42.532-0300] {logging_mixin.py:188} INFO - [2024-04-26T05:31:42.531-0300] {dagbag.py:540} INFO - Filling up the DagBag from /home/athlon/projects/airflow/.venv/lib/python3.11/site-packages/airflow/example_dags/example_nested_branch_dag.py
[2024-04-26T05:31:42.550-0300] {processor.py:840} INFO - DAG(s) 'example_nested_branch_dag' retrieved from /home/athlon/projects/airflow/.venv/lib/python3.11/site-packages/airflow/example_dags/example_nested_branch_dag.py
[2024-04-26T05:31:42.576-0300] {logging_mixin.py:188} INFO - [2024-04-26T05:31:42.575-0300] {dag.py:3096} INFO - Sync 1 DAGs
[2024-04-26T05:31:42.604-0300] {logging_mixin.py:188} INFO - [2024-04-26T05:31:42.604-0300] {dag.py:3954} INFO - Setting next_dagrun for example_nested_branch_dag to 2024-04-25 00:00:00+00:00, run_after=2024-04-26 00:00:00+00:00
[2024-04-26T05:31:42.632-0300] {processor.py:183} INFO - Processing /home/athlon/projects/airflow/.venv/lib/python3.11/site-packages/airflow/example_dags/example_nested_branch_dag.py took 0.119 seconds
[2024-04-26T05:32:42.023-0300] {processor.py:161} INFO - Started process (PID=9815) to work on /home/athlon/projects/airflow/.venv/lib/python3.11/site-packages/airflow/example_dags/example_nested_branch_dag.py
[2024-04-26T05:32:42.029-0300] {processor.py:830} INFO - Processing file /home/athlon/projects/airflow/.venv/lib/python3.11/site-packages/airflow/example_dags/example_nested_branch_dag.py for tasks to queue
[2024-04-26T05:32:42.032-0300] {logging_mixin.py:188} INFO - [2024-04-26T05:32:42.031-0300] {dagbag.py:540} INFO - Filling up the DagBag from /home/athlon/projects/airflow/.venv/lib/python3.11/site-packages/airflow/example_dags/example_nested_branch_dag.py
[2024-04-26T05:32:42.049-0300] {processor.py:840} INFO - DAG(s) 'example_nested_branch_dag' retrieved from /home/athlon/projects/airflow/.venv/lib/python3.11/site-packages/airflow/example_dags/example_nested_branch_dag.py
[2024-04-26T05:32:42.076-0300] {logging_mixin.py:188} INFO - [2024-04-26T05:32:42.076-0300] {dag.py:3096} INFO - Sync 1 DAGs
[2024-04-26T05:32:42.105-0300] {logging_mixin.py:188} INFO - [2024-04-26T05:32:42.104-0300] {dag.py:3954} INFO - Setting next_dagrun for example_nested_branch_dag to 2024-04-25 00:00:00+00:00, run_after=2024-04-26 00:00:00+00:00
[2024-04-26T05:32:42.132-0300] {processor.py:183} INFO - Processing /home/athlon/projects/airflow/.venv/lib/python3.11/site-packages/airflow/example_dags/example_nested_branch_dag.py took 0.122 seconds
[2024-04-26T05:33:41.819-0300] {processor.py:161} INFO - Started process (PID=9868) to work on /home/athlon/projects/airflow/.venv/lib/python3.11/site-packages/airflow/example_dags/example_nested_branch_dag.py
[2024-04-26T05:33:41.825-0300] {processor.py:830} INFO - Processing file /home/athlon/projects/airflow/.venv/lib/python3.11/site-packages/airflow/example_dags/example_nested_branch_dag.py for tasks to queue
[2024-04-26T05:33:41.828-0300] {logging_mixin.py:188} INFO - [2024-04-26T05:33:41.827-0300] {dagbag.py:540} INFO - Filling up the DagBag from /home/athlon/projects/airflow/.venv/lib/python3.11/site-packages/airflow/example_dags/example_nested_branch_dag.py
[2024-04-26T05:33:41.845-0300] {processor.py:840} INFO - DAG(s) 'example_nested_branch_dag' retrieved from /home/athlon/projects/airflow/.venv/lib/python3.11/site-packages/airflow/example_dags/example_nested_branch_dag.py
[2024-04-26T05:33:41.870-0300] {logging_mixin.py:188} INFO - [2024-04-26T05:33:41.869-0300] {dag.py:3096} INFO - Sync 1 DAGs
[2024-04-26T05:33:42.025-0300] {logging_mixin.py:188} INFO - [2024-04-26T05:33:42.025-0300] {dag.py:3954} INFO - Setting next_dagrun for example_nested_branch_dag to 2024-04-25 00:00:00+00:00, run_after=2024-04-26 00:00:00+00:00
[2024-04-26T05:33:42.056-0300] {processor.py:183} INFO - Processing /home/athlon/projects/airflow/.venv/lib/python3.11/site-packages/airflow/example_dags/example_nested_branch_dag.py took 0.247 seconds
[2024-04-26T05:34:39.638-0300] {processor.py:161} INFO - Started process (PID=9937) to work on /home/athlon/projects/airflow/.venv/lib/python3.11/site-packages/airflow/example_dags/example_nested_branch_dag.py
[2024-04-26T05:34:39.644-0300] {processor.py:830} INFO - Processing file /home/athlon/projects/airflow/.venv/lib/python3.11/site-packages/airflow/example_dags/example_nested_branch_dag.py for tasks to queue
[2024-04-26T05:34:39.647-0300] {logging_mixin.py:188} INFO - [2024-04-26T05:34:39.647-0300] {dagbag.py:540} INFO - Filling up the DagBag from /home/athlon/projects/airflow/.venv/lib/python3.11/site-packages/airflow/example_dags/example_nested_branch_dag.py
[2024-04-26T05:34:39.666-0300] {processor.py:840} INFO - DAG(s) 'example_nested_branch_dag' retrieved from /home/athlon/projects/airflow/.venv/lib/python3.11/site-packages/airflow/example_dags/example_nested_branch_dag.py
[2024-04-26T05:34:39.691-0300] {logging_mixin.py:188} INFO - [2024-04-26T05:34:39.691-0300] {dag.py:3096} INFO - Sync 1 DAGs
[2024-04-26T05:34:39.722-0300] {logging_mixin.py:188} INFO - [2024-04-26T05:34:39.721-0300] {dag.py:3954} INFO - Setting next_dagrun for example_nested_branch_dag to 2024-04-25 00:00:00+00:00, run_after=2024-04-26 00:00:00+00:00
[2024-04-26T05:34:39.752-0300] {processor.py:183} INFO - Processing /home/athlon/projects/airflow/.venv/lib/python3.11/site-packages/airflow/example_dags/example_nested_branch_dag.py took 0.124 seconds
[2024-04-26T05:35:34.330-0300] {processor.py:161} INFO - Started process (PID=9988) to work on /home/athlon/projects/airflow/.venv/lib/python3.11/site-packages/airflow/example_dags/example_nested_branch_dag.py
[2024-04-26T05:35:34.336-0300] {processor.py:830} INFO - Processing file /home/athlon/projects/airflow/.venv/lib/python3.11/site-packages/airflow/example_dags/example_nested_branch_dag.py for tasks to queue
[2024-04-26T05:35:34.339-0300] {logging_mixin.py:188} INFO - [2024-04-26T05:35:34.338-0300] {dagbag.py:540} INFO - Filling up the DagBag from /home/athlon/projects/airflow/.venv/lib/python3.11/site-packages/airflow/example_dags/example_nested_branch_dag.py
[2024-04-26T05:35:34.357-0300] {processor.py:840} INFO - DAG(s) 'example_nested_branch_dag' retrieved from /home/athlon/projects/airflow/.venv/lib/python3.11/site-packages/airflow/example_dags/example_nested_branch_dag.py
[2024-04-26T05:35:34.382-0300] {logging_mixin.py:188} INFO - [2024-04-26T05:35:34.382-0300] {dag.py:3096} INFO - Sync 1 DAGs
[2024-04-26T05:35:34.411-0300] {logging_mixin.py:188} INFO - [2024-04-26T05:35:34.411-0300] {dag.py:3954} INFO - Setting next_dagrun for example_nested_branch_dag to 2024-04-25 00:00:00+00:00, run_after=2024-04-26 00:00:00+00:00
[2024-04-26T05:35:34.443-0300] {processor.py:183} INFO - Processing /home/athlon/projects/airflow/.venv/lib/python3.11/site-packages/airflow/example_dags/example_nested_branch_dag.py took 0.124 seconds
[2024-04-26T05:36:30.118-0300] {processor.py:161} INFO - Started process (PID=10039) to work on /home/athlon/projects/airflow/.venv/lib/python3.11/site-packages/airflow/example_dags/example_nested_branch_dag.py
[2024-04-26T05:36:30.124-0300] {processor.py:830} INFO - Processing file /home/athlon/projects/airflow/.venv/lib/python3.11/site-packages/airflow/example_dags/example_nested_branch_dag.py for tasks to queue
[2024-04-26T05:36:30.127-0300] {logging_mixin.py:188} INFO - [2024-04-26T05:36:30.126-0300] {dagbag.py:540} INFO - Filling up the DagBag from /home/athlon/projects/airflow/.venv/lib/python3.11/site-packages/airflow/example_dags/example_nested_branch_dag.py
[2024-04-26T05:36:30.145-0300] {processor.py:840} INFO - DAG(s) 'example_nested_branch_dag' retrieved from /home/athlon/projects/airflow/.venv/lib/python3.11/site-packages/airflow/example_dags/example_nested_branch_dag.py
[2024-04-26T05:36:30.170-0300] {logging_mixin.py:188} INFO - [2024-04-26T05:36:30.169-0300] {dag.py:3096} INFO - Sync 1 DAGs
[2024-04-26T05:36:30.199-0300] {logging_mixin.py:188} INFO - [2024-04-26T05:36:30.198-0300] {dag.py:3954} INFO - Setting next_dagrun for example_nested_branch_dag to 2024-04-25 00:00:00+00:00, run_after=2024-04-26 00:00:00+00:00
[2024-04-26T05:36:30.228-0300] {processor.py:183} INFO - Processing /home/athlon/projects/airflow/.venv/lib/python3.11/site-packages/airflow/example_dags/example_nested_branch_dag.py took 0.121 seconds
[2024-04-26T05:37:25.975-0300] {processor.py:161} INFO - Started process (PID=10095) to work on /home/athlon/projects/airflow/.venv/lib/python3.11/site-packages/airflow/example_dags/example_nested_branch_dag.py
[2024-04-26T05:37:25.980-0300] {processor.py:830} INFO - Processing file /home/athlon/projects/airflow/.venv/lib/python3.11/site-packages/airflow/example_dags/example_nested_branch_dag.py for tasks to queue
[2024-04-26T05:37:25.983-0300] {logging_mixin.py:188} INFO - [2024-04-26T05:37:25.982-0300] {dagbag.py:540} INFO - Filling up the DagBag from /home/athlon/projects/airflow/.venv/lib/python3.11/site-packages/airflow/example_dags/example_nested_branch_dag.py
[2024-04-26T05:37:26.001-0300] {processor.py:840} INFO - DAG(s) 'example_nested_branch_dag' retrieved from /home/athlon/projects/airflow/.venv/lib/python3.11/site-packages/airflow/example_dags/example_nested_branch_dag.py
[2024-04-26T05:37:26.026-0300] {logging_mixin.py:188} INFO - [2024-04-26T05:37:26.026-0300] {dag.py:3096} INFO - Sync 1 DAGs
[2024-04-26T05:37:26.055-0300] {logging_mixin.py:188} INFO - [2024-04-26T05:37:26.055-0300] {dag.py:3954} INFO - Setting next_dagrun for example_nested_branch_dag to 2024-04-25 00:00:00+00:00, run_after=2024-04-26 00:00:00+00:00
[2024-04-26T05:37:26.085-0300] {processor.py:183} INFO - Processing /home/athlon/projects/airflow/.venv/lib/python3.11/site-packages/airflow/example_dags/example_nested_branch_dag.py took 0.121 seconds
[2024-04-26T05:38:22.672-0300] {processor.py:161} INFO - Started process (PID=10146) to work on /home/athlon/projects/airflow/.venv/lib/python3.11/site-packages/airflow/example_dags/example_nested_branch_dag.py
[2024-04-26T05:38:22.677-0300] {processor.py:830} INFO - Processing file /home/athlon/projects/airflow/.venv/lib/python3.11/site-packages/airflow/example_dags/example_nested_branch_dag.py for tasks to queue
[2024-04-26T05:38:22.680-0300] {logging_mixin.py:188} INFO - [2024-04-26T05:38:22.679-0300] {dagbag.py:540} INFO - Filling up the DagBag from /home/athlon/projects/airflow/.venv/lib/python3.11/site-packages/airflow/example_dags/example_nested_branch_dag.py
[2024-04-26T05:38:22.698-0300] {processor.py:840} INFO - DAG(s) 'example_nested_branch_dag' retrieved from /home/athlon/projects/airflow/.venv/lib/python3.11/site-packages/airflow/example_dags/example_nested_branch_dag.py
[2024-04-26T05:38:22.723-0300] {logging_mixin.py:188} INFO - [2024-04-26T05:38:22.723-0300] {dag.py:3096} INFO - Sync 1 DAGs
[2024-04-26T05:38:22.752-0300] {logging_mixin.py:188} INFO - [2024-04-26T05:38:22.751-0300] {dag.py:3954} INFO - Setting next_dagrun for example_nested_branch_dag to 2024-04-25 00:00:00+00:00, run_after=2024-04-26 00:00:00+00:00
[2024-04-26T05:38:22.781-0300] {processor.py:183} INFO - Processing /home/athlon/projects/airflow/.venv/lib/python3.11/site-packages/airflow/example_dags/example_nested_branch_dag.py took 0.120 seconds
[2024-04-26T05:39:24.231-0300] {processor.py:161} INFO - Started process (PID=10231) to work on /home/athlon/projects/airflow/.venv/lib/python3.11/site-packages/airflow/example_dags/example_nested_branch_dag.py
[2024-04-26T05:39:24.237-0300] {processor.py:830} INFO - Processing file /home/athlon/projects/airflow/.venv/lib/python3.11/site-packages/airflow/example_dags/example_nested_branch_dag.py for tasks to queue
[2024-04-26T05:39:24.239-0300] {logging_mixin.py:188} INFO - [2024-04-26T05:39:24.239-0300] {dagbag.py:540} INFO - Filling up the DagBag from /home/athlon/projects/airflow/.venv/lib/python3.11/site-packages/airflow/example_dags/example_nested_branch_dag.py
[2024-04-26T05:39:24.257-0300] {processor.py:840} INFO - DAG(s) 'example_nested_branch_dag' retrieved from /home/athlon/projects/airflow/.venv/lib/python3.11/site-packages/airflow/example_dags/example_nested_branch_dag.py
[2024-04-26T05:39:24.283-0300] {logging_mixin.py:188} INFO - [2024-04-26T05:39:24.282-0300] {dag.py:3096} INFO - Sync 1 DAGs
[2024-04-26T05:39:24.313-0300] {logging_mixin.py:188} INFO - [2024-04-26T05:39:24.312-0300] {dag.py:3954} INFO - Setting next_dagrun for example_nested_branch_dag to 2024-04-25 00:00:00+00:00, run_after=2024-04-26 00:00:00+00:00
[2024-04-26T05:39:24.342-0300] {processor.py:183} INFO - Processing /home/athlon/projects/airflow/.venv/lib/python3.11/site-packages/airflow/example_dags/example_nested_branch_dag.py took 0.122 seconds
[2024-04-26T05:40:23.657-0300] {processor.py:161} INFO - Started process (PID=10287) to work on /home/athlon/projects/airflow/.venv/lib/python3.11/site-packages/airflow/example_dags/example_nested_branch_dag.py
[2024-04-26T05:40:23.663-0300] {processor.py:830} INFO - Processing file /home/athlon/projects/airflow/.venv/lib/python3.11/site-packages/airflow/example_dags/example_nested_branch_dag.py for tasks to queue
[2024-04-26T05:40:23.665-0300] {logging_mixin.py:188} INFO - [2024-04-26T05:40:23.665-0300] {dagbag.py:540} INFO - Filling up the DagBag from /home/athlon/projects/airflow/.venv/lib/python3.11/site-packages/airflow/example_dags/example_nested_branch_dag.py
[2024-04-26T05:40:23.684-0300] {processor.py:840} INFO - DAG(s) 'example_nested_branch_dag' retrieved from /home/athlon/projects/airflow/.venv/lib/python3.11/site-packages/airflow/example_dags/example_nested_branch_dag.py
[2024-04-26T05:40:23.709-0300] {logging_mixin.py:188} INFO - [2024-04-26T05:40:23.708-0300] {dag.py:3096} INFO - Sync 1 DAGs
[2024-04-26T05:40:23.740-0300] {logging_mixin.py:188} INFO - [2024-04-26T05:40:23.739-0300] {dag.py:3954} INFO - Setting next_dagrun for example_nested_branch_dag to 2024-04-25 00:00:00+00:00, run_after=2024-04-26 00:00:00+00:00
[2024-04-26T05:40:23.773-0300] {processor.py:183} INFO - Processing /home/athlon/projects/airflow/.venv/lib/python3.11/site-packages/airflow/example_dags/example_nested_branch_dag.py took 0.126 seconds
[2024-04-26T05:41:24.826-0300] {processor.py:161} INFO - Started process (PID=10341) to work on /home/athlon/projects/airflow/.venv/lib/python3.11/site-packages/airflow/example_dags/example_nested_branch_dag.py
[2024-04-26T05:41:24.832-0300] {processor.py:830} INFO - Processing file /home/athlon/projects/airflow/.venv/lib/python3.11/site-packages/airflow/example_dags/example_nested_branch_dag.py for tasks to queue
[2024-04-26T05:41:24.834-0300] {logging_mixin.py:188} INFO - [2024-04-26T05:41:24.834-0300] {dagbag.py:540} INFO - Filling up the DagBag from /home/athlon/projects/airflow/.venv/lib/python3.11/site-packages/airflow/example_dags/example_nested_branch_dag.py
[2024-04-26T05:41:24.852-0300] {processor.py:840} INFO - DAG(s) 'example_nested_branch_dag' retrieved from /home/athlon/projects/airflow/.venv/lib/python3.11/site-packages/airflow/example_dags/example_nested_branch_dag.py
[2024-04-26T05:41:24.877-0300] {logging_mixin.py:188} INFO - [2024-04-26T05:41:24.877-0300] {dag.py:3096} INFO - Sync 1 DAGs
[2024-04-26T05:41:24.906-0300] {logging_mixin.py:188} INFO - [2024-04-26T05:41:24.906-0300] {dag.py:3954} INFO - Setting next_dagrun for example_nested_branch_dag to 2024-04-25 00:00:00+00:00, run_after=2024-04-26 00:00:00+00:00
[2024-04-26T05:41:24.937-0300] {processor.py:183} INFO - Processing /home/athlon/projects/airflow/.venv/lib/python3.11/site-packages/airflow/example_dags/example_nested_branch_dag.py took 0.122 seconds
[2024-04-26T05:42:27.035-0300] {processor.py:161} INFO - Started process (PID=10394) to work on /home/athlon/projects/airflow/.venv/lib/python3.11/site-packages/airflow/example_dags/example_nested_branch_dag.py
[2024-04-26T05:42:27.041-0300] {processor.py:830} INFO - Processing file /home/athlon/projects/airflow/.venv/lib/python3.11/site-packages/airflow/example_dags/example_nested_branch_dag.py for tasks to queue
[2024-04-26T05:42:27.044-0300] {logging_mixin.py:188} INFO - [2024-04-26T05:42:27.043-0300] {dagbag.py:540} INFO - Filling up the DagBag from /home/athlon/projects/airflow/.venv/lib/python3.11/site-packages/airflow/example_dags/example_nested_branch_dag.py
[2024-04-26T05:42:27.062-0300] {processor.py:840} INFO - DAG(s) 'example_nested_branch_dag' retrieved from /home/athlon/projects/airflow/.venv/lib/python3.11/site-packages/airflow/example_dags/example_nested_branch_dag.py
[2024-04-26T05:42:27.087-0300] {logging_mixin.py:188} INFO - [2024-04-26T05:42:27.087-0300] {dag.py:3096} INFO - Sync 1 DAGs
[2024-04-26T05:42:27.116-0300] {logging_mixin.py:188} INFO - [2024-04-26T05:42:27.116-0300] {dag.py:3954} INFO - Setting next_dagrun for example_nested_branch_dag to 2024-04-25 00:00:00+00:00, run_after=2024-04-26 00:00:00+00:00
[2024-04-26T05:42:27.146-0300] {processor.py:183} INFO - Processing /home/athlon/projects/airflow/.venv/lib/python3.11/site-packages/airflow/example_dags/example_nested_branch_dag.py took 0.122 seconds
[2024-04-26T05:43:26.779-0300] {processor.py:161} INFO - Started process (PID=10446) to work on /home/athlon/projects/airflow/.venv/lib/python3.11/site-packages/airflow/example_dags/example_nested_branch_dag.py
[2024-04-26T05:43:26.784-0300] {processor.py:830} INFO - Processing file /home/athlon/projects/airflow/.venv/lib/python3.11/site-packages/airflow/example_dags/example_nested_branch_dag.py for tasks to queue
[2024-04-26T05:43:26.787-0300] {logging_mixin.py:188} INFO - [2024-04-26T05:43:26.786-0300] {dagbag.py:540} INFO - Filling up the DagBag from /home/athlon/projects/airflow/.venv/lib/python3.11/site-packages/airflow/example_dags/example_nested_branch_dag.py
[2024-04-26T05:43:26.805-0300] {processor.py:840} INFO - DAG(s) 'example_nested_branch_dag' retrieved from /home/athlon/projects/airflow/.venv/lib/python3.11/site-packages/airflow/example_dags/example_nested_branch_dag.py
[2024-04-26T05:43:26.830-0300] {logging_mixin.py:188} INFO - [2024-04-26T05:43:26.830-0300] {dag.py:3096} INFO - Sync 1 DAGs
[2024-04-26T05:43:26.864-0300] {logging_mixin.py:188} INFO - [2024-04-26T05:43:26.864-0300] {dag.py:3954} INFO - Setting next_dagrun for example_nested_branch_dag to 2024-04-25 00:00:00+00:00, run_after=2024-04-26 00:00:00+00:00
[2024-04-26T05:43:26.895-0300] {processor.py:183} INFO - Processing /home/athlon/projects/airflow/.venv/lib/python3.11/site-packages/airflow/example_dags/example_nested_branch_dag.py took 0.127 seconds
[2024-04-26T05:44:21.969-0300] {processor.py:161} INFO - Started process (PID=10500) to work on /home/athlon/projects/airflow/.venv/lib/python3.11/site-packages/airflow/example_dags/example_nested_branch_dag.py
[2024-04-26T05:44:21.975-0300] {processor.py:830} INFO - Processing file /home/athlon/projects/airflow/.venv/lib/python3.11/site-packages/airflow/example_dags/example_nested_branch_dag.py for tasks to queue
[2024-04-26T05:44:21.978-0300] {logging_mixin.py:188} INFO - [2024-04-26T05:44:21.977-0300] {dagbag.py:540} INFO - Filling up the DagBag from /home/athlon/projects/airflow/.venv/lib/python3.11/site-packages/airflow/example_dags/example_nested_branch_dag.py
[2024-04-26T05:44:21.996-0300] {processor.py:840} INFO - DAG(s) 'example_nested_branch_dag' retrieved from /home/athlon/projects/airflow/.venv/lib/python3.11/site-packages/airflow/example_dags/example_nested_branch_dag.py
[2024-04-26T05:44:22.022-0300] {logging_mixin.py:188} INFO - [2024-04-26T05:44:22.021-0300] {dag.py:3096} INFO - Sync 1 DAGs
[2024-04-26T05:44:22.051-0300] {logging_mixin.py:188} INFO - [2024-04-26T05:44:22.050-0300] {dag.py:3954} INFO - Setting next_dagrun for example_nested_branch_dag to 2024-04-25 00:00:00+00:00, run_after=2024-04-26 00:00:00+00:00
[2024-04-26T05:44:22.080-0300] {processor.py:183} INFO - Processing /home/athlon/projects/airflow/.venv/lib/python3.11/site-packages/airflow/example_dags/example_nested_branch_dag.py took 0.121 seconds
[2024-04-26T05:45:18.737-0300] {processor.py:161} INFO - Started process (PID=10550) to work on /home/athlon/projects/airflow/.venv/lib/python3.11/site-packages/airflow/example_dags/example_nested_branch_dag.py
[2024-04-26T05:45:18.743-0300] {processor.py:830} INFO - Processing file /home/athlon/projects/airflow/.venv/lib/python3.11/site-packages/airflow/example_dags/example_nested_branch_dag.py for tasks to queue
[2024-04-26T05:45:18.745-0300] {logging_mixin.py:188} INFO - [2024-04-26T05:45:18.745-0300] {dagbag.py:540} INFO - Filling up the DagBag from /home/athlon/projects/airflow/.venv/lib/python3.11/site-packages/airflow/example_dags/example_nested_branch_dag.py
[2024-04-26T05:45:18.762-0300] {processor.py:840} INFO - DAG(s) 'example_nested_branch_dag' retrieved from /home/athlon/projects/airflow/.venv/lib/python3.11/site-packages/airflow/example_dags/example_nested_branch_dag.py
[2024-04-26T05:45:18.786-0300] {logging_mixin.py:188} INFO - [2024-04-26T05:45:18.786-0300] {dag.py:3096} INFO - Sync 1 DAGs
[2024-04-26T05:45:18.816-0300] {logging_mixin.py:188} INFO - [2024-04-26T05:45:18.815-0300] {dag.py:3954} INFO - Setting next_dagrun for example_nested_branch_dag to 2024-04-25 00:00:00+00:00, run_after=2024-04-26 00:00:00+00:00
[2024-04-26T05:45:18.845-0300] {processor.py:183} INFO - Processing /home/athlon/projects/airflow/.venv/lib/python3.11/site-packages/airflow/example_dags/example_nested_branch_dag.py took 0.118 seconds
[2024-04-26T05:46:19.105-0300] {processor.py:161} INFO - Started process (PID=10605) to work on /home/athlon/projects/airflow/.venv/lib/python3.11/site-packages/airflow/example_dags/example_nested_branch_dag.py
[2024-04-26T05:46:19.107-0300] {processor.py:830} INFO - Processing file /home/athlon/projects/airflow/.venv/lib/python3.11/site-packages/airflow/example_dags/example_nested_branch_dag.py for tasks to queue
[2024-04-26T05:46:19.109-0300] {logging_mixin.py:188} INFO - [2024-04-26T05:46:19.109-0300] {dagbag.py:540} INFO - Filling up the DagBag from /home/athlon/projects/airflow/.venv/lib/python3.11/site-packages/airflow/example_dags/example_nested_branch_dag.py
[2024-04-26T05:46:19.126-0300] {processor.py:840} INFO - DAG(s) 'example_nested_branch_dag' retrieved from /home/athlon/projects/airflow/.venv/lib/python3.11/site-packages/airflow/example_dags/example_nested_branch_dag.py
[2024-04-26T05:46:19.149-0300] {logging_mixin.py:188} INFO - [2024-04-26T05:46:19.149-0300] {dag.py:3096} INFO - Sync 1 DAGs
[2024-04-26T05:46:19.179-0300] {logging_mixin.py:188} INFO - [2024-04-26T05:46:19.178-0300] {dag.py:3954} INFO - Setting next_dagrun for example_nested_branch_dag to 2024-04-25 00:00:00+00:00, run_after=2024-04-26 00:00:00+00:00
[2024-04-26T05:46:19.208-0300] {processor.py:183} INFO - Processing /home/athlon/projects/airflow/.venv/lib/python3.11/site-packages/airflow/example_dags/example_nested_branch_dag.py took 0.112 seconds
[2024-04-26T05:47:15.478-0300] {processor.py:161} INFO - Started process (PID=10671) to work on /home/athlon/projects/airflow/.venv/lib/python3.11/site-packages/airflow/example_dags/example_nested_branch_dag.py
[2024-04-26T05:47:15.484-0300] {processor.py:830} INFO - Processing file /home/athlon/projects/airflow/.venv/lib/python3.11/site-packages/airflow/example_dags/example_nested_branch_dag.py for tasks to queue
[2024-04-26T05:47:15.487-0300] {logging_mixin.py:188} INFO - [2024-04-26T05:47:15.486-0300] {dagbag.py:540} INFO - Filling up the DagBag from /home/athlon/projects/airflow/.venv/lib/python3.11/site-packages/airflow/example_dags/example_nested_branch_dag.py
[2024-04-26T05:47:15.503-0300] {processor.py:840} INFO - DAG(s) 'example_nested_branch_dag' retrieved from /home/athlon/projects/airflow/.venv/lib/python3.11/site-packages/airflow/example_dags/example_nested_branch_dag.py
[2024-04-26T05:47:15.528-0300] {logging_mixin.py:188} INFO - [2024-04-26T05:47:15.528-0300] {dag.py:3096} INFO - Sync 1 DAGs
[2024-04-26T05:47:15.558-0300] {logging_mixin.py:188} INFO - [2024-04-26T05:47:15.558-0300] {dag.py:3954} INFO - Setting next_dagrun for example_nested_branch_dag to 2024-04-25 00:00:00+00:00, run_after=2024-04-26 00:00:00+00:00
[2024-04-26T05:47:15.588-0300] {processor.py:183} INFO - Processing /home/athlon/projects/airflow/.venv/lib/python3.11/site-packages/airflow/example_dags/example_nested_branch_dag.py took 0.119 seconds
[2024-04-26T05:48:09.256-0300] {processor.py:161} INFO - Started process (PID=10747) to work on /home/athlon/projects/airflow/.venv/lib/python3.11/site-packages/airflow/example_dags/example_nested_branch_dag.py
[2024-04-26T05:48:09.260-0300] {processor.py:830} INFO - Processing file /home/athlon/projects/airflow/.venv/lib/python3.11/site-packages/airflow/example_dags/example_nested_branch_dag.py for tasks to queue
[2024-04-26T05:48:09.263-0300] {logging_mixin.py:188} INFO - [2024-04-26T05:48:09.262-0300] {dagbag.py:540} INFO - Filling up the DagBag from /home/athlon/projects/airflow/.venv/lib/python3.11/site-packages/airflow/example_dags/example_nested_branch_dag.py
[2024-04-26T05:48:09.278-0300] {processor.py:840} INFO - DAG(s) 'example_nested_branch_dag' retrieved from /home/athlon/projects/airflow/.venv/lib/python3.11/site-packages/airflow/example_dags/example_nested_branch_dag.py
[2024-04-26T05:48:09.301-0300] {logging_mixin.py:188} INFO - [2024-04-26T05:48:09.301-0300] {dag.py:3096} INFO - Sync 1 DAGs
[2024-04-26T05:48:09.330-0300] {logging_mixin.py:188} INFO - [2024-04-26T05:48:09.330-0300] {dag.py:3954} INFO - Setting next_dagrun for example_nested_branch_dag to 2024-04-25 00:00:00+00:00, run_after=2024-04-26 00:00:00+00:00
[2024-04-26T05:48:09.362-0300] {processor.py:183} INFO - Processing /home/athlon/projects/airflow/.venv/lib/python3.11/site-packages/airflow/example_dags/example_nested_branch_dag.py took 0.119 seconds
[2024-04-26T05:49:10.538-0300] {processor.py:161} INFO - Started process (PID=10830) to work on /home/athlon/projects/airflow/.venv/lib/python3.11/site-packages/airflow/example_dags/example_nested_branch_dag.py
[2024-04-26T05:49:10.544-0300] {processor.py:830} INFO - Processing file /home/athlon/projects/airflow/.venv/lib/python3.11/site-packages/airflow/example_dags/example_nested_branch_dag.py for tasks to queue
[2024-04-26T05:49:10.546-0300] {logging_mixin.py:188} INFO - [2024-04-26T05:49:10.546-0300] {dagbag.py:540} INFO - Filling up the DagBag from /home/athlon/projects/airflow/.venv/lib/python3.11/site-packages/airflow/example_dags/example_nested_branch_dag.py
[2024-04-26T05:49:10.562-0300] {processor.py:840} INFO - DAG(s) 'example_nested_branch_dag' retrieved from /home/athlon/projects/airflow/.venv/lib/python3.11/site-packages/airflow/example_dags/example_nested_branch_dag.py
[2024-04-26T05:49:10.589-0300] {logging_mixin.py:188} INFO - [2024-04-26T05:49:10.588-0300] {dag.py:3096} INFO - Sync 1 DAGs
[2024-04-26T05:49:10.619-0300] {logging_mixin.py:188} INFO - [2024-04-26T05:49:10.619-0300] {dag.py:3954} INFO - Setting next_dagrun for example_nested_branch_dag to 2024-04-25 00:00:00+00:00, run_after=2024-04-26 00:00:00+00:00
[2024-04-26T05:49:10.650-0300] {processor.py:183} INFO - Processing /home/athlon/projects/airflow/.venv/lib/python3.11/site-packages/airflow/example_dags/example_nested_branch_dag.py took 0.120 seconds
[2024-04-26T05:50:10.050-0300] {processor.py:161} INFO - Started process (PID=10914) to work on /home/athlon/projects/airflow/.venv/lib/python3.11/site-packages/airflow/example_dags/example_nested_branch_dag.py
[2024-04-26T05:50:10.054-0300] {processor.py:830} INFO - Processing file /home/athlon/projects/airflow/.venv/lib/python3.11/site-packages/airflow/example_dags/example_nested_branch_dag.py for tasks to queue
[2024-04-26T05:50:10.059-0300] {logging_mixin.py:188} INFO - [2024-04-26T05:50:10.058-0300] {dagbag.py:540} INFO - Filling up the DagBag from /home/athlon/projects/airflow/.venv/lib/python3.11/site-packages/airflow/example_dags/example_nested_branch_dag.py
[2024-04-26T05:50:10.092-0300] {processor.py:840} INFO - DAG(s) 'example_nested_branch_dag' retrieved from /home/athlon/projects/airflow/.venv/lib/python3.11/site-packages/airflow/example_dags/example_nested_branch_dag.py
[2024-04-26T05:50:10.160-0300] {logging_mixin.py:188} INFO - [2024-04-26T05:50:10.160-0300] {dag.py:3096} INFO - Sync 1 DAGs
[2024-04-26T05:50:10.277-0300] {logging_mixin.py:188} INFO - [2024-04-26T05:50:10.277-0300] {dag.py:3954} INFO - Setting next_dagrun for example_nested_branch_dag to 2024-04-25 00:00:00+00:00, run_after=2024-04-26 00:00:00+00:00
[2024-04-26T05:50:10.368-0300] {processor.py:183} INFO - Processing /home/athlon/projects/airflow/.venv/lib/python3.11/site-packages/airflow/example_dags/example_nested_branch_dag.py took 0.338 seconds
[2024-04-26T05:51:29.214-0300] {processor.py:161} INFO - Started process (PID=10989) to work on /home/athlon/projects/airflow/.venv/lib/python3.11/site-packages/airflow/example_dags/example_nested_branch_dag.py
[2024-04-26T05:51:29.218-0300] {processor.py:830} INFO - Processing file /home/athlon/projects/airflow/.venv/lib/python3.11/site-packages/airflow/example_dags/example_nested_branch_dag.py for tasks to queue
[2024-04-26T05:51:29.225-0300] {logging_mixin.py:188} INFO - [2024-04-26T05:51:29.224-0300] {dagbag.py:540} INFO - Filling up the DagBag from /home/athlon/projects/airflow/.venv/lib/python3.11/site-packages/airflow/example_dags/example_nested_branch_dag.py
[2024-04-26T05:51:29.284-0300] {processor.py:840} INFO - DAG(s) 'example_nested_branch_dag' retrieved from /home/athlon/projects/airflow/.venv/lib/python3.11/site-packages/airflow/example_dags/example_nested_branch_dag.py
[2024-04-26T05:51:29.358-0300] {logging_mixin.py:188} INFO - [2024-04-26T05:51:29.358-0300] {dag.py:3096} INFO - Sync 1 DAGs
[2024-04-26T05:51:29.490-0300] {logging_mixin.py:188} INFO - [2024-04-26T05:51:29.489-0300] {dag.py:3954} INFO - Setting next_dagrun for example_nested_branch_dag to 2024-04-25 00:00:00+00:00, run_after=2024-04-26 00:00:00+00:00
[2024-04-26T05:51:29.555-0300] {processor.py:183} INFO - Processing /home/athlon/projects/airflow/.venv/lib/python3.11/site-packages/airflow/example_dags/example_nested_branch_dag.py took 0.358 seconds
[2024-04-26T05:52:39.173-0300] {processor.py:161} INFO - Started process (PID=11054) to work on /home/athlon/projects/airflow/.venv/lib/python3.11/site-packages/airflow/example_dags/example_nested_branch_dag.py
[2024-04-26T05:52:39.179-0300] {processor.py:830} INFO - Processing file /home/athlon/projects/airflow/.venv/lib/python3.11/site-packages/airflow/example_dags/example_nested_branch_dag.py for tasks to queue
[2024-04-26T05:52:39.183-0300] {logging_mixin.py:188} INFO - [2024-04-26T05:52:39.181-0300] {dagbag.py:540} INFO - Filling up the DagBag from /home/athlon/projects/airflow/.venv/lib/python3.11/site-packages/airflow/example_dags/example_nested_branch_dag.py
[2024-04-26T05:52:39.205-0300] {processor.py:840} INFO - DAG(s) 'example_nested_branch_dag' retrieved from /home/athlon/projects/airflow/.venv/lib/python3.11/site-packages/airflow/example_dags/example_nested_branch_dag.py
[2024-04-26T05:52:39.238-0300] {logging_mixin.py:188} INFO - [2024-04-26T05:52:39.238-0300] {dag.py:3096} INFO - Sync 1 DAGs
[2024-04-26T05:52:39.276-0300] {logging_mixin.py:188} INFO - [2024-04-26T05:52:39.275-0300] {dag.py:3954} INFO - Setting next_dagrun for example_nested_branch_dag to 2024-04-25 00:00:00+00:00, run_after=2024-04-26 00:00:00+00:00
[2024-04-26T05:52:39.313-0300] {processor.py:183} INFO - Processing /home/athlon/projects/airflow/.venv/lib/python3.11/site-packages/airflow/example_dags/example_nested_branch_dag.py took 0.152 seconds
