[2024-04-26T05:28:10.137-0300] {processor.py:161} INFO - Started process (PID=9529) to work on /home/athlon/projects/airflow/.venv/lib/python3.11/site-packages/airflow/example_dags/example_task_group_decorator.py
[2024-04-26T05:28:10.138-0300] {processor.py:830} INFO - Processing file /home/athlon/projects/airflow/.venv/lib/python3.11/site-packages/airflow/example_dags/example_task_group_decorator.py for tasks to queue
[2024-04-26T05:28:10.142-0300] {logging_mixin.py:188} INFO - [2024-04-26T05:28:10.141-0300] {dagbag.py:540} INFO - Filling up the DagBag from /home/athlon/projects/airflow/.venv/lib/python3.11/site-packages/airflow/example_dags/example_task_group_decorator.py
[2024-04-26T05:28:10.175-0300] {processor.py:840} INFO - DAG(s) 'example_task_group_decorator' retrieved from /home/athlon/projects/airflow/.venv/lib/python3.11/site-packages/airflow/example_dags/example_task_group_decorator.py
[2024-04-26T05:28:10.426-0300] {logging_mixin.py:188} INFO - [2024-04-26T05:28:10.425-0300] {override.py:1829} INFO - Created Permission View: can edit on DAG:example_task_group_decorator
[2024-04-26T05:28:10.449-0300] {logging_mixin.py:188} INFO - [2024-04-26T05:28:10.449-0300] {override.py:1829} INFO - Created Permission View: can delete on DAG:example_task_group_decorator
[2024-04-26T05:28:10.461-0300] {logging_mixin.py:188} INFO - [2024-04-26T05:28:10.461-0300] {override.py:1829} INFO - Created Permission View: can read on DAG:example_task_group_decorator
[2024-04-26T05:28:10.462-0300] {logging_mixin.py:188} INFO - [2024-04-26T05:28:10.462-0300] {dag.py:3096} INFO - Sync 1 DAGs
[2024-04-26T05:28:10.479-0300] {logging_mixin.py:188} INFO - [2024-04-26T05:28:10.478-0300] {dag.py:3118} INFO - Creating ORM DAG for example_task_group_decorator
[2024-04-26T05:28:10.492-0300] {logging_mixin.py:188} INFO - [2024-04-26T05:28:10.491-0300] {dag.py:3954} INFO - Setting next_dagrun for example_task_group_decorator to 2024-04-25 00:00:00+00:00, run_after=2024-04-26 00:00:00+00:00
[2024-04-26T05:28:10.522-0300] {processor.py:183} INFO - Processing /home/athlon/projects/airflow/.venv/lib/python3.11/site-packages/airflow/example_dags/example_task_group_decorator.py took 0.395 seconds
[2024-04-26T05:29:18.912-0300] {processor.py:161} INFO - Started process (PID=9627) to work on /home/athlon/projects/airflow/.venv/lib/python3.11/site-packages/airflow/example_dags/example_task_group_decorator.py
[2024-04-26T05:29:18.914-0300] {processor.py:830} INFO - Processing file /home/athlon/projects/airflow/.venv/lib/python3.11/site-packages/airflow/example_dags/example_task_group_decorator.py for tasks to queue
[2024-04-26T05:29:18.916-0300] {logging_mixin.py:188} INFO - [2024-04-26T05:29:18.916-0300] {dagbag.py:540} INFO - Filling up the DagBag from /home/athlon/projects/airflow/.venv/lib/python3.11/site-packages/airflow/example_dags/example_task_group_decorator.py
[2024-04-26T05:29:18.950-0300] {processor.py:840} INFO - DAG(s) 'example_task_group_decorator' retrieved from /home/athlon/projects/airflow/.venv/lib/python3.11/site-packages/airflow/example_dags/example_task_group_decorator.py
[2024-04-26T05:29:18.984-0300] {logging_mixin.py:188} INFO - [2024-04-26T05:29:18.984-0300] {dag.py:3096} INFO - Sync 1 DAGs
[2024-04-26T05:29:19.019-0300] {logging_mixin.py:188} INFO - [2024-04-26T05:29:19.019-0300] {dag.py:3954} INFO - Setting next_dagrun for example_task_group_decorator to 2024-04-25 00:00:00+00:00, run_after=2024-04-26 00:00:00+00:00
[2024-04-26T05:29:19.054-0300] {processor.py:183} INFO - Processing /home/athlon/projects/airflow/.venv/lib/python3.11/site-packages/airflow/example_dags/example_task_group_decorator.py took 0.151 seconds
[2024-04-26T05:30:19.269-0300] {processor.py:161} INFO - Started process (PID=9682) to work on /home/athlon/projects/airflow/.venv/lib/python3.11/site-packages/airflow/example_dags/example_task_group_decorator.py
[2024-04-26T05:30:19.275-0300] {processor.py:830} INFO - Processing file /home/athlon/projects/airflow/.venv/lib/python3.11/site-packages/airflow/example_dags/example_task_group_decorator.py for tasks to queue
[2024-04-26T05:30:19.278-0300] {logging_mixin.py:188} INFO - [2024-04-26T05:30:19.277-0300] {dagbag.py:540} INFO - Filling up the DagBag from /home/athlon/projects/airflow/.venv/lib/python3.11/site-packages/airflow/example_dags/example_task_group_decorator.py
[2024-04-26T05:30:19.304-0300] {processor.py:840} INFO - DAG(s) 'example_task_group_decorator' retrieved from /home/athlon/projects/airflow/.venv/lib/python3.11/site-packages/airflow/example_dags/example_task_group_decorator.py
[2024-04-26T05:30:19.334-0300] {logging_mixin.py:188} INFO - [2024-04-26T05:30:19.333-0300] {dag.py:3096} INFO - Sync 1 DAGs
[2024-04-26T05:30:19.360-0300] {logging_mixin.py:188} INFO - [2024-04-26T05:30:19.360-0300] {dag.py:3954} INFO - Setting next_dagrun for example_task_group_decorator to 2024-04-25 00:00:00+00:00, run_after=2024-04-26 00:00:00+00:00
[2024-04-26T05:30:19.389-0300] {processor.py:183} INFO - Processing /home/athlon/projects/airflow/.venv/lib/python3.11/site-packages/airflow/example_dags/example_task_group_decorator.py took 0.130 seconds
[2024-04-26T05:31:14.231-0300] {processor.py:161} INFO - Started process (PID=9732) to work on /home/athlon/projects/airflow/.venv/lib/python3.11/site-packages/airflow/example_dags/example_task_group_decorator.py
[2024-04-26T05:31:14.237-0300] {processor.py:830} INFO - Processing file /home/athlon/projects/airflow/.venv/lib/python3.11/site-packages/airflow/example_dags/example_task_group_decorator.py for tasks to queue
[2024-04-26T05:31:14.240-0300] {logging_mixin.py:188} INFO - [2024-04-26T05:31:14.240-0300] {dagbag.py:540} INFO - Filling up the DagBag from /home/athlon/projects/airflow/.venv/lib/python3.11/site-packages/airflow/example_dags/example_task_group_decorator.py
[2024-04-26T05:31:14.267-0300] {processor.py:840} INFO - DAG(s) 'example_task_group_decorator' retrieved from /home/athlon/projects/airflow/.venv/lib/python3.11/site-packages/airflow/example_dags/example_task_group_decorator.py
[2024-04-26T05:31:14.297-0300] {logging_mixin.py:188} INFO - [2024-04-26T05:31:14.296-0300] {dag.py:3096} INFO - Sync 1 DAGs
[2024-04-26T05:31:14.323-0300] {logging_mixin.py:188} INFO - [2024-04-26T05:31:14.323-0300] {dag.py:3954} INFO - Setting next_dagrun for example_task_group_decorator to 2024-04-25 00:00:00+00:00, run_after=2024-04-26 00:00:00+00:00
[2024-04-26T05:31:14.352-0300] {processor.py:183} INFO - Processing /home/athlon/projects/airflow/.venv/lib/python3.11/site-packages/airflow/example_dags/example_task_group_decorator.py took 0.133 seconds
[2024-04-26T05:32:12.684-0300] {processor.py:161} INFO - Started process (PID=9791) to work on /home/athlon/projects/airflow/.venv/lib/python3.11/site-packages/airflow/example_dags/example_task_group_decorator.py
[2024-04-26T05:32:12.690-0300] {processor.py:830} INFO - Processing file /home/athlon/projects/airflow/.venv/lib/python3.11/site-packages/airflow/example_dags/example_task_group_decorator.py for tasks to queue
[2024-04-26T05:32:12.692-0300] {logging_mixin.py:188} INFO - [2024-04-26T05:32:12.692-0300] {dagbag.py:540} INFO - Filling up the DagBag from /home/athlon/projects/airflow/.venv/lib/python3.11/site-packages/airflow/example_dags/example_task_group_decorator.py
[2024-04-26T05:32:12.719-0300] {processor.py:840} INFO - DAG(s) 'example_task_group_decorator' retrieved from /home/athlon/projects/airflow/.venv/lib/python3.11/site-packages/airflow/example_dags/example_task_group_decorator.py
[2024-04-26T05:32:12.748-0300] {logging_mixin.py:188} INFO - [2024-04-26T05:32:12.748-0300] {dag.py:3096} INFO - Sync 1 DAGs
[2024-04-26T05:32:12.775-0300] {logging_mixin.py:188} INFO - [2024-04-26T05:32:12.775-0300] {dag.py:3954} INFO - Setting next_dagrun for example_task_group_decorator to 2024-04-25 00:00:00+00:00, run_after=2024-04-26 00:00:00+00:00
[2024-04-26T05:32:12.805-0300] {processor.py:183} INFO - Processing /home/athlon/projects/airflow/.venv/lib/python3.11/site-packages/airflow/example_dags/example_task_group_decorator.py took 0.132 seconds
[2024-04-26T05:33:15.106-0300] {processor.py:161} INFO - Started process (PID=9844) to work on /home/athlon/projects/airflow/.venv/lib/python3.11/site-packages/airflow/example_dags/example_task_group_decorator.py
[2024-04-26T05:33:15.112-0300] {processor.py:830} INFO - Processing file /home/athlon/projects/airflow/.venv/lib/python3.11/site-packages/airflow/example_dags/example_task_group_decorator.py for tasks to queue
[2024-04-26T05:33:15.115-0300] {logging_mixin.py:188} INFO - [2024-04-26T05:33:15.114-0300] {dagbag.py:540} INFO - Filling up the DagBag from /home/athlon/projects/airflow/.venv/lib/python3.11/site-packages/airflow/example_dags/example_task_group_decorator.py
[2024-04-26T05:33:15.141-0300] {processor.py:840} INFO - DAG(s) 'example_task_group_decorator' retrieved from /home/athlon/projects/airflow/.venv/lib/python3.11/site-packages/airflow/example_dags/example_task_group_decorator.py
[2024-04-26T05:33:15.170-0300] {logging_mixin.py:188} INFO - [2024-04-26T05:33:15.170-0300] {dag.py:3096} INFO - Sync 1 DAGs
[2024-04-26T05:33:15.198-0300] {logging_mixin.py:188} INFO - [2024-04-26T05:33:15.197-0300] {dag.py:3954} INFO - Setting next_dagrun for example_task_group_decorator to 2024-04-25 00:00:00+00:00, run_after=2024-04-26 00:00:00+00:00
[2024-04-26T05:33:15.356-0300] {processor.py:183} INFO - Processing /home/athlon/projects/airflow/.venv/lib/python3.11/site-packages/airflow/example_dags/example_task_group_decorator.py took 0.260 seconds
[2024-04-26T05:34:13.998-0300] {processor.py:161} INFO - Started process (PID=9914) to work on /home/athlon/projects/airflow/.venv/lib/python3.11/site-packages/airflow/example_dags/example_task_group_decorator.py
[2024-04-26T05:34:14.004-0300] {processor.py:830} INFO - Processing file /home/athlon/projects/airflow/.venv/lib/python3.11/site-packages/airflow/example_dags/example_task_group_decorator.py for tasks to queue
[2024-04-26T05:34:14.007-0300] {logging_mixin.py:188} INFO - [2024-04-26T05:34:14.006-0300] {dagbag.py:540} INFO - Filling up the DagBag from /home/athlon/projects/airflow/.venv/lib/python3.11/site-packages/airflow/example_dags/example_task_group_decorator.py
[2024-04-26T05:34:14.032-0300] {processor.py:840} INFO - DAG(s) 'example_task_group_decorator' retrieved from /home/athlon/projects/airflow/.venv/lib/python3.11/site-packages/airflow/example_dags/example_task_group_decorator.py
[2024-04-26T05:34:14.062-0300] {logging_mixin.py:188} INFO - [2024-04-26T05:34:14.062-0300] {dag.py:3096} INFO - Sync 1 DAGs
[2024-04-26T05:34:14.089-0300] {logging_mixin.py:188} INFO - [2024-04-26T05:34:14.089-0300] {dag.py:3954} INFO - Setting next_dagrun for example_task_group_decorator to 2024-04-25 00:00:00+00:00, run_after=2024-04-26 00:00:00+00:00
[2024-04-26T05:34:14.121-0300] {processor.py:183} INFO - Processing /home/athlon/projects/airflow/.venv/lib/python3.11/site-packages/airflow/example_dags/example_task_group_decorator.py took 0.134 seconds
[2024-04-26T05:35:09.094-0300] {processor.py:161} INFO - Started process (PID=9966) to work on /home/athlon/projects/airflow/.venv/lib/python3.11/site-packages/airflow/example_dags/example_task_group_decorator.py
[2024-04-26T05:35:09.100-0300] {processor.py:830} INFO - Processing file /home/athlon/projects/airflow/.venv/lib/python3.11/site-packages/airflow/example_dags/example_task_group_decorator.py for tasks to queue
[2024-04-26T05:35:09.102-0300] {logging_mixin.py:188} INFO - [2024-04-26T05:35:09.102-0300] {dagbag.py:540} INFO - Filling up the DagBag from /home/athlon/projects/airflow/.venv/lib/python3.11/site-packages/airflow/example_dags/example_task_group_decorator.py
[2024-04-26T05:35:09.129-0300] {processor.py:840} INFO - DAG(s) 'example_task_group_decorator' retrieved from /home/athlon/projects/airflow/.venv/lib/python3.11/site-packages/airflow/example_dags/example_task_group_decorator.py
[2024-04-26T05:35:09.159-0300] {logging_mixin.py:188} INFO - [2024-04-26T05:35:09.158-0300] {dag.py:3096} INFO - Sync 1 DAGs
[2024-04-26T05:35:09.190-0300] {logging_mixin.py:188} INFO - [2024-04-26T05:35:09.190-0300] {dag.py:3954} INFO - Setting next_dagrun for example_task_group_decorator to 2024-04-25 00:00:00+00:00, run_after=2024-04-26 00:00:00+00:00
[2024-04-26T05:35:09.224-0300] {processor.py:183} INFO - Processing /home/athlon/projects/airflow/.venv/lib/python3.11/site-packages/airflow/example_dags/example_task_group_decorator.py took 0.140 seconds
[2024-04-26T05:36:04.592-0300] {processor.py:161} INFO - Started process (PID=10016) to work on /home/athlon/projects/airflow/.venv/lib/python3.11/site-packages/airflow/example_dags/example_task_group_decorator.py
[2024-04-26T05:36:04.597-0300] {processor.py:830} INFO - Processing file /home/athlon/projects/airflow/.venv/lib/python3.11/site-packages/airflow/example_dags/example_task_group_decorator.py for tasks to queue
[2024-04-26T05:36:04.600-0300] {logging_mixin.py:188} INFO - [2024-04-26T05:36:04.599-0300] {dagbag.py:540} INFO - Filling up the DagBag from /home/athlon/projects/airflow/.venv/lib/python3.11/site-packages/airflow/example_dags/example_task_group_decorator.py
[2024-04-26T05:36:04.626-0300] {processor.py:840} INFO - DAG(s) 'example_task_group_decorator' retrieved from /home/athlon/projects/airflow/.venv/lib/python3.11/site-packages/airflow/example_dags/example_task_group_decorator.py
[2024-04-26T05:36:04.665-0300] {logging_mixin.py:188} INFO - [2024-04-26T05:36:04.664-0300] {dag.py:3096} INFO - Sync 1 DAGs
[2024-04-26T05:36:04.692-0300] {logging_mixin.py:188} INFO - [2024-04-26T05:36:04.692-0300] {dag.py:3954} INFO - Setting next_dagrun for example_task_group_decorator to 2024-04-25 00:00:00+00:00, run_after=2024-04-26 00:00:00+00:00
[2024-04-26T05:36:04.726-0300] {processor.py:183} INFO - Processing /home/athlon/projects/airflow/.venv/lib/python3.11/site-packages/airflow/example_dags/example_task_group_decorator.py took 0.145 seconds
[2024-04-26T05:36:58.946-0300] {processor.py:161} INFO - Started process (PID=10066) to work on /home/athlon/projects/airflow/.venv/lib/python3.11/site-packages/airflow/example_dags/example_task_group_decorator.py
[2024-04-26T05:36:58.952-0300] {processor.py:830} INFO - Processing file /home/athlon/projects/airflow/.venv/lib/python3.11/site-packages/airflow/example_dags/example_task_group_decorator.py for tasks to queue
[2024-04-26T05:36:58.955-0300] {logging_mixin.py:188} INFO - [2024-04-26T05:36:58.954-0300] {dagbag.py:540} INFO - Filling up the DagBag from /home/athlon/projects/airflow/.venv/lib/python3.11/site-packages/airflow/example_dags/example_task_group_decorator.py
[2024-04-26T05:36:58.981-0300] {processor.py:840} INFO - DAG(s) 'example_task_group_decorator' retrieved from /home/athlon/projects/airflow/.venv/lib/python3.11/site-packages/airflow/example_dags/example_task_group_decorator.py
[2024-04-26T05:36:59.012-0300] {logging_mixin.py:188} INFO - [2024-04-26T05:36:59.011-0300] {dag.py:3096} INFO - Sync 1 DAGs
[2024-04-26T05:36:59.039-0300] {logging_mixin.py:188} INFO - [2024-04-26T05:36:59.039-0300] {dag.py:3954} INFO - Setting next_dagrun for example_task_group_decorator to 2024-04-25 00:00:00+00:00, run_after=2024-04-26 00:00:00+00:00
[2024-04-26T05:36:59.069-0300] {processor.py:183} INFO - Processing /home/athlon/projects/airflow/.venv/lib/python3.11/site-packages/airflow/example_dags/example_task_group_decorator.py took 0.134 seconds
[2024-04-26T05:37:54.419-0300] {processor.py:161} INFO - Started process (PID=10121) to work on /home/athlon/projects/airflow/.venv/lib/python3.11/site-packages/airflow/example_dags/example_task_group_decorator.py
[2024-04-26T05:37:54.426-0300] {processor.py:830} INFO - Processing file /home/athlon/projects/airflow/.venv/lib/python3.11/site-packages/airflow/example_dags/example_task_group_decorator.py for tasks to queue
[2024-04-26T05:37:54.431-0300] {logging_mixin.py:188} INFO - [2024-04-26T05:37:54.430-0300] {dagbag.py:540} INFO - Filling up the DagBag from /home/athlon/projects/airflow/.venv/lib/python3.11/site-packages/airflow/example_dags/example_task_group_decorator.py
[2024-04-26T05:37:54.456-0300] {processor.py:840} INFO - DAG(s) 'example_task_group_decorator' retrieved from /home/athlon/projects/airflow/.venv/lib/python3.11/site-packages/airflow/example_dags/example_task_group_decorator.py
[2024-04-26T05:37:54.487-0300] {logging_mixin.py:188} INFO - [2024-04-26T05:37:54.487-0300] {dag.py:3096} INFO - Sync 1 DAGs
[2024-04-26T05:37:54.515-0300] {logging_mixin.py:188} INFO - [2024-04-26T05:37:54.515-0300] {dag.py:3954} INFO - Setting next_dagrun for example_task_group_decorator to 2024-04-25 00:00:00+00:00, run_after=2024-04-26 00:00:00+00:00
[2024-04-26T05:37:54.549-0300] {processor.py:183} INFO - Processing /home/athlon/projects/airflow/.venv/lib/python3.11/site-packages/airflow/example_dags/example_task_group_decorator.py took 0.141 seconds
[2024-04-26T05:38:56.661-0300] {processor.py:161} INFO - Started process (PID=10174) to work on /home/athlon/projects/airflow/.venv/lib/python3.11/site-packages/airflow/example_dags/example_task_group_decorator.py
[2024-04-26T05:38:56.667-0300] {processor.py:830} INFO - Processing file /home/athlon/projects/airflow/.venv/lib/python3.11/site-packages/airflow/example_dags/example_task_group_decorator.py for tasks to queue
[2024-04-26T05:38:56.670-0300] {logging_mixin.py:188} INFO - [2024-04-26T05:38:56.669-0300] {dagbag.py:540} INFO - Filling up the DagBag from /home/athlon/projects/airflow/.venv/lib/python3.11/site-packages/airflow/example_dags/example_task_group_decorator.py
[2024-04-26T05:38:56.696-0300] {processor.py:840} INFO - DAG(s) 'example_task_group_decorator' retrieved from /home/athlon/projects/airflow/.venv/lib/python3.11/site-packages/airflow/example_dags/example_task_group_decorator.py
[2024-04-26T05:38:56.725-0300] {logging_mixin.py:188} INFO - [2024-04-26T05:38:56.725-0300] {dag.py:3096} INFO - Sync 1 DAGs
[2024-04-26T05:38:56.753-0300] {logging_mixin.py:188} INFO - [2024-04-26T05:38:56.753-0300] {dag.py:3954} INFO - Setting next_dagrun for example_task_group_decorator to 2024-04-25 00:00:00+00:00, run_after=2024-04-26 00:00:00+00:00
[2024-04-26T05:38:56.783-0300] {processor.py:183} INFO - Processing /home/athlon/projects/airflow/.venv/lib/python3.11/site-packages/airflow/example_dags/example_task_group_decorator.py took 0.131 seconds
[2024-04-26T05:39:55.767-0300] {processor.py:161} INFO - Started process (PID=10258) to work on /home/athlon/projects/airflow/.venv/lib/python3.11/site-packages/airflow/example_dags/example_task_group_decorator.py
[2024-04-26T05:39:55.773-0300] {processor.py:830} INFO - Processing file /home/athlon/projects/airflow/.venv/lib/python3.11/site-packages/airflow/example_dags/example_task_group_decorator.py for tasks to queue
[2024-04-26T05:39:55.776-0300] {logging_mixin.py:188} INFO - [2024-04-26T05:39:55.775-0300] {dagbag.py:540} INFO - Filling up the DagBag from /home/athlon/projects/airflow/.venv/lib/python3.11/site-packages/airflow/example_dags/example_task_group_decorator.py
[2024-04-26T05:39:55.802-0300] {processor.py:840} INFO - DAG(s) 'example_task_group_decorator' retrieved from /home/athlon/projects/airflow/.venv/lib/python3.11/site-packages/airflow/example_dags/example_task_group_decorator.py
[2024-04-26T05:39:55.832-0300] {logging_mixin.py:188} INFO - [2024-04-26T05:39:55.831-0300] {dag.py:3096} INFO - Sync 1 DAGs
[2024-04-26T05:39:55.859-0300] {logging_mixin.py:188} INFO - [2024-04-26T05:39:55.858-0300] {dag.py:3954} INFO - Setting next_dagrun for example_task_group_decorator to 2024-04-25 00:00:00+00:00, run_after=2024-04-26 00:00:00+00:00
[2024-04-26T05:39:55.888-0300] {processor.py:183} INFO - Processing /home/athlon/projects/airflow/.venv/lib/python3.11/site-packages/airflow/example_dags/example_task_group_decorator.py took 0.132 seconds
[2024-04-26T05:40:57.182-0300] {processor.py:161} INFO - Started process (PID=10315) to work on /home/athlon/projects/airflow/.venv/lib/python3.11/site-packages/airflow/example_dags/example_task_group_decorator.py
[2024-04-26T05:40:57.188-0300] {processor.py:830} INFO - Processing file /home/athlon/projects/airflow/.venv/lib/python3.11/site-packages/airflow/example_dags/example_task_group_decorator.py for tasks to queue
[2024-04-26T05:40:57.190-0300] {logging_mixin.py:188} INFO - [2024-04-26T05:40:57.190-0300] {dagbag.py:540} INFO - Filling up the DagBag from /home/athlon/projects/airflow/.venv/lib/python3.11/site-packages/airflow/example_dags/example_task_group_decorator.py
[2024-04-26T05:40:57.217-0300] {processor.py:840} INFO - DAG(s) 'example_task_group_decorator' retrieved from /home/athlon/projects/airflow/.venv/lib/python3.11/site-packages/airflow/example_dags/example_task_group_decorator.py
[2024-04-26T05:40:57.247-0300] {logging_mixin.py:188} INFO - [2024-04-26T05:40:57.246-0300] {dag.py:3096} INFO - Sync 1 DAGs
[2024-04-26T05:40:57.273-0300] {logging_mixin.py:188} INFO - [2024-04-26T05:40:57.273-0300] {dag.py:3954} INFO - Setting next_dagrun for example_task_group_decorator to 2024-04-25 00:00:00+00:00, run_after=2024-04-26 00:00:00+00:00
[2024-04-26T05:40:57.310-0300] {processor.py:183} INFO - Processing /home/athlon/projects/airflow/.venv/lib/python3.11/site-packages/airflow/example_dags/example_task_group_decorator.py took 0.139 seconds
[2024-04-26T05:41:54.843-0300] {processor.py:161} INFO - Started process (PID=10367) to work on /home/athlon/projects/airflow/.venv/lib/python3.11/site-packages/airflow/example_dags/example_task_group_decorator.py
[2024-04-26T05:41:54.849-0300] {processor.py:830} INFO - Processing file /home/athlon/projects/airflow/.venv/lib/python3.11/site-packages/airflow/example_dags/example_task_group_decorator.py for tasks to queue
[2024-04-26T05:41:54.851-0300] {logging_mixin.py:188} INFO - [2024-04-26T05:41:54.851-0300] {dagbag.py:540} INFO - Filling up the DagBag from /home/athlon/projects/airflow/.venv/lib/python3.11/site-packages/airflow/example_dags/example_task_group_decorator.py
[2024-04-26T05:41:54.878-0300] {processor.py:840} INFO - DAG(s) 'example_task_group_decorator' retrieved from /home/athlon/projects/airflow/.venv/lib/python3.11/site-packages/airflow/example_dags/example_task_group_decorator.py
[2024-04-26T05:41:54.908-0300] {logging_mixin.py:188} INFO - [2024-04-26T05:41:54.908-0300] {dag.py:3096} INFO - Sync 1 DAGs
[2024-04-26T05:41:54.935-0300] {logging_mixin.py:188} INFO - [2024-04-26T05:41:54.934-0300] {dag.py:3954} INFO - Setting next_dagrun for example_task_group_decorator to 2024-04-25 00:00:00+00:00, run_after=2024-04-26 00:00:00+00:00
[2024-04-26T05:41:54.970-0300] {processor.py:183} INFO - Processing /home/athlon/projects/airflow/.venv/lib/python3.11/site-packages/airflow/example_dags/example_task_group_decorator.py took 0.137 seconds
[2024-04-26T05:43:00.780-0300] {processor.py:161} INFO - Started process (PID=10423) to work on /home/athlon/projects/airflow/.venv/lib/python3.11/site-packages/airflow/example_dags/example_task_group_decorator.py
[2024-04-26T05:43:00.785-0300] {processor.py:830} INFO - Processing file /home/athlon/projects/airflow/.venv/lib/python3.11/site-packages/airflow/example_dags/example_task_group_decorator.py for tasks to queue
[2024-04-26T05:43:00.788-0300] {logging_mixin.py:188} INFO - [2024-04-26T05:43:00.788-0300] {dagbag.py:540} INFO - Filling up the DagBag from /home/athlon/projects/airflow/.venv/lib/python3.11/site-packages/airflow/example_dags/example_task_group_decorator.py
[2024-04-26T05:43:00.815-0300] {processor.py:840} INFO - DAG(s) 'example_task_group_decorator' retrieved from /home/athlon/projects/airflow/.venv/lib/python3.11/site-packages/airflow/example_dags/example_task_group_decorator.py
[2024-04-26T05:43:00.844-0300] {logging_mixin.py:188} INFO - [2024-04-26T05:43:00.844-0300] {dag.py:3096} INFO - Sync 1 DAGs
[2024-04-26T05:43:00.872-0300] {logging_mixin.py:188} INFO - [2024-04-26T05:43:00.872-0300] {dag.py:3954} INFO - Setting next_dagrun for example_task_group_decorator to 2024-04-25 00:00:00+00:00, run_after=2024-04-26 00:00:00+00:00
[2024-04-26T05:43:00.904-0300] {processor.py:183} INFO - Processing /home/athlon/projects/airflow/.venv/lib/python3.11/site-packages/airflow/example_dags/example_task_group_decorator.py took 0.135 seconds
[2024-04-26T05:43:58.038-0300] {processor.py:161} INFO - Started process (PID=10477) to work on /home/athlon/projects/airflow/.venv/lib/python3.11/site-packages/airflow/example_dags/example_task_group_decorator.py
[2024-04-26T05:43:58.043-0300] {processor.py:830} INFO - Processing file /home/athlon/projects/airflow/.venv/lib/python3.11/site-packages/airflow/example_dags/example_task_group_decorator.py for tasks to queue
[2024-04-26T05:43:58.046-0300] {logging_mixin.py:188} INFO - [2024-04-26T05:43:58.045-0300] {dagbag.py:540} INFO - Filling up the DagBag from /home/athlon/projects/airflow/.venv/lib/python3.11/site-packages/airflow/example_dags/example_task_group_decorator.py
[2024-04-26T05:43:58.073-0300] {processor.py:840} INFO - DAG(s) 'example_task_group_decorator' retrieved from /home/athlon/projects/airflow/.venv/lib/python3.11/site-packages/airflow/example_dags/example_task_group_decorator.py
[2024-04-26T05:43:58.102-0300] {logging_mixin.py:188} INFO - [2024-04-26T05:43:58.102-0300] {dag.py:3096} INFO - Sync 1 DAGs
[2024-04-26T05:43:58.131-0300] {logging_mixin.py:188} INFO - [2024-04-26T05:43:58.130-0300] {dag.py:3954} INFO - Setting next_dagrun for example_task_group_decorator to 2024-04-25 00:00:00+00:00, run_after=2024-04-26 00:00:00+00:00
[2024-04-26T05:43:58.160-0300] {processor.py:183} INFO - Processing /home/athlon/projects/airflow/.venv/lib/python3.11/site-packages/airflow/example_dags/example_task_group_decorator.py took 0.134 seconds
[2024-04-26T05:44:53.080-0300] {processor.py:161} INFO - Started process (PID=10527) to work on /home/athlon/projects/airflow/.venv/lib/python3.11/site-packages/airflow/example_dags/example_task_group_decorator.py
[2024-04-26T05:44:53.086-0300] {processor.py:830} INFO - Processing file /home/athlon/projects/airflow/.venv/lib/python3.11/site-packages/airflow/example_dags/example_task_group_decorator.py for tasks to queue
[2024-04-26T05:44:53.088-0300] {logging_mixin.py:188} INFO - [2024-04-26T05:44:53.088-0300] {dagbag.py:540} INFO - Filling up the DagBag from /home/athlon/projects/airflow/.venv/lib/python3.11/site-packages/airflow/example_dags/example_task_group_decorator.py
[2024-04-26T05:44:53.115-0300] {processor.py:840} INFO - DAG(s) 'example_task_group_decorator' retrieved from /home/athlon/projects/airflow/.venv/lib/python3.11/site-packages/airflow/example_dags/example_task_group_decorator.py
[2024-04-26T05:44:53.145-0300] {logging_mixin.py:188} INFO - [2024-04-26T05:44:53.144-0300] {dag.py:3096} INFO - Sync 1 DAGs
[2024-04-26T05:44:53.171-0300] {logging_mixin.py:188} INFO - [2024-04-26T05:44:53.171-0300] {dag.py:3954} INFO - Setting next_dagrun for example_task_group_decorator to 2024-04-25 00:00:00+00:00, run_after=2024-04-26 00:00:00+00:00
[2024-04-26T05:44:53.202-0300] {processor.py:183} INFO - Processing /home/athlon/projects/airflow/.venv/lib/python3.11/site-packages/airflow/example_dags/example_task_group_decorator.py took 0.133 seconds
[2024-04-26T05:45:51.434-0300] {processor.py:161} INFO - Started process (PID=10582) to work on /home/athlon/projects/airflow/.venv/lib/python3.11/site-packages/airflow/example_dags/example_task_group_decorator.py
[2024-04-26T05:45:51.440-0300] {processor.py:830} INFO - Processing file /home/athlon/projects/airflow/.venv/lib/python3.11/site-packages/airflow/example_dags/example_task_group_decorator.py for tasks to queue
[2024-04-26T05:45:51.442-0300] {logging_mixin.py:188} INFO - [2024-04-26T05:45:51.441-0300] {dagbag.py:540} INFO - Filling up the DagBag from /home/athlon/projects/airflow/.venv/lib/python3.11/site-packages/airflow/example_dags/example_task_group_decorator.py
[2024-04-26T05:45:51.466-0300] {processor.py:840} INFO - DAG(s) 'example_task_group_decorator' retrieved from /home/athlon/projects/airflow/.venv/lib/python3.11/site-packages/airflow/example_dags/example_task_group_decorator.py
[2024-04-26T05:45:51.495-0300] {logging_mixin.py:188} INFO - [2024-04-26T05:45:51.495-0300] {dag.py:3096} INFO - Sync 1 DAGs
[2024-04-26T05:45:51.522-0300] {logging_mixin.py:188} INFO - [2024-04-26T05:45:51.522-0300] {dag.py:3954} INFO - Setting next_dagrun for example_task_group_decorator to 2024-04-25 00:00:00+00:00, run_after=2024-04-26 00:00:00+00:00
[2024-04-26T05:45:51.552-0300] {processor.py:183} INFO - Processing /home/athlon/projects/airflow/.venv/lib/python3.11/site-packages/airflow/example_dags/example_task_group_decorator.py took 0.128 seconds
[2024-04-26T05:46:51.627-0300] {processor.py:161} INFO - Started process (PID=10635) to work on /home/athlon/projects/airflow/.venv/lib/python3.11/site-packages/airflow/example_dags/example_task_group_decorator.py
[2024-04-26T05:46:51.632-0300] {processor.py:830} INFO - Processing file /home/athlon/projects/airflow/.venv/lib/python3.11/site-packages/airflow/example_dags/example_task_group_decorator.py for tasks to queue
[2024-04-26T05:46:51.635-0300] {logging_mixin.py:188} INFO - [2024-04-26T05:46:51.634-0300] {dagbag.py:540} INFO - Filling up the DagBag from /home/athlon/projects/airflow/.venv/lib/python3.11/site-packages/airflow/example_dags/example_task_group_decorator.py
[2024-04-26T05:46:51.662-0300] {processor.py:840} INFO - DAG(s) 'example_task_group_decorator' retrieved from /home/athlon/projects/airflow/.venv/lib/python3.11/site-packages/airflow/example_dags/example_task_group_decorator.py
[2024-04-26T05:46:51.691-0300] {logging_mixin.py:188} INFO - [2024-04-26T05:46:51.691-0300] {dag.py:3096} INFO - Sync 1 DAGs
[2024-04-26T05:46:51.718-0300] {logging_mixin.py:188} INFO - [2024-04-26T05:46:51.718-0300] {dag.py:3954} INFO - Setting next_dagrun for example_task_group_decorator to 2024-04-25 00:00:00+00:00, run_after=2024-04-26 00:00:00+00:00
[2024-04-26T05:46:51.753-0300] {processor.py:183} INFO - Processing /home/athlon/projects/airflow/.venv/lib/python3.11/site-packages/airflow/example_dags/example_task_group_decorator.py took 0.137 seconds
[2024-04-26T05:47:45.937-0300] {processor.py:161} INFO - Started process (PID=10705) to work on /home/athlon/projects/airflow/.venv/lib/python3.11/site-packages/airflow/example_dags/example_task_group_decorator.py
[2024-04-26T05:47:45.939-0300] {processor.py:830} INFO - Processing file /home/athlon/projects/airflow/.venv/lib/python3.11/site-packages/airflow/example_dags/example_task_group_decorator.py for tasks to queue
[2024-04-26T05:47:45.943-0300] {logging_mixin.py:188} INFO - [2024-04-26T05:47:45.942-0300] {dagbag.py:540} INFO - Filling up the DagBag from /home/athlon/projects/airflow/.venv/lib/python3.11/site-packages/airflow/example_dags/example_task_group_decorator.py
[2024-04-26T05:47:45.981-0300] {processor.py:840} INFO - DAG(s) 'example_task_group_decorator' retrieved from /home/athlon/projects/airflow/.venv/lib/python3.11/site-packages/airflow/example_dags/example_task_group_decorator.py
[2024-04-26T05:47:46.030-0300] {logging_mixin.py:188} INFO - [2024-04-26T05:47:46.029-0300] {dag.py:3096} INFO - Sync 1 DAGs
[2024-04-26T05:47:46.067-0300] {logging_mixin.py:188} INFO - [2024-04-26T05:47:46.066-0300] {dag.py:3954} INFO - Setting next_dagrun for example_task_group_decorator to 2024-04-25 00:00:00+00:00, run_after=2024-04-26 00:00:00+00:00
[2024-04-26T05:47:46.098-0300] {processor.py:183} INFO - Processing /home/athlon/projects/airflow/.venv/lib/python3.11/site-packages/airflow/example_dags/example_task_group_decorator.py took 0.171 seconds
[2024-04-26T05:48:39.282-0300] {processor.py:161} INFO - Started process (PID=10776) to work on /home/athlon/projects/airflow/.venv/lib/python3.11/site-packages/airflow/example_dags/example_task_group_decorator.py
[2024-04-26T05:48:39.286-0300] {processor.py:830} INFO - Processing file /home/athlon/projects/airflow/.venv/lib/python3.11/site-packages/airflow/example_dags/example_task_group_decorator.py for tasks to queue
[2024-04-26T05:48:39.291-0300] {logging_mixin.py:188} INFO - [2024-04-26T05:48:39.290-0300] {dagbag.py:540} INFO - Filling up the DagBag from /home/athlon/projects/airflow/.venv/lib/python3.11/site-packages/airflow/example_dags/example_task_group_decorator.py
[2024-04-26T05:48:39.337-0300] {processor.py:840} INFO - DAG(s) 'example_task_group_decorator' retrieved from /home/athlon/projects/airflow/.venv/lib/python3.11/site-packages/airflow/example_dags/example_task_group_decorator.py
[2024-04-26T05:48:39.381-0300] {logging_mixin.py:188} INFO - [2024-04-26T05:48:39.381-0300] {dag.py:3096} INFO - Sync 1 DAGs
[2024-04-26T05:48:39.427-0300] {logging_mixin.py:188} INFO - [2024-04-26T05:48:39.426-0300] {dag.py:3954} INFO - Setting next_dagrun for example_task_group_decorator to 2024-04-25 00:00:00+00:00, run_after=2024-04-26 00:00:00+00:00
[2024-04-26T05:48:39.479-0300] {processor.py:183} INFO - Processing /home/athlon/projects/airflow/.venv/lib/python3.11/site-packages/airflow/example_dags/example_task_group_decorator.py took 0.230 seconds
[2024-04-26T05:49:44.371-0300] {processor.py:161} INFO - Started process (PID=10865) to work on /home/athlon/projects/airflow/.venv/lib/python3.11/site-packages/airflow/example_dags/example_task_group_decorator.py
[2024-04-26T05:49:44.377-0300] {processor.py:830} INFO - Processing file /home/athlon/projects/airflow/.venv/lib/python3.11/site-packages/airflow/example_dags/example_task_group_decorator.py for tasks to queue
[2024-04-26T05:49:44.380-0300] {logging_mixin.py:188} INFO - [2024-04-26T05:49:44.380-0300] {dagbag.py:540} INFO - Filling up the DagBag from /home/athlon/projects/airflow/.venv/lib/python3.11/site-packages/airflow/example_dags/example_task_group_decorator.py
[2024-04-26T05:49:44.419-0300] {processor.py:840} INFO - DAG(s) 'example_task_group_decorator' retrieved from /home/athlon/projects/airflow/.venv/lib/python3.11/site-packages/airflow/example_dags/example_task_group_decorator.py
[2024-04-26T05:49:44.477-0300] {logging_mixin.py:188} INFO - [2024-04-26T05:49:44.476-0300] {dag.py:3096} INFO - Sync 1 DAGs
[2024-04-26T05:49:44.519-0300] {logging_mixin.py:188} INFO - [2024-04-26T05:49:44.518-0300] {dag.py:3954} INFO - Setting next_dagrun for example_task_group_decorator to 2024-04-25 00:00:00+00:00, run_after=2024-04-26 00:00:00+00:00
[2024-04-26T05:49:44.567-0300] {processor.py:183} INFO - Processing /home/athlon/projects/airflow/.venv/lib/python3.11/site-packages/airflow/example_dags/example_task_group_decorator.py took 0.226 seconds
[2024-04-26T05:51:01.897-0300] {processor.py:161} INFO - Started process (PID=10964) to work on /home/athlon/projects/airflow/.venv/lib/python3.11/site-packages/airflow/example_dags/example_task_group_decorator.py
[2024-04-26T05:51:01.911-0300] {processor.py:830} INFO - Processing file /home/athlon/projects/airflow/.venv/lib/python3.11/site-packages/airflow/example_dags/example_task_group_decorator.py for tasks to queue
[2024-04-26T05:51:01.915-0300] {logging_mixin.py:188} INFO - [2024-04-26T05:51:01.914-0300] {dagbag.py:540} INFO - Filling up the DagBag from /home/athlon/projects/airflow/.venv/lib/python3.11/site-packages/airflow/example_dags/example_task_group_decorator.py
[2024-04-26T05:51:01.960-0300] {processor.py:840} INFO - DAG(s) 'example_task_group_decorator' retrieved from /home/athlon/projects/airflow/.venv/lib/python3.11/site-packages/airflow/example_dags/example_task_group_decorator.py
[2024-04-26T05:51:02.022-0300] {logging_mixin.py:188} INFO - [2024-04-26T05:51:02.021-0300] {dag.py:3096} INFO - Sync 1 DAGs
[2024-04-26T05:51:02.077-0300] {logging_mixin.py:188} INFO - [2024-04-26T05:51:02.076-0300] {dag.py:3954} INFO - Setting next_dagrun for example_task_group_decorator to 2024-04-25 00:00:00+00:00, run_after=2024-04-26 00:00:00+00:00
[2024-04-26T05:51:02.145-0300] {processor.py:183} INFO - Processing /home/athlon/projects/airflow/.venv/lib/python3.11/site-packages/airflow/example_dags/example_task_group_decorator.py took 0.272 seconds
[2024-04-26T05:51:49.108-0300] {processor.py:161} INFO - Started process (PID=11010) to work on /home/athlon/projects/airflow/.venv/lib/python3.11/site-packages/airflow/example_dags/example_task_group_decorator.py
[2024-04-26T05:51:49.115-0300] {processor.py:830} INFO - Processing file /home/athlon/projects/airflow/.venv/lib/python3.11/site-packages/airflow/example_dags/example_task_group_decorator.py for tasks to queue
[2024-04-26T05:51:49.120-0300] {logging_mixin.py:188} INFO - [2024-04-26T05:51:49.119-0300] {dagbag.py:540} INFO - Filling up the DagBag from /home/athlon/projects/airflow/.venv/lib/python3.11/site-packages/airflow/example_dags/example_task_group_decorator.py
[2024-04-26T05:51:49.154-0300] {processor.py:840} INFO - DAG(s) 'example_task_group_decorator' retrieved from /home/athlon/projects/airflow/.venv/lib/python3.11/site-packages/airflow/example_dags/example_task_group_decorator.py
[2024-04-26T05:51:49.193-0300] {logging_mixin.py:188} INFO - [2024-04-26T05:51:49.193-0300] {dag.py:3096} INFO - Sync 1 DAGs
[2024-04-26T05:51:49.230-0300] {logging_mixin.py:188} INFO - [2024-04-26T05:51:49.229-0300] {dag.py:3954} INFO - Setting next_dagrun for example_task_group_decorator to 2024-04-25 00:00:00+00:00, run_after=2024-04-26 00:00:00+00:00
[2024-04-26T05:51:49.268-0300] {processor.py:183} INFO - Processing /home/athlon/projects/airflow/.venv/lib/python3.11/site-packages/airflow/example_dags/example_task_group_decorator.py took 0.171 seconds
