[2024-04-26T05:28:39.868-0300] {processor.py:161} INFO - Started process (PID=9561) to work on /home/athlon/projects/airflow/.venv/lib/python3.11/site-packages/airflow/example_dags/example_local_kubernetes_executor.py
[2024-04-26T05:28:39.869-0300] {processor.py:830} INFO - Processing file /home/athlon/projects/airflow/.venv/lib/python3.11/site-packages/airflow/example_dags/example_local_kubernetes_executor.py for tasks to queue
[2024-04-26T05:28:39.871-0300] {logging_mixin.py:188} INFO - [2024-04-26T05:28:39.871-0300] {dagbag.py:540} INFO - Filling up the DagBag from /home/athlon/projects/airflow/.venv/lib/python3.11/site-packages/airflow/example_dags/example_local_kubernetes_executor.py
[2024-04-26T05:28:40.403-0300] {processor.py:840} INFO - DAG(s) 'example_local_kubernetes_executor' retrieved from /home/athlon/projects/airflow/.venv/lib/python3.11/site-packages/airflow/example_dags/example_local_kubernetes_executor.py
[2024-04-26T05:28:40.419-0300] {logging_mixin.py:188} WARNING - /home/athlon/projects/airflow/.venv/lib/python3.11/site-packages/airflow/serialization/serialized_objects.py:1673 DeprecationWarning: This module is deprecated. The `cncf.kubernetes` provider before version 7.4.0 uses this module - you should migrate to a newer version of `cncf.kubernetes` to get rid of this warning. If you import the module via `airflow.kubernetes` import, please use `cncf.kubernetes' provider 7.4.0+ and switch all your imports to use `apache.airflow.providers.cncf.kubernetes` to get rid of the warning.
[2024-04-26T05:28:40.540-0300] {logging_mixin.py:188} INFO - [2024-04-26T05:28:40.540-0300] {override.py:1829} INFO - Created Permission View: can edit on DAG:example_local_kubernetes_executor
[2024-04-26T05:28:40.554-0300] {logging_mixin.py:188} INFO - [2024-04-26T05:28:40.554-0300] {override.py:1829} INFO - Created Permission View: can delete on DAG:example_local_kubernetes_executor
[2024-04-26T05:28:40.564-0300] {logging_mixin.py:188} INFO - [2024-04-26T05:28:40.564-0300] {override.py:1829} INFO - Created Permission View: can read on DAG:example_local_kubernetes_executor
[2024-04-26T05:28:40.565-0300] {logging_mixin.py:188} INFO - [2024-04-26T05:28:40.565-0300] {dag.py:3096} INFO - Sync 1 DAGs
[2024-04-26T05:28:40.579-0300] {logging_mixin.py:188} INFO - [2024-04-26T05:28:40.578-0300] {dag.py:3118} INFO - Creating ORM DAG for example_local_kubernetes_executor
[2024-04-26T05:28:40.580-0300] {logging_mixin.py:188} INFO - [2024-04-26T05:28:40.579-0300] {dag.py:3954} INFO - Setting next_dagrun for example_local_kubernetes_executor to None, run_after=None
[2024-04-26T05:28:40.608-0300] {processor.py:183} INFO - Processing /home/athlon/projects/airflow/.venv/lib/python3.11/site-packages/airflow/example_dags/example_local_kubernetes_executor.py took 0.751 seconds
[2024-04-26T05:29:52.551-0300] {processor.py:161} INFO - Started process (PID=9655) to work on /home/athlon/projects/airflow/.venv/lib/python3.11/site-packages/airflow/example_dags/example_local_kubernetes_executor.py
[2024-04-26T05:29:52.557-0300] {processor.py:830} INFO - Processing file /home/athlon/projects/airflow/.venv/lib/python3.11/site-packages/airflow/example_dags/example_local_kubernetes_executor.py for tasks to queue
[2024-04-26T05:29:52.560-0300] {logging_mixin.py:188} INFO - [2024-04-26T05:29:52.559-0300] {dagbag.py:540} INFO - Filling up the DagBag from /home/athlon/projects/airflow/.venv/lib/python3.11/site-packages/airflow/example_dags/example_local_kubernetes_executor.py
[2024-04-26T05:29:53.046-0300] {processor.py:840} INFO - DAG(s) 'example_local_kubernetes_executor' retrieved from /home/athlon/projects/airflow/.venv/lib/python3.11/site-packages/airflow/example_dags/example_local_kubernetes_executor.py
[2024-04-26T05:29:53.062-0300] {logging_mixin.py:188} WARNING - /home/athlon/projects/airflow/.venv/lib/python3.11/site-packages/airflow/serialization/serialized_objects.py:1673 DeprecationWarning: This module is deprecated. The `cncf.kubernetes` provider before version 7.4.0 uses this module - you should migrate to a newer version of `cncf.kubernetes` to get rid of this warning. If you import the module via `airflow.kubernetes` import, please use `cncf.kubernetes' provider 7.4.0+ and switch all your imports to use `apache.airflow.providers.cncf.kubernetes` to get rid of the warning.
[2024-04-26T05:29:53.074-0300] {logging_mixin.py:188} INFO - [2024-04-26T05:29:53.073-0300] {dag.py:3096} INFO - Sync 1 DAGs
[2024-04-26T05:29:53.091-0300] {logging_mixin.py:188} INFO - [2024-04-26T05:29:53.091-0300] {dag.py:3954} INFO - Setting next_dagrun for example_local_kubernetes_executor to None, run_after=None
[2024-04-26T05:29:53.122-0300] {processor.py:183} INFO - Processing /home/athlon/projects/airflow/.venv/lib/python3.11/site-packages/airflow/example_dags/example_local_kubernetes_executor.py took 0.581 seconds
[2024-04-26T05:30:49.881-0300] {processor.py:161} INFO - Started process (PID=9709) to work on /home/athlon/projects/airflow/.venv/lib/python3.11/site-packages/airflow/example_dags/example_local_kubernetes_executor.py
[2024-04-26T05:30:49.887-0300] {processor.py:830} INFO - Processing file /home/athlon/projects/airflow/.venv/lib/python3.11/site-packages/airflow/example_dags/example_local_kubernetes_executor.py for tasks to queue
[2024-04-26T05:30:49.889-0300] {logging_mixin.py:188} INFO - [2024-04-26T05:30:49.889-0300] {dagbag.py:540} INFO - Filling up the DagBag from /home/athlon/projects/airflow/.venv/lib/python3.11/site-packages/airflow/example_dags/example_local_kubernetes_executor.py
[2024-04-26T05:30:50.373-0300] {processor.py:840} INFO - DAG(s) 'example_local_kubernetes_executor' retrieved from /home/athlon/projects/airflow/.venv/lib/python3.11/site-packages/airflow/example_dags/example_local_kubernetes_executor.py
[2024-04-26T05:30:50.389-0300] {logging_mixin.py:188} WARNING - /home/athlon/projects/airflow/.venv/lib/python3.11/site-packages/airflow/serialization/serialized_objects.py:1673 DeprecationWarning: This module is deprecated. The `cncf.kubernetes` provider before version 7.4.0 uses this module - you should migrate to a newer version of `cncf.kubernetes` to get rid of this warning. If you import the module via `airflow.kubernetes` import, please use `cncf.kubernetes' provider 7.4.0+ and switch all your imports to use `apache.airflow.providers.cncf.kubernetes` to get rid of the warning.
[2024-04-26T05:30:50.397-0300] {logging_mixin.py:188} INFO - [2024-04-26T05:30:50.396-0300] {dag.py:3096} INFO - Sync 1 DAGs
[2024-04-26T05:30:50.410-0300] {logging_mixin.py:188} INFO - [2024-04-26T05:30:50.410-0300] {dag.py:3954} INFO - Setting next_dagrun for example_local_kubernetes_executor to None, run_after=None
[2024-04-26T05:30:50.441-0300] {processor.py:183} INFO - Processing /home/athlon/projects/airflow/.venv/lib/python3.11/site-packages/airflow/example_dags/example_local_kubernetes_executor.py took 0.570 seconds
[2024-04-26T05:31:47.829-0300] {processor.py:161} INFO - Started process (PID=9765) to work on /home/athlon/projects/airflow/.venv/lib/python3.11/site-packages/airflow/example_dags/example_local_kubernetes_executor.py
[2024-04-26T05:31:47.835-0300] {processor.py:830} INFO - Processing file /home/athlon/projects/airflow/.venv/lib/python3.11/site-packages/airflow/example_dags/example_local_kubernetes_executor.py for tasks to queue
[2024-04-26T05:31:47.838-0300] {logging_mixin.py:188} INFO - [2024-04-26T05:31:47.837-0300] {dagbag.py:540} INFO - Filling up the DagBag from /home/athlon/projects/airflow/.venv/lib/python3.11/site-packages/airflow/example_dags/example_local_kubernetes_executor.py
[2024-04-26T05:31:48.318-0300] {processor.py:840} INFO - DAG(s) 'example_local_kubernetes_executor' retrieved from /home/athlon/projects/airflow/.venv/lib/python3.11/site-packages/airflow/example_dags/example_local_kubernetes_executor.py
[2024-04-26T05:31:48.334-0300] {logging_mixin.py:188} WARNING - /home/athlon/projects/airflow/.venv/lib/python3.11/site-packages/airflow/serialization/serialized_objects.py:1673 DeprecationWarning: This module is deprecated. The `cncf.kubernetes` provider before version 7.4.0 uses this module - you should migrate to a newer version of `cncf.kubernetes` to get rid of this warning. If you import the module via `airflow.kubernetes` import, please use `cncf.kubernetes' provider 7.4.0+ and switch all your imports to use `apache.airflow.providers.cncf.kubernetes` to get rid of the warning.
[2024-04-26T05:31:48.342-0300] {logging_mixin.py:188} INFO - [2024-04-26T05:31:48.341-0300] {dag.py:3096} INFO - Sync 1 DAGs
[2024-04-26T05:31:48.355-0300] {logging_mixin.py:188} INFO - [2024-04-26T05:31:48.355-0300] {dag.py:3954} INFO - Setting next_dagrun for example_local_kubernetes_executor to None, run_after=None
[2024-04-26T05:31:48.386-0300] {processor.py:183} INFO - Processing /home/athlon/projects/airflow/.venv/lib/python3.11/site-packages/airflow/example_dags/example_local_kubernetes_executor.py took 0.567 seconds
[2024-04-26T05:32:47.089-0300] {processor.py:161} INFO - Started process (PID=9820) to work on /home/athlon/projects/airflow/.venv/lib/python3.11/site-packages/airflow/example_dags/example_local_kubernetes_executor.py
[2024-04-26T05:32:47.095-0300] {processor.py:830} INFO - Processing file /home/athlon/projects/airflow/.venv/lib/python3.11/site-packages/airflow/example_dags/example_local_kubernetes_executor.py for tasks to queue
[2024-04-26T05:32:47.097-0300] {logging_mixin.py:188} INFO - [2024-04-26T05:32:47.096-0300] {dagbag.py:540} INFO - Filling up the DagBag from /home/athlon/projects/airflow/.venv/lib/python3.11/site-packages/airflow/example_dags/example_local_kubernetes_executor.py
[2024-04-26T05:32:47.565-0300] {processor.py:840} INFO - DAG(s) 'example_local_kubernetes_executor' retrieved from /home/athlon/projects/airflow/.venv/lib/python3.11/site-packages/airflow/example_dags/example_local_kubernetes_executor.py
[2024-04-26T05:32:47.582-0300] {logging_mixin.py:188} WARNING - /home/athlon/projects/airflow/.venv/lib/python3.11/site-packages/airflow/serialization/serialized_objects.py:1673 DeprecationWarning: This module is deprecated. The `cncf.kubernetes` provider before version 7.4.0 uses this module - you should migrate to a newer version of `cncf.kubernetes` to get rid of this warning. If you import the module via `airflow.kubernetes` import, please use `cncf.kubernetes' provider 7.4.0+ and switch all your imports to use `apache.airflow.providers.cncf.kubernetes` to get rid of the warning.
[2024-04-26T05:32:47.590-0300] {logging_mixin.py:188} INFO - [2024-04-26T05:32:47.589-0300] {dag.py:3096} INFO - Sync 1 DAGs
[2024-04-26T05:32:47.603-0300] {logging_mixin.py:188} INFO - [2024-04-26T05:32:47.603-0300] {dag.py:3954} INFO - Setting next_dagrun for example_local_kubernetes_executor to None, run_after=None
[2024-04-26T05:32:47.634-0300] {processor.py:183} INFO - Processing /home/athlon/projects/airflow/.venv/lib/python3.11/site-packages/airflow/example_dags/example_local_kubernetes_executor.py took 0.555 seconds
[2024-04-26T05:33:47.228-0300] {processor.py:161} INFO - Started process (PID=9874) to work on /home/athlon/projects/airflow/.venv/lib/python3.11/site-packages/airflow/example_dags/example_local_kubernetes_executor.py
[2024-04-26T05:33:47.234-0300] {processor.py:830} INFO - Processing file /home/athlon/projects/airflow/.venv/lib/python3.11/site-packages/airflow/example_dags/example_local_kubernetes_executor.py for tasks to queue
[2024-04-26T05:33:47.236-0300] {logging_mixin.py:188} INFO - [2024-04-26T05:33:47.236-0300] {dagbag.py:540} INFO - Filling up the DagBag from /home/athlon/projects/airflow/.venv/lib/python3.11/site-packages/airflow/example_dags/example_local_kubernetes_executor.py
[2024-04-26T05:33:47.696-0300] {processor.py:840} INFO - DAG(s) 'example_local_kubernetes_executor' retrieved from /home/athlon/projects/airflow/.venv/lib/python3.11/site-packages/airflow/example_dags/example_local_kubernetes_executor.py
[2024-04-26T05:33:47.713-0300] {logging_mixin.py:188} WARNING - /home/athlon/projects/airflow/.venv/lib/python3.11/site-packages/airflow/serialization/serialized_objects.py:1673 DeprecationWarning: This module is deprecated. The `cncf.kubernetes` provider before version 7.4.0 uses this module - you should migrate to a newer version of `cncf.kubernetes` to get rid of this warning. If you import the module via `airflow.kubernetes` import, please use `cncf.kubernetes' provider 7.4.0+ and switch all your imports to use `apache.airflow.providers.cncf.kubernetes` to get rid of the warning.
[2024-04-26T05:33:47.727-0300] {logging_mixin.py:188} INFO - [2024-04-26T05:33:47.727-0300] {dag.py:3096} INFO - Sync 1 DAGs
[2024-04-26T05:33:47.745-0300] {logging_mixin.py:188} INFO - [2024-04-26T05:33:47.744-0300] {dag.py:3954} INFO - Setting next_dagrun for example_local_kubernetes_executor to None, run_after=None
[2024-04-26T05:33:47.775-0300] {processor.py:183} INFO - Processing /home/athlon/projects/airflow/.venv/lib/python3.11/site-packages/airflow/example_dags/example_local_kubernetes_executor.py took 0.562 seconds
[2024-04-26T05:34:44.558-0300] {processor.py:161} INFO - Started process (PID=9942) to work on /home/athlon/projects/airflow/.venv/lib/python3.11/site-packages/airflow/example_dags/example_local_kubernetes_executor.py
[2024-04-26T05:34:44.563-0300] {processor.py:830} INFO - Processing file /home/athlon/projects/airflow/.venv/lib/python3.11/site-packages/airflow/example_dags/example_local_kubernetes_executor.py for tasks to queue
[2024-04-26T05:34:44.566-0300] {logging_mixin.py:188} INFO - [2024-04-26T05:34:44.566-0300] {dagbag.py:540} INFO - Filling up the DagBag from /home/athlon/projects/airflow/.venv/lib/python3.11/site-packages/airflow/example_dags/example_local_kubernetes_executor.py
[2024-04-26T05:34:44.908-0300] {processor.py:840} INFO - DAG(s) 'example_local_kubernetes_executor' retrieved from /home/athlon/projects/airflow/.venv/lib/python3.11/site-packages/airflow/example_dags/example_local_kubernetes_executor.py
[2024-04-26T05:34:44.928-0300] {logging_mixin.py:188} WARNING - /home/athlon/projects/airflow/.venv/lib/python3.11/site-packages/airflow/serialization/serialized_objects.py:1673 DeprecationWarning: This module is deprecated. The `cncf.kubernetes` provider before version 7.4.0 uses this module - you should migrate to a newer version of `cncf.kubernetes` to get rid of this warning. If you import the module via `airflow.kubernetes` import, please use `cncf.kubernetes' provider 7.4.0+ and switch all your imports to use `apache.airflow.providers.cncf.kubernetes` to get rid of the warning.
[2024-04-26T05:34:44.937-0300] {logging_mixin.py:188} INFO - [2024-04-26T05:34:44.937-0300] {dag.py:3096} INFO - Sync 1 DAGs
[2024-04-26T05:34:44.954-0300] {logging_mixin.py:188} INFO - [2024-04-26T05:34:44.954-0300] {dag.py:3954} INFO - Setting next_dagrun for example_local_kubernetes_executor to None, run_after=None
[2024-04-26T05:34:44.988-0300] {processor.py:183} INFO - Processing /home/athlon/projects/airflow/.venv/lib/python3.11/site-packages/airflow/example_dags/example_local_kubernetes_executor.py took 0.445 seconds
[2024-04-26T05:35:39.639-0300] {processor.py:161} INFO - Started process (PID=9993) to work on /home/athlon/projects/airflow/.venv/lib/python3.11/site-packages/airflow/example_dags/example_local_kubernetes_executor.py
[2024-04-26T05:35:39.645-0300] {processor.py:830} INFO - Processing file /home/athlon/projects/airflow/.venv/lib/python3.11/site-packages/airflow/example_dags/example_local_kubernetes_executor.py for tasks to queue
[2024-04-26T05:35:39.647-0300] {logging_mixin.py:188} INFO - [2024-04-26T05:35:39.647-0300] {dagbag.py:540} INFO - Filling up the DagBag from /home/athlon/projects/airflow/.venv/lib/python3.11/site-packages/airflow/example_dags/example_local_kubernetes_executor.py
[2024-04-26T05:35:39.994-0300] {processor.py:840} INFO - DAG(s) 'example_local_kubernetes_executor' retrieved from /home/athlon/projects/airflow/.venv/lib/python3.11/site-packages/airflow/example_dags/example_local_kubernetes_executor.py
[2024-04-26T05:35:40.014-0300] {logging_mixin.py:188} WARNING - /home/athlon/projects/airflow/.venv/lib/python3.11/site-packages/airflow/serialization/serialized_objects.py:1673 DeprecationWarning: This module is deprecated. The `cncf.kubernetes` provider before version 7.4.0 uses this module - you should migrate to a newer version of `cncf.kubernetes` to get rid of this warning. If you import the module via `airflow.kubernetes` import, please use `cncf.kubernetes' provider 7.4.0+ and switch all your imports to use `apache.airflow.providers.cncf.kubernetes` to get rid of the warning.
[2024-04-26T05:35:40.023-0300] {logging_mixin.py:188} INFO - [2024-04-26T05:35:40.022-0300] {dag.py:3096} INFO - Sync 1 DAGs
[2024-04-26T05:35:40.038-0300] {logging_mixin.py:188} INFO - [2024-04-26T05:35:40.038-0300] {dag.py:3954} INFO - Setting next_dagrun for example_local_kubernetes_executor to None, run_after=None
[2024-04-26T05:35:40.073-0300] {processor.py:183} INFO - Processing /home/athlon/projects/airflow/.venv/lib/python3.11/site-packages/airflow/example_dags/example_local_kubernetes_executor.py took 0.444 seconds
[2024-04-26T05:36:35.350-0300] {processor.py:161} INFO - Started process (PID=10044) to work on /home/athlon/projects/airflow/.venv/lib/python3.11/site-packages/airflow/example_dags/example_local_kubernetes_executor.py
[2024-04-26T05:36:35.352-0300] {processor.py:830} INFO - Processing file /home/athlon/projects/airflow/.venv/lib/python3.11/site-packages/airflow/example_dags/example_local_kubernetes_executor.py for tasks to queue
[2024-04-26T05:36:35.354-0300] {logging_mixin.py:188} INFO - [2024-04-26T05:36:35.353-0300] {dagbag.py:540} INFO - Filling up the DagBag from /home/athlon/projects/airflow/.venv/lib/python3.11/site-packages/airflow/example_dags/example_local_kubernetes_executor.py
[2024-04-26T05:36:35.697-0300] {processor.py:840} INFO - DAG(s) 'example_local_kubernetes_executor' retrieved from /home/athlon/projects/airflow/.venv/lib/python3.11/site-packages/airflow/example_dags/example_local_kubernetes_executor.py
[2024-04-26T05:36:35.717-0300] {logging_mixin.py:188} WARNING - /home/athlon/projects/airflow/.venv/lib/python3.11/site-packages/airflow/serialization/serialized_objects.py:1673 DeprecationWarning: This module is deprecated. The `cncf.kubernetes` provider before version 7.4.0 uses this module - you should migrate to a newer version of `cncf.kubernetes` to get rid of this warning. If you import the module via `airflow.kubernetes` import, please use `cncf.kubernetes' provider 7.4.0+ and switch all your imports to use `apache.airflow.providers.cncf.kubernetes` to get rid of the warning.
[2024-04-26T05:36:35.726-0300] {logging_mixin.py:188} INFO - [2024-04-26T05:36:35.725-0300] {dag.py:3096} INFO - Sync 1 DAGs
[2024-04-26T05:36:35.741-0300] {logging_mixin.py:188} INFO - [2024-04-26T05:36:35.741-0300] {dag.py:3954} INFO - Setting next_dagrun for example_local_kubernetes_executor to None, run_after=None
[2024-04-26T05:36:35.774-0300] {processor.py:183} INFO - Processing /home/athlon/projects/airflow/.venv/lib/python3.11/site-packages/airflow/example_dags/example_local_kubernetes_executor.py took 0.431 seconds
[2024-04-26T05:37:32.294-0300] {processor.py:161} INFO - Started process (PID=10100) to work on /home/athlon/projects/airflow/.venv/lib/python3.11/site-packages/airflow/example_dags/example_local_kubernetes_executor.py
[2024-04-26T05:37:32.299-0300] {processor.py:830} INFO - Processing file /home/athlon/projects/airflow/.venv/lib/python3.11/site-packages/airflow/example_dags/example_local_kubernetes_executor.py for tasks to queue
[2024-04-26T05:37:32.302-0300] {logging_mixin.py:188} INFO - [2024-04-26T05:37:32.301-0300] {dagbag.py:540} INFO - Filling up the DagBag from /home/athlon/projects/airflow/.venv/lib/python3.11/site-packages/airflow/example_dags/example_local_kubernetes_executor.py
[2024-04-26T05:37:32.648-0300] {processor.py:840} INFO - DAG(s) 'example_local_kubernetes_executor' retrieved from /home/athlon/projects/airflow/.venv/lib/python3.11/site-packages/airflow/example_dags/example_local_kubernetes_executor.py
[2024-04-26T05:37:32.668-0300] {logging_mixin.py:188} WARNING - /home/athlon/projects/airflow/.venv/lib/python3.11/site-packages/airflow/serialization/serialized_objects.py:1673 DeprecationWarning: This module is deprecated. The `cncf.kubernetes` provider before version 7.4.0 uses this module - you should migrate to a newer version of `cncf.kubernetes` to get rid of this warning. If you import the module via `airflow.kubernetes` import, please use `cncf.kubernetes' provider 7.4.0+ and switch all your imports to use `apache.airflow.providers.cncf.kubernetes` to get rid of the warning.
[2024-04-26T05:37:32.680-0300] {logging_mixin.py:188} INFO - [2024-04-26T05:37:32.679-0300] {dag.py:3096} INFO - Sync 1 DAGs
[2024-04-26T05:37:32.697-0300] {logging_mixin.py:188} INFO - [2024-04-26T05:37:32.696-0300] {dag.py:3954} INFO - Setting next_dagrun for example_local_kubernetes_executor to None, run_after=None
[2024-04-26T05:37:32.732-0300] {processor.py:183} INFO - Processing /home/athlon/projects/airflow/.venv/lib/python3.11/site-packages/airflow/example_dags/example_local_kubernetes_executor.py took 0.449 seconds
[2024-04-26T05:38:29.112-0300] {processor.py:161} INFO - Started process (PID=10151) to work on /home/athlon/projects/airflow/.venv/lib/python3.11/site-packages/airflow/example_dags/example_local_kubernetes_executor.py
[2024-04-26T05:38:29.118-0300] {processor.py:830} INFO - Processing file /home/athlon/projects/airflow/.venv/lib/python3.11/site-packages/airflow/example_dags/example_local_kubernetes_executor.py for tasks to queue
[2024-04-26T05:38:29.121-0300] {logging_mixin.py:188} INFO - [2024-04-26T05:38:29.120-0300] {dagbag.py:540} INFO - Filling up the DagBag from /home/athlon/projects/airflow/.venv/lib/python3.11/site-packages/airflow/example_dags/example_local_kubernetes_executor.py
[2024-04-26T05:38:29.472-0300] {processor.py:840} INFO - DAG(s) 'example_local_kubernetes_executor' retrieved from /home/athlon/projects/airflow/.venv/lib/python3.11/site-packages/airflow/example_dags/example_local_kubernetes_executor.py
[2024-04-26T05:38:29.494-0300] {logging_mixin.py:188} WARNING - /home/athlon/projects/airflow/.venv/lib/python3.11/site-packages/airflow/serialization/serialized_objects.py:1673 DeprecationWarning: This module is deprecated. The `cncf.kubernetes` provider before version 7.4.0 uses this module - you should migrate to a newer version of `cncf.kubernetes` to get rid of this warning. If you import the module via `airflow.kubernetes` import, please use `cncf.kubernetes' provider 7.4.0+ and switch all your imports to use `apache.airflow.providers.cncf.kubernetes` to get rid of the warning.
[2024-04-26T05:38:29.503-0300] {logging_mixin.py:188} INFO - [2024-04-26T05:38:29.502-0300] {dag.py:3096} INFO - Sync 1 DAGs
[2024-04-26T05:38:29.518-0300] {logging_mixin.py:188} INFO - [2024-04-26T05:38:29.517-0300] {dag.py:3954} INFO - Setting next_dagrun for example_local_kubernetes_executor to None, run_after=None
[2024-04-26T05:38:29.551-0300] {processor.py:183} INFO - Processing /home/athlon/projects/airflow/.venv/lib/python3.11/site-packages/airflow/example_dags/example_local_kubernetes_executor.py took 0.449 seconds
[2024-04-26T05:39:30.692-0300] {processor.py:161} INFO - Started process (PID=10236) to work on /home/athlon/projects/airflow/.venv/lib/python3.11/site-packages/airflow/example_dags/example_local_kubernetes_executor.py
[2024-04-26T05:39:30.697-0300] {processor.py:830} INFO - Processing file /home/athlon/projects/airflow/.venv/lib/python3.11/site-packages/airflow/example_dags/example_local_kubernetes_executor.py for tasks to queue
[2024-04-26T05:39:30.700-0300] {logging_mixin.py:188} INFO - [2024-04-26T05:39:30.699-0300] {dagbag.py:540} INFO - Filling up the DagBag from /home/athlon/projects/airflow/.venv/lib/python3.11/site-packages/airflow/example_dags/example_local_kubernetes_executor.py
[2024-04-26T05:39:31.061-0300] {processor.py:840} INFO - DAG(s) 'example_local_kubernetes_executor' retrieved from /home/athlon/projects/airflow/.venv/lib/python3.11/site-packages/airflow/example_dags/example_local_kubernetes_executor.py
[2024-04-26T05:39:31.082-0300] {logging_mixin.py:188} WARNING - /home/athlon/projects/airflow/.venv/lib/python3.11/site-packages/airflow/serialization/serialized_objects.py:1673 DeprecationWarning: This module is deprecated. The `cncf.kubernetes` provider before version 7.4.0 uses this module - you should migrate to a newer version of `cncf.kubernetes` to get rid of this warning. If you import the module via `airflow.kubernetes` import, please use `cncf.kubernetes' provider 7.4.0+ and switch all your imports to use `apache.airflow.providers.cncf.kubernetes` to get rid of the warning.
[2024-04-26T05:39:31.092-0300] {logging_mixin.py:188} INFO - [2024-04-26T05:39:31.091-0300] {dag.py:3096} INFO - Sync 1 DAGs
[2024-04-26T05:39:31.107-0300] {logging_mixin.py:188} INFO - [2024-04-26T05:39:31.107-0300] {dag.py:3954} INFO - Setting next_dagrun for example_local_kubernetes_executor to None, run_after=None
[2024-04-26T05:39:31.143-0300] {processor.py:183} INFO - Processing /home/athlon/projects/airflow/.venv/lib/python3.11/site-packages/airflow/example_dags/example_local_kubernetes_executor.py took 0.462 seconds
[2024-04-26T05:40:30.083-0300] {processor.py:161} INFO - Started process (PID=10292) to work on /home/athlon/projects/airflow/.venv/lib/python3.11/site-packages/airflow/example_dags/example_local_kubernetes_executor.py
[2024-04-26T05:40:30.088-0300] {processor.py:830} INFO - Processing file /home/athlon/projects/airflow/.venv/lib/python3.11/site-packages/airflow/example_dags/example_local_kubernetes_executor.py for tasks to queue
[2024-04-26T05:40:30.091-0300] {logging_mixin.py:188} INFO - [2024-04-26T05:40:30.090-0300] {dagbag.py:540} INFO - Filling up the DagBag from /home/athlon/projects/airflow/.venv/lib/python3.11/site-packages/airflow/example_dags/example_local_kubernetes_executor.py
[2024-04-26T05:40:30.439-0300] {processor.py:840} INFO - DAG(s) 'example_local_kubernetes_executor' retrieved from /home/athlon/projects/airflow/.venv/lib/python3.11/site-packages/airflow/example_dags/example_local_kubernetes_executor.py
[2024-04-26T05:40:30.459-0300] {logging_mixin.py:188} WARNING - /home/athlon/projects/airflow/.venv/lib/python3.11/site-packages/airflow/serialization/serialized_objects.py:1673 DeprecationWarning: This module is deprecated. The `cncf.kubernetes` provider before version 7.4.0 uses this module - you should migrate to a newer version of `cncf.kubernetes` to get rid of this warning. If you import the module via `airflow.kubernetes` import, please use `cncf.kubernetes' provider 7.4.0+ and switch all your imports to use `apache.airflow.providers.cncf.kubernetes` to get rid of the warning.
[2024-04-26T05:40:30.468-0300] {logging_mixin.py:188} INFO - [2024-04-26T05:40:30.467-0300] {dag.py:3096} INFO - Sync 1 DAGs
[2024-04-26T05:40:30.485-0300] {logging_mixin.py:188} INFO - [2024-04-26T05:40:30.484-0300] {dag.py:3954} INFO - Setting next_dagrun for example_local_kubernetes_executor to None, run_after=None
[2024-04-26T05:40:30.518-0300] {processor.py:183} INFO - Processing /home/athlon/projects/airflow/.venv/lib/python3.11/site-packages/airflow/example_dags/example_local_kubernetes_executor.py took 0.446 seconds
[2024-04-26T05:41:31.265-0300] {processor.py:161} INFO - Started process (PID=10346) to work on /home/athlon/projects/airflow/.venv/lib/python3.11/site-packages/airflow/example_dags/example_local_kubernetes_executor.py
[2024-04-26T05:41:31.271-0300] {processor.py:830} INFO - Processing file /home/athlon/projects/airflow/.venv/lib/python3.11/site-packages/airflow/example_dags/example_local_kubernetes_executor.py for tasks to queue
[2024-04-26T05:41:31.274-0300] {logging_mixin.py:188} INFO - [2024-04-26T05:41:31.273-0300] {dagbag.py:540} INFO - Filling up the DagBag from /home/athlon/projects/airflow/.venv/lib/python3.11/site-packages/airflow/example_dags/example_local_kubernetes_executor.py
[2024-04-26T05:41:31.619-0300] {processor.py:840} INFO - DAG(s) 'example_local_kubernetes_executor' retrieved from /home/athlon/projects/airflow/.venv/lib/python3.11/site-packages/airflow/example_dags/example_local_kubernetes_executor.py
[2024-04-26T05:41:31.644-0300] {logging_mixin.py:188} WARNING - /home/athlon/projects/airflow/.venv/lib/python3.11/site-packages/airflow/serialization/serialized_objects.py:1673 DeprecationWarning: This module is deprecated. The `cncf.kubernetes` provider before version 7.4.0 uses this module - you should migrate to a newer version of `cncf.kubernetes` to get rid of this warning. If you import the module via `airflow.kubernetes` import, please use `cncf.kubernetes' provider 7.4.0+ and switch all your imports to use `apache.airflow.providers.cncf.kubernetes` to get rid of the warning.
[2024-04-26T05:41:31.655-0300] {logging_mixin.py:188} INFO - [2024-04-26T05:41:31.655-0300] {dag.py:3096} INFO - Sync 1 DAGs
[2024-04-26T05:41:31.670-0300] {logging_mixin.py:188} INFO - [2024-04-26T05:41:31.670-0300] {dag.py:3954} INFO - Setting next_dagrun for example_local_kubernetes_executor to None, run_after=None
[2024-04-26T05:41:31.704-0300] {processor.py:183} INFO - Processing /home/athlon/projects/airflow/.venv/lib/python3.11/site-packages/airflow/example_dags/example_local_kubernetes_executor.py took 0.449 seconds
[2024-04-26T05:42:33.479-0300] {processor.py:161} INFO - Started process (PID=10399) to work on /home/athlon/projects/airflow/.venv/lib/python3.11/site-packages/airflow/example_dags/example_local_kubernetes_executor.py
[2024-04-26T05:42:33.485-0300] {processor.py:830} INFO - Processing file /home/athlon/projects/airflow/.venv/lib/python3.11/site-packages/airflow/example_dags/example_local_kubernetes_executor.py for tasks to queue
[2024-04-26T05:42:33.488-0300] {logging_mixin.py:188} INFO - [2024-04-26T05:42:33.487-0300] {dagbag.py:540} INFO - Filling up the DagBag from /home/athlon/projects/airflow/.venv/lib/python3.11/site-packages/airflow/example_dags/example_local_kubernetes_executor.py
[2024-04-26T05:42:33.837-0300] {processor.py:840} INFO - DAG(s) 'example_local_kubernetes_executor' retrieved from /home/athlon/projects/airflow/.venv/lib/python3.11/site-packages/airflow/example_dags/example_local_kubernetes_executor.py
[2024-04-26T05:42:33.864-0300] {logging_mixin.py:188} WARNING - /home/athlon/projects/airflow/.venv/lib/python3.11/site-packages/airflow/serialization/serialized_objects.py:1673 DeprecationWarning: This module is deprecated. The `cncf.kubernetes` provider before version 7.4.0 uses this module - you should migrate to a newer version of `cncf.kubernetes` to get rid of this warning. If you import the module via `airflow.kubernetes` import, please use `cncf.kubernetes' provider 7.4.0+ and switch all your imports to use `apache.airflow.providers.cncf.kubernetes` to get rid of the warning.
[2024-04-26T05:42:33.873-0300] {logging_mixin.py:188} INFO - [2024-04-26T05:42:33.873-0300] {dag.py:3096} INFO - Sync 1 DAGs
[2024-04-26T05:42:33.888-0300] {logging_mixin.py:188} INFO - [2024-04-26T05:42:33.888-0300] {dag.py:3954} INFO - Setting next_dagrun for example_local_kubernetes_executor to None, run_after=None
[2024-04-26T05:42:33.922-0300] {processor.py:183} INFO - Processing /home/athlon/projects/airflow/.venv/lib/python3.11/site-packages/airflow/example_dags/example_local_kubernetes_executor.py took 0.453 seconds
[2024-04-26T05:43:32.174-0300] {processor.py:161} INFO - Started process (PID=10452) to work on /home/athlon/projects/airflow/.venv/lib/python3.11/site-packages/airflow/example_dags/example_local_kubernetes_executor.py
[2024-04-26T05:43:32.180-0300] {processor.py:830} INFO - Processing file /home/athlon/projects/airflow/.venv/lib/python3.11/site-packages/airflow/example_dags/example_local_kubernetes_executor.py for tasks to queue
[2024-04-26T05:43:32.182-0300] {logging_mixin.py:188} INFO - [2024-04-26T05:43:32.182-0300] {dagbag.py:540} INFO - Filling up the DagBag from /home/athlon/projects/airflow/.venv/lib/python3.11/site-packages/airflow/example_dags/example_local_kubernetes_executor.py
[2024-04-26T05:43:32.534-0300] {processor.py:840} INFO - DAG(s) 'example_local_kubernetes_executor' retrieved from /home/athlon/projects/airflow/.venv/lib/python3.11/site-packages/airflow/example_dags/example_local_kubernetes_executor.py
[2024-04-26T05:43:32.555-0300] {logging_mixin.py:188} WARNING - /home/athlon/projects/airflow/.venv/lib/python3.11/site-packages/airflow/serialization/serialized_objects.py:1673 DeprecationWarning: This module is deprecated. The `cncf.kubernetes` provider before version 7.4.0 uses this module - you should migrate to a newer version of `cncf.kubernetes` to get rid of this warning. If you import the module via `airflow.kubernetes` import, please use `cncf.kubernetes' provider 7.4.0+ and switch all your imports to use `apache.airflow.providers.cncf.kubernetes` to get rid of the warning.
[2024-04-26T05:43:32.563-0300] {logging_mixin.py:188} INFO - [2024-04-26T05:43:32.563-0300] {dag.py:3096} INFO - Sync 1 DAGs
[2024-04-26T05:43:32.579-0300] {logging_mixin.py:188} INFO - [2024-04-26T05:43:32.578-0300] {dag.py:3954} INFO - Setting next_dagrun for example_local_kubernetes_executor to None, run_after=None
[2024-04-26T05:43:32.611-0300] {processor.py:183} INFO - Processing /home/athlon/projects/airflow/.venv/lib/python3.11/site-packages/airflow/example_dags/example_local_kubernetes_executor.py took 0.448 seconds
[2024-04-26T05:44:27.279-0300] {processor.py:161} INFO - Started process (PID=10505) to work on /home/athlon/projects/airflow/.venv/lib/python3.11/site-packages/airflow/example_dags/example_local_kubernetes_executor.py
[2024-04-26T05:44:27.284-0300] {processor.py:830} INFO - Processing file /home/athlon/projects/airflow/.venv/lib/python3.11/site-packages/airflow/example_dags/example_local_kubernetes_executor.py for tasks to queue
[2024-04-26T05:44:27.287-0300] {logging_mixin.py:188} INFO - [2024-04-26T05:44:27.286-0300] {dagbag.py:540} INFO - Filling up the DagBag from /home/athlon/projects/airflow/.venv/lib/python3.11/site-packages/airflow/example_dags/example_local_kubernetes_executor.py
[2024-04-26T05:44:27.623-0300] {processor.py:840} INFO - DAG(s) 'example_local_kubernetes_executor' retrieved from /home/athlon/projects/airflow/.venv/lib/python3.11/site-packages/airflow/example_dags/example_local_kubernetes_executor.py
[2024-04-26T05:44:27.645-0300] {logging_mixin.py:188} WARNING - /home/athlon/projects/airflow/.venv/lib/python3.11/site-packages/airflow/serialization/serialized_objects.py:1673 DeprecationWarning: This module is deprecated. The `cncf.kubernetes` provider before version 7.4.0 uses this module - you should migrate to a newer version of `cncf.kubernetes` to get rid of this warning. If you import the module via `airflow.kubernetes` import, please use `cncf.kubernetes' provider 7.4.0+ and switch all your imports to use `apache.airflow.providers.cncf.kubernetes` to get rid of the warning.
[2024-04-26T05:44:27.657-0300] {logging_mixin.py:188} INFO - [2024-04-26T05:44:27.656-0300] {dag.py:3096} INFO - Sync 1 DAGs
[2024-04-26T05:44:27.672-0300] {logging_mixin.py:188} INFO - [2024-04-26T05:44:27.671-0300] {dag.py:3954} INFO - Setting next_dagrun for example_local_kubernetes_executor to None, run_after=None
[2024-04-26T05:44:27.705-0300] {processor.py:183} INFO - Processing /home/athlon/projects/airflow/.venv/lib/python3.11/site-packages/airflow/example_dags/example_local_kubernetes_executor.py took 0.435 seconds
[2024-04-26T05:45:24.958-0300] {processor.py:161} INFO - Started process (PID=10555) to work on /home/athlon/projects/airflow/.venv/lib/python3.11/site-packages/airflow/example_dags/example_local_kubernetes_executor.py
[2024-04-26T05:45:24.964-0300] {processor.py:830} INFO - Processing file /home/athlon/projects/airflow/.venv/lib/python3.11/site-packages/airflow/example_dags/example_local_kubernetes_executor.py for tasks to queue
[2024-04-26T05:45:24.967-0300] {logging_mixin.py:188} INFO - [2024-04-26T05:45:24.967-0300] {dagbag.py:540} INFO - Filling up the DagBag from /home/athlon/projects/airflow/.venv/lib/python3.11/site-packages/airflow/example_dags/example_local_kubernetes_executor.py
[2024-04-26T05:45:25.310-0300] {processor.py:840} INFO - DAG(s) 'example_local_kubernetes_executor' retrieved from /home/athlon/projects/airflow/.venv/lib/python3.11/site-packages/airflow/example_dags/example_local_kubernetes_executor.py
[2024-04-26T05:45:25.330-0300] {logging_mixin.py:188} WARNING - /home/athlon/projects/airflow/.venv/lib/python3.11/site-packages/airflow/serialization/serialized_objects.py:1673 DeprecationWarning: This module is deprecated. The `cncf.kubernetes` provider before version 7.4.0 uses this module - you should migrate to a newer version of `cncf.kubernetes` to get rid of this warning. If you import the module via `airflow.kubernetes` import, please use `cncf.kubernetes' provider 7.4.0+ and switch all your imports to use `apache.airflow.providers.cncf.kubernetes` to get rid of the warning.
[2024-04-26T05:45:25.339-0300] {logging_mixin.py:188} INFO - [2024-04-26T05:45:25.338-0300] {dag.py:3096} INFO - Sync 1 DAGs
[2024-04-26T05:45:25.355-0300] {logging_mixin.py:188} INFO - [2024-04-26T05:45:25.355-0300] {dag.py:3954} INFO - Setting next_dagrun for example_local_kubernetes_executor to None, run_after=None
[2024-04-26T05:45:25.389-0300] {processor.py:183} INFO - Processing /home/athlon/projects/airflow/.venv/lib/python3.11/site-packages/airflow/example_dags/example_local_kubernetes_executor.py took 0.446 seconds
[2024-04-26T05:46:24.424-0300] {processor.py:161} INFO - Started process (PID=10611) to work on /home/athlon/projects/airflow/.venv/lib/python3.11/site-packages/airflow/example_dags/example_local_kubernetes_executor.py
[2024-04-26T05:46:24.429-0300] {processor.py:830} INFO - Processing file /home/athlon/projects/airflow/.venv/lib/python3.11/site-packages/airflow/example_dags/example_local_kubernetes_executor.py for tasks to queue
[2024-04-26T05:46:24.432-0300] {logging_mixin.py:188} INFO - [2024-04-26T05:46:24.431-0300] {dagbag.py:540} INFO - Filling up the DagBag from /home/athlon/projects/airflow/.venv/lib/python3.11/site-packages/airflow/example_dags/example_local_kubernetes_executor.py
[2024-04-26T05:46:24.777-0300] {processor.py:840} INFO - DAG(s) 'example_local_kubernetes_executor' retrieved from /home/athlon/projects/airflow/.venv/lib/python3.11/site-packages/airflow/example_dags/example_local_kubernetes_executor.py
[2024-04-26T05:46:24.797-0300] {logging_mixin.py:188} WARNING - /home/athlon/projects/airflow/.venv/lib/python3.11/site-packages/airflow/serialization/serialized_objects.py:1673 DeprecationWarning: This module is deprecated. The `cncf.kubernetes` provider before version 7.4.0 uses this module - you should migrate to a newer version of `cncf.kubernetes` to get rid of this warning. If you import the module via `airflow.kubernetes` import, please use `cncf.kubernetes' provider 7.4.0+ and switch all your imports to use `apache.airflow.providers.cncf.kubernetes` to get rid of the warning.
[2024-04-26T05:46:24.806-0300] {logging_mixin.py:188} INFO - [2024-04-26T05:46:24.805-0300] {dag.py:3096} INFO - Sync 1 DAGs
[2024-04-26T05:46:24.822-0300] {logging_mixin.py:188} INFO - [2024-04-26T05:46:24.822-0300] {dag.py:3954} INFO - Setting next_dagrun for example_local_kubernetes_executor to None, run_after=None
[2024-04-26T05:46:24.860-0300] {processor.py:183} INFO - Processing /home/athlon/projects/airflow/.venv/lib/python3.11/site-packages/airflow/example_dags/example_local_kubernetes_executor.py took 0.445 seconds
[2024-04-26T05:47:21.814-0300] {processor.py:161} INFO - Started process (PID=10680) to work on /home/athlon/projects/airflow/.venv/lib/python3.11/site-packages/airflow/example_dags/example_local_kubernetes_executor.py
[2024-04-26T05:47:21.816-0300] {processor.py:830} INFO - Processing file /home/athlon/projects/airflow/.venv/lib/python3.11/site-packages/airflow/example_dags/example_local_kubernetes_executor.py for tasks to queue
[2024-04-26T05:47:21.818-0300] {logging_mixin.py:188} INFO - [2024-04-26T05:47:21.818-0300] {dagbag.py:540} INFO - Filling up the DagBag from /home/athlon/projects/airflow/.venv/lib/python3.11/site-packages/airflow/example_dags/example_local_kubernetes_executor.py
[2024-04-26T05:47:22.381-0300] {processor.py:840} INFO - DAG(s) 'example_local_kubernetes_executor' retrieved from /home/athlon/projects/airflow/.venv/lib/python3.11/site-packages/airflow/example_dags/example_local_kubernetes_executor.py
[2024-04-26T05:47:22.413-0300] {logging_mixin.py:188} WARNING - /home/athlon/projects/airflow/.venv/lib/python3.11/site-packages/airflow/serialization/serialized_objects.py:1673 DeprecationWarning: This module is deprecated. The `cncf.kubernetes` provider before version 7.4.0 uses this module - you should migrate to a newer version of `cncf.kubernetes` to get rid of this warning. If you import the module via `airflow.kubernetes` import, please use `cncf.kubernetes' provider 7.4.0+ and switch all your imports to use `apache.airflow.providers.cncf.kubernetes` to get rid of the warning.
[2024-04-26T05:47:22.427-0300] {logging_mixin.py:188} INFO - [2024-04-26T05:47:22.427-0300] {dag.py:3096} INFO - Sync 1 DAGs
[2024-04-26T05:47:22.453-0300] {logging_mixin.py:188} INFO - [2024-04-26T05:47:22.453-0300] {dag.py:3954} INFO - Setting next_dagrun for example_local_kubernetes_executor to None, run_after=None
[2024-04-26T05:47:22.514-0300] {processor.py:183} INFO - Processing /home/athlon/projects/airflow/.venv/lib/python3.11/site-packages/airflow/example_dags/example_local_kubernetes_executor.py took 0.709 seconds
[2024-04-26T05:48:15.306-0300] {processor.py:161} INFO - Started process (PID=10752) to work on /home/athlon/projects/airflow/.venv/lib/python3.11/site-packages/airflow/example_dags/example_local_kubernetes_executor.py
[2024-04-26T05:48:15.312-0300] {processor.py:830} INFO - Processing file /home/athlon/projects/airflow/.venv/lib/python3.11/site-packages/airflow/example_dags/example_local_kubernetes_executor.py for tasks to queue
[2024-04-26T05:48:15.315-0300] {logging_mixin.py:188} INFO - [2024-04-26T05:48:15.314-0300] {dagbag.py:540} INFO - Filling up the DagBag from /home/athlon/projects/airflow/.venv/lib/python3.11/site-packages/airflow/example_dags/example_local_kubernetes_executor.py
[2024-04-26T05:48:15.662-0300] {processor.py:840} INFO - DAG(s) 'example_local_kubernetes_executor' retrieved from /home/athlon/projects/airflow/.venv/lib/python3.11/site-packages/airflow/example_dags/example_local_kubernetes_executor.py
[2024-04-26T05:48:15.682-0300] {logging_mixin.py:188} WARNING - /home/athlon/projects/airflow/.venv/lib/python3.11/site-packages/airflow/serialization/serialized_objects.py:1673 DeprecationWarning: This module is deprecated. The `cncf.kubernetes` provider before version 7.4.0 uses this module - you should migrate to a newer version of `cncf.kubernetes` to get rid of this warning. If you import the module via `airflow.kubernetes` import, please use `cncf.kubernetes' provider 7.4.0+ and switch all your imports to use `apache.airflow.providers.cncf.kubernetes` to get rid of the warning.
[2024-04-26T05:48:15.691-0300] {logging_mixin.py:188} INFO - [2024-04-26T05:48:15.691-0300] {dag.py:3096} INFO - Sync 1 DAGs
[2024-04-26T05:48:15.706-0300] {logging_mixin.py:188} INFO - [2024-04-26T05:48:15.706-0300] {dag.py:3954} INFO - Setting next_dagrun for example_local_kubernetes_executor to None, run_after=None
[2024-04-26T05:48:15.740-0300] {processor.py:183} INFO - Processing /home/athlon/projects/airflow/.venv/lib/python3.11/site-packages/airflow/example_dags/example_local_kubernetes_executor.py took 0.444 seconds
[2024-04-26T05:49:16.693-0300] {processor.py:161} INFO - Started process (PID=10835) to work on /home/athlon/projects/airflow/.venv/lib/python3.11/site-packages/airflow/example_dags/example_local_kubernetes_executor.py
[2024-04-26T05:49:16.694-0300] {processor.py:830} INFO - Processing file /home/athlon/projects/airflow/.venv/lib/python3.11/site-packages/airflow/example_dags/example_local_kubernetes_executor.py for tasks to queue
[2024-04-26T05:49:16.697-0300] {logging_mixin.py:188} INFO - [2024-04-26T05:49:16.696-0300] {dagbag.py:540} INFO - Filling up the DagBag from /home/athlon/projects/airflow/.venv/lib/python3.11/site-packages/airflow/example_dags/example_local_kubernetes_executor.py
[2024-04-26T05:49:17.107-0300] {processor.py:840} INFO - DAG(s) 'example_local_kubernetes_executor' retrieved from /home/athlon/projects/airflow/.venv/lib/python3.11/site-packages/airflow/example_dags/example_local_kubernetes_executor.py
[2024-04-26T05:49:17.127-0300] {logging_mixin.py:188} WARNING - /home/athlon/projects/airflow/.venv/lib/python3.11/site-packages/airflow/serialization/serialized_objects.py:1673 DeprecationWarning: This module is deprecated. The `cncf.kubernetes` provider before version 7.4.0 uses this module - you should migrate to a newer version of `cncf.kubernetes` to get rid of this warning. If you import the module via `airflow.kubernetes` import, please use `cncf.kubernetes' provider 7.4.0+ and switch all your imports to use `apache.airflow.providers.cncf.kubernetes` to get rid of the warning.
[2024-04-26T05:49:17.136-0300] {logging_mixin.py:188} INFO - [2024-04-26T05:49:17.135-0300] {dag.py:3096} INFO - Sync 1 DAGs
[2024-04-26T05:49:17.151-0300] {logging_mixin.py:188} INFO - [2024-04-26T05:49:17.151-0300] {dag.py:3954} INFO - Setting next_dagrun for example_local_kubernetes_executor to None, run_after=None
[2024-04-26T05:49:17.184-0300] {processor.py:183} INFO - Processing /home/athlon/projects/airflow/.venv/lib/python3.11/site-packages/airflow/example_dags/example_local_kubernetes_executor.py took 0.499 seconds
[2024-04-26T05:50:28.184-0300] {processor.py:161} INFO - Started process (PID=10930) to work on /home/athlon/projects/airflow/.venv/lib/python3.11/site-packages/airflow/example_dags/example_local_kubernetes_executor.py
[2024-04-26T05:50:28.195-0300] {processor.py:830} INFO - Processing file /home/athlon/projects/airflow/.venv/lib/python3.11/site-packages/airflow/example_dags/example_local_kubernetes_executor.py for tasks to queue
[2024-04-26T05:50:28.199-0300] {logging_mixin.py:188} INFO - [2024-04-26T05:50:28.197-0300] {dagbag.py:540} INFO - Filling up the DagBag from /home/athlon/projects/airflow/.venv/lib/python3.11/site-packages/airflow/example_dags/example_local_kubernetes_executor.py
[2024-04-26T05:50:28.873-0300] {processor.py:840} INFO - DAG(s) 'example_local_kubernetes_executor' retrieved from /home/athlon/projects/airflow/.venv/lib/python3.11/site-packages/airflow/example_dags/example_local_kubernetes_executor.py
[2024-04-26T05:50:28.914-0300] {logging_mixin.py:188} WARNING - /home/athlon/projects/airflow/.venv/lib/python3.11/site-packages/airflow/serialization/serialized_objects.py:1673 DeprecationWarning: This module is deprecated. The `cncf.kubernetes` provider before version 7.4.0 uses this module - you should migrate to a newer version of `cncf.kubernetes` to get rid of this warning. If you import the module via `airflow.kubernetes` import, please use `cncf.kubernetes' provider 7.4.0+ and switch all your imports to use `apache.airflow.providers.cncf.kubernetes` to get rid of the warning.
[2024-04-26T05:50:28.932-0300] {logging_mixin.py:188} INFO - [2024-04-26T05:50:28.931-0300] {dag.py:3096} INFO - Sync 1 DAGs
[2024-04-26T05:50:28.958-0300] {logging_mixin.py:188} INFO - [2024-04-26T05:50:28.957-0300] {dag.py:3954} INFO - Setting next_dagrun for example_local_kubernetes_executor to None, run_after=None
[2024-04-26T05:50:29.008-0300] {processor.py:183} INFO - Processing /home/athlon/projects/airflow/.venv/lib/python3.11/site-packages/airflow/example_dags/example_local_kubernetes_executor.py took 0.839 seconds
[2024-04-26T05:51:58.365-0300] {processor.py:161} INFO - Started process (PID=11018) to work on /home/athlon/projects/airflow/.venv/lib/python3.11/site-packages/airflow/example_dags/example_local_kubernetes_executor.py
[2024-04-26T05:51:58.371-0300] {processor.py:830} INFO - Processing file /home/athlon/projects/airflow/.venv/lib/python3.11/site-packages/airflow/example_dags/example_local_kubernetes_executor.py for tasks to queue
[2024-04-26T05:51:58.374-0300] {logging_mixin.py:188} INFO - [2024-04-26T05:51:58.374-0300] {dagbag.py:540} INFO - Filling up the DagBag from /home/athlon/projects/airflow/.venv/lib/python3.11/site-packages/airflow/example_dags/example_local_kubernetes_executor.py
[2024-04-26T05:51:58.881-0300] {processor.py:840} INFO - DAG(s) 'example_local_kubernetes_executor' retrieved from /home/athlon/projects/airflow/.venv/lib/python3.11/site-packages/airflow/example_dags/example_local_kubernetes_executor.py
[2024-04-26T05:51:58.906-0300] {logging_mixin.py:188} WARNING - /home/athlon/projects/airflow/.venv/lib/python3.11/site-packages/airflow/serialization/serialized_objects.py:1673 DeprecationWarning: This module is deprecated. The `cncf.kubernetes` provider before version 7.4.0 uses this module - you should migrate to a newer version of `cncf.kubernetes` to get rid of this warning. If you import the module via `airflow.kubernetes` import, please use `cncf.kubernetes' provider 7.4.0+ and switch all your imports to use `apache.airflow.providers.cncf.kubernetes` to get rid of the warning.
[2024-04-26T05:51:58.919-0300] {logging_mixin.py:188} INFO - [2024-04-26T05:51:58.918-0300] {dag.py:3096} INFO - Sync 1 DAGs
[2024-04-26T05:51:58.939-0300] {logging_mixin.py:188} INFO - [2024-04-26T05:51:58.939-0300] {dag.py:3954} INFO - Setting next_dagrun for example_local_kubernetes_executor to None, run_after=None
[2024-04-26T05:51:58.984-0300] {processor.py:183} INFO - Processing /home/athlon/projects/airflow/.venv/lib/python3.11/site-packages/airflow/example_dags/example_local_kubernetes_executor.py took 0.627 seconds
