[2024-04-26T05:28:25.877-0300] {processor.py:161} INFO - Started process (PID=9543) to work on /home/athlon/projects/airflow/.venv/lib/python3.11/site-packages/airflow/example_dags/example_sensor_decorator.py
[2024-04-26T05:28:25.879-0300] {processor.py:830} INFO - Processing file /home/athlon/projects/airflow/.venv/lib/python3.11/site-packages/airflow/example_dags/example_sensor_decorator.py for tasks to queue
[2024-04-26T05:28:25.883-0300] {logging_mixin.py:188} INFO - [2024-04-26T05:28:25.882-0300] {dagbag.py:540} INFO - Filling up the DagBag from /home/athlon/projects/airflow/.venv/lib/python3.11/site-packages/airflow/example_dags/example_sensor_decorator.py
[2024-04-26T05:28:25.897-0300] {processor.py:840} INFO - DAG(s) 'example_sensor_decorator' retrieved from /home/athlon/projects/airflow/.venv/lib/python3.11/site-packages/airflow/example_dags/example_sensor_decorator.py
[2024-04-26T05:28:26.222-0300] {logging_mixin.py:188} INFO - [2024-04-26T05:28:26.221-0300] {override.py:1829} INFO - Created Permission View: can edit on DAG:example_sensor_decorator
[2024-04-26T05:28:26.262-0300] {logging_mixin.py:188} INFO - [2024-04-26T05:28:26.262-0300] {override.py:1829} INFO - Created Permission View: can delete on DAG:example_sensor_decorator
[2024-04-26T05:28:26.298-0300] {logging_mixin.py:188} INFO - [2024-04-26T05:28:26.297-0300] {override.py:1829} INFO - Created Permission View: can read on DAG:example_sensor_decorator
[2024-04-26T05:28:26.300-0300] {logging_mixin.py:188} INFO - [2024-04-26T05:28:26.299-0300] {dag.py:3096} INFO - Sync 1 DAGs
[2024-04-26T05:28:26.330-0300] {logging_mixin.py:188} INFO - [2024-04-26T05:28:26.330-0300] {dag.py:3118} INFO - Creating ORM DAG for example_sensor_decorator
[2024-04-26T05:28:26.332-0300] {logging_mixin.py:188} INFO - [2024-04-26T05:28:26.331-0300] {dag.py:3954} INFO - Setting next_dagrun for example_sensor_decorator to None, run_after=None
[2024-04-26T05:28:26.406-0300] {processor.py:183} INFO - Processing /home/athlon/projects/airflow/.venv/lib/python3.11/site-packages/airflow/example_dags/example_sensor_decorator.py took 0.540 seconds
[2024-04-26T05:29:32.878-0300] {processor.py:161} INFO - Started process (PID=9638) to work on /home/athlon/projects/airflow/.venv/lib/python3.11/site-packages/airflow/example_dags/example_sensor_decorator.py
[2024-04-26T05:29:32.884-0300] {processor.py:830} INFO - Processing file /home/athlon/projects/airflow/.venv/lib/python3.11/site-packages/airflow/example_dags/example_sensor_decorator.py for tasks to queue
[2024-04-26T05:29:32.887-0300] {logging_mixin.py:188} INFO - [2024-04-26T05:29:32.886-0300] {dagbag.py:540} INFO - Filling up the DagBag from /home/athlon/projects/airflow/.venv/lib/python3.11/site-packages/airflow/example_dags/example_sensor_decorator.py
[2024-04-26T05:29:32.898-0300] {processor.py:840} INFO - DAG(s) 'example_sensor_decorator' retrieved from /home/athlon/projects/airflow/.venv/lib/python3.11/site-packages/airflow/example_dags/example_sensor_decorator.py
[2024-04-26T05:29:32.922-0300] {logging_mixin.py:188} INFO - [2024-04-26T05:29:32.921-0300] {dag.py:3096} INFO - Sync 1 DAGs
[2024-04-26T05:29:32.938-0300] {logging_mixin.py:188} INFO - [2024-04-26T05:29:32.938-0300] {dag.py:3954} INFO - Setting next_dagrun for example_sensor_decorator to None, run_after=None
[2024-04-26T05:29:32.974-0300] {processor.py:183} INFO - Processing /home/athlon/projects/airflow/.venv/lib/python3.11/site-packages/airflow/example_dags/example_sensor_decorator.py took 0.106 seconds
[2024-04-26T05:30:30.811-0300] {processor.py:161} INFO - Started process (PID=9693) to work on /home/athlon/projects/airflow/.venv/lib/python3.11/site-packages/airflow/example_dags/example_sensor_decorator.py
[2024-04-26T05:30:30.817-0300] {processor.py:830} INFO - Processing file /home/athlon/projects/airflow/.venv/lib/python3.11/site-packages/airflow/example_dags/example_sensor_decorator.py for tasks to queue
[2024-04-26T05:30:30.819-0300] {logging_mixin.py:188} INFO - [2024-04-26T05:30:30.819-0300] {dagbag.py:540} INFO - Filling up the DagBag from /home/athlon/projects/airflow/.venv/lib/python3.11/site-packages/airflow/example_dags/example_sensor_decorator.py
[2024-04-26T05:30:30.830-0300] {processor.py:840} INFO - DAG(s) 'example_sensor_decorator' retrieved from /home/athlon/projects/airflow/.venv/lib/python3.11/site-packages/airflow/example_dags/example_sensor_decorator.py
[2024-04-26T05:30:30.853-0300] {logging_mixin.py:188} INFO - [2024-04-26T05:30:30.853-0300] {dag.py:3096} INFO - Sync 1 DAGs
[2024-04-26T05:30:30.870-0300] {logging_mixin.py:188} INFO - [2024-04-26T05:30:30.870-0300] {dag.py:3954} INFO - Setting next_dagrun for example_sensor_decorator to None, run_after=None
[2024-04-26T05:30:30.899-0300] {processor.py:183} INFO - Processing /home/athlon/projects/airflow/.venv/lib/python3.11/site-packages/airflow/example_dags/example_sensor_decorator.py took 0.098 seconds
[2024-04-26T05:31:26.811-0300] {processor.py:161} INFO - Started process (PID=9743) to work on /home/athlon/projects/airflow/.venv/lib/python3.11/site-packages/airflow/example_dags/example_sensor_decorator.py
[2024-04-26T05:31:26.817-0300] {processor.py:830} INFO - Processing file /home/athlon/projects/airflow/.venv/lib/python3.11/site-packages/airflow/example_dags/example_sensor_decorator.py for tasks to queue
[2024-04-26T05:31:26.819-0300] {logging_mixin.py:188} INFO - [2024-04-26T05:31:26.819-0300] {dagbag.py:540} INFO - Filling up the DagBag from /home/athlon/projects/airflow/.venv/lib/python3.11/site-packages/airflow/example_dags/example_sensor_decorator.py
[2024-04-26T05:31:26.829-0300] {processor.py:840} INFO - DAG(s) 'example_sensor_decorator' retrieved from /home/athlon/projects/airflow/.venv/lib/python3.11/site-packages/airflow/example_dags/example_sensor_decorator.py
[2024-04-26T05:31:26.853-0300] {logging_mixin.py:188} INFO - [2024-04-26T05:31:26.852-0300] {dag.py:3096} INFO - Sync 1 DAGs
[2024-04-26T05:31:26.870-0300] {logging_mixin.py:188} INFO - [2024-04-26T05:31:26.869-0300] {dag.py:3954} INFO - Setting next_dagrun for example_sensor_decorator to None, run_after=None
[2024-04-26T05:31:26.899-0300] {processor.py:183} INFO - Processing /home/athlon/projects/airflow/.venv/lib/python3.11/site-packages/airflow/example_dags/example_sensor_decorator.py took 0.099 seconds
[2024-04-26T05:32:26.827-0300] {processor.py:161} INFO - Started process (PID=9802) to work on /home/athlon/projects/airflow/.venv/lib/python3.11/site-packages/airflow/example_dags/example_sensor_decorator.py
[2024-04-26T05:32:26.832-0300] {processor.py:830} INFO - Processing file /home/athlon/projects/airflow/.venv/lib/python3.11/site-packages/airflow/example_dags/example_sensor_decorator.py for tasks to queue
[2024-04-26T05:32:26.836-0300] {logging_mixin.py:188} INFO - [2024-04-26T05:32:26.835-0300] {dagbag.py:540} INFO - Filling up the DagBag from /home/athlon/projects/airflow/.venv/lib/python3.11/site-packages/airflow/example_dags/example_sensor_decorator.py
[2024-04-26T05:32:26.850-0300] {processor.py:840} INFO - DAG(s) 'example_sensor_decorator' retrieved from /home/athlon/projects/airflow/.venv/lib/python3.11/site-packages/airflow/example_dags/example_sensor_decorator.py
[2024-04-26T05:32:26.874-0300] {logging_mixin.py:188} INFO - [2024-04-26T05:32:26.874-0300] {dag.py:3096} INFO - Sync 1 DAGs
[2024-04-26T05:32:26.890-0300] {logging_mixin.py:188} INFO - [2024-04-26T05:32:26.890-0300] {dag.py:3954} INFO - Setting next_dagrun for example_sensor_decorator to None, run_after=None
[2024-04-26T05:32:26.919-0300] {processor.py:183} INFO - Processing /home/athlon/projects/airflow/.venv/lib/python3.11/site-packages/airflow/example_dags/example_sensor_decorator.py took 0.103 seconds
[2024-04-26T05:33:28.447-0300] {processor.py:161} INFO - Started process (PID=9856) to work on /home/athlon/projects/airflow/.venv/lib/python3.11/site-packages/airflow/example_dags/example_sensor_decorator.py
[2024-04-26T05:33:28.452-0300] {processor.py:830} INFO - Processing file /home/athlon/projects/airflow/.venv/lib/python3.11/site-packages/airflow/example_dags/example_sensor_decorator.py for tasks to queue
[2024-04-26T05:33:28.455-0300] {logging_mixin.py:188} INFO - [2024-04-26T05:33:28.454-0300] {dagbag.py:540} INFO - Filling up the DagBag from /home/athlon/projects/airflow/.venv/lib/python3.11/site-packages/airflow/example_dags/example_sensor_decorator.py
[2024-04-26T05:33:28.465-0300] {processor.py:840} INFO - DAG(s) 'example_sensor_decorator' retrieved from /home/athlon/projects/airflow/.venv/lib/python3.11/site-packages/airflow/example_dags/example_sensor_decorator.py
[2024-04-26T05:33:28.489-0300] {logging_mixin.py:188} INFO - [2024-04-26T05:33:28.488-0300] {dag.py:3096} INFO - Sync 1 DAGs
[2024-04-26T05:33:28.505-0300] {logging_mixin.py:188} INFO - [2024-04-26T05:33:28.504-0300] {dag.py:3954} INFO - Setting next_dagrun for example_sensor_decorator to None, run_after=None
[2024-04-26T05:33:28.535-0300] {processor.py:183} INFO - Processing /home/athlon/projects/airflow/.venv/lib/python3.11/site-packages/airflow/example_dags/example_sensor_decorator.py took 0.099 seconds
[2024-04-26T05:34:25.887-0300] {processor.py:161} INFO - Started process (PID=9925) to work on /home/athlon/projects/airflow/.venv/lib/python3.11/site-packages/airflow/example_dags/example_sensor_decorator.py
[2024-04-26T05:34:25.888-0300] {processor.py:830} INFO - Processing file /home/athlon/projects/airflow/.venv/lib/python3.11/site-packages/airflow/example_dags/example_sensor_decorator.py for tasks to queue
[2024-04-26T05:34:25.891-0300] {logging_mixin.py:188} INFO - [2024-04-26T05:34:25.890-0300] {dagbag.py:540} INFO - Filling up the DagBag from /home/athlon/projects/airflow/.venv/lib/python3.11/site-packages/airflow/example_dags/example_sensor_decorator.py
[2024-04-26T05:34:25.901-0300] {processor.py:840} INFO - DAG(s) 'example_sensor_decorator' retrieved from /home/athlon/projects/airflow/.venv/lib/python3.11/site-packages/airflow/example_dags/example_sensor_decorator.py
[2024-04-26T05:34:25.924-0300] {logging_mixin.py:188} INFO - [2024-04-26T05:34:25.924-0300] {dag.py:3096} INFO - Sync 1 DAGs
[2024-04-26T05:34:25.940-0300] {logging_mixin.py:188} INFO - [2024-04-26T05:34:25.940-0300] {dag.py:3954} INFO - Setting next_dagrun for example_sensor_decorator to None, run_after=None
[2024-04-26T05:34:25.970-0300] {processor.py:183} INFO - Processing /home/athlon/projects/airflow/.venv/lib/python3.11/site-packages/airflow/example_dags/example_sensor_decorator.py took 0.094 seconds
[2024-04-26T05:35:22.102-0300] {processor.py:161} INFO - Started process (PID=9977) to work on /home/athlon/projects/airflow/.venv/lib/python3.11/site-packages/airflow/example_dags/example_sensor_decorator.py
[2024-04-26T05:35:22.107-0300] {processor.py:830} INFO - Processing file /home/athlon/projects/airflow/.venv/lib/python3.11/site-packages/airflow/example_dags/example_sensor_decorator.py for tasks to queue
[2024-04-26T05:35:22.110-0300] {logging_mixin.py:188} INFO - [2024-04-26T05:35:22.109-0300] {dagbag.py:540} INFO - Filling up the DagBag from /home/athlon/projects/airflow/.venv/lib/python3.11/site-packages/airflow/example_dags/example_sensor_decorator.py
[2024-04-26T05:35:22.121-0300] {processor.py:840} INFO - DAG(s) 'example_sensor_decorator' retrieved from /home/athlon/projects/airflow/.venv/lib/python3.11/site-packages/airflow/example_dags/example_sensor_decorator.py
[2024-04-26T05:35:22.144-0300] {logging_mixin.py:188} INFO - [2024-04-26T05:35:22.144-0300] {dag.py:3096} INFO - Sync 1 DAGs
[2024-04-26T05:35:22.160-0300] {logging_mixin.py:188} INFO - [2024-04-26T05:35:22.160-0300] {dag.py:3954} INFO - Setting next_dagrun for example_sensor_decorator to None, run_after=None
[2024-04-26T05:35:22.191-0300] {processor.py:183} INFO - Processing /home/athlon/projects/airflow/.venv/lib/python3.11/site-packages/airflow/example_dags/example_sensor_decorator.py took 0.099 seconds
[2024-04-26T05:36:17.065-0300] {processor.py:161} INFO - Started process (PID=10027) to work on /home/athlon/projects/airflow/.venv/lib/python3.11/site-packages/airflow/example_dags/example_sensor_decorator.py
[2024-04-26T05:36:17.071-0300] {processor.py:830} INFO - Processing file /home/athlon/projects/airflow/.venv/lib/python3.11/site-packages/airflow/example_dags/example_sensor_decorator.py for tasks to queue
[2024-04-26T05:36:17.074-0300] {logging_mixin.py:188} INFO - [2024-04-26T05:36:17.073-0300] {dagbag.py:540} INFO - Filling up the DagBag from /home/athlon/projects/airflow/.venv/lib/python3.11/site-packages/airflow/example_dags/example_sensor_decorator.py
[2024-04-26T05:36:17.084-0300] {processor.py:840} INFO - DAG(s) 'example_sensor_decorator' retrieved from /home/athlon/projects/airflow/.venv/lib/python3.11/site-packages/airflow/example_dags/example_sensor_decorator.py
[2024-04-26T05:36:17.108-0300] {logging_mixin.py:188} INFO - [2024-04-26T05:36:17.107-0300] {dag.py:3096} INFO - Sync 1 DAGs
[2024-04-26T05:36:17.124-0300] {logging_mixin.py:188} INFO - [2024-04-26T05:36:17.124-0300] {dag.py:3954} INFO - Setting next_dagrun for example_sensor_decorator to None, run_after=None
[2024-04-26T05:36:17.154-0300] {processor.py:183} INFO - Processing /home/athlon/projects/airflow/.venv/lib/python3.11/site-packages/airflow/example_dags/example_sensor_decorator.py took 0.099 seconds
[2024-04-26T05:37:10.498-0300] {processor.py:161} INFO - Started process (PID=10079) to work on /home/athlon/projects/airflow/.venv/lib/python3.11/site-packages/airflow/example_dags/example_sensor_decorator.py
[2024-04-26T05:37:10.504-0300] {processor.py:830} INFO - Processing file /home/athlon/projects/airflow/.venv/lib/python3.11/site-packages/airflow/example_dags/example_sensor_decorator.py for tasks to queue
[2024-04-26T05:37:10.507-0300] {logging_mixin.py:188} INFO - [2024-04-26T05:37:10.506-0300] {dagbag.py:540} INFO - Filling up the DagBag from /home/athlon/projects/airflow/.venv/lib/python3.11/site-packages/airflow/example_dags/example_sensor_decorator.py
[2024-04-26T05:37:10.517-0300] {processor.py:840} INFO - DAG(s) 'example_sensor_decorator' retrieved from /home/athlon/projects/airflow/.venv/lib/python3.11/site-packages/airflow/example_dags/example_sensor_decorator.py
[2024-04-26T05:37:10.540-0300] {logging_mixin.py:188} INFO - [2024-04-26T05:37:10.540-0300] {dag.py:3096} INFO - Sync 1 DAGs
[2024-04-26T05:37:10.557-0300] {logging_mixin.py:188} INFO - [2024-04-26T05:37:10.557-0300] {dag.py:3954} INFO - Setting next_dagrun for example_sensor_decorator to None, run_after=None
[2024-04-26T05:37:10.586-0300] {processor.py:183} INFO - Processing /home/athlon/projects/airflow/.venv/lib/python3.11/site-packages/airflow/example_dags/example_sensor_decorator.py took 0.098 seconds
[2024-04-26T05:38:06.782-0300] {processor.py:161} INFO - Started process (PID=10133) to work on /home/athlon/projects/airflow/.venv/lib/python3.11/site-packages/airflow/example_dags/example_sensor_decorator.py
[2024-04-26T05:38:06.788-0300] {processor.py:830} INFO - Processing file /home/athlon/projects/airflow/.venv/lib/python3.11/site-packages/airflow/example_dags/example_sensor_decorator.py for tasks to queue
[2024-04-26T05:38:06.790-0300] {logging_mixin.py:188} INFO - [2024-04-26T05:38:06.790-0300] {dagbag.py:540} INFO - Filling up the DagBag from /home/athlon/projects/airflow/.venv/lib/python3.11/site-packages/airflow/example_dags/example_sensor_decorator.py
[2024-04-26T05:38:06.800-0300] {processor.py:840} INFO - DAG(s) 'example_sensor_decorator' retrieved from /home/athlon/projects/airflow/.venv/lib/python3.11/site-packages/airflow/example_dags/example_sensor_decorator.py
[2024-04-26T05:38:06.823-0300] {logging_mixin.py:188} INFO - [2024-04-26T05:38:06.823-0300] {dag.py:3096} INFO - Sync 1 DAGs
[2024-04-26T05:38:06.839-0300] {logging_mixin.py:188} INFO - [2024-04-26T05:38:06.839-0300] {dag.py:3954} INFO - Setting next_dagrun for example_sensor_decorator to None, run_after=None
[2024-04-26T05:38:06.875-0300] {processor.py:183} INFO - Processing /home/athlon/projects/airflow/.venv/lib/python3.11/site-packages/airflow/example_dags/example_sensor_decorator.py took 0.104 seconds
[2024-04-26T05:39:08.572-0300] {processor.py:161} INFO - Started process (PID=10217) to work on /home/athlon/projects/airflow/.venv/lib/python3.11/site-packages/airflow/example_dags/example_sensor_decorator.py
[2024-04-26T05:39:08.582-0300] {processor.py:830} INFO - Processing file /home/athlon/projects/airflow/.venv/lib/python3.11/site-packages/airflow/example_dags/example_sensor_decorator.py for tasks to queue
[2024-04-26T05:39:08.585-0300] {logging_mixin.py:188} INFO - [2024-04-26T05:39:08.584-0300] {dagbag.py:540} INFO - Filling up the DagBag from /home/athlon/projects/airflow/.venv/lib/python3.11/site-packages/airflow/example_dags/example_sensor_decorator.py
[2024-04-26T05:39:08.595-0300] {processor.py:840} INFO - DAG(s) 'example_sensor_decorator' retrieved from /home/athlon/projects/airflow/.venv/lib/python3.11/site-packages/airflow/example_dags/example_sensor_decorator.py
[2024-04-26T05:39:08.616-0300] {logging_mixin.py:188} INFO - [2024-04-26T05:39:08.616-0300] {dag.py:3096} INFO - Sync 1 DAGs
[2024-04-26T05:39:08.632-0300] {logging_mixin.py:188} INFO - [2024-04-26T05:39:08.632-0300] {dag.py:3954} INFO - Setting next_dagrun for example_sensor_decorator to None, run_after=None
[2024-04-26T05:39:08.662-0300] {processor.py:183} INFO - Processing /home/athlon/projects/airflow/.venv/lib/python3.11/site-packages/airflow/example_dags/example_sensor_decorator.py took 0.101 seconds
[2024-04-26T05:40:08.551-0300] {processor.py:161} INFO - Started process (PID=10269) to work on /home/athlon/projects/airflow/.venv/lib/python3.11/site-packages/airflow/example_dags/example_sensor_decorator.py
[2024-04-26T05:40:08.552-0300] {processor.py:830} INFO - Processing file /home/athlon/projects/airflow/.venv/lib/python3.11/site-packages/airflow/example_dags/example_sensor_decorator.py for tasks to queue
[2024-04-26T05:40:08.556-0300] {logging_mixin.py:188} INFO - [2024-04-26T05:40:08.555-0300] {dagbag.py:540} INFO - Filling up the DagBag from /home/athlon/projects/airflow/.venv/lib/python3.11/site-packages/airflow/example_dags/example_sensor_decorator.py
[2024-04-26T05:40:08.565-0300] {processor.py:840} INFO - DAG(s) 'example_sensor_decorator' retrieved from /home/athlon/projects/airflow/.venv/lib/python3.11/site-packages/airflow/example_dags/example_sensor_decorator.py
[2024-04-26T05:40:08.591-0300] {logging_mixin.py:188} INFO - [2024-04-26T05:40:08.591-0300] {dag.py:3096} INFO - Sync 1 DAGs
[2024-04-26T05:40:08.607-0300] {logging_mixin.py:188} INFO - [2024-04-26T05:40:08.607-0300] {dag.py:3954} INFO - Setting next_dagrun for example_sensor_decorator to None, run_after=None
[2024-04-26T05:40:08.638-0300] {processor.py:183} INFO - Processing /home/athlon/projects/airflow/.venv/lib/python3.11/site-packages/airflow/example_dags/example_sensor_decorator.py took 0.100 seconds
[2024-04-26T05:41:09.074-0300] {processor.py:161} INFO - Started process (PID=10326) to work on /home/athlon/projects/airflow/.venv/lib/python3.11/site-packages/airflow/example_dags/example_sensor_decorator.py
[2024-04-26T05:41:09.080-0300] {processor.py:830} INFO - Processing file /home/athlon/projects/airflow/.venv/lib/python3.11/site-packages/airflow/example_dags/example_sensor_decorator.py for tasks to queue
[2024-04-26T05:41:09.082-0300] {logging_mixin.py:188} INFO - [2024-04-26T05:41:09.082-0300] {dagbag.py:540} INFO - Filling up the DagBag from /home/athlon/projects/airflow/.venv/lib/python3.11/site-packages/airflow/example_dags/example_sensor_decorator.py
[2024-04-26T05:41:09.095-0300] {processor.py:840} INFO - DAG(s) 'example_sensor_decorator' retrieved from /home/athlon/projects/airflow/.venv/lib/python3.11/site-packages/airflow/example_dags/example_sensor_decorator.py
[2024-04-26T05:41:09.118-0300] {logging_mixin.py:188} INFO - [2024-04-26T05:41:09.118-0300] {dag.py:3096} INFO - Sync 1 DAGs
[2024-04-26T05:41:09.135-0300] {logging_mixin.py:188} INFO - [2024-04-26T05:41:09.134-0300] {dag.py:3954} INFO - Setting next_dagrun for example_sensor_decorator to None, run_after=None
[2024-04-26T05:41:09.164-0300] {processor.py:183} INFO - Processing /home/athlon/projects/airflow/.venv/lib/python3.11/site-packages/airflow/example_dags/example_sensor_decorator.py took 0.101 seconds
[2024-04-26T05:42:08.963-0300] {processor.py:161} INFO - Started process (PID=10378) to work on /home/athlon/projects/airflow/.venv/lib/python3.11/site-packages/airflow/example_dags/example_sensor_decorator.py
[2024-04-26T05:42:08.969-0300] {processor.py:830} INFO - Processing file /home/athlon/projects/airflow/.venv/lib/python3.11/site-packages/airflow/example_dags/example_sensor_decorator.py for tasks to queue
[2024-04-26T05:42:08.972-0300] {logging_mixin.py:188} INFO - [2024-04-26T05:42:08.971-0300] {dagbag.py:540} INFO - Filling up the DagBag from /home/athlon/projects/airflow/.venv/lib/python3.11/site-packages/airflow/example_dags/example_sensor_decorator.py
[2024-04-26T05:42:08.982-0300] {processor.py:840} INFO - DAG(s) 'example_sensor_decorator' retrieved from /home/athlon/projects/airflow/.venv/lib/python3.11/site-packages/airflow/example_dags/example_sensor_decorator.py
[2024-04-26T05:42:09.006-0300] {logging_mixin.py:188} INFO - [2024-04-26T05:42:09.006-0300] {dag.py:3096} INFO - Sync 1 DAGs
[2024-04-26T05:42:09.022-0300] {logging_mixin.py:188} INFO - [2024-04-26T05:42:09.022-0300] {dag.py:3954} INFO - Setting next_dagrun for example_sensor_decorator to None, run_after=None
[2024-04-26T05:42:09.052-0300] {processor.py:183} INFO - Processing /home/athlon/projects/airflow/.venv/lib/python3.11/site-packages/airflow/example_dags/example_sensor_decorator.py took 0.099 seconds
[2024-04-26T05:43:13.775-0300] {processor.py:161} INFO - Started process (PID=10434) to work on /home/athlon/projects/airflow/.venv/lib/python3.11/site-packages/airflow/example_dags/example_sensor_decorator.py
[2024-04-26T05:43:13.780-0300] {processor.py:830} INFO - Processing file /home/athlon/projects/airflow/.venv/lib/python3.11/site-packages/airflow/example_dags/example_sensor_decorator.py for tasks to queue
[2024-04-26T05:43:13.783-0300] {logging_mixin.py:188} INFO - [2024-04-26T05:43:13.783-0300] {dagbag.py:540} INFO - Filling up the DagBag from /home/athlon/projects/airflow/.venv/lib/python3.11/site-packages/airflow/example_dags/example_sensor_decorator.py
[2024-04-26T05:43:13.793-0300] {processor.py:840} INFO - DAG(s) 'example_sensor_decorator' retrieved from /home/athlon/projects/airflow/.venv/lib/python3.11/site-packages/airflow/example_dags/example_sensor_decorator.py
[2024-04-26T05:43:13.817-0300] {logging_mixin.py:188} INFO - [2024-04-26T05:43:13.817-0300] {dag.py:3096} INFO - Sync 1 DAGs
[2024-04-26T05:43:13.839-0300] {logging_mixin.py:188} INFO - [2024-04-26T05:43:13.838-0300] {dag.py:3954} INFO - Setting next_dagrun for example_sensor_decorator to None, run_after=None
[2024-04-26T05:43:13.869-0300] {processor.py:183} INFO - Processing /home/athlon/projects/airflow/.venv/lib/python3.11/site-packages/airflow/example_dags/example_sensor_decorator.py took 0.105 seconds
[2024-04-26T05:44:10.880-0300] {processor.py:161} INFO - Started process (PID=10489) to work on /home/athlon/projects/airflow/.venv/lib/python3.11/site-packages/airflow/example_dags/example_sensor_decorator.py
[2024-04-26T05:44:10.885-0300] {processor.py:830} INFO - Processing file /home/athlon/projects/airflow/.venv/lib/python3.11/site-packages/airflow/example_dags/example_sensor_decorator.py for tasks to queue
[2024-04-26T05:44:10.888-0300] {logging_mixin.py:188} INFO - [2024-04-26T05:44:10.888-0300] {dagbag.py:540} INFO - Filling up the DagBag from /home/athlon/projects/airflow/.venv/lib/python3.11/site-packages/airflow/example_dags/example_sensor_decorator.py
[2024-04-26T05:44:10.898-0300] {processor.py:840} INFO - DAG(s) 'example_sensor_decorator' retrieved from /home/athlon/projects/airflow/.venv/lib/python3.11/site-packages/airflow/example_dags/example_sensor_decorator.py
[2024-04-26T05:44:10.922-0300] {logging_mixin.py:188} INFO - [2024-04-26T05:44:10.922-0300] {dag.py:3096} INFO - Sync 1 DAGs
[2024-04-26T05:44:10.938-0300] {logging_mixin.py:188} INFO - [2024-04-26T05:44:10.938-0300] {dag.py:3954} INFO - Setting next_dagrun for example_sensor_decorator to None, run_after=None
[2024-04-26T05:44:10.968-0300] {processor.py:183} INFO - Processing /home/athlon/projects/airflow/.venv/lib/python3.11/site-packages/airflow/example_dags/example_sensor_decorator.py took 0.100 seconds
[2024-04-26T05:45:04.182-0300] {processor.py:161} INFO - Started process (PID=10538) to work on /home/athlon/projects/airflow/.venv/lib/python3.11/site-packages/airflow/example_dags/example_sensor_decorator.py
[2024-04-26T05:45:04.187-0300] {processor.py:830} INFO - Processing file /home/athlon/projects/airflow/.venv/lib/python3.11/site-packages/airflow/example_dags/example_sensor_decorator.py for tasks to queue
[2024-04-26T05:45:04.190-0300] {logging_mixin.py:188} INFO - [2024-04-26T05:45:04.189-0300] {dagbag.py:540} INFO - Filling up the DagBag from /home/athlon/projects/airflow/.venv/lib/python3.11/site-packages/airflow/example_dags/example_sensor_decorator.py
[2024-04-26T05:45:04.199-0300] {processor.py:840} INFO - DAG(s) 'example_sensor_decorator' retrieved from /home/athlon/projects/airflow/.venv/lib/python3.11/site-packages/airflow/example_dags/example_sensor_decorator.py
[2024-04-26T05:45:04.222-0300] {logging_mixin.py:188} INFO - [2024-04-26T05:45:04.221-0300] {dag.py:3096} INFO - Sync 1 DAGs
[2024-04-26T05:45:04.238-0300] {logging_mixin.py:188} INFO - [2024-04-26T05:45:04.237-0300] {dag.py:3954} INFO - Setting next_dagrun for example_sensor_decorator to None, run_after=None
[2024-04-26T05:45:04.267-0300] {processor.py:183} INFO - Processing /home/athlon/projects/airflow/.venv/lib/python3.11/site-packages/airflow/example_dags/example_sensor_decorator.py took 0.096 seconds
[2024-04-26T05:46:04.443-0300] {processor.py:161} INFO - Started process (PID=10593) to work on /home/athlon/projects/airflow/.venv/lib/python3.11/site-packages/airflow/example_dags/example_sensor_decorator.py
[2024-04-26T05:46:04.448-0300] {processor.py:830} INFO - Processing file /home/athlon/projects/airflow/.venv/lib/python3.11/site-packages/airflow/example_dags/example_sensor_decorator.py for tasks to queue
[2024-04-26T05:46:04.451-0300] {logging_mixin.py:188} INFO - [2024-04-26T05:46:04.450-0300] {dagbag.py:540} INFO - Filling up the DagBag from /home/athlon/projects/airflow/.venv/lib/python3.11/site-packages/airflow/example_dags/example_sensor_decorator.py
[2024-04-26T05:46:04.461-0300] {processor.py:840} INFO - DAG(s) 'example_sensor_decorator' retrieved from /home/athlon/projects/airflow/.venv/lib/python3.11/site-packages/airflow/example_dags/example_sensor_decorator.py
[2024-04-26T05:46:04.485-0300] {logging_mixin.py:188} INFO - [2024-04-26T05:46:04.484-0300] {dag.py:3096} INFO - Sync 1 DAGs
[2024-04-26T05:46:04.501-0300] {logging_mixin.py:188} INFO - [2024-04-26T05:46:04.501-0300] {dag.py:3954} INFO - Setting next_dagrun for example_sensor_decorator to None, run_after=None
[2024-04-26T05:46:04.531-0300] {processor.py:183} INFO - Processing /home/athlon/projects/airflow/.venv/lib/python3.11/site-packages/airflow/example_dags/example_sensor_decorator.py took 0.099 seconds
[2024-04-26T05:47:02.021-0300] {processor.py:161} INFO - Started process (PID=10647) to work on /home/athlon/projects/airflow/.venv/lib/python3.11/site-packages/airflow/example_dags/example_sensor_decorator.py
[2024-04-26T05:47:02.023-0300] {processor.py:830} INFO - Processing file /home/athlon/projects/airflow/.venv/lib/python3.11/site-packages/airflow/example_dags/example_sensor_decorator.py for tasks to queue
[2024-04-26T05:47:02.025-0300] {logging_mixin.py:188} INFO - [2024-04-26T05:47:02.024-0300] {dagbag.py:540} INFO - Filling up the DagBag from /home/athlon/projects/airflow/.venv/lib/python3.11/site-packages/airflow/example_dags/example_sensor_decorator.py
[2024-04-26T05:47:02.034-0300] {processor.py:840} INFO - DAG(s) 'example_sensor_decorator' retrieved from /home/athlon/projects/airflow/.venv/lib/python3.11/site-packages/airflow/example_dags/example_sensor_decorator.py
[2024-04-26T05:47:02.057-0300] {logging_mixin.py:188} INFO - [2024-04-26T05:47:02.056-0300] {dag.py:3096} INFO - Sync 1 DAGs
[2024-04-26T05:47:02.075-0300] {logging_mixin.py:188} INFO - [2024-04-26T05:47:02.074-0300] {dag.py:3954} INFO - Setting next_dagrun for example_sensor_decorator to None, run_after=None
[2024-04-26T05:47:02.108-0300] {processor.py:183} INFO - Processing /home/athlon/projects/airflow/.venv/lib/python3.11/site-packages/airflow/example_dags/example_sensor_decorator.py took 0.094 seconds
[2024-04-26T05:47:56.869-0300] {processor.py:161} INFO - Started process (PID=10728) to work on /home/athlon/projects/airflow/.venv/lib/python3.11/site-packages/airflow/example_dags/example_sensor_decorator.py
[2024-04-26T05:47:56.870-0300] {processor.py:830} INFO - Processing file /home/athlon/projects/airflow/.venv/lib/python3.11/site-packages/airflow/example_dags/example_sensor_decorator.py for tasks to queue
[2024-04-26T05:47:56.873-0300] {logging_mixin.py:188} INFO - [2024-04-26T05:47:56.872-0300] {dagbag.py:540} INFO - Filling up the DagBag from /home/athlon/projects/airflow/.venv/lib/python3.11/site-packages/airflow/example_dags/example_sensor_decorator.py
[2024-04-26T05:47:56.881-0300] {processor.py:840} INFO - DAG(s) 'example_sensor_decorator' retrieved from /home/athlon/projects/airflow/.venv/lib/python3.11/site-packages/airflow/example_dags/example_sensor_decorator.py
[2024-04-26T05:47:56.902-0300] {logging_mixin.py:188} INFO - [2024-04-26T05:47:56.902-0300] {dag.py:3096} INFO - Sync 1 DAGs
[2024-04-26T05:47:56.918-0300] {logging_mixin.py:188} INFO - [2024-04-26T05:47:56.918-0300] {dag.py:3954} INFO - Setting next_dagrun for example_sensor_decorator to None, run_after=None
[2024-04-26T05:47:56.951-0300] {processor.py:183} INFO - Processing /home/athlon/projects/airflow/.venv/lib/python3.11/site-packages/airflow/example_dags/example_sensor_decorator.py took 0.095 seconds
[2024-04-26T05:48:52.663-0300] {processor.py:161} INFO - Started process (PID=10808) to work on /home/athlon/projects/airflow/.venv/lib/python3.11/site-packages/airflow/example_dags/example_sensor_decorator.py
[2024-04-26T05:48:52.665-0300] {processor.py:830} INFO - Processing file /home/athlon/projects/airflow/.venv/lib/python3.11/site-packages/airflow/example_dags/example_sensor_decorator.py for tasks to queue
[2024-04-26T05:48:52.668-0300] {logging_mixin.py:188} INFO - [2024-04-26T05:48:52.668-0300] {dagbag.py:540} INFO - Filling up the DagBag from /home/athlon/projects/airflow/.venv/lib/python3.11/site-packages/airflow/example_dags/example_sensor_decorator.py
[2024-04-26T05:48:52.685-0300] {processor.py:840} INFO - DAG(s) 'example_sensor_decorator' retrieved from /home/athlon/projects/airflow/.venv/lib/python3.11/site-packages/airflow/example_dags/example_sensor_decorator.py
[2024-04-26T05:48:52.721-0300] {logging_mixin.py:188} INFO - [2024-04-26T05:48:52.720-0300] {dag.py:3096} INFO - Sync 1 DAGs
[2024-04-26T05:48:52.746-0300] {logging_mixin.py:188} INFO - [2024-04-26T05:48:52.746-0300] {dag.py:3954} INFO - Setting next_dagrun for example_sensor_decorator to None, run_after=None
[2024-04-26T05:48:52.816-0300] {processor.py:183} INFO - Processing /home/athlon/projects/airflow/.venv/lib/python3.11/site-packages/airflow/example_dags/example_sensor_decorator.py took 0.167 seconds
[2024-04-26T05:49:56.478-0300] {processor.py:161} INFO - Started process (PID=10896) to work on /home/athlon/projects/airflow/.venv/lib/python3.11/site-packages/airflow/example_dags/example_sensor_decorator.py
[2024-04-26T05:49:56.482-0300] {processor.py:830} INFO - Processing file /home/athlon/projects/airflow/.venv/lib/python3.11/site-packages/airflow/example_dags/example_sensor_decorator.py for tasks to queue
[2024-04-26T05:49:56.487-0300] {logging_mixin.py:188} INFO - [2024-04-26T05:49:56.486-0300] {dagbag.py:540} INFO - Filling up the DagBag from /home/athlon/projects/airflow/.venv/lib/python3.11/site-packages/airflow/example_dags/example_sensor_decorator.py
[2024-04-26T05:49:56.502-0300] {processor.py:840} INFO - DAG(s) 'example_sensor_decorator' retrieved from /home/athlon/projects/airflow/.venv/lib/python3.11/site-packages/airflow/example_dags/example_sensor_decorator.py
[2024-04-26T05:49:56.542-0300] {logging_mixin.py:188} INFO - [2024-04-26T05:49:56.542-0300] {dag.py:3096} INFO - Sync 1 DAGs
[2024-04-26T05:49:56.580-0300] {logging_mixin.py:188} INFO - [2024-04-26T05:49:56.579-0300] {dag.py:3954} INFO - Setting next_dagrun for example_sensor_decorator to None, run_after=None
[2024-04-26T05:49:56.627-0300] {processor.py:183} INFO - Processing /home/athlon/projects/airflow/.venv/lib/python3.11/site-packages/airflow/example_dags/example_sensor_decorator.py took 0.171 seconds
[2024-04-26T05:51:15.592-0300] {processor.py:161} INFO - Started process (PID=10981) to work on /home/athlon/projects/airflow/.venv/lib/python3.11/site-packages/airflow/example_dags/example_sensor_decorator.py
[2024-04-26T05:51:15.599-0300] {processor.py:830} INFO - Processing file /home/athlon/projects/airflow/.venv/lib/python3.11/site-packages/airflow/example_dags/example_sensor_decorator.py for tasks to queue
[2024-04-26T05:51:15.603-0300] {logging_mixin.py:188} INFO - [2024-04-26T05:51:15.602-0300] {dagbag.py:540} INFO - Filling up the DagBag from /home/athlon/projects/airflow/.venv/lib/python3.11/site-packages/airflow/example_dags/example_sensor_decorator.py
[2024-04-26T05:51:15.635-0300] {processor.py:840} INFO - DAG(s) 'example_sensor_decorator' retrieved from /home/athlon/projects/airflow/.venv/lib/python3.11/site-packages/airflow/example_dags/example_sensor_decorator.py
[2024-04-26T05:51:15.741-0300] {logging_mixin.py:188} INFO - [2024-04-26T05:51:15.741-0300] {dag.py:3096} INFO - Sync 1 DAGs
[2024-04-26T05:51:15.780-0300] {logging_mixin.py:188} INFO - [2024-04-26T05:51:15.779-0300] {dag.py:3954} INFO - Setting next_dagrun for example_sensor_decorator to None, run_after=None
[2024-04-26T05:51:16.078-0300] {processor.py:183} INFO - Processing /home/athlon/projects/airflow/.venv/lib/python3.11/site-packages/airflow/example_dags/example_sensor_decorator.py took 0.501 seconds
[2024-04-26T05:52:32.398-0300] {processor.py:161} INFO - Started process (PID=11049) to work on /home/athlon/projects/airflow/.venv/lib/python3.11/site-packages/airflow/example_dags/example_sensor_decorator.py
[2024-04-26T05:52:32.404-0300] {processor.py:830} INFO - Processing file /home/athlon/projects/airflow/.venv/lib/python3.11/site-packages/airflow/example_dags/example_sensor_decorator.py for tasks to queue
[2024-04-26T05:52:32.408-0300] {logging_mixin.py:188} INFO - [2024-04-26T05:52:32.407-0300] {dagbag.py:540} INFO - Filling up the DagBag from /home/athlon/projects/airflow/.venv/lib/python3.11/site-packages/airflow/example_dags/example_sensor_decorator.py
[2024-04-26T05:52:32.418-0300] {processor.py:840} INFO - DAG(s) 'example_sensor_decorator' retrieved from /home/athlon/projects/airflow/.venv/lib/python3.11/site-packages/airflow/example_dags/example_sensor_decorator.py
[2024-04-26T05:52:32.447-0300] {logging_mixin.py:188} INFO - [2024-04-26T05:52:32.447-0300] {dag.py:3096} INFO - Sync 1 DAGs
[2024-04-26T05:52:32.468-0300] {logging_mixin.py:188} INFO - [2024-04-26T05:52:32.467-0300] {dag.py:3954} INFO - Setting next_dagrun for example_sensor_decorator to None, run_after=None
[2024-04-26T05:52:32.507-0300] {processor.py:183} INFO - Processing /home/athlon/projects/airflow/.venv/lib/python3.11/site-packages/airflow/example_dags/example_sensor_decorator.py took 0.121 seconds
