[2024-04-26T05:28:17.047-0300] {processor.py:161} INFO - Started process (PID=9536) to work on /home/athlon/projects/airflow/.venv/lib/python3.11/site-packages/airflow/example_dags/example_short_circuit_decorator.py
[2024-04-26T05:28:17.048-0300] {processor.py:830} INFO - Processing file /home/athlon/projects/airflow/.venv/lib/python3.11/site-packages/airflow/example_dags/example_short_circuit_decorator.py for tasks to queue
[2024-04-26T05:28:17.051-0300] {logging_mixin.py:188} INFO - [2024-04-26T05:28:17.050-0300] {dagbag.py:540} INFO - Filling up the DagBag from /home/athlon/projects/airflow/.venv/lib/python3.11/site-packages/airflow/example_dags/example_short_circuit_decorator.py
[2024-04-26T05:28:17.063-0300] {processor.py:840} INFO - DAG(s) 'example_short_circuit_decorator' retrieved from /home/athlon/projects/airflow/.venv/lib/python3.11/site-packages/airflow/example_dags/example_short_circuit_decorator.py
[2024-04-26T05:28:17.305-0300] {logging_mixin.py:188} INFO - [2024-04-26T05:28:17.305-0300] {override.py:1829} INFO - Created Permission View: can edit on DAG:example_short_circuit_decorator
[2024-04-26T05:28:17.321-0300] {logging_mixin.py:188} INFO - [2024-04-26T05:28:17.321-0300] {override.py:1829} INFO - Created Permission View: can delete on DAG:example_short_circuit_decorator
[2024-04-26T05:28:17.336-0300] {logging_mixin.py:188} INFO - [2024-04-26T05:28:17.335-0300] {override.py:1829} INFO - Created Permission View: can read on DAG:example_short_circuit_decorator
[2024-04-26T05:28:17.337-0300] {logging_mixin.py:188} INFO - [2024-04-26T05:28:17.336-0300] {dag.py:3096} INFO - Sync 1 DAGs
[2024-04-26T05:28:17.359-0300] {logging_mixin.py:188} INFO - [2024-04-26T05:28:17.358-0300] {dag.py:3118} INFO - Creating ORM DAG for example_short_circuit_decorator
[2024-04-26T05:28:17.378-0300] {logging_mixin.py:188} INFO - [2024-04-26T05:28:17.377-0300] {dag.py:3954} INFO - Setting next_dagrun for example_short_circuit_decorator to 2024-04-25 00:00:00+00:00, run_after=2024-04-26 00:00:00+00:00
[2024-04-26T05:28:17.419-0300] {processor.py:183} INFO - Processing /home/athlon/projects/airflow/.venv/lib/python3.11/site-packages/airflow/example_dags/example_short_circuit_decorator.py took 0.380 seconds
[2024-04-26T05:29:25.153-0300] {processor.py:161} INFO - Started process (PID=9632) to work on /home/athlon/projects/airflow/.venv/lib/python3.11/site-packages/airflow/example_dags/example_short_circuit_decorator.py
[2024-04-26T05:29:25.155-0300] {processor.py:830} INFO - Processing file /home/athlon/projects/airflow/.venv/lib/python3.11/site-packages/airflow/example_dags/example_short_circuit_decorator.py for tasks to queue
[2024-04-26T05:29:25.158-0300] {logging_mixin.py:188} INFO - [2024-04-26T05:29:25.157-0300] {dagbag.py:540} INFO - Filling up the DagBag from /home/athlon/projects/airflow/.venv/lib/python3.11/site-packages/airflow/example_dags/example_short_circuit_decorator.py
[2024-04-26T05:29:25.174-0300] {processor.py:840} INFO - DAG(s) 'example_short_circuit_decorator' retrieved from /home/athlon/projects/airflow/.venv/lib/python3.11/site-packages/airflow/example_dags/example_short_circuit_decorator.py
[2024-04-26T05:29:25.201-0300] {logging_mixin.py:188} INFO - [2024-04-26T05:29:25.201-0300] {dag.py:3096} INFO - Sync 1 DAGs
[2024-04-26T05:29:25.228-0300] {logging_mixin.py:188} INFO - [2024-04-26T05:29:25.228-0300] {dag.py:3954} INFO - Setting next_dagrun for example_short_circuit_decorator to 2024-04-25 00:00:00+00:00, run_after=2024-04-26 00:00:00+00:00
[2024-04-26T05:29:25.256-0300] {processor.py:183} INFO - Processing /home/athlon/projects/airflow/.venv/lib/python3.11/site-packages/airflow/example_dags/example_short_circuit_decorator.py took 0.113 seconds
[2024-04-26T05:30:25.040-0300] {processor.py:161} INFO - Started process (PID=9687) to work on /home/athlon/projects/airflow/.venv/lib/python3.11/site-packages/airflow/example_dags/example_short_circuit_decorator.py
[2024-04-26T05:30:25.045-0300] {processor.py:830} INFO - Processing file /home/athlon/projects/airflow/.venv/lib/python3.11/site-packages/airflow/example_dags/example_short_circuit_decorator.py for tasks to queue
[2024-04-26T05:30:25.048-0300] {logging_mixin.py:188} INFO - [2024-04-26T05:30:25.047-0300] {dagbag.py:540} INFO - Filling up the DagBag from /home/athlon/projects/airflow/.venv/lib/python3.11/site-packages/airflow/example_dags/example_short_circuit_decorator.py
[2024-04-26T05:30:25.061-0300] {processor.py:840} INFO - DAG(s) 'example_short_circuit_decorator' retrieved from /home/athlon/projects/airflow/.venv/lib/python3.11/site-packages/airflow/example_dags/example_short_circuit_decorator.py
[2024-04-26T05:30:25.087-0300] {logging_mixin.py:188} INFO - [2024-04-26T05:30:25.087-0300] {dag.py:3096} INFO - Sync 1 DAGs
[2024-04-26T05:30:25.114-0300] {logging_mixin.py:188} INFO - [2024-04-26T05:30:25.114-0300] {dag.py:3954} INFO - Setting next_dagrun for example_short_circuit_decorator to 2024-04-25 00:00:00+00:00, run_after=2024-04-26 00:00:00+00:00
[2024-04-26T05:30:25.143-0300] {processor.py:183} INFO - Processing /home/athlon/projects/airflow/.venv/lib/python3.11/site-packages/airflow/example_dags/example_short_circuit_decorator.py took 0.113 seconds
[2024-04-26T05:31:19.438-0300] {processor.py:161} INFO - Started process (PID=9737) to work on /home/athlon/projects/airflow/.venv/lib/python3.11/site-packages/airflow/example_dags/example_short_circuit_decorator.py
[2024-04-26T05:31:19.444-0300] {processor.py:830} INFO - Processing file /home/athlon/projects/airflow/.venv/lib/python3.11/site-packages/airflow/example_dags/example_short_circuit_decorator.py for tasks to queue
[2024-04-26T05:31:19.447-0300] {logging_mixin.py:188} INFO - [2024-04-26T05:31:19.446-0300] {dagbag.py:540} INFO - Filling up the DagBag from /home/athlon/projects/airflow/.venv/lib/python3.11/site-packages/airflow/example_dags/example_short_circuit_decorator.py
[2024-04-26T05:31:19.463-0300] {processor.py:840} INFO - DAG(s) 'example_short_circuit_decorator' retrieved from /home/athlon/projects/airflow/.venv/lib/python3.11/site-packages/airflow/example_dags/example_short_circuit_decorator.py
[2024-04-26T05:31:19.495-0300] {logging_mixin.py:188} INFO - [2024-04-26T05:31:19.494-0300] {dag.py:3096} INFO - Sync 1 DAGs
[2024-04-26T05:31:19.521-0300] {logging_mixin.py:188} INFO - [2024-04-26T05:31:19.521-0300] {dag.py:3954} INFO - Setting next_dagrun for example_short_circuit_decorator to 2024-04-25 00:00:00+00:00, run_after=2024-04-26 00:00:00+00:00
[2024-04-26T05:31:19.551-0300] {processor.py:183} INFO - Processing /home/athlon/projects/airflow/.venv/lib/python3.11/site-packages/airflow/example_dags/example_short_circuit_decorator.py took 0.123 seconds
[2024-04-26T05:32:19.115-0300] {processor.py:161} INFO - Started process (PID=9796) to work on /home/athlon/projects/airflow/.venv/lib/python3.11/site-packages/airflow/example_dags/example_short_circuit_decorator.py
[2024-04-26T05:32:19.116-0300] {processor.py:830} INFO - Processing file /home/athlon/projects/airflow/.venv/lib/python3.11/site-packages/airflow/example_dags/example_short_circuit_decorator.py for tasks to queue
[2024-04-26T05:32:19.119-0300] {logging_mixin.py:188} INFO - [2024-04-26T05:32:19.118-0300] {dagbag.py:540} INFO - Filling up the DagBag from /home/athlon/projects/airflow/.venv/lib/python3.11/site-packages/airflow/example_dags/example_short_circuit_decorator.py
[2024-04-26T05:32:19.134-0300] {processor.py:840} INFO - DAG(s) 'example_short_circuit_decorator' retrieved from /home/athlon/projects/airflow/.venv/lib/python3.11/site-packages/airflow/example_dags/example_short_circuit_decorator.py
[2024-04-26T05:32:19.161-0300] {logging_mixin.py:188} INFO - [2024-04-26T05:32:19.160-0300] {dag.py:3096} INFO - Sync 1 DAGs
[2024-04-26T05:32:19.188-0300] {logging_mixin.py:188} INFO - [2024-04-26T05:32:19.188-0300] {dag.py:3954} INFO - Setting next_dagrun for example_short_circuit_decorator to 2024-04-25 00:00:00+00:00, run_after=2024-04-26 00:00:00+00:00
[2024-04-26T05:32:19.217-0300] {processor.py:183} INFO - Processing /home/athlon/projects/airflow/.venv/lib/python3.11/site-packages/airflow/example_dags/example_short_circuit_decorator.py took 0.112 seconds
[2024-04-26T05:33:20.557-0300] {processor.py:161} INFO - Started process (PID=9849) to work on /home/athlon/projects/airflow/.venv/lib/python3.11/site-packages/airflow/example_dags/example_short_circuit_decorator.py
[2024-04-26T05:33:20.559-0300] {processor.py:830} INFO - Processing file /home/athlon/projects/airflow/.venv/lib/python3.11/site-packages/airflow/example_dags/example_short_circuit_decorator.py for tasks to queue
[2024-04-26T05:33:20.561-0300] {logging_mixin.py:188} INFO - [2024-04-26T05:33:20.561-0300] {dagbag.py:540} INFO - Filling up the DagBag from /home/athlon/projects/airflow/.venv/lib/python3.11/site-packages/airflow/example_dags/example_short_circuit_decorator.py
[2024-04-26T05:33:20.578-0300] {processor.py:840} INFO - DAG(s) 'example_short_circuit_decorator' retrieved from /home/athlon/projects/airflow/.venv/lib/python3.11/site-packages/airflow/example_dags/example_short_circuit_decorator.py
[2024-04-26T05:33:20.604-0300] {logging_mixin.py:188} INFO - [2024-04-26T05:33:20.604-0300] {dag.py:3096} INFO - Sync 1 DAGs
[2024-04-26T05:33:20.630-0300] {logging_mixin.py:188} INFO - [2024-04-26T05:33:20.630-0300] {dag.py:3954} INFO - Setting next_dagrun for example_short_circuit_decorator to 2024-04-25 00:00:00+00:00, run_after=2024-04-26 00:00:00+00:00
[2024-04-26T05:33:20.789-0300] {processor.py:183} INFO - Processing /home/athlon/projects/airflow/.venv/lib/python3.11/site-packages/airflow/example_dags/example_short_circuit_decorator.py took 0.243 seconds
[2024-04-26T05:34:19.304-0300] {processor.py:161} INFO - Started process (PID=9919) to work on /home/athlon/projects/airflow/.venv/lib/python3.11/site-packages/airflow/example_dags/example_short_circuit_decorator.py
[2024-04-26T05:34:19.309-0300] {processor.py:830} INFO - Processing file /home/athlon/projects/airflow/.venv/lib/python3.11/site-packages/airflow/example_dags/example_short_circuit_decorator.py for tasks to queue
[2024-04-26T05:34:19.312-0300] {logging_mixin.py:188} INFO - [2024-04-26T05:34:19.311-0300] {dagbag.py:540} INFO - Filling up the DagBag from /home/athlon/projects/airflow/.venv/lib/python3.11/site-packages/airflow/example_dags/example_short_circuit_decorator.py
[2024-04-26T05:34:19.327-0300] {processor.py:840} INFO - DAG(s) 'example_short_circuit_decorator' retrieved from /home/athlon/projects/airflow/.venv/lib/python3.11/site-packages/airflow/example_dags/example_short_circuit_decorator.py
[2024-04-26T05:34:19.354-0300] {logging_mixin.py:188} INFO - [2024-04-26T05:34:19.354-0300] {dag.py:3096} INFO - Sync 1 DAGs
[2024-04-26T05:34:19.381-0300] {logging_mixin.py:188} INFO - [2024-04-26T05:34:19.381-0300] {dag.py:3954} INFO - Setting next_dagrun for example_short_circuit_decorator to 2024-04-25 00:00:00+00:00, run_after=2024-04-26 00:00:00+00:00
[2024-04-26T05:34:19.413-0300] {processor.py:183} INFO - Processing /home/athlon/projects/airflow/.venv/lib/python3.11/site-packages/airflow/example_dags/example_short_circuit_decorator.py took 0.122 seconds
[2024-04-26T05:35:15.511-0300] {processor.py:161} INFO - Started process (PID=9971) to work on /home/athlon/projects/airflow/.venv/lib/python3.11/site-packages/airflow/example_dags/example_short_circuit_decorator.py
[2024-04-26T05:35:15.517-0300] {processor.py:830} INFO - Processing file /home/athlon/projects/airflow/.venv/lib/python3.11/site-packages/airflow/example_dags/example_short_circuit_decorator.py for tasks to queue
[2024-04-26T05:35:15.519-0300] {logging_mixin.py:188} INFO - [2024-04-26T05:35:15.519-0300] {dagbag.py:540} INFO - Filling up the DagBag from /home/athlon/projects/airflow/.venv/lib/python3.11/site-packages/airflow/example_dags/example_short_circuit_decorator.py
[2024-04-26T05:35:15.534-0300] {processor.py:840} INFO - DAG(s) 'example_short_circuit_decorator' retrieved from /home/athlon/projects/airflow/.venv/lib/python3.11/site-packages/airflow/example_dags/example_short_circuit_decorator.py
[2024-04-26T05:35:15.561-0300] {logging_mixin.py:188} INFO - [2024-04-26T05:35:15.560-0300] {dag.py:3096} INFO - Sync 1 DAGs
[2024-04-26T05:35:15.589-0300] {logging_mixin.py:188} INFO - [2024-04-26T05:35:15.588-0300] {dag.py:3954} INFO - Setting next_dagrun for example_short_circuit_decorator to 2024-04-25 00:00:00+00:00, run_after=2024-04-26 00:00:00+00:00
[2024-04-26T05:35:15.619-0300] {processor.py:183} INFO - Processing /home/athlon/projects/airflow/.venv/lib/python3.11/site-packages/airflow/example_dags/example_short_circuit_decorator.py took 0.118 seconds
[2024-04-26T05:36:09.896-0300] {processor.py:161} INFO - Started process (PID=10021) to work on /home/athlon/projects/airflow/.venv/lib/python3.11/site-packages/airflow/example_dags/example_short_circuit_decorator.py
[2024-04-26T05:36:09.901-0300] {processor.py:830} INFO - Processing file /home/athlon/projects/airflow/.venv/lib/python3.11/site-packages/airflow/example_dags/example_short_circuit_decorator.py for tasks to queue
[2024-04-26T05:36:09.904-0300] {logging_mixin.py:188} INFO - [2024-04-26T05:36:09.904-0300] {dagbag.py:540} INFO - Filling up the DagBag from /home/athlon/projects/airflow/.venv/lib/python3.11/site-packages/airflow/example_dags/example_short_circuit_decorator.py
[2024-04-26T05:36:09.920-0300] {processor.py:840} INFO - DAG(s) 'example_short_circuit_decorator' retrieved from /home/athlon/projects/airflow/.venv/lib/python3.11/site-packages/airflow/example_dags/example_short_circuit_decorator.py
[2024-04-26T05:36:09.948-0300] {logging_mixin.py:188} INFO - [2024-04-26T05:36:09.947-0300] {dag.py:3096} INFO - Sync 1 DAGs
[2024-04-26T05:36:09.974-0300] {logging_mixin.py:188} INFO - [2024-04-26T05:36:09.974-0300] {dag.py:3954} INFO - Setting next_dagrun for example_short_circuit_decorator to 2024-04-25 00:00:00+00:00, run_after=2024-04-26 00:00:00+00:00
[2024-04-26T05:36:10.004-0300] {processor.py:183} INFO - Processing /home/athlon/projects/airflow/.venv/lib/python3.11/site-packages/airflow/example_dags/example_short_circuit_decorator.py took 0.120 seconds
[2024-04-26T05:37:04.544-0300] {processor.py:161} INFO - Started process (PID=10072) to work on /home/athlon/projects/airflow/.venv/lib/python3.11/site-packages/airflow/example_dags/example_short_circuit_decorator.py
[2024-04-26T05:37:04.550-0300] {processor.py:830} INFO - Processing file /home/athlon/projects/airflow/.venv/lib/python3.11/site-packages/airflow/example_dags/example_short_circuit_decorator.py for tasks to queue
[2024-04-26T05:37:04.552-0300] {logging_mixin.py:188} INFO - [2024-04-26T05:37:04.552-0300] {dagbag.py:540} INFO - Filling up the DagBag from /home/athlon/projects/airflow/.venv/lib/python3.11/site-packages/airflow/example_dags/example_short_circuit_decorator.py
[2024-04-26T05:37:04.565-0300] {processor.py:840} INFO - DAG(s) 'example_short_circuit_decorator' retrieved from /home/athlon/projects/airflow/.venv/lib/python3.11/site-packages/airflow/example_dags/example_short_circuit_decorator.py
[2024-04-26T05:37:04.592-0300] {logging_mixin.py:188} INFO - [2024-04-26T05:37:04.591-0300] {dag.py:3096} INFO - Sync 1 DAGs
[2024-04-26T05:37:04.619-0300] {logging_mixin.py:188} INFO - [2024-04-26T05:37:04.619-0300] {dag.py:3954} INFO - Setting next_dagrun for example_short_circuit_decorator to 2024-04-25 00:00:00+00:00, run_after=2024-04-26 00:00:00+00:00
[2024-04-26T05:37:04.656-0300] {processor.py:183} INFO - Processing /home/athlon/projects/airflow/.venv/lib/python3.11/site-packages/airflow/example_dags/example_short_circuit_decorator.py took 0.121 seconds
[2024-04-26T05:37:59.086-0300] {processor.py:161} INFO - Started process (PID=10127) to work on /home/athlon/projects/airflow/.venv/lib/python3.11/site-packages/airflow/example_dags/example_short_circuit_decorator.py
[2024-04-26T05:37:59.091-0300] {processor.py:830} INFO - Processing file /home/athlon/projects/airflow/.venv/lib/python3.11/site-packages/airflow/example_dags/example_short_circuit_decorator.py for tasks to queue
[2024-04-26T05:37:59.094-0300] {logging_mixin.py:188} INFO - [2024-04-26T05:37:59.093-0300] {dagbag.py:540} INFO - Filling up the DagBag from /home/athlon/projects/airflow/.venv/lib/python3.11/site-packages/airflow/example_dags/example_short_circuit_decorator.py
[2024-04-26T05:37:59.110-0300] {processor.py:840} INFO - DAG(s) 'example_short_circuit_decorator' retrieved from /home/athlon/projects/airflow/.venv/lib/python3.11/site-packages/airflow/example_dags/example_short_circuit_decorator.py
[2024-04-26T05:37:59.138-0300] {logging_mixin.py:188} INFO - [2024-04-26T05:37:59.138-0300] {dag.py:3096} INFO - Sync 1 DAGs
[2024-04-26T05:37:59.166-0300] {logging_mixin.py:188} INFO - [2024-04-26T05:37:59.166-0300] {dag.py:3954} INFO - Setting next_dagrun for example_short_circuit_decorator to 2024-04-25 00:00:00+00:00, run_after=2024-04-26 00:00:00+00:00
[2024-04-26T05:37:59.196-0300] {processor.py:183} INFO - Processing /home/athlon/projects/airflow/.venv/lib/python3.11/site-packages/airflow/example_dags/example_short_circuit_decorator.py took 0.121 seconds
[2024-04-26T05:39:02.521-0300] {processor.py:161} INFO - Started process (PID=10182) to work on /home/athlon/projects/airflow/.venv/lib/python3.11/site-packages/airflow/example_dags/example_short_circuit_decorator.py
[2024-04-26T05:39:02.527-0300] {processor.py:830} INFO - Processing file /home/athlon/projects/airflow/.venv/lib/python3.11/site-packages/airflow/example_dags/example_short_circuit_decorator.py for tasks to queue
[2024-04-26T05:39:02.529-0300] {logging_mixin.py:188} INFO - [2024-04-26T05:39:02.528-0300] {dagbag.py:540} INFO - Filling up the DagBag from /home/athlon/projects/airflow/.venv/lib/python3.11/site-packages/airflow/example_dags/example_short_circuit_decorator.py
[2024-04-26T05:39:02.544-0300] {processor.py:840} INFO - DAG(s) 'example_short_circuit_decorator' retrieved from /home/athlon/projects/airflow/.venv/lib/python3.11/site-packages/airflow/example_dags/example_short_circuit_decorator.py
[2024-04-26T05:39:02.576-0300] {logging_mixin.py:188} INFO - [2024-04-26T05:39:02.576-0300] {dag.py:3096} INFO - Sync 1 DAGs
[2024-04-26T05:39:02.604-0300] {logging_mixin.py:188} INFO - [2024-04-26T05:39:02.604-0300] {dag.py:3954} INFO - Setting next_dagrun for example_short_circuit_decorator to 2024-04-25 00:00:00+00:00, run_after=2024-04-26 00:00:00+00:00
[2024-04-26T05:39:02.634-0300] {processor.py:183} INFO - Processing /home/athlon/projects/airflow/.venv/lib/python3.11/site-packages/airflow/example_dags/example_short_circuit_decorator.py took 0.123 seconds
[2024-04-26T05:40:01.839-0300] {processor.py:161} INFO - Started process (PID=10263) to work on /home/athlon/projects/airflow/.venv/lib/python3.11/site-packages/airflow/example_dags/example_short_circuit_decorator.py
[2024-04-26T05:40:01.845-0300] {processor.py:830} INFO - Processing file /home/athlon/projects/airflow/.venv/lib/python3.11/site-packages/airflow/example_dags/example_short_circuit_decorator.py for tasks to queue
[2024-04-26T05:40:01.848-0300] {logging_mixin.py:188} INFO - [2024-04-26T05:40:01.847-0300] {dagbag.py:540} INFO - Filling up the DagBag from /home/athlon/projects/airflow/.venv/lib/python3.11/site-packages/airflow/example_dags/example_short_circuit_decorator.py
[2024-04-26T05:40:01.864-0300] {processor.py:840} INFO - DAG(s) 'example_short_circuit_decorator' retrieved from /home/athlon/projects/airflow/.venv/lib/python3.11/site-packages/airflow/example_dags/example_short_circuit_decorator.py
[2024-04-26T05:40:01.892-0300] {logging_mixin.py:188} INFO - [2024-04-26T05:40:01.892-0300] {dag.py:3096} INFO - Sync 1 DAGs
[2024-04-26T05:40:01.919-0300] {logging_mixin.py:188} INFO - [2024-04-26T05:40:01.919-0300] {dag.py:3954} INFO - Setting next_dagrun for example_short_circuit_decorator to 2024-04-25 00:00:00+00:00, run_after=2024-04-26 00:00:00+00:00
[2024-04-26T05:40:01.949-0300] {processor.py:183} INFO - Processing /home/athlon/projects/airflow/.venv/lib/python3.11/site-packages/airflow/example_dags/example_short_circuit_decorator.py took 0.121 seconds
[2024-04-26T05:41:03.235-0300] {processor.py:161} INFO - Started process (PID=10320) to work on /home/athlon/projects/airflow/.venv/lib/python3.11/site-packages/airflow/example_dags/example_short_circuit_decorator.py
[2024-04-26T05:41:03.240-0300] {processor.py:830} INFO - Processing file /home/athlon/projects/airflow/.venv/lib/python3.11/site-packages/airflow/example_dags/example_short_circuit_decorator.py for tasks to queue
[2024-04-26T05:41:03.243-0300] {logging_mixin.py:188} INFO - [2024-04-26T05:41:03.242-0300] {dagbag.py:540} INFO - Filling up the DagBag from /home/athlon/projects/airflow/.venv/lib/python3.11/site-packages/airflow/example_dags/example_short_circuit_decorator.py
[2024-04-26T05:41:03.260-0300] {processor.py:840} INFO - DAG(s) 'example_short_circuit_decorator' retrieved from /home/athlon/projects/airflow/.venv/lib/python3.11/site-packages/airflow/example_dags/example_short_circuit_decorator.py
[2024-04-26T05:41:03.289-0300] {logging_mixin.py:188} INFO - [2024-04-26T05:41:03.289-0300] {dag.py:3096} INFO - Sync 1 DAGs
[2024-04-26T05:41:03.322-0300] {logging_mixin.py:188} INFO - [2024-04-26T05:41:03.321-0300] {dag.py:3954} INFO - Setting next_dagrun for example_short_circuit_decorator to 2024-04-25 00:00:00+00:00, run_after=2024-04-26 00:00:00+00:00
[2024-04-26T05:41:03.353-0300] {processor.py:183} INFO - Processing /home/athlon/projects/airflow/.venv/lib/python3.11/site-packages/airflow/example_dags/example_short_circuit_decorator.py took 0.129 seconds
[2024-04-26T05:42:01.215-0300] {processor.py:161} INFO - Started process (PID=10372) to work on /home/athlon/projects/airflow/.venv/lib/python3.11/site-packages/airflow/example_dags/example_short_circuit_decorator.py
[2024-04-26T05:42:01.220-0300] {processor.py:830} INFO - Processing file /home/athlon/projects/airflow/.venv/lib/python3.11/site-packages/airflow/example_dags/example_short_circuit_decorator.py for tasks to queue
[2024-04-26T05:42:01.222-0300] {logging_mixin.py:188} INFO - [2024-04-26T05:42:01.222-0300] {dagbag.py:540} INFO - Filling up the DagBag from /home/athlon/projects/airflow/.venv/lib/python3.11/site-packages/airflow/example_dags/example_short_circuit_decorator.py
[2024-04-26T05:42:01.235-0300] {processor.py:840} INFO - DAG(s) 'example_short_circuit_decorator' retrieved from /home/athlon/projects/airflow/.venv/lib/python3.11/site-packages/airflow/example_dags/example_short_circuit_decorator.py
[2024-04-26T05:42:01.262-0300] {logging_mixin.py:188} INFO - [2024-04-26T05:42:01.261-0300] {dag.py:3096} INFO - Sync 1 DAGs
[2024-04-26T05:42:01.289-0300] {logging_mixin.py:188} INFO - [2024-04-26T05:42:01.288-0300] {dag.py:3954} INFO - Setting next_dagrun for example_short_circuit_decorator to 2024-04-25 00:00:00+00:00, run_after=2024-04-26 00:00:00+00:00
[2024-04-26T05:42:01.325-0300] {processor.py:183} INFO - Processing /home/athlon/projects/airflow/.venv/lib/python3.11/site-packages/airflow/example_dags/example_short_circuit_decorator.py took 0.118 seconds
[2024-04-26T05:43:06.901-0300] {processor.py:161} INFO - Started process (PID=10428) to work on /home/athlon/projects/airflow/.venv/lib/python3.11/site-packages/airflow/example_dags/example_short_circuit_decorator.py
[2024-04-26T05:43:06.907-0300] {processor.py:830} INFO - Processing file /home/athlon/projects/airflow/.venv/lib/python3.11/site-packages/airflow/example_dags/example_short_circuit_decorator.py for tasks to queue
[2024-04-26T05:43:06.909-0300] {logging_mixin.py:188} INFO - [2024-04-26T05:43:06.909-0300] {dagbag.py:540} INFO - Filling up the DagBag from /home/athlon/projects/airflow/.venv/lib/python3.11/site-packages/airflow/example_dags/example_short_circuit_decorator.py
[2024-04-26T05:43:06.923-0300] {processor.py:840} INFO - DAG(s) 'example_short_circuit_decorator' retrieved from /home/athlon/projects/airflow/.venv/lib/python3.11/site-packages/airflow/example_dags/example_short_circuit_decorator.py
[2024-04-26T05:43:06.949-0300] {logging_mixin.py:188} INFO - [2024-04-26T05:43:06.948-0300] {dag.py:3096} INFO - Sync 1 DAGs
[2024-04-26T05:43:06.978-0300] {logging_mixin.py:188} INFO - [2024-04-26T05:43:06.978-0300] {dag.py:3954} INFO - Setting next_dagrun for example_short_circuit_decorator to 2024-04-25 00:00:00+00:00, run_after=2024-04-26 00:00:00+00:00
[2024-04-26T05:43:07.008-0300] {processor.py:183} INFO - Processing /home/athlon/projects/airflow/.venv/lib/python3.11/site-packages/airflow/example_dags/example_short_circuit_decorator.py took 0.116 seconds
[2024-04-26T05:44:03.766-0300] {processor.py:161} INFO - Started process (PID=10483) to work on /home/athlon/projects/airflow/.venv/lib/python3.11/site-packages/airflow/example_dags/example_short_circuit_decorator.py
[2024-04-26T05:44:03.771-0300] {processor.py:830} INFO - Processing file /home/athlon/projects/airflow/.venv/lib/python3.11/site-packages/airflow/example_dags/example_short_circuit_decorator.py for tasks to queue
[2024-04-26T05:44:03.774-0300] {logging_mixin.py:188} INFO - [2024-04-26T05:44:03.773-0300] {dagbag.py:540} INFO - Filling up the DagBag from /home/athlon/projects/airflow/.venv/lib/python3.11/site-packages/airflow/example_dags/example_short_circuit_decorator.py
[2024-04-26T05:44:03.790-0300] {processor.py:840} INFO - DAG(s) 'example_short_circuit_decorator' retrieved from /home/athlon/projects/airflow/.venv/lib/python3.11/site-packages/airflow/example_dags/example_short_circuit_decorator.py
[2024-04-26T05:44:03.818-0300] {logging_mixin.py:188} INFO - [2024-04-26T05:44:03.818-0300] {dag.py:3096} INFO - Sync 1 DAGs
[2024-04-26T05:44:03.846-0300] {logging_mixin.py:188} INFO - [2024-04-26T05:44:03.846-0300] {dag.py:3954} INFO - Setting next_dagrun for example_short_circuit_decorator to 2024-04-25 00:00:00+00:00, run_after=2024-04-26 00:00:00+00:00
[2024-04-26T05:44:03.880-0300] {processor.py:183} INFO - Processing /home/athlon/projects/airflow/.venv/lib/python3.11/site-packages/airflow/example_dags/example_short_circuit_decorator.py took 0.125 seconds
[2024-04-26T05:44:57.955-0300] {processor.py:161} INFO - Started process (PID=10532) to work on /home/athlon/projects/airflow/.venv/lib/python3.11/site-packages/airflow/example_dags/example_short_circuit_decorator.py
[2024-04-26T05:44:57.960-0300] {processor.py:830} INFO - Processing file /home/athlon/projects/airflow/.venv/lib/python3.11/site-packages/airflow/example_dags/example_short_circuit_decorator.py for tasks to queue
[2024-04-26T05:44:57.964-0300] {logging_mixin.py:188} INFO - [2024-04-26T05:44:57.964-0300] {dagbag.py:540} INFO - Filling up the DagBag from /home/athlon/projects/airflow/.venv/lib/python3.11/site-packages/airflow/example_dags/example_short_circuit_decorator.py
[2024-04-26T05:44:57.979-0300] {processor.py:840} INFO - DAG(s) 'example_short_circuit_decorator' retrieved from /home/athlon/projects/airflow/.venv/lib/python3.11/site-packages/airflow/example_dags/example_short_circuit_decorator.py
[2024-04-26T05:44:58.007-0300] {logging_mixin.py:188} INFO - [2024-04-26T05:44:58.007-0300] {dag.py:3096} INFO - Sync 1 DAGs
[2024-04-26T05:44:58.034-0300] {logging_mixin.py:188} INFO - [2024-04-26T05:44:58.034-0300] {dag.py:3954} INFO - Setting next_dagrun for example_short_circuit_decorator to 2024-04-25 00:00:00+00:00, run_after=2024-04-26 00:00:00+00:00
[2024-04-26T05:44:58.065-0300] {processor.py:183} INFO - Processing /home/athlon/projects/airflow/.venv/lib/python3.11/site-packages/airflow/example_dags/example_short_circuit_decorator.py took 0.121 seconds
[2024-04-26T05:45:57.858-0300] {processor.py:161} INFO - Started process (PID=10587) to work on /home/athlon/projects/airflow/.venv/lib/python3.11/site-packages/airflow/example_dags/example_short_circuit_decorator.py
[2024-04-26T05:45:57.863-0300] {processor.py:830} INFO - Processing file /home/athlon/projects/airflow/.venv/lib/python3.11/site-packages/airflow/example_dags/example_short_circuit_decorator.py for tasks to queue
[2024-04-26T05:45:57.866-0300] {logging_mixin.py:188} INFO - [2024-04-26T05:45:57.866-0300] {dagbag.py:540} INFO - Filling up the DagBag from /home/athlon/projects/airflow/.venv/lib/python3.11/site-packages/airflow/example_dags/example_short_circuit_decorator.py
[2024-04-26T05:45:57.879-0300] {processor.py:840} INFO - DAG(s) 'example_short_circuit_decorator' retrieved from /home/athlon/projects/airflow/.venv/lib/python3.11/site-packages/airflow/example_dags/example_short_circuit_decorator.py
[2024-04-26T05:45:57.905-0300] {logging_mixin.py:188} INFO - [2024-04-26T05:45:57.905-0300] {dag.py:3096} INFO - Sync 1 DAGs
[2024-04-26T05:45:57.932-0300] {logging_mixin.py:188} INFO - [2024-04-26T05:45:57.931-0300] {dag.py:3954} INFO - Setting next_dagrun for example_short_circuit_decorator to 2024-04-25 00:00:00+00:00, run_after=2024-04-26 00:00:00+00:00
[2024-04-26T05:45:57.961-0300] {processor.py:183} INFO - Processing /home/athlon/projects/airflow/.venv/lib/python3.11/site-packages/airflow/example_dags/example_short_circuit_decorator.py took 0.112 seconds
[2024-04-26T05:46:56.800-0300] {processor.py:161} INFO - Started process (PID=10640) to work on /home/athlon/projects/airflow/.venv/lib/python3.11/site-packages/airflow/example_dags/example_short_circuit_decorator.py
[2024-04-26T05:46:56.806-0300] {processor.py:830} INFO - Processing file /home/athlon/projects/airflow/.venv/lib/python3.11/site-packages/airflow/example_dags/example_short_circuit_decorator.py for tasks to queue
[2024-04-26T05:46:56.809-0300] {logging_mixin.py:188} INFO - [2024-04-26T05:46:56.809-0300] {dagbag.py:540} INFO - Filling up the DagBag from /home/athlon/projects/airflow/.venv/lib/python3.11/site-packages/airflow/example_dags/example_short_circuit_decorator.py
[2024-04-26T05:46:56.825-0300] {processor.py:840} INFO - DAG(s) 'example_short_circuit_decorator' retrieved from /home/athlon/projects/airflow/.venv/lib/python3.11/site-packages/airflow/example_dags/example_short_circuit_decorator.py
[2024-04-26T05:46:56.852-0300] {logging_mixin.py:188} INFO - [2024-04-26T05:46:56.852-0300] {dag.py:3096} INFO - Sync 1 DAGs
[2024-04-26T05:46:56.879-0300] {logging_mixin.py:188} INFO - [2024-04-26T05:46:56.878-0300] {dag.py:3954} INFO - Setting next_dagrun for example_short_circuit_decorator to 2024-04-25 00:00:00+00:00, run_after=2024-04-26 00:00:00+00:00
[2024-04-26T05:46:56.909-0300] {processor.py:183} INFO - Processing /home/athlon/projects/airflow/.venv/lib/python3.11/site-packages/airflow/example_dags/example_short_circuit_decorator.py took 0.119 seconds
[2024-04-26T05:47:51.663-0300] {processor.py:161} INFO - Started process (PID=10722) to work on /home/athlon/projects/airflow/.venv/lib/python3.11/site-packages/airflow/example_dags/example_short_circuit_decorator.py
[2024-04-26T05:47:51.669-0300] {processor.py:830} INFO - Processing file /home/athlon/projects/airflow/.venv/lib/python3.11/site-packages/airflow/example_dags/example_short_circuit_decorator.py for tasks to queue
[2024-04-26T05:47:51.673-0300] {logging_mixin.py:188} INFO - [2024-04-26T05:47:51.672-0300] {dagbag.py:540} INFO - Filling up the DagBag from /home/athlon/projects/airflow/.venv/lib/python3.11/site-packages/airflow/example_dags/example_short_circuit_decorator.py
[2024-04-26T05:47:51.689-0300] {processor.py:840} INFO - DAG(s) 'example_short_circuit_decorator' retrieved from /home/athlon/projects/airflow/.venv/lib/python3.11/site-packages/airflow/example_dags/example_short_circuit_decorator.py
[2024-04-26T05:47:51.716-0300] {logging_mixin.py:188} INFO - [2024-04-26T05:47:51.716-0300] {dag.py:3096} INFO - Sync 1 DAGs
[2024-04-26T05:47:51.743-0300] {logging_mixin.py:188} INFO - [2024-04-26T05:47:51.742-0300] {dag.py:3954} INFO - Setting next_dagrun for example_short_circuit_decorator to 2024-04-25 00:00:00+00:00, run_after=2024-04-26 00:00:00+00:00
[2024-04-26T05:47:51.776-0300] {processor.py:183} INFO - Processing /home/athlon/projects/airflow/.venv/lib/python3.11/site-packages/airflow/example_dags/example_short_circuit_decorator.py took 0.123 seconds
[2024-04-26T05:48:44.931-0300] {processor.py:161} INFO - Started process (PID=10789) to work on /home/athlon/projects/airflow/.venv/lib/python3.11/site-packages/airflow/example_dags/example_short_circuit_decorator.py
[2024-04-26T05:48:44.936-0300] {processor.py:830} INFO - Processing file /home/athlon/projects/airflow/.venv/lib/python3.11/site-packages/airflow/example_dags/example_short_circuit_decorator.py for tasks to queue
[2024-04-26T05:48:44.938-0300] {logging_mixin.py:188} INFO - [2024-04-26T05:48:44.938-0300] {dagbag.py:540} INFO - Filling up the DagBag from /home/athlon/projects/airflow/.venv/lib/python3.11/site-packages/airflow/example_dags/example_short_circuit_decorator.py
[2024-04-26T05:48:44.952-0300] {processor.py:840} INFO - DAG(s) 'example_short_circuit_decorator' retrieved from /home/athlon/projects/airflow/.venv/lib/python3.11/site-packages/airflow/example_dags/example_short_circuit_decorator.py
[2024-04-26T05:48:44.978-0300] {logging_mixin.py:188} INFO - [2024-04-26T05:48:44.978-0300] {dag.py:3096} INFO - Sync 1 DAGs
[2024-04-26T05:48:45.007-0300] {logging_mixin.py:188} INFO - [2024-04-26T05:48:45.007-0300] {dag.py:3954} INFO - Setting next_dagrun for example_short_circuit_decorator to 2024-04-25 00:00:00+00:00, run_after=2024-04-26 00:00:00+00:00
[2024-04-26T05:48:45.037-0300] {processor.py:183} INFO - Processing /home/athlon/projects/airflow/.venv/lib/python3.11/site-packages/airflow/example_dags/example_short_circuit_decorator.py took 0.114 seconds
[2024-04-26T05:49:48.914-0300] {processor.py:161} INFO - Started process (PID=10874) to work on /home/athlon/projects/airflow/.venv/lib/python3.11/site-packages/airflow/example_dags/example_short_circuit_decorator.py
[2024-04-26T05:49:48.920-0300] {processor.py:830} INFO - Processing file /home/athlon/projects/airflow/.venv/lib/python3.11/site-packages/airflow/example_dags/example_short_circuit_decorator.py for tasks to queue
[2024-04-26T05:49:48.922-0300] {logging_mixin.py:188} INFO - [2024-04-26T05:49:48.921-0300] {dagbag.py:540} INFO - Filling up the DagBag from /home/athlon/projects/airflow/.venv/lib/python3.11/site-packages/airflow/example_dags/example_short_circuit_decorator.py
[2024-04-26T05:49:48.935-0300] {processor.py:840} INFO - DAG(s) 'example_short_circuit_decorator' retrieved from /home/athlon/projects/airflow/.venv/lib/python3.11/site-packages/airflow/example_dags/example_short_circuit_decorator.py
[2024-04-26T05:49:48.961-0300] {logging_mixin.py:188} INFO - [2024-04-26T05:49:48.961-0300] {dag.py:3096} INFO - Sync 1 DAGs
[2024-04-26T05:49:48.990-0300] {logging_mixin.py:188} INFO - [2024-04-26T05:49:48.990-0300] {dag.py:3954} INFO - Setting next_dagrun for example_short_circuit_decorator to 2024-04-25 00:00:00+00:00, run_after=2024-04-26 00:00:00+00:00
[2024-04-26T05:49:49.034-0300] {processor.py:183} INFO - Processing /home/athlon/projects/airflow/.venv/lib/python3.11/site-packages/airflow/example_dags/example_short_circuit_decorator.py took 0.128 seconds
[2024-04-26T05:51:07.295-0300] {processor.py:161} INFO - Started process (PID=10969) to work on /home/athlon/projects/airflow/.venv/lib/python3.11/site-packages/airflow/example_dags/example_short_circuit_decorator.py
[2024-04-26T05:51:07.301-0300] {processor.py:830} INFO - Processing file /home/athlon/projects/airflow/.venv/lib/python3.11/site-packages/airflow/example_dags/example_short_circuit_decorator.py for tasks to queue
[2024-04-26T05:51:07.305-0300] {logging_mixin.py:188} INFO - [2024-04-26T05:51:07.304-0300] {dagbag.py:540} INFO - Filling up the DagBag from /home/athlon/projects/airflow/.venv/lib/python3.11/site-packages/airflow/example_dags/example_short_circuit_decorator.py
[2024-04-26T05:51:07.336-0300] {processor.py:840} INFO - DAG(s) 'example_short_circuit_decorator' retrieved from /home/athlon/projects/airflow/.venv/lib/python3.11/site-packages/airflow/example_dags/example_short_circuit_decorator.py
[2024-04-26T05:51:07.380-0300] {logging_mixin.py:188} INFO - [2024-04-26T05:51:07.379-0300] {dag.py:3096} INFO - Sync 1 DAGs
[2024-04-26T05:51:07.427-0300] {logging_mixin.py:188} INFO - [2024-04-26T05:51:07.427-0300] {dag.py:3954} INFO - Setting next_dagrun for example_short_circuit_decorator to 2024-04-25 00:00:00+00:00, run_after=2024-04-26 00:00:00+00:00
[2024-04-26T05:51:07.489-0300] {processor.py:183} INFO - Processing /home/athlon/projects/airflow/.venv/lib/python3.11/site-packages/airflow/example_dags/example_short_circuit_decorator.py took 0.210 seconds
[2024-04-26T05:52:25.800-0300] {processor.py:161} INFO - Started process (PID=11043) to work on /home/athlon/projects/airflow/.venv/lib/python3.11/site-packages/airflow/example_dags/example_short_circuit_decorator.py
[2024-04-26T05:52:25.806-0300] {processor.py:830} INFO - Processing file /home/athlon/projects/airflow/.venv/lib/python3.11/site-packages/airflow/example_dags/example_short_circuit_decorator.py for tasks to queue
[2024-04-26T05:52:25.812-0300] {logging_mixin.py:188} INFO - [2024-04-26T05:52:25.810-0300] {dagbag.py:540} INFO - Filling up the DagBag from /home/athlon/projects/airflow/.venv/lib/python3.11/site-packages/airflow/example_dags/example_short_circuit_decorator.py
[2024-04-26T05:52:25.828-0300] {processor.py:840} INFO - DAG(s) 'example_short_circuit_decorator' retrieved from /home/athlon/projects/airflow/.venv/lib/python3.11/site-packages/airflow/example_dags/example_short_circuit_decorator.py
[2024-04-26T05:52:25.861-0300] {logging_mixin.py:188} INFO - [2024-04-26T05:52:25.861-0300] {dag.py:3096} INFO - Sync 1 DAGs
[2024-04-26T05:52:25.901-0300] {logging_mixin.py:188} INFO - [2024-04-26T05:52:25.900-0300] {dag.py:3954} INFO - Setting next_dagrun for example_short_circuit_decorator to 2024-04-25 00:00:00+00:00, run_after=2024-04-26 00:00:00+00:00
[2024-04-26T05:52:25.947-0300] {processor.py:183} INFO - Processing /home/athlon/projects/airflow/.venv/lib/python3.11/site-packages/airflow/example_dags/example_short_circuit_decorator.py took 0.159 seconds
