[2024-04-26T05:28:03.820-0300] {processor.py:161} INFO - Started process (PID=9503) to work on /home/athlon/projects/airflow/.venv/lib/python3.11/site-packages/airflow/example_dags/example_short_circuit_operator.py
[2024-04-26T05:28:03.822-0300] {processor.py:830} INFO - Processing file /home/athlon/projects/airflow/.venv/lib/python3.11/site-packages/airflow/example_dags/example_short_circuit_operator.py for tasks to queue
[2024-04-26T05:28:03.824-0300] {logging_mixin.py:188} INFO - [2024-04-26T05:28:03.824-0300] {dagbag.py:540} INFO - Filling up the DagBag from /home/athlon/projects/airflow/.venv/lib/python3.11/site-packages/airflow/example_dags/example_short_circuit_operator.py
[2024-04-26T05:28:03.838-0300] {processor.py:840} INFO - DAG(s) 'example_short_circuit_operator' retrieved from /home/athlon/projects/airflow/.venv/lib/python3.11/site-packages/airflow/example_dags/example_short_circuit_operator.py
[2024-04-26T05:28:03.998-0300] {logging_mixin.py:188} INFO - [2024-04-26T05:28:03.997-0300] {override.py:1829} INFO - Created Permission View: can edit on DAG:example_short_circuit_operator
[2024-04-26T05:28:04.013-0300] {logging_mixin.py:188} INFO - [2024-04-26T05:28:04.012-0300] {override.py:1829} INFO - Created Permission View: can delete on DAG:example_short_circuit_operator
[2024-04-26T05:28:04.023-0300] {logging_mixin.py:188} INFO - [2024-04-26T05:28:04.023-0300] {override.py:1829} INFO - Created Permission View: can read on DAG:example_short_circuit_operator
[2024-04-26T05:28:04.024-0300] {logging_mixin.py:188} INFO - [2024-04-26T05:28:04.024-0300] {dag.py:3096} INFO - Sync 1 DAGs
[2024-04-26T05:28:04.038-0300] {logging_mixin.py:188} INFO - [2024-04-26T05:28:04.038-0300] {dag.py:3118} INFO - Creating ORM DAG for example_short_circuit_operator
[2024-04-26T05:28:04.050-0300] {logging_mixin.py:188} INFO - [2024-04-26T05:28:04.050-0300] {dag.py:3954} INFO - Setting next_dagrun for example_short_circuit_operator to 2024-04-25 00:00:00+00:00, run_after=2024-04-26 00:00:00+00:00
[2024-04-26T05:28:04.076-0300] {processor.py:183} INFO - Processing /home/athlon/projects/airflow/.venv/lib/python3.11/site-packages/airflow/example_dags/example_short_circuit_operator.py took 0.263 seconds
[2024-04-26T05:29:12.430-0300] {processor.py:161} INFO - Started process (PID=9616) to work on /home/athlon/projects/airflow/.venv/lib/python3.11/site-packages/airflow/example_dags/example_short_circuit_operator.py
[2024-04-26T05:29:12.431-0300] {processor.py:830} INFO - Processing file /home/athlon/projects/airflow/.venv/lib/python3.11/site-packages/airflow/example_dags/example_short_circuit_operator.py for tasks to queue
[2024-04-26T05:29:12.434-0300] {logging_mixin.py:188} INFO - [2024-04-26T05:29:12.433-0300] {dagbag.py:540} INFO - Filling up the DagBag from /home/athlon/projects/airflow/.venv/lib/python3.11/site-packages/airflow/example_dags/example_short_circuit_operator.py
[2024-04-26T05:29:12.445-0300] {processor.py:840} INFO - DAG(s) 'example_short_circuit_operator' retrieved from /home/athlon/projects/airflow/.venv/lib/python3.11/site-packages/airflow/example_dags/example_short_circuit_operator.py
[2024-04-26T05:29:12.473-0300] {logging_mixin.py:188} INFO - [2024-04-26T05:29:12.473-0300] {dag.py:3096} INFO - Sync 1 DAGs
[2024-04-26T05:29:12.519-0300] {logging_mixin.py:188} INFO - [2024-04-26T05:29:12.518-0300] {dag.py:3954} INFO - Setting next_dagrun for example_short_circuit_operator to 2024-04-25 00:00:00+00:00, run_after=2024-04-26 00:00:00+00:00
[2024-04-26T05:29:12.550-0300] {processor.py:183} INFO - Processing /home/athlon/projects/airflow/.venv/lib/python3.11/site-packages/airflow/example_dags/example_short_circuit_operator.py took 0.129 seconds
[2024-04-26T05:30:13.299-0300] {processor.py:161} INFO - Started process (PID=9677) to work on /home/athlon/projects/airflow/.venv/lib/python3.11/site-packages/airflow/example_dags/example_short_circuit_operator.py
[2024-04-26T05:30:13.305-0300] {processor.py:830} INFO - Processing file /home/athlon/projects/airflow/.venv/lib/python3.11/site-packages/airflow/example_dags/example_short_circuit_operator.py for tasks to queue
[2024-04-26T05:30:13.308-0300] {logging_mixin.py:188} INFO - [2024-04-26T05:30:13.307-0300] {dagbag.py:540} INFO - Filling up the DagBag from /home/athlon/projects/airflow/.venv/lib/python3.11/site-packages/airflow/example_dags/example_short_circuit_operator.py
[2024-04-26T05:30:13.320-0300] {processor.py:840} INFO - DAG(s) 'example_short_circuit_operator' retrieved from /home/athlon/projects/airflow/.venv/lib/python3.11/site-packages/airflow/example_dags/example_short_circuit_operator.py
[2024-04-26T05:30:13.349-0300] {logging_mixin.py:188} INFO - [2024-04-26T05:30:13.348-0300] {dag.py:3096} INFO - Sync 1 DAGs
[2024-04-26T05:30:13.376-0300] {logging_mixin.py:188} INFO - [2024-04-26T05:30:13.375-0300] {dag.py:3954} INFO - Setting next_dagrun for example_short_circuit_operator to 2024-04-25 00:00:00+00:00, run_after=2024-04-26 00:00:00+00:00
[2024-04-26T05:30:13.406-0300] {processor.py:183} INFO - Processing /home/athlon/projects/airflow/.venv/lib/python3.11/site-packages/airflow/example_dags/example_short_circuit_operator.py took 0.115 seconds
[2024-04-26T05:31:09.167-0300] {processor.py:161} INFO - Started process (PID=9727) to work on /home/athlon/projects/airflow/.venv/lib/python3.11/site-packages/airflow/example_dags/example_short_circuit_operator.py
[2024-04-26T05:31:09.173-0300] {processor.py:830} INFO - Processing file /home/athlon/projects/airflow/.venv/lib/python3.11/site-packages/airflow/example_dags/example_short_circuit_operator.py for tasks to queue
[2024-04-26T05:31:09.176-0300] {logging_mixin.py:188} INFO - [2024-04-26T05:31:09.176-0300] {dagbag.py:540} INFO - Filling up the DagBag from /home/athlon/projects/airflow/.venv/lib/python3.11/site-packages/airflow/example_dags/example_short_circuit_operator.py
[2024-04-26T05:31:09.188-0300] {processor.py:840} INFO - DAG(s) 'example_short_circuit_operator' retrieved from /home/athlon/projects/airflow/.venv/lib/python3.11/site-packages/airflow/example_dags/example_short_circuit_operator.py
[2024-04-26T05:31:09.215-0300] {logging_mixin.py:188} INFO - [2024-04-26T05:31:09.214-0300] {dag.py:3096} INFO - Sync 1 DAGs
[2024-04-26T05:31:09.241-0300] {logging_mixin.py:188} INFO - [2024-04-26T05:31:09.241-0300] {dag.py:3954} INFO - Setting next_dagrun for example_short_circuit_operator to 2024-04-25 00:00:00+00:00, run_after=2024-04-26 00:00:00+00:00
[2024-04-26T05:31:09.271-0300] {processor.py:183} INFO - Processing /home/athlon/projects/airflow/.venv/lib/python3.11/site-packages/airflow/example_dags/example_short_circuit_operator.py took 0.113 seconds
[2024-04-26T05:32:06.284-0300] {processor.py:161} INFO - Started process (PID=9784) to work on /home/athlon/projects/airflow/.venv/lib/python3.11/site-packages/airflow/example_dags/example_short_circuit_operator.py
[2024-04-26T05:32:06.285-0300] {processor.py:830} INFO - Processing file /home/athlon/projects/airflow/.venv/lib/python3.11/site-packages/airflow/example_dags/example_short_circuit_operator.py for tasks to queue
[2024-04-26T05:32:06.288-0300] {logging_mixin.py:188} INFO - [2024-04-26T05:32:06.287-0300] {dagbag.py:540} INFO - Filling up the DagBag from /home/athlon/projects/airflow/.venv/lib/python3.11/site-packages/airflow/example_dags/example_short_circuit_operator.py
[2024-04-26T05:32:06.301-0300] {processor.py:840} INFO - DAG(s) 'example_short_circuit_operator' retrieved from /home/athlon/projects/airflow/.venv/lib/python3.11/site-packages/airflow/example_dags/example_short_circuit_operator.py
[2024-04-26T05:32:06.328-0300] {logging_mixin.py:188} INFO - [2024-04-26T05:32:06.328-0300] {dag.py:3096} INFO - Sync 1 DAGs
[2024-04-26T05:32:06.358-0300] {logging_mixin.py:188} INFO - [2024-04-26T05:32:06.358-0300] {dag.py:3954} INFO - Setting next_dagrun for example_short_circuit_operator to 2024-04-25 00:00:00+00:00, run_after=2024-04-26 00:00:00+00:00
[2024-04-26T05:32:06.387-0300] {processor.py:183} INFO - Processing /home/athlon/projects/airflow/.venv/lib/python3.11/site-packages/airflow/example_dags/example_short_circuit_operator.py took 0.115 seconds
[2024-04-26T05:33:08.863-0300] {processor.py:161} INFO - Started process (PID=9839) to work on /home/athlon/projects/airflow/.venv/lib/python3.11/site-packages/airflow/example_dags/example_short_circuit_operator.py
[2024-04-26T05:33:08.868-0300] {processor.py:830} INFO - Processing file /home/athlon/projects/airflow/.venv/lib/python3.11/site-packages/airflow/example_dags/example_short_circuit_operator.py for tasks to queue
[2024-04-26T05:33:08.871-0300] {logging_mixin.py:188} INFO - [2024-04-26T05:33:08.871-0300] {dagbag.py:540} INFO - Filling up the DagBag from /home/athlon/projects/airflow/.venv/lib/python3.11/site-packages/airflow/example_dags/example_short_circuit_operator.py
[2024-04-26T05:33:08.884-0300] {processor.py:840} INFO - DAG(s) 'example_short_circuit_operator' retrieved from /home/athlon/projects/airflow/.venv/lib/python3.11/site-packages/airflow/example_dags/example_short_circuit_operator.py
[2024-04-26T05:33:08.912-0300] {logging_mixin.py:188} INFO - [2024-04-26T05:33:08.912-0300] {dag.py:3096} INFO - Sync 1 DAGs
[2024-04-26T05:33:08.939-0300] {logging_mixin.py:188} INFO - [2024-04-26T05:33:08.939-0300] {dag.py:3954} INFO - Setting next_dagrun for example_short_circuit_operator to 2024-04-25 00:00:00+00:00, run_after=2024-04-26 00:00:00+00:00
[2024-04-26T05:33:08.970-0300] {processor.py:183} INFO - Processing /home/athlon/projects/airflow/.venv/lib/python3.11/site-packages/airflow/example_dags/example_short_circuit_operator.py took 0.117 seconds
[2024-04-26T05:34:08.695-0300] {processor.py:161} INFO - Started process (PID=9909) to work on /home/athlon/projects/airflow/.venv/lib/python3.11/site-packages/airflow/example_dags/example_short_circuit_operator.py
[2024-04-26T05:34:08.700-0300] {processor.py:830} INFO - Processing file /home/athlon/projects/airflow/.venv/lib/python3.11/site-packages/airflow/example_dags/example_short_circuit_operator.py for tasks to queue
[2024-04-26T05:34:08.703-0300] {logging_mixin.py:188} INFO - [2024-04-26T05:34:08.702-0300] {dagbag.py:540} INFO - Filling up the DagBag from /home/athlon/projects/airflow/.venv/lib/python3.11/site-packages/airflow/example_dags/example_short_circuit_operator.py
[2024-04-26T05:34:08.715-0300] {processor.py:840} INFO - DAG(s) 'example_short_circuit_operator' retrieved from /home/athlon/projects/airflow/.venv/lib/python3.11/site-packages/airflow/example_dags/example_short_circuit_operator.py
[2024-04-26T05:34:08.743-0300] {logging_mixin.py:188} INFO - [2024-04-26T05:34:08.742-0300] {dag.py:3096} INFO - Sync 1 DAGs
[2024-04-26T05:34:08.770-0300] {logging_mixin.py:188} INFO - [2024-04-26T05:34:08.770-0300] {dag.py:3954} INFO - Setting next_dagrun for example_short_circuit_operator to 2024-04-25 00:00:00+00:00, run_after=2024-04-26 00:00:00+00:00
[2024-04-26T05:34:08.800-0300] {processor.py:183} INFO - Processing /home/athlon/projects/airflow/.venv/lib/python3.11/site-packages/airflow/example_dags/example_short_circuit_operator.py took 0.116 seconds
[2024-04-26T05:35:03.704-0300] {processor.py:161} INFO - Started process (PID=9961) to work on /home/athlon/projects/airflow/.venv/lib/python3.11/site-packages/airflow/example_dags/example_short_circuit_operator.py
[2024-04-26T05:35:03.710-0300] {processor.py:830} INFO - Processing file /home/athlon/projects/airflow/.venv/lib/python3.11/site-packages/airflow/example_dags/example_short_circuit_operator.py for tasks to queue
[2024-04-26T05:35:03.712-0300] {logging_mixin.py:188} INFO - [2024-04-26T05:35:03.712-0300] {dagbag.py:540} INFO - Filling up the DagBag from /home/athlon/projects/airflow/.venv/lib/python3.11/site-packages/airflow/example_dags/example_short_circuit_operator.py
[2024-04-26T05:35:03.728-0300] {processor.py:840} INFO - DAG(s) 'example_short_circuit_operator' retrieved from /home/athlon/projects/airflow/.venv/lib/python3.11/site-packages/airflow/example_dags/example_short_circuit_operator.py
[2024-04-26T05:35:03.759-0300] {logging_mixin.py:188} INFO - [2024-04-26T05:35:03.758-0300] {dag.py:3096} INFO - Sync 1 DAGs
[2024-04-26T05:35:03.785-0300] {logging_mixin.py:188} INFO - [2024-04-26T05:35:03.785-0300] {dag.py:3954} INFO - Setting next_dagrun for example_short_circuit_operator to 2024-04-25 00:00:00+00:00, run_after=2024-04-26 00:00:00+00:00
[2024-04-26T05:35:03.816-0300] {processor.py:183} INFO - Processing /home/athlon/projects/airflow/.venv/lib/python3.11/site-packages/airflow/example_dags/example_short_circuit_operator.py took 0.123 seconds
[2024-04-26T05:35:59.290-0300] {processor.py:161} INFO - Started process (PID=10011) to work on /home/athlon/projects/airflow/.venv/lib/python3.11/site-packages/airflow/example_dags/example_short_circuit_operator.py
[2024-04-26T05:35:59.292-0300] {processor.py:830} INFO - Processing file /home/athlon/projects/airflow/.venv/lib/python3.11/site-packages/airflow/example_dags/example_short_circuit_operator.py for tasks to queue
[2024-04-26T05:35:59.294-0300] {logging_mixin.py:188} INFO - [2024-04-26T05:35:59.293-0300] {dagbag.py:540} INFO - Filling up the DagBag from /home/athlon/projects/airflow/.venv/lib/python3.11/site-packages/airflow/example_dags/example_short_circuit_operator.py
[2024-04-26T05:35:59.306-0300] {processor.py:840} INFO - DAG(s) 'example_short_circuit_operator' retrieved from /home/athlon/projects/airflow/.venv/lib/python3.11/site-packages/airflow/example_dags/example_short_circuit_operator.py
[2024-04-26T05:35:59.332-0300] {logging_mixin.py:188} INFO - [2024-04-26T05:35:59.332-0300] {dag.py:3096} INFO - Sync 1 DAGs
[2024-04-26T05:35:59.360-0300] {logging_mixin.py:188} INFO - [2024-04-26T05:35:59.359-0300] {dag.py:3954} INFO - Setting next_dagrun for example_short_circuit_operator to 2024-04-25 00:00:00+00:00, run_after=2024-04-26 00:00:00+00:00
[2024-04-26T05:35:59.389-0300] {processor.py:183} INFO - Processing /home/athlon/projects/airflow/.venv/lib/python3.11/site-packages/airflow/example_dags/example_short_circuit_operator.py took 0.109 seconds
[2024-04-26T05:36:53.849-0300] {processor.py:161} INFO - Started process (PID=10061) to work on /home/athlon/projects/airflow/.venv/lib/python3.11/site-packages/airflow/example_dags/example_short_circuit_operator.py
[2024-04-26T05:36:53.855-0300] {processor.py:830} INFO - Processing file /home/athlon/projects/airflow/.venv/lib/python3.11/site-packages/airflow/example_dags/example_short_circuit_operator.py for tasks to queue
[2024-04-26T05:36:53.858-0300] {logging_mixin.py:188} INFO - [2024-04-26T05:36:53.857-0300] {dagbag.py:540} INFO - Filling up the DagBag from /home/athlon/projects/airflow/.venv/lib/python3.11/site-packages/airflow/example_dags/example_short_circuit_operator.py
[2024-04-26T05:36:53.871-0300] {processor.py:840} INFO - DAG(s) 'example_short_circuit_operator' retrieved from /home/athlon/projects/airflow/.venv/lib/python3.11/site-packages/airflow/example_dags/example_short_circuit_operator.py
[2024-04-26T05:36:53.899-0300] {logging_mixin.py:188} INFO - [2024-04-26T05:36:53.899-0300] {dag.py:3096} INFO - Sync 1 DAGs
[2024-04-26T05:36:53.927-0300] {logging_mixin.py:188} INFO - [2024-04-26T05:36:53.926-0300] {dag.py:3954} INFO - Setting next_dagrun for example_short_circuit_operator to 2024-04-25 00:00:00+00:00, run_after=2024-04-26 00:00:00+00:00
[2024-04-26T05:36:53.956-0300] {processor.py:183} INFO - Processing /home/athlon/projects/airflow/.venv/lib/python3.11/site-packages/airflow/example_dags/example_short_circuit_operator.py took 0.117 seconds
[2024-04-26T05:37:49.638-0300] {processor.py:161} INFO - Started process (PID=10116) to work on /home/athlon/projects/airflow/.venv/lib/python3.11/site-packages/airflow/example_dags/example_short_circuit_operator.py
[2024-04-26T05:37:49.653-0300] {processor.py:830} INFO - Processing file /home/athlon/projects/airflow/.venv/lib/python3.11/site-packages/airflow/example_dags/example_short_circuit_operator.py for tasks to queue
[2024-04-26T05:37:49.656-0300] {logging_mixin.py:188} INFO - [2024-04-26T05:37:49.655-0300] {dagbag.py:540} INFO - Filling up the DagBag from /home/athlon/projects/airflow/.venv/lib/python3.11/site-packages/airflow/example_dags/example_short_circuit_operator.py
[2024-04-26T05:37:49.669-0300] {processor.py:840} INFO - DAG(s) 'example_short_circuit_operator' retrieved from /home/athlon/projects/airflow/.venv/lib/python3.11/site-packages/airflow/example_dags/example_short_circuit_operator.py
[2024-04-26T05:37:49.701-0300] {logging_mixin.py:188} INFO - [2024-04-26T05:37:49.701-0300] {dag.py:3096} INFO - Sync 1 DAGs
[2024-04-26T05:37:49.731-0300] {logging_mixin.py:188} INFO - [2024-04-26T05:37:49.731-0300] {dag.py:3954} INFO - Setting next_dagrun for example_short_circuit_operator to 2024-04-25 00:00:00+00:00, run_after=2024-04-26 00:00:00+00:00
[2024-04-26T05:37:49.763-0300] {processor.py:183} INFO - Processing /home/athlon/projects/airflow/.venv/lib/python3.11/site-packages/airflow/example_dags/example_short_circuit_operator.py took 0.136 seconds
[2024-04-26T05:38:50.993-0300] {processor.py:161} INFO - Started process (PID=10169) to work on /home/athlon/projects/airflow/.venv/lib/python3.11/site-packages/airflow/example_dags/example_short_circuit_operator.py
[2024-04-26T05:38:50.999-0300] {processor.py:830} INFO - Processing file /home/athlon/projects/airflow/.venv/lib/python3.11/site-packages/airflow/example_dags/example_short_circuit_operator.py for tasks to queue
[2024-04-26T05:38:51.002-0300] {logging_mixin.py:188} INFO - [2024-04-26T05:38:51.001-0300] {dagbag.py:540} INFO - Filling up the DagBag from /home/athlon/projects/airflow/.venv/lib/python3.11/site-packages/airflow/example_dags/example_short_circuit_operator.py
[2024-04-26T05:38:51.015-0300] {processor.py:840} INFO - DAG(s) 'example_short_circuit_operator' retrieved from /home/athlon/projects/airflow/.venv/lib/python3.11/site-packages/airflow/example_dags/example_short_circuit_operator.py
[2024-04-26T05:38:51.043-0300] {logging_mixin.py:188} INFO - [2024-04-26T05:38:51.043-0300] {dag.py:3096} INFO - Sync 1 DAGs
[2024-04-26T05:38:51.070-0300] {logging_mixin.py:188} INFO - [2024-04-26T05:38:51.069-0300] {dag.py:3954} INFO - Setting next_dagrun for example_short_circuit_operator to 2024-04-25 00:00:00+00:00, run_after=2024-04-26 00:00:00+00:00
[2024-04-26T05:38:51.100-0300] {processor.py:183} INFO - Processing /home/athlon/projects/airflow/.venv/lib/python3.11/site-packages/airflow/example_dags/example_short_circuit_operator.py took 0.117 seconds
[2024-04-26T05:39:50.490-0300] {processor.py:161} INFO - Started process (PID=10253) to work on /home/athlon/projects/airflow/.venv/lib/python3.11/site-packages/airflow/example_dags/example_short_circuit_operator.py
[2024-04-26T05:39:50.496-0300] {processor.py:830} INFO - Processing file /home/athlon/projects/airflow/.venv/lib/python3.11/site-packages/airflow/example_dags/example_short_circuit_operator.py for tasks to queue
[2024-04-26T05:39:50.499-0300] {logging_mixin.py:188} INFO - [2024-04-26T05:39:50.498-0300] {dagbag.py:540} INFO - Filling up the DagBag from /home/athlon/projects/airflow/.venv/lib/python3.11/site-packages/airflow/example_dags/example_short_circuit_operator.py
[2024-04-26T05:39:50.519-0300] {processor.py:840} INFO - DAG(s) 'example_short_circuit_operator' retrieved from /home/athlon/projects/airflow/.venv/lib/python3.11/site-packages/airflow/example_dags/example_short_circuit_operator.py
[2024-04-26T05:39:50.550-0300] {logging_mixin.py:188} INFO - [2024-04-26T05:39:50.550-0300] {dag.py:3096} INFO - Sync 1 DAGs
[2024-04-26T05:39:50.582-0300] {logging_mixin.py:188} INFO - [2024-04-26T05:39:50.581-0300] {dag.py:3954} INFO - Setting next_dagrun for example_short_circuit_operator to 2024-04-25 00:00:00+00:00, run_after=2024-04-26 00:00:00+00:00
[2024-04-26T05:39:50.612-0300] {processor.py:183} INFO - Processing /home/athlon/projects/airflow/.venv/lib/python3.11/site-packages/airflow/example_dags/example_short_circuit_operator.py took 0.133 seconds
[2024-04-26T05:40:51.802-0300] {processor.py:161} INFO - Started process (PID=10310) to work on /home/athlon/projects/airflow/.venv/lib/python3.11/site-packages/airflow/example_dags/example_short_circuit_operator.py
[2024-04-26T05:40:51.808-0300] {processor.py:830} INFO - Processing file /home/athlon/projects/airflow/.venv/lib/python3.11/site-packages/airflow/example_dags/example_short_circuit_operator.py for tasks to queue
[2024-04-26T05:40:51.811-0300] {logging_mixin.py:188} INFO - [2024-04-26T05:40:51.810-0300] {dagbag.py:540} INFO - Filling up the DagBag from /home/athlon/projects/airflow/.venv/lib/python3.11/site-packages/airflow/example_dags/example_short_circuit_operator.py
[2024-04-26T05:40:51.824-0300] {processor.py:840} INFO - DAG(s) 'example_short_circuit_operator' retrieved from /home/athlon/projects/airflow/.venv/lib/python3.11/site-packages/airflow/example_dags/example_short_circuit_operator.py
[2024-04-26T05:40:51.852-0300] {logging_mixin.py:188} INFO - [2024-04-26T05:40:51.852-0300] {dag.py:3096} INFO - Sync 1 DAGs
[2024-04-26T05:40:51.881-0300] {logging_mixin.py:188} INFO - [2024-04-26T05:40:51.881-0300] {dag.py:3954} INFO - Setting next_dagrun for example_short_circuit_operator to 2024-04-25 00:00:00+00:00, run_after=2024-04-26 00:00:00+00:00
[2024-04-26T05:40:51.912-0300] {processor.py:183} INFO - Processing /home/athlon/projects/airflow/.venv/lib/python3.11/site-packages/airflow/example_dags/example_short_circuit_operator.py took 0.120 seconds
[2024-04-26T05:41:49.622-0300] {processor.py:161} INFO - Started process (PID=10362) to work on /home/athlon/projects/airflow/.venv/lib/python3.11/site-packages/airflow/example_dags/example_short_circuit_operator.py
[2024-04-26T05:41:49.627-0300] {processor.py:830} INFO - Processing file /home/athlon/projects/airflow/.venv/lib/python3.11/site-packages/airflow/example_dags/example_short_circuit_operator.py for tasks to queue
[2024-04-26T05:41:49.630-0300] {logging_mixin.py:188} INFO - [2024-04-26T05:41:49.629-0300] {dagbag.py:540} INFO - Filling up the DagBag from /home/athlon/projects/airflow/.venv/lib/python3.11/site-packages/airflow/example_dags/example_short_circuit_operator.py
[2024-04-26T05:41:49.643-0300] {processor.py:840} INFO - DAG(s) 'example_short_circuit_operator' retrieved from /home/athlon/projects/airflow/.venv/lib/python3.11/site-packages/airflow/example_dags/example_short_circuit_operator.py
[2024-04-26T05:41:49.671-0300] {logging_mixin.py:188} INFO - [2024-04-26T05:41:49.671-0300] {dag.py:3096} INFO - Sync 1 DAGs
[2024-04-26T05:41:49.699-0300] {logging_mixin.py:188} INFO - [2024-04-26T05:41:49.699-0300] {dag.py:3954} INFO - Setting next_dagrun for example_short_circuit_operator to 2024-04-25 00:00:00+00:00, run_after=2024-04-26 00:00:00+00:00
[2024-04-26T05:41:49.728-0300] {processor.py:183} INFO - Processing /home/athlon/projects/airflow/.venv/lib/python3.11/site-packages/airflow/example_dags/example_short_circuit_operator.py took 0.117 seconds
[2024-04-26T05:42:55.979-0300] {processor.py:161} INFO - Started process (PID=10418) to work on /home/athlon/projects/airflow/.venv/lib/python3.11/site-packages/airflow/example_dags/example_short_circuit_operator.py
[2024-04-26T05:42:55.984-0300] {processor.py:830} INFO - Processing file /home/athlon/projects/airflow/.venv/lib/python3.11/site-packages/airflow/example_dags/example_short_circuit_operator.py for tasks to queue
[2024-04-26T05:42:55.987-0300] {logging_mixin.py:188} INFO - [2024-04-26T05:42:55.986-0300] {dagbag.py:540} INFO - Filling up the DagBag from /home/athlon/projects/airflow/.venv/lib/python3.11/site-packages/airflow/example_dags/example_short_circuit_operator.py
[2024-04-26T05:42:55.999-0300] {processor.py:840} INFO - DAG(s) 'example_short_circuit_operator' retrieved from /home/athlon/projects/airflow/.venv/lib/python3.11/site-packages/airflow/example_dags/example_short_circuit_operator.py
[2024-04-26T05:42:56.028-0300] {logging_mixin.py:188} INFO - [2024-04-26T05:42:56.027-0300] {dag.py:3096} INFO - Sync 1 DAGs
[2024-04-26T05:42:56.056-0300] {logging_mixin.py:188} INFO - [2024-04-26T05:42:56.056-0300] {dag.py:3954} INFO - Setting next_dagrun for example_short_circuit_operator to 2024-04-25 00:00:00+00:00, run_after=2024-04-26 00:00:00+00:00
[2024-04-26T05:42:56.086-0300] {processor.py:183} INFO - Processing /home/athlon/projects/airflow/.venv/lib/python3.11/site-packages/airflow/example_dags/example_short_circuit_operator.py took 0.117 seconds
[2024-04-26T05:43:54.302-0300] {processor.py:161} INFO - Started process (PID=10472) to work on /home/athlon/projects/airflow/.venv/lib/python3.11/site-packages/airflow/example_dags/example_short_circuit_operator.py
[2024-04-26T05:43:54.308-0300] {processor.py:830} INFO - Processing file /home/athlon/projects/airflow/.venv/lib/python3.11/site-packages/airflow/example_dags/example_short_circuit_operator.py for tasks to queue
[2024-04-26T05:43:54.311-0300] {logging_mixin.py:188} INFO - [2024-04-26T05:43:54.310-0300] {dagbag.py:540} INFO - Filling up the DagBag from /home/athlon/projects/airflow/.venv/lib/python3.11/site-packages/airflow/example_dags/example_short_circuit_operator.py
[2024-04-26T05:43:54.323-0300] {processor.py:840} INFO - DAG(s) 'example_short_circuit_operator' retrieved from /home/athlon/projects/airflow/.venv/lib/python3.11/site-packages/airflow/example_dags/example_short_circuit_operator.py
[2024-04-26T05:43:54.355-0300] {logging_mixin.py:188} INFO - [2024-04-26T05:43:54.355-0300] {dag.py:3096} INFO - Sync 1 DAGs
[2024-04-26T05:43:54.385-0300] {logging_mixin.py:188} INFO - [2024-04-26T05:43:54.385-0300] {dag.py:3954} INFO - Setting next_dagrun for example_short_circuit_operator to 2024-04-25 00:00:00+00:00, run_after=2024-04-26 00:00:00+00:00
[2024-04-26T05:43:54.417-0300] {processor.py:183} INFO - Processing /home/athlon/projects/airflow/.venv/lib/python3.11/site-packages/airflow/example_dags/example_short_circuit_operator.py took 0.125 seconds
[2024-04-26T05:44:47.890-0300] {processor.py:161} INFO - Started process (PID=10522) to work on /home/athlon/projects/airflow/.venv/lib/python3.11/site-packages/airflow/example_dags/example_short_circuit_operator.py
[2024-04-26T05:44:47.896-0300] {processor.py:830} INFO - Processing file /home/athlon/projects/airflow/.venv/lib/python3.11/site-packages/airflow/example_dags/example_short_circuit_operator.py for tasks to queue
[2024-04-26T05:44:47.898-0300] {logging_mixin.py:188} INFO - [2024-04-26T05:44:47.898-0300] {dagbag.py:540} INFO - Filling up the DagBag from /home/athlon/projects/airflow/.venv/lib/python3.11/site-packages/airflow/example_dags/example_short_circuit_operator.py
[2024-04-26T05:44:47.912-0300] {processor.py:840} INFO - DAG(s) 'example_short_circuit_operator' retrieved from /home/athlon/projects/airflow/.venv/lib/python3.11/site-packages/airflow/example_dags/example_short_circuit_operator.py
[2024-04-26T05:44:47.941-0300] {logging_mixin.py:188} INFO - [2024-04-26T05:44:47.940-0300] {dag.py:3096} INFO - Sync 1 DAGs
[2024-04-26T05:44:47.968-0300] {logging_mixin.py:188} INFO - [2024-04-26T05:44:47.967-0300] {dag.py:3954} INFO - Setting next_dagrun for example_short_circuit_operator to 2024-04-25 00:00:00+00:00, run_after=2024-04-26 00:00:00+00:00
[2024-04-26T05:44:47.997-0300] {processor.py:183} INFO - Processing /home/athlon/projects/airflow/.venv/lib/python3.11/site-packages/airflow/example_dags/example_short_circuit_operator.py took 0.118 seconds
[2024-04-26T05:45:46.152-0300] {processor.py:161} INFO - Started process (PID=10577) to work on /home/athlon/projects/airflow/.venv/lib/python3.11/site-packages/airflow/example_dags/example_short_circuit_operator.py
[2024-04-26T05:45:46.157-0300] {processor.py:830} INFO - Processing file /home/athlon/projects/airflow/.venv/lib/python3.11/site-packages/airflow/example_dags/example_short_circuit_operator.py for tasks to queue
[2024-04-26T05:45:46.160-0300] {logging_mixin.py:188} INFO - [2024-04-26T05:45:46.159-0300] {dagbag.py:540} INFO - Filling up the DagBag from /home/athlon/projects/airflow/.venv/lib/python3.11/site-packages/airflow/example_dags/example_short_circuit_operator.py
[2024-04-26T05:45:46.172-0300] {processor.py:840} INFO - DAG(s) 'example_short_circuit_operator' retrieved from /home/athlon/projects/airflow/.venv/lib/python3.11/site-packages/airflow/example_dags/example_short_circuit_operator.py
[2024-04-26T05:45:46.200-0300] {logging_mixin.py:188} INFO - [2024-04-26T05:45:46.199-0300] {dag.py:3096} INFO - Sync 1 DAGs
[2024-04-26T05:45:46.234-0300] {logging_mixin.py:188} INFO - [2024-04-26T05:45:46.234-0300] {dag.py:3954} INFO - Setting next_dagrun for example_short_circuit_operator to 2024-04-25 00:00:00+00:00, run_after=2024-04-26 00:00:00+00:00
[2024-04-26T05:45:46.273-0300] {processor.py:183} INFO - Processing /home/athlon/projects/airflow/.venv/lib/python3.11/site-packages/airflow/example_dags/example_short_circuit_operator.py took 0.132 seconds
[2024-04-26T05:46:45.203-0300] {processor.py:161} INFO - Started process (PID=10630) to work on /home/athlon/projects/airflow/.venv/lib/python3.11/site-packages/airflow/example_dags/example_short_circuit_operator.py
[2024-04-26T05:46:45.208-0300] {processor.py:830} INFO - Processing file /home/athlon/projects/airflow/.venv/lib/python3.11/site-packages/airflow/example_dags/example_short_circuit_operator.py for tasks to queue
[2024-04-26T05:46:45.211-0300] {logging_mixin.py:188} INFO - [2024-04-26T05:46:45.210-0300] {dagbag.py:540} INFO - Filling up the DagBag from /home/athlon/projects/airflow/.venv/lib/python3.11/site-packages/airflow/example_dags/example_short_circuit_operator.py
[2024-04-26T05:46:45.226-0300] {processor.py:840} INFO - DAG(s) 'example_short_circuit_operator' retrieved from /home/athlon/projects/airflow/.venv/lib/python3.11/site-packages/airflow/example_dags/example_short_circuit_operator.py
[2024-04-26T05:46:45.254-0300] {logging_mixin.py:188} INFO - [2024-04-26T05:46:45.254-0300] {dag.py:3096} INFO - Sync 1 DAGs
[2024-04-26T05:46:45.281-0300] {logging_mixin.py:188} INFO - [2024-04-26T05:46:45.280-0300] {dag.py:3954} INFO - Setting next_dagrun for example_short_circuit_operator to 2024-04-25 00:00:00+00:00, run_after=2024-04-26 00:00:00+00:00
[2024-04-26T05:46:45.309-0300] {processor.py:183} INFO - Processing /home/athlon/projects/airflow/.venv/lib/python3.11/site-packages/airflow/example_dags/example_short_circuit_operator.py took 0.117 seconds
[2024-04-26T05:47:40.112-0300] {processor.py:161} INFO - Started process (PID=10700) to work on /home/athlon/projects/airflow/.venv/lib/python3.11/site-packages/airflow/example_dags/example_short_circuit_operator.py
[2024-04-26T05:47:40.118-0300] {processor.py:830} INFO - Processing file /home/athlon/projects/airflow/.venv/lib/python3.11/site-packages/airflow/example_dags/example_short_circuit_operator.py for tasks to queue
[2024-04-26T05:47:40.120-0300] {logging_mixin.py:188} INFO - [2024-04-26T05:47:40.120-0300] {dagbag.py:540} INFO - Filling up the DagBag from /home/athlon/projects/airflow/.venv/lib/python3.11/site-packages/airflow/example_dags/example_short_circuit_operator.py
[2024-04-26T05:47:40.134-0300] {processor.py:840} INFO - DAG(s) 'example_short_circuit_operator' retrieved from /home/athlon/projects/airflow/.venv/lib/python3.11/site-packages/airflow/example_dags/example_short_circuit_operator.py
[2024-04-26T05:47:40.162-0300] {logging_mixin.py:188} INFO - [2024-04-26T05:47:40.161-0300] {dag.py:3096} INFO - Sync 1 DAGs
[2024-04-26T05:47:40.188-0300] {logging_mixin.py:188} INFO - [2024-04-26T05:47:40.188-0300] {dag.py:3954} INFO - Setting next_dagrun for example_short_circuit_operator to 2024-04-25 00:00:00+00:00, run_after=2024-04-26 00:00:00+00:00
[2024-04-26T05:47:40.217-0300] {processor.py:183} INFO - Processing /home/athlon/projects/airflow/.venv/lib/python3.11/site-packages/airflow/example_dags/example_short_circuit_operator.py took 0.116 seconds
[2024-04-26T05:48:33.959-0300] {processor.py:161} INFO - Started process (PID=10768) to work on /home/athlon/projects/airflow/.venv/lib/python3.11/site-packages/airflow/example_dags/example_short_circuit_operator.py
[2024-04-26T05:48:33.965-0300] {processor.py:830} INFO - Processing file /home/athlon/projects/airflow/.venv/lib/python3.11/site-packages/airflow/example_dags/example_short_circuit_operator.py for tasks to queue
[2024-04-26T05:48:33.967-0300] {logging_mixin.py:188} INFO - [2024-04-26T05:48:33.967-0300] {dagbag.py:540} INFO - Filling up the DagBag from /home/athlon/projects/airflow/.venv/lib/python3.11/site-packages/airflow/example_dags/example_short_circuit_operator.py
[2024-04-26T05:48:33.981-0300] {processor.py:840} INFO - DAG(s) 'example_short_circuit_operator' retrieved from /home/athlon/projects/airflow/.venv/lib/python3.11/site-packages/airflow/example_dags/example_short_circuit_operator.py
[2024-04-26T05:48:34.009-0300] {logging_mixin.py:188} INFO - [2024-04-26T05:48:34.008-0300] {dag.py:3096} INFO - Sync 1 DAGs
[2024-04-26T05:48:34.036-0300] {logging_mixin.py:188} INFO - [2024-04-26T05:48:34.035-0300] {dag.py:3954} INFO - Setting next_dagrun for example_short_circuit_operator to 2024-04-25 00:00:00+00:00, run_after=2024-04-26 00:00:00+00:00
[2024-04-26T05:48:34.065-0300] {processor.py:183} INFO - Processing /home/athlon/projects/airflow/.venv/lib/python3.11/site-packages/airflow/example_dags/example_short_circuit_operator.py took 0.117 seconds
[2024-04-26T05:49:37.891-0300] {processor.py:161} INFO - Started process (PID=10857) to work on /home/athlon/projects/airflow/.venv/lib/python3.11/site-packages/airflow/example_dags/example_short_circuit_operator.py
[2024-04-26T05:49:37.897-0300] {processor.py:830} INFO - Processing file /home/athlon/projects/airflow/.venv/lib/python3.11/site-packages/airflow/example_dags/example_short_circuit_operator.py for tasks to queue
[2024-04-26T05:49:37.899-0300] {logging_mixin.py:188} INFO - [2024-04-26T05:49:37.899-0300] {dagbag.py:540} INFO - Filling up the DagBag from /home/athlon/projects/airflow/.venv/lib/python3.11/site-packages/airflow/example_dags/example_short_circuit_operator.py
[2024-04-26T05:49:37.910-0300] {processor.py:840} INFO - DAG(s) 'example_short_circuit_operator' retrieved from /home/athlon/projects/airflow/.venv/lib/python3.11/site-packages/airflow/example_dags/example_short_circuit_operator.py
[2024-04-26T05:49:37.937-0300] {logging_mixin.py:188} INFO - [2024-04-26T05:49:37.936-0300] {dag.py:3096} INFO - Sync 1 DAGs
[2024-04-26T05:49:37.965-0300] {logging_mixin.py:188} INFO - [2024-04-26T05:49:37.965-0300] {dag.py:3954} INFO - Setting next_dagrun for example_short_circuit_operator to 2024-04-25 00:00:00+00:00, run_after=2024-04-26 00:00:00+00:00
[2024-04-26T05:49:37.995-0300] {processor.py:183} INFO - Processing /home/athlon/projects/airflow/.venv/lib/python3.11/site-packages/airflow/example_dags/example_short_circuit_operator.py took 0.114 seconds
[2024-04-26T05:50:55.167-0300] {processor.py:161} INFO - Started process (PID=10958) to work on /home/athlon/projects/airflow/.venv/lib/python3.11/site-packages/airflow/example_dags/example_short_circuit_operator.py
[2024-04-26T05:50:55.169-0300] {processor.py:830} INFO - Processing file /home/athlon/projects/airflow/.venv/lib/python3.11/site-packages/airflow/example_dags/example_short_circuit_operator.py for tasks to queue
[2024-04-26T05:50:55.172-0300] {logging_mixin.py:188} INFO - [2024-04-26T05:50:55.172-0300] {dagbag.py:540} INFO - Filling up the DagBag from /home/athlon/projects/airflow/.venv/lib/python3.11/site-packages/airflow/example_dags/example_short_circuit_operator.py
[2024-04-26T05:50:55.199-0300] {processor.py:840} INFO - DAG(s) 'example_short_circuit_operator' retrieved from /home/athlon/projects/airflow/.venv/lib/python3.11/site-packages/airflow/example_dags/example_short_circuit_operator.py
[2024-04-26T05:50:55.250-0300] {logging_mixin.py:188} INFO - [2024-04-26T05:50:55.250-0300] {dag.py:3096} INFO - Sync 1 DAGs
[2024-04-26T05:50:55.304-0300] {logging_mixin.py:188} INFO - [2024-04-26T05:50:55.303-0300] {dag.py:3954} INFO - Setting next_dagrun for example_short_circuit_operator to 2024-04-25 00:00:00+00:00, run_after=2024-04-26 00:00:00+00:00
[2024-04-26T05:50:55.367-0300] {processor.py:183} INFO - Processing /home/athlon/projects/airflow/.venv/lib/python3.11/site-packages/airflow/example_dags/example_short_circuit_operator.py took 0.219 seconds
[2024-04-26T05:51:43.827-0300] {processor.py:161} INFO - Started process (PID=11005) to work on /home/athlon/projects/airflow/.venv/lib/python3.11/site-packages/airflow/example_dags/example_short_circuit_operator.py
[2024-04-26T05:51:43.834-0300] {processor.py:830} INFO - Processing file /home/athlon/projects/airflow/.venv/lib/python3.11/site-packages/airflow/example_dags/example_short_circuit_operator.py for tasks to queue
[2024-04-26T05:51:43.836-0300] {logging_mixin.py:188} INFO - [2024-04-26T05:51:43.836-0300] {dagbag.py:540} INFO - Filling up the DagBag from /home/athlon/projects/airflow/.venv/lib/python3.11/site-packages/airflow/example_dags/example_short_circuit_operator.py
[2024-04-26T05:51:43.853-0300] {processor.py:840} INFO - DAG(s) 'example_short_circuit_operator' retrieved from /home/athlon/projects/airflow/.venv/lib/python3.11/site-packages/airflow/example_dags/example_short_circuit_operator.py
[2024-04-26T05:51:43.889-0300] {logging_mixin.py:188} INFO - [2024-04-26T05:51:43.888-0300] {dag.py:3096} INFO - Sync 1 DAGs
[2024-04-26T05:51:43.931-0300] {logging_mixin.py:188} INFO - [2024-04-26T05:51:43.931-0300] {dag.py:3954} INFO - Setting next_dagrun for example_short_circuit_operator to 2024-04-25 00:00:00+00:00, run_after=2024-04-26 00:00:00+00:00
[2024-04-26T05:51:43.970-0300] {processor.py:183} INFO - Processing /home/athlon/projects/airflow/.venv/lib/python3.11/site-packages/airflow/example_dags/example_short_circuit_operator.py took 0.154 seconds
[2024-04-26T05:52:24.167-0300] {processor.py:161} INFO - Started process (PID=11041) to work on /home/athlon/projects/airflow/.venv/lib/python3.11/site-packages/airflow/example_dags/example_short_circuit_operator.py
[2024-04-26T05:52:24.174-0300] {processor.py:830} INFO - Processing file /home/athlon/projects/airflow/.venv/lib/python3.11/site-packages/airflow/example_dags/example_short_circuit_operator.py for tasks to queue
[2024-04-26T05:52:24.176-0300] {logging_mixin.py:188} INFO - [2024-04-26T05:52:24.176-0300] {dagbag.py:540} INFO - Filling up the DagBag from /home/athlon/projects/airflow/.venv/lib/python3.11/site-packages/airflow/example_dags/example_short_circuit_operator.py
[2024-04-26T05:52:24.193-0300] {processor.py:840} INFO - DAG(s) 'example_short_circuit_operator' retrieved from /home/athlon/projects/airflow/.venv/lib/python3.11/site-packages/airflow/example_dags/example_short_circuit_operator.py
[2024-04-26T05:52:24.229-0300] {logging_mixin.py:188} INFO - [2024-04-26T05:52:24.229-0300] {dag.py:3096} INFO - Sync 1 DAGs
[2024-04-26T05:52:24.267-0300] {logging_mixin.py:188} INFO - [2024-04-26T05:52:24.267-0300] {dag.py:3954} INFO - Setting next_dagrun for example_short_circuit_operator to 2024-04-25 00:00:00+00:00, run_after=2024-04-26 00:00:00+00:00
[2024-04-26T05:52:24.308-0300] {processor.py:183} INFO - Processing /home/athlon/projects/airflow/.venv/lib/python3.11/site-packages/airflow/example_dags/example_short_circuit_operator.py took 0.153 seconds
