[2024-04-26T05:28:57.257-0300] {processor.py:161} INFO - Started process (PID=9594) to work on /home/athlon/projects/airflow/.venv/lib/python3.11/site-packages/airflow/example_dags/example_branch_day_of_week_operator.py
[2024-04-26T05:28:57.259-0300] {processor.py:830} INFO - Processing file /home/athlon/projects/airflow/.venv/lib/python3.11/site-packages/airflow/example_dags/example_branch_day_of_week_operator.py for tasks to queue
[2024-04-26T05:28:57.262-0300] {logging_mixin.py:188} INFO - [2024-04-26T05:28:57.260-0300] {dagbag.py:540} INFO - Filling up the DagBag from /home/athlon/projects/airflow/.venv/lib/python3.11/site-packages/airflow/example_dags/example_branch_day_of_week_operator.py
[2024-04-26T05:28:57.280-0300] {processor.py:840} INFO - DAG(s) 'example_weekday_branch_operator' retrieved from /home/athlon/projects/airflow/.venv/lib/python3.11/site-packages/airflow/example_dags/example_branch_day_of_week_operator.py
[2024-04-26T05:28:57.548-0300] {logging_mixin.py:188} INFO - [2024-04-26T05:28:57.547-0300] {override.py:1829} INFO - Created Permission View: can edit on DAG:example_weekday_branch_operator
[2024-04-26T05:28:57.562-0300] {logging_mixin.py:188} INFO - [2024-04-26T05:28:57.562-0300] {override.py:1829} INFO - Created Permission View: can delete on DAG:example_weekday_branch_operator
[2024-04-26T05:28:57.573-0300] {logging_mixin.py:188} INFO - [2024-04-26T05:28:57.572-0300] {override.py:1829} INFO - Created Permission View: can read on DAG:example_weekday_branch_operator
[2024-04-26T05:28:57.573-0300] {logging_mixin.py:188} INFO - [2024-04-26T05:28:57.573-0300] {dag.py:3096} INFO - Sync 1 DAGs
[2024-04-26T05:28:57.588-0300] {logging_mixin.py:188} INFO - [2024-04-26T05:28:57.588-0300] {dag.py:3118} INFO - Creating ORM DAG for example_weekday_branch_operator
[2024-04-26T05:28:57.604-0300] {logging_mixin.py:188} INFO - [2024-04-26T05:28:57.604-0300] {dag.py:3954} INFO - Setting next_dagrun for example_weekday_branch_operator to 2024-04-25 00:00:00+00:00, run_after=2024-04-26 00:00:00+00:00
[2024-04-26T05:28:57.631-0300] {processor.py:183} INFO - Processing /home/athlon/projects/airflow/.venv/lib/python3.11/site-packages/airflow/example_dags/example_branch_day_of_week_operator.py took 0.388 seconds
[2024-04-26T05:30:05.598-0300] {processor.py:161} INFO - Started process (PID=9670) to work on /home/athlon/projects/airflow/.venv/lib/python3.11/site-packages/airflow/example_dags/example_branch_day_of_week_operator.py
[2024-04-26T05:30:05.604-0300] {processor.py:830} INFO - Processing file /home/athlon/projects/airflow/.venv/lib/python3.11/site-packages/airflow/example_dags/example_branch_day_of_week_operator.py for tasks to queue
[2024-04-26T05:30:05.607-0300] {logging_mixin.py:188} INFO - [2024-04-26T05:30:05.606-0300] {dagbag.py:540} INFO - Filling up the DagBag from /home/athlon/projects/airflow/.venv/lib/python3.11/site-packages/airflow/example_dags/example_branch_day_of_week_operator.py
[2024-04-26T05:30:05.620-0300] {processor.py:840} INFO - DAG(s) 'example_weekday_branch_operator' retrieved from /home/athlon/projects/airflow/.venv/lib/python3.11/site-packages/airflow/example_dags/example_branch_day_of_week_operator.py
[2024-04-26T05:30:05.646-0300] {logging_mixin.py:188} INFO - [2024-04-26T05:30:05.646-0300] {dag.py:3096} INFO - Sync 1 DAGs
[2024-04-26T05:30:05.674-0300] {logging_mixin.py:188} INFO - [2024-04-26T05:30:05.674-0300] {dag.py:3954} INFO - Setting next_dagrun for example_weekday_branch_operator to 2024-04-25 00:00:00+00:00, run_after=2024-04-26 00:00:00+00:00
[2024-04-26T05:30:05.704-0300] {processor.py:183} INFO - Processing /home/athlon/projects/airflow/.venv/lib/python3.11/site-packages/airflow/example_dags/example_branch_day_of_week_operator.py took 0.116 seconds
[2024-04-26T05:31:04.182-0300] {processor.py:161} INFO - Started process (PID=9722) to work on /home/athlon/projects/airflow/.venv/lib/python3.11/site-packages/airflow/example_dags/example_branch_day_of_week_operator.py
[2024-04-26T05:31:04.188-0300] {processor.py:830} INFO - Processing file /home/athlon/projects/airflow/.venv/lib/python3.11/site-packages/airflow/example_dags/example_branch_day_of_week_operator.py for tasks to queue
[2024-04-26T05:31:04.191-0300] {logging_mixin.py:188} INFO - [2024-04-26T05:31:04.190-0300] {dagbag.py:540} INFO - Filling up the DagBag from /home/athlon/projects/airflow/.venv/lib/python3.11/site-packages/airflow/example_dags/example_branch_day_of_week_operator.py
[2024-04-26T05:31:04.205-0300] {processor.py:840} INFO - DAG(s) 'example_weekday_branch_operator' retrieved from /home/athlon/projects/airflow/.venv/lib/python3.11/site-packages/airflow/example_dags/example_branch_day_of_week_operator.py
[2024-04-26T05:31:04.229-0300] {logging_mixin.py:188} INFO - [2024-04-26T05:31:04.229-0300] {dag.py:3096} INFO - Sync 1 DAGs
[2024-04-26T05:31:04.258-0300] {logging_mixin.py:188} INFO - [2024-04-26T05:31:04.258-0300] {dag.py:3954} INFO - Setting next_dagrun for example_weekday_branch_operator to 2024-04-25 00:00:00+00:00, run_after=2024-04-26 00:00:00+00:00
[2024-04-26T05:31:04.287-0300] {processor.py:183} INFO - Processing /home/athlon/projects/airflow/.venv/lib/python3.11/site-packages/airflow/example_dags/example_branch_day_of_week_operator.py took 0.115 seconds
[2024-04-26T05:32:01.418-0300] {processor.py:161} INFO - Started process (PID=9779) to work on /home/athlon/projects/airflow/.venv/lib/python3.11/site-packages/airflow/example_dags/example_branch_day_of_week_operator.py
[2024-04-26T05:32:01.424-0300] {processor.py:830} INFO - Processing file /home/athlon/projects/airflow/.venv/lib/python3.11/site-packages/airflow/example_dags/example_branch_day_of_week_operator.py for tasks to queue
[2024-04-26T05:32:01.427-0300] {logging_mixin.py:188} INFO - [2024-04-26T05:32:01.426-0300] {dagbag.py:540} INFO - Filling up the DagBag from /home/athlon/projects/airflow/.venv/lib/python3.11/site-packages/airflow/example_dags/example_branch_day_of_week_operator.py
[2024-04-26T05:32:01.440-0300] {processor.py:840} INFO - DAG(s) 'example_weekday_branch_operator' retrieved from /home/athlon/projects/airflow/.venv/lib/python3.11/site-packages/airflow/example_dags/example_branch_day_of_week_operator.py
[2024-04-26T05:32:01.465-0300] {logging_mixin.py:188} INFO - [2024-04-26T05:32:01.464-0300] {dag.py:3096} INFO - Sync 1 DAGs
[2024-04-26T05:32:01.500-0300] {logging_mixin.py:188} INFO - [2024-04-26T05:32:01.499-0300] {dag.py:3954} INFO - Setting next_dagrun for example_weekday_branch_operator to 2024-04-25 00:00:00+00:00, run_after=2024-04-26 00:00:00+00:00
[2024-04-26T05:32:01.530-0300] {processor.py:183} INFO - Processing /home/athlon/projects/airflow/.venv/lib/python3.11/site-packages/airflow/example_dags/example_branch_day_of_week_operator.py took 0.122 seconds
[2024-04-26T05:33:01.077-0300] {processor.py:161} INFO - Started process (PID=9833) to work on /home/athlon/projects/airflow/.venv/lib/python3.11/site-packages/airflow/example_dags/example_branch_day_of_week_operator.py
[2024-04-26T05:33:01.082-0300] {processor.py:830} INFO - Processing file /home/athlon/projects/airflow/.venv/lib/python3.11/site-packages/airflow/example_dags/example_branch_day_of_week_operator.py for tasks to queue
[2024-04-26T05:33:01.085-0300] {logging_mixin.py:188} INFO - [2024-04-26T05:33:01.085-0300] {dagbag.py:540} INFO - Filling up the DagBag from /home/athlon/projects/airflow/.venv/lib/python3.11/site-packages/airflow/example_dags/example_branch_day_of_week_operator.py
[2024-04-26T05:33:01.097-0300] {processor.py:840} INFO - DAG(s) 'example_weekday_branch_operator' retrieved from /home/athlon/projects/airflow/.venv/lib/python3.11/site-packages/airflow/example_dags/example_branch_day_of_week_operator.py
[2024-04-26T05:33:01.122-0300] {logging_mixin.py:188} INFO - [2024-04-26T05:33:01.121-0300] {dag.py:3096} INFO - Sync 1 DAGs
[2024-04-26T05:33:01.150-0300] {logging_mixin.py:188} INFO - [2024-04-26T05:33:01.149-0300] {dag.py:3954} INFO - Setting next_dagrun for example_weekday_branch_operator to 2024-04-25 00:00:00+00:00, run_after=2024-04-26 00:00:00+00:00
[2024-04-26T05:33:01.179-0300] {processor.py:183} INFO - Processing /home/athlon/projects/airflow/.venv/lib/python3.11/site-packages/airflow/example_dags/example_branch_day_of_week_operator.py took 0.115 seconds
[2024-04-26T05:34:02.545-0300] {processor.py:161} INFO - Started process (PID=9902) to work on /home/athlon/projects/airflow/.venv/lib/python3.11/site-packages/airflow/example_dags/example_branch_day_of_week_operator.py
[2024-04-26T05:34:02.551-0300] {processor.py:830} INFO - Processing file /home/athlon/projects/airflow/.venv/lib/python3.11/site-packages/airflow/example_dags/example_branch_day_of_week_operator.py for tasks to queue
[2024-04-26T05:34:02.553-0300] {logging_mixin.py:188} INFO - [2024-04-26T05:34:02.553-0300] {dagbag.py:540} INFO - Filling up the DagBag from /home/athlon/projects/airflow/.venv/lib/python3.11/site-packages/airflow/example_dags/example_branch_day_of_week_operator.py
[2024-04-26T05:34:02.565-0300] {processor.py:840} INFO - DAG(s) 'example_weekday_branch_operator' retrieved from /home/athlon/projects/airflow/.venv/lib/python3.11/site-packages/airflow/example_dags/example_branch_day_of_week_operator.py
[2024-04-26T05:34:02.589-0300] {logging_mixin.py:188} INFO - [2024-04-26T05:34:02.589-0300] {dag.py:3096} INFO - Sync 1 DAGs
[2024-04-26T05:34:02.617-0300] {logging_mixin.py:188} INFO - [2024-04-26T05:34:02.617-0300] {dag.py:3954} INFO - Setting next_dagrun for example_weekday_branch_operator to 2024-04-25 00:00:00+00:00, run_after=2024-04-26 00:00:00+00:00
[2024-04-26T05:34:02.647-0300] {processor.py:183} INFO - Processing /home/athlon/projects/airflow/.venv/lib/python3.11/site-packages/airflow/example_dags/example_branch_day_of_week_operator.py took 0.111 seconds
[2024-04-26T05:34:57.335-0300] {processor.py:161} INFO - Started process (PID=9956) to work on /home/athlon/projects/airflow/.venv/lib/python3.11/site-packages/airflow/example_dags/example_branch_day_of_week_operator.py
[2024-04-26T05:34:57.341-0300] {processor.py:830} INFO - Processing file /home/athlon/projects/airflow/.venv/lib/python3.11/site-packages/airflow/example_dags/example_branch_day_of_week_operator.py for tasks to queue
[2024-04-26T05:34:57.344-0300] {logging_mixin.py:188} INFO - [2024-04-26T05:34:57.343-0300] {dagbag.py:540} INFO - Filling up the DagBag from /home/athlon/projects/airflow/.venv/lib/python3.11/site-packages/airflow/example_dags/example_branch_day_of_week_operator.py
[2024-04-26T05:34:57.357-0300] {processor.py:840} INFO - DAG(s) 'example_weekday_branch_operator' retrieved from /home/athlon/projects/airflow/.venv/lib/python3.11/site-packages/airflow/example_dags/example_branch_day_of_week_operator.py
[2024-04-26T05:34:57.384-0300] {logging_mixin.py:188} INFO - [2024-04-26T05:34:57.383-0300] {dag.py:3096} INFO - Sync 1 DAGs
[2024-04-26T05:34:57.413-0300] {logging_mixin.py:188} INFO - [2024-04-26T05:34:57.412-0300] {dag.py:3954} INFO - Setting next_dagrun for example_weekday_branch_operator to 2024-04-25 00:00:00+00:00, run_after=2024-04-26 00:00:00+00:00
[2024-04-26T05:34:57.443-0300] {processor.py:183} INFO - Processing /home/athlon/projects/airflow/.venv/lib/python3.11/site-packages/airflow/example_dags/example_branch_day_of_week_operator.py took 0.118 seconds
[2024-04-26T05:36:20.360-0300] {processor.py:161} INFO - Started process (PID=10031) to work on /home/athlon/projects/airflow/.venv/lib/python3.11/site-packages/airflow/example_dags/example_branch_day_of_week_operator.py
[2024-04-26T05:36:20.366-0300] {processor.py:830} INFO - Processing file /home/athlon/projects/airflow/.venv/lib/python3.11/site-packages/airflow/example_dags/example_branch_day_of_week_operator.py for tasks to queue
[2024-04-26T05:36:20.368-0300] {logging_mixin.py:188} INFO - [2024-04-26T05:36:20.368-0300] {dagbag.py:540} INFO - Filling up the DagBag from /home/athlon/projects/airflow/.venv/lib/python3.11/site-packages/airflow/example_dags/example_branch_day_of_week_operator.py
[2024-04-26T05:36:20.379-0300] {processor.py:840} INFO - DAG(s) 'example_weekday_branch_operator' retrieved from /home/athlon/projects/airflow/.venv/lib/python3.11/site-packages/airflow/example_dags/example_branch_day_of_week_operator.py
[2024-04-26T05:36:20.403-0300] {logging_mixin.py:188} INFO - [2024-04-26T05:36:20.402-0300] {dag.py:3096} INFO - Sync 1 DAGs
[2024-04-26T05:36:20.431-0300] {logging_mixin.py:188} INFO - [2024-04-26T05:36:20.431-0300] {dag.py:3954} INFO - Setting next_dagrun for example_weekday_branch_operator to 2024-04-25 00:00:00+00:00, run_after=2024-04-26 00:00:00+00:00
[2024-04-26T05:36:20.461-0300] {processor.py:183} INFO - Processing /home/athlon/projects/airflow/.venv/lib/python3.11/site-packages/airflow/example_dags/example_branch_day_of_week_operator.py took 0.110 seconds
[2024-04-26T05:37:16.443-0300] {processor.py:161} INFO - Started process (PID=10084) to work on /home/athlon/projects/airflow/.venv/lib/python3.11/site-packages/airflow/example_dags/example_branch_day_of_week_operator.py
[2024-04-26T05:37:16.449-0300] {processor.py:830} INFO - Processing file /home/athlon/projects/airflow/.venv/lib/python3.11/site-packages/airflow/example_dags/example_branch_day_of_week_operator.py for tasks to queue
[2024-04-26T05:37:16.451-0300] {logging_mixin.py:188} INFO - [2024-04-26T05:37:16.451-0300] {dagbag.py:540} INFO - Filling up the DagBag from /home/athlon/projects/airflow/.venv/lib/python3.11/site-packages/airflow/example_dags/example_branch_day_of_week_operator.py
[2024-04-26T05:37:16.465-0300] {processor.py:840} INFO - DAG(s) 'example_weekday_branch_operator' retrieved from /home/athlon/projects/airflow/.venv/lib/python3.11/site-packages/airflow/example_dags/example_branch_day_of_week_operator.py
[2024-04-26T05:37:16.491-0300] {logging_mixin.py:188} INFO - [2024-04-26T05:37:16.491-0300] {dag.py:3096} INFO - Sync 1 DAGs
[2024-04-26T05:37:16.523-0300] {logging_mixin.py:188} INFO - [2024-04-26T05:37:16.523-0300] {dag.py:3954} INFO - Setting next_dagrun for example_weekday_branch_operator to 2024-04-25 00:00:00+00:00, run_after=2024-04-26 00:00:00+00:00
[2024-04-26T05:37:16.554-0300] {processor.py:183} INFO - Processing /home/athlon/projects/airflow/.venv/lib/python3.11/site-packages/airflow/example_dags/example_branch_day_of_week_operator.py took 0.121 seconds
[2024-04-26T05:38:13.183-0300] {processor.py:161} INFO - Started process (PID=10138) to work on /home/athlon/projects/airflow/.venv/lib/python3.11/site-packages/airflow/example_dags/example_branch_day_of_week_operator.py
[2024-04-26T05:38:13.189-0300] {processor.py:830} INFO - Processing file /home/athlon/projects/airflow/.venv/lib/python3.11/site-packages/airflow/example_dags/example_branch_day_of_week_operator.py for tasks to queue
[2024-04-26T05:38:13.191-0300] {logging_mixin.py:188} INFO - [2024-04-26T05:38:13.191-0300] {dagbag.py:540} INFO - Filling up the DagBag from /home/athlon/projects/airflow/.venv/lib/python3.11/site-packages/airflow/example_dags/example_branch_day_of_week_operator.py
[2024-04-26T05:38:13.205-0300] {processor.py:840} INFO - DAG(s) 'example_weekday_branch_operator' retrieved from /home/athlon/projects/airflow/.venv/lib/python3.11/site-packages/airflow/example_dags/example_branch_day_of_week_operator.py
[2024-04-26T05:38:13.230-0300] {logging_mixin.py:188} INFO - [2024-04-26T05:38:13.230-0300] {dag.py:3096} INFO - Sync 1 DAGs
[2024-04-26T05:38:13.260-0300] {logging_mixin.py:188} INFO - [2024-04-26T05:38:13.259-0300] {dag.py:3954} INFO - Setting next_dagrun for example_weekday_branch_operator to 2024-04-25 00:00:00+00:00, run_after=2024-04-26 00:00:00+00:00
[2024-04-26T05:38:13.289-0300] {processor.py:183} INFO - Processing /home/athlon/projects/airflow/.venv/lib/python3.11/site-packages/airflow/example_dags/example_branch_day_of_week_operator.py took 0.117 seconds
[2024-04-26T05:39:13.879-0300] {processor.py:161} INFO - Started process (PID=10222) to work on /home/athlon/projects/airflow/.venv/lib/python3.11/site-packages/airflow/example_dags/example_branch_day_of_week_operator.py
[2024-04-26T05:39:13.884-0300] {processor.py:830} INFO - Processing file /home/athlon/projects/airflow/.venv/lib/python3.11/site-packages/airflow/example_dags/example_branch_day_of_week_operator.py for tasks to queue
[2024-04-26T05:39:13.887-0300] {logging_mixin.py:188} INFO - [2024-04-26T05:39:13.887-0300] {dagbag.py:540} INFO - Filling up the DagBag from /home/athlon/projects/airflow/.venv/lib/python3.11/site-packages/airflow/example_dags/example_branch_day_of_week_operator.py
[2024-04-26T05:39:13.901-0300] {processor.py:840} INFO - DAG(s) 'example_weekday_branch_operator' retrieved from /home/athlon/projects/airflow/.venv/lib/python3.11/site-packages/airflow/example_dags/example_branch_day_of_week_operator.py
[2024-04-26T05:39:13.926-0300] {logging_mixin.py:188} INFO - [2024-04-26T05:39:13.926-0300] {dag.py:3096} INFO - Sync 1 DAGs
[2024-04-26T05:39:13.958-0300] {logging_mixin.py:188} INFO - [2024-04-26T05:39:13.958-0300] {dag.py:3954} INFO - Setting next_dagrun for example_weekday_branch_operator to 2024-04-25 00:00:00+00:00, run_after=2024-04-26 00:00:00+00:00
[2024-04-26T05:39:13.989-0300] {processor.py:183} INFO - Processing /home/athlon/projects/airflow/.venv/lib/python3.11/site-packages/airflow/example_dags/example_branch_day_of_week_operator.py took 0.122 seconds
[2024-04-26T05:40:13.392-0300] {processor.py:161} INFO - Started process (PID=10278) to work on /home/athlon/projects/airflow/.venv/lib/python3.11/site-packages/airflow/example_dags/example_branch_day_of_week_operator.py
[2024-04-26T05:40:13.398-0300] {processor.py:830} INFO - Processing file /home/athlon/projects/airflow/.venv/lib/python3.11/site-packages/airflow/example_dags/example_branch_day_of_week_operator.py for tasks to queue
[2024-04-26T05:40:13.400-0300] {logging_mixin.py:188} INFO - [2024-04-26T05:40:13.400-0300] {dagbag.py:540} INFO - Filling up the DagBag from /home/athlon/projects/airflow/.venv/lib/python3.11/site-packages/airflow/example_dags/example_branch_day_of_week_operator.py
[2024-04-26T05:40:13.414-0300] {processor.py:840} INFO - DAG(s) 'example_weekday_branch_operator' retrieved from /home/athlon/projects/airflow/.venv/lib/python3.11/site-packages/airflow/example_dags/example_branch_day_of_week_operator.py
[2024-04-26T05:40:13.442-0300] {logging_mixin.py:188} INFO - [2024-04-26T05:40:13.441-0300] {dag.py:3096} INFO - Sync 1 DAGs
[2024-04-26T05:40:13.471-0300] {logging_mixin.py:188} INFO - [2024-04-26T05:40:13.470-0300] {dag.py:3954} INFO - Setting next_dagrun for example_weekday_branch_operator to 2024-04-25 00:00:00+00:00, run_after=2024-04-26 00:00:00+00:00
[2024-04-26T05:40:13.501-0300] {processor.py:183} INFO - Processing /home/athlon/projects/airflow/.venv/lib/python3.11/site-packages/airflow/example_dags/example_branch_day_of_week_operator.py took 0.119 seconds
[2024-04-26T05:41:14.387-0300] {processor.py:161} INFO - Started process (PID=10331) to work on /home/athlon/projects/airflow/.venv/lib/python3.11/site-packages/airflow/example_dags/example_branch_day_of_week_operator.py
[2024-04-26T05:41:14.393-0300] {processor.py:830} INFO - Processing file /home/athlon/projects/airflow/.venv/lib/python3.11/site-packages/airflow/example_dags/example_branch_day_of_week_operator.py for tasks to queue
[2024-04-26T05:41:14.396-0300] {logging_mixin.py:188} INFO - [2024-04-26T05:41:14.395-0300] {dagbag.py:540} INFO - Filling up the DagBag from /home/athlon/projects/airflow/.venv/lib/python3.11/site-packages/airflow/example_dags/example_branch_day_of_week_operator.py
[2024-04-26T05:41:14.409-0300] {processor.py:840} INFO - DAG(s) 'example_weekday_branch_operator' retrieved from /home/athlon/projects/airflow/.venv/lib/python3.11/site-packages/airflow/example_dags/example_branch_day_of_week_operator.py
[2024-04-26T05:41:14.435-0300] {logging_mixin.py:188} INFO - [2024-04-26T05:41:14.434-0300] {dag.py:3096} INFO - Sync 1 DAGs
[2024-04-26T05:41:14.467-0300] {logging_mixin.py:188} INFO - [2024-04-26T05:41:14.466-0300] {dag.py:3954} INFO - Setting next_dagrun for example_weekday_branch_operator to 2024-04-25 00:00:00+00:00, run_after=2024-04-26 00:00:00+00:00
[2024-04-26T05:41:14.498-0300] {processor.py:183} INFO - Processing /home/athlon/projects/airflow/.venv/lib/python3.11/site-packages/airflow/example_dags/example_branch_day_of_week_operator.py took 0.122 seconds
[2024-04-26T05:42:15.374-0300] {processor.py:161} INFO - Started process (PID=10383) to work on /home/athlon/projects/airflow/.venv/lib/python3.11/site-packages/airflow/example_dags/example_branch_day_of_week_operator.py
[2024-04-26T05:42:15.380-0300] {processor.py:830} INFO - Processing file /home/athlon/projects/airflow/.venv/lib/python3.11/site-packages/airflow/example_dags/example_branch_day_of_week_operator.py for tasks to queue
[2024-04-26T05:42:15.382-0300] {logging_mixin.py:188} INFO - [2024-04-26T05:42:15.381-0300] {dagbag.py:540} INFO - Filling up the DagBag from /home/athlon/projects/airflow/.venv/lib/python3.11/site-packages/airflow/example_dags/example_branch_day_of_week_operator.py
[2024-04-26T05:42:15.393-0300] {processor.py:840} INFO - DAG(s) 'example_weekday_branch_operator' retrieved from /home/athlon/projects/airflow/.venv/lib/python3.11/site-packages/airflow/example_dags/example_branch_day_of_week_operator.py
[2024-04-26T05:42:15.416-0300] {logging_mixin.py:188} INFO - [2024-04-26T05:42:15.416-0300] {dag.py:3096} INFO - Sync 1 DAGs
[2024-04-26T05:42:15.445-0300] {logging_mixin.py:188} INFO - [2024-04-26T05:42:15.445-0300] {dag.py:3954} INFO - Setting next_dagrun for example_weekday_branch_operator to 2024-04-25 00:00:00+00:00, run_after=2024-04-26 00:00:00+00:00
[2024-04-26T05:42:15.475-0300] {processor.py:183} INFO - Processing /home/athlon/projects/airflow/.venv/lib/python3.11/site-packages/airflow/example_dags/example_branch_day_of_week_operator.py took 0.109 seconds
[2024-04-26T05:43:19.080-0300] {processor.py:161} INFO - Started process (PID=10439) to work on /home/athlon/projects/airflow/.venv/lib/python3.11/site-packages/airflow/example_dags/example_branch_day_of_week_operator.py
[2024-04-26T05:43:19.085-0300] {processor.py:830} INFO - Processing file /home/athlon/projects/airflow/.venv/lib/python3.11/site-packages/airflow/example_dags/example_branch_day_of_week_operator.py for tasks to queue
[2024-04-26T05:43:19.088-0300] {logging_mixin.py:188} INFO - [2024-04-26T05:43:19.087-0300] {dagbag.py:540} INFO - Filling up the DagBag from /home/athlon/projects/airflow/.venv/lib/python3.11/site-packages/airflow/example_dags/example_branch_day_of_week_operator.py
[2024-04-26T05:43:19.101-0300] {processor.py:840} INFO - DAG(s) 'example_weekday_branch_operator' retrieved from /home/athlon/projects/airflow/.venv/lib/python3.11/site-packages/airflow/example_dags/example_branch_day_of_week_operator.py
[2024-04-26T05:43:19.129-0300] {logging_mixin.py:188} INFO - [2024-04-26T05:43:19.128-0300] {dag.py:3096} INFO - Sync 1 DAGs
[2024-04-26T05:43:19.157-0300] {logging_mixin.py:188} INFO - [2024-04-26T05:43:19.157-0300] {dag.py:3954} INFO - Setting next_dagrun for example_weekday_branch_operator to 2024-04-25 00:00:00+00:00, run_after=2024-04-26 00:00:00+00:00
[2024-04-26T05:43:19.187-0300] {processor.py:183} INFO - Processing /home/athlon/projects/airflow/.venv/lib/python3.11/site-packages/airflow/example_dags/example_branch_day_of_week_operator.py took 0.118 seconds
[2024-04-26T05:44:15.479-0300] {processor.py:161} INFO - Started process (PID=10494) to work on /home/athlon/projects/airflow/.venv/lib/python3.11/site-packages/airflow/example_dags/example_branch_day_of_week_operator.py
[2024-04-26T05:44:15.485-0300] {processor.py:830} INFO - Processing file /home/athlon/projects/airflow/.venv/lib/python3.11/site-packages/airflow/example_dags/example_branch_day_of_week_operator.py for tasks to queue
[2024-04-26T05:44:15.488-0300] {logging_mixin.py:188} INFO - [2024-04-26T05:44:15.487-0300] {dagbag.py:540} INFO - Filling up the DagBag from /home/athlon/projects/airflow/.venv/lib/python3.11/site-packages/airflow/example_dags/example_branch_day_of_week_operator.py
[2024-04-26T05:44:15.501-0300] {processor.py:840} INFO - DAG(s) 'example_weekday_branch_operator' retrieved from /home/athlon/projects/airflow/.venv/lib/python3.11/site-packages/airflow/example_dags/example_branch_day_of_week_operator.py
[2024-04-26T05:44:15.527-0300] {logging_mixin.py:188} INFO - [2024-04-26T05:44:15.526-0300] {dag.py:3096} INFO - Sync 1 DAGs
[2024-04-26T05:44:15.561-0300] {logging_mixin.py:188} INFO - [2024-04-26T05:44:15.560-0300] {dag.py:3954} INFO - Setting next_dagrun for example_weekday_branch_operator to 2024-04-25 00:00:00+00:00, run_after=2024-04-26 00:00:00+00:00
[2024-04-26T05:44:15.590-0300] {processor.py:183} INFO - Processing /home/athlon/projects/airflow/.venv/lib/python3.11/site-packages/airflow/example_dags/example_branch_day_of_week_operator.py took 0.122 seconds
[2024-04-26T05:45:40.368-0300] {processor.py:161} INFO - Started process (PID=10568) to work on /home/athlon/projects/airflow/.venv/lib/python3.11/site-packages/airflow/example_dags/example_branch_day_of_week_operator.py
[2024-04-26T05:45:40.373-0300] {processor.py:830} INFO - Processing file /home/athlon/projects/airflow/.venv/lib/python3.11/site-packages/airflow/example_dags/example_branch_day_of_week_operator.py for tasks to queue
[2024-04-26T05:45:40.376-0300] {logging_mixin.py:188} INFO - [2024-04-26T05:45:40.376-0300] {dagbag.py:540} INFO - Filling up the DagBag from /home/athlon/projects/airflow/.venv/lib/python3.11/site-packages/airflow/example_dags/example_branch_day_of_week_operator.py
[2024-04-26T05:45:40.389-0300] {processor.py:840} INFO - DAG(s) 'example_weekday_branch_operator' retrieved from /home/athlon/projects/airflow/.venv/lib/python3.11/site-packages/airflow/example_dags/example_branch_day_of_week_operator.py
[2024-04-26T05:45:40.415-0300] {logging_mixin.py:188} INFO - [2024-04-26T05:45:40.414-0300] {dag.py:3096} INFO - Sync 1 DAGs
[2024-04-26T05:45:40.443-0300] {logging_mixin.py:188} INFO - [2024-04-26T05:45:40.443-0300] {dag.py:3954} INFO - Setting next_dagrun for example_weekday_branch_operator to 2024-04-25 00:00:00+00:00, run_after=2024-04-26 00:00:00+00:00
[2024-04-26T05:45:40.473-0300] {processor.py:183} INFO - Processing /home/athlon/projects/airflow/.venv/lib/python3.11/site-packages/airflow/example_dags/example_branch_day_of_week_operator.py took 0.116 seconds
[2024-04-26T05:46:40.000-0300] {processor.py:161} INFO - Started process (PID=10624) to work on /home/athlon/projects/airflow/.venv/lib/python3.11/site-packages/airflow/example_dags/example_branch_day_of_week_operator.py
[2024-04-26T05:46:40.006-0300] {processor.py:830} INFO - Processing file /home/athlon/projects/airflow/.venv/lib/python3.11/site-packages/airflow/example_dags/example_branch_day_of_week_operator.py for tasks to queue
[2024-04-26T05:46:40.008-0300] {logging_mixin.py:188} INFO - [2024-04-26T05:46:40.007-0300] {dagbag.py:540} INFO - Filling up the DagBag from /home/athlon/projects/airflow/.venv/lib/python3.11/site-packages/airflow/example_dags/example_branch_day_of_week_operator.py
[2024-04-26T05:46:40.020-0300] {processor.py:840} INFO - DAG(s) 'example_weekday_branch_operator' retrieved from /home/athlon/projects/airflow/.venv/lib/python3.11/site-packages/airflow/example_dags/example_branch_day_of_week_operator.py
[2024-04-26T05:46:40.044-0300] {logging_mixin.py:188} INFO - [2024-04-26T05:46:40.044-0300] {dag.py:3096} INFO - Sync 1 DAGs
[2024-04-26T05:46:40.073-0300] {logging_mixin.py:188} INFO - [2024-04-26T05:46:40.073-0300] {dag.py:3954} INFO - Setting next_dagrun for example_weekday_branch_operator to 2024-04-25 00:00:00+00:00, run_after=2024-04-26 00:00:00+00:00
[2024-04-26T05:46:40.107-0300] {processor.py:183} INFO - Processing /home/athlon/projects/airflow/.venv/lib/python3.11/site-packages/airflow/example_dags/example_branch_day_of_week_operator.py took 0.117 seconds
[2024-04-26T05:47:58.804-0300] {processor.py:161} INFO - Started process (PID=10732) to work on /home/athlon/projects/airflow/.venv/lib/python3.11/site-packages/airflow/example_dags/example_branch_day_of_week_operator.py
[2024-04-26T05:47:58.809-0300] {processor.py:830} INFO - Processing file /home/athlon/projects/airflow/.venv/lib/python3.11/site-packages/airflow/example_dags/example_branch_day_of_week_operator.py for tasks to queue
[2024-04-26T05:47:58.815-0300] {logging_mixin.py:188} INFO - [2024-04-26T05:47:58.813-0300] {dagbag.py:540} INFO - Filling up the DagBag from /home/athlon/projects/airflow/.venv/lib/python3.11/site-packages/airflow/example_dags/example_branch_day_of_week_operator.py
[2024-04-26T05:47:58.831-0300] {processor.py:840} INFO - DAG(s) 'example_weekday_branch_operator' retrieved from /home/athlon/projects/airflow/.venv/lib/python3.11/site-packages/airflow/example_dags/example_branch_day_of_week_operator.py
[2024-04-26T05:47:58.856-0300] {logging_mixin.py:188} INFO - [2024-04-26T05:47:58.856-0300] {dag.py:3096} INFO - Sync 1 DAGs
[2024-04-26T05:47:58.894-0300] {logging_mixin.py:188} INFO - [2024-04-26T05:47:58.894-0300] {dag.py:3954} INFO - Setting next_dagrun for example_weekday_branch_operator to 2024-04-25 00:00:00+00:00, run_after=2024-04-26 00:00:00+00:00
[2024-04-26T05:47:58.928-0300] {processor.py:183} INFO - Processing /home/athlon/projects/airflow/.venv/lib/python3.11/site-packages/airflow/example_dags/example_branch_day_of_week_operator.py took 0.133 seconds
[2024-04-26T05:49:00.175-0300] {processor.py:161} INFO - Started process (PID=10818) to work on /home/athlon/projects/airflow/.venv/lib/python3.11/site-packages/airflow/example_dags/example_branch_day_of_week_operator.py
[2024-04-26T05:49:00.180-0300] {processor.py:830} INFO - Processing file /home/athlon/projects/airflow/.venv/lib/python3.11/site-packages/airflow/example_dags/example_branch_day_of_week_operator.py for tasks to queue
[2024-04-26T05:49:00.185-0300] {logging_mixin.py:188} INFO - [2024-04-26T05:49:00.184-0300] {dagbag.py:540} INFO - Filling up the DagBag from /home/athlon/projects/airflow/.venv/lib/python3.11/site-packages/airflow/example_dags/example_branch_day_of_week_operator.py
[2024-04-26T05:49:00.198-0300] {processor.py:840} INFO - DAG(s) 'example_weekday_branch_operator' retrieved from /home/athlon/projects/airflow/.venv/lib/python3.11/site-packages/airflow/example_dags/example_branch_day_of_week_operator.py
[2024-04-26T05:49:00.226-0300] {logging_mixin.py:188} INFO - [2024-04-26T05:49:00.226-0300] {dag.py:3096} INFO - Sync 1 DAGs
[2024-04-26T05:49:00.259-0300] {logging_mixin.py:188} INFO - [2024-04-26T05:49:00.258-0300] {dag.py:3954} INFO - Setting next_dagrun for example_weekday_branch_operator to 2024-04-25 00:00:00+00:00, run_after=2024-04-26 00:00:00+00:00
[2024-04-26T05:49:00.288-0300] {processor.py:183} INFO - Processing /home/athlon/projects/airflow/.venv/lib/python3.11/site-packages/airflow/example_dags/example_branch_day_of_week_operator.py took 0.124 seconds
[2024-04-26T05:50:01.842-0300] {processor.py:161} INFO - Started process (PID=10903) to work on /home/athlon/projects/airflow/.venv/lib/python3.11/site-packages/airflow/example_dags/example_branch_day_of_week_operator.py
[2024-04-26T05:50:01.844-0300] {processor.py:830} INFO - Processing file /home/athlon/projects/airflow/.venv/lib/python3.11/site-packages/airflow/example_dags/example_branch_day_of_week_operator.py for tasks to queue
[2024-04-26T05:50:01.847-0300] {logging_mixin.py:188} INFO - [2024-04-26T05:50:01.846-0300] {dagbag.py:540} INFO - Filling up the DagBag from /home/athlon/projects/airflow/.venv/lib/python3.11/site-packages/airflow/example_dags/example_branch_day_of_week_operator.py
[2024-04-26T05:50:01.861-0300] {processor.py:840} INFO - DAG(s) 'example_weekday_branch_operator' retrieved from /home/athlon/projects/airflow/.venv/lib/python3.11/site-packages/airflow/example_dags/example_branch_day_of_week_operator.py
[2024-04-26T05:50:01.889-0300] {logging_mixin.py:188} INFO - [2024-04-26T05:50:01.888-0300] {dag.py:3096} INFO - Sync 1 DAGs
[2024-04-26T05:50:01.924-0300] {logging_mixin.py:188} INFO - [2024-04-26T05:50:01.923-0300] {dag.py:3954} INFO - Setting next_dagrun for example_weekday_branch_operator to 2024-04-25 00:00:00+00:00, run_after=2024-04-26 00:00:00+00:00
[2024-04-26T05:50:01.957-0300] {processor.py:183} INFO - Processing /home/athlon/projects/airflow/.venv/lib/python3.11/site-packages/airflow/example_dags/example_branch_day_of_week_operator.py took 0.124 seconds
[2024-04-26T05:51:34.634-0300] {processor.py:161} INFO - Started process (PID=10996) to work on /home/athlon/projects/airflow/.venv/lib/python3.11/site-packages/airflow/example_dags/example_branch_day_of_week_operator.py
[2024-04-26T05:51:34.637-0300] {processor.py:830} INFO - Processing file /home/athlon/projects/airflow/.venv/lib/python3.11/site-packages/airflow/example_dags/example_branch_day_of_week_operator.py for tasks to queue
[2024-04-26T05:51:34.643-0300] {logging_mixin.py:188} INFO - [2024-04-26T05:51:34.642-0300] {dagbag.py:540} INFO - Filling up the DagBag from /home/athlon/projects/airflow/.venv/lib/python3.11/site-packages/airflow/example_dags/example_branch_day_of_week_operator.py
[2024-04-26T05:51:34.675-0300] {processor.py:840} INFO - DAG(s) 'example_weekday_branch_operator' retrieved from /home/athlon/projects/airflow/.venv/lib/python3.11/site-packages/airflow/example_dags/example_branch_day_of_week_operator.py
[2024-04-26T05:51:34.717-0300] {logging_mixin.py:188} INFO - [2024-04-26T05:51:34.716-0300] {dag.py:3096} INFO - Sync 1 DAGs
[2024-04-26T05:51:34.786-0300] {logging_mixin.py:188} INFO - [2024-04-26T05:51:34.785-0300] {dag.py:3954} INFO - Setting next_dagrun for example_weekday_branch_operator to 2024-04-25 00:00:00+00:00, run_after=2024-04-26 00:00:00+00:00
[2024-04-26T05:51:34.845-0300] {processor.py:183} INFO - Processing /home/athlon/projects/airflow/.venv/lib/python3.11/site-packages/airflow/example_dags/example_branch_day_of_week_operator.py took 0.226 seconds
[2024-04-26T05:52:42.789-0300] {processor.py:161} INFO - Started process (PID=11059) to work on /home/athlon/projects/airflow/.venv/lib/python3.11/site-packages/airflow/example_dags/example_branch_day_of_week_operator.py
[2024-04-26T05:52:42.791-0300] {processor.py:830} INFO - Processing file /home/athlon/projects/airflow/.venv/lib/python3.11/site-packages/airflow/example_dags/example_branch_day_of_week_operator.py for tasks to queue
[2024-04-26T05:52:42.802-0300] {logging_mixin.py:188} INFO - [2024-04-26T05:52:42.801-0300] {dagbag.py:540} INFO - Filling up the DagBag from /home/athlon/projects/airflow/.venv/lib/python3.11/site-packages/airflow/example_dags/example_branch_day_of_week_operator.py
[2024-04-26T05:52:42.821-0300] {processor.py:840} INFO - DAG(s) 'example_weekday_branch_operator' retrieved from /home/athlon/projects/airflow/.venv/lib/python3.11/site-packages/airflow/example_dags/example_branch_day_of_week_operator.py
[2024-04-26T05:52:42.857-0300] {logging_mixin.py:188} INFO - [2024-04-26T05:52:42.857-0300] {dag.py:3096} INFO - Sync 1 DAGs
[2024-04-26T05:52:42.908-0300] {logging_mixin.py:188} INFO - [2024-04-26T05:52:42.907-0300] {dag.py:3954} INFO - Setting next_dagrun for example_weekday_branch_operator to 2024-04-25 00:00:00+00:00, run_after=2024-04-26 00:00:00+00:00
[2024-04-26T05:52:42.969-0300] {processor.py:183} INFO - Processing /home/athlon/projects/airflow/.venv/lib/python3.11/site-packages/airflow/example_dags/example_branch_day_of_week_operator.py took 0.196 seconds
