[2024-04-26T05:29:00.812-0300] {processor.py:161} INFO - Started process (PID=9601) to work on /home/athlon/projects/airflow/.venv/lib/python3.11/site-packages/airflow/example_dags/example_dag_decorator.py
[2024-04-26T05:29:00.813-0300] {processor.py:830} INFO - Processing file /home/athlon/projects/airflow/.venv/lib/python3.11/site-packages/airflow/example_dags/example_dag_decorator.py for tasks to queue
[2024-04-26T05:29:00.816-0300] {logging_mixin.py:188} INFO - [2024-04-26T05:29:00.815-0300] {dagbag.py:540} INFO - Filling up the DagBag from /home/athlon/projects/airflow/.venv/lib/python3.11/site-packages/airflow/example_dags/example_dag_decorator.py
[2024-04-26T05:29:00.988-0300] {processor.py:840} INFO - DAG(s) 'example_dag_decorator' retrieved from /home/athlon/projects/airflow/.venv/lib/python3.11/site-packages/airflow/example_dags/example_dag_decorator.py
[2024-04-26T05:29:01.145-0300] {logging_mixin.py:188} INFO - [2024-04-26T05:29:01.144-0300] {override.py:1829} INFO - Created Permission View: can edit on DAG:example_dag_decorator
[2024-04-26T05:29:01.160-0300] {logging_mixin.py:188} INFO - [2024-04-26T05:29:01.160-0300] {override.py:1829} INFO - Created Permission View: can delete on DAG:example_dag_decorator
[2024-04-26T05:29:01.170-0300] {logging_mixin.py:188} INFO - [2024-04-26T05:29:01.170-0300] {override.py:1829} INFO - Created Permission View: can read on DAG:example_dag_decorator
[2024-04-26T05:29:01.171-0300] {logging_mixin.py:188} INFO - [2024-04-26T05:29:01.170-0300] {dag.py:3096} INFO - Sync 1 DAGs
[2024-04-26T05:29:01.186-0300] {logging_mixin.py:188} INFO - [2024-04-26T05:29:01.186-0300] {dag.py:3118} INFO - Creating ORM DAG for example_dag_decorator
[2024-04-26T05:29:01.187-0300] {logging_mixin.py:188} INFO - [2024-04-26T05:29:01.187-0300] {dag.py:3954} INFO - Setting next_dagrun for example_dag_decorator to None, run_after=None
[2024-04-26T05:29:01.215-0300] {processor.py:183} INFO - Processing /home/athlon/projects/airflow/.venv/lib/python3.11/site-packages/airflow/example_dags/example_dag_decorator.py took 0.413 seconds
[2024-04-26T05:30:07.501-0300] {processor.py:161} INFO - Started process (PID=9672) to work on /home/athlon/projects/airflow/.venv/lib/python3.11/site-packages/airflow/example_dags/example_dag_decorator.py
[2024-04-26T05:30:07.507-0300] {processor.py:830} INFO - Processing file /home/athlon/projects/airflow/.venv/lib/python3.11/site-packages/airflow/example_dags/example_dag_decorator.py for tasks to queue
[2024-04-26T05:30:07.510-0300] {logging_mixin.py:188} INFO - [2024-04-26T05:30:07.509-0300] {dagbag.py:540} INFO - Filling up the DagBag from /home/athlon/projects/airflow/.venv/lib/python3.11/site-packages/airflow/example_dags/example_dag_decorator.py
[2024-04-26T05:30:07.665-0300] {processor.py:840} INFO - DAG(s) 'example_dag_decorator' retrieved from /home/athlon/projects/airflow/.venv/lib/python3.11/site-packages/airflow/example_dags/example_dag_decorator.py
[2024-04-26T05:30:07.812-0300] {logging_mixin.py:188} INFO - [2024-04-26T05:30:07.811-0300] {dag.py:3096} INFO - Sync 1 DAGs
[2024-04-26T05:30:07.825-0300] {logging_mixin.py:188} INFO - [2024-04-26T05:30:07.824-0300] {dag.py:3954} INFO - Setting next_dagrun for example_dag_decorator to None, run_after=None
[2024-04-26T05:30:07.860-0300] {processor.py:183} INFO - Processing /home/athlon/projects/airflow/.venv/lib/python3.11/site-packages/airflow/example_dags/example_dag_decorator.py took 0.369 seconds
[2024-04-26T05:31:05.747-0300] {processor.py:161} INFO - Started process (PID=9724) to work on /home/athlon/projects/airflow/.venv/lib/python3.11/site-packages/airflow/example_dags/example_dag_decorator.py
[2024-04-26T05:31:05.753-0300] {processor.py:830} INFO - Processing file /home/athlon/projects/airflow/.venv/lib/python3.11/site-packages/airflow/example_dags/example_dag_decorator.py for tasks to queue
[2024-04-26T05:31:05.755-0300] {logging_mixin.py:188} INFO - [2024-04-26T05:31:05.755-0300] {dagbag.py:540} INFO - Filling up the DagBag from /home/athlon/projects/airflow/.venv/lib/python3.11/site-packages/airflow/example_dags/example_dag_decorator.py
[2024-04-26T05:31:05.879-0300] {processor.py:840} INFO - DAG(s) 'example_dag_decorator' retrieved from /home/athlon/projects/airflow/.venv/lib/python3.11/site-packages/airflow/example_dags/example_dag_decorator.py
[2024-04-26T05:31:06.151-0300] {logging_mixin.py:188} INFO - [2024-04-26T05:31:06.151-0300] {dag.py:3096} INFO - Sync 1 DAGs
[2024-04-26T05:31:06.163-0300] {logging_mixin.py:188} INFO - [2024-04-26T05:31:06.163-0300] {dag.py:3954} INFO - Setting next_dagrun for example_dag_decorator to None, run_after=None
[2024-04-26T05:31:06.195-0300] {processor.py:183} INFO - Processing /home/athlon/projects/airflow/.venv/lib/python3.11/site-packages/airflow/example_dags/example_dag_decorator.py took 0.459 seconds
[2024-04-26T05:32:33.419-0300] {processor.py:161} INFO - Started process (PID=9807) to work on /home/athlon/projects/airflow/.venv/lib/python3.11/site-packages/airflow/example_dags/example_dag_decorator.py
[2024-04-26T05:32:33.424-0300] {processor.py:830} INFO - Processing file /home/athlon/projects/airflow/.venv/lib/python3.11/site-packages/airflow/example_dags/example_dag_decorator.py for tasks to queue
[2024-04-26T05:32:33.427-0300] {logging_mixin.py:188} INFO - [2024-04-26T05:32:33.427-0300] {dagbag.py:540} INFO - Filling up the DagBag from /home/athlon/projects/airflow/.venv/lib/python3.11/site-packages/airflow/example_dags/example_dag_decorator.py
[2024-04-26T05:32:33.687-0300] {processor.py:840} INFO - DAG(s) 'example_dag_decorator' retrieved from /home/athlon/projects/airflow/.venv/lib/python3.11/site-packages/airflow/example_dags/example_dag_decorator.py
[2024-04-26T05:32:33.812-0300] {logging_mixin.py:188} INFO - [2024-04-26T05:32:33.812-0300] {dag.py:3096} INFO - Sync 1 DAGs
[2024-04-26T05:32:33.824-0300] {logging_mixin.py:188} INFO - [2024-04-26T05:32:33.824-0300] {dag.py:3954} INFO - Setting next_dagrun for example_dag_decorator to None, run_after=None
[2024-04-26T05:32:33.855-0300] {processor.py:183} INFO - Processing /home/athlon/projects/airflow/.venv/lib/python3.11/site-packages/airflow/example_dags/example_dag_decorator.py took 0.446 seconds
[2024-04-26T05:33:33.719-0300] {processor.py:161} INFO - Started process (PID=9861) to work on /home/athlon/projects/airflow/.venv/lib/python3.11/site-packages/airflow/example_dags/example_dag_decorator.py
[2024-04-26T05:33:33.725-0300] {processor.py:830} INFO - Processing file /home/athlon/projects/airflow/.venv/lib/python3.11/site-packages/airflow/example_dags/example_dag_decorator.py for tasks to queue
[2024-04-26T05:33:33.728-0300] {logging_mixin.py:188} INFO - [2024-04-26T05:33:33.727-0300] {dagbag.py:540} INFO - Filling up the DagBag from /home/athlon/projects/airflow/.venv/lib/python3.11/site-packages/airflow/example_dags/example_dag_decorator.py
[2024-04-26T05:33:33.977-0300] {processor.py:840} INFO - DAG(s) 'example_dag_decorator' retrieved from /home/athlon/projects/airflow/.venv/lib/python3.11/site-packages/airflow/example_dags/example_dag_decorator.py
[2024-04-26T05:33:34.108-0300] {logging_mixin.py:188} INFO - [2024-04-26T05:33:34.108-0300] {dag.py:3096} INFO - Sync 1 DAGs
[2024-04-26T05:33:34.120-0300] {logging_mixin.py:188} INFO - [2024-04-26T05:33:34.120-0300] {dag.py:3954} INFO - Setting next_dagrun for example_dag_decorator to None, run_after=None
[2024-04-26T05:33:34.151-0300] {processor.py:183} INFO - Processing /home/athlon/projects/airflow/.venv/lib/python3.11/site-packages/airflow/example_dags/example_dag_decorator.py took 0.446 seconds
[2024-04-26T05:34:31.831-0300] {processor.py:161} INFO - Started process (PID=9930) to work on /home/athlon/projects/airflow/.venv/lib/python3.11/site-packages/airflow/example_dags/example_dag_decorator.py
[2024-04-26T05:34:31.837-0300] {processor.py:830} INFO - Processing file /home/athlon/projects/airflow/.venv/lib/python3.11/site-packages/airflow/example_dags/example_dag_decorator.py for tasks to queue
[2024-04-26T05:34:31.839-0300] {logging_mixin.py:188} INFO - [2024-04-26T05:34:31.839-0300] {dagbag.py:540} INFO - Filling up the DagBag from /home/athlon/projects/airflow/.venv/lib/python3.11/site-packages/airflow/example_dags/example_dag_decorator.py
[2024-04-26T05:34:31.968-0300] {processor.py:840} INFO - DAG(s) 'example_dag_decorator' retrieved from /home/athlon/projects/airflow/.venv/lib/python3.11/site-packages/airflow/example_dags/example_dag_decorator.py
[2024-04-26T05:34:32.108-0300] {logging_mixin.py:188} INFO - [2024-04-26T05:34:32.107-0300] {dag.py:3096} INFO - Sync 1 DAGs
[2024-04-26T05:34:32.121-0300] {logging_mixin.py:188} INFO - [2024-04-26T05:34:32.120-0300] {dag.py:3954} INFO - Setting next_dagrun for example_dag_decorator to None, run_after=None
[2024-04-26T05:34:32.154-0300] {processor.py:183} INFO - Processing /home/athlon/projects/airflow/.venv/lib/python3.11/site-packages/airflow/example_dags/example_dag_decorator.py took 0.333 seconds
[2024-04-26T05:35:55.072-0300] {processor.py:161} INFO - Started process (PID=10006) to work on /home/athlon/projects/airflow/.venv/lib/python3.11/site-packages/airflow/example_dags/example_dag_decorator.py
[2024-04-26T05:35:55.078-0300] {processor.py:830} INFO - Processing file /home/athlon/projects/airflow/.venv/lib/python3.11/site-packages/airflow/example_dags/example_dag_decorator.py for tasks to queue
[2024-04-26T05:35:55.081-0300] {logging_mixin.py:188} INFO - [2024-04-26T05:35:55.080-0300] {dagbag.py:540} INFO - Filling up the DagBag from /home/athlon/projects/airflow/.venv/lib/python3.11/site-packages/airflow/example_dags/example_dag_decorator.py
[2024-04-26T05:35:55.211-0300] {processor.py:840} INFO - DAG(s) 'example_dag_decorator' retrieved from /home/athlon/projects/airflow/.venv/lib/python3.11/site-packages/airflow/example_dags/example_dag_decorator.py
[2024-04-26T05:35:55.352-0300] {logging_mixin.py:188} INFO - [2024-04-26T05:35:55.351-0300] {dag.py:3096} INFO - Sync 1 DAGs
[2024-04-26T05:35:55.365-0300] {logging_mixin.py:188} INFO - [2024-04-26T05:35:55.364-0300] {dag.py:3954} INFO - Setting next_dagrun for example_dag_decorator to None, run_after=None
[2024-04-26T05:35:55.398-0300] {processor.py:183} INFO - Processing /home/athlon/projects/airflow/.venv/lib/python3.11/site-packages/airflow/example_dags/example_dag_decorator.py took 0.339 seconds
[2024-04-26T05:37:17.729-0300] {processor.py:161} INFO - Started process (PID=10085) to work on /home/athlon/projects/airflow/.venv/lib/python3.11/site-packages/airflow/example_dags/example_dag_decorator.py
[2024-04-26T05:37:17.735-0300] {processor.py:830} INFO - Processing file /home/athlon/projects/airflow/.venv/lib/python3.11/site-packages/airflow/example_dags/example_dag_decorator.py for tasks to queue
[2024-04-26T05:37:17.737-0300] {logging_mixin.py:188} INFO - [2024-04-26T05:37:17.736-0300] {dagbag.py:540} INFO - Filling up the DagBag from /home/athlon/projects/airflow/.venv/lib/python3.11/site-packages/airflow/example_dags/example_dag_decorator.py
[2024-04-26T05:37:17.862-0300] {processor.py:840} INFO - DAG(s) 'example_dag_decorator' retrieved from /home/athlon/projects/airflow/.venv/lib/python3.11/site-packages/airflow/example_dags/example_dag_decorator.py
[2024-04-26T05:37:18.000-0300] {logging_mixin.py:188} INFO - [2024-04-26T05:37:18.000-0300] {dag.py:3096} INFO - Sync 1 DAGs
[2024-04-26T05:37:18.013-0300] {logging_mixin.py:188} INFO - [2024-04-26T05:37:18.013-0300] {dag.py:3954} INFO - Setting next_dagrun for example_dag_decorator to None, run_after=None
[2024-04-26T05:37:18.046-0300] {processor.py:183} INFO - Processing /home/athlon/projects/airflow/.venv/lib/python3.11/site-packages/airflow/example_dags/example_dag_decorator.py took 0.326 seconds
[2024-04-26T05:38:43.621-0300] {processor.py:161} INFO - Started process (PID=10163) to work on /home/athlon/projects/airflow/.venv/lib/python3.11/site-packages/airflow/example_dags/example_dag_decorator.py
[2024-04-26T05:38:43.626-0300] {processor.py:830} INFO - Processing file /home/athlon/projects/airflow/.venv/lib/python3.11/site-packages/airflow/example_dags/example_dag_decorator.py for tasks to queue
[2024-04-26T05:38:43.629-0300] {logging_mixin.py:188} INFO - [2024-04-26T05:38:43.628-0300] {dagbag.py:540} INFO - Filling up the DagBag from /home/athlon/projects/airflow/.venv/lib/python3.11/site-packages/airflow/example_dags/example_dag_decorator.py
[2024-04-26T05:38:43.753-0300] {processor.py:840} INFO - DAG(s) 'example_dag_decorator' retrieved from /home/athlon/projects/airflow/.venv/lib/python3.11/site-packages/airflow/example_dags/example_dag_decorator.py
[2024-04-26T05:38:43.888-0300] {logging_mixin.py:188} INFO - [2024-04-26T05:38:43.888-0300] {dag.py:3096} INFO - Sync 1 DAGs
[2024-04-26T05:38:43.909-0300] {logging_mixin.py:188} INFO - [2024-04-26T05:38:43.909-0300] {dag.py:3954} INFO - Setting next_dagrun for example_dag_decorator to None, run_after=None
[2024-04-26T05:38:43.942-0300] {processor.py:183} INFO - Processing /home/athlon/projects/airflow/.venv/lib/python3.11/site-packages/airflow/example_dags/example_dag_decorator.py took 0.331 seconds
[2024-04-26T05:39:45.022-0300] {processor.py:161} INFO - Started process (PID=10248) to work on /home/athlon/projects/airflow/.venv/lib/python3.11/site-packages/airflow/example_dags/example_dag_decorator.py
[2024-04-26T05:39:45.028-0300] {processor.py:830} INFO - Processing file /home/athlon/projects/airflow/.venv/lib/python3.11/site-packages/airflow/example_dags/example_dag_decorator.py for tasks to queue
[2024-04-26T05:39:45.032-0300] {logging_mixin.py:188} INFO - [2024-04-26T05:39:45.031-0300] {dagbag.py:540} INFO - Filling up the DagBag from /home/athlon/projects/airflow/.venv/lib/python3.11/site-packages/airflow/example_dags/example_dag_decorator.py
[2024-04-26T05:39:45.169-0300] {processor.py:840} INFO - DAG(s) 'example_dag_decorator' retrieved from /home/athlon/projects/airflow/.venv/lib/python3.11/site-packages/airflow/example_dags/example_dag_decorator.py
[2024-04-26T05:39:45.309-0300] {logging_mixin.py:188} INFO - [2024-04-26T05:39:45.309-0300] {dag.py:3096} INFO - Sync 1 DAGs
[2024-04-26T05:39:45.322-0300] {logging_mixin.py:188} INFO - [2024-04-26T05:39:45.322-0300] {dag.py:3954} INFO - Setting next_dagrun for example_dag_decorator to None, run_after=None
[2024-04-26T05:39:45.362-0300] {processor.py:183} INFO - Processing /home/athlon/projects/airflow/.venv/lib/python3.11/site-packages/airflow/example_dags/example_dag_decorator.py took 0.353 seconds
[2024-04-26T05:40:44.197-0300] {processor.py:161} INFO - Started process (PID=10304) to work on /home/athlon/projects/airflow/.venv/lib/python3.11/site-packages/airflow/example_dags/example_dag_decorator.py
[2024-04-26T05:40:44.203-0300] {processor.py:830} INFO - Processing file /home/athlon/projects/airflow/.venv/lib/python3.11/site-packages/airflow/example_dags/example_dag_decorator.py for tasks to queue
[2024-04-26T05:40:44.205-0300] {logging_mixin.py:188} INFO - [2024-04-26T05:40:44.205-0300] {dagbag.py:540} INFO - Filling up the DagBag from /home/athlon/projects/airflow/.venv/lib/python3.11/site-packages/airflow/example_dags/example_dag_decorator.py
[2024-04-26T05:40:44.331-0300] {processor.py:840} INFO - DAG(s) 'example_dag_decorator' retrieved from /home/athlon/projects/airflow/.venv/lib/python3.11/site-packages/airflow/example_dags/example_dag_decorator.py
[2024-04-26T05:40:44.468-0300] {logging_mixin.py:188} INFO - [2024-04-26T05:40:44.467-0300] {dag.py:3096} INFO - Sync 1 DAGs
[2024-04-26T05:40:44.481-0300] {logging_mixin.py:188} INFO - [2024-04-26T05:40:44.480-0300] {dag.py:3954} INFO - Setting next_dagrun for example_dag_decorator to None, run_after=None
[2024-04-26T05:40:44.514-0300] {processor.py:183} INFO - Processing /home/athlon/projects/airflow/.venv/lib/python3.11/site-packages/airflow/example_dags/example_dag_decorator.py took 0.325 seconds
[2024-04-26T05:41:44.350-0300] {processor.py:161} INFO - Started process (PID=10358) to work on /home/athlon/projects/airflow/.venv/lib/python3.11/site-packages/airflow/example_dags/example_dag_decorator.py
[2024-04-26T05:41:44.356-0300] {processor.py:830} INFO - Processing file /home/athlon/projects/airflow/.venv/lib/python3.11/site-packages/airflow/example_dags/example_dag_decorator.py for tasks to queue
[2024-04-26T05:41:44.358-0300] {logging_mixin.py:188} INFO - [2024-04-26T05:41:44.358-0300] {dagbag.py:540} INFO - Filling up the DagBag from /home/athlon/projects/airflow/.venv/lib/python3.11/site-packages/airflow/example_dags/example_dag_decorator.py
[2024-04-26T05:41:44.482-0300] {processor.py:840} INFO - DAG(s) 'example_dag_decorator' retrieved from /home/athlon/projects/airflow/.venv/lib/python3.11/site-packages/airflow/example_dags/example_dag_decorator.py
[2024-04-26T05:41:44.624-0300] {logging_mixin.py:188} INFO - [2024-04-26T05:41:44.624-0300] {dag.py:3096} INFO - Sync 1 DAGs
[2024-04-26T05:41:44.637-0300] {logging_mixin.py:188} INFO - [2024-04-26T05:41:44.637-0300] {dag.py:3954} INFO - Setting next_dagrun for example_dag_decorator to None, run_after=None
[2024-04-26T05:41:44.670-0300] {processor.py:183} INFO - Processing /home/athlon/projects/airflow/.venv/lib/python3.11/site-packages/airflow/example_dags/example_dag_decorator.py took 0.330 seconds
[2024-04-26T05:42:47.613-0300] {processor.py:161} INFO - Started process (PID=10411) to work on /home/athlon/projects/airflow/.venv/lib/python3.11/site-packages/airflow/example_dags/example_dag_decorator.py
[2024-04-26T05:42:47.619-0300] {processor.py:830} INFO - Processing file /home/athlon/projects/airflow/.venv/lib/python3.11/site-packages/airflow/example_dags/example_dag_decorator.py for tasks to queue
[2024-04-26T05:42:47.621-0300] {logging_mixin.py:188} INFO - [2024-04-26T05:42:47.621-0300] {dagbag.py:540} INFO - Filling up the DagBag from /home/athlon/projects/airflow/.venv/lib/python3.11/site-packages/airflow/example_dags/example_dag_decorator.py
[2024-04-26T05:42:47.748-0300] {processor.py:840} INFO - DAG(s) 'example_dag_decorator' retrieved from /home/athlon/projects/airflow/.venv/lib/python3.11/site-packages/airflow/example_dags/example_dag_decorator.py
[2024-04-26T05:42:47.886-0300] {logging_mixin.py:188} INFO - [2024-04-26T05:42:47.886-0300] {dag.py:3096} INFO - Sync 1 DAGs
[2024-04-26T05:42:47.899-0300] {logging_mixin.py:188} INFO - [2024-04-26T05:42:47.899-0300] {dag.py:3954} INFO - Setting next_dagrun for example_dag_decorator to None, run_after=None
[2024-04-26T05:42:47.932-0300] {processor.py:183} INFO - Processing /home/athlon/projects/airflow/.venv/lib/python3.11/site-packages/airflow/example_dags/example_dag_decorator.py took 0.328 seconds
[2024-04-26T05:43:46.656-0300] {processor.py:161} INFO - Started process (PID=10464) to work on /home/athlon/projects/airflow/.venv/lib/python3.11/site-packages/airflow/example_dags/example_dag_decorator.py
[2024-04-26T05:43:46.662-0300] {processor.py:830} INFO - Processing file /home/athlon/projects/airflow/.venv/lib/python3.11/site-packages/airflow/example_dags/example_dag_decorator.py for tasks to queue
[2024-04-26T05:43:46.665-0300] {logging_mixin.py:188} INFO - [2024-04-26T05:43:46.664-0300] {dagbag.py:540} INFO - Filling up the DagBag from /home/athlon/projects/airflow/.venv/lib/python3.11/site-packages/airflow/example_dags/example_dag_decorator.py
[2024-04-26T05:43:46.788-0300] {processor.py:840} INFO - DAG(s) 'example_dag_decorator' retrieved from /home/athlon/projects/airflow/.venv/lib/python3.11/site-packages/airflow/example_dags/example_dag_decorator.py
[2024-04-26T05:43:46.931-0300] {logging_mixin.py:188} INFO - [2024-04-26T05:43:46.931-0300] {dag.py:3096} INFO - Sync 1 DAGs
[2024-04-26T05:43:46.944-0300] {logging_mixin.py:188} INFO - [2024-04-26T05:43:46.944-0300] {dag.py:3954} INFO - Setting next_dagrun for example_dag_decorator to None, run_after=None
[2024-04-26T05:43:46.980-0300] {processor.py:183} INFO - Processing /home/athlon/projects/airflow/.venv/lib/python3.11/site-packages/airflow/example_dags/example_dag_decorator.py took 0.334 seconds
[2024-04-26T05:45:08.048-0300] {processor.py:161} INFO - Started process (PID=10541) to work on /home/athlon/projects/airflow/.venv/lib/python3.11/site-packages/airflow/example_dags/example_dag_decorator.py
[2024-04-26T05:45:08.053-0300] {processor.py:830} INFO - Processing file /home/athlon/projects/airflow/.venv/lib/python3.11/site-packages/airflow/example_dags/example_dag_decorator.py for tasks to queue
[2024-04-26T05:45:08.056-0300] {logging_mixin.py:188} INFO - [2024-04-26T05:45:08.055-0300] {dagbag.py:540} INFO - Filling up the DagBag from /home/athlon/projects/airflow/.venv/lib/python3.11/site-packages/airflow/example_dags/example_dag_decorator.py
[2024-04-26T05:45:08.178-0300] {processor.py:840} INFO - DAG(s) 'example_dag_decorator' retrieved from /home/athlon/projects/airflow/.venv/lib/python3.11/site-packages/airflow/example_dags/example_dag_decorator.py
[2024-04-26T05:45:08.316-0300] {logging_mixin.py:188} INFO - [2024-04-26T05:45:08.315-0300] {dag.py:3096} INFO - Sync 1 DAGs
[2024-04-26T05:45:08.329-0300] {logging_mixin.py:188} INFO - [2024-04-26T05:45:08.328-0300] {dag.py:3954} INFO - Setting next_dagrun for example_dag_decorator to None, run_after=None
[2024-04-26T05:45:08.362-0300] {processor.py:183} INFO - Processing /home/athlon/projects/airflow/.venv/lib/python3.11/site-packages/airflow/example_dags/example_dag_decorator.py took 0.326 seconds
[2024-04-26T05:46:08.308-0300] {processor.py:161} INFO - Started process (PID=10596) to work on /home/athlon/projects/airflow/.venv/lib/python3.11/site-packages/airflow/example_dags/example_dag_decorator.py
[2024-04-26T05:46:08.314-0300] {processor.py:830} INFO - Processing file /home/athlon/projects/airflow/.venv/lib/python3.11/site-packages/airflow/example_dags/example_dag_decorator.py for tasks to queue
[2024-04-26T05:46:08.317-0300] {logging_mixin.py:188} INFO - [2024-04-26T05:46:08.316-0300] {dagbag.py:540} INFO - Filling up the DagBag from /home/athlon/projects/airflow/.venv/lib/python3.11/site-packages/airflow/example_dags/example_dag_decorator.py
[2024-04-26T05:46:08.451-0300] {processor.py:840} INFO - DAG(s) 'example_dag_decorator' retrieved from /home/athlon/projects/airflow/.venv/lib/python3.11/site-packages/airflow/example_dags/example_dag_decorator.py
[2024-04-26T05:46:08.589-0300] {logging_mixin.py:188} INFO - [2024-04-26T05:46:08.589-0300] {dag.py:3096} INFO - Sync 1 DAGs
[2024-04-26T05:46:08.603-0300] {logging_mixin.py:188} INFO - [2024-04-26T05:46:08.602-0300] {dag.py:3954} INFO - Setting next_dagrun for example_dag_decorator to None, run_after=None
[2024-04-26T05:46:08.635-0300] {processor.py:183} INFO - Processing /home/athlon/projects/airflow/.venv/lib/python3.11/site-packages/airflow/example_dags/example_dag_decorator.py took 0.338 seconds
[2024-04-26T05:47:04.822-0300] {processor.py:161} INFO - Started process (PID=10657) to work on /home/athlon/projects/airflow/.venv/lib/python3.11/site-packages/airflow/example_dags/example_dag_decorator.py
[2024-04-26T05:47:04.827-0300] {processor.py:830} INFO - Processing file /home/athlon/projects/airflow/.venv/lib/python3.11/site-packages/airflow/example_dags/example_dag_decorator.py for tasks to queue
[2024-04-26T05:47:04.831-0300] {logging_mixin.py:188} INFO - [2024-04-26T05:47:04.830-0300] {dagbag.py:540} INFO - Filling up the DagBag from /home/athlon/projects/airflow/.venv/lib/python3.11/site-packages/airflow/example_dags/example_dag_decorator.py
[2024-04-26T05:47:05.045-0300] {processor.py:840} INFO - DAG(s) 'example_dag_decorator' retrieved from /home/athlon/projects/airflow/.venv/lib/python3.11/site-packages/airflow/example_dags/example_dag_decorator.py
[2024-04-26T05:47:05.294-0300] {logging_mixin.py:188} INFO - [2024-04-26T05:47:05.294-0300] {dag.py:3096} INFO - Sync 1 DAGs
[2024-04-26T05:47:05.317-0300] {logging_mixin.py:188} INFO - [2024-04-26T05:47:05.317-0300] {dag.py:3954} INFO - Setting next_dagrun for example_dag_decorator to None, run_after=None
[2024-04-26T05:47:05.370-0300] {processor.py:183} INFO - Processing /home/athlon/projects/airflow/.venv/lib/python3.11/site-packages/airflow/example_dags/example_dag_decorator.py took 0.571 seconds
[2024-04-26T05:48:01.296-0300] {processor.py:161} INFO - Started process (PID=10735) to work on /home/athlon/projects/airflow/.venv/lib/python3.11/site-packages/airflow/example_dags/example_dag_decorator.py
[2024-04-26T05:48:01.302-0300] {processor.py:830} INFO - Processing file /home/athlon/projects/airflow/.venv/lib/python3.11/site-packages/airflow/example_dags/example_dag_decorator.py for tasks to queue
[2024-04-26T05:48:01.304-0300] {logging_mixin.py:188} INFO - [2024-04-26T05:48:01.304-0300] {dagbag.py:540} INFO - Filling up the DagBag from /home/athlon/projects/airflow/.venv/lib/python3.11/site-packages/airflow/example_dags/example_dag_decorator.py
[2024-04-26T05:48:01.436-0300] {processor.py:840} INFO - DAG(s) 'example_dag_decorator' retrieved from /home/athlon/projects/airflow/.venv/lib/python3.11/site-packages/airflow/example_dags/example_dag_decorator.py
[2024-04-26T05:48:01.597-0300] {logging_mixin.py:188} INFO - [2024-04-26T05:48:01.597-0300] {dag.py:3096} INFO - Sync 1 DAGs
[2024-04-26T05:48:01.613-0300] {logging_mixin.py:188} INFO - [2024-04-26T05:48:01.613-0300] {dag.py:3954} INFO - Setting next_dagrun for example_dag_decorator to None, run_after=None
[2024-04-26T05:48:01.652-0300] {processor.py:183} INFO - Processing /home/athlon/projects/airflow/.venv/lib/python3.11/site-packages/airflow/example_dags/example_dag_decorator.py took 0.369 seconds
[2024-04-26T05:49:30.086-0300] {processor.py:161} INFO - Started process (PID=10850) to work on /home/athlon/projects/airflow/.venv/lib/python3.11/site-packages/airflow/example_dags/example_dag_decorator.py
[2024-04-26T05:49:30.095-0300] {processor.py:830} INFO - Processing file /home/athlon/projects/airflow/.venv/lib/python3.11/site-packages/airflow/example_dags/example_dag_decorator.py for tasks to queue
[2024-04-26T05:49:30.100-0300] {logging_mixin.py:188} INFO - [2024-04-26T05:49:30.099-0300] {dagbag.py:540} INFO - Filling up the DagBag from /home/athlon/projects/airflow/.venv/lib/python3.11/site-packages/airflow/example_dags/example_dag_decorator.py
[2024-04-26T05:49:30.334-0300] {processor.py:840} INFO - DAG(s) 'example_dag_decorator' retrieved from /home/athlon/projects/airflow/.venv/lib/python3.11/site-packages/airflow/example_dags/example_dag_decorator.py
[2024-04-26T05:49:30.537-0300] {logging_mixin.py:188} INFO - [2024-04-26T05:49:30.537-0300] {dag.py:3096} INFO - Sync 1 DAGs
[2024-04-26T05:49:30.551-0300] {logging_mixin.py:188} INFO - [2024-04-26T05:49:30.551-0300] {dag.py:3954} INFO - Setting next_dagrun for example_dag_decorator to None, run_after=None
[2024-04-26T05:49:30.580-0300] {processor.py:183} INFO - Processing /home/athlon/projects/airflow/.venv/lib/python3.11/site-packages/airflow/example_dags/example_dag_decorator.py took 0.508 seconds
[2024-04-26T05:50:42.437-0300] {processor.py:161} INFO - Started process (PID=10945) to work on /home/athlon/projects/airflow/.venv/lib/python3.11/site-packages/airflow/example_dags/example_dag_decorator.py
[2024-04-26T05:50:42.444-0300] {processor.py:830} INFO - Processing file /home/athlon/projects/airflow/.venv/lib/python3.11/site-packages/airflow/example_dags/example_dag_decorator.py for tasks to queue
[2024-04-26T05:50:42.447-0300] {logging_mixin.py:188} INFO - [2024-04-26T05:50:42.446-0300] {dagbag.py:540} INFO - Filling up the DagBag from /home/athlon/projects/airflow/.venv/lib/python3.11/site-packages/airflow/example_dags/example_dag_decorator.py
[2024-04-26T05:50:42.675-0300] {processor.py:840} INFO - DAG(s) 'example_dag_decorator' retrieved from /home/athlon/projects/airflow/.venv/lib/python3.11/site-packages/airflow/example_dags/example_dag_decorator.py
[2024-04-26T05:50:43.031-0300] {logging_mixin.py:188} INFO - [2024-04-26T05:50:43.031-0300] {dag.py:3096} INFO - Sync 1 DAGs
[2024-04-26T05:50:43.060-0300] {logging_mixin.py:188} INFO - [2024-04-26T05:50:43.059-0300] {dag.py:3954} INFO - Setting next_dagrun for example_dag_decorator to None, run_after=None
[2024-04-26T05:50:43.119-0300] {processor.py:183} INFO - Processing /home/athlon/projects/airflow/.venv/lib/python3.11/site-packages/airflow/example_dags/example_dag_decorator.py took 0.697 seconds
[2024-04-26T05:52:11.324-0300] {processor.py:161} INFO - Started process (PID=11029) to work on /home/athlon/projects/airflow/.venv/lib/python3.11/site-packages/airflow/example_dags/example_dag_decorator.py
[2024-04-26T05:52:11.330-0300] {processor.py:830} INFO - Processing file /home/athlon/projects/airflow/.venv/lib/python3.11/site-packages/airflow/example_dags/example_dag_decorator.py for tasks to queue
[2024-04-26T05:52:11.333-0300] {logging_mixin.py:188} INFO - [2024-04-26T05:52:11.332-0300] {dagbag.py:540} INFO - Filling up the DagBag from /home/athlon/projects/airflow/.venv/lib/python3.11/site-packages/airflow/example_dags/example_dag_decorator.py
[2024-04-26T05:52:11.549-0300] {processor.py:840} INFO - DAG(s) 'example_dag_decorator' retrieved from /home/athlon/projects/airflow/.venv/lib/python3.11/site-packages/airflow/example_dags/example_dag_decorator.py
[2024-04-26T05:52:11.804-0300] {logging_mixin.py:188} INFO - [2024-04-26T05:52:11.803-0300] {dag.py:3096} INFO - Sync 1 DAGs
[2024-04-26T05:52:11.821-0300] {logging_mixin.py:188} INFO - [2024-04-26T05:52:11.821-0300] {dag.py:3954} INFO - Setting next_dagrun for example_dag_decorator to None, run_after=None
[2024-04-26T05:52:11.863-0300] {processor.py:183} INFO - Processing /home/athlon/projects/airflow/.venv/lib/python3.11/site-packages/airflow/example_dags/example_dag_decorator.py took 0.553 seconds
