[2024-04-26T05:28:31.250-0300] {processor.py:161} INFO - Started process (PID=9551) to work on /home/athlon/projects/airflow/.venv/lib/python3.11/site-packages/airflow/example_dags/example_kubernetes_executor.py
[2024-04-26T05:28:31.251-0300] {processor.py:830} INFO - Processing file /home/athlon/projects/airflow/.venv/lib/python3.11/site-packages/airflow/example_dags/example_kubernetes_executor.py for tasks to queue
[2024-04-26T05:28:31.254-0300] {logging_mixin.py:188} INFO - [2024-04-26T05:28:31.253-0300] {dagbag.py:540} INFO - Filling up the DagBag from /home/athlon/projects/airflow/.venv/lib/python3.11/site-packages/airflow/example_dags/example_kubernetes_executor.py
[2024-04-26T05:28:32.093-0300] {processor.py:840} INFO - DAG(s) 'example_kubernetes_executor' retrieved from /home/athlon/projects/airflow/.venv/lib/python3.11/site-packages/airflow/example_dags/example_kubernetes_executor.py
[2024-04-26T05:28:32.123-0300] {logging_mixin.py:188} WARNING - /home/athlon/projects/airflow/.venv/lib/python3.11/site-packages/airflow/serialization/serialized_objects.py:1673 DeprecationWarning: This module is deprecated. The `cncf.kubernetes` provider before version 7.4.0 uses this module - you should migrate to a newer version of `cncf.kubernetes` to get rid of this warning. If you import the module via `airflow.kubernetes` import, please use `cncf.kubernetes' provider 7.4.0+ and switch all your imports to use `apache.airflow.providers.cncf.kubernetes` to get rid of the warning.
[2024-04-26T05:28:32.302-0300] {logging_mixin.py:188} INFO - [2024-04-26T05:28:32.301-0300] {override.py:1829} INFO - Created Permission View: can edit on DAG:example_kubernetes_executor
[2024-04-26T05:28:32.320-0300] {logging_mixin.py:188} INFO - [2024-04-26T05:28:32.320-0300] {override.py:1829} INFO - Created Permission View: can delete on DAG:example_kubernetes_executor
[2024-04-26T05:28:32.334-0300] {logging_mixin.py:188} INFO - [2024-04-26T05:28:32.334-0300] {override.py:1829} INFO - Created Permission View: can read on DAG:example_kubernetes_executor
[2024-04-26T05:28:32.335-0300] {logging_mixin.py:188} INFO - [2024-04-26T05:28:32.335-0300] {dag.py:3096} INFO - Sync 1 DAGs
[2024-04-26T05:28:32.352-0300] {logging_mixin.py:188} INFO - [2024-04-26T05:28:32.351-0300] {dag.py:3118} INFO - Creating ORM DAG for example_kubernetes_executor
[2024-04-26T05:28:32.353-0300] {logging_mixin.py:188} INFO - [2024-04-26T05:28:32.353-0300] {dag.py:3954} INFO - Setting next_dagrun for example_kubernetes_executor to None, run_after=None
[2024-04-26T05:28:32.386-0300] {processor.py:183} INFO - Processing /home/athlon/projects/airflow/.venv/lib/python3.11/site-packages/airflow/example_dags/example_kubernetes_executor.py took 1.146 seconds
[2024-04-26T05:29:38.033-0300] {processor.py:161} INFO - Started process (PID=9642) to work on /home/athlon/projects/airflow/.venv/lib/python3.11/site-packages/airflow/example_dags/example_kubernetes_executor.py
[2024-04-26T05:29:38.034-0300] {processor.py:830} INFO - Processing file /home/athlon/projects/airflow/.venv/lib/python3.11/site-packages/airflow/example_dags/example_kubernetes_executor.py for tasks to queue
[2024-04-26T05:29:38.037-0300] {logging_mixin.py:188} INFO - [2024-04-26T05:29:38.037-0300] {dagbag.py:540} INFO - Filling up the DagBag from /home/athlon/projects/airflow/.venv/lib/python3.11/site-packages/airflow/example_dags/example_kubernetes_executor.py
[2024-04-26T05:29:38.705-0300] {processor.py:840} INFO - DAG(s) 'example_kubernetes_executor' retrieved from /home/athlon/projects/airflow/.venv/lib/python3.11/site-packages/airflow/example_dags/example_kubernetes_executor.py
[2024-04-26T05:29:38.721-0300] {logging_mixin.py:188} WARNING - /home/athlon/projects/airflow/.venv/lib/python3.11/site-packages/airflow/serialization/serialized_objects.py:1673 DeprecationWarning: This module is deprecated. The `cncf.kubernetes` provider before version 7.4.0 uses this module - you should migrate to a newer version of `cncf.kubernetes` to get rid of this warning. If you import the module via `airflow.kubernetes` import, please use `cncf.kubernetes' provider 7.4.0+ and switch all your imports to use `apache.airflow.providers.cncf.kubernetes` to get rid of the warning.
[2024-04-26T05:29:38.735-0300] {logging_mixin.py:188} INFO - [2024-04-26T05:29:38.734-0300] {dag.py:3096} INFO - Sync 1 DAGs
[2024-04-26T05:29:38.748-0300] {logging_mixin.py:188} INFO - [2024-04-26T05:29:38.747-0300] {dag.py:3954} INFO - Setting next_dagrun for example_kubernetes_executor to None, run_after=None
[2024-04-26T05:29:38.774-0300] {processor.py:183} INFO - Processing /home/athlon/projects/airflow/.venv/lib/python3.11/site-packages/airflow/example_dags/example_kubernetes_executor.py took 0.751 seconds
[2024-04-26T05:30:35.651-0300] {processor.py:161} INFO - Started process (PID=9697) to work on /home/athlon/projects/airflow/.venv/lib/python3.11/site-packages/airflow/example_dags/example_kubernetes_executor.py
[2024-04-26T05:30:35.656-0300] {processor.py:830} INFO - Processing file /home/athlon/projects/airflow/.venv/lib/python3.11/site-packages/airflow/example_dags/example_kubernetes_executor.py for tasks to queue
[2024-04-26T05:30:35.659-0300] {logging_mixin.py:188} INFO - [2024-04-26T05:30:35.658-0300] {dagbag.py:540} INFO - Filling up the DagBag from /home/athlon/projects/airflow/.venv/lib/python3.11/site-packages/airflow/example_dags/example_kubernetes_executor.py
[2024-04-26T05:30:36.142-0300] {processor.py:840} INFO - DAG(s) 'example_kubernetes_executor' retrieved from /home/athlon/projects/airflow/.venv/lib/python3.11/site-packages/airflow/example_dags/example_kubernetes_executor.py
[2024-04-26T05:30:36.157-0300] {logging_mixin.py:188} WARNING - /home/athlon/projects/airflow/.venv/lib/python3.11/site-packages/airflow/serialization/serialized_objects.py:1673 DeprecationWarning: This module is deprecated. The `cncf.kubernetes` provider before version 7.4.0 uses this module - you should migrate to a newer version of `cncf.kubernetes` to get rid of this warning. If you import the module via `airflow.kubernetes` import, please use `cncf.kubernetes' provider 7.4.0+ and switch all your imports to use `apache.airflow.providers.cncf.kubernetes` to get rid of the warning.
[2024-04-26T05:30:36.171-0300] {logging_mixin.py:188} INFO - [2024-04-26T05:30:36.170-0300] {dag.py:3096} INFO - Sync 1 DAGs
[2024-04-26T05:30:36.184-0300] {logging_mixin.py:188} INFO - [2024-04-26T05:30:36.184-0300] {dag.py:3954} INFO - Setting next_dagrun for example_kubernetes_executor to None, run_after=None
[2024-04-26T05:30:36.217-0300] {processor.py:183} INFO - Processing /home/athlon/projects/airflow/.venv/lib/python3.11/site-packages/airflow/example_dags/example_kubernetes_executor.py took 0.577 seconds
[2024-04-26T05:31:32.115-0300] {processor.py:161} INFO - Started process (PID=9749) to work on /home/athlon/projects/airflow/.venv/lib/python3.11/site-packages/airflow/example_dags/example_kubernetes_executor.py
[2024-04-26T05:31:32.121-0300] {processor.py:830} INFO - Processing file /home/athlon/projects/airflow/.venv/lib/python3.11/site-packages/airflow/example_dags/example_kubernetes_executor.py for tasks to queue
[2024-04-26T05:31:32.124-0300] {logging_mixin.py:188} INFO - [2024-04-26T05:31:32.123-0300] {dagbag.py:540} INFO - Filling up the DagBag from /home/athlon/projects/airflow/.venv/lib/python3.11/site-packages/airflow/example_dags/example_kubernetes_executor.py
[2024-04-26T05:31:32.601-0300] {processor.py:840} INFO - DAG(s) 'example_kubernetes_executor' retrieved from /home/athlon/projects/airflow/.venv/lib/python3.11/site-packages/airflow/example_dags/example_kubernetes_executor.py
[2024-04-26T05:31:32.617-0300] {logging_mixin.py:188} WARNING - /home/athlon/projects/airflow/.venv/lib/python3.11/site-packages/airflow/serialization/serialized_objects.py:1673 DeprecationWarning: This module is deprecated. The `cncf.kubernetes` provider before version 7.4.0 uses this module - you should migrate to a newer version of `cncf.kubernetes` to get rid of this warning. If you import the module via `airflow.kubernetes` import, please use `cncf.kubernetes' provider 7.4.0+ and switch all your imports to use `apache.airflow.providers.cncf.kubernetes` to get rid of the warning.
[2024-04-26T05:31:32.631-0300] {logging_mixin.py:188} INFO - [2024-04-26T05:31:32.630-0300] {dag.py:3096} INFO - Sync 1 DAGs
[2024-04-26T05:31:32.644-0300] {logging_mixin.py:188} INFO - [2024-04-26T05:31:32.644-0300] {dag.py:3954} INFO - Setting next_dagrun for example_kubernetes_executor to None, run_after=None
[2024-04-26T05:31:32.676-0300] {processor.py:183} INFO - Processing /home/athlon/projects/airflow/.venv/lib/python3.11/site-packages/airflow/example_dags/example_kubernetes_executor.py took 0.572 seconds
[2024-04-26T05:32:31.831-0300] {processor.py:161} INFO - Started process (PID=9806) to work on /home/athlon/projects/airflow/.venv/lib/python3.11/site-packages/airflow/example_dags/example_kubernetes_executor.py
[2024-04-26T05:32:31.837-0300] {processor.py:830} INFO - Processing file /home/athlon/projects/airflow/.venv/lib/python3.11/site-packages/airflow/example_dags/example_kubernetes_executor.py for tasks to queue
[2024-04-26T05:32:31.840-0300] {logging_mixin.py:188} INFO - [2024-04-26T05:32:31.839-0300] {dagbag.py:540} INFO - Filling up the DagBag from /home/athlon/projects/airflow/.venv/lib/python3.11/site-packages/airflow/example_dags/example_kubernetes_executor.py
[2024-04-26T05:32:32.319-0300] {processor.py:840} INFO - DAG(s) 'example_kubernetes_executor' retrieved from /home/athlon/projects/airflow/.venv/lib/python3.11/site-packages/airflow/example_dags/example_kubernetes_executor.py
[2024-04-26T05:32:32.336-0300] {logging_mixin.py:188} WARNING - /home/athlon/projects/airflow/.venv/lib/python3.11/site-packages/airflow/serialization/serialized_objects.py:1673 DeprecationWarning: This module is deprecated. The `cncf.kubernetes` provider before version 7.4.0 uses this module - you should migrate to a newer version of `cncf.kubernetes` to get rid of this warning. If you import the module via `airflow.kubernetes` import, please use `cncf.kubernetes' provider 7.4.0+ and switch all your imports to use `apache.airflow.providers.cncf.kubernetes` to get rid of the warning.
[2024-04-26T05:32:32.349-0300] {logging_mixin.py:188} INFO - [2024-04-26T05:32:32.348-0300] {dag.py:3096} INFO - Sync 1 DAGs
[2024-04-26T05:32:32.362-0300] {logging_mixin.py:188} INFO - [2024-04-26T05:32:32.362-0300] {dag.py:3954} INFO - Setting next_dagrun for example_kubernetes_executor to None, run_after=None
[2024-04-26T05:32:32.392-0300] {processor.py:183} INFO - Processing /home/athlon/projects/airflow/.venv/lib/python3.11/site-packages/airflow/example_dags/example_kubernetes_executor.py took 0.572 seconds
[2024-04-26T05:33:32.031-0300] {processor.py:161} INFO - Started process (PID=9860) to work on /home/athlon/projects/airflow/.venv/lib/python3.11/site-packages/airflow/example_dags/example_kubernetes_executor.py
[2024-04-26T05:33:32.037-0300] {processor.py:830} INFO - Processing file /home/athlon/projects/airflow/.venv/lib/python3.11/site-packages/airflow/example_dags/example_kubernetes_executor.py for tasks to queue
[2024-04-26T05:33:32.040-0300] {logging_mixin.py:188} INFO - [2024-04-26T05:33:32.039-0300] {dagbag.py:540} INFO - Filling up the DagBag from /home/athlon/projects/airflow/.venv/lib/python3.11/site-packages/airflow/example_dags/example_kubernetes_executor.py
[2024-04-26T05:33:32.518-0300] {processor.py:840} INFO - DAG(s) 'example_kubernetes_executor' retrieved from /home/athlon/projects/airflow/.venv/lib/python3.11/site-packages/airflow/example_dags/example_kubernetes_executor.py
[2024-04-26T05:33:32.533-0300] {logging_mixin.py:188} WARNING - /home/athlon/projects/airflow/.venv/lib/python3.11/site-packages/airflow/serialization/serialized_objects.py:1673 DeprecationWarning: This module is deprecated. The `cncf.kubernetes` provider before version 7.4.0 uses this module - you should migrate to a newer version of `cncf.kubernetes` to get rid of this warning. If you import the module via `airflow.kubernetes` import, please use `cncf.kubernetes' provider 7.4.0+ and switch all your imports to use `apache.airflow.providers.cncf.kubernetes` to get rid of the warning.
[2024-04-26T05:33:32.547-0300] {logging_mixin.py:188} INFO - [2024-04-26T05:33:32.546-0300] {dag.py:3096} INFO - Sync 1 DAGs
[2024-04-26T05:33:32.562-0300] {logging_mixin.py:188} INFO - [2024-04-26T05:33:32.562-0300] {dag.py:3954} INFO - Setting next_dagrun for example_kubernetes_executor to None, run_after=None
[2024-04-26T05:33:32.594-0300] {processor.py:183} INFO - Processing /home/athlon/projects/airflow/.venv/lib/python3.11/site-packages/airflow/example_dags/example_kubernetes_executor.py took 0.574 seconds
[2024-04-26T05:34:30.917-0300] {processor.py:161} INFO - Started process (PID=9929) to work on /home/athlon/projects/airflow/.venv/lib/python3.11/site-packages/airflow/example_dags/example_kubernetes_executor.py
[2024-04-26T05:34:30.923-0300] {processor.py:830} INFO - Processing file /home/athlon/projects/airflow/.venv/lib/python3.11/site-packages/airflow/example_dags/example_kubernetes_executor.py for tasks to queue
[2024-04-26T05:34:30.926-0300] {logging_mixin.py:188} INFO - [2024-04-26T05:34:30.925-0300] {dagbag.py:540} INFO - Filling up the DagBag from /home/athlon/projects/airflow/.venv/lib/python3.11/site-packages/airflow/example_dags/example_kubernetes_executor.py
[2024-04-26T05:34:31.278-0300] {processor.py:840} INFO - DAG(s) 'example_kubernetes_executor' retrieved from /home/athlon/projects/airflow/.venv/lib/python3.11/site-packages/airflow/example_dags/example_kubernetes_executor.py
[2024-04-26T05:34:31.297-0300] {logging_mixin.py:188} WARNING - /home/athlon/projects/airflow/.venv/lib/python3.11/site-packages/airflow/serialization/serialized_objects.py:1673 DeprecationWarning: This module is deprecated. The `cncf.kubernetes` provider before version 7.4.0 uses this module - you should migrate to a newer version of `cncf.kubernetes` to get rid of this warning. If you import the module via `airflow.kubernetes` import, please use `cncf.kubernetes' provider 7.4.0+ and switch all your imports to use `apache.airflow.providers.cncf.kubernetes` to get rid of the warning.
[2024-04-26T05:34:31.311-0300] {logging_mixin.py:188} INFO - [2024-04-26T05:34:31.311-0300] {dag.py:3096} INFO - Sync 1 DAGs
[2024-04-26T05:34:31.327-0300] {logging_mixin.py:188} INFO - [2024-04-26T05:34:31.326-0300] {dag.py:3954} INFO - Setting next_dagrun for example_kubernetes_executor to None, run_after=None
[2024-04-26T05:34:31.362-0300] {processor.py:183} INFO - Processing /home/athlon/projects/airflow/.venv/lib/python3.11/site-packages/airflow/example_dags/example_kubernetes_executor.py took 0.455 seconds
[2024-04-26T05:35:32.710-0300] {processor.py:161} INFO - Started process (PID=9987) to work on /home/athlon/projects/airflow/.venv/lib/python3.11/site-packages/airflow/example_dags/example_kubernetes_executor.py
[2024-04-26T05:35:32.717-0300] {processor.py:830} INFO - Processing file /home/athlon/projects/airflow/.venv/lib/python3.11/site-packages/airflow/example_dags/example_kubernetes_executor.py for tasks to queue
[2024-04-26T05:35:32.719-0300] {logging_mixin.py:188} INFO - [2024-04-26T05:35:32.719-0300] {dagbag.py:540} INFO - Filling up the DagBag from /home/athlon/projects/airflow/.venv/lib/python3.11/site-packages/airflow/example_dags/example_kubernetes_executor.py
[2024-04-26T05:35:33.068-0300] {processor.py:840} INFO - DAG(s) 'example_kubernetes_executor' retrieved from /home/athlon/projects/airflow/.venv/lib/python3.11/site-packages/airflow/example_dags/example_kubernetes_executor.py
[2024-04-26T05:35:33.087-0300] {logging_mixin.py:188} WARNING - /home/athlon/projects/airflow/.venv/lib/python3.11/site-packages/airflow/serialization/serialized_objects.py:1673 DeprecationWarning: This module is deprecated. The `cncf.kubernetes` provider before version 7.4.0 uses this module - you should migrate to a newer version of `cncf.kubernetes` to get rid of this warning. If you import the module via `airflow.kubernetes` import, please use `cncf.kubernetes' provider 7.4.0+ and switch all your imports to use `apache.airflow.providers.cncf.kubernetes` to get rid of the warning.
[2024-04-26T05:35:33.108-0300] {logging_mixin.py:188} INFO - [2024-04-26T05:35:33.107-0300] {dag.py:3096} INFO - Sync 1 DAGs
[2024-04-26T05:35:33.124-0300] {logging_mixin.py:188} INFO - [2024-04-26T05:35:33.123-0300] {dag.py:3954} INFO - Setting next_dagrun for example_kubernetes_executor to None, run_after=None
[2024-04-26T05:35:33.159-0300] {processor.py:183} INFO - Processing /home/athlon/projects/airflow/.venv/lib/python3.11/site-packages/airflow/example_dags/example_kubernetes_executor.py took 0.459 seconds
[2024-04-26T05:36:28.546-0300] {processor.py:161} INFO - Started process (PID=10038) to work on /home/athlon/projects/airflow/.venv/lib/python3.11/site-packages/airflow/example_dags/example_kubernetes_executor.py
[2024-04-26T05:36:28.552-0300] {processor.py:830} INFO - Processing file /home/athlon/projects/airflow/.venv/lib/python3.11/site-packages/airflow/example_dags/example_kubernetes_executor.py for tasks to queue
[2024-04-26T05:36:28.555-0300] {logging_mixin.py:188} INFO - [2024-04-26T05:36:28.554-0300] {dagbag.py:540} INFO - Filling up the DagBag from /home/athlon/projects/airflow/.venv/lib/python3.11/site-packages/airflow/example_dags/example_kubernetes_executor.py
[2024-04-26T05:36:28.908-0300] {processor.py:840} INFO - DAG(s) 'example_kubernetes_executor' retrieved from /home/athlon/projects/airflow/.venv/lib/python3.11/site-packages/airflow/example_dags/example_kubernetes_executor.py
[2024-04-26T05:36:28.928-0300] {logging_mixin.py:188} WARNING - /home/athlon/projects/airflow/.venv/lib/python3.11/site-packages/airflow/serialization/serialized_objects.py:1673 DeprecationWarning: This module is deprecated. The `cncf.kubernetes` provider before version 7.4.0 uses this module - you should migrate to a newer version of `cncf.kubernetes` to get rid of this warning. If you import the module via `airflow.kubernetes` import, please use `cncf.kubernetes' provider 7.4.0+ and switch all your imports to use `apache.airflow.providers.cncf.kubernetes` to get rid of the warning.
[2024-04-26T05:36:28.943-0300] {logging_mixin.py:188} INFO - [2024-04-26T05:36:28.942-0300] {dag.py:3096} INFO - Sync 1 DAGs
[2024-04-26T05:36:28.958-0300] {logging_mixin.py:188} INFO - [2024-04-26T05:36:28.957-0300] {dag.py:3954} INFO - Setting next_dagrun for example_kubernetes_executor to None, run_after=None
[2024-04-26T05:36:28.992-0300] {processor.py:183} INFO - Processing /home/athlon/projects/airflow/.venv/lib/python3.11/site-packages/airflow/example_dags/example_kubernetes_executor.py took 0.456 seconds
[2024-04-26T05:37:24.417-0300] {processor.py:161} INFO - Started process (PID=10094) to work on /home/athlon/projects/airflow/.venv/lib/python3.11/site-packages/airflow/example_dags/example_kubernetes_executor.py
[2024-04-26T05:37:24.423-0300] {processor.py:830} INFO - Processing file /home/athlon/projects/airflow/.venv/lib/python3.11/site-packages/airflow/example_dags/example_kubernetes_executor.py for tasks to queue
[2024-04-26T05:37:24.426-0300] {logging_mixin.py:188} INFO - [2024-04-26T05:37:24.425-0300] {dagbag.py:540} INFO - Filling up the DagBag from /home/athlon/projects/airflow/.venv/lib/python3.11/site-packages/airflow/example_dags/example_kubernetes_executor.py
[2024-04-26T05:37:24.782-0300] {processor.py:840} INFO - DAG(s) 'example_kubernetes_executor' retrieved from /home/athlon/projects/airflow/.venv/lib/python3.11/site-packages/airflow/example_dags/example_kubernetes_executor.py
[2024-04-26T05:37:24.803-0300] {logging_mixin.py:188} WARNING - /home/athlon/projects/airflow/.venv/lib/python3.11/site-packages/airflow/serialization/serialized_objects.py:1673 DeprecationWarning: This module is deprecated. The `cncf.kubernetes` provider before version 7.4.0 uses this module - you should migrate to a newer version of `cncf.kubernetes` to get rid of this warning. If you import the module via `airflow.kubernetes` import, please use `cncf.kubernetes' provider 7.4.0+ and switch all your imports to use `apache.airflow.providers.cncf.kubernetes` to get rid of the warning.
[2024-04-26T05:37:24.818-0300] {logging_mixin.py:188} INFO - [2024-04-26T05:37:24.817-0300] {dag.py:3096} INFO - Sync 1 DAGs
[2024-04-26T05:37:24.833-0300] {logging_mixin.py:188} INFO - [2024-04-26T05:37:24.832-0300] {dag.py:3954} INFO - Setting next_dagrun for example_kubernetes_executor to None, run_after=None
[2024-04-26T05:37:24.886-0300] {processor.py:183} INFO - Processing /home/athlon/projects/airflow/.venv/lib/python3.11/site-packages/airflow/example_dags/example_kubernetes_executor.py took 0.479 seconds
[2024-04-26T05:38:21.066-0300] {processor.py:161} INFO - Started process (PID=10145) to work on /home/athlon/projects/airflow/.venv/lib/python3.11/site-packages/airflow/example_dags/example_kubernetes_executor.py
[2024-04-26T05:38:21.072-0300] {processor.py:830} INFO - Processing file /home/athlon/projects/airflow/.venv/lib/python3.11/site-packages/airflow/example_dags/example_kubernetes_executor.py for tasks to queue
[2024-04-26T05:38:21.074-0300] {logging_mixin.py:188} INFO - [2024-04-26T05:38:21.074-0300] {dagbag.py:540} INFO - Filling up the DagBag from /home/athlon/projects/airflow/.venv/lib/python3.11/site-packages/airflow/example_dags/example_kubernetes_executor.py
[2024-04-26T05:38:21.421-0300] {processor.py:840} INFO - DAG(s) 'example_kubernetes_executor' retrieved from /home/athlon/projects/airflow/.venv/lib/python3.11/site-packages/airflow/example_dags/example_kubernetes_executor.py
[2024-04-26T05:38:21.447-0300] {logging_mixin.py:188} WARNING - /home/athlon/projects/airflow/.venv/lib/python3.11/site-packages/airflow/serialization/serialized_objects.py:1673 DeprecationWarning: This module is deprecated. The `cncf.kubernetes` provider before version 7.4.0 uses this module - you should migrate to a newer version of `cncf.kubernetes` to get rid of this warning. If you import the module via `airflow.kubernetes` import, please use `cncf.kubernetes' provider 7.4.0+ and switch all your imports to use `apache.airflow.providers.cncf.kubernetes` to get rid of the warning.
[2024-04-26T05:38:21.461-0300] {logging_mixin.py:188} INFO - [2024-04-26T05:38:21.460-0300] {dag.py:3096} INFO - Sync 1 DAGs
[2024-04-26T05:38:21.476-0300] {logging_mixin.py:188} INFO - [2024-04-26T05:38:21.476-0300] {dag.py:3954} INFO - Setting next_dagrun for example_kubernetes_executor to None, run_after=None
[2024-04-26T05:38:21.511-0300] {processor.py:183} INFO - Processing /home/athlon/projects/airflow/.venv/lib/python3.11/site-packages/airflow/example_dags/example_kubernetes_executor.py took 0.455 seconds
[2024-04-26T05:39:22.758-0300] {processor.py:161} INFO - Started process (PID=10230) to work on /home/athlon/projects/airflow/.venv/lib/python3.11/site-packages/airflow/example_dags/example_kubernetes_executor.py
[2024-04-26T05:39:22.764-0300] {processor.py:830} INFO - Processing file /home/athlon/projects/airflow/.venv/lib/python3.11/site-packages/airflow/example_dags/example_kubernetes_executor.py for tasks to queue
[2024-04-26T05:39:22.767-0300] {logging_mixin.py:188} INFO - [2024-04-26T05:39:22.766-0300] {dagbag.py:540} INFO - Filling up the DagBag from /home/athlon/projects/airflow/.venv/lib/python3.11/site-packages/airflow/example_dags/example_kubernetes_executor.py
[2024-04-26T05:39:23.123-0300] {processor.py:840} INFO - DAG(s) 'example_kubernetes_executor' retrieved from /home/athlon/projects/airflow/.venv/lib/python3.11/site-packages/airflow/example_dags/example_kubernetes_executor.py
[2024-04-26T05:39:23.143-0300] {logging_mixin.py:188} WARNING - /home/athlon/projects/airflow/.venv/lib/python3.11/site-packages/airflow/serialization/serialized_objects.py:1673 DeprecationWarning: This module is deprecated. The `cncf.kubernetes` provider before version 7.4.0 uses this module - you should migrate to a newer version of `cncf.kubernetes` to get rid of this warning. If you import the module via `airflow.kubernetes` import, please use `cncf.kubernetes' provider 7.4.0+ and switch all your imports to use `apache.airflow.providers.cncf.kubernetes` to get rid of the warning.
[2024-04-26T05:39:23.158-0300] {logging_mixin.py:188} INFO - [2024-04-26T05:39:23.156-0300] {dag.py:3096} INFO - Sync 1 DAGs
[2024-04-26T05:39:23.174-0300] {logging_mixin.py:188} INFO - [2024-04-26T05:39:23.173-0300] {dag.py:3954} INFO - Setting next_dagrun for example_kubernetes_executor to None, run_after=None
[2024-04-26T05:39:23.207-0300] {processor.py:183} INFO - Processing /home/athlon/projects/airflow/.venv/lib/python3.11/site-packages/airflow/example_dags/example_kubernetes_executor.py took 0.460 seconds
[2024-04-26T05:40:22.039-0300] {processor.py:161} INFO - Started process (PID=10286) to work on /home/athlon/projects/airflow/.venv/lib/python3.11/site-packages/airflow/example_dags/example_kubernetes_executor.py
[2024-04-26T05:40:22.045-0300] {processor.py:830} INFO - Processing file /home/athlon/projects/airflow/.venv/lib/python3.11/site-packages/airflow/example_dags/example_kubernetes_executor.py for tasks to queue
[2024-04-26T05:40:22.048-0300] {logging_mixin.py:188} INFO - [2024-04-26T05:40:22.048-0300] {dagbag.py:540} INFO - Filling up the DagBag from /home/athlon/projects/airflow/.venv/lib/python3.11/site-packages/airflow/example_dags/example_kubernetes_executor.py
[2024-04-26T05:40:22.402-0300] {processor.py:840} INFO - DAG(s) 'example_kubernetes_executor' retrieved from /home/athlon/projects/airflow/.venv/lib/python3.11/site-packages/airflow/example_dags/example_kubernetes_executor.py
[2024-04-26T05:40:22.421-0300] {logging_mixin.py:188} WARNING - /home/athlon/projects/airflow/.venv/lib/python3.11/site-packages/airflow/serialization/serialized_objects.py:1673 DeprecationWarning: This module is deprecated. The `cncf.kubernetes` provider before version 7.4.0 uses this module - you should migrate to a newer version of `cncf.kubernetes` to get rid of this warning. If you import the module via `airflow.kubernetes` import, please use `cncf.kubernetes' provider 7.4.0+ and switch all your imports to use `apache.airflow.providers.cncf.kubernetes` to get rid of the warning.
[2024-04-26T05:40:22.435-0300] {logging_mixin.py:188} INFO - [2024-04-26T05:40:22.435-0300] {dag.py:3096} INFO - Sync 1 DAGs
[2024-04-26T05:40:22.452-0300] {logging_mixin.py:188} INFO - [2024-04-26T05:40:22.452-0300] {dag.py:3954} INFO - Setting next_dagrun for example_kubernetes_executor to None, run_after=None
[2024-04-26T05:40:22.486-0300] {processor.py:183} INFO - Processing /home/athlon/projects/airflow/.venv/lib/python3.11/site-packages/airflow/example_dags/example_kubernetes_executor.py took 0.458 seconds
[2024-04-26T05:41:23.812-0300] {processor.py:161} INFO - Started process (PID=10340) to work on /home/athlon/projects/airflow/.venv/lib/python3.11/site-packages/airflow/example_dags/example_kubernetes_executor.py
[2024-04-26T05:41:23.818-0300] {processor.py:830} INFO - Processing file /home/athlon/projects/airflow/.venv/lib/python3.11/site-packages/airflow/example_dags/example_kubernetes_executor.py for tasks to queue
[2024-04-26T05:41:23.820-0300] {logging_mixin.py:188} INFO - [2024-04-26T05:41:23.820-0300] {dagbag.py:540} INFO - Filling up the DagBag from /home/athlon/projects/airflow/.venv/lib/python3.11/site-packages/airflow/example_dags/example_kubernetes_executor.py
[2024-04-26T05:41:24.173-0300] {processor.py:840} INFO - DAG(s) 'example_kubernetes_executor' retrieved from /home/athlon/projects/airflow/.venv/lib/python3.11/site-packages/airflow/example_dags/example_kubernetes_executor.py
[2024-04-26T05:41:24.192-0300] {logging_mixin.py:188} WARNING - /home/athlon/projects/airflow/.venv/lib/python3.11/site-packages/airflow/serialization/serialized_objects.py:1673 DeprecationWarning: This module is deprecated. The `cncf.kubernetes` provider before version 7.4.0 uses this module - you should migrate to a newer version of `cncf.kubernetes` to get rid of this warning. If you import the module via `airflow.kubernetes` import, please use `cncf.kubernetes' provider 7.4.0+ and switch all your imports to use `apache.airflow.providers.cncf.kubernetes` to get rid of the warning.
[2024-04-26T05:41:24.207-0300] {logging_mixin.py:188} INFO - [2024-04-26T05:41:24.206-0300] {dag.py:3096} INFO - Sync 1 DAGs
[2024-04-26T05:41:24.222-0300] {logging_mixin.py:188} INFO - [2024-04-26T05:41:24.221-0300] {dag.py:3954} INFO - Setting next_dagrun for example_kubernetes_executor to None, run_after=None
[2024-04-26T05:41:24.255-0300] {processor.py:183} INFO - Processing /home/athlon/projects/airflow/.venv/lib/python3.11/site-packages/airflow/example_dags/example_kubernetes_executor.py took 0.453 seconds
[2024-04-26T05:42:25.458-0300] {processor.py:161} INFO - Started process (PID=10393) to work on /home/athlon/projects/airflow/.venv/lib/python3.11/site-packages/airflow/example_dags/example_kubernetes_executor.py
[2024-04-26T05:42:25.464-0300] {processor.py:830} INFO - Processing file /home/athlon/projects/airflow/.venv/lib/python3.11/site-packages/airflow/example_dags/example_kubernetes_executor.py for tasks to queue
[2024-04-26T05:42:25.467-0300] {logging_mixin.py:188} INFO - [2024-04-26T05:42:25.466-0300] {dagbag.py:540} INFO - Filling up the DagBag from /home/athlon/projects/airflow/.venv/lib/python3.11/site-packages/airflow/example_dags/example_kubernetes_executor.py
[2024-04-26T05:42:25.819-0300] {processor.py:840} INFO - DAG(s) 'example_kubernetes_executor' retrieved from /home/athlon/projects/airflow/.venv/lib/python3.11/site-packages/airflow/example_dags/example_kubernetes_executor.py
[2024-04-26T05:42:25.843-0300] {logging_mixin.py:188} WARNING - /home/athlon/projects/airflow/.venv/lib/python3.11/site-packages/airflow/serialization/serialized_objects.py:1673 DeprecationWarning: This module is deprecated. The `cncf.kubernetes` provider before version 7.4.0 uses this module - you should migrate to a newer version of `cncf.kubernetes` to get rid of this warning. If you import the module via `airflow.kubernetes` import, please use `cncf.kubernetes' provider 7.4.0+ and switch all your imports to use `apache.airflow.providers.cncf.kubernetes` to get rid of the warning.
[2024-04-26T05:42:25.862-0300] {logging_mixin.py:188} INFO - [2024-04-26T05:42:25.861-0300] {dag.py:3096} INFO - Sync 1 DAGs
[2024-04-26T05:42:25.877-0300] {logging_mixin.py:188} INFO - [2024-04-26T05:42:25.877-0300] {dag.py:3954} INFO - Setting next_dagrun for example_kubernetes_executor to None, run_after=None
[2024-04-26T05:42:25.911-0300] {processor.py:183} INFO - Processing /home/athlon/projects/airflow/.venv/lib/python3.11/site-packages/airflow/example_dags/example_kubernetes_executor.py took 0.463 seconds
[2024-04-26T05:43:25.217-0300] {processor.py:161} INFO - Started process (PID=10445) to work on /home/athlon/projects/airflow/.venv/lib/python3.11/site-packages/airflow/example_dags/example_kubernetes_executor.py
[2024-04-26T05:43:25.223-0300] {processor.py:830} INFO - Processing file /home/athlon/projects/airflow/.venv/lib/python3.11/site-packages/airflow/example_dags/example_kubernetes_executor.py for tasks to queue
[2024-04-26T05:43:25.226-0300] {logging_mixin.py:188} INFO - [2024-04-26T05:43:25.225-0300] {dagbag.py:540} INFO - Filling up the DagBag from /home/athlon/projects/airflow/.venv/lib/python3.11/site-packages/airflow/example_dags/example_kubernetes_executor.py
[2024-04-26T05:43:25.576-0300] {processor.py:840} INFO - DAG(s) 'example_kubernetes_executor' retrieved from /home/athlon/projects/airflow/.venv/lib/python3.11/site-packages/airflow/example_dags/example_kubernetes_executor.py
[2024-04-26T05:43:25.598-0300] {logging_mixin.py:188} WARNING - /home/athlon/projects/airflow/.venv/lib/python3.11/site-packages/airflow/serialization/serialized_objects.py:1673 DeprecationWarning: This module is deprecated. The `cncf.kubernetes` provider before version 7.4.0 uses this module - you should migrate to a newer version of `cncf.kubernetes` to get rid of this warning. If you import the module via `airflow.kubernetes` import, please use `cncf.kubernetes' provider 7.4.0+ and switch all your imports to use `apache.airflow.providers.cncf.kubernetes` to get rid of the warning.
[2024-04-26T05:43:25.612-0300] {logging_mixin.py:188} INFO - [2024-04-26T05:43:25.611-0300] {dag.py:3096} INFO - Sync 1 DAGs
[2024-04-26T05:43:25.631-0300] {logging_mixin.py:188} INFO - [2024-04-26T05:43:25.631-0300] {dag.py:3954} INFO - Setting next_dagrun for example_kubernetes_executor to None, run_after=None
[2024-04-26T05:43:25.665-0300] {processor.py:183} INFO - Processing /home/athlon/projects/airflow/.venv/lib/python3.11/site-packages/airflow/example_dags/example_kubernetes_executor.py took 0.458 seconds
[2024-04-26T05:44:20.995-0300] {processor.py:161} INFO - Started process (PID=10499) to work on /home/athlon/projects/airflow/.venv/lib/python3.11/site-packages/airflow/example_dags/example_kubernetes_executor.py
[2024-04-26T05:44:21.001-0300] {processor.py:830} INFO - Processing file /home/athlon/projects/airflow/.venv/lib/python3.11/site-packages/airflow/example_dags/example_kubernetes_executor.py for tasks to queue
[2024-04-26T05:44:21.004-0300] {logging_mixin.py:188} INFO - [2024-04-26T05:44:21.003-0300] {dagbag.py:540} INFO - Filling up the DagBag from /home/athlon/projects/airflow/.venv/lib/python3.11/site-packages/airflow/example_dags/example_kubernetes_executor.py
[2024-04-26T05:44:21.357-0300] {processor.py:840} INFO - DAG(s) 'example_kubernetes_executor' retrieved from /home/athlon/projects/airflow/.venv/lib/python3.11/site-packages/airflow/example_dags/example_kubernetes_executor.py
[2024-04-26T05:44:21.379-0300] {logging_mixin.py:188} WARNING - /home/athlon/projects/airflow/.venv/lib/python3.11/site-packages/airflow/serialization/serialized_objects.py:1673 DeprecationWarning: This module is deprecated. The `cncf.kubernetes` provider before version 7.4.0 uses this module - you should migrate to a newer version of `cncf.kubernetes` to get rid of this warning. If you import the module via `airflow.kubernetes` import, please use `cncf.kubernetes' provider 7.4.0+ and switch all your imports to use `apache.airflow.providers.cncf.kubernetes` to get rid of the warning.
[2024-04-26T05:44:21.394-0300] {logging_mixin.py:188} INFO - [2024-04-26T05:44:21.393-0300] {dag.py:3096} INFO - Sync 1 DAGs
[2024-04-26T05:44:21.409-0300] {logging_mixin.py:188} INFO - [2024-04-26T05:44:21.408-0300] {dag.py:3954} INFO - Setting next_dagrun for example_kubernetes_executor to None, run_after=None
[2024-04-26T05:44:21.442-0300] {processor.py:183} INFO - Processing /home/athlon/projects/airflow/.venv/lib/python3.11/site-packages/airflow/example_dags/example_kubernetes_executor.py took 0.458 seconds
[2024-04-26T05:45:17.154-0300] {processor.py:161} INFO - Started process (PID=10549) to work on /home/athlon/projects/airflow/.venv/lib/python3.11/site-packages/airflow/example_dags/example_kubernetes_executor.py
[2024-04-26T05:45:17.160-0300] {processor.py:830} INFO - Processing file /home/athlon/projects/airflow/.venv/lib/python3.11/site-packages/airflow/example_dags/example_kubernetes_executor.py for tasks to queue
[2024-04-26T05:45:17.163-0300] {logging_mixin.py:188} INFO - [2024-04-26T05:45:17.162-0300] {dagbag.py:540} INFO - Filling up the DagBag from /home/athlon/projects/airflow/.venv/lib/python3.11/site-packages/airflow/example_dags/example_kubernetes_executor.py
[2024-04-26T05:45:17.514-0300] {processor.py:840} INFO - DAG(s) 'example_kubernetes_executor' retrieved from /home/athlon/projects/airflow/.venv/lib/python3.11/site-packages/airflow/example_dags/example_kubernetes_executor.py
[2024-04-26T05:45:17.533-0300] {logging_mixin.py:188} WARNING - /home/athlon/projects/airflow/.venv/lib/python3.11/site-packages/airflow/serialization/serialized_objects.py:1673 DeprecationWarning: This module is deprecated. The `cncf.kubernetes` provider before version 7.4.0 uses this module - you should migrate to a newer version of `cncf.kubernetes` to get rid of this warning. If you import the module via `airflow.kubernetes` import, please use `cncf.kubernetes' provider 7.4.0+ and switch all your imports to use `apache.airflow.providers.cncf.kubernetes` to get rid of the warning.
[2024-04-26T05:45:17.548-0300] {logging_mixin.py:188} INFO - [2024-04-26T05:45:17.547-0300] {dag.py:3096} INFO - Sync 1 DAGs
[2024-04-26T05:45:17.566-0300] {logging_mixin.py:188} INFO - [2024-04-26T05:45:17.566-0300] {dag.py:3954} INFO - Setting next_dagrun for example_kubernetes_executor to None, run_after=None
[2024-04-26T05:45:17.600-0300] {processor.py:183} INFO - Processing /home/athlon/projects/airflow/.venv/lib/python3.11/site-packages/airflow/example_dags/example_kubernetes_executor.py took 0.456 seconds
[2024-04-26T05:46:17.534-0300] {processor.py:161} INFO - Started process (PID=10604) to work on /home/athlon/projects/airflow/.venv/lib/python3.11/site-packages/airflow/example_dags/example_kubernetes_executor.py
[2024-04-26T05:46:17.535-0300] {processor.py:830} INFO - Processing file /home/athlon/projects/airflow/.venv/lib/python3.11/site-packages/airflow/example_dags/example_kubernetes_executor.py for tasks to queue
[2024-04-26T05:46:17.537-0300] {logging_mixin.py:188} INFO - [2024-04-26T05:46:17.537-0300] {dagbag.py:540} INFO - Filling up the DagBag from /home/athlon/projects/airflow/.venv/lib/python3.11/site-packages/airflow/example_dags/example_kubernetes_executor.py
[2024-04-26T05:46:17.924-0300] {processor.py:840} INFO - DAG(s) 'example_kubernetes_executor' retrieved from /home/athlon/projects/airflow/.venv/lib/python3.11/site-packages/airflow/example_dags/example_kubernetes_executor.py
[2024-04-26T05:46:17.948-0300] {logging_mixin.py:188} WARNING - /home/athlon/projects/airflow/.venv/lib/python3.11/site-packages/airflow/serialization/serialized_objects.py:1673 DeprecationWarning: This module is deprecated. The `cncf.kubernetes` provider before version 7.4.0 uses this module - you should migrate to a newer version of `cncf.kubernetes` to get rid of this warning. If you import the module via `airflow.kubernetes` import, please use `cncf.kubernetes' provider 7.4.0+ and switch all your imports to use `apache.airflow.providers.cncf.kubernetes` to get rid of the warning.
[2024-04-26T05:46:17.968-0300] {logging_mixin.py:188} INFO - [2024-04-26T05:46:17.967-0300] {dag.py:3096} INFO - Sync 1 DAGs
[2024-04-26T05:46:17.985-0300] {logging_mixin.py:188} INFO - [2024-04-26T05:46:17.985-0300] {dag.py:3954} INFO - Setting next_dagrun for example_kubernetes_executor to None, run_after=None
[2024-04-26T05:46:18.014-0300] {processor.py:183} INFO - Processing /home/athlon/projects/airflow/.venv/lib/python3.11/site-packages/airflow/example_dags/example_kubernetes_executor.py took 0.490 seconds
[2024-04-26T05:47:13.904-0300] {processor.py:161} INFO - Started process (PID=10670) to work on /home/athlon/projects/airflow/.venv/lib/python3.11/site-packages/airflow/example_dags/example_kubernetes_executor.py
[2024-04-26T05:47:13.909-0300] {processor.py:830} INFO - Processing file /home/athlon/projects/airflow/.venv/lib/python3.11/site-packages/airflow/example_dags/example_kubernetes_executor.py for tasks to queue
[2024-04-26T05:47:13.911-0300] {logging_mixin.py:188} INFO - [2024-04-26T05:47:13.911-0300] {dagbag.py:540} INFO - Filling up the DagBag from /home/athlon/projects/airflow/.venv/lib/python3.11/site-packages/airflow/example_dags/example_kubernetes_executor.py
[2024-04-26T05:47:14.261-0300] {processor.py:840} INFO - DAG(s) 'example_kubernetes_executor' retrieved from /home/athlon/projects/airflow/.venv/lib/python3.11/site-packages/airflow/example_dags/example_kubernetes_executor.py
[2024-04-26T05:47:14.281-0300] {logging_mixin.py:188} WARNING - /home/athlon/projects/airflow/.venv/lib/python3.11/site-packages/airflow/serialization/serialized_objects.py:1673 DeprecationWarning: This module is deprecated. The `cncf.kubernetes` provider before version 7.4.0 uses this module - you should migrate to a newer version of `cncf.kubernetes` to get rid of this warning. If you import the module via `airflow.kubernetes` import, please use `cncf.kubernetes' provider 7.4.0+ and switch all your imports to use `apache.airflow.providers.cncf.kubernetes` to get rid of the warning.
[2024-04-26T05:47:14.295-0300] {logging_mixin.py:188} INFO - [2024-04-26T05:47:14.294-0300] {dag.py:3096} INFO - Sync 1 DAGs
[2024-04-26T05:47:14.310-0300] {logging_mixin.py:188} INFO - [2024-04-26T05:47:14.310-0300] {dag.py:3954} INFO - Setting next_dagrun for example_kubernetes_executor to None, run_after=None
[2024-04-26T05:47:14.348-0300] {processor.py:183} INFO - Processing /home/athlon/projects/airflow/.venv/lib/python3.11/site-packages/airflow/example_dags/example_kubernetes_executor.py took 0.452 seconds
[2024-04-26T05:48:07.640-0300] {processor.py:161} INFO - Started process (PID=10746) to work on /home/athlon/projects/airflow/.venv/lib/python3.11/site-packages/airflow/example_dags/example_kubernetes_executor.py
[2024-04-26T05:48:07.645-0300] {processor.py:830} INFO - Processing file /home/athlon/projects/airflow/.venv/lib/python3.11/site-packages/airflow/example_dags/example_kubernetes_executor.py for tasks to queue
[2024-04-26T05:48:07.648-0300] {logging_mixin.py:188} INFO - [2024-04-26T05:48:07.647-0300] {dagbag.py:540} INFO - Filling up the DagBag from /home/athlon/projects/airflow/.venv/lib/python3.11/site-packages/airflow/example_dags/example_kubernetes_executor.py
[2024-04-26T05:48:08.008-0300] {processor.py:840} INFO - DAG(s) 'example_kubernetes_executor' retrieved from /home/athlon/projects/airflow/.venv/lib/python3.11/site-packages/airflow/example_dags/example_kubernetes_executor.py
[2024-04-26T05:48:08.027-0300] {logging_mixin.py:188} WARNING - /home/athlon/projects/airflow/.venv/lib/python3.11/site-packages/airflow/serialization/serialized_objects.py:1673 DeprecationWarning: This module is deprecated. The `cncf.kubernetes` provider before version 7.4.0 uses this module - you should migrate to a newer version of `cncf.kubernetes` to get rid of this warning. If you import the module via `airflow.kubernetes` import, please use `cncf.kubernetes' provider 7.4.0+ and switch all your imports to use `apache.airflow.providers.cncf.kubernetes` to get rid of the warning.
[2024-04-26T05:48:08.041-0300] {logging_mixin.py:188} INFO - [2024-04-26T05:48:08.041-0300] {dag.py:3096} INFO - Sync 1 DAGs
[2024-04-26T05:48:08.058-0300] {logging_mixin.py:188} INFO - [2024-04-26T05:48:08.058-0300] {dag.py:3954} INFO - Setting next_dagrun for example_kubernetes_executor to None, run_after=None
[2024-04-26T05:48:08.092-0300] {processor.py:183} INFO - Processing /home/athlon/projects/airflow/.venv/lib/python3.11/site-packages/airflow/example_dags/example_kubernetes_executor.py took 0.463 seconds
[2024-04-26T05:49:08.986-0300] {processor.py:161} INFO - Started process (PID=10827) to work on /home/athlon/projects/airflow/.venv/lib/python3.11/site-packages/airflow/example_dags/example_kubernetes_executor.py
[2024-04-26T05:49:08.990-0300] {processor.py:830} INFO - Processing file /home/athlon/projects/airflow/.venv/lib/python3.11/site-packages/airflow/example_dags/example_kubernetes_executor.py for tasks to queue
[2024-04-26T05:49:08.993-0300] {logging_mixin.py:188} INFO - [2024-04-26T05:49:08.992-0300] {dagbag.py:540} INFO - Filling up the DagBag from /home/athlon/projects/airflow/.venv/lib/python3.11/site-packages/airflow/example_dags/example_kubernetes_executor.py
[2024-04-26T05:49:09.739-0300] {processor.py:840} INFO - DAG(s) 'example_kubernetes_executor' retrieved from /home/athlon/projects/airflow/.venv/lib/python3.11/site-packages/airflow/example_dags/example_kubernetes_executor.py
[2024-04-26T05:49:09.777-0300] {logging_mixin.py:188} WARNING - /home/athlon/projects/airflow/.venv/lib/python3.11/site-packages/airflow/serialization/serialized_objects.py:1673 DeprecationWarning: This module is deprecated. The `cncf.kubernetes` provider before version 7.4.0 uses this module - you should migrate to a newer version of `cncf.kubernetes` to get rid of this warning. If you import the module via `airflow.kubernetes` import, please use `cncf.kubernetes' provider 7.4.0+ and switch all your imports to use `apache.airflow.providers.cncf.kubernetes` to get rid of the warning.
[2024-04-26T05:49:09.810-0300] {logging_mixin.py:188} INFO - [2024-04-26T05:49:09.809-0300] {dag.py:3096} INFO - Sync 1 DAGs
[2024-04-26T05:49:09.838-0300] {logging_mixin.py:188} INFO - [2024-04-26T05:49:09.837-0300] {dag.py:3954} INFO - Setting next_dagrun for example_kubernetes_executor to None, run_after=None
[2024-04-26T05:49:09.899-0300] {processor.py:183} INFO - Processing /home/athlon/projects/airflow/.venv/lib/python3.11/site-packages/airflow/example_dags/example_kubernetes_executor.py took 0.925 seconds
[2024-04-26T05:50:08.017-0300] {processor.py:161} INFO - Started process (PID=10909) to work on /home/athlon/projects/airflow/.venv/lib/python3.11/site-packages/airflow/example_dags/example_kubernetes_executor.py
[2024-04-26T05:50:08.022-0300] {processor.py:830} INFO - Processing file /home/athlon/projects/airflow/.venv/lib/python3.11/site-packages/airflow/example_dags/example_kubernetes_executor.py for tasks to queue
[2024-04-26T05:50:08.024-0300] {logging_mixin.py:188} INFO - [2024-04-26T05:50:08.024-0300] {dagbag.py:540} INFO - Filling up the DagBag from /home/athlon/projects/airflow/.venv/lib/python3.11/site-packages/airflow/example_dags/example_kubernetes_executor.py
[2024-04-26T05:50:08.616-0300] {processor.py:840} INFO - DAG(s) 'example_kubernetes_executor' retrieved from /home/athlon/projects/airflow/.venv/lib/python3.11/site-packages/airflow/example_dags/example_kubernetes_executor.py
[2024-04-26T05:50:08.657-0300] {logging_mixin.py:188} WARNING - /home/athlon/projects/airflow/.venv/lib/python3.11/site-packages/airflow/serialization/serialized_objects.py:1673 DeprecationWarning: This module is deprecated. The `cncf.kubernetes` provider before version 7.4.0 uses this module - you should migrate to a newer version of `cncf.kubernetes` to get rid of this warning. If you import the module via `airflow.kubernetes` import, please use `cncf.kubernetes' provider 7.4.0+ and switch all your imports to use `apache.airflow.providers.cncf.kubernetes` to get rid of the warning.
[2024-04-26T05:50:08.684-0300] {logging_mixin.py:188} INFO - [2024-04-26T05:50:08.682-0300] {dag.py:3096} INFO - Sync 1 DAGs
[2024-04-26T05:50:08.719-0300] {logging_mixin.py:188} INFO - [2024-04-26T05:50:08.718-0300] {dag.py:3954} INFO - Setting next_dagrun for example_kubernetes_executor to None, run_after=None
[2024-04-26T05:50:08.781-0300] {processor.py:183} INFO - Processing /home/athlon/projects/airflow/.venv/lib/python3.11/site-packages/airflow/example_dags/example_kubernetes_executor.py took 0.773 seconds
[2024-04-26T05:51:22.065-0300] {processor.py:161} INFO - Started process (PID=10985) to work on /home/athlon/projects/airflow/.venv/lib/python3.11/site-packages/airflow/example_dags/example_kubernetes_executor.py
[2024-04-26T05:51:22.071-0300] {processor.py:830} INFO - Processing file /home/athlon/projects/airflow/.venv/lib/python3.11/site-packages/airflow/example_dags/example_kubernetes_executor.py for tasks to queue
[2024-04-26T05:51:22.079-0300] {logging_mixin.py:188} INFO - [2024-04-26T05:51:22.078-0300] {dagbag.py:540} INFO - Filling up the DagBag from /home/athlon/projects/airflow/.venv/lib/python3.11/site-packages/airflow/example_dags/example_kubernetes_executor.py
[2024-04-26T05:51:27.687-0300] {processor.py:840} INFO - DAG(s) 'example_kubernetes_executor' retrieved from /home/athlon/projects/airflow/.venv/lib/python3.11/site-packages/airflow/example_dags/example_kubernetes_executor.py
[2024-04-26T05:51:27.774-0300] {logging_mixin.py:188} WARNING - /home/athlon/projects/airflow/.venv/lib/python3.11/site-packages/airflow/serialization/serialized_objects.py:1673 DeprecationWarning: This module is deprecated. The `cncf.kubernetes` provider before version 7.4.0 uses this module - you should migrate to a newer version of `cncf.kubernetes` to get rid of this warning. If you import the module via `airflow.kubernetes` import, please use `cncf.kubernetes' provider 7.4.0+ and switch all your imports to use `apache.airflow.providers.cncf.kubernetes` to get rid of the warning.
[2024-04-26T05:51:27.852-0300] {logging_mixin.py:188} INFO - [2024-04-26T05:51:27.844-0300] {dag.py:3096} INFO - Sync 1 DAGs
[2024-04-26T05:51:27.924-0300] {logging_mixin.py:188} INFO - [2024-04-26T05:51:27.924-0300] {dag.py:3954} INFO - Setting next_dagrun for example_kubernetes_executor to None, run_after=None
[2024-04-26T05:51:27.998-0300] {processor.py:183} INFO - Processing /home/athlon/projects/airflow/.venv/lib/python3.11/site-packages/airflow/example_dags/example_kubernetes_executor.py took 5.948 seconds
[2024-04-26T05:52:37.496-0300] {processor.py:161} INFO - Started process (PID=11053) to work on /home/athlon/projects/airflow/.venv/lib/python3.11/site-packages/airflow/example_dags/example_kubernetes_executor.py
[2024-04-26T05:52:37.502-0300] {processor.py:830} INFO - Processing file /home/athlon/projects/airflow/.venv/lib/python3.11/site-packages/airflow/example_dags/example_kubernetes_executor.py for tasks to queue
[2024-04-26T05:52:37.507-0300] {logging_mixin.py:188} INFO - [2024-04-26T05:52:37.506-0300] {dagbag.py:540} INFO - Filling up the DagBag from /home/athlon/projects/airflow/.venv/lib/python3.11/site-packages/airflow/example_dags/example_kubernetes_executor.py
[2024-04-26T05:52:37.968-0300] {processor.py:840} INFO - DAG(s) 'example_kubernetes_executor' retrieved from /home/athlon/projects/airflow/.venv/lib/python3.11/site-packages/airflow/example_dags/example_kubernetes_executor.py
[2024-04-26T05:52:37.992-0300] {logging_mixin.py:188} WARNING - /home/athlon/projects/airflow/.venv/lib/python3.11/site-packages/airflow/serialization/serialized_objects.py:1673 DeprecationWarning: This module is deprecated. The `cncf.kubernetes` provider before version 7.4.0 uses this module - you should migrate to a newer version of `cncf.kubernetes` to get rid of this warning. If you import the module via `airflow.kubernetes` import, please use `cncf.kubernetes' provider 7.4.0+ and switch all your imports to use `apache.airflow.providers.cncf.kubernetes` to get rid of the warning.
[2024-04-26T05:52:38.015-0300] {logging_mixin.py:188} INFO - [2024-04-26T05:52:38.013-0300] {dag.py:3096} INFO - Sync 1 DAGs
[2024-04-26T05:52:38.037-0300] {logging_mixin.py:188} INFO - [2024-04-26T05:52:38.036-0300] {dag.py:3954} INFO - Setting next_dagrun for example_kubernetes_executor to None, run_after=None
[2024-04-26T05:52:38.078-0300] {processor.py:183} INFO - Processing /home/athlon/projects/airflow/.venv/lib/python3.11/site-packages/airflow/example_dags/example_kubernetes_executor.py took 0.594 seconds
