[2024-04-26T05:28:07.708-0300] {processor.py:161} INFO - Started process (PID=9527) to work on /home/athlon/projects/airflow/.venv/lib/python3.11/site-packages/airflow/example_dags/example_setup_teardown_taskflow.py
[2024-04-26T05:28:07.709-0300] {processor.py:830} INFO - Processing file /home/athlon/projects/airflow/.venv/lib/python3.11/site-packages/airflow/example_dags/example_setup_teardown_taskflow.py for tasks to queue
[2024-04-26T05:28:07.711-0300] {logging_mixin.py:188} INFO - [2024-04-26T05:28:07.711-0300] {dagbag.py:540} INFO - Filling up the DagBag from /home/athlon/projects/airflow/.venv/lib/python3.11/site-packages/airflow/example_dags/example_setup_teardown_taskflow.py
[2024-04-26T05:28:07.731-0300] {processor.py:840} INFO - DAG(s) 'example_setup_teardown_taskflow' retrieved from /home/athlon/projects/airflow/.venv/lib/python3.11/site-packages/airflow/example_dags/example_setup_teardown_taskflow.py
[2024-04-26T05:28:07.949-0300] {logging_mixin.py:188} INFO - [2024-04-26T05:28:07.949-0300] {override.py:1829} INFO - Created Permission View: can edit on DAG:example_setup_teardown_taskflow
[2024-04-26T05:28:07.966-0300] {logging_mixin.py:188} INFO - [2024-04-26T05:28:07.965-0300] {override.py:1829} INFO - Created Permission View: can delete on DAG:example_setup_teardown_taskflow
[2024-04-26T05:28:07.977-0300] {logging_mixin.py:188} INFO - [2024-04-26T05:28:07.977-0300] {override.py:1829} INFO - Created Permission View: can read on DAG:example_setup_teardown_taskflow
[2024-04-26T05:28:07.978-0300] {logging_mixin.py:188} INFO - [2024-04-26T05:28:07.978-0300] {dag.py:3096} INFO - Sync 1 DAGs
[2024-04-26T05:28:07.997-0300] {logging_mixin.py:188} INFO - [2024-04-26T05:28:07.997-0300] {dag.py:3118} INFO - Creating ORM DAG for example_setup_teardown_taskflow
[2024-04-26T05:28:08.012-0300] {logging_mixin.py:188} INFO - [2024-04-26T05:28:08.012-0300] {dag.py:3954} INFO - Setting next_dagrun for example_setup_teardown_taskflow to 2024-04-25 00:00:00+00:00, run_after=2024-04-26 00:00:00+00:00
[2024-04-26T05:28:08.049-0300] {processor.py:183} INFO - Processing /home/athlon/projects/airflow/.venv/lib/python3.11/site-packages/airflow/example_dags/example_setup_teardown_taskflow.py took 0.349 seconds
[2024-04-26T05:29:16.387-0300] {processor.py:161} INFO - Started process (PID=9619) to work on /home/athlon/projects/airflow/.venv/lib/python3.11/site-packages/airflow/example_dags/example_setup_teardown_taskflow.py
[2024-04-26T05:29:16.389-0300] {processor.py:830} INFO - Processing file /home/athlon/projects/airflow/.venv/lib/python3.11/site-packages/airflow/example_dags/example_setup_teardown_taskflow.py for tasks to queue
[2024-04-26T05:29:16.392-0300] {logging_mixin.py:188} INFO - [2024-04-26T05:29:16.392-0300] {dagbag.py:540} INFO - Filling up the DagBag from /home/athlon/projects/airflow/.venv/lib/python3.11/site-packages/airflow/example_dags/example_setup_teardown_taskflow.py
[2024-04-26T05:29:16.410-0300] {processor.py:840} INFO - DAG(s) 'example_setup_teardown_taskflow' retrieved from /home/athlon/projects/airflow/.venv/lib/python3.11/site-packages/airflow/example_dags/example_setup_teardown_taskflow.py
[2024-04-26T05:29:16.435-0300] {logging_mixin.py:188} INFO - [2024-04-26T05:29:16.435-0300] {dag.py:3096} INFO - Sync 1 DAGs
[2024-04-26T05:29:16.462-0300] {logging_mixin.py:188} INFO - [2024-04-26T05:29:16.462-0300] {dag.py:3954} INFO - Setting next_dagrun for example_setup_teardown_taskflow to 2024-04-25 00:00:00+00:00, run_after=2024-04-26 00:00:00+00:00
[2024-04-26T05:29:16.492-0300] {processor.py:183} INFO - Processing /home/athlon/projects/airflow/.venv/lib/python3.11/site-packages/airflow/example_dags/example_setup_teardown_taskflow.py took 0.117 seconds
[2024-04-26T05:30:17.147-0300] {processor.py:161} INFO - Started process (PID=9680) to work on /home/athlon/projects/airflow/.venv/lib/python3.11/site-packages/airflow/example_dags/example_setup_teardown_taskflow.py
[2024-04-26T05:30:17.148-0300] {processor.py:830} INFO - Processing file /home/athlon/projects/airflow/.venv/lib/python3.11/site-packages/airflow/example_dags/example_setup_teardown_taskflow.py for tasks to queue
[2024-04-26T05:30:17.151-0300] {logging_mixin.py:188} INFO - [2024-04-26T05:30:17.150-0300] {dagbag.py:540} INFO - Filling up the DagBag from /home/athlon/projects/airflow/.venv/lib/python3.11/site-packages/airflow/example_dags/example_setup_teardown_taskflow.py
[2024-04-26T05:30:17.168-0300] {processor.py:840} INFO - DAG(s) 'example_setup_teardown_taskflow' retrieved from /home/athlon/projects/airflow/.venv/lib/python3.11/site-packages/airflow/example_dags/example_setup_teardown_taskflow.py
[2024-04-26T05:30:17.193-0300] {logging_mixin.py:188} INFO - [2024-04-26T05:30:17.193-0300] {dag.py:3096} INFO - Sync 1 DAGs
[2024-04-26T05:30:17.220-0300] {logging_mixin.py:188} INFO - [2024-04-26T05:30:17.220-0300] {dag.py:3954} INFO - Setting next_dagrun for example_setup_teardown_taskflow to 2024-04-25 00:00:00+00:00, run_after=2024-04-26 00:00:00+00:00
[2024-04-26T05:30:17.253-0300] {processor.py:183} INFO - Processing /home/athlon/projects/airflow/.venv/lib/python3.11/site-packages/airflow/example_dags/example_setup_teardown_taskflow.py took 0.117 seconds
[2024-04-26T05:31:12.319-0300] {processor.py:161} INFO - Started process (PID=9730) to work on /home/athlon/projects/airflow/.venv/lib/python3.11/site-packages/airflow/example_dags/example_setup_teardown_taskflow.py
[2024-04-26T05:31:12.325-0300] {processor.py:830} INFO - Processing file /home/athlon/projects/airflow/.venv/lib/python3.11/site-packages/airflow/example_dags/example_setup_teardown_taskflow.py for tasks to queue
[2024-04-26T05:31:12.327-0300] {logging_mixin.py:188} INFO - [2024-04-26T05:31:12.327-0300] {dagbag.py:540} INFO - Filling up the DagBag from /home/athlon/projects/airflow/.venv/lib/python3.11/site-packages/airflow/example_dags/example_setup_teardown_taskflow.py
[2024-04-26T05:31:12.344-0300] {processor.py:840} INFO - DAG(s) 'example_setup_teardown_taskflow' retrieved from /home/athlon/projects/airflow/.venv/lib/python3.11/site-packages/airflow/example_dags/example_setup_teardown_taskflow.py
[2024-04-26T05:31:12.370-0300] {logging_mixin.py:188} INFO - [2024-04-26T05:31:12.370-0300] {dag.py:3096} INFO - Sync 1 DAGs
[2024-04-26T05:31:12.397-0300] {logging_mixin.py:188} INFO - [2024-04-26T05:31:12.396-0300] {dag.py:3954} INFO - Setting next_dagrun for example_setup_teardown_taskflow to 2024-04-25 00:00:00+00:00, run_after=2024-04-26 00:00:00+00:00
[2024-04-26T05:31:12.426-0300] {processor.py:183} INFO - Processing /home/athlon/projects/airflow/.venv/lib/python3.11/site-packages/airflow/example_dags/example_setup_teardown_taskflow.py took 0.117 seconds
[2024-04-26T05:32:10.143-0300] {processor.py:161} INFO - Started process (PID=9787) to work on /home/athlon/projects/airflow/.venv/lib/python3.11/site-packages/airflow/example_dags/example_setup_teardown_taskflow.py
[2024-04-26T05:32:10.148-0300] {processor.py:830} INFO - Processing file /home/athlon/projects/airflow/.venv/lib/python3.11/site-packages/airflow/example_dags/example_setup_teardown_taskflow.py for tasks to queue
[2024-04-26T05:32:10.151-0300] {logging_mixin.py:188} INFO - [2024-04-26T05:32:10.150-0300] {dagbag.py:540} INFO - Filling up the DagBag from /home/athlon/projects/airflow/.venv/lib/python3.11/site-packages/airflow/example_dags/example_setup_teardown_taskflow.py
[2024-04-26T05:32:10.168-0300] {processor.py:840} INFO - DAG(s) 'example_setup_teardown_taskflow' retrieved from /home/athlon/projects/airflow/.venv/lib/python3.11/site-packages/airflow/example_dags/example_setup_teardown_taskflow.py
[2024-04-26T05:32:10.193-0300] {logging_mixin.py:188} INFO - [2024-04-26T05:32:10.193-0300] {dag.py:3096} INFO - Sync 1 DAGs
[2024-04-26T05:32:10.221-0300] {logging_mixin.py:188} INFO - [2024-04-26T05:32:10.220-0300] {dag.py:3954} INFO - Setting next_dagrun for example_setup_teardown_taskflow to 2024-04-25 00:00:00+00:00, run_after=2024-04-26 00:00:00+00:00
[2024-04-26T05:32:10.250-0300] {processor.py:183} INFO - Processing /home/athlon/projects/airflow/.venv/lib/python3.11/site-packages/airflow/example_dags/example_setup_teardown_taskflow.py took 0.118 seconds
[2024-04-26T05:33:12.647-0300] {processor.py:161} INFO - Started process (PID=9842) to work on /home/athlon/projects/airflow/.venv/lib/python3.11/site-packages/airflow/example_dags/example_setup_teardown_taskflow.py
[2024-04-26T05:33:12.653-0300] {processor.py:830} INFO - Processing file /home/athlon/projects/airflow/.venv/lib/python3.11/site-packages/airflow/example_dags/example_setup_teardown_taskflow.py for tasks to queue
[2024-04-26T05:33:12.656-0300] {logging_mixin.py:188} INFO - [2024-04-26T05:33:12.655-0300] {dagbag.py:540} INFO - Filling up the DagBag from /home/athlon/projects/airflow/.venv/lib/python3.11/site-packages/airflow/example_dags/example_setup_teardown_taskflow.py
[2024-04-26T05:33:12.673-0300] {processor.py:840} INFO - DAG(s) 'example_setup_teardown_taskflow' retrieved from /home/athlon/projects/airflow/.venv/lib/python3.11/site-packages/airflow/example_dags/example_setup_teardown_taskflow.py
[2024-04-26T05:33:12.699-0300] {logging_mixin.py:188} INFO - [2024-04-26T05:33:12.699-0300] {dag.py:3096} INFO - Sync 1 DAGs
[2024-04-26T05:33:12.731-0300] {logging_mixin.py:188} INFO - [2024-04-26T05:33:12.731-0300] {dag.py:3954} INFO - Setting next_dagrun for example_setup_teardown_taskflow to 2024-04-25 00:00:00+00:00, run_after=2024-04-26 00:00:00+00:00
[2024-04-26T05:33:12.762-0300] {processor.py:183} INFO - Processing /home/athlon/projects/airflow/.venv/lib/python3.11/site-packages/airflow/example_dags/example_setup_teardown_taskflow.py took 0.125 seconds
[2024-04-26T05:34:12.547-0300] {processor.py:161} INFO - Started process (PID=9912) to work on /home/athlon/projects/airflow/.venv/lib/python3.11/site-packages/airflow/example_dags/example_setup_teardown_taskflow.py
[2024-04-26T05:34:12.553-0300] {processor.py:830} INFO - Processing file /home/athlon/projects/airflow/.venv/lib/python3.11/site-packages/airflow/example_dags/example_setup_teardown_taskflow.py for tasks to queue
[2024-04-26T05:34:12.556-0300] {logging_mixin.py:188} INFO - [2024-04-26T05:34:12.555-0300] {dagbag.py:540} INFO - Filling up the DagBag from /home/athlon/projects/airflow/.venv/lib/python3.11/site-packages/airflow/example_dags/example_setup_teardown_taskflow.py
[2024-04-26T05:34:12.573-0300] {processor.py:840} INFO - DAG(s) 'example_setup_teardown_taskflow' retrieved from /home/athlon/projects/airflow/.venv/lib/python3.11/site-packages/airflow/example_dags/example_setup_teardown_taskflow.py
[2024-04-26T05:34:12.598-0300] {logging_mixin.py:188} INFO - [2024-04-26T05:34:12.598-0300] {dag.py:3096} INFO - Sync 1 DAGs
[2024-04-26T05:34:12.625-0300] {logging_mixin.py:188} INFO - [2024-04-26T05:34:12.625-0300] {dag.py:3954} INFO - Setting next_dagrun for example_setup_teardown_taskflow to 2024-04-25 00:00:00+00:00, run_after=2024-04-26 00:00:00+00:00
[2024-04-26T05:34:12.655-0300] {processor.py:183} INFO - Processing /home/athlon/projects/airflow/.venv/lib/python3.11/site-packages/airflow/example_dags/example_setup_teardown_taskflow.py took 0.122 seconds
[2024-04-26T05:35:06.504-0300] {processor.py:161} INFO - Started process (PID=9964) to work on /home/athlon/projects/airflow/.venv/lib/python3.11/site-packages/airflow/example_dags/example_setup_teardown_taskflow.py
[2024-04-26T05:35:06.510-0300] {processor.py:830} INFO - Processing file /home/athlon/projects/airflow/.venv/lib/python3.11/site-packages/airflow/example_dags/example_setup_teardown_taskflow.py for tasks to queue
[2024-04-26T05:35:06.512-0300] {logging_mixin.py:188} INFO - [2024-04-26T05:35:06.512-0300] {dagbag.py:540} INFO - Filling up the DagBag from /home/athlon/projects/airflow/.venv/lib/python3.11/site-packages/airflow/example_dags/example_setup_teardown_taskflow.py
[2024-04-26T05:35:06.529-0300] {processor.py:840} INFO - DAG(s) 'example_setup_teardown_taskflow' retrieved from /home/athlon/projects/airflow/.venv/lib/python3.11/site-packages/airflow/example_dags/example_setup_teardown_taskflow.py
[2024-04-26T05:35:06.554-0300] {logging_mixin.py:188} INFO - [2024-04-26T05:35:06.554-0300] {dag.py:3096} INFO - Sync 1 DAGs
[2024-04-26T05:35:06.582-0300] {logging_mixin.py:188} INFO - [2024-04-26T05:35:06.581-0300] {dag.py:3954} INFO - Setting next_dagrun for example_setup_teardown_taskflow to 2024-04-25 00:00:00+00:00, run_after=2024-04-26 00:00:00+00:00
[2024-04-26T05:35:06.611-0300] {processor.py:183} INFO - Processing /home/athlon/projects/airflow/.venv/lib/python3.11/site-packages/airflow/example_dags/example_setup_teardown_taskflow.py took 0.117 seconds
[2024-04-26T05:36:03.157-0300] {processor.py:161} INFO - Started process (PID=10014) to work on /home/athlon/projects/airflow/.venv/lib/python3.11/site-packages/airflow/example_dags/example_setup_teardown_taskflow.py
[2024-04-26T05:36:03.163-0300] {processor.py:830} INFO - Processing file /home/athlon/projects/airflow/.venv/lib/python3.11/site-packages/airflow/example_dags/example_setup_teardown_taskflow.py for tasks to queue
[2024-04-26T05:36:03.166-0300] {logging_mixin.py:188} INFO - [2024-04-26T05:36:03.165-0300] {dagbag.py:540} INFO - Filling up the DagBag from /home/athlon/projects/airflow/.venv/lib/python3.11/site-packages/airflow/example_dags/example_setup_teardown_taskflow.py
[2024-04-26T05:36:03.185-0300] {processor.py:840} INFO - DAG(s) 'example_setup_teardown_taskflow' retrieved from /home/athlon/projects/airflow/.venv/lib/python3.11/site-packages/airflow/example_dags/example_setup_teardown_taskflow.py
[2024-04-26T05:36:03.211-0300] {logging_mixin.py:188} INFO - [2024-04-26T05:36:03.211-0300] {dag.py:3096} INFO - Sync 1 DAGs
[2024-04-26T05:36:03.238-0300] {logging_mixin.py:188} INFO - [2024-04-26T05:36:03.237-0300] {dag.py:3954} INFO - Setting next_dagrun for example_setup_teardown_taskflow to 2024-04-25 00:00:00+00:00, run_after=2024-04-26 00:00:00+00:00
[2024-04-26T05:36:03.268-0300] {processor.py:183} INFO - Processing /home/athlon/projects/airflow/.venv/lib/python3.11/site-packages/airflow/example_dags/example_setup_teardown_taskflow.py took 0.123 seconds
[2024-04-26T05:36:56.674-0300] {processor.py:161} INFO - Started process (PID=10064) to work on /home/athlon/projects/airflow/.venv/lib/python3.11/site-packages/airflow/example_dags/example_setup_teardown_taskflow.py
[2024-04-26T05:36:56.679-0300] {processor.py:830} INFO - Processing file /home/athlon/projects/airflow/.venv/lib/python3.11/site-packages/airflow/example_dags/example_setup_teardown_taskflow.py for tasks to queue
[2024-04-26T05:36:56.681-0300] {logging_mixin.py:188} INFO - [2024-04-26T05:36:56.681-0300] {dagbag.py:540} INFO - Filling up the DagBag from /home/athlon/projects/airflow/.venv/lib/python3.11/site-packages/airflow/example_dags/example_setup_teardown_taskflow.py
[2024-04-26T05:36:56.696-0300] {processor.py:840} INFO - DAG(s) 'example_setup_teardown_taskflow' retrieved from /home/athlon/projects/airflow/.venv/lib/python3.11/site-packages/airflow/example_dags/example_setup_teardown_taskflow.py
[2024-04-26T05:36:56.720-0300] {logging_mixin.py:188} INFO - [2024-04-26T05:36:56.720-0300] {dag.py:3096} INFO - Sync 1 DAGs
[2024-04-26T05:36:56.749-0300] {logging_mixin.py:188} INFO - [2024-04-26T05:36:56.748-0300] {dag.py:3954} INFO - Setting next_dagrun for example_setup_teardown_taskflow to 2024-04-25 00:00:00+00:00, run_after=2024-04-26 00:00:00+00:00
[2024-04-26T05:36:56.779-0300] {processor.py:183} INFO - Processing /home/athlon/projects/airflow/.venv/lib/python3.11/site-packages/airflow/example_dags/example_setup_teardown_taskflow.py took 0.113 seconds
[2024-04-26T05:37:52.864-0300] {processor.py:161} INFO - Started process (PID=10119) to work on /home/athlon/projects/airflow/.venv/lib/python3.11/site-packages/airflow/example_dags/example_setup_teardown_taskflow.py
[2024-04-26T05:37:52.869-0300] {processor.py:830} INFO - Processing file /home/athlon/projects/airflow/.venv/lib/python3.11/site-packages/airflow/example_dags/example_setup_teardown_taskflow.py for tasks to queue
[2024-04-26T05:37:52.872-0300] {logging_mixin.py:188} INFO - [2024-04-26T05:37:52.871-0300] {dagbag.py:540} INFO - Filling up the DagBag from /home/athlon/projects/airflow/.venv/lib/python3.11/site-packages/airflow/example_dags/example_setup_teardown_taskflow.py
[2024-04-26T05:37:52.889-0300] {processor.py:840} INFO - DAG(s) 'example_setup_teardown_taskflow' retrieved from /home/athlon/projects/airflow/.venv/lib/python3.11/site-packages/airflow/example_dags/example_setup_teardown_taskflow.py
[2024-04-26T05:37:52.914-0300] {logging_mixin.py:188} INFO - [2024-04-26T05:37:52.914-0300] {dag.py:3096} INFO - Sync 1 DAGs
[2024-04-26T05:37:52.941-0300] {logging_mixin.py:188} INFO - [2024-04-26T05:37:52.941-0300] {dag.py:3954} INFO - Setting next_dagrun for example_setup_teardown_taskflow to 2024-04-25 00:00:00+00:00, run_after=2024-04-26 00:00:00+00:00
[2024-04-26T05:37:52.975-0300] {processor.py:183} INFO - Processing /home/athlon/projects/airflow/.venv/lib/python3.11/site-packages/airflow/example_dags/example_setup_teardown_taskflow.py took 0.122 seconds
[2024-04-26T05:38:54.112-0300] {processor.py:161} INFO - Started process (PID=10172) to work on /home/athlon/projects/airflow/.venv/lib/python3.11/site-packages/airflow/example_dags/example_setup_teardown_taskflow.py
[2024-04-26T05:38:54.118-0300] {processor.py:830} INFO - Processing file /home/athlon/projects/airflow/.venv/lib/python3.11/site-packages/airflow/example_dags/example_setup_teardown_taskflow.py for tasks to queue
[2024-04-26T05:38:54.120-0300] {logging_mixin.py:188} INFO - [2024-04-26T05:38:54.120-0300] {dagbag.py:540} INFO - Filling up the DagBag from /home/athlon/projects/airflow/.venv/lib/python3.11/site-packages/airflow/example_dags/example_setup_teardown_taskflow.py
[2024-04-26T05:38:54.135-0300] {processor.py:840} INFO - DAG(s) 'example_setup_teardown_taskflow' retrieved from /home/athlon/projects/airflow/.venv/lib/python3.11/site-packages/airflow/example_dags/example_setup_teardown_taskflow.py
[2024-04-26T05:38:54.160-0300] {logging_mixin.py:188} INFO - [2024-04-26T05:38:54.160-0300] {dag.py:3096} INFO - Sync 1 DAGs
[2024-04-26T05:38:54.187-0300] {logging_mixin.py:188} INFO - [2024-04-26T05:38:54.187-0300] {dag.py:3954} INFO - Setting next_dagrun for example_setup_teardown_taskflow to 2024-04-25 00:00:00+00:00, run_after=2024-04-26 00:00:00+00:00
[2024-04-26T05:38:54.218-0300] {processor.py:183} INFO - Processing /home/athlon/projects/airflow/.venv/lib/python3.11/site-packages/airflow/example_dags/example_setup_teardown_taskflow.py took 0.117 seconds
[2024-04-26T05:39:53.263-0300] {processor.py:161} INFO - Started process (PID=10256) to work on /home/athlon/projects/airflow/.venv/lib/python3.11/site-packages/airflow/example_dags/example_setup_teardown_taskflow.py
[2024-04-26T05:39:53.269-0300] {processor.py:830} INFO - Processing file /home/athlon/projects/airflow/.venv/lib/python3.11/site-packages/airflow/example_dags/example_setup_teardown_taskflow.py for tasks to queue
[2024-04-26T05:39:53.272-0300] {logging_mixin.py:188} INFO - [2024-04-26T05:39:53.271-0300] {dagbag.py:540} INFO - Filling up the DagBag from /home/athlon/projects/airflow/.venv/lib/python3.11/site-packages/airflow/example_dags/example_setup_teardown_taskflow.py
[2024-04-26T05:39:53.289-0300] {processor.py:840} INFO - DAG(s) 'example_setup_teardown_taskflow' retrieved from /home/athlon/projects/airflow/.venv/lib/python3.11/site-packages/airflow/example_dags/example_setup_teardown_taskflow.py
[2024-04-26T05:39:53.315-0300] {logging_mixin.py:188} INFO - [2024-04-26T05:39:53.315-0300] {dag.py:3096} INFO - Sync 1 DAGs
[2024-04-26T05:39:53.349-0300] {logging_mixin.py:188} INFO - [2024-04-26T05:39:53.348-0300] {dag.py:3954} INFO - Setting next_dagrun for example_setup_teardown_taskflow to 2024-04-25 00:00:00+00:00, run_after=2024-04-26 00:00:00+00:00
[2024-04-26T05:39:53.379-0300] {processor.py:183} INFO - Processing /home/athlon/projects/airflow/.venv/lib/python3.11/site-packages/airflow/example_dags/example_setup_teardown_taskflow.py took 0.127 seconds
[2024-04-26T05:40:54.652-0300] {processor.py:161} INFO - Started process (PID=10313) to work on /home/athlon/projects/airflow/.venv/lib/python3.11/site-packages/airflow/example_dags/example_setup_teardown_taskflow.py
[2024-04-26T05:40:54.658-0300] {processor.py:830} INFO - Processing file /home/athlon/projects/airflow/.venv/lib/python3.11/site-packages/airflow/example_dags/example_setup_teardown_taskflow.py for tasks to queue
[2024-04-26T05:40:54.660-0300] {logging_mixin.py:188} INFO - [2024-04-26T05:40:54.660-0300] {dagbag.py:540} INFO - Filling up the DagBag from /home/athlon/projects/airflow/.venv/lib/python3.11/site-packages/airflow/example_dags/example_setup_teardown_taskflow.py
[2024-04-26T05:40:54.676-0300] {processor.py:840} INFO - DAG(s) 'example_setup_teardown_taskflow' retrieved from /home/athlon/projects/airflow/.venv/lib/python3.11/site-packages/airflow/example_dags/example_setup_teardown_taskflow.py
[2024-04-26T05:40:54.701-0300] {logging_mixin.py:188} INFO - [2024-04-26T05:40:54.701-0300] {dag.py:3096} INFO - Sync 1 DAGs
[2024-04-26T05:40:54.728-0300] {logging_mixin.py:188} INFO - [2024-04-26T05:40:54.728-0300] {dag.py:3954} INFO - Setting next_dagrun for example_setup_teardown_taskflow to 2024-04-25 00:00:00+00:00, run_after=2024-04-26 00:00:00+00:00
[2024-04-26T05:40:54.758-0300] {processor.py:183} INFO - Processing /home/athlon/projects/airflow/.venv/lib/python3.11/site-packages/airflow/example_dags/example_setup_teardown_taskflow.py took 0.116 seconds
[2024-04-26T05:41:53.499-0300] {processor.py:161} INFO - Started process (PID=10365) to work on /home/athlon/projects/airflow/.venv/lib/python3.11/site-packages/airflow/example_dags/example_setup_teardown_taskflow.py
[2024-04-26T05:41:53.505-0300] {processor.py:830} INFO - Processing file /home/athlon/projects/airflow/.venv/lib/python3.11/site-packages/airflow/example_dags/example_setup_teardown_taskflow.py for tasks to queue
[2024-04-26T05:41:53.507-0300] {logging_mixin.py:188} INFO - [2024-04-26T05:41:53.507-0300] {dagbag.py:540} INFO - Filling up the DagBag from /home/athlon/projects/airflow/.venv/lib/python3.11/site-packages/airflow/example_dags/example_setup_teardown_taskflow.py
[2024-04-26T05:41:53.525-0300] {processor.py:840} INFO - DAG(s) 'example_setup_teardown_taskflow' retrieved from /home/athlon/projects/airflow/.venv/lib/python3.11/site-packages/airflow/example_dags/example_setup_teardown_taskflow.py
[2024-04-26T05:41:53.551-0300] {logging_mixin.py:188} INFO - [2024-04-26T05:41:53.550-0300] {dag.py:3096} INFO - Sync 1 DAGs
[2024-04-26T05:41:53.583-0300] {logging_mixin.py:188} INFO - [2024-04-26T05:41:53.582-0300] {dag.py:3954} INFO - Setting next_dagrun for example_setup_teardown_taskflow to 2024-04-25 00:00:00+00:00, run_after=2024-04-26 00:00:00+00:00
[2024-04-26T05:41:53.616-0300] {processor.py:183} INFO - Processing /home/athlon/projects/airflow/.venv/lib/python3.11/site-packages/airflow/example_dags/example_setup_teardown_taskflow.py took 0.127 seconds
[2024-04-26T05:42:58.180-0300] {processor.py:161} INFO - Started process (PID=10421) to work on /home/athlon/projects/airflow/.venv/lib/python3.11/site-packages/airflow/example_dags/example_setup_teardown_taskflow.py
[2024-04-26T05:42:58.185-0300] {processor.py:830} INFO - Processing file /home/athlon/projects/airflow/.venv/lib/python3.11/site-packages/airflow/example_dags/example_setup_teardown_taskflow.py for tasks to queue
[2024-04-26T05:42:58.188-0300] {logging_mixin.py:188} INFO - [2024-04-26T05:42:58.187-0300] {dagbag.py:540} INFO - Filling up the DagBag from /home/athlon/projects/airflow/.venv/lib/python3.11/site-packages/airflow/example_dags/example_setup_teardown_taskflow.py
[2024-04-26T05:42:58.202-0300] {processor.py:840} INFO - DAG(s) 'example_setup_teardown_taskflow' retrieved from /home/athlon/projects/airflow/.venv/lib/python3.11/site-packages/airflow/example_dags/example_setup_teardown_taskflow.py
[2024-04-26T05:42:58.226-0300] {logging_mixin.py:188} INFO - [2024-04-26T05:42:58.226-0300] {dag.py:3096} INFO - Sync 1 DAGs
[2024-04-26T05:42:58.254-0300] {logging_mixin.py:188} INFO - [2024-04-26T05:42:58.253-0300] {dag.py:3954} INFO - Setting next_dagrun for example_setup_teardown_taskflow to 2024-04-25 00:00:00+00:00, run_after=2024-04-26 00:00:00+00:00
[2024-04-26T05:42:58.283-0300] {processor.py:183} INFO - Processing /home/athlon/projects/airflow/.venv/lib/python3.11/site-packages/airflow/example_dags/example_setup_teardown_taskflow.py took 0.112 seconds
[2024-04-26T05:43:56.372-0300] {processor.py:161} INFO - Started process (PID=10475) to work on /home/athlon/projects/airflow/.venv/lib/python3.11/site-packages/airflow/example_dags/example_setup_teardown_taskflow.py
[2024-04-26T05:43:56.377-0300] {processor.py:830} INFO - Processing file /home/athlon/projects/airflow/.venv/lib/python3.11/site-packages/airflow/example_dags/example_setup_teardown_taskflow.py for tasks to queue
[2024-04-26T05:43:56.380-0300] {logging_mixin.py:188} INFO - [2024-04-26T05:43:56.379-0300] {dagbag.py:540} INFO - Filling up the DagBag from /home/athlon/projects/airflow/.venv/lib/python3.11/site-packages/airflow/example_dags/example_setup_teardown_taskflow.py
[2024-04-26T05:43:56.395-0300] {processor.py:840} INFO - DAG(s) 'example_setup_teardown_taskflow' retrieved from /home/athlon/projects/airflow/.venv/lib/python3.11/site-packages/airflow/example_dags/example_setup_teardown_taskflow.py
[2024-04-26T05:43:56.421-0300] {logging_mixin.py:188} INFO - [2024-04-26T05:43:56.420-0300] {dag.py:3096} INFO - Sync 1 DAGs
[2024-04-26T05:43:56.447-0300] {logging_mixin.py:188} INFO - [2024-04-26T05:43:56.447-0300] {dag.py:3954} INFO - Setting next_dagrun for example_setup_teardown_taskflow to 2024-04-25 00:00:00+00:00, run_after=2024-04-26 00:00:00+00:00
[2024-04-26T05:43:56.479-0300] {processor.py:183} INFO - Processing /home/athlon/projects/airflow/.venv/lib/python3.11/site-packages/airflow/example_dags/example_setup_teardown_taskflow.py took 0.119 seconds
[2024-04-26T05:44:50.532-0300] {processor.py:161} INFO - Started process (PID=10525) to work on /home/athlon/projects/airflow/.venv/lib/python3.11/site-packages/airflow/example_dags/example_setup_teardown_taskflow.py
[2024-04-26T05:44:50.538-0300] {processor.py:830} INFO - Processing file /home/athlon/projects/airflow/.venv/lib/python3.11/site-packages/airflow/example_dags/example_setup_teardown_taskflow.py for tasks to queue
[2024-04-26T05:44:50.540-0300] {logging_mixin.py:188} INFO - [2024-04-26T05:44:50.540-0300] {dagbag.py:540} INFO - Filling up the DagBag from /home/athlon/projects/airflow/.venv/lib/python3.11/site-packages/airflow/example_dags/example_setup_teardown_taskflow.py
[2024-04-26T05:44:50.558-0300] {processor.py:840} INFO - DAG(s) 'example_setup_teardown_taskflow' retrieved from /home/athlon/projects/airflow/.venv/lib/python3.11/site-packages/airflow/example_dags/example_setup_teardown_taskflow.py
[2024-04-26T05:44:50.584-0300] {logging_mixin.py:188} INFO - [2024-04-26T05:44:50.584-0300] {dag.py:3096} INFO - Sync 1 DAGs
[2024-04-26T05:44:50.611-0300] {logging_mixin.py:188} INFO - [2024-04-26T05:44:50.611-0300] {dag.py:3954} INFO - Setting next_dagrun for example_setup_teardown_taskflow to 2024-04-25 00:00:00+00:00, run_after=2024-04-26 00:00:00+00:00
[2024-04-26T05:44:50.641-0300] {processor.py:183} INFO - Processing /home/athlon/projects/airflow/.venv/lib/python3.11/site-packages/airflow/example_dags/example_setup_teardown_taskflow.py took 0.120 seconds
[2024-04-26T05:45:49.990-0300] {processor.py:161} INFO - Started process (PID=10580) to work on /home/athlon/projects/airflow/.venv/lib/python3.11/site-packages/airflow/example_dags/example_setup_teardown_taskflow.py
[2024-04-26T05:45:49.996-0300] {processor.py:830} INFO - Processing file /home/athlon/projects/airflow/.venv/lib/python3.11/site-packages/airflow/example_dags/example_setup_teardown_taskflow.py for tasks to queue
[2024-04-26T05:45:49.999-0300] {logging_mixin.py:188} INFO - [2024-04-26T05:45:49.998-0300] {dagbag.py:540} INFO - Filling up the DagBag from /home/athlon/projects/airflow/.venv/lib/python3.11/site-packages/airflow/example_dags/example_setup_teardown_taskflow.py
[2024-04-26T05:45:50.015-0300] {processor.py:840} INFO - DAG(s) 'example_setup_teardown_taskflow' retrieved from /home/athlon/projects/airflow/.venv/lib/python3.11/site-packages/airflow/example_dags/example_setup_teardown_taskflow.py
[2024-04-26T05:45:50.040-0300] {logging_mixin.py:188} INFO - [2024-04-26T05:45:50.040-0300] {dag.py:3096} INFO - Sync 1 DAGs
[2024-04-26T05:45:50.067-0300] {logging_mixin.py:188} INFO - [2024-04-26T05:45:50.067-0300] {dag.py:3954} INFO - Setting next_dagrun for example_setup_teardown_taskflow to 2024-04-25 00:00:00+00:00, run_after=2024-04-26 00:00:00+00:00
[2024-04-26T05:45:50.098-0300] {processor.py:183} INFO - Processing /home/athlon/projects/airflow/.venv/lib/python3.11/site-packages/airflow/example_dags/example_setup_teardown_taskflow.py took 0.118 seconds
[2024-04-26T05:46:49.048-0300] {processor.py:161} INFO - Started process (PID=10633) to work on /home/athlon/projects/airflow/.venv/lib/python3.11/site-packages/airflow/example_dags/example_setup_teardown_taskflow.py
[2024-04-26T05:46:49.054-0300] {processor.py:830} INFO - Processing file /home/athlon/projects/airflow/.venv/lib/python3.11/site-packages/airflow/example_dags/example_setup_teardown_taskflow.py for tasks to queue
[2024-04-26T05:46:49.056-0300] {logging_mixin.py:188} INFO - [2024-04-26T05:46:49.055-0300] {dagbag.py:540} INFO - Filling up the DagBag from /home/athlon/projects/airflow/.venv/lib/python3.11/site-packages/airflow/example_dags/example_setup_teardown_taskflow.py
[2024-04-26T05:46:49.072-0300] {processor.py:840} INFO - DAG(s) 'example_setup_teardown_taskflow' retrieved from /home/athlon/projects/airflow/.venv/lib/python3.11/site-packages/airflow/example_dags/example_setup_teardown_taskflow.py
[2024-04-26T05:46:49.098-0300] {logging_mixin.py:188} INFO - [2024-04-26T05:46:49.097-0300] {dag.py:3096} INFO - Sync 1 DAGs
[2024-04-26T05:46:49.125-0300] {logging_mixin.py:188} INFO - [2024-04-26T05:46:49.125-0300] {dag.py:3954} INFO - Setting next_dagrun for example_setup_teardown_taskflow to 2024-04-25 00:00:00+00:00, run_after=2024-04-26 00:00:00+00:00
[2024-04-26T05:46:49.165-0300] {processor.py:183} INFO - Processing /home/athlon/projects/airflow/.venv/lib/python3.11/site-packages/airflow/example_dags/example_setup_teardown_taskflow.py took 0.130 seconds
[2024-04-26T05:47:43.472-0300] {processor.py:161} INFO - Started process (PID=10703) to work on /home/athlon/projects/airflow/.venv/lib/python3.11/site-packages/airflow/example_dags/example_setup_teardown_taskflow.py
[2024-04-26T05:47:43.477-0300] {processor.py:830} INFO - Processing file /home/athlon/projects/airflow/.venv/lib/python3.11/site-packages/airflow/example_dags/example_setup_teardown_taskflow.py for tasks to queue
[2024-04-26T05:47:43.480-0300] {logging_mixin.py:188} INFO - [2024-04-26T05:47:43.479-0300] {dagbag.py:540} INFO - Filling up the DagBag from /home/athlon/projects/airflow/.venv/lib/python3.11/site-packages/airflow/example_dags/example_setup_teardown_taskflow.py
[2024-04-26T05:47:43.497-0300] {processor.py:840} INFO - DAG(s) 'example_setup_teardown_taskflow' retrieved from /home/athlon/projects/airflow/.venv/lib/python3.11/site-packages/airflow/example_dags/example_setup_teardown_taskflow.py
[2024-04-26T05:47:43.523-0300] {logging_mixin.py:188} INFO - [2024-04-26T05:47:43.523-0300] {dag.py:3096} INFO - Sync 1 DAGs
[2024-04-26T05:47:43.551-0300] {logging_mixin.py:188} INFO - [2024-04-26T05:47:43.550-0300] {dag.py:3954} INFO - Setting next_dagrun for example_setup_teardown_taskflow to 2024-04-25 00:00:00+00:00, run_after=2024-04-26 00:00:00+00:00
[2024-04-26T05:47:43.580-0300] {processor.py:183} INFO - Processing /home/athlon/projects/airflow/.venv/lib/python3.11/site-packages/airflow/example_dags/example_setup_teardown_taskflow.py took 0.119 seconds
[2024-04-26T05:48:37.228-0300] {processor.py:161} INFO - Started process (PID=10771) to work on /home/athlon/projects/airflow/.venv/lib/python3.11/site-packages/airflow/example_dags/example_setup_teardown_taskflow.py
[2024-04-26T05:48:37.229-0300] {processor.py:830} INFO - Processing file /home/athlon/projects/airflow/.venv/lib/python3.11/site-packages/airflow/example_dags/example_setup_teardown_taskflow.py for tasks to queue
[2024-04-26T05:48:37.232-0300] {logging_mixin.py:188} INFO - [2024-04-26T05:48:37.231-0300] {dagbag.py:540} INFO - Filling up the DagBag from /home/athlon/projects/airflow/.venv/lib/python3.11/site-packages/airflow/example_dags/example_setup_teardown_taskflow.py
[2024-04-26T05:48:37.251-0300] {processor.py:840} INFO - DAG(s) 'example_setup_teardown_taskflow' retrieved from /home/athlon/projects/airflow/.venv/lib/python3.11/site-packages/airflow/example_dags/example_setup_teardown_taskflow.py
[2024-04-26T05:48:37.278-0300] {logging_mixin.py:188} INFO - [2024-04-26T05:48:37.277-0300] {dag.py:3096} INFO - Sync 1 DAGs
[2024-04-26T05:48:37.307-0300] {logging_mixin.py:188} INFO - [2024-04-26T05:48:37.307-0300] {dag.py:3954} INFO - Setting next_dagrun for example_setup_teardown_taskflow to 2024-04-25 00:00:00+00:00, run_after=2024-04-26 00:00:00+00:00
[2024-04-26T05:48:37.337-0300] {processor.py:183} INFO - Processing /home/athlon/projects/airflow/.venv/lib/python3.11/site-packages/airflow/example_dags/example_setup_teardown_taskflow.py took 0.120 seconds
[2024-04-26T05:49:41.814-0300] {processor.py:161} INFO - Started process (PID=10863) to work on /home/athlon/projects/airflow/.venv/lib/python3.11/site-packages/airflow/example_dags/example_setup_teardown_taskflow.py
[2024-04-26T05:49:41.821-0300] {processor.py:830} INFO - Processing file /home/athlon/projects/airflow/.venv/lib/python3.11/site-packages/airflow/example_dags/example_setup_teardown_taskflow.py for tasks to queue
[2024-04-26T05:49:41.825-0300] {logging_mixin.py:188} INFO - [2024-04-26T05:49:41.824-0300] {dagbag.py:540} INFO - Filling up the DagBag from /home/athlon/projects/airflow/.venv/lib/python3.11/site-packages/airflow/example_dags/example_setup_teardown_taskflow.py
[2024-04-26T05:49:41.850-0300] {processor.py:840} INFO - DAG(s) 'example_setup_teardown_taskflow' retrieved from /home/athlon/projects/airflow/.venv/lib/python3.11/site-packages/airflow/example_dags/example_setup_teardown_taskflow.py
[2024-04-26T05:49:41.903-0300] {logging_mixin.py:188} INFO - [2024-04-26T05:49:41.902-0300] {dag.py:3096} INFO - Sync 1 DAGs
[2024-04-26T05:49:41.946-0300] {logging_mixin.py:188} INFO - [2024-04-26T05:49:41.946-0300] {dag.py:3954} INFO - Setting next_dagrun for example_setup_teardown_taskflow to 2024-04-25 00:00:00+00:00, run_after=2024-04-26 00:00:00+00:00
[2024-04-26T05:49:41.988-0300] {processor.py:183} INFO - Processing /home/athlon/projects/airflow/.venv/lib/python3.11/site-packages/airflow/example_dags/example_setup_teardown_taskflow.py took 0.192 seconds
[2024-04-26T05:50:59.350-0300] {processor.py:161} INFO - Started process (PID=10962) to work on /home/athlon/projects/airflow/.venv/lib/python3.11/site-packages/airflow/example_dags/example_setup_teardown_taskflow.py
[2024-04-26T05:50:59.356-0300] {processor.py:830} INFO - Processing file /home/athlon/projects/airflow/.venv/lib/python3.11/site-packages/airflow/example_dags/example_setup_teardown_taskflow.py for tasks to queue
[2024-04-26T05:50:59.359-0300] {logging_mixin.py:188} INFO - [2024-04-26T05:50:59.359-0300] {dagbag.py:540} INFO - Filling up the DagBag from /home/athlon/projects/airflow/.venv/lib/python3.11/site-packages/airflow/example_dags/example_setup_teardown_taskflow.py
[2024-04-26T05:50:59.386-0300] {processor.py:840} INFO - DAG(s) 'example_setup_teardown_taskflow' retrieved from /home/athlon/projects/airflow/.venv/lib/python3.11/site-packages/airflow/example_dags/example_setup_teardown_taskflow.py
[2024-04-26T05:50:59.432-0300] {logging_mixin.py:188} INFO - [2024-04-26T05:50:59.431-0300] {dag.py:3096} INFO - Sync 1 DAGs
[2024-04-26T05:50:59.477-0300] {logging_mixin.py:188} INFO - [2024-04-26T05:50:59.477-0300] {dag.py:3954} INFO - Setting next_dagrun for example_setup_teardown_taskflow to 2024-04-25 00:00:00+00:00, run_after=2024-04-26 00:00:00+00:00
[2024-04-26T05:50:59.532-0300] {processor.py:183} INFO - Processing /home/athlon/projects/airflow/.venv/lib/python3.11/site-packages/airflow/example_dags/example_setup_teardown_taskflow.py took 0.199 seconds
[2024-04-26T05:51:47.671-0300] {processor.py:161} INFO - Started process (PID=11008) to work on /home/athlon/projects/airflow/.venv/lib/python3.11/site-packages/airflow/example_dags/example_setup_teardown_taskflow.py
[2024-04-26T05:51:47.677-0300] {processor.py:830} INFO - Processing file /home/athlon/projects/airflow/.venv/lib/python3.11/site-packages/airflow/example_dags/example_setup_teardown_taskflow.py for tasks to queue
[2024-04-26T05:51:47.680-0300] {logging_mixin.py:188} INFO - [2024-04-26T05:51:47.680-0300] {dagbag.py:540} INFO - Filling up the DagBag from /home/athlon/projects/airflow/.venv/lib/python3.11/site-packages/airflow/example_dags/example_setup_teardown_taskflow.py
[2024-04-26T05:51:47.701-0300] {processor.py:840} INFO - DAG(s) 'example_setup_teardown_taskflow' retrieved from /home/athlon/projects/airflow/.venv/lib/python3.11/site-packages/airflow/example_dags/example_setup_teardown_taskflow.py
[2024-04-26T05:51:47.733-0300] {logging_mixin.py:188} INFO - [2024-04-26T05:51:47.733-0300] {dag.py:3096} INFO - Sync 1 DAGs
[2024-04-26T05:51:47.770-0300] {logging_mixin.py:188} INFO - [2024-04-26T05:51:47.770-0300] {dag.py:3954} INFO - Setting next_dagrun for example_setup_teardown_taskflow to 2024-04-25 00:00:00+00:00, run_after=2024-04-26 00:00:00+00:00
[2024-04-26T05:51:47.830-0300] {processor.py:183} INFO - Processing /home/athlon/projects/airflow/.venv/lib/python3.11/site-packages/airflow/example_dags/example_setup_teardown_taskflow.py took 0.174 seconds
[2024-04-26T05:52:46.145-0300] {processor.py:161} INFO - Started process (PID=11085) to work on /home/athlon/projects/airflow/.venv/lib/python3.11/site-packages/airflow/example_dags/example_setup_teardown_taskflow.py
[2024-04-26T05:52:46.148-0300] {processor.py:830} INFO - Processing file /home/athlon/projects/airflow/.venv/lib/python3.11/site-packages/airflow/example_dags/example_setup_teardown_taskflow.py for tasks to queue
[2024-04-26T05:52:46.164-0300] {logging_mixin.py:188} INFO - [2024-04-26T05:52:46.159-0300] {dagbag.py:540} INFO - Filling up the DagBag from /home/athlon/projects/airflow/.venv/lib/python3.11/site-packages/airflow/example_dags/example_setup_teardown_taskflow.py
[2024-04-26T05:52:46.237-0300] {processor.py:840} INFO - DAG(s) 'example_setup_teardown_taskflow' retrieved from /home/athlon/projects/airflow/.venv/lib/python3.11/site-packages/airflow/example_dags/example_setup_teardown_taskflow.py
[2024-04-26T05:52:46.323-0300] {logging_mixin.py:188} INFO - [2024-04-26T05:52:46.322-0300] {dag.py:3096} INFO - Sync 1 DAGs
[2024-04-26T05:52:46.404-0300] {logging_mixin.py:188} INFO - [2024-04-26T05:52:46.403-0300] {dag.py:3954} INFO - Setting next_dagrun for example_setup_teardown_taskflow to 2024-04-25 00:00:00+00:00, run_after=2024-04-26 00:00:00+00:00
[2024-04-26T05:52:46.503-0300] {processor.py:183} INFO - Processing /home/athlon/projects/airflow/.venv/lib/python3.11/site-packages/airflow/example_dags/example_setup_teardown_taskflow.py took 0.405 seconds
