[2024-04-26T05:28:21.059-0300] {processor.py:161} INFO - Started process (PID=9540) to work on /home/athlon/projects/airflow/.venv/lib/python3.11/site-packages/airflow/example_dags/example_task_group.py
[2024-04-26T05:28:21.060-0300] {processor.py:830} INFO - Processing file /home/athlon/projects/airflow/.venv/lib/python3.11/site-packages/airflow/example_dags/example_task_group.py for tasks to queue
[2024-04-26T05:28:21.064-0300] {logging_mixin.py:188} INFO - [2024-04-26T05:28:21.063-0300] {dagbag.py:540} INFO - Filling up the DagBag from /home/athlon/projects/airflow/.venv/lib/python3.11/site-packages/airflow/example_dags/example_task_group.py
[2024-04-26T05:28:21.085-0300] {processor.py:840} INFO - DAG(s) 'example_task_group' retrieved from /home/athlon/projects/airflow/.venv/lib/python3.11/site-packages/airflow/example_dags/example_task_group.py
[2024-04-26T05:28:21.398-0300] {logging_mixin.py:188} INFO - [2024-04-26T05:28:21.397-0300] {override.py:1829} INFO - Created Permission View: can edit on DAG:example_task_group
[2024-04-26T05:28:21.426-0300] {logging_mixin.py:188} INFO - [2024-04-26T05:28:21.425-0300] {override.py:1829} INFO - Created Permission View: can delete on DAG:example_task_group
[2024-04-26T05:28:21.440-0300] {logging_mixin.py:188} INFO - [2024-04-26T05:28:21.439-0300] {override.py:1829} INFO - Created Permission View: can read on DAG:example_task_group
[2024-04-26T05:28:21.441-0300] {logging_mixin.py:188} INFO - [2024-04-26T05:28:21.440-0300] {dag.py:3096} INFO - Sync 1 DAGs
[2024-04-26T05:28:21.463-0300] {logging_mixin.py:188} INFO - [2024-04-26T05:28:21.462-0300] {dag.py:3118} INFO - Creating ORM DAG for example_task_group
[2024-04-26T05:28:21.494-0300] {logging_mixin.py:188} INFO - [2024-04-26T05:28:21.493-0300] {dag.py:3954} INFO - Setting next_dagrun for example_task_group to 2024-04-25 00:00:00+00:00, run_after=2024-04-26 00:00:00+00:00
[2024-04-26T05:28:21.552-0300] {processor.py:183} INFO - Processing /home/athlon/projects/airflow/.venv/lib/python3.11/site-packages/airflow/example_dags/example_task_group.py took 0.506 seconds
[2024-04-26T05:29:29.027-0300] {processor.py:161} INFO - Started process (PID=9635) to work on /home/athlon/projects/airflow/.venv/lib/python3.11/site-packages/airflow/example_dags/example_task_group.py
[2024-04-26T05:29:29.033-0300] {processor.py:830} INFO - Processing file /home/athlon/projects/airflow/.venv/lib/python3.11/site-packages/airflow/example_dags/example_task_group.py for tasks to queue
[2024-04-26T05:29:29.036-0300] {logging_mixin.py:188} INFO - [2024-04-26T05:29:29.035-0300] {dagbag.py:540} INFO - Filling up the DagBag from /home/athlon/projects/airflow/.venv/lib/python3.11/site-packages/airflow/example_dags/example_task_group.py
[2024-04-26T05:29:29.048-0300] {processor.py:840} INFO - DAG(s) 'example_task_group' retrieved from /home/athlon/projects/airflow/.venv/lib/python3.11/site-packages/airflow/example_dags/example_task_group.py
[2024-04-26T05:29:29.074-0300] {logging_mixin.py:188} INFO - [2024-04-26T05:29:29.074-0300] {dag.py:3096} INFO - Sync 1 DAGs
[2024-04-26T05:29:29.101-0300] {logging_mixin.py:188} INFO - [2024-04-26T05:29:29.100-0300] {dag.py:3954} INFO - Setting next_dagrun for example_task_group to 2024-04-25 00:00:00+00:00, run_after=2024-04-26 00:00:00+00:00
[2024-04-26T05:29:29.128-0300] {processor.py:183} INFO - Processing /home/athlon/projects/airflow/.venv/lib/python3.11/site-packages/airflow/example_dags/example_task_group.py took 0.111 seconds
[2024-04-26T05:30:27.754-0300] {processor.py:161} INFO - Started process (PID=9690) to work on /home/athlon/projects/airflow/.venv/lib/python3.11/site-packages/airflow/example_dags/example_task_group.py
[2024-04-26T05:30:27.760-0300] {processor.py:830} INFO - Processing file /home/athlon/projects/airflow/.venv/lib/python3.11/site-packages/airflow/example_dags/example_task_group.py for tasks to queue
[2024-04-26T05:30:27.763-0300] {logging_mixin.py:188} INFO - [2024-04-26T05:30:27.762-0300] {dagbag.py:540} INFO - Filling up the DagBag from /home/athlon/projects/airflow/.venv/lib/python3.11/site-packages/airflow/example_dags/example_task_group.py
[2024-04-26T05:30:27.776-0300] {processor.py:840} INFO - DAG(s) 'example_task_group' retrieved from /home/athlon/projects/airflow/.venv/lib/python3.11/site-packages/airflow/example_dags/example_task_group.py
[2024-04-26T05:30:27.802-0300] {logging_mixin.py:188} INFO - [2024-04-26T05:30:27.802-0300] {dag.py:3096} INFO - Sync 1 DAGs
[2024-04-26T05:30:27.829-0300] {logging_mixin.py:188} INFO - [2024-04-26T05:30:27.828-0300] {dag.py:3954} INFO - Setting next_dagrun for example_task_group to 2024-04-25 00:00:00+00:00, run_after=2024-04-26 00:00:00+00:00
[2024-04-26T05:30:27.857-0300] {processor.py:183} INFO - Processing /home/athlon/projects/airflow/.venv/lib/python3.11/site-packages/airflow/example_dags/example_task_group.py took 0.113 seconds
[2024-04-26T05:31:22.943-0300] {processor.py:161} INFO - Started process (PID=9740) to work on /home/athlon/projects/airflow/.venv/lib/python3.11/site-packages/airflow/example_dags/example_task_group.py
[2024-04-26T05:31:22.949-0300] {processor.py:830} INFO - Processing file /home/athlon/projects/airflow/.venv/lib/python3.11/site-packages/airflow/example_dags/example_task_group.py for tasks to queue
[2024-04-26T05:31:22.952-0300] {logging_mixin.py:188} INFO - [2024-04-26T05:31:22.951-0300] {dagbag.py:540} INFO - Filling up the DagBag from /home/athlon/projects/airflow/.venv/lib/python3.11/site-packages/airflow/example_dags/example_task_group.py
[2024-04-26T05:31:22.964-0300] {processor.py:840} INFO - DAG(s) 'example_task_group' retrieved from /home/athlon/projects/airflow/.venv/lib/python3.11/site-packages/airflow/example_dags/example_task_group.py
[2024-04-26T05:31:22.998-0300] {logging_mixin.py:188} INFO - [2024-04-26T05:31:22.998-0300] {dag.py:3096} INFO - Sync 1 DAGs
[2024-04-26T05:31:23.029-0300] {logging_mixin.py:188} INFO - [2024-04-26T05:31:23.029-0300] {dag.py:3954} INFO - Setting next_dagrun for example_task_group to 2024-04-25 00:00:00+00:00, run_after=2024-04-26 00:00:00+00:00
[2024-04-26T05:31:23.058-0300] {processor.py:183} INFO - Processing /home/athlon/projects/airflow/.venv/lib/python3.11/site-packages/airflow/example_dags/example_task_group.py took 0.126 seconds
[2024-04-26T05:32:22.969-0300] {processor.py:161} INFO - Started process (PID=9799) to work on /home/athlon/projects/airflow/.venv/lib/python3.11/site-packages/airflow/example_dags/example_task_group.py
[2024-04-26T05:32:22.974-0300] {processor.py:830} INFO - Processing file /home/athlon/projects/airflow/.venv/lib/python3.11/site-packages/airflow/example_dags/example_task_group.py for tasks to queue
[2024-04-26T05:32:22.977-0300] {logging_mixin.py:188} INFO - [2024-04-26T05:32:22.976-0300] {dagbag.py:540} INFO - Filling up the DagBag from /home/athlon/projects/airflow/.venv/lib/python3.11/site-packages/airflow/example_dags/example_task_group.py
[2024-04-26T05:32:22.989-0300] {processor.py:840} INFO - DAG(s) 'example_task_group' retrieved from /home/athlon/projects/airflow/.venv/lib/python3.11/site-packages/airflow/example_dags/example_task_group.py
[2024-04-26T05:32:23.016-0300] {logging_mixin.py:188} INFO - [2024-04-26T05:32:23.015-0300] {dag.py:3096} INFO - Sync 1 DAGs
[2024-04-26T05:32:23.043-0300] {logging_mixin.py:188} INFO - [2024-04-26T05:32:23.042-0300] {dag.py:3954} INFO - Setting next_dagrun for example_task_group to 2024-04-25 00:00:00+00:00, run_after=2024-04-26 00:00:00+00:00
[2024-04-26T05:32:23.078-0300] {processor.py:183} INFO - Processing /home/athlon/projects/airflow/.venv/lib/python3.11/site-packages/airflow/example_dags/example_task_group.py took 0.119 seconds
[2024-04-26T05:33:24.315-0300] {processor.py:161} INFO - Started process (PID=9852) to work on /home/athlon/projects/airflow/.venv/lib/python3.11/site-packages/airflow/example_dags/example_task_group.py
[2024-04-26T05:33:24.320-0300] {processor.py:830} INFO - Processing file /home/athlon/projects/airflow/.venv/lib/python3.11/site-packages/airflow/example_dags/example_task_group.py for tasks to queue
[2024-04-26T05:33:24.323-0300] {logging_mixin.py:188} INFO - [2024-04-26T05:33:24.322-0300] {dagbag.py:540} INFO - Filling up the DagBag from /home/athlon/projects/airflow/.venv/lib/python3.11/site-packages/airflow/example_dags/example_task_group.py
[2024-04-26T05:33:24.335-0300] {processor.py:840} INFO - DAG(s) 'example_task_group' retrieved from /home/athlon/projects/airflow/.venv/lib/python3.11/site-packages/airflow/example_dags/example_task_group.py
[2024-04-26T05:33:24.361-0300] {logging_mixin.py:188} INFO - [2024-04-26T05:33:24.361-0300] {dag.py:3096} INFO - Sync 1 DAGs
[2024-04-26T05:33:24.390-0300] {logging_mixin.py:188} INFO - [2024-04-26T05:33:24.389-0300] {dag.py:3954} INFO - Setting next_dagrun for example_task_group to 2024-04-25 00:00:00+00:00, run_after=2024-04-26 00:00:00+00:00
[2024-04-26T05:33:24.556-0300] {processor.py:183} INFO - Processing /home/athlon/projects/airflow/.venv/lib/python3.11/site-packages/airflow/example_dags/example_task_group.py took 0.252 seconds
[2024-04-26T05:34:23.120-0300] {processor.py:161} INFO - Started process (PID=9922) to work on /home/athlon/projects/airflow/.venv/lib/python3.11/site-packages/airflow/example_dags/example_task_group.py
[2024-04-26T05:34:23.125-0300] {processor.py:830} INFO - Processing file /home/athlon/projects/airflow/.venv/lib/python3.11/site-packages/airflow/example_dags/example_task_group.py for tasks to queue
[2024-04-26T05:34:23.128-0300] {logging_mixin.py:188} INFO - [2024-04-26T05:34:23.127-0300] {dagbag.py:540} INFO - Filling up the DagBag from /home/athlon/projects/airflow/.venv/lib/python3.11/site-packages/airflow/example_dags/example_task_group.py
[2024-04-26T05:34:23.141-0300] {processor.py:840} INFO - DAG(s) 'example_task_group' retrieved from /home/athlon/projects/airflow/.venv/lib/python3.11/site-packages/airflow/example_dags/example_task_group.py
[2024-04-26T05:34:23.172-0300] {logging_mixin.py:188} INFO - [2024-04-26T05:34:23.171-0300] {dag.py:3096} INFO - Sync 1 DAGs
[2024-04-26T05:34:23.198-0300] {logging_mixin.py:188} INFO - [2024-04-26T05:34:23.198-0300] {dag.py:3954} INFO - Setting next_dagrun for example_task_group to 2024-04-25 00:00:00+00:00, run_after=2024-04-26 00:00:00+00:00
[2024-04-26T05:34:23.235-0300] {processor.py:183} INFO - Processing /home/athlon/projects/airflow/.venv/lib/python3.11/site-packages/airflow/example_dags/example_task_group.py took 0.126 seconds
[2024-04-26T05:35:18.987-0300] {processor.py:161} INFO - Started process (PID=9974) to work on /home/athlon/projects/airflow/.venv/lib/python3.11/site-packages/airflow/example_dags/example_task_group.py
[2024-04-26T05:35:18.993-0300] {processor.py:830} INFO - Processing file /home/athlon/projects/airflow/.venv/lib/python3.11/site-packages/airflow/example_dags/example_task_group.py for tasks to queue
[2024-04-26T05:35:18.995-0300] {logging_mixin.py:188} INFO - [2024-04-26T05:35:18.995-0300] {dagbag.py:540} INFO - Filling up the DagBag from /home/athlon/projects/airflow/.venv/lib/python3.11/site-packages/airflow/example_dags/example_task_group.py
[2024-04-26T05:35:19.009-0300] {processor.py:840} INFO - DAG(s) 'example_task_group' retrieved from /home/athlon/projects/airflow/.venv/lib/python3.11/site-packages/airflow/example_dags/example_task_group.py
[2024-04-26T05:35:19.035-0300] {logging_mixin.py:188} INFO - [2024-04-26T05:35:19.035-0300] {dag.py:3096} INFO - Sync 1 DAGs
[2024-04-26T05:35:19.062-0300] {logging_mixin.py:188} INFO - [2024-04-26T05:35:19.061-0300] {dag.py:3954} INFO - Setting next_dagrun for example_task_group to 2024-04-25 00:00:00+00:00, run_after=2024-04-26 00:00:00+00:00
[2024-04-26T05:35:19.091-0300] {processor.py:183} INFO - Processing /home/athlon/projects/airflow/.venv/lib/python3.11/site-packages/airflow/example_dags/example_task_group.py took 0.115 seconds
[2024-04-26T05:36:13.773-0300] {processor.py:161} INFO - Started process (PID=10024) to work on /home/athlon/projects/airflow/.venv/lib/python3.11/site-packages/airflow/example_dags/example_task_group.py
[2024-04-26T05:36:13.779-0300] {processor.py:830} INFO - Processing file /home/athlon/projects/airflow/.venv/lib/python3.11/site-packages/airflow/example_dags/example_task_group.py for tasks to queue
[2024-04-26T05:36:13.781-0300] {logging_mixin.py:188} INFO - [2024-04-26T05:36:13.781-0300] {dagbag.py:540} INFO - Filling up the DagBag from /home/athlon/projects/airflow/.venv/lib/python3.11/site-packages/airflow/example_dags/example_task_group.py
[2024-04-26T05:36:13.797-0300] {processor.py:840} INFO - DAG(s) 'example_task_group' retrieved from /home/athlon/projects/airflow/.venv/lib/python3.11/site-packages/airflow/example_dags/example_task_group.py
[2024-04-26T05:36:13.822-0300] {logging_mixin.py:188} INFO - [2024-04-26T05:36:13.822-0300] {dag.py:3096} INFO - Sync 1 DAGs
[2024-04-26T05:36:13.849-0300] {logging_mixin.py:188} INFO - [2024-04-26T05:36:13.849-0300] {dag.py:3954} INFO - Setting next_dagrun for example_task_group to 2024-04-25 00:00:00+00:00, run_after=2024-04-26 00:00:00+00:00
[2024-04-26T05:36:13.879-0300] {processor.py:183} INFO - Processing /home/athlon/projects/airflow/.venv/lib/python3.11/site-packages/airflow/example_dags/example_task_group.py took 0.116 seconds
[2024-04-26T05:37:07.271-0300] {processor.py:161} INFO - Started process (PID=10075) to work on /home/athlon/projects/airflow/.venv/lib/python3.11/site-packages/airflow/example_dags/example_task_group.py
[2024-04-26T05:37:07.277-0300] {processor.py:830} INFO - Processing file /home/athlon/projects/airflow/.venv/lib/python3.11/site-packages/airflow/example_dags/example_task_group.py for tasks to queue
[2024-04-26T05:37:07.279-0300] {logging_mixin.py:188} INFO - [2024-04-26T05:37:07.278-0300] {dagbag.py:540} INFO - Filling up the DagBag from /home/athlon/projects/airflow/.venv/lib/python3.11/site-packages/airflow/example_dags/example_task_group.py
[2024-04-26T05:37:07.289-0300] {processor.py:840} INFO - DAG(s) 'example_task_group' retrieved from /home/athlon/projects/airflow/.venv/lib/python3.11/site-packages/airflow/example_dags/example_task_group.py
[2024-04-26T05:37:07.312-0300] {logging_mixin.py:188} INFO - [2024-04-26T05:37:07.312-0300] {dag.py:3096} INFO - Sync 1 DAGs
[2024-04-26T05:37:07.340-0300] {logging_mixin.py:188} INFO - [2024-04-26T05:37:07.340-0300] {dag.py:3954} INFO - Setting next_dagrun for example_task_group to 2024-04-25 00:00:00+00:00, run_after=2024-04-26 00:00:00+00:00
[2024-04-26T05:37:07.374-0300] {processor.py:183} INFO - Processing /home/athlon/projects/airflow/.venv/lib/python3.11/site-packages/airflow/example_dags/example_task_group.py took 0.111 seconds
[2024-04-26T05:38:02.883-0300] {processor.py:161} INFO - Started process (PID=10130) to work on /home/athlon/projects/airflow/.venv/lib/python3.11/site-packages/airflow/example_dags/example_task_group.py
[2024-04-26T05:38:02.888-0300] {processor.py:830} INFO - Processing file /home/athlon/projects/airflow/.venv/lib/python3.11/site-packages/airflow/example_dags/example_task_group.py for tasks to queue
[2024-04-26T05:38:02.890-0300] {logging_mixin.py:188} INFO - [2024-04-26T05:38:02.890-0300] {dagbag.py:540} INFO - Filling up the DagBag from /home/athlon/projects/airflow/.venv/lib/python3.11/site-packages/airflow/example_dags/example_task_group.py
[2024-04-26T05:38:02.901-0300] {processor.py:840} INFO - DAG(s) 'example_task_group' retrieved from /home/athlon/projects/airflow/.venv/lib/python3.11/site-packages/airflow/example_dags/example_task_group.py
[2024-04-26T05:38:02.925-0300] {logging_mixin.py:188} INFO - [2024-04-26T05:38:02.924-0300] {dag.py:3096} INFO - Sync 1 DAGs
[2024-04-26T05:38:02.953-0300] {logging_mixin.py:188} INFO - [2024-04-26T05:38:02.952-0300] {dag.py:3954} INFO - Setting next_dagrun for example_task_group to 2024-04-25 00:00:00+00:00, run_after=2024-04-26 00:00:00+00:00
[2024-04-26T05:38:02.982-0300] {processor.py:183} INFO - Processing /home/athlon/projects/airflow/.venv/lib/python3.11/site-packages/airflow/example_dags/example_task_group.py took 0.108 seconds
[2024-04-26T05:39:05.870-0300] {processor.py:161} INFO - Started process (PID=10214) to work on /home/athlon/projects/airflow/.venv/lib/python3.11/site-packages/airflow/example_dags/example_task_group.py
[2024-04-26T05:39:05.875-0300] {processor.py:830} INFO - Processing file /home/athlon/projects/airflow/.venv/lib/python3.11/site-packages/airflow/example_dags/example_task_group.py for tasks to queue
[2024-04-26T05:39:05.878-0300] {logging_mixin.py:188} INFO - [2024-04-26T05:39:05.877-0300] {dagbag.py:540} INFO - Filling up the DagBag from /home/athlon/projects/airflow/.venv/lib/python3.11/site-packages/airflow/example_dags/example_task_group.py
[2024-04-26T05:39:05.890-0300] {processor.py:840} INFO - DAG(s) 'example_task_group' retrieved from /home/athlon/projects/airflow/.venv/lib/python3.11/site-packages/airflow/example_dags/example_task_group.py
[2024-04-26T05:39:05.915-0300] {logging_mixin.py:188} INFO - [2024-04-26T05:39:05.915-0300] {dag.py:3096} INFO - Sync 1 DAGs
[2024-04-26T05:39:05.942-0300] {logging_mixin.py:188} INFO - [2024-04-26T05:39:05.942-0300] {dag.py:3954} INFO - Setting next_dagrun for example_task_group to 2024-04-25 00:00:00+00:00, run_after=2024-04-26 00:00:00+00:00
[2024-04-26T05:39:05.983-0300] {processor.py:183} INFO - Processing /home/athlon/projects/airflow/.venv/lib/python3.11/site-packages/airflow/example_dags/example_task_group.py took 0.123 seconds
[2024-04-26T05:40:05.688-0300] {processor.py:161} INFO - Started process (PID=10266) to work on /home/athlon/projects/airflow/.venv/lib/python3.11/site-packages/airflow/example_dags/example_task_group.py
[2024-04-26T05:40:05.693-0300] {processor.py:830} INFO - Processing file /home/athlon/projects/airflow/.venv/lib/python3.11/site-packages/airflow/example_dags/example_task_group.py for tasks to queue
[2024-04-26T05:40:05.696-0300] {logging_mixin.py:188} INFO - [2024-04-26T05:40:05.695-0300] {dagbag.py:540} INFO - Filling up the DagBag from /home/athlon/projects/airflow/.venv/lib/python3.11/site-packages/airflow/example_dags/example_task_group.py
[2024-04-26T05:40:05.706-0300] {processor.py:840} INFO - DAG(s) 'example_task_group' retrieved from /home/athlon/projects/airflow/.venv/lib/python3.11/site-packages/airflow/example_dags/example_task_group.py
[2024-04-26T05:40:05.730-0300] {logging_mixin.py:188} INFO - [2024-04-26T05:40:05.730-0300] {dag.py:3096} INFO - Sync 1 DAGs
[2024-04-26T05:40:05.757-0300] {logging_mixin.py:188} INFO - [2024-04-26T05:40:05.756-0300] {dag.py:3954} INFO - Setting next_dagrun for example_task_group to 2024-04-25 00:00:00+00:00, run_after=2024-04-26 00:00:00+00:00
[2024-04-26T05:40:05.787-0300] {processor.py:183} INFO - Processing /home/athlon/projects/airflow/.venv/lib/python3.11/site-packages/airflow/example_dags/example_task_group.py took 0.107 seconds
[2024-04-26T05:41:06.369-0300] {processor.py:161} INFO - Started process (PID=10323) to work on /home/athlon/projects/airflow/.venv/lib/python3.11/site-packages/airflow/example_dags/example_task_group.py
[2024-04-26T05:41:06.375-0300] {processor.py:830} INFO - Processing file /home/athlon/projects/airflow/.venv/lib/python3.11/site-packages/airflow/example_dags/example_task_group.py for tasks to queue
[2024-04-26T05:41:06.378-0300] {logging_mixin.py:188} INFO - [2024-04-26T05:41:06.377-0300] {dagbag.py:540} INFO - Filling up the DagBag from /home/athlon/projects/airflow/.venv/lib/python3.11/site-packages/airflow/example_dags/example_task_group.py
[2024-04-26T05:41:06.391-0300] {processor.py:840} INFO - DAG(s) 'example_task_group' retrieved from /home/athlon/projects/airflow/.venv/lib/python3.11/site-packages/airflow/example_dags/example_task_group.py
[2024-04-26T05:41:06.417-0300] {logging_mixin.py:188} INFO - [2024-04-26T05:41:06.416-0300] {dag.py:3096} INFO - Sync 1 DAGs
[2024-04-26T05:41:06.444-0300] {logging_mixin.py:188} INFO - [2024-04-26T05:41:06.443-0300] {dag.py:3954} INFO - Setting next_dagrun for example_task_group to 2024-04-25 00:00:00+00:00, run_after=2024-04-26 00:00:00+00:00
[2024-04-26T05:41:06.473-0300] {processor.py:183} INFO - Processing /home/athlon/projects/airflow/.venv/lib/python3.11/site-packages/airflow/example_dags/example_task_group.py took 0.114 seconds
[2024-04-26T05:42:05.083-0300] {processor.py:161} INFO - Started process (PID=10375) to work on /home/athlon/projects/airflow/.venv/lib/python3.11/site-packages/airflow/example_dags/example_task_group.py
[2024-04-26T05:42:05.088-0300] {processor.py:830} INFO - Processing file /home/athlon/projects/airflow/.venv/lib/python3.11/site-packages/airflow/example_dags/example_task_group.py for tasks to queue
[2024-04-26T05:42:05.091-0300] {logging_mixin.py:188} INFO - [2024-04-26T05:42:05.090-0300] {dagbag.py:540} INFO - Filling up the DagBag from /home/athlon/projects/airflow/.venv/lib/python3.11/site-packages/airflow/example_dags/example_task_group.py
[2024-04-26T05:42:05.102-0300] {processor.py:840} INFO - DAG(s) 'example_task_group' retrieved from /home/athlon/projects/airflow/.venv/lib/python3.11/site-packages/airflow/example_dags/example_task_group.py
[2024-04-26T05:42:05.127-0300] {logging_mixin.py:188} INFO - [2024-04-26T05:42:05.127-0300] {dag.py:3096} INFO - Sync 1 DAGs
[2024-04-26T05:42:05.154-0300] {logging_mixin.py:188} INFO - [2024-04-26T05:42:05.154-0300] {dag.py:3954} INFO - Setting next_dagrun for example_task_group to 2024-04-25 00:00:00+00:00, run_after=2024-04-26 00:00:00+00:00
[2024-04-26T05:42:05.184-0300] {processor.py:183} INFO - Processing /home/athlon/projects/airflow/.venv/lib/python3.11/site-packages/airflow/example_dags/example_task_group.py took 0.111 seconds
[2024-04-26T05:43:09.908-0300] {processor.py:161} INFO - Started process (PID=10431) to work on /home/athlon/projects/airflow/.venv/lib/python3.11/site-packages/airflow/example_dags/example_task_group.py
[2024-04-26T05:43:09.914-0300] {processor.py:830} INFO - Processing file /home/athlon/projects/airflow/.venv/lib/python3.11/site-packages/airflow/example_dags/example_task_group.py for tasks to queue
[2024-04-26T05:43:09.918-0300] {logging_mixin.py:188} INFO - [2024-04-26T05:43:09.916-0300] {dagbag.py:540} INFO - Filling up the DagBag from /home/athlon/projects/airflow/.venv/lib/python3.11/site-packages/airflow/example_dags/example_task_group.py
[2024-04-26T05:43:09.930-0300] {processor.py:840} INFO - DAG(s) 'example_task_group' retrieved from /home/athlon/projects/airflow/.venv/lib/python3.11/site-packages/airflow/example_dags/example_task_group.py
[2024-04-26T05:43:09.955-0300] {logging_mixin.py:188} INFO - [2024-04-26T05:43:09.955-0300] {dag.py:3096} INFO - Sync 1 DAGs
[2024-04-26T05:43:09.983-0300] {logging_mixin.py:188} INFO - [2024-04-26T05:43:09.982-0300] {dag.py:3954} INFO - Setting next_dagrun for example_task_group to 2024-04-25 00:00:00+00:00, run_after=2024-04-26 00:00:00+00:00
[2024-04-26T05:43:10.015-0300] {processor.py:183} INFO - Processing /home/athlon/projects/airflow/.venv/lib/python3.11/site-packages/airflow/example_dags/example_task_group.py took 0.118 seconds
[2024-04-26T05:44:07.638-0300] {processor.py:161} INFO - Started process (PID=10486) to work on /home/athlon/projects/airflow/.venv/lib/python3.11/site-packages/airflow/example_dags/example_task_group.py
[2024-04-26T05:44:07.645-0300] {processor.py:830} INFO - Processing file /home/athlon/projects/airflow/.venv/lib/python3.11/site-packages/airflow/example_dags/example_task_group.py for tasks to queue
[2024-04-26T05:44:07.649-0300] {logging_mixin.py:188} INFO - [2024-04-26T05:44:07.648-0300] {dagbag.py:540} INFO - Filling up the DagBag from /home/athlon/projects/airflow/.venv/lib/python3.11/site-packages/airflow/example_dags/example_task_group.py
[2024-04-26T05:44:07.661-0300] {processor.py:840} INFO - DAG(s) 'example_task_group' retrieved from /home/athlon/projects/airflow/.venv/lib/python3.11/site-packages/airflow/example_dags/example_task_group.py
[2024-04-26T05:44:07.686-0300] {logging_mixin.py:188} INFO - [2024-04-26T05:44:07.685-0300] {dag.py:3096} INFO - Sync 1 DAGs
[2024-04-26T05:44:07.714-0300] {logging_mixin.py:188} INFO - [2024-04-26T05:44:07.713-0300] {dag.py:3954} INFO - Setting next_dagrun for example_task_group to 2024-04-25 00:00:00+00:00, run_after=2024-04-26 00:00:00+00:00
[2024-04-26T05:44:07.745-0300] {processor.py:183} INFO - Processing /home/athlon/projects/airflow/.venv/lib/python3.11/site-packages/airflow/example_dags/example_task_group.py took 0.118 seconds
[2024-04-26T05:45:00.689-0300] {processor.py:161} INFO - Started process (PID=10535) to work on /home/athlon/projects/airflow/.venv/lib/python3.11/site-packages/airflow/example_dags/example_task_group.py
[2024-04-26T05:45:00.694-0300] {processor.py:830} INFO - Processing file /home/athlon/projects/airflow/.venv/lib/python3.11/site-packages/airflow/example_dags/example_task_group.py for tasks to queue
[2024-04-26T05:45:00.697-0300] {logging_mixin.py:188} INFO - [2024-04-26T05:45:00.697-0300] {dagbag.py:540} INFO - Filling up the DagBag from /home/athlon/projects/airflow/.venv/lib/python3.11/site-packages/airflow/example_dags/example_task_group.py
[2024-04-26T05:45:00.709-0300] {processor.py:840} INFO - DAG(s) 'example_task_group' retrieved from /home/athlon/projects/airflow/.venv/lib/python3.11/site-packages/airflow/example_dags/example_task_group.py
[2024-04-26T05:45:00.736-0300] {logging_mixin.py:188} INFO - [2024-04-26T05:45:00.736-0300] {dag.py:3096} INFO - Sync 1 DAGs
[2024-04-26T05:45:00.767-0300] {logging_mixin.py:188} INFO - [2024-04-26T05:45:00.767-0300] {dag.py:3954} INFO - Setting next_dagrun for example_task_group to 2024-04-25 00:00:00+00:00, run_after=2024-04-26 00:00:00+00:00
[2024-04-26T05:45:00.799-0300] {processor.py:183} INFO - Processing /home/athlon/projects/airflow/.venv/lib/python3.11/site-packages/airflow/example_dags/example_task_group.py took 0.122 seconds
[2024-04-26T05:46:00.820-0300] {processor.py:161} INFO - Started process (PID=10590) to work on /home/athlon/projects/airflow/.venv/lib/python3.11/site-packages/airflow/example_dags/example_task_group.py
[2024-04-26T05:46:00.821-0300] {processor.py:830} INFO - Processing file /home/athlon/projects/airflow/.venv/lib/python3.11/site-packages/airflow/example_dags/example_task_group.py for tasks to queue
[2024-04-26T05:46:00.824-0300] {logging_mixin.py:188} INFO - [2024-04-26T05:46:00.823-0300] {dagbag.py:540} INFO - Filling up the DagBag from /home/athlon/projects/airflow/.venv/lib/python3.11/site-packages/airflow/example_dags/example_task_group.py
[2024-04-26T05:46:00.836-0300] {processor.py:840} INFO - DAG(s) 'example_task_group' retrieved from /home/athlon/projects/airflow/.venv/lib/python3.11/site-packages/airflow/example_dags/example_task_group.py
[2024-04-26T05:46:00.861-0300] {logging_mixin.py:188} INFO - [2024-04-26T05:46:00.861-0300] {dag.py:3096} INFO - Sync 1 DAGs
[2024-04-26T05:46:00.888-0300] {logging_mixin.py:188} INFO - [2024-04-26T05:46:00.888-0300] {dag.py:3954} INFO - Setting next_dagrun for example_task_group to 2024-04-25 00:00:00+00:00, run_after=2024-04-26 00:00:00+00:00
[2024-04-26T05:46:00.917-0300] {processor.py:183} INFO - Processing /home/athlon/projects/airflow/.venv/lib/python3.11/site-packages/airflow/example_dags/example_task_group.py took 0.110 seconds
[2024-04-26T05:46:58.918-0300] {processor.py:161} INFO - Started process (PID=10643) to work on /home/athlon/projects/airflow/.venv/lib/python3.11/site-packages/airflow/example_dags/example_task_group.py
[2024-04-26T05:46:58.925-0300] {processor.py:830} INFO - Processing file /home/athlon/projects/airflow/.venv/lib/python3.11/site-packages/airflow/example_dags/example_task_group.py for tasks to queue
[2024-04-26T05:46:58.928-0300] {logging_mixin.py:188} INFO - [2024-04-26T05:46:58.927-0300] {dagbag.py:540} INFO - Filling up the DagBag from /home/athlon/projects/airflow/.venv/lib/python3.11/site-packages/airflow/example_dags/example_task_group.py
[2024-04-26T05:46:58.939-0300] {processor.py:840} INFO - DAG(s) 'example_task_group' retrieved from /home/athlon/projects/airflow/.venv/lib/python3.11/site-packages/airflow/example_dags/example_task_group.py
[2024-04-26T05:46:58.966-0300] {logging_mixin.py:188} INFO - [2024-04-26T05:46:58.966-0300] {dag.py:3096} INFO - Sync 1 DAGs
[2024-04-26T05:46:58.992-0300] {logging_mixin.py:188} INFO - [2024-04-26T05:46:58.992-0300] {dag.py:3954} INFO - Setting next_dagrun for example_task_group to 2024-04-25 00:00:00+00:00, run_after=2024-04-26 00:00:00+00:00
[2024-04-26T05:46:59.021-0300] {processor.py:183} INFO - Processing /home/athlon/projects/airflow/.venv/lib/python3.11/site-packages/airflow/example_dags/example_task_group.py took 0.114 seconds
[2024-04-26T05:47:53.761-0300] {processor.py:161} INFO - Started process (PID=10725) to work on /home/athlon/projects/airflow/.venv/lib/python3.11/site-packages/airflow/example_dags/example_task_group.py
[2024-04-26T05:47:53.769-0300] {processor.py:830} INFO - Processing file /home/athlon/projects/airflow/.venv/lib/python3.11/site-packages/airflow/example_dags/example_task_group.py for tasks to queue
[2024-04-26T05:47:53.771-0300] {logging_mixin.py:188} INFO - [2024-04-26T05:47:53.771-0300] {dagbag.py:540} INFO - Filling up the DagBag from /home/athlon/projects/airflow/.venv/lib/python3.11/site-packages/airflow/example_dags/example_task_group.py
[2024-04-26T05:47:53.783-0300] {processor.py:840} INFO - DAG(s) 'example_task_group' retrieved from /home/athlon/projects/airflow/.venv/lib/python3.11/site-packages/airflow/example_dags/example_task_group.py
[2024-04-26T05:47:53.809-0300] {logging_mixin.py:188} INFO - [2024-04-26T05:47:53.809-0300] {dag.py:3096} INFO - Sync 1 DAGs
[2024-04-26T05:47:53.836-0300] {logging_mixin.py:188} INFO - [2024-04-26T05:47:53.835-0300] {dag.py:3954} INFO - Setting next_dagrun for example_task_group to 2024-04-25 00:00:00+00:00, run_after=2024-04-26 00:00:00+00:00
[2024-04-26T05:47:53.866-0300] {processor.py:183} INFO - Processing /home/athlon/projects/airflow/.venv/lib/python3.11/site-packages/airflow/example_dags/example_task_group.py took 0.116 seconds
[2024-04-26T05:48:48.802-0300] {processor.py:161} INFO - Started process (PID=10804) to work on /home/athlon/projects/airflow/.venv/lib/python3.11/site-packages/airflow/example_dags/example_task_group.py
[2024-04-26T05:48:48.808-0300] {processor.py:830} INFO - Processing file /home/athlon/projects/airflow/.venv/lib/python3.11/site-packages/airflow/example_dags/example_task_group.py for tasks to queue
[2024-04-26T05:48:48.810-0300] {logging_mixin.py:188} INFO - [2024-04-26T05:48:48.810-0300] {dagbag.py:540} INFO - Filling up the DagBag from /home/athlon/projects/airflow/.venv/lib/python3.11/site-packages/airflow/example_dags/example_task_group.py
[2024-04-26T05:48:48.822-0300] {processor.py:840} INFO - DAG(s) 'example_task_group' retrieved from /home/athlon/projects/airflow/.venv/lib/python3.11/site-packages/airflow/example_dags/example_task_group.py
[2024-04-26T05:48:48.848-0300] {logging_mixin.py:188} INFO - [2024-04-26T05:48:48.848-0300] {dag.py:3096} INFO - Sync 1 DAGs
[2024-04-26T05:48:48.878-0300] {logging_mixin.py:188} INFO - [2024-04-26T05:48:48.877-0300] {dag.py:3954} INFO - Setting next_dagrun for example_task_group to 2024-04-25 00:00:00+00:00, run_after=2024-04-26 00:00:00+00:00
[2024-04-26T05:48:48.909-0300] {processor.py:183} INFO - Processing /home/athlon/projects/airflow/.venv/lib/python3.11/site-packages/airflow/example_dags/example_task_group.py took 0.116 seconds
[2024-04-26T05:49:52.364-0300] {processor.py:161} INFO - Started process (PID=10877) to work on /home/athlon/projects/airflow/.venv/lib/python3.11/site-packages/airflow/example_dags/example_task_group.py
[2024-04-26T05:49:52.370-0300] {processor.py:830} INFO - Processing file /home/athlon/projects/airflow/.venv/lib/python3.11/site-packages/airflow/example_dags/example_task_group.py for tasks to queue
[2024-04-26T05:49:52.373-0300] {logging_mixin.py:188} INFO - [2024-04-26T05:49:52.372-0300] {dagbag.py:540} INFO - Filling up the DagBag from /home/athlon/projects/airflow/.venv/lib/python3.11/site-packages/airflow/example_dags/example_task_group.py
[2024-04-26T05:49:52.387-0300] {processor.py:840} INFO - DAG(s) 'example_task_group' retrieved from /home/athlon/projects/airflow/.venv/lib/python3.11/site-packages/airflow/example_dags/example_task_group.py
[2024-04-26T05:49:52.416-0300] {logging_mixin.py:188} INFO - [2024-04-26T05:49:52.416-0300] {dag.py:3096} INFO - Sync 1 DAGs
[2024-04-26T05:49:52.455-0300] {logging_mixin.py:188} INFO - [2024-04-26T05:49:52.454-0300] {dag.py:3954} INFO - Setting next_dagrun for example_task_group to 2024-04-25 00:00:00+00:00, run_after=2024-04-26 00:00:00+00:00
[2024-04-26T05:49:52.504-0300] {processor.py:183} INFO - Processing /home/athlon/projects/airflow/.venv/lib/python3.11/site-packages/airflow/example_dags/example_task_group.py took 0.148 seconds
[2024-04-26T05:51:11.314-0300] {processor.py:161} INFO - Started process (PID=10976) to work on /home/athlon/projects/airflow/.venv/lib/python3.11/site-packages/airflow/example_dags/example_task_group.py
[2024-04-26T05:51:11.316-0300] {processor.py:830} INFO - Processing file /home/athlon/projects/airflow/.venv/lib/python3.11/site-packages/airflow/example_dags/example_task_group.py for tasks to queue
[2024-04-26T05:51:11.324-0300] {logging_mixin.py:188} INFO - [2024-04-26T05:51:11.323-0300] {dagbag.py:540} INFO - Filling up the DagBag from /home/athlon/projects/airflow/.venv/lib/python3.11/site-packages/airflow/example_dags/example_task_group.py
[2024-04-26T05:51:11.358-0300] {processor.py:840} INFO - DAG(s) 'example_task_group' retrieved from /home/athlon/projects/airflow/.venv/lib/python3.11/site-packages/airflow/example_dags/example_task_group.py
[2024-04-26T05:51:11.419-0300] {logging_mixin.py:188} INFO - [2024-04-26T05:51:11.419-0300] {dag.py:3096} INFO - Sync 1 DAGs
[2024-04-26T05:51:11.497-0300] {logging_mixin.py:188} INFO - [2024-04-26T05:51:11.496-0300] {dag.py:3954} INFO - Setting next_dagrun for example_task_group to 2024-04-25 00:00:00+00:00, run_after=2024-04-26 00:00:00+00:00
[2024-04-26T05:51:11.561-0300] {processor.py:183} INFO - Processing /home/athlon/projects/airflow/.venv/lib/python3.11/site-packages/airflow/example_dags/example_task_group.py took 0.273 seconds
[2024-04-26T05:52:29.466-0300] {processor.py:161} INFO - Started process (PID=11046) to work on /home/athlon/projects/airflow/.venv/lib/python3.11/site-packages/airflow/example_dags/example_task_group.py
[2024-04-26T05:52:29.472-0300] {processor.py:830} INFO - Processing file /home/athlon/projects/airflow/.venv/lib/python3.11/site-packages/airflow/example_dags/example_task_group.py for tasks to queue
[2024-04-26T05:52:29.476-0300] {logging_mixin.py:188} INFO - [2024-04-26T05:52:29.475-0300] {dagbag.py:540} INFO - Filling up the DagBag from /home/athlon/projects/airflow/.venv/lib/python3.11/site-packages/airflow/example_dags/example_task_group.py
[2024-04-26T05:52:29.491-0300] {processor.py:840} INFO - DAG(s) 'example_task_group' retrieved from /home/athlon/projects/airflow/.venv/lib/python3.11/site-packages/airflow/example_dags/example_task_group.py
[2024-04-26T05:52:29.518-0300] {logging_mixin.py:188} INFO - [2024-04-26T05:52:29.518-0300] {dag.py:3096} INFO - Sync 1 DAGs
[2024-04-26T05:52:29.559-0300] {logging_mixin.py:188} INFO - [2024-04-26T05:52:29.558-0300] {dag.py:3954} INFO - Setting next_dagrun for example_task_group to 2024-04-25 00:00:00+00:00, run_after=2024-04-26 00:00:00+00:00
[2024-04-26T05:52:29.597-0300] {processor.py:183} INFO - Processing /home/athlon/projects/airflow/.venv/lib/python3.11/site-packages/airflow/example_dags/example_task_group.py took 0.139 seconds
