[2024-04-26T05:28:51.028-0300] {processor.py:161} INFO - Started process (PID=9576) to work on /home/athlon/projects/airflow/.venv/lib/python3.11/site-packages/airflow/example_dags/example_dynamic_task_mapping.py
[2024-04-26T05:28:51.029-0300] {processor.py:830} INFO - Processing file /home/athlon/projects/airflow/.venv/lib/python3.11/site-packages/airflow/example_dags/example_dynamic_task_mapping.py for tasks to queue
[2024-04-26T05:28:51.033-0300] {logging_mixin.py:188} INFO - [2024-04-26T05:28:51.032-0300] {dagbag.py:540} INFO - Filling up the DagBag from /home/athlon/projects/airflow/.venv/lib/python3.11/site-packages/airflow/example_dags/example_dynamic_task_mapping.py
[2024-04-26T05:28:51.048-0300] {processor.py:840} INFO - DAG(s) 'example_dynamic_task_mapping' retrieved from /home/athlon/projects/airflow/.venv/lib/python3.11/site-packages/airflow/example_dags/example_dynamic_task_mapping.py
[2024-04-26T05:28:51.289-0300] {logging_mixin.py:188} INFO - [2024-04-26T05:28:51.288-0300] {override.py:1829} INFO - Created Permission View: can edit on DAG:example_dynamic_task_mapping
[2024-04-26T05:28:51.319-0300] {logging_mixin.py:188} INFO - [2024-04-26T05:28:51.319-0300] {override.py:1829} INFO - Created Permission View: can delete on DAG:example_dynamic_task_mapping
[2024-04-26T05:28:51.334-0300] {logging_mixin.py:188} INFO - [2024-04-26T05:28:51.334-0300] {override.py:1829} INFO - Created Permission View: can read on DAG:example_dynamic_task_mapping
[2024-04-26T05:28:51.335-0300] {logging_mixin.py:188} INFO - [2024-04-26T05:28:51.335-0300] {dag.py:3096} INFO - Sync 1 DAGs
[2024-04-26T05:28:51.363-0300] {logging_mixin.py:188} INFO - [2024-04-26T05:28:51.363-0300] {dag.py:3118} INFO - Creating ORM DAG for example_dynamic_task_mapping
[2024-04-26T05:28:51.383-0300] {logging_mixin.py:188} INFO - [2024-04-26T05:28:51.383-0300] {dag.py:3954} INFO - Setting next_dagrun for example_dynamic_task_mapping to 2022-03-04 00:00:00+00:00, run_after=2022-03-05 00:00:00+00:00
[2024-04-26T05:28:51.423-0300] {processor.py:183} INFO - Processing /home/athlon/projects/airflow/.venv/lib/python3.11/site-packages/airflow/example_dags/example_dynamic_task_mapping.py took 0.408 seconds
[2024-04-26T05:29:59.653-0300] {processor.py:161} INFO - Started process (PID=9665) to work on /home/athlon/projects/airflow/.venv/lib/python3.11/site-packages/airflow/example_dags/example_dynamic_task_mapping.py
[2024-04-26T05:29:59.659-0300] {processor.py:830} INFO - Processing file /home/athlon/projects/airflow/.venv/lib/python3.11/site-packages/airflow/example_dags/example_dynamic_task_mapping.py for tasks to queue
[2024-04-26T05:29:59.662-0300] {logging_mixin.py:188} INFO - [2024-04-26T05:29:59.661-0300] {dagbag.py:540} INFO - Filling up the DagBag from /home/athlon/projects/airflow/.venv/lib/python3.11/site-packages/airflow/example_dags/example_dynamic_task_mapping.py
[2024-04-26T05:29:59.673-0300] {processor.py:840} INFO - DAG(s) 'example_dynamic_task_mapping' retrieved from /home/athlon/projects/airflow/.venv/lib/python3.11/site-packages/airflow/example_dags/example_dynamic_task_mapping.py
[2024-04-26T05:29:59.696-0300] {logging_mixin.py:188} INFO - [2024-04-26T05:29:59.695-0300] {dag.py:3096} INFO - Sync 1 DAGs
[2024-04-26T05:29:59.723-0300] {logging_mixin.py:188} INFO - [2024-04-26T05:29:59.723-0300] {dag.py:3954} INFO - Setting next_dagrun for example_dynamic_task_mapping to 2022-03-04 00:00:00+00:00, run_after=2022-03-05 00:00:00+00:00
[2024-04-26T05:29:59.751-0300] {processor.py:183} INFO - Processing /home/athlon/projects/airflow/.venv/lib/python3.11/site-packages/airflow/example_dags/example_dynamic_task_mapping.py took 0.108 seconds
[2024-04-26T05:30:58.876-0300] {processor.py:161} INFO - Started process (PID=9717) to work on /home/athlon/projects/airflow/.venv/lib/python3.11/site-packages/airflow/example_dags/example_dynamic_task_mapping.py
[2024-04-26T05:30:58.881-0300] {processor.py:830} INFO - Processing file /home/athlon/projects/airflow/.venv/lib/python3.11/site-packages/airflow/example_dags/example_dynamic_task_mapping.py for tasks to queue
[2024-04-26T05:30:58.884-0300] {logging_mixin.py:188} INFO - [2024-04-26T05:30:58.883-0300] {dagbag.py:540} INFO - Filling up the DagBag from /home/athlon/projects/airflow/.venv/lib/python3.11/site-packages/airflow/example_dags/example_dynamic_task_mapping.py
[2024-04-26T05:30:58.894-0300] {processor.py:840} INFO - DAG(s) 'example_dynamic_task_mapping' retrieved from /home/athlon/projects/airflow/.venv/lib/python3.11/site-packages/airflow/example_dags/example_dynamic_task_mapping.py
[2024-04-26T05:30:58.917-0300] {logging_mixin.py:188} INFO - [2024-04-26T05:30:58.916-0300] {dag.py:3096} INFO - Sync 1 DAGs
[2024-04-26T05:30:58.945-0300] {logging_mixin.py:188} INFO - [2024-04-26T05:30:58.945-0300] {dag.py:3954} INFO - Setting next_dagrun for example_dynamic_task_mapping to 2022-03-04 00:00:00+00:00, run_after=2022-03-05 00:00:00+00:00
[2024-04-26T05:30:58.973-0300] {processor.py:183} INFO - Processing /home/athlon/projects/airflow/.venv/lib/python3.11/site-packages/airflow/example_dags/example_dynamic_task_mapping.py took 0.106 seconds
[2024-04-26T05:31:56.285-0300] {processor.py:161} INFO - Started process (PID=9774) to work on /home/athlon/projects/airflow/.venv/lib/python3.11/site-packages/airflow/example_dags/example_dynamic_task_mapping.py
[2024-04-26T05:31:56.291-0300] {processor.py:830} INFO - Processing file /home/athlon/projects/airflow/.venv/lib/python3.11/site-packages/airflow/example_dags/example_dynamic_task_mapping.py for tasks to queue
[2024-04-26T05:31:56.294-0300] {logging_mixin.py:188} INFO - [2024-04-26T05:31:56.293-0300] {dagbag.py:540} INFO - Filling up the DagBag from /home/athlon/projects/airflow/.venv/lib/python3.11/site-packages/airflow/example_dags/example_dynamic_task_mapping.py
[2024-04-26T05:31:56.304-0300] {processor.py:840} INFO - DAG(s) 'example_dynamic_task_mapping' retrieved from /home/athlon/projects/airflow/.venv/lib/python3.11/site-packages/airflow/example_dags/example_dynamic_task_mapping.py
[2024-04-26T05:31:56.328-0300] {logging_mixin.py:188} INFO - [2024-04-26T05:31:56.327-0300] {dag.py:3096} INFO - Sync 1 DAGs
[2024-04-26T05:31:56.354-0300] {logging_mixin.py:188} INFO - [2024-04-26T05:31:56.354-0300] {dag.py:3954} INFO - Setting next_dagrun for example_dynamic_task_mapping to 2022-03-04 00:00:00+00:00, run_after=2022-03-05 00:00:00+00:00
[2024-04-26T05:31:56.384-0300] {processor.py:183} INFO - Processing /home/athlon/projects/airflow/.venv/lib/python3.11/site-packages/airflow/example_dags/example_dynamic_task_mapping.py took 0.109 seconds
[2024-04-26T05:32:55.264-0300] {processor.py:161} INFO - Started process (PID=9828) to work on /home/athlon/projects/airflow/.venv/lib/python3.11/site-packages/airflow/example_dags/example_dynamic_task_mapping.py
[2024-04-26T05:32:55.270-0300] {processor.py:830} INFO - Processing file /home/athlon/projects/airflow/.venv/lib/python3.11/site-packages/airflow/example_dags/example_dynamic_task_mapping.py for tasks to queue
[2024-04-26T05:32:55.272-0300] {logging_mixin.py:188} INFO - [2024-04-26T05:32:55.272-0300] {dagbag.py:540} INFO - Filling up the DagBag from /home/athlon/projects/airflow/.venv/lib/python3.11/site-packages/airflow/example_dags/example_dynamic_task_mapping.py
[2024-04-26T05:32:55.282-0300] {processor.py:840} INFO - DAG(s) 'example_dynamic_task_mapping' retrieved from /home/athlon/projects/airflow/.venv/lib/python3.11/site-packages/airflow/example_dags/example_dynamic_task_mapping.py
[2024-04-26T05:32:55.305-0300] {logging_mixin.py:188} INFO - [2024-04-26T05:32:55.304-0300] {dag.py:3096} INFO - Sync 1 DAGs
[2024-04-26T05:32:55.331-0300] {logging_mixin.py:188} INFO - [2024-04-26T05:32:55.330-0300] {dag.py:3954} INFO - Setting next_dagrun for example_dynamic_task_mapping to 2022-03-04 00:00:00+00:00, run_after=2022-03-05 00:00:00+00:00
[2024-04-26T05:32:55.358-0300] {processor.py:183} INFO - Processing /home/athlon/projects/airflow/.venv/lib/python3.11/site-packages/airflow/example_dags/example_dynamic_task_mapping.py took 0.104 seconds
[2024-04-26T05:33:56.757-0300] {processor.py:161} INFO - Started process (PID=9884) to work on /home/athlon/projects/airflow/.venv/lib/python3.11/site-packages/airflow/example_dags/example_dynamic_task_mapping.py
[2024-04-26T05:33:56.763-0300] {processor.py:830} INFO - Processing file /home/athlon/projects/airflow/.venv/lib/python3.11/site-packages/airflow/example_dags/example_dynamic_task_mapping.py for tasks to queue
[2024-04-26T05:33:56.765-0300] {logging_mixin.py:188} INFO - [2024-04-26T05:33:56.765-0300] {dagbag.py:540} INFO - Filling up the DagBag from /home/athlon/projects/airflow/.venv/lib/python3.11/site-packages/airflow/example_dags/example_dynamic_task_mapping.py
[2024-04-26T05:33:56.908-0300] {processor.py:840} INFO - DAG(s) 'example_dynamic_task_mapping' retrieved from /home/athlon/projects/airflow/.venv/lib/python3.11/site-packages/airflow/example_dags/example_dynamic_task_mapping.py
[2024-04-26T05:33:56.924-0300] {logging_mixin.py:188} INFO - [2024-04-26T05:33:56.924-0300] {dag.py:3096} INFO - Sync 1 DAGs
[2024-04-26T05:33:56.948-0300] {logging_mixin.py:188} INFO - [2024-04-26T05:33:56.948-0300] {dag.py:3954} INFO - Setting next_dagrun for example_dynamic_task_mapping to 2022-03-04 00:00:00+00:00, run_after=2022-03-05 00:00:00+00:00
[2024-04-26T05:33:56.980-0300] {processor.py:183} INFO - Processing /home/athlon/projects/airflow/.venv/lib/python3.11/site-packages/airflow/example_dags/example_dynamic_task_mapping.py took 0.231 seconds
[2024-04-26T05:34:53.218-0300] {processor.py:161} INFO - Started process (PID=9950) to work on /home/athlon/projects/airflow/.venv/lib/python3.11/site-packages/airflow/example_dags/example_dynamic_task_mapping.py
[2024-04-26T05:34:53.224-0300] {processor.py:830} INFO - Processing file /home/athlon/projects/airflow/.venv/lib/python3.11/site-packages/airflow/example_dags/example_dynamic_task_mapping.py for tasks to queue
[2024-04-26T05:34:53.226-0300] {logging_mixin.py:188} INFO - [2024-04-26T05:34:53.226-0300] {dagbag.py:540} INFO - Filling up the DagBag from /home/athlon/projects/airflow/.venv/lib/python3.11/site-packages/airflow/example_dags/example_dynamic_task_mapping.py
[2024-04-26T05:34:53.237-0300] {processor.py:840} INFO - DAG(s) 'example_dynamic_task_mapping' retrieved from /home/athlon/projects/airflow/.venv/lib/python3.11/site-packages/airflow/example_dags/example_dynamic_task_mapping.py
[2024-04-26T05:34:53.260-0300] {logging_mixin.py:188} INFO - [2024-04-26T05:34:53.260-0300] {dag.py:3096} INFO - Sync 1 DAGs
[2024-04-26T05:34:53.287-0300] {logging_mixin.py:188} INFO - [2024-04-26T05:34:53.287-0300] {dag.py:3954} INFO - Setting next_dagrun for example_dynamic_task_mapping to 2022-03-04 00:00:00+00:00, run_after=2022-03-05 00:00:00+00:00
[2024-04-26T05:34:53.318-0300] {processor.py:183} INFO - Processing /home/athlon/projects/airflow/.venv/lib/python3.11/site-packages/airflow/example_dags/example_dynamic_task_mapping.py took 0.110 seconds
[2024-04-26T05:35:48.941-0300] {processor.py:161} INFO - Started process (PID=10001) to work on /home/athlon/projects/airflow/.venv/lib/python3.11/site-packages/airflow/example_dags/example_dynamic_task_mapping.py
[2024-04-26T05:35:48.947-0300] {processor.py:830} INFO - Processing file /home/athlon/projects/airflow/.venv/lib/python3.11/site-packages/airflow/example_dags/example_dynamic_task_mapping.py for tasks to queue
[2024-04-26T05:35:48.950-0300] {logging_mixin.py:188} INFO - [2024-04-26T05:35:48.949-0300] {dagbag.py:540} INFO - Filling up the DagBag from /home/athlon/projects/airflow/.venv/lib/python3.11/site-packages/airflow/example_dags/example_dynamic_task_mapping.py
[2024-04-26T05:35:48.961-0300] {processor.py:840} INFO - DAG(s) 'example_dynamic_task_mapping' retrieved from /home/athlon/projects/airflow/.venv/lib/python3.11/site-packages/airflow/example_dags/example_dynamic_task_mapping.py
[2024-04-26T05:35:48.984-0300] {logging_mixin.py:188} INFO - [2024-04-26T05:35:48.984-0300] {dag.py:3096} INFO - Sync 1 DAGs
[2024-04-26T05:35:49.014-0300] {logging_mixin.py:188} INFO - [2024-04-26T05:35:49.013-0300] {dag.py:3954} INFO - Setting next_dagrun for example_dynamic_task_mapping to 2022-03-04 00:00:00+00:00, run_after=2022-03-05 00:00:00+00:00
[2024-04-26T05:35:49.043-0300] {processor.py:183} INFO - Processing /home/athlon/projects/airflow/.venv/lib/python3.11/site-packages/airflow/example_dags/example_dynamic_task_mapping.py took 0.112 seconds
[2024-04-26T05:36:44.894-0300] {processor.py:161} INFO - Started process (PID=10052) to work on /home/athlon/projects/airflow/.venv/lib/python3.11/site-packages/airflow/example_dags/example_dynamic_task_mapping.py
[2024-04-26T05:36:44.899-0300] {processor.py:830} INFO - Processing file /home/athlon/projects/airflow/.venv/lib/python3.11/site-packages/airflow/example_dags/example_dynamic_task_mapping.py for tasks to queue
[2024-04-26T05:36:44.902-0300] {logging_mixin.py:188} INFO - [2024-04-26T05:36:44.901-0300] {dagbag.py:540} INFO - Filling up the DagBag from /home/athlon/projects/airflow/.venv/lib/python3.11/site-packages/airflow/example_dags/example_dynamic_task_mapping.py
[2024-04-26T05:36:44.913-0300] {processor.py:840} INFO - DAG(s) 'example_dynamic_task_mapping' retrieved from /home/athlon/projects/airflow/.venv/lib/python3.11/site-packages/airflow/example_dags/example_dynamic_task_mapping.py
[2024-04-26T05:36:44.936-0300] {logging_mixin.py:188} INFO - [2024-04-26T05:36:44.936-0300] {dag.py:3096} INFO - Sync 1 DAGs
[2024-04-26T05:36:44.969-0300] {logging_mixin.py:188} INFO - [2024-04-26T05:36:44.968-0300] {dag.py:3954} INFO - Setting next_dagrun for example_dynamic_task_mapping to 2022-03-04 00:00:00+00:00, run_after=2022-03-05 00:00:00+00:00
[2024-04-26T05:36:45.001-0300] {processor.py:183} INFO - Processing /home/athlon/projects/airflow/.venv/lib/python3.11/site-packages/airflow/example_dags/example_dynamic_task_mapping.py took 0.118 seconds
[2024-04-26T05:37:41.523-0300] {processor.py:161} INFO - Started process (PID=10108) to work on /home/athlon/projects/airflow/.venv/lib/python3.11/site-packages/airflow/example_dags/example_dynamic_task_mapping.py
[2024-04-26T05:37:41.529-0300] {processor.py:830} INFO - Processing file /home/athlon/projects/airflow/.venv/lib/python3.11/site-packages/airflow/example_dags/example_dynamic_task_mapping.py for tasks to queue
[2024-04-26T05:37:41.532-0300] {logging_mixin.py:188} INFO - [2024-04-26T05:37:41.531-0300] {dagbag.py:540} INFO - Filling up the DagBag from /home/athlon/projects/airflow/.venv/lib/python3.11/site-packages/airflow/example_dags/example_dynamic_task_mapping.py
[2024-04-26T05:37:41.543-0300] {processor.py:840} INFO - DAG(s) 'example_dynamic_task_mapping' retrieved from /home/athlon/projects/airflow/.venv/lib/python3.11/site-packages/airflow/example_dags/example_dynamic_task_mapping.py
[2024-04-26T05:37:41.565-0300] {logging_mixin.py:188} INFO - [2024-04-26T05:37:41.565-0300] {dag.py:3096} INFO - Sync 1 DAGs
[2024-04-26T05:37:41.592-0300] {logging_mixin.py:188} INFO - [2024-04-26T05:37:41.592-0300] {dag.py:3954} INFO - Setting next_dagrun for example_dynamic_task_mapping to 2022-03-04 00:00:00+00:00, run_after=2022-03-05 00:00:00+00:00
[2024-04-26T05:37:41.621-0300] {processor.py:183} INFO - Processing /home/athlon/projects/airflow/.venv/lib/python3.11/site-packages/airflow/example_dags/example_dynamic_task_mapping.py took 0.108 seconds
[2024-04-26T05:38:39.513-0300] {processor.py:161} INFO - Started process (PID=10159) to work on /home/athlon/projects/airflow/.venv/lib/python3.11/site-packages/airflow/example_dags/example_dynamic_task_mapping.py
[2024-04-26T05:38:39.519-0300] {processor.py:830} INFO - Processing file /home/athlon/projects/airflow/.venv/lib/python3.11/site-packages/airflow/example_dags/example_dynamic_task_mapping.py for tasks to queue
[2024-04-26T05:38:39.522-0300] {logging_mixin.py:188} INFO - [2024-04-26T05:38:39.521-0300] {dagbag.py:540} INFO - Filling up the DagBag from /home/athlon/projects/airflow/.venv/lib/python3.11/site-packages/airflow/example_dags/example_dynamic_task_mapping.py
[2024-04-26T05:38:39.533-0300] {processor.py:840} INFO - DAG(s) 'example_dynamic_task_mapping' retrieved from /home/athlon/projects/airflow/.venv/lib/python3.11/site-packages/airflow/example_dags/example_dynamic_task_mapping.py
[2024-04-26T05:38:39.556-0300] {logging_mixin.py:188} INFO - [2024-04-26T05:38:39.556-0300] {dag.py:3096} INFO - Sync 1 DAGs
[2024-04-26T05:38:39.583-0300] {logging_mixin.py:188} INFO - [2024-04-26T05:38:39.583-0300] {dag.py:3954} INFO - Setting next_dagrun for example_dynamic_task_mapping to 2022-03-04 00:00:00+00:00, run_after=2022-03-05 00:00:00+00:00
[2024-04-26T05:38:39.612-0300] {processor.py:183} INFO - Processing /home/athlon/projects/airflow/.venv/lib/python3.11/site-packages/airflow/example_dags/example_dynamic_task_mapping.py took 0.109 seconds
[2024-04-26T05:39:39.976-0300] {processor.py:161} INFO - Started process (PID=10244) to work on /home/athlon/projects/airflow/.venv/lib/python3.11/site-packages/airflow/example_dags/example_dynamic_task_mapping.py
[2024-04-26T05:39:39.982-0300] {processor.py:830} INFO - Processing file /home/athlon/projects/airflow/.venv/lib/python3.11/site-packages/airflow/example_dags/example_dynamic_task_mapping.py for tasks to queue
[2024-04-26T05:39:39.984-0300] {logging_mixin.py:188} INFO - [2024-04-26T05:39:39.983-0300] {dagbag.py:540} INFO - Filling up the DagBag from /home/athlon/projects/airflow/.venv/lib/python3.11/site-packages/airflow/example_dags/example_dynamic_task_mapping.py
[2024-04-26T05:39:39.997-0300] {processor.py:840} INFO - DAG(s) 'example_dynamic_task_mapping' retrieved from /home/athlon/projects/airflow/.venv/lib/python3.11/site-packages/airflow/example_dags/example_dynamic_task_mapping.py
[2024-04-26T05:39:40.020-0300] {logging_mixin.py:188} INFO - [2024-04-26T05:39:40.020-0300] {dag.py:3096} INFO - Sync 1 DAGs
[2024-04-26T05:39:40.047-0300] {logging_mixin.py:188} INFO - [2024-04-26T05:39:40.047-0300] {dag.py:3954} INFO - Setting next_dagrun for example_dynamic_task_mapping to 2022-03-04 00:00:00+00:00, run_after=2022-03-05 00:00:00+00:00
[2024-04-26T05:39:40.077-0300] {processor.py:183} INFO - Processing /home/athlon/projects/airflow/.venv/lib/python3.11/site-packages/airflow/example_dags/example_dynamic_task_mapping.py took 0.112 seconds
[2024-04-26T05:40:39.166-0300] {processor.py:161} INFO - Started process (PID=10300) to work on /home/athlon/projects/airflow/.venv/lib/python3.11/site-packages/airflow/example_dags/example_dynamic_task_mapping.py
[2024-04-26T05:40:39.172-0300] {processor.py:830} INFO - Processing file /home/athlon/projects/airflow/.venv/lib/python3.11/site-packages/airflow/example_dags/example_dynamic_task_mapping.py for tasks to queue
[2024-04-26T05:40:39.174-0300] {logging_mixin.py:188} INFO - [2024-04-26T05:40:39.174-0300] {dagbag.py:540} INFO - Filling up the DagBag from /home/athlon/projects/airflow/.venv/lib/python3.11/site-packages/airflow/example_dags/example_dynamic_task_mapping.py
[2024-04-26T05:40:39.186-0300] {processor.py:840} INFO - DAG(s) 'example_dynamic_task_mapping' retrieved from /home/athlon/projects/airflow/.venv/lib/python3.11/site-packages/airflow/example_dags/example_dynamic_task_mapping.py
[2024-04-26T05:40:39.209-0300] {logging_mixin.py:188} INFO - [2024-04-26T05:40:39.209-0300] {dag.py:3096} INFO - Sync 1 DAGs
[2024-04-26T05:40:39.239-0300] {logging_mixin.py:188} INFO - [2024-04-26T05:40:39.238-0300] {dag.py:3954} INFO - Setting next_dagrun for example_dynamic_task_mapping to 2022-03-04 00:00:00+00:00, run_after=2022-03-05 00:00:00+00:00
[2024-04-26T05:40:39.272-0300] {processor.py:183} INFO - Processing /home/athlon/projects/airflow/.venv/lib/python3.11/site-packages/airflow/example_dags/example_dynamic_task_mapping.py took 0.117 seconds
[2024-04-26T05:41:39.890-0300] {processor.py:161} INFO - Started process (PID=10354) to work on /home/athlon/projects/airflow/.venv/lib/python3.11/site-packages/airflow/example_dags/example_dynamic_task_mapping.py
[2024-04-26T05:41:39.896-0300] {processor.py:830} INFO - Processing file /home/athlon/projects/airflow/.venv/lib/python3.11/site-packages/airflow/example_dags/example_dynamic_task_mapping.py for tasks to queue
[2024-04-26T05:41:39.898-0300] {logging_mixin.py:188} INFO - [2024-04-26T05:41:39.898-0300] {dagbag.py:540} INFO - Filling up the DagBag from /home/athlon/projects/airflow/.venv/lib/python3.11/site-packages/airflow/example_dags/example_dynamic_task_mapping.py
[2024-04-26T05:41:39.909-0300] {processor.py:840} INFO - DAG(s) 'example_dynamic_task_mapping' retrieved from /home/athlon/projects/airflow/.venv/lib/python3.11/site-packages/airflow/example_dags/example_dynamic_task_mapping.py
[2024-04-26T05:41:39.931-0300] {logging_mixin.py:188} INFO - [2024-04-26T05:41:39.930-0300] {dag.py:3096} INFO - Sync 1 DAGs
[2024-04-26T05:41:39.960-0300] {logging_mixin.py:188} INFO - [2024-04-26T05:41:39.960-0300] {dag.py:3954} INFO - Setting next_dagrun for example_dynamic_task_mapping to 2022-03-04 00:00:00+00:00, run_after=2022-03-05 00:00:00+00:00
[2024-04-26T05:41:39.989-0300] {processor.py:183} INFO - Processing /home/athlon/projects/airflow/.venv/lib/python3.11/site-packages/airflow/example_dags/example_dynamic_task_mapping.py took 0.109 seconds
[2024-04-26T05:42:42.633-0300] {processor.py:161} INFO - Started process (PID=10407) to work on /home/athlon/projects/airflow/.venv/lib/python3.11/site-packages/airflow/example_dags/example_dynamic_task_mapping.py
[2024-04-26T05:42:42.638-0300] {processor.py:830} INFO - Processing file /home/athlon/projects/airflow/.venv/lib/python3.11/site-packages/airflow/example_dags/example_dynamic_task_mapping.py for tasks to queue
[2024-04-26T05:42:42.641-0300] {logging_mixin.py:188} INFO - [2024-04-26T05:42:42.641-0300] {dagbag.py:540} INFO - Filling up the DagBag from /home/athlon/projects/airflow/.venv/lib/python3.11/site-packages/airflow/example_dags/example_dynamic_task_mapping.py
[2024-04-26T05:42:42.651-0300] {processor.py:840} INFO - DAG(s) 'example_dynamic_task_mapping' retrieved from /home/athlon/projects/airflow/.venv/lib/python3.11/site-packages/airflow/example_dags/example_dynamic_task_mapping.py
[2024-04-26T05:42:42.674-0300] {logging_mixin.py:188} INFO - [2024-04-26T05:42:42.673-0300] {dag.py:3096} INFO - Sync 1 DAGs
[2024-04-26T05:42:42.703-0300] {logging_mixin.py:188} INFO - [2024-04-26T05:42:42.703-0300] {dag.py:3954} INFO - Setting next_dagrun for example_dynamic_task_mapping to 2022-03-04 00:00:00+00:00, run_after=2022-03-05 00:00:00+00:00
[2024-04-26T05:42:42.733-0300] {processor.py:183} INFO - Processing /home/athlon/projects/airflow/.venv/lib/python3.11/site-packages/airflow/example_dags/example_dynamic_task_mapping.py took 0.111 seconds
[2024-04-26T05:43:41.975-0300] {processor.py:161} INFO - Started process (PID=10460) to work on /home/athlon/projects/airflow/.venv/lib/python3.11/site-packages/airflow/example_dags/example_dynamic_task_mapping.py
[2024-04-26T05:43:41.981-0300] {processor.py:830} INFO - Processing file /home/athlon/projects/airflow/.venv/lib/python3.11/site-packages/airflow/example_dags/example_dynamic_task_mapping.py for tasks to queue
[2024-04-26T05:43:41.984-0300] {logging_mixin.py:188} INFO - [2024-04-26T05:43:41.983-0300] {dagbag.py:540} INFO - Filling up the DagBag from /home/athlon/projects/airflow/.venv/lib/python3.11/site-packages/airflow/example_dags/example_dynamic_task_mapping.py
[2024-04-26T05:43:41.994-0300] {processor.py:840} INFO - DAG(s) 'example_dynamic_task_mapping' retrieved from /home/athlon/projects/airflow/.venv/lib/python3.11/site-packages/airflow/example_dags/example_dynamic_task_mapping.py
[2024-04-26T05:43:42.016-0300] {logging_mixin.py:188} INFO - [2024-04-26T05:43:42.016-0300] {dag.py:3096} INFO - Sync 1 DAGs
[2024-04-26T05:43:42.044-0300] {logging_mixin.py:188} INFO - [2024-04-26T05:43:42.043-0300] {dag.py:3954} INFO - Setting next_dagrun for example_dynamic_task_mapping to 2022-03-04 00:00:00+00:00, run_after=2022-03-05 00:00:00+00:00
[2024-04-26T05:43:42.073-0300] {processor.py:183} INFO - Processing /home/athlon/projects/airflow/.venv/lib/python3.11/site-packages/airflow/example_dags/example_dynamic_task_mapping.py took 0.109 seconds
[2024-04-26T05:44:37.671-0300] {processor.py:161} INFO - Started process (PID=10513) to work on /home/athlon/projects/airflow/.venv/lib/python3.11/site-packages/airflow/example_dags/example_dynamic_task_mapping.py
[2024-04-26T05:44:37.677-0300] {processor.py:830} INFO - Processing file /home/athlon/projects/airflow/.venv/lib/python3.11/site-packages/airflow/example_dags/example_dynamic_task_mapping.py for tasks to queue
[2024-04-26T05:44:37.679-0300] {logging_mixin.py:188} INFO - [2024-04-26T05:44:37.679-0300] {dagbag.py:540} INFO - Filling up the DagBag from /home/athlon/projects/airflow/.venv/lib/python3.11/site-packages/airflow/example_dags/example_dynamic_task_mapping.py
[2024-04-26T05:44:37.690-0300] {processor.py:840} INFO - DAG(s) 'example_dynamic_task_mapping' retrieved from /home/athlon/projects/airflow/.venv/lib/python3.11/site-packages/airflow/example_dags/example_dynamic_task_mapping.py
[2024-04-26T05:44:37.713-0300] {logging_mixin.py:188} INFO - [2024-04-26T05:44:37.713-0300] {dag.py:3096} INFO - Sync 1 DAGs
[2024-04-26T05:44:37.747-0300] {logging_mixin.py:188} INFO - [2024-04-26T05:44:37.746-0300] {dag.py:3954} INFO - Setting next_dagrun for example_dynamic_task_mapping to 2022-03-04 00:00:00+00:00, run_after=2022-03-05 00:00:00+00:00
[2024-04-26T05:44:37.776-0300] {processor.py:183} INFO - Processing /home/athlon/projects/airflow/.venv/lib/python3.11/site-packages/airflow/example_dags/example_dynamic_task_mapping.py took 0.118 seconds
[2024-04-26T05:45:34.280-0300] {processor.py:161} INFO - Started process (PID=10563) to work on /home/athlon/projects/airflow/.venv/lib/python3.11/site-packages/airflow/example_dags/example_dynamic_task_mapping.py
[2024-04-26T05:45:34.286-0300] {processor.py:830} INFO - Processing file /home/athlon/projects/airflow/.venv/lib/python3.11/site-packages/airflow/example_dags/example_dynamic_task_mapping.py for tasks to queue
[2024-04-26T05:45:34.288-0300] {logging_mixin.py:188} INFO - [2024-04-26T05:45:34.288-0300] {dagbag.py:540} INFO - Filling up the DagBag from /home/athlon/projects/airflow/.venv/lib/python3.11/site-packages/airflow/example_dags/example_dynamic_task_mapping.py
[2024-04-26T05:45:34.299-0300] {processor.py:840} INFO - DAG(s) 'example_dynamic_task_mapping' retrieved from /home/athlon/projects/airflow/.venv/lib/python3.11/site-packages/airflow/example_dags/example_dynamic_task_mapping.py
[2024-04-26T05:45:34.323-0300] {logging_mixin.py:188} INFO - [2024-04-26T05:45:34.322-0300] {dag.py:3096} INFO - Sync 1 DAGs
[2024-04-26T05:45:34.350-0300] {logging_mixin.py:188} INFO - [2024-04-26T05:45:34.349-0300] {dag.py:3954} INFO - Setting next_dagrun for example_dynamic_task_mapping to 2022-03-04 00:00:00+00:00, run_after=2022-03-05 00:00:00+00:00
[2024-04-26T05:45:34.379-0300] {processor.py:183} INFO - Processing /home/athlon/projects/airflow/.venv/lib/python3.11/site-packages/airflow/example_dags/example_dynamic_task_mapping.py took 0.110 seconds
[2024-04-26T05:46:33.659-0300] {processor.py:161} INFO - Started process (PID=10619) to work on /home/athlon/projects/airflow/.venv/lib/python3.11/site-packages/airflow/example_dags/example_dynamic_task_mapping.py
[2024-04-26T05:46:33.665-0300] {processor.py:830} INFO - Processing file /home/athlon/projects/airflow/.venv/lib/python3.11/site-packages/airflow/example_dags/example_dynamic_task_mapping.py for tasks to queue
[2024-04-26T05:46:33.667-0300] {logging_mixin.py:188} INFO - [2024-04-26T05:46:33.667-0300] {dagbag.py:540} INFO - Filling up the DagBag from /home/athlon/projects/airflow/.venv/lib/python3.11/site-packages/airflow/example_dags/example_dynamic_task_mapping.py
[2024-04-26T05:46:33.678-0300] {processor.py:840} INFO - DAG(s) 'example_dynamic_task_mapping' retrieved from /home/athlon/projects/airflow/.venv/lib/python3.11/site-packages/airflow/example_dags/example_dynamic_task_mapping.py
[2024-04-26T05:46:33.702-0300] {logging_mixin.py:188} INFO - [2024-04-26T05:46:33.701-0300] {dag.py:3096} INFO - Sync 1 DAGs
[2024-04-26T05:46:33.738-0300] {logging_mixin.py:188} INFO - [2024-04-26T05:46:33.738-0300] {dag.py:3954} INFO - Setting next_dagrun for example_dynamic_task_mapping to 2022-03-04 00:00:00+00:00, run_after=2022-03-05 00:00:00+00:00
[2024-04-26T05:46:33.768-0300] {processor.py:183} INFO - Processing /home/athlon/projects/airflow/.venv/lib/python3.11/site-packages/airflow/example_dags/example_dynamic_task_mapping.py took 0.119 seconds
[2024-04-26T05:47:30.690-0300] {processor.py:161} INFO - Started process (PID=10690) to work on /home/athlon/projects/airflow/.venv/lib/python3.11/site-packages/airflow/example_dags/example_dynamic_task_mapping.py
[2024-04-26T05:47:30.696-0300] {processor.py:830} INFO - Processing file /home/athlon/projects/airflow/.venv/lib/python3.11/site-packages/airflow/example_dags/example_dynamic_task_mapping.py for tasks to queue
[2024-04-26T05:47:30.699-0300] {logging_mixin.py:188} INFO - [2024-04-26T05:47:30.698-0300] {dagbag.py:540} INFO - Filling up the DagBag from /home/athlon/projects/airflow/.venv/lib/python3.11/site-packages/airflow/example_dags/example_dynamic_task_mapping.py
[2024-04-26T05:47:30.709-0300] {processor.py:840} INFO - DAG(s) 'example_dynamic_task_mapping' retrieved from /home/athlon/projects/airflow/.venv/lib/python3.11/site-packages/airflow/example_dags/example_dynamic_task_mapping.py
[2024-04-26T05:47:30.732-0300] {logging_mixin.py:188} INFO - [2024-04-26T05:47:30.731-0300] {dag.py:3096} INFO - Sync 1 DAGs
[2024-04-26T05:47:30.763-0300] {logging_mixin.py:188} INFO - [2024-04-26T05:47:30.763-0300] {dag.py:3954} INFO - Setting next_dagrun for example_dynamic_task_mapping to 2022-03-04 00:00:00+00:00, run_after=2022-03-05 00:00:00+00:00
[2024-04-26T05:47:30.793-0300] {processor.py:183} INFO - Processing /home/athlon/projects/airflow/.venv/lib/python3.11/site-packages/airflow/example_dags/example_dynamic_task_mapping.py took 0.114 seconds
[2024-04-26T05:48:25.663-0300] {processor.py:161} INFO - Started process (PID=10760) to work on /home/athlon/projects/airflow/.venv/lib/python3.11/site-packages/airflow/example_dags/example_dynamic_task_mapping.py
[2024-04-26T05:48:25.669-0300] {processor.py:830} INFO - Processing file /home/athlon/projects/airflow/.venv/lib/python3.11/site-packages/airflow/example_dags/example_dynamic_task_mapping.py for tasks to queue
[2024-04-26T05:48:25.671-0300] {logging_mixin.py:188} INFO - [2024-04-26T05:48:25.671-0300] {dagbag.py:540} INFO - Filling up the DagBag from /home/athlon/projects/airflow/.venv/lib/python3.11/site-packages/airflow/example_dags/example_dynamic_task_mapping.py
[2024-04-26T05:48:25.682-0300] {processor.py:840} INFO - DAG(s) 'example_dynamic_task_mapping' retrieved from /home/athlon/projects/airflow/.venv/lib/python3.11/site-packages/airflow/example_dags/example_dynamic_task_mapping.py
[2024-04-26T05:48:25.705-0300] {logging_mixin.py:188} INFO - [2024-04-26T05:48:25.705-0300] {dag.py:3096} INFO - Sync 1 DAGs
[2024-04-26T05:48:25.733-0300] {logging_mixin.py:188} INFO - [2024-04-26T05:48:25.732-0300] {dag.py:3954} INFO - Setting next_dagrun for example_dynamic_task_mapping to 2022-03-04 00:00:00+00:00, run_after=2022-03-05 00:00:00+00:00
[2024-04-26T05:48:25.761-0300] {processor.py:183} INFO - Processing /home/athlon/projects/airflow/.venv/lib/python3.11/site-packages/airflow/example_dags/example_dynamic_task_mapping.py took 0.109 seconds
[2024-04-26T05:49:26.115-0300] {processor.py:161} INFO - Started process (PID=10847) to work on /home/athlon/projects/airflow/.venv/lib/python3.11/site-packages/airflow/example_dags/example_dynamic_task_mapping.py
[2024-04-26T05:49:26.117-0300] {processor.py:830} INFO - Processing file /home/athlon/projects/airflow/.venv/lib/python3.11/site-packages/airflow/example_dags/example_dynamic_task_mapping.py for tasks to queue
[2024-04-26T05:49:26.121-0300] {logging_mixin.py:188} INFO - [2024-04-26T05:49:26.119-0300] {dagbag.py:540} INFO - Filling up the DagBag from /home/athlon/projects/airflow/.venv/lib/python3.11/site-packages/airflow/example_dags/example_dynamic_task_mapping.py
[2024-04-26T05:49:26.132-0300] {processor.py:840} INFO - DAG(s) 'example_dynamic_task_mapping' retrieved from /home/athlon/projects/airflow/.venv/lib/python3.11/site-packages/airflow/example_dags/example_dynamic_task_mapping.py
[2024-04-26T05:49:26.156-0300] {logging_mixin.py:188} INFO - [2024-04-26T05:49:26.156-0300] {dag.py:3096} INFO - Sync 1 DAGs
[2024-04-26T05:49:26.188-0300] {logging_mixin.py:188} INFO - [2024-04-26T05:49:26.188-0300] {dag.py:3954} INFO - Setting next_dagrun for example_dynamic_task_mapping to 2022-03-04 00:00:00+00:00, run_after=2022-03-05 00:00:00+00:00
[2024-04-26T05:49:26.226-0300] {processor.py:183} INFO - Processing /home/athlon/projects/airflow/.venv/lib/python3.11/site-packages/airflow/example_dags/example_dynamic_task_mapping.py took 0.121 seconds
[2024-04-26T05:50:38.116-0300] {processor.py:161} INFO - Started process (PID=10938) to work on /home/athlon/projects/airflow/.venv/lib/python3.11/site-packages/airflow/example_dags/example_dynamic_task_mapping.py
[2024-04-26T05:50:38.123-0300] {processor.py:830} INFO - Processing file /home/athlon/projects/airflow/.venv/lib/python3.11/site-packages/airflow/example_dags/example_dynamic_task_mapping.py for tasks to queue
[2024-04-26T05:50:38.126-0300] {logging_mixin.py:188} INFO - [2024-04-26T05:50:38.125-0300] {dagbag.py:540} INFO - Filling up the DagBag from /home/athlon/projects/airflow/.venv/lib/python3.11/site-packages/airflow/example_dags/example_dynamic_task_mapping.py
[2024-04-26T05:50:38.145-0300] {processor.py:840} INFO - DAG(s) 'example_dynamic_task_mapping' retrieved from /home/athlon/projects/airflow/.venv/lib/python3.11/site-packages/airflow/example_dags/example_dynamic_task_mapping.py
[2024-04-26T05:50:38.185-0300] {logging_mixin.py:188} INFO - [2024-04-26T05:50:38.185-0300] {dag.py:3096} INFO - Sync 1 DAGs
[2024-04-26T05:50:38.237-0300] {logging_mixin.py:188} INFO - [2024-04-26T05:50:38.237-0300] {dag.py:3954} INFO - Setting next_dagrun for example_dynamic_task_mapping to 2022-03-04 00:00:00+00:00, run_after=2022-03-05 00:00:00+00:00
[2024-04-26T05:50:38.303-0300] {processor.py:183} INFO - Processing /home/athlon/projects/airflow/.venv/lib/python3.11/site-packages/airflow/example_dags/example_dynamic_task_mapping.py took 0.207 seconds
[2024-04-26T05:52:08.368-0300] {processor.py:161} INFO - Started process (PID=11026) to work on /home/athlon/projects/airflow/.venv/lib/python3.11/site-packages/airflow/example_dags/example_dynamic_task_mapping.py
[2024-04-26T05:52:08.376-0300] {processor.py:830} INFO - Processing file /home/athlon/projects/airflow/.venv/lib/python3.11/site-packages/airflow/example_dags/example_dynamic_task_mapping.py for tasks to queue
[2024-04-26T05:52:08.378-0300] {logging_mixin.py:188} INFO - [2024-04-26T05:52:08.378-0300] {dagbag.py:540} INFO - Filling up the DagBag from /home/athlon/projects/airflow/.venv/lib/python3.11/site-packages/airflow/example_dags/example_dynamic_task_mapping.py
[2024-04-26T05:52:08.393-0300] {processor.py:840} INFO - DAG(s) 'example_dynamic_task_mapping' retrieved from /home/athlon/projects/airflow/.venv/lib/python3.11/site-packages/airflow/example_dags/example_dynamic_task_mapping.py
[2024-04-26T05:52:08.419-0300] {logging_mixin.py:188} INFO - [2024-04-26T05:52:08.419-0300] {dag.py:3096} INFO - Sync 1 DAGs
[2024-04-26T05:52:08.458-0300] {logging_mixin.py:188} INFO - [2024-04-26T05:52:08.457-0300] {dag.py:3954} INFO - Setting next_dagrun for example_dynamic_task_mapping to 2022-03-04 00:00:00+00:00, run_after=2022-03-05 00:00:00+00:00
[2024-04-26T05:52:08.494-0300] {processor.py:183} INFO - Processing /home/athlon/projects/airflow/.venv/lib/python3.11/site-packages/airflow/example_dags/example_dynamic_task_mapping.py took 0.137 seconds
