[2024-04-26T05:28:36.565-0300] {processor.py:161} INFO - Started process (PID=9558) to work on /home/athlon/projects/airflow/.venv/lib/python3.11/site-packages/airflow/example_dags/example_latest_only.py
[2024-04-26T05:28:36.566-0300] {processor.py:830} INFO - Processing file /home/athlon/projects/airflow/.venv/lib/python3.11/site-packages/airflow/example_dags/example_latest_only.py for tasks to queue
[2024-04-26T05:28:36.569-0300] {logging_mixin.py:188} INFO - [2024-04-26T05:28:36.568-0300] {dagbag.py:540} INFO - Filling up the DagBag from /home/athlon/projects/airflow/.venv/lib/python3.11/site-packages/airflow/example_dags/example_latest_only.py
[2024-04-26T05:28:36.578-0300] {processor.py:840} INFO - DAG(s) 'latest_only' retrieved from /home/athlon/projects/airflow/.venv/lib/python3.11/site-packages/airflow/example_dags/example_latest_only.py
[2024-04-26T05:28:36.795-0300] {logging_mixin.py:188} INFO - [2024-04-26T05:28:36.794-0300] {override.py:1829} INFO - Created Permission View: can edit on DAG:latest_only
[2024-04-26T05:28:36.815-0300] {logging_mixin.py:188} INFO - [2024-04-26T05:28:36.814-0300] {override.py:1829} INFO - Created Permission View: can delete on DAG:latest_only
[2024-04-26T05:28:36.827-0300] {logging_mixin.py:188} INFO - [2024-04-26T05:28:36.826-0300] {override.py:1829} INFO - Created Permission View: can read on DAG:latest_only
[2024-04-26T05:28:36.827-0300] {logging_mixin.py:188} INFO - [2024-04-26T05:28:36.827-0300] {dag.py:3096} INFO - Sync 1 DAGs
[2024-04-26T05:28:36.843-0300] {logging_mixin.py:188} INFO - [2024-04-26T05:28:36.842-0300] {dag.py:3118} INFO - Creating ORM DAG for latest_only
[2024-04-26T05:28:36.866-0300] {logging_mixin.py:188} INFO - [2024-04-26T05:28:36.866-0300] {dag.py:3954} INFO - Setting next_dagrun for latest_only to 2024-04-26 04:00:00+00:00, run_after=2024-04-26 08:00:00+00:00
[2024-04-26T05:28:36.899-0300] {processor.py:183} INFO - Processing /home/athlon/projects/airflow/.venv/lib/python3.11/site-packages/airflow/example_dags/example_latest_only.py took 0.346 seconds
[2024-04-26T05:29:49.495-0300] {processor.py:161} INFO - Started process (PID=9652) to work on /home/athlon/projects/airflow/.venv/lib/python3.11/site-packages/airflow/example_dags/example_latest_only.py
[2024-04-26T05:29:49.501-0300] {processor.py:830} INFO - Processing file /home/athlon/projects/airflow/.venv/lib/python3.11/site-packages/airflow/example_dags/example_latest_only.py for tasks to queue
[2024-04-26T05:29:49.504-0300] {logging_mixin.py:188} INFO - [2024-04-26T05:29:49.503-0300] {dagbag.py:540} INFO - Filling up the DagBag from /home/athlon/projects/airflow/.venv/lib/python3.11/site-packages/airflow/example_dags/example_latest_only.py
[2024-04-26T05:29:49.513-0300] {processor.py:840} INFO - DAG(s) 'latest_only' retrieved from /home/athlon/projects/airflow/.venv/lib/python3.11/site-packages/airflow/example_dags/example_latest_only.py
[2024-04-26T05:29:49.539-0300] {logging_mixin.py:188} INFO - [2024-04-26T05:29:49.538-0300] {dag.py:3096} INFO - Sync 1 DAGs
[2024-04-26T05:29:49.571-0300] {logging_mixin.py:188} INFO - [2024-04-26T05:29:49.570-0300] {dag.py:3954} INFO - Setting next_dagrun for latest_only to 2024-04-26 04:00:00+00:00, run_after=2024-04-26 08:00:00+00:00
[2024-04-26T05:29:49.603-0300] {processor.py:183} INFO - Processing /home/athlon/projects/airflow/.venv/lib/python3.11/site-packages/airflow/example_dags/example_latest_only.py took 0.118 seconds
[2024-04-26T05:30:46.048-0300] {processor.py:161} INFO - Started process (PID=9706) to work on /home/athlon/projects/airflow/.venv/lib/python3.11/site-packages/airflow/example_dags/example_latest_only.py
[2024-04-26T05:30:46.054-0300] {processor.py:830} INFO - Processing file /home/athlon/projects/airflow/.venv/lib/python3.11/site-packages/airflow/example_dags/example_latest_only.py for tasks to queue
[2024-04-26T05:30:46.057-0300] {logging_mixin.py:188} INFO - [2024-04-26T05:30:46.056-0300] {dagbag.py:540} INFO - Filling up the DagBag from /home/athlon/projects/airflow/.venv/lib/python3.11/site-packages/airflow/example_dags/example_latest_only.py
[2024-04-26T05:30:46.064-0300] {processor.py:840} INFO - DAG(s) 'latest_only' retrieved from /home/athlon/projects/airflow/.venv/lib/python3.11/site-packages/airflow/example_dags/example_latest_only.py
[2024-04-26T05:30:46.087-0300] {logging_mixin.py:188} INFO - [2024-04-26T05:30:46.087-0300] {dag.py:3096} INFO - Sync 1 DAGs
[2024-04-26T05:30:46.114-0300] {logging_mixin.py:188} INFO - [2024-04-26T05:30:46.114-0300] {dag.py:3954} INFO - Setting next_dagrun for latest_only to 2024-04-26 04:00:00+00:00, run_after=2024-04-26 08:00:00+00:00
[2024-04-26T05:30:46.144-0300] {processor.py:183} INFO - Processing /home/athlon/projects/airflow/.venv/lib/python3.11/site-packages/airflow/example_dags/example_latest_only.py took 0.105 seconds
[2024-04-26T05:31:44.865-0300] {processor.py:161} INFO - Started process (PID=9762) to work on /home/athlon/projects/airflow/.venv/lib/python3.11/site-packages/airflow/example_dags/example_latest_only.py
[2024-04-26T05:31:44.871-0300] {processor.py:830} INFO - Processing file /home/athlon/projects/airflow/.venv/lib/python3.11/site-packages/airflow/example_dags/example_latest_only.py for tasks to queue
[2024-04-26T05:31:44.873-0300] {logging_mixin.py:188} INFO - [2024-04-26T05:31:44.873-0300] {dagbag.py:540} INFO - Filling up the DagBag from /home/athlon/projects/airflow/.venv/lib/python3.11/site-packages/airflow/example_dags/example_latest_only.py
[2024-04-26T05:31:44.881-0300] {processor.py:840} INFO - DAG(s) 'latest_only' retrieved from /home/athlon/projects/airflow/.venv/lib/python3.11/site-packages/airflow/example_dags/example_latest_only.py
[2024-04-26T05:31:44.905-0300] {logging_mixin.py:188} INFO - [2024-04-26T05:31:44.904-0300] {dag.py:3096} INFO - Sync 1 DAGs
[2024-04-26T05:31:44.931-0300] {logging_mixin.py:188} INFO - [2024-04-26T05:31:44.931-0300] {dag.py:3954} INFO - Setting next_dagrun for latest_only to 2024-04-26 04:00:00+00:00, run_after=2024-04-26 08:00:00+00:00
[2024-04-26T05:31:44.961-0300] {processor.py:183} INFO - Processing /home/athlon/projects/airflow/.venv/lib/python3.11/site-packages/airflow/example_dags/example_latest_only.py took 0.106 seconds
[2024-04-26T05:32:44.203-0300] {processor.py:161} INFO - Started process (PID=9817) to work on /home/athlon/projects/airflow/.venv/lib/python3.11/site-packages/airflow/example_dags/example_latest_only.py
[2024-04-26T05:32:44.209-0300] {processor.py:830} INFO - Processing file /home/athlon/projects/airflow/.venv/lib/python3.11/site-packages/airflow/example_dags/example_latest_only.py for tasks to queue
[2024-04-26T05:32:44.211-0300] {logging_mixin.py:188} INFO - [2024-04-26T05:32:44.211-0300] {dagbag.py:540} INFO - Filling up the DagBag from /home/athlon/projects/airflow/.venv/lib/python3.11/site-packages/airflow/example_dags/example_latest_only.py
[2024-04-26T05:32:44.219-0300] {processor.py:840} INFO - DAG(s) 'latest_only' retrieved from /home/athlon/projects/airflow/.venv/lib/python3.11/site-packages/airflow/example_dags/example_latest_only.py
[2024-04-26T05:32:44.241-0300] {logging_mixin.py:188} INFO - [2024-04-26T05:32:44.241-0300] {dag.py:3096} INFO - Sync 1 DAGs
[2024-04-26T05:32:44.268-0300] {logging_mixin.py:188} INFO - [2024-04-26T05:32:44.267-0300] {dag.py:3954} INFO - Setting next_dagrun for latest_only to 2024-04-26 04:00:00+00:00, run_after=2024-04-26 08:00:00+00:00
[2024-04-26T05:32:44.297-0300] {processor.py:183} INFO - Processing /home/athlon/projects/airflow/.venv/lib/python3.11/site-packages/airflow/example_dags/example_latest_only.py took 0.104 seconds
[2024-04-26T05:33:44.089-0300] {processor.py:161} INFO - Started process (PID=9870) to work on /home/athlon/projects/airflow/.venv/lib/python3.11/site-packages/airflow/example_dags/example_latest_only.py
[2024-04-26T05:33:44.095-0300] {processor.py:830} INFO - Processing file /home/athlon/projects/airflow/.venv/lib/python3.11/site-packages/airflow/example_dags/example_latest_only.py for tasks to queue
[2024-04-26T05:33:44.098-0300] {logging_mixin.py:188} INFO - [2024-04-26T05:33:44.097-0300] {dagbag.py:540} INFO - Filling up the DagBag from /home/athlon/projects/airflow/.venv/lib/python3.11/site-packages/airflow/example_dags/example_latest_only.py
[2024-04-26T05:33:44.110-0300] {processor.py:840} INFO - DAG(s) 'latest_only' retrieved from /home/athlon/projects/airflow/.venv/lib/python3.11/site-packages/airflow/example_dags/example_latest_only.py
[2024-04-26T05:33:44.134-0300] {logging_mixin.py:188} INFO - [2024-04-26T05:33:44.133-0300] {dag.py:3096} INFO - Sync 1 DAGs
[2024-04-26T05:33:44.290-0300] {logging_mixin.py:188} INFO - [2024-04-26T05:33:44.290-0300] {dag.py:3954} INFO - Setting next_dagrun for latest_only to 2024-04-26 04:00:00+00:00, run_after=2024-04-26 08:00:00+00:00
[2024-04-26T05:33:44.322-0300] {processor.py:183} INFO - Processing /home/athlon/projects/airflow/.venv/lib/python3.11/site-packages/airflow/example_dags/example_latest_only.py took 0.243 seconds
[2024-04-26T05:34:41.437-0300] {processor.py:161} INFO - Started process (PID=9939) to work on /home/athlon/projects/airflow/.venv/lib/python3.11/site-packages/airflow/example_dags/example_latest_only.py
[2024-04-26T05:34:41.442-0300] {processor.py:830} INFO - Processing file /home/athlon/projects/airflow/.venv/lib/python3.11/site-packages/airflow/example_dags/example_latest_only.py for tasks to queue
[2024-04-26T05:34:41.445-0300] {logging_mixin.py:188} INFO - [2024-04-26T05:34:41.444-0300] {dagbag.py:540} INFO - Filling up the DagBag from /home/athlon/projects/airflow/.venv/lib/python3.11/site-packages/airflow/example_dags/example_latest_only.py
[2024-04-26T05:34:41.451-0300] {processor.py:840} INFO - DAG(s) 'latest_only' retrieved from /home/athlon/projects/airflow/.venv/lib/python3.11/site-packages/airflow/example_dags/example_latest_only.py
[2024-04-26T05:34:41.474-0300] {logging_mixin.py:188} INFO - [2024-04-26T05:34:41.473-0300] {dag.py:3096} INFO - Sync 1 DAGs
[2024-04-26T05:34:41.501-0300] {logging_mixin.py:188} INFO - [2024-04-26T05:34:41.501-0300] {dag.py:3954} INFO - Setting next_dagrun for latest_only to 2024-04-26 04:00:00+00:00, run_after=2024-04-26 08:00:00+00:00
[2024-04-26T05:34:41.531-0300] {processor.py:183} INFO - Processing /home/athlon/projects/airflow/.venv/lib/python3.11/site-packages/airflow/example_dags/example_latest_only.py took 0.103 seconds
[2024-04-26T05:35:36.086-0300] {processor.py:161} INFO - Started process (PID=9990) to work on /home/athlon/projects/airflow/.venv/lib/python3.11/site-packages/airflow/example_dags/example_latest_only.py
[2024-04-26T05:35:36.092-0300] {processor.py:830} INFO - Processing file /home/athlon/projects/airflow/.venv/lib/python3.11/site-packages/airflow/example_dags/example_latest_only.py for tasks to queue
[2024-04-26T05:35:36.094-0300] {logging_mixin.py:188} INFO - [2024-04-26T05:35:36.094-0300] {dagbag.py:540} INFO - Filling up the DagBag from /home/athlon/projects/airflow/.venv/lib/python3.11/site-packages/airflow/example_dags/example_latest_only.py
[2024-04-26T05:35:36.104-0300] {processor.py:840} INFO - DAG(s) 'latest_only' retrieved from /home/athlon/projects/airflow/.venv/lib/python3.11/site-packages/airflow/example_dags/example_latest_only.py
[2024-04-26T05:35:36.131-0300] {logging_mixin.py:188} INFO - [2024-04-26T05:35:36.131-0300] {dag.py:3096} INFO - Sync 1 DAGs
[2024-04-26T05:35:36.159-0300] {logging_mixin.py:188} INFO - [2024-04-26T05:35:36.159-0300] {dag.py:3954} INFO - Setting next_dagrun for latest_only to 2024-04-26 04:00:00+00:00, run_after=2024-04-26 08:00:00+00:00
[2024-04-26T05:35:36.189-0300] {processor.py:183} INFO - Processing /home/athlon/projects/airflow/.venv/lib/python3.11/site-packages/airflow/example_dags/example_latest_only.py took 0.114 seconds
[2024-04-26T05:36:32.000-0300] {processor.py:161} INFO - Started process (PID=10041) to work on /home/athlon/projects/airflow/.venv/lib/python3.11/site-packages/airflow/example_dags/example_latest_only.py
[2024-04-26T05:36:32.006-0300] {processor.py:830} INFO - Processing file /home/athlon/projects/airflow/.venv/lib/python3.11/site-packages/airflow/example_dags/example_latest_only.py for tasks to queue
[2024-04-26T05:36:32.009-0300] {logging_mixin.py:188} INFO - [2024-04-26T05:36:32.008-0300] {dagbag.py:540} INFO - Filling up the DagBag from /home/athlon/projects/airflow/.venv/lib/python3.11/site-packages/airflow/example_dags/example_latest_only.py
[2024-04-26T05:36:32.015-0300] {processor.py:840} INFO - DAG(s) 'latest_only' retrieved from /home/athlon/projects/airflow/.venv/lib/python3.11/site-packages/airflow/example_dags/example_latest_only.py
[2024-04-26T05:36:32.038-0300] {logging_mixin.py:188} INFO - [2024-04-26T05:36:32.038-0300] {dag.py:3096} INFO - Sync 1 DAGs
[2024-04-26T05:36:32.065-0300] {logging_mixin.py:188} INFO - [2024-04-26T05:36:32.064-0300] {dag.py:3954} INFO - Setting next_dagrun for latest_only to 2024-04-26 04:00:00+00:00, run_after=2024-04-26 08:00:00+00:00
[2024-04-26T05:36:32.097-0300] {processor.py:183} INFO - Processing /home/athlon/projects/airflow/.venv/lib/python3.11/site-packages/airflow/example_dags/example_latest_only.py took 0.109 seconds
[2024-04-26T05:37:28.411-0300] {processor.py:161} INFO - Started process (PID=10097) to work on /home/athlon/projects/airflow/.venv/lib/python3.11/site-packages/airflow/example_dags/example_latest_only.py
[2024-04-26T05:37:28.416-0300] {processor.py:830} INFO - Processing file /home/athlon/projects/airflow/.venv/lib/python3.11/site-packages/airflow/example_dags/example_latest_only.py for tasks to queue
[2024-04-26T05:37:28.419-0300] {logging_mixin.py:188} INFO - [2024-04-26T05:37:28.418-0300] {dagbag.py:540} INFO - Filling up the DagBag from /home/athlon/projects/airflow/.venv/lib/python3.11/site-packages/airflow/example_dags/example_latest_only.py
[2024-04-26T05:37:28.427-0300] {processor.py:840} INFO - DAG(s) 'latest_only' retrieved from /home/athlon/projects/airflow/.venv/lib/python3.11/site-packages/airflow/example_dags/example_latest_only.py
[2024-04-26T05:37:28.451-0300] {logging_mixin.py:188} INFO - [2024-04-26T05:37:28.450-0300] {dag.py:3096} INFO - Sync 1 DAGs
[2024-04-26T05:37:28.478-0300] {logging_mixin.py:188} INFO - [2024-04-26T05:37:28.478-0300] {dag.py:3954} INFO - Setting next_dagrun for latest_only to 2024-04-26 04:00:00+00:00, run_after=2024-04-26 08:00:00+00:00
[2024-04-26T05:37:28.508-0300] {processor.py:183} INFO - Processing /home/athlon/projects/airflow/.venv/lib/python3.11/site-packages/airflow/example_dags/example_latest_only.py took 0.108 seconds
[2024-04-26T05:38:25.236-0300] {processor.py:161} INFO - Started process (PID=10148) to work on /home/athlon/projects/airflow/.venv/lib/python3.11/site-packages/airflow/example_dags/example_latest_only.py
[2024-04-26T05:38:25.241-0300] {processor.py:830} INFO - Processing file /home/athlon/projects/airflow/.venv/lib/python3.11/site-packages/airflow/example_dags/example_latest_only.py for tasks to queue
[2024-04-26T05:38:25.244-0300] {logging_mixin.py:188} INFO - [2024-04-26T05:38:25.243-0300] {dagbag.py:540} INFO - Filling up the DagBag from /home/athlon/projects/airflow/.venv/lib/python3.11/site-packages/airflow/example_dags/example_latest_only.py
[2024-04-26T05:38:25.250-0300] {processor.py:840} INFO - DAG(s) 'latest_only' retrieved from /home/athlon/projects/airflow/.venv/lib/python3.11/site-packages/airflow/example_dags/example_latest_only.py
[2024-04-26T05:38:25.272-0300] {logging_mixin.py:188} INFO - [2024-04-26T05:38:25.272-0300] {dag.py:3096} INFO - Sync 1 DAGs
[2024-04-26T05:38:25.300-0300] {logging_mixin.py:188} INFO - [2024-04-26T05:38:25.299-0300] {dag.py:3954} INFO - Setting next_dagrun for latest_only to 2024-04-26 04:00:00+00:00, run_after=2024-04-26 08:00:00+00:00
[2024-04-26T05:38:25.330-0300] {processor.py:183} INFO - Processing /home/athlon/projects/airflow/.venv/lib/python3.11/site-packages/airflow/example_dags/example_latest_only.py took 0.104 seconds
[2024-04-26T05:39:26.823-0300] {processor.py:161} INFO - Started process (PID=10233) to work on /home/athlon/projects/airflow/.venv/lib/python3.11/site-packages/airflow/example_dags/example_latest_only.py
[2024-04-26T05:39:26.829-0300] {processor.py:830} INFO - Processing file /home/athlon/projects/airflow/.venv/lib/python3.11/site-packages/airflow/example_dags/example_latest_only.py for tasks to queue
[2024-04-26T05:39:26.832-0300] {logging_mixin.py:188} INFO - [2024-04-26T05:39:26.831-0300] {dagbag.py:540} INFO - Filling up the DagBag from /home/athlon/projects/airflow/.venv/lib/python3.11/site-packages/airflow/example_dags/example_latest_only.py
[2024-04-26T05:39:26.840-0300] {processor.py:840} INFO - DAG(s) 'latest_only' retrieved from /home/athlon/projects/airflow/.venv/lib/python3.11/site-packages/airflow/example_dags/example_latest_only.py
[2024-04-26T05:39:26.864-0300] {logging_mixin.py:188} INFO - [2024-04-26T05:39:26.864-0300] {dag.py:3096} INFO - Sync 1 DAGs
[2024-04-26T05:39:26.893-0300] {logging_mixin.py:188} INFO - [2024-04-26T05:39:26.893-0300] {dag.py:3954} INFO - Setting next_dagrun for latest_only to 2024-04-26 04:00:00+00:00, run_after=2024-04-26 08:00:00+00:00
[2024-04-26T05:39:26.923-0300] {processor.py:183} INFO - Processing /home/athlon/projects/airflow/.venv/lib/python3.11/site-packages/airflow/example_dags/example_latest_only.py took 0.110 seconds
[2024-04-26T05:40:26.204-0300] {processor.py:161} INFO - Started process (PID=10289) to work on /home/athlon/projects/airflow/.venv/lib/python3.11/site-packages/airflow/example_dags/example_latest_only.py
[2024-04-26T05:40:26.210-0300] {processor.py:830} INFO - Processing file /home/athlon/projects/airflow/.venv/lib/python3.11/site-packages/airflow/example_dags/example_latest_only.py for tasks to queue
[2024-04-26T05:40:26.213-0300] {logging_mixin.py:188} INFO - [2024-04-26T05:40:26.212-0300] {dagbag.py:540} INFO - Filling up the DagBag from /home/athlon/projects/airflow/.venv/lib/python3.11/site-packages/airflow/example_dags/example_latest_only.py
[2024-04-26T05:40:26.221-0300] {processor.py:840} INFO - DAG(s) 'latest_only' retrieved from /home/athlon/projects/airflow/.venv/lib/python3.11/site-packages/airflow/example_dags/example_latest_only.py
[2024-04-26T05:40:26.248-0300] {logging_mixin.py:188} INFO - [2024-04-26T05:40:26.247-0300] {dag.py:3096} INFO - Sync 1 DAGs
[2024-04-26T05:40:26.277-0300] {logging_mixin.py:188} INFO - [2024-04-26T05:40:26.277-0300] {dag.py:3954} INFO - Setting next_dagrun for latest_only to 2024-04-26 04:00:00+00:00, run_after=2024-04-26 08:00:00+00:00
[2024-04-26T05:40:26.307-0300] {processor.py:183} INFO - Processing /home/athlon/projects/airflow/.venv/lib/python3.11/site-packages/airflow/example_dags/example_latest_only.py took 0.114 seconds
[2024-04-26T05:41:27.387-0300] {processor.py:161} INFO - Started process (PID=10343) to work on /home/athlon/projects/airflow/.venv/lib/python3.11/site-packages/airflow/example_dags/example_latest_only.py
[2024-04-26T05:41:27.393-0300] {processor.py:830} INFO - Processing file /home/athlon/projects/airflow/.venv/lib/python3.11/site-packages/airflow/example_dags/example_latest_only.py for tasks to queue
[2024-04-26T05:41:27.396-0300] {logging_mixin.py:188} INFO - [2024-04-26T05:41:27.395-0300] {dagbag.py:540} INFO - Filling up the DagBag from /home/athlon/projects/airflow/.venv/lib/python3.11/site-packages/airflow/example_dags/example_latest_only.py
[2024-04-26T05:41:27.403-0300] {processor.py:840} INFO - DAG(s) 'latest_only' retrieved from /home/athlon/projects/airflow/.venv/lib/python3.11/site-packages/airflow/example_dags/example_latest_only.py
[2024-04-26T05:41:27.428-0300] {logging_mixin.py:188} INFO - [2024-04-26T05:41:27.427-0300] {dag.py:3096} INFO - Sync 1 DAGs
[2024-04-26T05:41:27.455-0300] {logging_mixin.py:188} INFO - [2024-04-26T05:41:27.455-0300] {dag.py:3954} INFO - Setting next_dagrun for latest_only to 2024-04-26 04:00:00+00:00, run_after=2024-04-26 08:00:00+00:00
[2024-04-26T05:41:27.486-0300] {processor.py:183} INFO - Processing /home/athlon/projects/airflow/.venv/lib/python3.11/site-packages/airflow/example_dags/example_latest_only.py took 0.110 seconds
[2024-04-26T05:42:29.607-0300] {processor.py:161} INFO - Started process (PID=10396) to work on /home/athlon/projects/airflow/.venv/lib/python3.11/site-packages/airflow/example_dags/example_latest_only.py
[2024-04-26T05:42:29.612-0300] {processor.py:830} INFO - Processing file /home/athlon/projects/airflow/.venv/lib/python3.11/site-packages/airflow/example_dags/example_latest_only.py for tasks to queue
[2024-04-26T05:42:29.614-0300] {logging_mixin.py:188} INFO - [2024-04-26T05:42:29.614-0300] {dagbag.py:540} INFO - Filling up the DagBag from /home/athlon/projects/airflow/.venv/lib/python3.11/site-packages/airflow/example_dags/example_latest_only.py
[2024-04-26T05:42:29.621-0300] {processor.py:840} INFO - DAG(s) 'latest_only' retrieved from /home/athlon/projects/airflow/.venv/lib/python3.11/site-packages/airflow/example_dags/example_latest_only.py
[2024-04-26T05:42:29.642-0300] {logging_mixin.py:188} INFO - [2024-04-26T05:42:29.642-0300] {dag.py:3096} INFO - Sync 1 DAGs
[2024-04-26T05:42:29.670-0300] {logging_mixin.py:188} INFO - [2024-04-26T05:42:29.669-0300] {dag.py:3954} INFO - Setting next_dagrun for latest_only to 2024-04-26 04:00:00+00:00, run_after=2024-04-26 08:00:00+00:00
[2024-04-26T05:42:29.699-0300] {processor.py:183} INFO - Processing /home/athlon/projects/airflow/.venv/lib/python3.11/site-packages/airflow/example_dags/example_latest_only.py took 0.101 seconds
[2024-04-26T05:43:28.711-0300] {processor.py:161} INFO - Started process (PID=10449) to work on /home/athlon/projects/airflow/.venv/lib/python3.11/site-packages/airflow/example_dags/example_latest_only.py
[2024-04-26T05:43:28.717-0300] {processor.py:830} INFO - Processing file /home/athlon/projects/airflow/.venv/lib/python3.11/site-packages/airflow/example_dags/example_latest_only.py for tasks to queue
[2024-04-26T05:43:28.720-0300] {logging_mixin.py:188} INFO - [2024-04-26T05:43:28.719-0300] {dagbag.py:540} INFO - Filling up the DagBag from /home/athlon/projects/airflow/.venv/lib/python3.11/site-packages/airflow/example_dags/example_latest_only.py
[2024-04-26T05:43:28.727-0300] {processor.py:840} INFO - DAG(s) 'latest_only' retrieved from /home/athlon/projects/airflow/.venv/lib/python3.11/site-packages/airflow/example_dags/example_latest_only.py
[2024-04-26T05:43:28.752-0300] {logging_mixin.py:188} INFO - [2024-04-26T05:43:28.751-0300] {dag.py:3096} INFO - Sync 1 DAGs
[2024-04-26T05:43:28.780-0300] {logging_mixin.py:188} INFO - [2024-04-26T05:43:28.779-0300] {dag.py:3954} INFO - Setting next_dagrun for latest_only to 2024-04-26 04:00:00+00:00, run_after=2024-04-26 08:00:00+00:00
[2024-04-26T05:43:28.809-0300] {processor.py:183} INFO - Processing /home/athlon/projects/airflow/.venv/lib/python3.11/site-packages/airflow/example_dags/example_latest_only.py took 0.109 seconds
[2024-04-26T05:44:24.564-0300] {processor.py:161} INFO - Started process (PID=10502) to work on /home/athlon/projects/airflow/.venv/lib/python3.11/site-packages/airflow/example_dags/example_latest_only.py
[2024-04-26T05:44:24.570-0300] {processor.py:830} INFO - Processing file /home/athlon/projects/airflow/.venv/lib/python3.11/site-packages/airflow/example_dags/example_latest_only.py for tasks to queue
[2024-04-26T05:44:24.572-0300] {logging_mixin.py:188} INFO - [2024-04-26T05:44:24.572-0300] {dagbag.py:540} INFO - Filling up the DagBag from /home/athlon/projects/airflow/.venv/lib/python3.11/site-packages/airflow/example_dags/example_latest_only.py
[2024-04-26T05:44:24.580-0300] {processor.py:840} INFO - DAG(s) 'latest_only' retrieved from /home/athlon/projects/airflow/.venv/lib/python3.11/site-packages/airflow/example_dags/example_latest_only.py
[2024-04-26T05:44:24.605-0300] {logging_mixin.py:188} INFO - [2024-04-26T05:44:24.604-0300] {dag.py:3096} INFO - Sync 1 DAGs
[2024-04-26T05:44:24.632-0300] {logging_mixin.py:188} INFO - [2024-04-26T05:44:24.632-0300] {dag.py:3954} INFO - Setting next_dagrun for latest_only to 2024-04-26 04:00:00+00:00, run_after=2024-04-26 08:00:00+00:00
[2024-04-26T05:44:24.665-0300] {processor.py:183} INFO - Processing /home/athlon/projects/airflow/.venv/lib/python3.11/site-packages/airflow/example_dags/example_latest_only.py took 0.112 seconds
[2024-04-26T05:45:21.106-0300] {processor.py:161} INFO - Started process (PID=10552) to work on /home/athlon/projects/airflow/.venv/lib/python3.11/site-packages/airflow/example_dags/example_latest_only.py
[2024-04-26T05:45:21.112-0300] {processor.py:830} INFO - Processing file /home/athlon/projects/airflow/.venv/lib/python3.11/site-packages/airflow/example_dags/example_latest_only.py for tasks to queue
[2024-04-26T05:45:21.115-0300] {logging_mixin.py:188} INFO - [2024-04-26T05:45:21.114-0300] {dagbag.py:540} INFO - Filling up the DagBag from /home/athlon/projects/airflow/.venv/lib/python3.11/site-packages/airflow/example_dags/example_latest_only.py
[2024-04-26T05:45:21.123-0300] {processor.py:840} INFO - DAG(s) 'latest_only' retrieved from /home/athlon/projects/airflow/.venv/lib/python3.11/site-packages/airflow/example_dags/example_latest_only.py
[2024-04-26T05:45:21.148-0300] {logging_mixin.py:188} INFO - [2024-04-26T05:45:21.148-0300] {dag.py:3096} INFO - Sync 1 DAGs
[2024-04-26T05:45:21.177-0300] {logging_mixin.py:188} INFO - [2024-04-26T05:45:21.176-0300] {dag.py:3954} INFO - Setting next_dagrun for latest_only to 2024-04-26 04:00:00+00:00, run_after=2024-04-26 08:00:00+00:00
[2024-04-26T05:45:21.207-0300] {processor.py:183} INFO - Processing /home/athlon/projects/airflow/.venv/lib/python3.11/site-packages/airflow/example_dags/example_latest_only.py took 0.112 seconds
[2024-04-26T05:46:21.375-0300] {processor.py:161} INFO - Started process (PID=10608) to work on /home/athlon/projects/airflow/.venv/lib/python3.11/site-packages/airflow/example_dags/example_latest_only.py
[2024-04-26T05:46:21.381-0300] {processor.py:830} INFO - Processing file /home/athlon/projects/airflow/.venv/lib/python3.11/site-packages/airflow/example_dags/example_latest_only.py for tasks to queue
[2024-04-26T05:46:21.383-0300] {logging_mixin.py:188} INFO - [2024-04-26T05:46:21.383-0300] {dagbag.py:540} INFO - Filling up the DagBag from /home/athlon/projects/airflow/.venv/lib/python3.11/site-packages/airflow/example_dags/example_latest_only.py
[2024-04-26T05:46:21.390-0300] {processor.py:840} INFO - DAG(s) 'latest_only' retrieved from /home/athlon/projects/airflow/.venv/lib/python3.11/site-packages/airflow/example_dags/example_latest_only.py
[2024-04-26T05:46:21.412-0300] {logging_mixin.py:188} INFO - [2024-04-26T05:46:21.412-0300] {dag.py:3096} INFO - Sync 1 DAGs
[2024-04-26T05:46:21.441-0300] {logging_mixin.py:188} INFO - [2024-04-26T05:46:21.440-0300] {dag.py:3954} INFO - Setting next_dagrun for latest_only to 2024-04-26 04:00:00+00:00, run_after=2024-04-26 08:00:00+00:00
[2024-04-26T05:46:21.471-0300] {processor.py:183} INFO - Processing /home/athlon/projects/airflow/.venv/lib/python3.11/site-packages/airflow/example_dags/example_latest_only.py took 0.105 seconds
[2024-04-26T05:47:18.030-0300] {processor.py:161} INFO - Started process (PID=10674) to work on /home/athlon/projects/airflow/.venv/lib/python3.11/site-packages/airflow/example_dags/example_latest_only.py
[2024-04-26T05:47:18.036-0300] {processor.py:830} INFO - Processing file /home/athlon/projects/airflow/.venv/lib/python3.11/site-packages/airflow/example_dags/example_latest_only.py for tasks to queue
[2024-04-26T05:47:18.039-0300] {logging_mixin.py:188} INFO - [2024-04-26T05:47:18.038-0300] {dagbag.py:540} INFO - Filling up the DagBag from /home/athlon/projects/airflow/.venv/lib/python3.11/site-packages/airflow/example_dags/example_latest_only.py
[2024-04-26T05:47:18.045-0300] {processor.py:840} INFO - DAG(s) 'latest_only' retrieved from /home/athlon/projects/airflow/.venv/lib/python3.11/site-packages/airflow/example_dags/example_latest_only.py
[2024-04-26T05:47:18.067-0300] {logging_mixin.py:188} INFO - [2024-04-26T05:47:18.066-0300] {dag.py:3096} INFO - Sync 1 DAGs
[2024-04-26T05:47:18.096-0300] {logging_mixin.py:188} INFO - [2024-04-26T05:47:18.096-0300] {dag.py:3954} INFO - Setting next_dagrun for latest_only to 2024-04-26 04:00:00+00:00, run_after=2024-04-26 08:00:00+00:00
[2024-04-26T05:47:18.132-0300] {processor.py:183} INFO - Processing /home/athlon/projects/airflow/.venv/lib/python3.11/site-packages/airflow/example_dags/example_latest_only.py took 0.110 seconds
[2024-04-26T05:48:11.808-0300] {processor.py:161} INFO - Started process (PID=10749) to work on /home/athlon/projects/airflow/.venv/lib/python3.11/site-packages/airflow/example_dags/example_latest_only.py
[2024-04-26T05:48:11.814-0300] {processor.py:830} INFO - Processing file /home/athlon/projects/airflow/.venv/lib/python3.11/site-packages/airflow/example_dags/example_latest_only.py for tasks to queue
[2024-04-26T05:48:11.817-0300] {logging_mixin.py:188} INFO - [2024-04-26T05:48:11.816-0300] {dagbag.py:540} INFO - Filling up the DagBag from /home/athlon/projects/airflow/.venv/lib/python3.11/site-packages/airflow/example_dags/example_latest_only.py
[2024-04-26T05:48:11.824-0300] {processor.py:840} INFO - DAG(s) 'latest_only' retrieved from /home/athlon/projects/airflow/.venv/lib/python3.11/site-packages/airflow/example_dags/example_latest_only.py
[2024-04-26T05:48:11.857-0300] {logging_mixin.py:188} INFO - [2024-04-26T05:48:11.857-0300] {dag.py:3096} INFO - Sync 1 DAGs
[2024-04-26T05:48:11.896-0300] {logging_mixin.py:188} INFO - [2024-04-26T05:48:11.896-0300] {dag.py:3954} INFO - Setting next_dagrun for latest_only to 2024-04-26 04:00:00+00:00, run_after=2024-04-26 08:00:00+00:00
[2024-04-26T05:48:11.926-0300] {processor.py:183} INFO - Processing /home/athlon/projects/airflow/.venv/lib/python3.11/site-packages/airflow/example_dags/example_latest_only.py took 0.128 seconds
[2024-04-26T05:49:13.169-0300] {processor.py:161} INFO - Started process (PID=10832) to work on /home/athlon/projects/airflow/.venv/lib/python3.11/site-packages/airflow/example_dags/example_latest_only.py
[2024-04-26T05:49:13.175-0300] {processor.py:830} INFO - Processing file /home/athlon/projects/airflow/.venv/lib/python3.11/site-packages/airflow/example_dags/example_latest_only.py for tasks to queue
[2024-04-26T05:49:13.178-0300] {logging_mixin.py:188} INFO - [2024-04-26T05:49:13.177-0300] {dagbag.py:540} INFO - Filling up the DagBag from /home/athlon/projects/airflow/.venv/lib/python3.11/site-packages/airflow/example_dags/example_latest_only.py
[2024-04-26T05:49:13.186-0300] {processor.py:840} INFO - DAG(s) 'latest_only' retrieved from /home/athlon/projects/airflow/.venv/lib/python3.11/site-packages/airflow/example_dags/example_latest_only.py
[2024-04-26T05:49:13.211-0300] {logging_mixin.py:188} INFO - [2024-04-26T05:49:13.210-0300] {dag.py:3096} INFO - Sync 1 DAGs
[2024-04-26T05:49:13.238-0300] {logging_mixin.py:188} INFO - [2024-04-26T05:49:13.238-0300] {dag.py:3954} INFO - Setting next_dagrun for latest_only to 2024-04-26 04:00:00+00:00, run_after=2024-04-26 08:00:00+00:00
[2024-04-26T05:49:13.268-0300] {processor.py:183} INFO - Processing /home/athlon/projects/airflow/.venv/lib/python3.11/site-packages/airflow/example_dags/example_latest_only.py took 0.109 seconds
[2024-04-26T05:50:24.639-0300] {processor.py:161} INFO - Started process (PID=10926) to work on /home/athlon/projects/airflow/.venv/lib/python3.11/site-packages/airflow/example_dags/example_latest_only.py
[2024-04-26T05:50:24.641-0300] {processor.py:830} INFO - Processing file /home/athlon/projects/airflow/.venv/lib/python3.11/site-packages/airflow/example_dags/example_latest_only.py for tasks to queue
[2024-04-26T05:50:24.646-0300] {logging_mixin.py:188} INFO - [2024-04-26T05:50:24.644-0300] {dagbag.py:540} INFO - Filling up the DagBag from /home/athlon/projects/airflow/.venv/lib/python3.11/site-packages/airflow/example_dags/example_latest_only.py
[2024-04-26T05:50:24.656-0300] {processor.py:840} INFO - DAG(s) 'latest_only' retrieved from /home/athlon/projects/airflow/.venv/lib/python3.11/site-packages/airflow/example_dags/example_latest_only.py
[2024-04-26T05:50:24.691-0300] {logging_mixin.py:188} INFO - [2024-04-26T05:50:24.691-0300] {dag.py:3096} INFO - Sync 1 DAGs
[2024-04-26T05:50:24.747-0300] {logging_mixin.py:188} INFO - [2024-04-26T05:50:24.746-0300] {dag.py:3954} INFO - Setting next_dagrun for latest_only to 2024-04-26 04:00:00+00:00, run_after=2024-04-26 08:00:00+00:00
[2024-04-26T05:50:24.800-0300] {processor.py:183} INFO - Processing /home/athlon/projects/airflow/.venv/lib/python3.11/site-packages/airflow/example_dags/example_latest_only.py took 0.178 seconds
[2024-04-26T05:51:55.547-0300] {processor.py:161} INFO - Started process (PID=11015) to work on /home/athlon/projects/airflow/.venv/lib/python3.11/site-packages/airflow/example_dags/example_latest_only.py
[2024-04-26T05:51:55.552-0300] {processor.py:830} INFO - Processing file /home/athlon/projects/airflow/.venv/lib/python3.11/site-packages/airflow/example_dags/example_latest_only.py for tasks to queue
[2024-04-26T05:51:55.558-0300] {logging_mixin.py:188} INFO - [2024-04-26T05:51:55.557-0300] {dagbag.py:540} INFO - Filling up the DagBag from /home/athlon/projects/airflow/.venv/lib/python3.11/site-packages/airflow/example_dags/example_latest_only.py
[2024-04-26T05:51:55.566-0300] {processor.py:840} INFO - DAG(s) 'latest_only' retrieved from /home/athlon/projects/airflow/.venv/lib/python3.11/site-packages/airflow/example_dags/example_latest_only.py
[2024-04-26T05:51:55.596-0300] {logging_mixin.py:188} INFO - [2024-04-26T05:51:55.595-0300] {dag.py:3096} INFO - Sync 1 DAGs
[2024-04-26T05:51:55.632-0300] {logging_mixin.py:188} INFO - [2024-04-26T05:51:55.632-0300] {dag.py:3954} INFO - Setting next_dagrun for latest_only to 2024-04-26 04:00:00+00:00, run_after=2024-04-26 08:00:00+00:00
[2024-04-26T05:51:55.678-0300] {processor.py:183} INFO - Processing /home/athlon/projects/airflow/.venv/lib/python3.11/site-packages/airflow/example_dags/example_latest_only.py took 0.143 seconds
