[2024-04-26T05:28:54.130-0300] {processor.py:161} INFO - Started process (PID=9587) to work on /home/athlon/projects/airflow/.venv/lib/python3.11/site-packages/airflow/example_dags/example_bash_operator.py
[2024-04-26T05:28:54.132-0300] {processor.py:830} INFO - Processing file /home/athlon/projects/airflow/.venv/lib/python3.11/site-packages/airflow/example_dags/example_bash_operator.py for tasks to queue
[2024-04-26T05:28:54.134-0300] {logging_mixin.py:188} INFO - [2024-04-26T05:28:54.134-0300] {dagbag.py:540} INFO - Filling up the DagBag from /home/athlon/projects/airflow/.venv/lib/python3.11/site-packages/airflow/example_dags/example_bash_operator.py
[2024-04-26T05:28:54.153-0300] {processor.py:840} INFO - DAG(s) 'example_bash_operator' retrieved from /home/athlon/projects/airflow/.venv/lib/python3.11/site-packages/airflow/example_dags/example_bash_operator.py
[2024-04-26T05:28:54.308-0300] {logging_mixin.py:188} INFO - [2024-04-26T05:28:54.307-0300] {override.py:1829} INFO - Created Permission View: can edit on DAG:example_bash_operator
[2024-04-26T05:28:54.323-0300] {logging_mixin.py:188} INFO - [2024-04-26T05:28:54.323-0300] {override.py:1829} INFO - Created Permission View: can delete on DAG:example_bash_operator
[2024-04-26T05:28:54.333-0300] {logging_mixin.py:188} INFO - [2024-04-26T05:28:54.333-0300] {override.py:1829} INFO - Created Permission View: can read on DAG:example_bash_operator
[2024-04-26T05:28:54.334-0300] {logging_mixin.py:188} INFO - [2024-04-26T05:28:54.333-0300] {dag.py:3096} INFO - Sync 1 DAGs
[2024-04-26T05:28:54.348-0300] {logging_mixin.py:188} INFO - [2024-04-26T05:28:54.348-0300] {dag.py:3118} INFO - Creating ORM DAG for example_bash_operator
[2024-04-26T05:28:54.362-0300] {logging_mixin.py:188} INFO - [2024-04-26T05:28:54.362-0300] {dag.py:3954} INFO - Setting next_dagrun for example_bash_operator to 2024-04-25 00:00:00+00:00, run_after=2024-04-26 00:00:00+00:00
[2024-04-26T05:28:54.387-0300] {processor.py:183} INFO - Processing /home/athlon/projects/airflow/.venv/lib/python3.11/site-packages/airflow/example_dags/example_bash_operator.py took 0.267 seconds
[2024-04-26T05:30:03.035-0300] {processor.py:161} INFO - Started process (PID=9668) to work on /home/athlon/projects/airflow/.venv/lib/python3.11/site-packages/airflow/example_dags/example_bash_operator.py
[2024-04-26T05:30:03.041-0300] {processor.py:830} INFO - Processing file /home/athlon/projects/airflow/.venv/lib/python3.11/site-packages/airflow/example_dags/example_bash_operator.py for tasks to queue
[2024-04-26T05:30:03.044-0300] {logging_mixin.py:188} INFO - [2024-04-26T05:30:03.043-0300] {dagbag.py:540} INFO - Filling up the DagBag from /home/athlon/projects/airflow/.venv/lib/python3.11/site-packages/airflow/example_dags/example_bash_operator.py
[2024-04-26T05:30:03.064-0300] {processor.py:840} INFO - DAG(s) 'example_bash_operator' retrieved from /home/athlon/projects/airflow/.venv/lib/python3.11/site-packages/airflow/example_dags/example_bash_operator.py
[2024-04-26T05:30:03.104-0300] {logging_mixin.py:188} INFO - [2024-04-26T05:30:03.103-0300] {dag.py:3096} INFO - Sync 1 DAGs
[2024-04-26T05:30:03.132-0300] {logging_mixin.py:188} INFO - [2024-04-26T05:30:03.132-0300] {dag.py:3954} INFO - Setting next_dagrun for example_bash_operator to 2024-04-25 00:00:00+00:00, run_after=2024-04-26 00:00:00+00:00
[2024-04-26T05:30:03.161-0300] {processor.py:183} INFO - Processing /home/athlon/projects/airflow/.venv/lib/python3.11/site-packages/airflow/example_dags/example_bash_operator.py took 0.137 seconds
[2024-04-26T05:31:01.642-0300] {processor.py:161} INFO - Started process (PID=9720) to work on /home/athlon/projects/airflow/.venv/lib/python3.11/site-packages/airflow/example_dags/example_bash_operator.py
[2024-04-26T05:31:01.651-0300] {processor.py:830} INFO - Processing file /home/athlon/projects/airflow/.venv/lib/python3.11/site-packages/airflow/example_dags/example_bash_operator.py for tasks to queue
[2024-04-26T05:31:01.654-0300] {logging_mixin.py:188} INFO - [2024-04-26T05:31:01.653-0300] {dagbag.py:540} INFO - Filling up the DagBag from /home/athlon/projects/airflow/.venv/lib/python3.11/site-packages/airflow/example_dags/example_bash_operator.py
[2024-04-26T05:31:01.673-0300] {processor.py:840} INFO - DAG(s) 'example_bash_operator' retrieved from /home/athlon/projects/airflow/.venv/lib/python3.11/site-packages/airflow/example_dags/example_bash_operator.py
[2024-04-26T05:31:01.705-0300] {logging_mixin.py:188} INFO - [2024-04-26T05:31:01.705-0300] {dag.py:3096} INFO - Sync 1 DAGs
[2024-04-26T05:31:01.735-0300] {logging_mixin.py:188} INFO - [2024-04-26T05:31:01.734-0300] {dag.py:3954} INFO - Setting next_dagrun for example_bash_operator to 2024-04-25 00:00:00+00:00, run_after=2024-04-26 00:00:00+00:00
[2024-04-26T05:31:01.763-0300] {processor.py:183} INFO - Processing /home/athlon/projects/airflow/.venv/lib/python3.11/site-packages/airflow/example_dags/example_bash_operator.py took 0.131 seconds
[2024-04-26T05:31:58.865-0300] {processor.py:161} INFO - Started process (PID=9777) to work on /home/athlon/projects/airflow/.venv/lib/python3.11/site-packages/airflow/example_dags/example_bash_operator.py
[2024-04-26T05:31:58.871-0300] {processor.py:830} INFO - Processing file /home/athlon/projects/airflow/.venv/lib/python3.11/site-packages/airflow/example_dags/example_bash_operator.py for tasks to queue
[2024-04-26T05:31:58.873-0300] {logging_mixin.py:188} INFO - [2024-04-26T05:31:58.873-0300] {dagbag.py:540} INFO - Filling up the DagBag from /home/athlon/projects/airflow/.venv/lib/python3.11/site-packages/airflow/example_dags/example_bash_operator.py
[2024-04-26T05:31:58.893-0300] {processor.py:840} INFO - DAG(s) 'example_bash_operator' retrieved from /home/athlon/projects/airflow/.venv/lib/python3.11/site-packages/airflow/example_dags/example_bash_operator.py
[2024-04-26T05:31:58.926-0300] {logging_mixin.py:188} INFO - [2024-04-26T05:31:58.925-0300] {dag.py:3096} INFO - Sync 1 DAGs
[2024-04-26T05:31:58.954-0300] {logging_mixin.py:188} INFO - [2024-04-26T05:31:58.954-0300] {dag.py:3954} INFO - Setting next_dagrun for example_bash_operator to 2024-04-25 00:00:00+00:00, run_after=2024-04-26 00:00:00+00:00
[2024-04-26T05:31:58.990-0300] {processor.py:183} INFO - Processing /home/athlon/projects/airflow/.venv/lib/python3.11/site-packages/airflow/example_dags/example_bash_operator.py took 0.136 seconds
[2024-04-26T05:32:59.027-0300] {processor.py:161} INFO - Started process (PID=9831) to work on /home/athlon/projects/airflow/.venv/lib/python3.11/site-packages/airflow/example_dags/example_bash_operator.py
[2024-04-26T05:32:59.033-0300] {processor.py:830} INFO - Processing file /home/athlon/projects/airflow/.venv/lib/python3.11/site-packages/airflow/example_dags/example_bash_operator.py for tasks to queue
[2024-04-26T05:32:59.035-0300] {logging_mixin.py:188} INFO - [2024-04-26T05:32:59.035-0300] {dagbag.py:540} INFO - Filling up the DagBag from /home/athlon/projects/airflow/.venv/lib/python3.11/site-packages/airflow/example_dags/example_bash_operator.py
[2024-04-26T05:32:59.055-0300] {processor.py:840} INFO - DAG(s) 'example_bash_operator' retrieved from /home/athlon/projects/airflow/.venv/lib/python3.11/site-packages/airflow/example_dags/example_bash_operator.py
[2024-04-26T05:32:59.091-0300] {logging_mixin.py:188} INFO - [2024-04-26T05:32:59.091-0300] {dag.py:3096} INFO - Sync 1 DAGs
[2024-04-26T05:32:59.119-0300] {logging_mixin.py:188} INFO - [2024-04-26T05:32:59.119-0300] {dag.py:3954} INFO - Setting next_dagrun for example_bash_operator to 2024-04-25 00:00:00+00:00, run_after=2024-04-26 00:00:00+00:00
[2024-04-26T05:32:59.155-0300] {processor.py:183} INFO - Processing /home/athlon/projects/airflow/.venv/lib/python3.11/site-packages/airflow/example_dags/example_bash_operator.py took 0.139 seconds
[2024-04-26T05:34:00.779-0300] {processor.py:161} INFO - Started process (PID=9900) to work on /home/athlon/projects/airflow/.venv/lib/python3.11/site-packages/airflow/example_dags/example_bash_operator.py
[2024-04-26T05:34:00.785-0300] {processor.py:830} INFO - Processing file /home/athlon/projects/airflow/.venv/lib/python3.11/site-packages/airflow/example_dags/example_bash_operator.py for tasks to queue
[2024-04-26T05:34:00.787-0300] {logging_mixin.py:188} INFO - [2024-04-26T05:34:00.786-0300] {dagbag.py:540} INFO - Filling up the DagBag from /home/athlon/projects/airflow/.venv/lib/python3.11/site-packages/airflow/example_dags/example_bash_operator.py
[2024-04-26T05:34:00.804-0300] {processor.py:840} INFO - DAG(s) 'example_bash_operator' retrieved from /home/athlon/projects/airflow/.venv/lib/python3.11/site-packages/airflow/example_dags/example_bash_operator.py
[2024-04-26T05:34:00.837-0300] {logging_mixin.py:188} INFO - [2024-04-26T05:34:00.836-0300] {dag.py:3096} INFO - Sync 1 DAGs
[2024-04-26T05:34:00.866-0300] {logging_mixin.py:188} INFO - [2024-04-26T05:34:00.865-0300] {dag.py:3954} INFO - Setting next_dagrun for example_bash_operator to 2024-04-25 00:00:00+00:00, run_after=2024-04-26 00:00:00+00:00
[2024-04-26T05:34:00.896-0300] {processor.py:183} INFO - Processing /home/athlon/projects/airflow/.venv/lib/python3.11/site-packages/airflow/example_dags/example_bash_operator.py took 0.126 seconds
[2024-04-26T05:34:55.739-0300] {processor.py:161} INFO - Started process (PID=9954) to work on /home/athlon/projects/airflow/.venv/lib/python3.11/site-packages/airflow/example_dags/example_bash_operator.py
[2024-04-26T05:34:55.744-0300] {processor.py:830} INFO - Processing file /home/athlon/projects/airflow/.venv/lib/python3.11/site-packages/airflow/example_dags/example_bash_operator.py for tasks to queue
[2024-04-26T05:34:55.747-0300] {logging_mixin.py:188} INFO - [2024-04-26T05:34:55.746-0300] {dagbag.py:540} INFO - Filling up the DagBag from /home/athlon/projects/airflow/.venv/lib/python3.11/site-packages/airflow/example_dags/example_bash_operator.py
[2024-04-26T05:34:55.767-0300] {processor.py:840} INFO - DAG(s) 'example_bash_operator' retrieved from /home/athlon/projects/airflow/.venv/lib/python3.11/site-packages/airflow/example_dags/example_bash_operator.py
[2024-04-26T05:34:55.800-0300] {logging_mixin.py:188} INFO - [2024-04-26T05:34:55.800-0300] {dag.py:3096} INFO - Sync 1 DAGs
[2024-04-26T05:34:55.829-0300] {logging_mixin.py:188} INFO - [2024-04-26T05:34:55.829-0300] {dag.py:3954} INFO - Setting next_dagrun for example_bash_operator to 2024-04-25 00:00:00+00:00, run_after=2024-04-26 00:00:00+00:00
[2024-04-26T05:34:55.859-0300] {processor.py:183} INFO - Processing /home/athlon/projects/airflow/.venv/lib/python3.11/site-packages/airflow/example_dags/example_bash_operator.py took 0.131 seconds
[2024-04-26T05:35:52.701-0300] {processor.py:161} INFO - Started process (PID=10004) to work on /home/athlon/projects/airflow/.venv/lib/python3.11/site-packages/airflow/example_dags/example_bash_operator.py
[2024-04-26T05:35:52.706-0300] {processor.py:830} INFO - Processing file /home/athlon/projects/airflow/.venv/lib/python3.11/site-packages/airflow/example_dags/example_bash_operator.py for tasks to queue
[2024-04-26T05:35:52.709-0300] {logging_mixin.py:188} INFO - [2024-04-26T05:35:52.708-0300] {dagbag.py:540} INFO - Filling up the DagBag from /home/athlon/projects/airflow/.venv/lib/python3.11/site-packages/airflow/example_dags/example_bash_operator.py
[2024-04-26T05:35:52.727-0300] {processor.py:840} INFO - DAG(s) 'example_bash_operator' retrieved from /home/athlon/projects/airflow/.venv/lib/python3.11/site-packages/airflow/example_dags/example_bash_operator.py
[2024-04-26T05:35:52.760-0300] {logging_mixin.py:188} INFO - [2024-04-26T05:35:52.760-0300] {dag.py:3096} INFO - Sync 1 DAGs
[2024-04-26T05:35:52.789-0300] {logging_mixin.py:188} INFO - [2024-04-26T05:35:52.788-0300] {dag.py:3954} INFO - Setting next_dagrun for example_bash_operator to 2024-04-25 00:00:00+00:00, run_after=2024-04-26 00:00:00+00:00
[2024-04-26T05:35:52.819-0300] {processor.py:183} INFO - Processing /home/athlon/projects/airflow/.venv/lib/python3.11/site-packages/airflow/example_dags/example_bash_operator.py took 0.128 seconds
[2024-04-26T05:36:48.649-0300] {processor.py:161} INFO - Started process (PID=10055) to work on /home/athlon/projects/airflow/.venv/lib/python3.11/site-packages/airflow/example_dags/example_bash_operator.py
[2024-04-26T05:36:48.655-0300] {processor.py:830} INFO - Processing file /home/athlon/projects/airflow/.venv/lib/python3.11/site-packages/airflow/example_dags/example_bash_operator.py for tasks to queue
[2024-04-26T05:36:48.657-0300] {logging_mixin.py:188} INFO - [2024-04-26T05:36:48.657-0300] {dagbag.py:540} INFO - Filling up the DagBag from /home/athlon/projects/airflow/.venv/lib/python3.11/site-packages/airflow/example_dags/example_bash_operator.py
[2024-04-26T05:36:48.677-0300] {processor.py:840} INFO - DAG(s) 'example_bash_operator' retrieved from /home/athlon/projects/airflow/.venv/lib/python3.11/site-packages/airflow/example_dags/example_bash_operator.py
[2024-04-26T05:36:48.712-0300] {logging_mixin.py:188} INFO - [2024-04-26T05:36:48.712-0300] {dag.py:3096} INFO - Sync 1 DAGs
[2024-04-26T05:36:48.742-0300] {logging_mixin.py:188} INFO - [2024-04-26T05:36:48.742-0300] {dag.py:3954} INFO - Setting next_dagrun for example_bash_operator to 2024-04-25 00:00:00+00:00, run_after=2024-04-26 00:00:00+00:00
[2024-04-26T05:36:48.771-0300] {processor.py:183} INFO - Processing /home/athlon/projects/airflow/.venv/lib/python3.11/site-packages/airflow/example_dags/example_bash_operator.py took 0.132 seconds
[2024-04-26T05:37:44.340-0300] {processor.py:161} INFO - Started process (PID=10111) to work on /home/athlon/projects/airflow/.venv/lib/python3.11/site-packages/airflow/example_dags/example_bash_operator.py
[2024-04-26T05:37:44.345-0300] {processor.py:830} INFO - Processing file /home/athlon/projects/airflow/.venv/lib/python3.11/site-packages/airflow/example_dags/example_bash_operator.py for tasks to queue
[2024-04-26T05:37:44.348-0300] {logging_mixin.py:188} INFO - [2024-04-26T05:37:44.347-0300] {dagbag.py:540} INFO - Filling up the DagBag from /home/athlon/projects/airflow/.venv/lib/python3.11/site-packages/airflow/example_dags/example_bash_operator.py
[2024-04-26T05:37:44.372-0300] {processor.py:840} INFO - DAG(s) 'example_bash_operator' retrieved from /home/athlon/projects/airflow/.venv/lib/python3.11/site-packages/airflow/example_dags/example_bash_operator.py
[2024-04-26T05:37:44.405-0300] {logging_mixin.py:188} INFO - [2024-04-26T05:37:44.405-0300] {dag.py:3096} INFO - Sync 1 DAGs
[2024-04-26T05:37:44.434-0300] {logging_mixin.py:188} INFO - [2024-04-26T05:37:44.434-0300] {dag.py:3954} INFO - Setting next_dagrun for example_bash_operator to 2024-04-25 00:00:00+00:00, run_after=2024-04-26 00:00:00+00:00
[2024-04-26T05:37:44.465-0300] {processor.py:183} INFO - Processing /home/athlon/projects/airflow/.venv/lib/python3.11/site-packages/airflow/example_dags/example_bash_operator.py took 0.136 seconds
[2024-04-26T05:38:42.326-0300] {processor.py:161} INFO - Started process (PID=10162) to work on /home/athlon/projects/airflow/.venv/lib/python3.11/site-packages/airflow/example_dags/example_bash_operator.py
[2024-04-26T05:38:42.332-0300] {processor.py:830} INFO - Processing file /home/athlon/projects/airflow/.venv/lib/python3.11/site-packages/airflow/example_dags/example_bash_operator.py for tasks to queue
[2024-04-26T05:38:42.334-0300] {logging_mixin.py:188} INFO - [2024-04-26T05:38:42.334-0300] {dagbag.py:540} INFO - Filling up the DagBag from /home/athlon/projects/airflow/.venv/lib/python3.11/site-packages/airflow/example_dags/example_bash_operator.py
[2024-04-26T05:38:42.354-0300] {processor.py:840} INFO - DAG(s) 'example_bash_operator' retrieved from /home/athlon/projects/airflow/.venv/lib/python3.11/site-packages/airflow/example_dags/example_bash_operator.py
[2024-04-26T05:38:42.387-0300] {logging_mixin.py:188} INFO - [2024-04-26T05:38:42.387-0300] {dag.py:3096} INFO - Sync 1 DAGs
[2024-04-26T05:38:42.422-0300] {logging_mixin.py:188} INFO - [2024-04-26T05:38:42.422-0300] {dag.py:3954} INFO - Setting next_dagrun for example_bash_operator to 2024-04-25 00:00:00+00:00, run_after=2024-04-26 00:00:00+00:00
[2024-04-26T05:38:42.456-0300] {processor.py:183} INFO - Processing /home/athlon/projects/airflow/.venv/lib/python3.11/site-packages/airflow/example_dags/example_bash_operator.py took 0.141 seconds
[2024-04-26T05:39:43.735-0300] {processor.py:161} INFO - Started process (PID=10247) to work on /home/athlon/projects/airflow/.venv/lib/python3.11/site-packages/airflow/example_dags/example_bash_operator.py
[2024-04-26T05:39:43.741-0300] {processor.py:830} INFO - Processing file /home/athlon/projects/airflow/.venv/lib/python3.11/site-packages/airflow/example_dags/example_bash_operator.py for tasks to queue
[2024-04-26T05:39:43.744-0300] {logging_mixin.py:188} INFO - [2024-04-26T05:39:43.743-0300] {dagbag.py:540} INFO - Filling up the DagBag from /home/athlon/projects/airflow/.venv/lib/python3.11/site-packages/airflow/example_dags/example_bash_operator.py
[2024-04-26T05:39:43.764-0300] {processor.py:840} INFO - DAG(s) 'example_bash_operator' retrieved from /home/athlon/projects/airflow/.venv/lib/python3.11/site-packages/airflow/example_dags/example_bash_operator.py
[2024-04-26T05:39:43.804-0300] {logging_mixin.py:188} INFO - [2024-04-26T05:39:43.803-0300] {dag.py:3096} INFO - Sync 1 DAGs
[2024-04-26T05:39:43.833-0300] {logging_mixin.py:188} INFO - [2024-04-26T05:39:43.832-0300] {dag.py:3954} INFO - Setting next_dagrun for example_bash_operator to 2024-04-25 00:00:00+00:00, run_after=2024-04-26 00:00:00+00:00
[2024-04-26T05:39:43.867-0300] {processor.py:183} INFO - Processing /home/athlon/projects/airflow/.venv/lib/python3.11/site-packages/airflow/example_dags/example_bash_operator.py took 0.142 seconds
[2024-04-26T05:40:42.887-0300] {processor.py:161} INFO - Started process (PID=10303) to work on /home/athlon/projects/airflow/.venv/lib/python3.11/site-packages/airflow/example_dags/example_bash_operator.py
[2024-04-26T05:40:42.892-0300] {processor.py:830} INFO - Processing file /home/athlon/projects/airflow/.venv/lib/python3.11/site-packages/airflow/example_dags/example_bash_operator.py for tasks to queue
[2024-04-26T05:40:42.895-0300] {logging_mixin.py:188} INFO - [2024-04-26T05:40:42.895-0300] {dagbag.py:540} INFO - Filling up the DagBag from /home/athlon/projects/airflow/.venv/lib/python3.11/site-packages/airflow/example_dags/example_bash_operator.py
[2024-04-26T05:40:42.915-0300] {processor.py:840} INFO - DAG(s) 'example_bash_operator' retrieved from /home/athlon/projects/airflow/.venv/lib/python3.11/site-packages/airflow/example_dags/example_bash_operator.py
[2024-04-26T05:40:42.948-0300] {logging_mixin.py:188} INFO - [2024-04-26T05:40:42.948-0300] {dag.py:3096} INFO - Sync 1 DAGs
[2024-04-26T05:40:42.978-0300] {logging_mixin.py:188} INFO - [2024-04-26T05:40:42.977-0300] {dag.py:3954} INFO - Setting next_dagrun for example_bash_operator to 2024-04-25 00:00:00+00:00, run_after=2024-04-26 00:00:00+00:00
[2024-04-26T05:40:43.007-0300] {processor.py:183} INFO - Processing /home/athlon/projects/airflow/.venv/lib/python3.11/site-packages/airflow/example_dags/example_bash_operator.py took 0.131 seconds
[2024-04-26T05:41:43.067-0300] {processor.py:161} INFO - Started process (PID=10357) to work on /home/athlon/projects/airflow/.venv/lib/python3.11/site-packages/airflow/example_dags/example_bash_operator.py
[2024-04-26T05:41:43.073-0300] {processor.py:830} INFO - Processing file /home/athlon/projects/airflow/.venv/lib/python3.11/site-packages/airflow/example_dags/example_bash_operator.py for tasks to queue
[2024-04-26T05:41:43.075-0300] {logging_mixin.py:188} INFO - [2024-04-26T05:41:43.075-0300] {dagbag.py:540} INFO - Filling up the DagBag from /home/athlon/projects/airflow/.venv/lib/python3.11/site-packages/airflow/example_dags/example_bash_operator.py
[2024-04-26T05:41:43.095-0300] {processor.py:840} INFO - DAG(s) 'example_bash_operator' retrieved from /home/athlon/projects/airflow/.venv/lib/python3.11/site-packages/airflow/example_dags/example_bash_operator.py
[2024-04-26T05:41:43.128-0300] {logging_mixin.py:188} INFO - [2024-04-26T05:41:43.128-0300] {dag.py:3096} INFO - Sync 1 DAGs
[2024-04-26T05:41:43.158-0300] {logging_mixin.py:188} INFO - [2024-04-26T05:41:43.157-0300] {dag.py:3954} INFO - Setting next_dagrun for example_bash_operator to 2024-04-25 00:00:00+00:00, run_after=2024-04-26 00:00:00+00:00
[2024-04-26T05:41:43.188-0300] {processor.py:183} INFO - Processing /home/athlon/projects/airflow/.venv/lib/python3.11/site-packages/airflow/example_dags/example_bash_operator.py took 0.131 seconds
[2024-04-26T05:42:46.323-0300] {processor.py:161} INFO - Started process (PID=10410) to work on /home/athlon/projects/airflow/.venv/lib/python3.11/site-packages/airflow/example_dags/example_bash_operator.py
[2024-04-26T05:42:46.329-0300] {processor.py:830} INFO - Processing file /home/athlon/projects/airflow/.venv/lib/python3.11/site-packages/airflow/example_dags/example_bash_operator.py for tasks to queue
[2024-04-26T05:42:46.331-0300] {logging_mixin.py:188} INFO - [2024-04-26T05:42:46.331-0300] {dagbag.py:540} INFO - Filling up the DagBag from /home/athlon/projects/airflow/.venv/lib/python3.11/site-packages/airflow/example_dags/example_bash_operator.py
[2024-04-26T05:42:46.351-0300] {processor.py:840} INFO - DAG(s) 'example_bash_operator' retrieved from /home/athlon/projects/airflow/.venv/lib/python3.11/site-packages/airflow/example_dags/example_bash_operator.py
[2024-04-26T05:42:46.384-0300] {logging_mixin.py:188} INFO - [2024-04-26T05:42:46.384-0300] {dag.py:3096} INFO - Sync 1 DAGs
[2024-04-26T05:42:46.414-0300] {logging_mixin.py:188} INFO - [2024-04-26T05:42:46.414-0300] {dag.py:3954} INFO - Setting next_dagrun for example_bash_operator to 2024-04-25 00:00:00+00:00, run_after=2024-04-26 00:00:00+00:00
[2024-04-26T05:42:46.444-0300] {processor.py:183} INFO - Processing /home/athlon/projects/airflow/.venv/lib/python3.11/site-packages/airflow/example_dags/example_bash_operator.py took 0.132 seconds
[2024-04-26T05:43:45.347-0300] {processor.py:161} INFO - Started process (PID=10463) to work on /home/athlon/projects/airflow/.venv/lib/python3.11/site-packages/airflow/example_dags/example_bash_operator.py
[2024-04-26T05:43:45.352-0300] {processor.py:830} INFO - Processing file /home/athlon/projects/airflow/.venv/lib/python3.11/site-packages/airflow/example_dags/example_bash_operator.py for tasks to queue
[2024-04-26T05:43:45.355-0300] {logging_mixin.py:188} INFO - [2024-04-26T05:43:45.354-0300] {dagbag.py:540} INFO - Filling up the DagBag from /home/athlon/projects/airflow/.venv/lib/python3.11/site-packages/airflow/example_dags/example_bash_operator.py
[2024-04-26T05:43:45.379-0300] {processor.py:840} INFO - DAG(s) 'example_bash_operator' retrieved from /home/athlon/projects/airflow/.venv/lib/python3.11/site-packages/airflow/example_dags/example_bash_operator.py
[2024-04-26T05:43:45.415-0300] {logging_mixin.py:188} INFO - [2024-04-26T05:43:45.414-0300] {dag.py:3096} INFO - Sync 1 DAGs
[2024-04-26T05:43:45.446-0300] {logging_mixin.py:188} INFO - [2024-04-26T05:43:45.445-0300] {dag.py:3954} INFO - Setting next_dagrun for example_bash_operator to 2024-04-25 00:00:00+00:00, run_after=2024-04-26 00:00:00+00:00
[2024-04-26T05:43:45.481-0300] {processor.py:183} INFO - Processing /home/athlon/projects/airflow/.venv/lib/python3.11/site-packages/airflow/example_dags/example_bash_operator.py took 0.145 seconds
[2024-04-26T05:44:41.430-0300] {processor.py:161} INFO - Started process (PID=10516) to work on /home/athlon/projects/airflow/.venv/lib/python3.11/site-packages/airflow/example_dags/example_bash_operator.py
[2024-04-26T05:44:41.432-0300] {processor.py:830} INFO - Processing file /home/athlon/projects/airflow/.venv/lib/python3.11/site-packages/airflow/example_dags/example_bash_operator.py for tasks to queue
[2024-04-26T05:44:41.434-0300] {logging_mixin.py:188} INFO - [2024-04-26T05:44:41.434-0300] {dagbag.py:540} INFO - Filling up the DagBag from /home/athlon/projects/airflow/.venv/lib/python3.11/site-packages/airflow/example_dags/example_bash_operator.py
[2024-04-26T05:44:41.453-0300] {processor.py:840} INFO - DAG(s) 'example_bash_operator' retrieved from /home/athlon/projects/airflow/.venv/lib/python3.11/site-packages/airflow/example_dags/example_bash_operator.py
[2024-04-26T05:44:41.485-0300] {logging_mixin.py:188} INFO - [2024-04-26T05:44:41.485-0300] {dag.py:3096} INFO - Sync 1 DAGs
[2024-04-26T05:44:41.514-0300] {logging_mixin.py:188} INFO - [2024-04-26T05:44:41.513-0300] {dag.py:3954} INFO - Setting next_dagrun for example_bash_operator to 2024-04-25 00:00:00+00:00, run_after=2024-04-26 00:00:00+00:00
[2024-04-26T05:44:41.543-0300] {processor.py:183} INFO - Processing /home/athlon/projects/airflow/.venv/lib/python3.11/site-packages/airflow/example_dags/example_bash_operator.py took 0.123 seconds
[2024-04-26T05:45:38.046-0300] {processor.py:161} INFO - Started process (PID=10566) to work on /home/athlon/projects/airflow/.venv/lib/python3.11/site-packages/airflow/example_dags/example_bash_operator.py
[2024-04-26T05:45:38.052-0300] {processor.py:830} INFO - Processing file /home/athlon/projects/airflow/.venv/lib/python3.11/site-packages/airflow/example_dags/example_bash_operator.py for tasks to queue
[2024-04-26T05:45:38.054-0300] {logging_mixin.py:188} INFO - [2024-04-26T05:45:38.054-0300] {dagbag.py:540} INFO - Filling up the DagBag from /home/athlon/projects/airflow/.venv/lib/python3.11/site-packages/airflow/example_dags/example_bash_operator.py
[2024-04-26T05:45:38.074-0300] {processor.py:840} INFO - DAG(s) 'example_bash_operator' retrieved from /home/athlon/projects/airflow/.venv/lib/python3.11/site-packages/airflow/example_dags/example_bash_operator.py
[2024-04-26T05:45:38.108-0300] {logging_mixin.py:188} INFO - [2024-04-26T05:45:38.107-0300] {dag.py:3096} INFO - Sync 1 DAGs
[2024-04-26T05:45:38.137-0300] {logging_mixin.py:188} INFO - [2024-04-26T05:45:38.136-0300] {dag.py:3954} INFO - Setting next_dagrun for example_bash_operator to 2024-04-25 00:00:00+00:00, run_after=2024-04-26 00:00:00+00:00
[2024-04-26T05:45:38.167-0300] {processor.py:183} INFO - Processing /home/athlon/projects/airflow/.venv/lib/python3.11/site-packages/airflow/example_dags/example_bash_operator.py took 0.131 seconds
[2024-04-26T05:46:37.435-0300] {processor.py:161} INFO - Started process (PID=10622) to work on /home/athlon/projects/airflow/.venv/lib/python3.11/site-packages/airflow/example_dags/example_bash_operator.py
[2024-04-26T05:46:37.437-0300] {processor.py:830} INFO - Processing file /home/athlon/projects/airflow/.venv/lib/python3.11/site-packages/airflow/example_dags/example_bash_operator.py for tasks to queue
[2024-04-26T05:46:37.441-0300] {logging_mixin.py:188} INFO - [2024-04-26T05:46:37.440-0300] {dagbag.py:540} INFO - Filling up the DagBag from /home/athlon/projects/airflow/.venv/lib/python3.11/site-packages/airflow/example_dags/example_bash_operator.py
[2024-04-26T05:46:37.467-0300] {processor.py:840} INFO - DAG(s) 'example_bash_operator' retrieved from /home/athlon/projects/airflow/.venv/lib/python3.11/site-packages/airflow/example_dags/example_bash_operator.py
[2024-04-26T05:46:37.513-0300] {logging_mixin.py:188} INFO - [2024-04-26T05:46:37.512-0300] {dag.py:3096} INFO - Sync 1 DAGs
[2024-04-26T05:46:37.546-0300] {logging_mixin.py:188} INFO - [2024-04-26T05:46:37.546-0300] {dag.py:3954} INFO - Setting next_dagrun for example_bash_operator to 2024-04-25 00:00:00+00:00, run_after=2024-04-26 00:00:00+00:00
[2024-04-26T05:46:37.576-0300] {processor.py:183} INFO - Processing /home/athlon/projects/airflow/.venv/lib/python3.11/site-packages/airflow/example_dags/example_bash_operator.py took 0.153 seconds
[2024-04-26T05:47:33.191-0300] {processor.py:161} INFO - Started process (PID=10694) to work on /home/athlon/projects/airflow/.venv/lib/python3.11/site-packages/airflow/example_dags/example_bash_operator.py
[2024-04-26T05:47:33.197-0300] {processor.py:830} INFO - Processing file /home/athlon/projects/airflow/.venv/lib/python3.11/site-packages/airflow/example_dags/example_bash_operator.py for tasks to queue
[2024-04-26T05:47:33.199-0300] {logging_mixin.py:188} INFO - [2024-04-26T05:47:33.199-0300] {dagbag.py:540} INFO - Filling up the DagBag from /home/athlon/projects/airflow/.venv/lib/python3.11/site-packages/airflow/example_dags/example_bash_operator.py
[2024-04-26T05:47:33.219-0300] {processor.py:840} INFO - DAG(s) 'example_bash_operator' retrieved from /home/athlon/projects/airflow/.venv/lib/python3.11/site-packages/airflow/example_dags/example_bash_operator.py
[2024-04-26T05:47:33.251-0300] {logging_mixin.py:188} INFO - [2024-04-26T05:47:33.251-0300] {dag.py:3096} INFO - Sync 1 DAGs
[2024-04-26T05:47:33.280-0300] {logging_mixin.py:188} INFO - [2024-04-26T05:47:33.279-0300] {dag.py:3954} INFO - Setting next_dagrun for example_bash_operator to 2024-04-25 00:00:00+00:00, run_after=2024-04-26 00:00:00+00:00
[2024-04-26T05:47:33.309-0300] {processor.py:183} INFO - Processing /home/athlon/projects/airflow/.venv/lib/python3.11/site-packages/airflow/example_dags/example_bash_operator.py took 0.130 seconds
[2024-04-26T05:48:57.549-0300] {processor.py:161} INFO - Started process (PID=10816) to work on /home/athlon/projects/airflow/.venv/lib/python3.11/site-packages/airflow/example_dags/example_bash_operator.py
[2024-04-26T05:48:57.551-0300] {processor.py:830} INFO - Processing file /home/athlon/projects/airflow/.venv/lib/python3.11/site-packages/airflow/example_dags/example_bash_operator.py for tasks to queue
[2024-04-26T05:48:57.555-0300] {logging_mixin.py:188} INFO - [2024-04-26T05:48:57.553-0300] {dagbag.py:540} INFO - Filling up the DagBag from /home/athlon/projects/airflow/.venv/lib/python3.11/site-packages/airflow/example_dags/example_bash_operator.py
[2024-04-26T05:48:57.582-0300] {processor.py:840} INFO - DAG(s) 'example_bash_operator' retrieved from /home/athlon/projects/airflow/.venv/lib/python3.11/site-packages/airflow/example_dags/example_bash_operator.py
[2024-04-26T05:48:57.633-0300] {logging_mixin.py:188} INFO - [2024-04-26T05:48:57.632-0300] {dag.py:3096} INFO - Sync 1 DAGs
[2024-04-26T05:48:57.687-0300] {logging_mixin.py:188} INFO - [2024-04-26T05:48:57.686-0300] {dag.py:3954} INFO - Setting next_dagrun for example_bash_operator to 2024-04-25 00:00:00+00:00, run_after=2024-04-26 00:00:00+00:00
[2024-04-26T05:48:57.723-0300] {processor.py:183} INFO - Processing /home/athlon/projects/airflow/.venv/lib/python3.11/site-packages/airflow/example_dags/example_bash_operator.py took 0.191 seconds
[2024-04-26T05:49:59.193-0300] {processor.py:161} INFO - Started process (PID=10900) to work on /home/athlon/projects/airflow/.venv/lib/python3.11/site-packages/airflow/example_dags/example_bash_operator.py
[2024-04-26T05:49:59.196-0300] {processor.py:830} INFO - Processing file /home/athlon/projects/airflow/.venv/lib/python3.11/site-packages/airflow/example_dags/example_bash_operator.py for tasks to queue
[2024-04-26T05:49:59.199-0300] {logging_mixin.py:188} INFO - [2024-04-26T05:49:59.198-0300] {dagbag.py:540} INFO - Filling up the DagBag from /home/athlon/projects/airflow/.venv/lib/python3.11/site-packages/airflow/example_dags/example_bash_operator.py
[2024-04-26T05:49:59.225-0300] {processor.py:840} INFO - DAG(s) 'example_bash_operator' retrieved from /home/athlon/projects/airflow/.venv/lib/python3.11/site-packages/airflow/example_dags/example_bash_operator.py
[2024-04-26T05:49:59.277-0300] {logging_mixin.py:188} INFO - [2024-04-26T05:49:59.276-0300] {dag.py:3096} INFO - Sync 1 DAGs
[2024-04-26T05:49:59.329-0300] {logging_mixin.py:188} INFO - [2024-04-26T05:49:59.328-0300] {dag.py:3954} INFO - Setting next_dagrun for example_bash_operator to 2024-04-25 00:00:00+00:00, run_after=2024-04-26 00:00:00+00:00
[2024-04-26T05:49:59.386-0300] {processor.py:183} INFO - Processing /home/athlon/projects/airflow/.venv/lib/python3.11/site-packages/airflow/example_dags/example_bash_operator.py took 0.209 seconds
[2024-04-26T05:51:31.856-0300] {processor.py:161} INFO - Started process (PID=10991) to work on /home/athlon/projects/airflow/.venv/lib/python3.11/site-packages/airflow/example_dags/example_bash_operator.py
[2024-04-26T05:51:31.863-0300] {processor.py:830} INFO - Processing file /home/athlon/projects/airflow/.venv/lib/python3.11/site-packages/airflow/example_dags/example_bash_operator.py for tasks to queue
[2024-04-26T05:51:31.867-0300] {logging_mixin.py:188} INFO - [2024-04-26T05:51:31.866-0300] {dagbag.py:540} INFO - Filling up the DagBag from /home/athlon/projects/airflow/.venv/lib/python3.11/site-packages/airflow/example_dags/example_bash_operator.py
[2024-04-26T05:51:31.913-0300] {processor.py:840} INFO - DAG(s) 'example_bash_operator' retrieved from /home/athlon/projects/airflow/.venv/lib/python3.11/site-packages/airflow/example_dags/example_bash_operator.py
[2024-04-26T05:51:31.989-0300] {logging_mixin.py:188} INFO - [2024-04-26T05:51:31.985-0300] {dag.py:3096} INFO - Sync 1 DAGs
[2024-04-26T05:51:32.057-0300] {logging_mixin.py:188} INFO - [2024-04-26T05:51:32.056-0300] {dag.py:3954} INFO - Setting next_dagrun for example_bash_operator to 2024-04-25 00:00:00+00:00, run_after=2024-04-26 00:00:00+00:00
[2024-04-26T05:51:32.124-0300] {processor.py:183} INFO - Processing /home/athlon/projects/airflow/.venv/lib/python3.11/site-packages/airflow/example_dags/example_bash_operator.py took 0.283 seconds
[2024-04-26T05:52:40.919-0300] {processor.py:161} INFO - Started process (PID=11056) to work on /home/athlon/projects/airflow/.venv/lib/python3.11/site-packages/airflow/example_dags/example_bash_operator.py
[2024-04-26T05:52:40.924-0300] {processor.py:830} INFO - Processing file /home/athlon/projects/airflow/.venv/lib/python3.11/site-packages/airflow/example_dags/example_bash_operator.py for tasks to queue
[2024-04-26T05:52:40.929-0300] {logging_mixin.py:188} INFO - [2024-04-26T05:52:40.927-0300] {dagbag.py:540} INFO - Filling up the DagBag from /home/athlon/projects/airflow/.venv/lib/python3.11/site-packages/airflow/example_dags/example_bash_operator.py
[2024-04-26T05:52:40.952-0300] {processor.py:840} INFO - DAG(s) 'example_bash_operator' retrieved from /home/athlon/projects/airflow/.venv/lib/python3.11/site-packages/airflow/example_dags/example_bash_operator.py
[2024-04-26T05:52:40.992-0300] {logging_mixin.py:188} INFO - [2024-04-26T05:52:40.991-0300] {dag.py:3096} INFO - Sync 1 DAGs
[2024-04-26T05:52:41.032-0300] {logging_mixin.py:188} INFO - [2024-04-26T05:52:41.032-0300] {dag.py:3954} INFO - Setting next_dagrun for example_bash_operator to 2024-04-25 00:00:00+00:00, run_after=2024-04-26 00:00:00+00:00
[2024-04-26T05:52:41.075-0300] {processor.py:183} INFO - Processing /home/athlon/projects/airflow/.venv/lib/python3.11/site-packages/airflow/example_dags/example_bash_operator.py took 0.168 seconds
