[2024-04-26T05:28:37.520-0300] {processor.py:161} INFO - Started process (PID=9559) to work on /home/athlon/projects/airflow/.venv/lib/python3.11/site-packages/airflow/example_dags/example_setup_teardown.py
[2024-04-26T05:28:37.521-0300] {processor.py:830} INFO - Processing file /home/athlon/projects/airflow/.venv/lib/python3.11/site-packages/airflow/example_dags/example_setup_teardown.py for tasks to queue
[2024-04-26T05:28:37.523-0300] {logging_mixin.py:188} INFO - [2024-04-26T05:28:37.523-0300] {dagbag.py:540} INFO - Filling up the DagBag from /home/athlon/projects/airflow/.venv/lib/python3.11/site-packages/airflow/example_dags/example_setup_teardown.py
[2024-04-26T05:28:37.535-0300] {processor.py:840} INFO - DAG(s) 'example_setup_teardown' retrieved from /home/athlon/projects/airflow/.venv/lib/python3.11/site-packages/airflow/example_dags/example_setup_teardown.py
[2024-04-26T05:28:37.722-0300] {logging_mixin.py:188} INFO - [2024-04-26T05:28:37.720-0300] {override.py:1829} INFO - Created Permission View: can edit on DAG:example_setup_teardown
[2024-04-26T05:28:37.742-0300] {logging_mixin.py:188} INFO - [2024-04-26T05:28:37.742-0300] {override.py:1829} INFO - Created Permission View: can delete on DAG:example_setup_teardown
[2024-04-26T05:28:37.756-0300] {logging_mixin.py:188} INFO - [2024-04-26T05:28:37.755-0300] {override.py:1829} INFO - Created Permission View: can read on DAG:example_setup_teardown
[2024-04-26T05:28:37.756-0300] {logging_mixin.py:188} INFO - [2024-04-26T05:28:37.756-0300] {dag.py:3096} INFO - Sync 1 DAGs
[2024-04-26T05:28:37.777-0300] {logging_mixin.py:188} INFO - [2024-04-26T05:28:37.776-0300] {dag.py:3118} INFO - Creating ORM DAG for example_setup_teardown
[2024-04-26T05:28:37.795-0300] {logging_mixin.py:188} INFO - [2024-04-26T05:28:37.795-0300] {dag.py:3954} INFO - Setting next_dagrun for example_setup_teardown to 2024-04-25 00:00:00+00:00, run_after=2024-04-26 00:00:00+00:00
[2024-04-26T05:28:37.827-0300] {processor.py:183} INFO - Processing /home/athlon/projects/airflow/.venv/lib/python3.11/site-packages/airflow/example_dags/example_setup_teardown.py took 0.316 seconds
[2024-04-26T05:29:50.757-0300] {processor.py:161} INFO - Started process (PID=9653) to work on /home/athlon/projects/airflow/.venv/lib/python3.11/site-packages/airflow/example_dags/example_setup_teardown.py
[2024-04-26T05:29:50.763-0300] {processor.py:830} INFO - Processing file /home/athlon/projects/airflow/.venv/lib/python3.11/site-packages/airflow/example_dags/example_setup_teardown.py for tasks to queue
[2024-04-26T05:29:50.766-0300] {logging_mixin.py:188} INFO - [2024-04-26T05:29:50.765-0300] {dagbag.py:540} INFO - Filling up the DagBag from /home/athlon/projects/airflow/.venv/lib/python3.11/site-packages/airflow/example_dags/example_setup_teardown.py
[2024-04-26T05:29:50.778-0300] {processor.py:840} INFO - DAG(s) 'example_setup_teardown' retrieved from /home/athlon/projects/airflow/.venv/lib/python3.11/site-packages/airflow/example_dags/example_setup_teardown.py
[2024-04-26T05:29:50.803-0300] {logging_mixin.py:188} INFO - [2024-04-26T05:29:50.803-0300] {dag.py:3096} INFO - Sync 1 DAGs
[2024-04-26T05:29:50.832-0300] {logging_mixin.py:188} INFO - [2024-04-26T05:29:50.831-0300] {dag.py:3954} INFO - Setting next_dagrun for example_setup_teardown to 2024-04-25 00:00:00+00:00, run_after=2024-04-26 00:00:00+00:00
[2024-04-26T05:29:50.861-0300] {processor.py:183} INFO - Processing /home/athlon/projects/airflow/.venv/lib/python3.11/site-packages/airflow/example_dags/example_setup_teardown.py took 0.114 seconds
[2024-04-26T05:30:47.329-0300] {processor.py:161} INFO - Started process (PID=9707) to work on /home/athlon/projects/airflow/.venv/lib/python3.11/site-packages/airflow/example_dags/example_setup_teardown.py
[2024-04-26T05:30:47.335-0300] {processor.py:830} INFO - Processing file /home/athlon/projects/airflow/.venv/lib/python3.11/site-packages/airflow/example_dags/example_setup_teardown.py for tasks to queue
[2024-04-26T05:30:47.338-0300] {logging_mixin.py:188} INFO - [2024-04-26T05:30:47.337-0300] {dagbag.py:540} INFO - Filling up the DagBag from /home/athlon/projects/airflow/.venv/lib/python3.11/site-packages/airflow/example_dags/example_setup_teardown.py
[2024-04-26T05:30:47.350-0300] {processor.py:840} INFO - DAG(s) 'example_setup_teardown' retrieved from /home/athlon/projects/airflow/.venv/lib/python3.11/site-packages/airflow/example_dags/example_setup_teardown.py
[2024-04-26T05:30:47.375-0300] {logging_mixin.py:188} INFO - [2024-04-26T05:30:47.375-0300] {dag.py:3096} INFO - Sync 1 DAGs
[2024-04-26T05:30:47.403-0300] {logging_mixin.py:188} INFO - [2024-04-26T05:30:47.403-0300] {dag.py:3954} INFO - Setting next_dagrun for example_setup_teardown to 2024-04-25 00:00:00+00:00, run_after=2024-04-26 00:00:00+00:00
[2024-04-26T05:30:47.436-0300] {processor.py:183} INFO - Processing /home/athlon/projects/airflow/.venv/lib/python3.11/site-packages/airflow/example_dags/example_setup_teardown.py took 0.117 seconds
[2024-04-26T05:31:46.146-0300] {processor.py:161} INFO - Started process (PID=9763) to work on /home/athlon/projects/airflow/.venv/lib/python3.11/site-packages/airflow/example_dags/example_setup_teardown.py
[2024-04-26T05:31:46.151-0300] {processor.py:830} INFO - Processing file /home/athlon/projects/airflow/.venv/lib/python3.11/site-packages/airflow/example_dags/example_setup_teardown.py for tasks to queue
[2024-04-26T05:31:46.154-0300] {logging_mixin.py:188} INFO - [2024-04-26T05:31:46.153-0300] {dagbag.py:540} INFO - Filling up the DagBag from /home/athlon/projects/airflow/.venv/lib/python3.11/site-packages/airflow/example_dags/example_setup_teardown.py
[2024-04-26T05:31:46.165-0300] {processor.py:840} INFO - DAG(s) 'example_setup_teardown' retrieved from /home/athlon/projects/airflow/.venv/lib/python3.11/site-packages/airflow/example_dags/example_setup_teardown.py
[2024-04-26T05:31:46.189-0300] {logging_mixin.py:188} INFO - [2024-04-26T05:31:46.188-0300] {dag.py:3096} INFO - Sync 1 DAGs
[2024-04-26T05:31:46.215-0300] {logging_mixin.py:188} INFO - [2024-04-26T05:31:46.215-0300] {dag.py:3954} INFO - Setting next_dagrun for example_setup_teardown to 2024-04-25 00:00:00+00:00, run_after=2024-04-26 00:00:00+00:00
[2024-04-26T05:31:46.244-0300] {processor.py:183} INFO - Processing /home/athlon/projects/airflow/.venv/lib/python3.11/site-packages/airflow/example_dags/example_setup_teardown.py took 0.108 seconds
[2024-04-26T05:32:44.534-0300] {processor.py:161} INFO - Started process (PID=9818) to work on /home/athlon/projects/airflow/.venv/lib/python3.11/site-packages/airflow/example_dags/example_setup_teardown.py
[2024-04-26T05:32:44.549-0300] {processor.py:830} INFO - Processing file /home/athlon/projects/airflow/.venv/lib/python3.11/site-packages/airflow/example_dags/example_setup_teardown.py for tasks to queue
[2024-04-26T05:32:44.552-0300] {logging_mixin.py:188} INFO - [2024-04-26T05:32:44.551-0300] {dagbag.py:540} INFO - Filling up the DagBag from /home/athlon/projects/airflow/.venv/lib/python3.11/site-packages/airflow/example_dags/example_setup_teardown.py
[2024-04-26T05:32:44.561-0300] {processor.py:840} INFO - DAG(s) 'example_setup_teardown' retrieved from /home/athlon/projects/airflow/.venv/lib/python3.11/site-packages/airflow/example_dags/example_setup_teardown.py
[2024-04-26T05:32:44.583-0300] {logging_mixin.py:188} INFO - [2024-04-26T05:32:44.583-0300] {dag.py:3096} INFO - Sync 1 DAGs
[2024-04-26T05:32:44.609-0300] {logging_mixin.py:188} INFO - [2024-04-26T05:32:44.609-0300] {dag.py:3954} INFO - Setting next_dagrun for example_setup_teardown to 2024-04-25 00:00:00+00:00, run_after=2024-04-26 00:00:00+00:00
[2024-04-26T05:32:44.637-0300] {processor.py:183} INFO - Processing /home/athlon/projects/airflow/.venv/lib/python3.11/site-packages/airflow/example_dags/example_setup_teardown.py took 0.112 seconds
[2024-04-26T05:33:45.446-0300] {processor.py:161} INFO - Started process (PID=9872) to work on /home/athlon/projects/airflow/.venv/lib/python3.11/site-packages/airflow/example_dags/example_setup_teardown.py
[2024-04-26T05:33:45.451-0300] {processor.py:830} INFO - Processing file /home/athlon/projects/airflow/.venv/lib/python3.11/site-packages/airflow/example_dags/example_setup_teardown.py for tasks to queue
[2024-04-26T05:33:45.454-0300] {logging_mixin.py:188} INFO - [2024-04-26T05:33:45.453-0300] {dagbag.py:540} INFO - Filling up the DagBag from /home/athlon/projects/airflow/.venv/lib/python3.11/site-packages/airflow/example_dags/example_setup_teardown.py
[2024-04-26T05:33:45.466-0300] {processor.py:840} INFO - DAG(s) 'example_setup_teardown' retrieved from /home/athlon/projects/airflow/.venv/lib/python3.11/site-packages/airflow/example_dags/example_setup_teardown.py
[2024-04-26T05:33:45.622-0300] {logging_mixin.py:188} INFO - [2024-04-26T05:33:45.622-0300] {dag.py:3096} INFO - Sync 1 DAGs
[2024-04-26T05:33:45.645-0300] {logging_mixin.py:188} INFO - [2024-04-26T05:33:45.644-0300] {dag.py:3954} INFO - Setting next_dagrun for example_setup_teardown to 2024-04-25 00:00:00+00:00, run_after=2024-04-26 00:00:00+00:00
[2024-04-26T05:33:45.677-0300] {processor.py:183} INFO - Processing /home/athlon/projects/airflow/.venv/lib/python3.11/site-packages/airflow/example_dags/example_setup_teardown.py took 0.242 seconds
[2024-04-26T05:34:42.721-0300] {processor.py:161} INFO - Started process (PID=9940) to work on /home/athlon/projects/airflow/.venv/lib/python3.11/site-packages/airflow/example_dags/example_setup_teardown.py
[2024-04-26T05:34:42.727-0300] {processor.py:830} INFO - Processing file /home/athlon/projects/airflow/.venv/lib/python3.11/site-packages/airflow/example_dags/example_setup_teardown.py for tasks to queue
[2024-04-26T05:34:42.729-0300] {logging_mixin.py:188} INFO - [2024-04-26T05:34:42.729-0300] {dagbag.py:540} INFO - Filling up the DagBag from /home/athlon/projects/airflow/.venv/lib/python3.11/site-packages/airflow/example_dags/example_setup_teardown.py
[2024-04-26T05:34:42.740-0300] {processor.py:840} INFO - DAG(s) 'example_setup_teardown' retrieved from /home/athlon/projects/airflow/.venv/lib/python3.11/site-packages/airflow/example_dags/example_setup_teardown.py
[2024-04-26T05:34:42.764-0300] {logging_mixin.py:188} INFO - [2024-04-26T05:34:42.764-0300] {dag.py:3096} INFO - Sync 1 DAGs
[2024-04-26T05:34:42.792-0300] {logging_mixin.py:188} INFO - [2024-04-26T05:34:42.791-0300] {dag.py:3954} INFO - Setting next_dagrun for example_setup_teardown to 2024-04-25 00:00:00+00:00, run_after=2024-04-26 00:00:00+00:00
[2024-04-26T05:34:42.821-0300] {processor.py:183} INFO - Processing /home/athlon/projects/airflow/.venv/lib/python3.11/site-packages/airflow/example_dags/example_setup_teardown.py took 0.110 seconds
[2024-04-26T05:35:37.359-0300] {processor.py:161} INFO - Started process (PID=9991) to work on /home/athlon/projects/airflow/.venv/lib/python3.11/site-packages/airflow/example_dags/example_setup_teardown.py
[2024-04-26T05:35:37.365-0300] {processor.py:830} INFO - Processing file /home/athlon/projects/airflow/.venv/lib/python3.11/site-packages/airflow/example_dags/example_setup_teardown.py for tasks to queue
[2024-04-26T05:35:37.367-0300] {logging_mixin.py:188} INFO - [2024-04-26T05:35:37.366-0300] {dagbag.py:540} INFO - Filling up the DagBag from /home/athlon/projects/airflow/.venv/lib/python3.11/site-packages/airflow/example_dags/example_setup_teardown.py
[2024-04-26T05:35:37.377-0300] {processor.py:840} INFO - DAG(s) 'example_setup_teardown' retrieved from /home/athlon/projects/airflow/.venv/lib/python3.11/site-packages/airflow/example_dags/example_setup_teardown.py
[2024-04-26T05:35:37.401-0300] {logging_mixin.py:188} INFO - [2024-04-26T05:35:37.400-0300] {dag.py:3096} INFO - Sync 1 DAGs
[2024-04-26T05:35:37.429-0300] {logging_mixin.py:188} INFO - [2024-04-26T05:35:37.428-0300] {dag.py:3954} INFO - Setting next_dagrun for example_setup_teardown to 2024-04-25 00:00:00+00:00, run_after=2024-04-26 00:00:00+00:00
[2024-04-26T05:35:37.459-0300] {processor.py:183} INFO - Processing /home/athlon/projects/airflow/.venv/lib/python3.11/site-packages/airflow/example_dags/example_setup_teardown.py took 0.110 seconds
[2024-04-26T05:36:33.278-0300] {processor.py:161} INFO - Started process (PID=10042) to work on /home/athlon/projects/airflow/.venv/lib/python3.11/site-packages/airflow/example_dags/example_setup_teardown.py
[2024-04-26T05:36:33.284-0300] {processor.py:830} INFO - Processing file /home/athlon/projects/airflow/.venv/lib/python3.11/site-packages/airflow/example_dags/example_setup_teardown.py for tasks to queue
[2024-04-26T05:36:33.287-0300] {logging_mixin.py:188} INFO - [2024-04-26T05:36:33.286-0300] {dagbag.py:540} INFO - Filling up the DagBag from /home/athlon/projects/airflow/.venv/lib/python3.11/site-packages/airflow/example_dags/example_setup_teardown.py
[2024-04-26T05:36:33.306-0300] {processor.py:840} INFO - DAG(s) 'example_setup_teardown' retrieved from /home/athlon/projects/airflow/.venv/lib/python3.11/site-packages/airflow/example_dags/example_setup_teardown.py
[2024-04-26T05:36:33.330-0300] {logging_mixin.py:188} INFO - [2024-04-26T05:36:33.330-0300] {dag.py:3096} INFO - Sync 1 DAGs
[2024-04-26T05:36:33.364-0300] {logging_mixin.py:188} INFO - [2024-04-26T05:36:33.363-0300] {dag.py:3954} INFO - Setting next_dagrun for example_setup_teardown to 2024-04-25 00:00:00+00:00, run_after=2024-04-26 00:00:00+00:00
[2024-04-26T05:36:33.396-0300] {processor.py:183} INFO - Processing /home/athlon/projects/airflow/.venv/lib/python3.11/site-packages/airflow/example_dags/example_setup_teardown.py took 0.128 seconds
[2024-04-26T05:37:29.729-0300] {processor.py:161} INFO - Started process (PID=10098) to work on /home/athlon/projects/airflow/.venv/lib/python3.11/site-packages/airflow/example_dags/example_setup_teardown.py
[2024-04-26T05:37:29.734-0300] {processor.py:830} INFO - Processing file /home/athlon/projects/airflow/.venv/lib/python3.11/site-packages/airflow/example_dags/example_setup_teardown.py for tasks to queue
[2024-04-26T05:37:29.737-0300] {logging_mixin.py:188} INFO - [2024-04-26T05:37:29.736-0300] {dagbag.py:540} INFO - Filling up the DagBag from /home/athlon/projects/airflow/.venv/lib/python3.11/site-packages/airflow/example_dags/example_setup_teardown.py
[2024-04-26T05:37:29.747-0300] {processor.py:840} INFO - DAG(s) 'example_setup_teardown' retrieved from /home/athlon/projects/airflow/.venv/lib/python3.11/site-packages/airflow/example_dags/example_setup_teardown.py
[2024-04-26T05:37:29.770-0300] {logging_mixin.py:188} INFO - [2024-04-26T05:37:29.770-0300] {dag.py:3096} INFO - Sync 1 DAGs
[2024-04-26T05:37:29.797-0300] {logging_mixin.py:188} INFO - [2024-04-26T05:37:29.796-0300] {dag.py:3954} INFO - Setting next_dagrun for example_setup_teardown to 2024-04-25 00:00:00+00:00, run_after=2024-04-26 00:00:00+00:00
[2024-04-26T05:37:29.827-0300] {processor.py:183} INFO - Processing /home/athlon/projects/airflow/.venv/lib/python3.11/site-packages/airflow/example_dags/example_setup_teardown.py took 0.107 seconds
[2024-04-26T05:38:26.523-0300] {processor.py:161} INFO - Started process (PID=10149) to work on /home/athlon/projects/airflow/.venv/lib/python3.11/site-packages/airflow/example_dags/example_setup_teardown.py
[2024-04-26T05:38:26.529-0300] {processor.py:830} INFO - Processing file /home/athlon/projects/airflow/.venv/lib/python3.11/site-packages/airflow/example_dags/example_setup_teardown.py for tasks to queue
[2024-04-26T05:38:26.531-0300] {logging_mixin.py:188} INFO - [2024-04-26T05:38:26.531-0300] {dagbag.py:540} INFO - Filling up the DagBag from /home/athlon/projects/airflow/.venv/lib/python3.11/site-packages/airflow/example_dags/example_setup_teardown.py
[2024-04-26T05:38:26.543-0300] {processor.py:840} INFO - DAG(s) 'example_setup_teardown' retrieved from /home/athlon/projects/airflow/.venv/lib/python3.11/site-packages/airflow/example_dags/example_setup_teardown.py
[2024-04-26T05:38:26.567-0300] {logging_mixin.py:188} INFO - [2024-04-26T05:38:26.567-0300] {dag.py:3096} INFO - Sync 1 DAGs
[2024-04-26T05:38:26.594-0300] {logging_mixin.py:188} INFO - [2024-04-26T05:38:26.594-0300] {dag.py:3954} INFO - Setting next_dagrun for example_setup_teardown to 2024-04-25 00:00:00+00:00, run_after=2024-04-26 00:00:00+00:00
[2024-04-26T05:38:26.624-0300] {processor.py:183} INFO - Processing /home/athlon/projects/airflow/.venv/lib/python3.11/site-packages/airflow/example_dags/example_setup_teardown.py took 0.111 seconds
[2024-04-26T05:39:28.107-0300] {processor.py:161} INFO - Started process (PID=10234) to work on /home/athlon/projects/airflow/.venv/lib/python3.11/site-packages/airflow/example_dags/example_setup_teardown.py
[2024-04-26T05:39:28.113-0300] {processor.py:830} INFO - Processing file /home/athlon/projects/airflow/.venv/lib/python3.11/site-packages/airflow/example_dags/example_setup_teardown.py for tasks to queue
[2024-04-26T05:39:28.116-0300] {logging_mixin.py:188} INFO - [2024-04-26T05:39:28.115-0300] {dagbag.py:540} INFO - Filling up the DagBag from /home/athlon/projects/airflow/.venv/lib/python3.11/site-packages/airflow/example_dags/example_setup_teardown.py
[2024-04-26T05:39:28.128-0300] {processor.py:840} INFO - DAG(s) 'example_setup_teardown' retrieved from /home/athlon/projects/airflow/.venv/lib/python3.11/site-packages/airflow/example_dags/example_setup_teardown.py
[2024-04-26T05:39:28.155-0300] {logging_mixin.py:188} INFO - [2024-04-26T05:39:28.155-0300] {dag.py:3096} INFO - Sync 1 DAGs
[2024-04-26T05:39:28.183-0300] {logging_mixin.py:188} INFO - [2024-04-26T05:39:28.183-0300] {dag.py:3954} INFO - Setting next_dagrun for example_setup_teardown to 2024-04-25 00:00:00+00:00, run_after=2024-04-26 00:00:00+00:00
[2024-04-26T05:39:28.214-0300] {processor.py:183} INFO - Processing /home/athlon/projects/airflow/.venv/lib/python3.11/site-packages/airflow/example_dags/example_setup_teardown.py took 0.120 seconds
[2024-04-26T05:40:27.485-0300] {processor.py:161} INFO - Started process (PID=10290) to work on /home/athlon/projects/airflow/.venv/lib/python3.11/site-packages/airflow/example_dags/example_setup_teardown.py
[2024-04-26T05:40:27.491-0300] {processor.py:830} INFO - Processing file /home/athlon/projects/airflow/.venv/lib/python3.11/site-packages/airflow/example_dags/example_setup_teardown.py for tasks to queue
[2024-04-26T05:40:27.494-0300] {logging_mixin.py:188} INFO - [2024-04-26T05:40:27.493-0300] {dagbag.py:540} INFO - Filling up the DagBag from /home/athlon/projects/airflow/.venv/lib/python3.11/site-packages/airflow/example_dags/example_setup_teardown.py
[2024-04-26T05:40:27.505-0300] {processor.py:840} INFO - DAG(s) 'example_setup_teardown' retrieved from /home/athlon/projects/airflow/.venv/lib/python3.11/site-packages/airflow/example_dags/example_setup_teardown.py
[2024-04-26T05:40:27.535-0300] {logging_mixin.py:188} INFO - [2024-04-26T05:40:27.534-0300] {dag.py:3096} INFO - Sync 1 DAGs
[2024-04-26T05:40:27.563-0300] {logging_mixin.py:188} INFO - [2024-04-26T05:40:27.563-0300] {dag.py:3954} INFO - Setting next_dagrun for example_setup_teardown to 2024-04-25 00:00:00+00:00, run_after=2024-04-26 00:00:00+00:00
[2024-04-26T05:40:27.593-0300] {processor.py:183} INFO - Processing /home/athlon/projects/airflow/.venv/lib/python3.11/site-packages/airflow/example_dags/example_setup_teardown.py took 0.119 seconds
[2024-04-26T05:41:28.667-0300] {processor.py:161} INFO - Started process (PID=10344) to work on /home/athlon/projects/airflow/.venv/lib/python3.11/site-packages/airflow/example_dags/example_setup_teardown.py
[2024-04-26T05:41:28.673-0300] {processor.py:830} INFO - Processing file /home/athlon/projects/airflow/.venv/lib/python3.11/site-packages/airflow/example_dags/example_setup_teardown.py for tasks to queue
[2024-04-26T05:41:28.675-0300] {logging_mixin.py:188} INFO - [2024-04-26T05:41:28.674-0300] {dagbag.py:540} INFO - Filling up the DagBag from /home/athlon/projects/airflow/.venv/lib/python3.11/site-packages/airflow/example_dags/example_setup_teardown.py
[2024-04-26T05:41:28.684-0300] {processor.py:840} INFO - DAG(s) 'example_setup_teardown' retrieved from /home/athlon/projects/airflow/.venv/lib/python3.11/site-packages/airflow/example_dags/example_setup_teardown.py
[2024-04-26T05:41:28.707-0300] {logging_mixin.py:188} INFO - [2024-04-26T05:41:28.707-0300] {dag.py:3096} INFO - Sync 1 DAGs
[2024-04-26T05:41:28.734-0300] {logging_mixin.py:188} INFO - [2024-04-26T05:41:28.734-0300] {dag.py:3954} INFO - Setting next_dagrun for example_setup_teardown to 2024-04-25 00:00:00+00:00, run_after=2024-04-26 00:00:00+00:00
[2024-04-26T05:41:28.765-0300] {processor.py:183} INFO - Processing /home/athlon/projects/airflow/.venv/lib/python3.11/site-packages/airflow/example_dags/example_setup_teardown.py took 0.106 seconds
[2024-04-26T05:42:30.902-0300] {processor.py:161} INFO - Started process (PID=10397) to work on /home/athlon/projects/airflow/.venv/lib/python3.11/site-packages/airflow/example_dags/example_setup_teardown.py
[2024-04-26T05:42:30.908-0300] {processor.py:830} INFO - Processing file /home/athlon/projects/airflow/.venv/lib/python3.11/site-packages/airflow/example_dags/example_setup_teardown.py for tasks to queue
[2024-04-26T05:42:30.911-0300] {logging_mixin.py:188} INFO - [2024-04-26T05:42:30.910-0300] {dagbag.py:540} INFO - Filling up the DagBag from /home/athlon/projects/airflow/.venv/lib/python3.11/site-packages/airflow/example_dags/example_setup_teardown.py
[2024-04-26T05:42:30.922-0300] {processor.py:840} INFO - DAG(s) 'example_setup_teardown' retrieved from /home/athlon/projects/airflow/.venv/lib/python3.11/site-packages/airflow/example_dags/example_setup_teardown.py
[2024-04-26T05:42:30.948-0300] {logging_mixin.py:188} INFO - [2024-04-26T05:42:30.947-0300] {dag.py:3096} INFO - Sync 1 DAGs
[2024-04-26T05:42:30.975-0300] {logging_mixin.py:188} INFO - [2024-04-26T05:42:30.975-0300] {dag.py:3954} INFO - Setting next_dagrun for example_setup_teardown to 2024-04-25 00:00:00+00:00, run_after=2024-04-26 00:00:00+00:00
[2024-04-26T05:42:31.005-0300] {processor.py:183} INFO - Processing /home/athlon/projects/airflow/.venv/lib/python3.11/site-packages/airflow/example_dags/example_setup_teardown.py took 0.113 seconds
[2024-04-26T05:43:29.602-0300] {processor.py:161} INFO - Started process (PID=10450) to work on /home/athlon/projects/airflow/.venv/lib/python3.11/site-packages/airflow/example_dags/example_setup_teardown.py
[2024-04-26T05:43:29.608-0300] {processor.py:830} INFO - Processing file /home/athlon/projects/airflow/.venv/lib/python3.11/site-packages/airflow/example_dags/example_setup_teardown.py for tasks to queue
[2024-04-26T05:43:29.611-0300] {logging_mixin.py:188} INFO - [2024-04-26T05:43:29.610-0300] {dagbag.py:540} INFO - Filling up the DagBag from /home/athlon/projects/airflow/.venv/lib/python3.11/site-packages/airflow/example_dags/example_setup_teardown.py
[2024-04-26T05:43:29.623-0300] {processor.py:840} INFO - DAG(s) 'example_setup_teardown' retrieved from /home/athlon/projects/airflow/.venv/lib/python3.11/site-packages/airflow/example_dags/example_setup_teardown.py
[2024-04-26T05:43:29.652-0300] {logging_mixin.py:188} INFO - [2024-04-26T05:43:29.651-0300] {dag.py:3096} INFO - Sync 1 DAGs
[2024-04-26T05:43:29.679-0300] {logging_mixin.py:188} INFO - [2024-04-26T05:43:29.679-0300] {dag.py:3954} INFO - Setting next_dagrun for example_setup_teardown to 2024-04-25 00:00:00+00:00, run_after=2024-04-26 00:00:00+00:00
[2024-04-26T05:43:29.709-0300] {processor.py:183} INFO - Processing /home/athlon/projects/airflow/.venv/lib/python3.11/site-packages/airflow/example_dags/example_setup_teardown.py took 0.117 seconds
[2024-04-26T05:44:25.844-0300] {processor.py:161} INFO - Started process (PID=10503) to work on /home/athlon/projects/airflow/.venv/lib/python3.11/site-packages/airflow/example_dags/example_setup_teardown.py
[2024-04-26T05:44:25.850-0300] {processor.py:830} INFO - Processing file /home/athlon/projects/airflow/.venv/lib/python3.11/site-packages/airflow/example_dags/example_setup_teardown.py for tasks to queue
[2024-04-26T05:44:25.853-0300] {logging_mixin.py:188} INFO - [2024-04-26T05:44:25.852-0300] {dagbag.py:540} INFO - Filling up the DagBag from /home/athlon/projects/airflow/.venv/lib/python3.11/site-packages/airflow/example_dags/example_setup_teardown.py
[2024-04-26T05:44:25.864-0300] {processor.py:840} INFO - DAG(s) 'example_setup_teardown' retrieved from /home/athlon/projects/airflow/.venv/lib/python3.11/site-packages/airflow/example_dags/example_setup_teardown.py
[2024-04-26T05:44:25.888-0300] {logging_mixin.py:188} INFO - [2024-04-26T05:44:25.888-0300] {dag.py:3096} INFO - Sync 1 DAGs
[2024-04-26T05:44:25.915-0300] {logging_mixin.py:188} INFO - [2024-04-26T05:44:25.915-0300] {dag.py:3954} INFO - Setting next_dagrun for example_setup_teardown to 2024-04-25 00:00:00+00:00, run_after=2024-04-26 00:00:00+00:00
[2024-04-26T05:44:25.945-0300] {processor.py:183} INFO - Processing /home/athlon/projects/airflow/.venv/lib/python3.11/site-packages/airflow/example_dags/example_setup_teardown.py took 0.111 seconds
[2024-04-26T05:45:22.387-0300] {processor.py:161} INFO - Started process (PID=10553) to work on /home/athlon/projects/airflow/.venv/lib/python3.11/site-packages/airflow/example_dags/example_setup_teardown.py
[2024-04-26T05:45:22.393-0300] {processor.py:830} INFO - Processing file /home/athlon/projects/airflow/.venv/lib/python3.11/site-packages/airflow/example_dags/example_setup_teardown.py for tasks to queue
[2024-04-26T05:45:22.395-0300] {logging_mixin.py:188} INFO - [2024-04-26T05:45:22.395-0300] {dagbag.py:540} INFO - Filling up the DagBag from /home/athlon/projects/airflow/.venv/lib/python3.11/site-packages/airflow/example_dags/example_setup_teardown.py
[2024-04-26T05:45:22.407-0300] {processor.py:840} INFO - DAG(s) 'example_setup_teardown' retrieved from /home/athlon/projects/airflow/.venv/lib/python3.11/site-packages/airflow/example_dags/example_setup_teardown.py
[2024-04-26T05:45:22.432-0300] {logging_mixin.py:188} INFO - [2024-04-26T05:45:22.432-0300] {dag.py:3096} INFO - Sync 1 DAGs
[2024-04-26T05:45:22.465-0300] {logging_mixin.py:188} INFO - [2024-04-26T05:45:22.465-0300] {dag.py:3954} INFO - Setting next_dagrun for example_setup_teardown to 2024-04-25 00:00:00+00:00, run_after=2024-04-26 00:00:00+00:00
[2024-04-26T05:45:22.494-0300] {processor.py:183} INFO - Processing /home/athlon/projects/airflow/.venv/lib/python3.11/site-packages/airflow/example_dags/example_setup_teardown.py took 0.118 seconds
[2024-04-26T05:46:22.663-0300] {processor.py:161} INFO - Started process (PID=10609) to work on /home/athlon/projects/airflow/.venv/lib/python3.11/site-packages/airflow/example_dags/example_setup_teardown.py
[2024-04-26T05:46:22.669-0300] {processor.py:830} INFO - Processing file /home/athlon/projects/airflow/.venv/lib/python3.11/site-packages/airflow/example_dags/example_setup_teardown.py for tasks to queue
[2024-04-26T05:46:22.671-0300] {logging_mixin.py:188} INFO - [2024-04-26T05:46:22.671-0300] {dagbag.py:540} INFO - Filling up the DagBag from /home/athlon/projects/airflow/.venv/lib/python3.11/site-packages/airflow/example_dags/example_setup_teardown.py
[2024-04-26T05:46:22.683-0300] {processor.py:840} INFO - DAG(s) 'example_setup_teardown' retrieved from /home/athlon/projects/airflow/.venv/lib/python3.11/site-packages/airflow/example_dags/example_setup_teardown.py
[2024-04-26T05:46:22.708-0300] {logging_mixin.py:188} INFO - [2024-04-26T05:46:22.708-0300] {dag.py:3096} INFO - Sync 1 DAGs
[2024-04-26T05:46:22.740-0300] {logging_mixin.py:188} INFO - [2024-04-26T05:46:22.740-0300] {dag.py:3954} INFO - Setting next_dagrun for example_setup_teardown to 2024-04-25 00:00:00+00:00, run_after=2024-04-26 00:00:00+00:00
[2024-04-26T05:46:22.770-0300] {processor.py:183} INFO - Processing /home/athlon/projects/airflow/.venv/lib/python3.11/site-packages/airflow/example_dags/example_setup_teardown.py took 0.117 seconds
[2024-04-26T05:47:19.277-0300] {processor.py:161} INFO - Started process (PID=10675) to work on /home/athlon/projects/airflow/.venv/lib/python3.11/site-packages/airflow/example_dags/example_setup_teardown.py
[2024-04-26T05:47:19.282-0300] {processor.py:830} INFO - Processing file /home/athlon/projects/airflow/.venv/lib/python3.11/site-packages/airflow/example_dags/example_setup_teardown.py for tasks to queue
[2024-04-26T05:47:19.284-0300] {logging_mixin.py:188} INFO - [2024-04-26T05:47:19.284-0300] {dagbag.py:540} INFO - Filling up the DagBag from /home/athlon/projects/airflow/.venv/lib/python3.11/site-packages/airflow/example_dags/example_setup_teardown.py
[2024-04-26T05:47:19.294-0300] {processor.py:840} INFO - DAG(s) 'example_setup_teardown' retrieved from /home/athlon/projects/airflow/.venv/lib/python3.11/site-packages/airflow/example_dags/example_setup_teardown.py
[2024-04-26T05:47:19.319-0300] {logging_mixin.py:188} INFO - [2024-04-26T05:47:19.319-0300] {dag.py:3096} INFO - Sync 1 DAGs
[2024-04-26T05:47:19.348-0300] {logging_mixin.py:188} INFO - [2024-04-26T05:47:19.348-0300] {dag.py:3954} INFO - Setting next_dagrun for example_setup_teardown to 2024-04-25 00:00:00+00:00, run_after=2024-04-26 00:00:00+00:00
[2024-04-26T05:47:19.379-0300] {processor.py:183} INFO - Processing /home/athlon/projects/airflow/.venv/lib/python3.11/site-packages/airflow/example_dags/example_setup_teardown.py took 0.110 seconds
[2024-04-26T05:48:13.079-0300] {processor.py:161} INFO - Started process (PID=10750) to work on /home/athlon/projects/airflow/.venv/lib/python3.11/site-packages/airflow/example_dags/example_setup_teardown.py
[2024-04-26T05:48:13.085-0300] {processor.py:830} INFO - Processing file /home/athlon/projects/airflow/.venv/lib/python3.11/site-packages/airflow/example_dags/example_setup_teardown.py for tasks to queue
[2024-04-26T05:48:13.087-0300] {logging_mixin.py:188} INFO - [2024-04-26T05:48:13.087-0300] {dagbag.py:540} INFO - Filling up the DagBag from /home/athlon/projects/airflow/.venv/lib/python3.11/site-packages/airflow/example_dags/example_setup_teardown.py
[2024-04-26T05:48:13.099-0300] {processor.py:840} INFO - DAG(s) 'example_setup_teardown' retrieved from /home/athlon/projects/airflow/.venv/lib/python3.11/site-packages/airflow/example_dags/example_setup_teardown.py
[2024-04-26T05:48:13.126-0300] {logging_mixin.py:188} INFO - [2024-04-26T05:48:13.125-0300] {dag.py:3096} INFO - Sync 1 DAGs
[2024-04-26T05:48:13.154-0300] {logging_mixin.py:188} INFO - [2024-04-26T05:48:13.153-0300] {dag.py:3954} INFO - Setting next_dagrun for example_setup_teardown to 2024-04-25 00:00:00+00:00, run_after=2024-04-26 00:00:00+00:00
[2024-04-26T05:48:13.183-0300] {processor.py:183} INFO - Processing /home/athlon/projects/airflow/.venv/lib/python3.11/site-packages/airflow/example_dags/example_setup_teardown.py took 0.115 seconds
[2024-04-26T05:49:14.454-0300] {processor.py:161} INFO - Started process (PID=10833) to work on /home/athlon/projects/airflow/.venv/lib/python3.11/site-packages/airflow/example_dags/example_setup_teardown.py
[2024-04-26T05:49:14.456-0300] {processor.py:830} INFO - Processing file /home/athlon/projects/airflow/.venv/lib/python3.11/site-packages/airflow/example_dags/example_setup_teardown.py for tasks to queue
[2024-04-26T05:49:14.462-0300] {logging_mixin.py:188} INFO - [2024-04-26T05:49:14.460-0300] {dagbag.py:540} INFO - Filling up the DagBag from /home/athlon/projects/airflow/.venv/lib/python3.11/site-packages/airflow/example_dags/example_setup_teardown.py
[2024-04-26T05:49:14.478-0300] {processor.py:840} INFO - DAG(s) 'example_setup_teardown' retrieved from /home/athlon/projects/airflow/.venv/lib/python3.11/site-packages/airflow/example_dags/example_setup_teardown.py
[2024-04-26T05:49:14.522-0300] {logging_mixin.py:188} INFO - [2024-04-26T05:49:14.521-0300] {dag.py:3096} INFO - Sync 1 DAGs
[2024-04-26T05:49:14.567-0300] {logging_mixin.py:188} INFO - [2024-04-26T05:49:14.567-0300] {dag.py:3954} INFO - Setting next_dagrun for example_setup_teardown to 2024-04-25 00:00:00+00:00, run_after=2024-04-26 00:00:00+00:00
[2024-04-26T05:49:14.616-0300] {processor.py:183} INFO - Processing /home/athlon/projects/airflow/.venv/lib/python3.11/site-packages/airflow/example_dags/example_setup_teardown.py took 0.172 seconds
[2024-04-26T05:50:25.941-0300] {processor.py:161} INFO - Started process (PID=10928) to work on /home/athlon/projects/airflow/.venv/lib/python3.11/site-packages/airflow/example_dags/example_setup_teardown.py
[2024-04-26T05:50:25.948-0300] {processor.py:830} INFO - Processing file /home/athlon/projects/airflow/.venv/lib/python3.11/site-packages/airflow/example_dags/example_setup_teardown.py for tasks to queue
[2024-04-26T05:50:25.951-0300] {logging_mixin.py:188} INFO - [2024-04-26T05:50:25.951-0300] {dagbag.py:540} INFO - Filling up the DagBag from /home/athlon/projects/airflow/.venv/lib/python3.11/site-packages/airflow/example_dags/example_setup_teardown.py
[2024-04-26T05:50:25.966-0300] {processor.py:840} INFO - DAG(s) 'example_setup_teardown' retrieved from /home/athlon/projects/airflow/.venv/lib/python3.11/site-packages/airflow/example_dags/example_setup_teardown.py
[2024-04-26T05:50:26.005-0300] {logging_mixin.py:188} INFO - [2024-04-26T05:50:26.004-0300] {dag.py:3096} INFO - Sync 1 DAGs
[2024-04-26T05:50:26.058-0300] {logging_mixin.py:188} INFO - [2024-04-26T05:50:26.058-0300] {dag.py:3954} INFO - Setting next_dagrun for example_setup_teardown to 2024-04-25 00:00:00+00:00, run_after=2024-04-26 00:00:00+00:00
[2024-04-26T05:50:26.113-0300] {processor.py:183} INFO - Processing /home/athlon/projects/airflow/.venv/lib/python3.11/site-packages/airflow/example_dags/example_setup_teardown.py took 0.186 seconds
[2024-04-26T05:51:56.812-0300] {processor.py:161} INFO - Started process (PID=11016) to work on /home/athlon/projects/airflow/.venv/lib/python3.11/site-packages/airflow/example_dags/example_setup_teardown.py
[2024-04-26T05:51:56.818-0300] {processor.py:830} INFO - Processing file /home/athlon/projects/airflow/.venv/lib/python3.11/site-packages/airflow/example_dags/example_setup_teardown.py for tasks to queue
[2024-04-26T05:51:56.821-0300] {logging_mixin.py:188} INFO - [2024-04-26T05:51:56.820-0300] {dagbag.py:540} INFO - Filling up the DagBag from /home/athlon/projects/airflow/.venv/lib/python3.11/site-packages/airflow/example_dags/example_setup_teardown.py
[2024-04-26T05:51:56.836-0300] {processor.py:840} INFO - DAG(s) 'example_setup_teardown' retrieved from /home/athlon/projects/airflow/.venv/lib/python3.11/site-packages/airflow/example_dags/example_setup_teardown.py
[2024-04-26T05:51:56.868-0300] {logging_mixin.py:188} INFO - [2024-04-26T05:51:56.868-0300] {dag.py:3096} INFO - Sync 1 DAGs
[2024-04-26T05:51:56.905-0300] {logging_mixin.py:188} INFO - [2024-04-26T05:51:56.904-0300] {dag.py:3954} INFO - Setting next_dagrun for example_setup_teardown to 2024-04-25 00:00:00+00:00, run_after=2024-04-26 00:00:00+00:00
[2024-04-26T05:51:56.949-0300] {processor.py:183} INFO - Processing /home/athlon/projects/airflow/.venv/lib/python3.11/site-packages/airflow/example_dags/example_setup_teardown.py took 0.149 seconds
