[2024-04-26T05:28:48.370-0300] {processor.py:161} INFO - Started process (PID=9571) to work on /home/athlon/projects/airflow/.venv/lib/python3.11/site-packages/airflow/example_dags/example_branch_datetime_operator.py
[2024-04-26T05:28:48.371-0300] {processor.py:830} INFO - Processing file /home/athlon/projects/airflow/.venv/lib/python3.11/site-packages/airflow/example_dags/example_branch_datetime_operator.py for tasks to queue
[2024-04-26T05:28:48.374-0300] {logging_mixin.py:188} INFO - [2024-04-26T05:28:48.373-0300] {dagbag.py:540} INFO - Filling up the DagBag from /home/athlon/projects/airflow/.venv/lib/python3.11/site-packages/airflow/example_dags/example_branch_datetime_operator.py
[2024-04-26T05:28:48.390-0300] {processor.py:840} INFO - DAG(s) 'example_branch_datetime_operator', 'example_branch_datetime_operator_2', 'example_branch_datetime_operator_3' retrieved from /home/athlon/projects/airflow/.venv/lib/python3.11/site-packages/airflow/example_dags/example_branch_datetime_operator.py
[2024-04-26T05:28:48.543-0300] {logging_mixin.py:188} INFO - [2024-04-26T05:28:48.543-0300] {override.py:1829} INFO - Created Permission View: can edit on DAG:example_branch_datetime_operator
[2024-04-26T05:28:48.558-0300] {logging_mixin.py:188} INFO - [2024-04-26T05:28:48.557-0300] {override.py:1829} INFO - Created Permission View: can delete on DAG:example_branch_datetime_operator
[2024-04-26T05:28:48.569-0300] {logging_mixin.py:188} INFO - [2024-04-26T05:28:48.568-0300] {override.py:1829} INFO - Created Permission View: can read on DAG:example_branch_datetime_operator
[2024-04-26T05:28:48.590-0300] {logging_mixin.py:188} INFO - [2024-04-26T05:28:48.589-0300] {override.py:1829} INFO - Created Permission View: can edit on DAG:example_branch_datetime_operator_2
[2024-04-26T05:28:48.600-0300] {logging_mixin.py:188} INFO - [2024-04-26T05:28:48.599-0300] {override.py:1829} INFO - Created Permission View: can delete on DAG:example_branch_datetime_operator_2
[2024-04-26T05:28:48.610-0300] {logging_mixin.py:188} INFO - [2024-04-26T05:28:48.609-0300] {override.py:1829} INFO - Created Permission View: can read on DAG:example_branch_datetime_operator_2
[2024-04-26T05:28:48.631-0300] {logging_mixin.py:188} INFO - [2024-04-26T05:28:48.630-0300] {override.py:1829} INFO - Created Permission View: can edit on DAG:example_branch_datetime_operator_3
[2024-04-26T05:28:48.641-0300] {logging_mixin.py:188} INFO - [2024-04-26T05:28:48.640-0300] {override.py:1829} INFO - Created Permission View: can delete on DAG:example_branch_datetime_operator_3
[2024-04-26T05:28:48.652-0300] {logging_mixin.py:188} INFO - [2024-04-26T05:28:48.651-0300] {override.py:1829} INFO - Created Permission View: can read on DAG:example_branch_datetime_operator_3
[2024-04-26T05:28:48.653-0300] {logging_mixin.py:188} INFO - [2024-04-26T05:28:48.652-0300] {dag.py:3096} INFO - Sync 3 DAGs
[2024-04-26T05:28:48.679-0300] {logging_mixin.py:188} INFO - [2024-04-26T05:28:48.678-0300] {dag.py:3118} INFO - Creating ORM DAG for example_branch_datetime_operator
[2024-04-26T05:28:48.680-0300] {logging_mixin.py:188} INFO - [2024-04-26T05:28:48.680-0300] {dag.py:3118} INFO - Creating ORM DAG for example_branch_datetime_operator_2
[2024-04-26T05:28:48.681-0300] {logging_mixin.py:188} INFO - [2024-04-26T05:28:48.681-0300] {dag.py:3118} INFO - Creating ORM DAG for example_branch_datetime_operator_3
[2024-04-26T05:28:48.695-0300] {logging_mixin.py:188} INFO - [2024-04-26T05:28:48.695-0300] {dag.py:3954} INFO - Setting next_dagrun for example_branch_datetime_operator to 2024-04-25 00:00:00+00:00, run_after=2024-04-26 00:00:00+00:00
[2024-04-26T05:28:48.698-0300] {logging_mixin.py:188} INFO - [2024-04-26T05:28:48.698-0300] {dag.py:3954} INFO - Setting next_dagrun for example_branch_datetime_operator_2 to 2024-04-25 00:00:00+00:00, run_after=2024-04-26 00:00:00+00:00
[2024-04-26T05:28:48.701-0300] {logging_mixin.py:188} INFO - [2024-04-26T05:28:48.701-0300] {dag.py:3954} INFO - Setting next_dagrun for example_branch_datetime_operator_3 to 2024-04-25 00:00:00+00:00, run_after=2024-04-26 00:00:00+00:00
[2024-04-26T05:28:48.727-0300] {processor.py:183} INFO - Processing /home/athlon/projects/airflow/.venv/lib/python3.11/site-packages/airflow/example_dags/example_branch_datetime_operator.py took 0.365 seconds
[2024-04-26T05:29:57.215-0300] {processor.py:161} INFO - Started process (PID=9661) to work on /home/athlon/projects/airflow/.venv/lib/python3.11/site-packages/airflow/example_dags/example_branch_datetime_operator.py
[2024-04-26T05:29:57.220-0300] {processor.py:830} INFO - Processing file /home/athlon/projects/airflow/.venv/lib/python3.11/site-packages/airflow/example_dags/example_branch_datetime_operator.py for tasks to queue
[2024-04-26T05:29:57.223-0300] {logging_mixin.py:188} INFO - [2024-04-26T05:29:57.222-0300] {dagbag.py:540} INFO - Filling up the DagBag from /home/athlon/projects/airflow/.venv/lib/python3.11/site-packages/airflow/example_dags/example_branch_datetime_operator.py
[2024-04-26T05:29:57.242-0300] {processor.py:840} INFO - DAG(s) 'example_branch_datetime_operator', 'example_branch_datetime_operator_2', 'example_branch_datetime_operator_3' retrieved from /home/athlon/projects/airflow/.venv/lib/python3.11/site-packages/airflow/example_dags/example_branch_datetime_operator.py
[2024-04-26T05:29:57.274-0300] {logging_mixin.py:188} INFO - [2024-04-26T05:29:57.273-0300] {dag.py:3096} INFO - Sync 3 DAGs
[2024-04-26T05:29:57.304-0300] {logging_mixin.py:188} INFO - [2024-04-26T05:29:57.304-0300] {dag.py:3954} INFO - Setting next_dagrun for example_branch_datetime_operator to 2024-04-25 00:00:00+00:00, run_after=2024-04-26 00:00:00+00:00
[2024-04-26T05:29:57.311-0300] {logging_mixin.py:188} INFO - [2024-04-26T05:29:57.311-0300] {dag.py:3954} INFO - Setting next_dagrun for example_branch_datetime_operator_2 to 2024-04-25 00:00:00+00:00, run_after=2024-04-26 00:00:00+00:00
[2024-04-26T05:29:57.315-0300] {logging_mixin.py:188} INFO - [2024-04-26T05:29:57.314-0300] {dag.py:3954} INFO - Setting next_dagrun for example_branch_datetime_operator_3 to 2024-04-25 00:00:00+00:00, run_after=2024-04-26 00:00:00+00:00
[2024-04-26T05:29:57.342-0300] {processor.py:183} INFO - Processing /home/athlon/projects/airflow/.venv/lib/python3.11/site-packages/airflow/example_dags/example_branch_datetime_operator.py took 0.138 seconds
[2024-04-26T05:30:57.377-0300] {processor.py:161} INFO - Started process (PID=9715) to work on /home/athlon/projects/airflow/.venv/lib/python3.11/site-packages/airflow/example_dags/example_branch_datetime_operator.py
[2024-04-26T05:30:57.382-0300] {processor.py:830} INFO - Processing file /home/athlon/projects/airflow/.venv/lib/python3.11/site-packages/airflow/example_dags/example_branch_datetime_operator.py for tasks to queue
[2024-04-26T05:30:57.385-0300] {logging_mixin.py:188} INFO - [2024-04-26T05:30:57.384-0300] {dagbag.py:540} INFO - Filling up the DagBag from /home/athlon/projects/airflow/.venv/lib/python3.11/site-packages/airflow/example_dags/example_branch_datetime_operator.py
[2024-04-26T05:30:57.403-0300] {processor.py:840} INFO - DAG(s) 'example_branch_datetime_operator_2', 'example_branch_datetime_operator_3', 'example_branch_datetime_operator' retrieved from /home/athlon/projects/airflow/.venv/lib/python3.11/site-packages/airflow/example_dags/example_branch_datetime_operator.py
[2024-04-26T05:30:57.433-0300] {logging_mixin.py:188} INFO - [2024-04-26T05:30:57.433-0300] {dag.py:3096} INFO - Sync 3 DAGs
[2024-04-26T05:30:57.463-0300] {logging_mixin.py:188} INFO - [2024-04-26T05:30:57.462-0300] {dag.py:3954} INFO - Setting next_dagrun for example_branch_datetime_operator to 2024-04-25 00:00:00+00:00, run_after=2024-04-26 00:00:00+00:00
[2024-04-26T05:30:57.469-0300] {logging_mixin.py:188} INFO - [2024-04-26T05:30:57.469-0300] {dag.py:3954} INFO - Setting next_dagrun for example_branch_datetime_operator_2 to 2024-04-25 00:00:00+00:00, run_after=2024-04-26 00:00:00+00:00
[2024-04-26T05:30:57.473-0300] {logging_mixin.py:188} INFO - [2024-04-26T05:30:57.472-0300] {dag.py:3954} INFO - Setting next_dagrun for example_branch_datetime_operator_3 to 2024-04-25 00:00:00+00:00, run_after=2024-04-26 00:00:00+00:00
[2024-04-26T05:30:57.501-0300] {processor.py:183} INFO - Processing /home/athlon/projects/airflow/.venv/lib/python3.11/site-packages/airflow/example_dags/example_branch_datetime_operator.py took 0.134 seconds
[2024-04-26T05:31:54.419-0300] {processor.py:161} INFO - Started process (PID=9771) to work on /home/athlon/projects/airflow/.venv/lib/python3.11/site-packages/airflow/example_dags/example_branch_datetime_operator.py
[2024-04-26T05:31:54.425-0300] {processor.py:830} INFO - Processing file /home/athlon/projects/airflow/.venv/lib/python3.11/site-packages/airflow/example_dags/example_branch_datetime_operator.py for tasks to queue
[2024-04-26T05:31:54.427-0300] {logging_mixin.py:188} INFO - [2024-04-26T05:31:54.427-0300] {dagbag.py:540} INFO - Filling up the DagBag from /home/athlon/projects/airflow/.venv/lib/python3.11/site-packages/airflow/example_dags/example_branch_datetime_operator.py
[2024-04-26T05:31:54.446-0300] {processor.py:840} INFO - DAG(s) 'example_branch_datetime_operator_2', 'example_branch_datetime_operator', 'example_branch_datetime_operator_3' retrieved from /home/athlon/projects/airflow/.venv/lib/python3.11/site-packages/airflow/example_dags/example_branch_datetime_operator.py
[2024-04-26T05:31:54.482-0300] {logging_mixin.py:188} INFO - [2024-04-26T05:31:54.481-0300] {dag.py:3096} INFO - Sync 3 DAGs
[2024-04-26T05:31:54.511-0300] {logging_mixin.py:188} INFO - [2024-04-26T05:31:54.511-0300] {dag.py:3954} INFO - Setting next_dagrun for example_branch_datetime_operator to 2024-04-25 00:00:00+00:00, run_after=2024-04-26 00:00:00+00:00
[2024-04-26T05:31:54.518-0300] {logging_mixin.py:188} INFO - [2024-04-26T05:31:54.518-0300] {dag.py:3954} INFO - Setting next_dagrun for example_branch_datetime_operator_2 to 2024-04-25 00:00:00+00:00, run_after=2024-04-26 00:00:00+00:00
[2024-04-26T05:31:54.522-0300] {logging_mixin.py:188} INFO - [2024-04-26T05:31:54.521-0300] {dag.py:3954} INFO - Setting next_dagrun for example_branch_datetime_operator_3 to 2024-04-25 00:00:00+00:00, run_after=2024-04-26 00:00:00+00:00
[2024-04-26T05:31:54.552-0300] {processor.py:183} INFO - Processing /home/athlon/projects/airflow/.venv/lib/python3.11/site-packages/airflow/example_dags/example_branch_datetime_operator.py took 0.143 seconds
[2024-04-26T05:32:54.133-0300] {processor.py:161} INFO - Started process (PID=9826) to work on /home/athlon/projects/airflow/.venv/lib/python3.11/site-packages/airflow/example_dags/example_branch_datetime_operator.py
[2024-04-26T05:32:54.138-0300] {processor.py:830} INFO - Processing file /home/athlon/projects/airflow/.venv/lib/python3.11/site-packages/airflow/example_dags/example_branch_datetime_operator.py for tasks to queue
[2024-04-26T05:32:54.141-0300] {logging_mixin.py:188} INFO - [2024-04-26T05:32:54.140-0300] {dagbag.py:540} INFO - Filling up the DagBag from /home/athlon/projects/airflow/.venv/lib/python3.11/site-packages/airflow/example_dags/example_branch_datetime_operator.py
[2024-04-26T05:32:54.158-0300] {processor.py:840} INFO - DAG(s) 'example_branch_datetime_operator', 'example_branch_datetime_operator_3', 'example_branch_datetime_operator_2' retrieved from /home/athlon/projects/airflow/.venv/lib/python3.11/site-packages/airflow/example_dags/example_branch_datetime_operator.py
[2024-04-26T05:32:54.193-0300] {logging_mixin.py:188} INFO - [2024-04-26T05:32:54.193-0300] {dag.py:3096} INFO - Sync 3 DAGs
[2024-04-26T05:32:54.224-0300] {logging_mixin.py:188} INFO - [2024-04-26T05:32:54.223-0300] {dag.py:3954} INFO - Setting next_dagrun for example_branch_datetime_operator to 2024-04-25 00:00:00+00:00, run_after=2024-04-26 00:00:00+00:00
[2024-04-26T05:32:54.231-0300] {logging_mixin.py:188} INFO - [2024-04-26T05:32:54.231-0300] {dag.py:3954} INFO - Setting next_dagrun for example_branch_datetime_operator_2 to 2024-04-25 00:00:00+00:00, run_after=2024-04-26 00:00:00+00:00
[2024-04-26T05:32:54.235-0300] {logging_mixin.py:188} INFO - [2024-04-26T05:32:54.234-0300] {dag.py:3954} INFO - Setting next_dagrun for example_branch_datetime_operator_3 to 2024-04-25 00:00:00+00:00, run_after=2024-04-26 00:00:00+00:00
[2024-04-26T05:32:54.265-0300] {processor.py:183} INFO - Processing /home/athlon/projects/airflow/.venv/lib/python3.11/site-packages/airflow/example_dags/example_branch_datetime_operator.py took 0.142 seconds
[2024-04-26T05:33:54.706-0300] {processor.py:161} INFO - Started process (PID=9880) to work on /home/athlon/projects/airflow/.venv/lib/python3.11/site-packages/airflow/example_dags/example_branch_datetime_operator.py
[2024-04-26T05:33:54.712-0300] {processor.py:830} INFO - Processing file /home/athlon/projects/airflow/.venv/lib/python3.11/site-packages/airflow/example_dags/example_branch_datetime_operator.py for tasks to queue
[2024-04-26T05:33:54.714-0300] {logging_mixin.py:188} INFO - [2024-04-26T05:33:54.714-0300] {dagbag.py:540} INFO - Filling up the DagBag from /home/athlon/projects/airflow/.venv/lib/python3.11/site-packages/airflow/example_dags/example_branch_datetime_operator.py
[2024-04-26T05:33:54.738-0300] {processor.py:840} INFO - DAG(s) 'example_branch_datetime_operator_3', 'example_branch_datetime_operator_2', 'example_branch_datetime_operator' retrieved from /home/athlon/projects/airflow/.venv/lib/python3.11/site-packages/airflow/example_dags/example_branch_datetime_operator.py
[2024-04-26T05:33:54.897-0300] {logging_mixin.py:188} INFO - [2024-04-26T05:33:54.896-0300] {dag.py:3096} INFO - Sync 3 DAGs
[2024-04-26T05:33:54.922-0300] {logging_mixin.py:188} INFO - [2024-04-26T05:33:54.922-0300] {dag.py:3954} INFO - Setting next_dagrun for example_branch_datetime_operator to 2024-04-25 00:00:00+00:00, run_after=2024-04-26 00:00:00+00:00
[2024-04-26T05:33:54.929-0300] {logging_mixin.py:188} INFO - [2024-04-26T05:33:54.928-0300] {dag.py:3954} INFO - Setting next_dagrun for example_branch_datetime_operator_2 to 2024-04-25 00:00:00+00:00, run_after=2024-04-26 00:00:00+00:00
[2024-04-26T05:33:54.932-0300] {logging_mixin.py:188} INFO - [2024-04-26T05:33:54.932-0300] {dag.py:3954} INFO - Setting next_dagrun for example_branch_datetime_operator_3 to 2024-04-25 00:00:00+00:00, run_after=2024-04-26 00:00:00+00:00
[2024-04-26T05:33:54.961-0300] {processor.py:183} INFO - Processing /home/athlon/projects/airflow/.venv/lib/python3.11/site-packages/airflow/example_dags/example_branch_datetime_operator.py took 0.266 seconds
[2024-04-26T05:34:50.734-0300] {processor.py:161} INFO - Started process (PID=9948) to work on /home/athlon/projects/airflow/.venv/lib/python3.11/site-packages/airflow/example_dags/example_branch_datetime_operator.py
[2024-04-26T05:34:50.740-0300] {processor.py:830} INFO - Processing file /home/athlon/projects/airflow/.venv/lib/python3.11/site-packages/airflow/example_dags/example_branch_datetime_operator.py for tasks to queue
[2024-04-26T05:34:50.742-0300] {logging_mixin.py:188} INFO - [2024-04-26T05:34:50.742-0300] {dagbag.py:540} INFO - Filling up the DagBag from /home/athlon/projects/airflow/.venv/lib/python3.11/site-packages/airflow/example_dags/example_branch_datetime_operator.py
[2024-04-26T05:34:50.762-0300] {processor.py:840} INFO - DAG(s) 'example_branch_datetime_operator_3', 'example_branch_datetime_operator_2', 'example_branch_datetime_operator' retrieved from /home/athlon/projects/airflow/.venv/lib/python3.11/site-packages/airflow/example_dags/example_branch_datetime_operator.py
[2024-04-26T05:34:50.795-0300] {logging_mixin.py:188} INFO - [2024-04-26T05:34:50.795-0300] {dag.py:3096} INFO - Sync 3 DAGs
[2024-04-26T05:34:50.825-0300] {logging_mixin.py:188} INFO - [2024-04-26T05:34:50.825-0300] {dag.py:3954} INFO - Setting next_dagrun for example_branch_datetime_operator to 2024-04-25 00:00:00+00:00, run_after=2024-04-26 00:00:00+00:00
[2024-04-26T05:34:50.833-0300] {logging_mixin.py:188} INFO - [2024-04-26T05:34:50.832-0300] {dag.py:3954} INFO - Setting next_dagrun for example_branch_datetime_operator_2 to 2024-04-25 00:00:00+00:00, run_after=2024-04-26 00:00:00+00:00
[2024-04-26T05:34:50.836-0300] {logging_mixin.py:188} INFO - [2024-04-26T05:34:50.836-0300] {dag.py:3954} INFO - Setting next_dagrun for example_branch_datetime_operator_3 to 2024-04-25 00:00:00+00:00, run_after=2024-04-26 00:00:00+00:00
[2024-04-26T05:34:50.867-0300] {processor.py:183} INFO - Processing /home/athlon/projects/airflow/.venv/lib/python3.11/site-packages/airflow/example_dags/example_branch_datetime_operator.py took 0.143 seconds
[2024-04-26T05:35:47.518-0300] {processor.py:161} INFO - Started process (PID=9999) to work on /home/athlon/projects/airflow/.venv/lib/python3.11/site-packages/airflow/example_dags/example_branch_datetime_operator.py
[2024-04-26T05:35:47.524-0300] {processor.py:830} INFO - Processing file /home/athlon/projects/airflow/.venv/lib/python3.11/site-packages/airflow/example_dags/example_branch_datetime_operator.py for tasks to queue
[2024-04-26T05:35:47.527-0300] {logging_mixin.py:188} INFO - [2024-04-26T05:35:47.526-0300] {dagbag.py:540} INFO - Filling up the DagBag from /home/athlon/projects/airflow/.venv/lib/python3.11/site-packages/airflow/example_dags/example_branch_datetime_operator.py
[2024-04-26T05:35:47.545-0300] {processor.py:840} INFO - DAG(s) 'example_branch_datetime_operator_3', 'example_branch_datetime_operator_2', 'example_branch_datetime_operator' retrieved from /home/athlon/projects/airflow/.venv/lib/python3.11/site-packages/airflow/example_dags/example_branch_datetime_operator.py
[2024-04-26T05:35:47.576-0300] {logging_mixin.py:188} INFO - [2024-04-26T05:35:47.575-0300] {dag.py:3096} INFO - Sync 3 DAGs
[2024-04-26T05:35:47.607-0300] {logging_mixin.py:188} INFO - [2024-04-26T05:35:47.607-0300] {dag.py:3954} INFO - Setting next_dagrun for example_branch_datetime_operator to 2024-04-25 00:00:00+00:00, run_after=2024-04-26 00:00:00+00:00
[2024-04-26T05:35:47.615-0300] {logging_mixin.py:188} INFO - [2024-04-26T05:35:47.614-0300] {dag.py:3954} INFO - Setting next_dagrun for example_branch_datetime_operator_2 to 2024-04-25 00:00:00+00:00, run_after=2024-04-26 00:00:00+00:00
[2024-04-26T05:35:47.622-0300] {logging_mixin.py:188} INFO - [2024-04-26T05:35:47.622-0300] {dag.py:3954} INFO - Setting next_dagrun for example_branch_datetime_operator_3 to 2024-04-25 00:00:00+00:00, run_after=2024-04-26 00:00:00+00:00
[2024-04-26T05:35:47.655-0300] {processor.py:183} INFO - Processing /home/athlon/projects/airflow/.venv/lib/python3.11/site-packages/airflow/example_dags/example_branch_datetime_operator.py took 0.146 seconds
[2024-04-26T05:36:42.437-0300] {processor.py:161} INFO - Started process (PID=10050) to work on /home/athlon/projects/airflow/.venv/lib/python3.11/site-packages/airflow/example_dags/example_branch_datetime_operator.py
[2024-04-26T05:36:42.439-0300] {processor.py:830} INFO - Processing file /home/athlon/projects/airflow/.venv/lib/python3.11/site-packages/airflow/example_dags/example_branch_datetime_operator.py for tasks to queue
[2024-04-26T05:36:42.442-0300] {logging_mixin.py:188} INFO - [2024-04-26T05:36:42.441-0300] {dagbag.py:540} INFO - Filling up the DagBag from /home/athlon/projects/airflow/.venv/lib/python3.11/site-packages/airflow/example_dags/example_branch_datetime_operator.py
[2024-04-26T05:36:42.465-0300] {processor.py:840} INFO - DAG(s) 'example_branch_datetime_operator_2', 'example_branch_datetime_operator', 'example_branch_datetime_operator_3' retrieved from /home/athlon/projects/airflow/.venv/lib/python3.11/site-packages/airflow/example_dags/example_branch_datetime_operator.py
[2024-04-26T05:36:42.499-0300] {logging_mixin.py:188} INFO - [2024-04-26T05:36:42.498-0300] {dag.py:3096} INFO - Sync 3 DAGs
[2024-04-26T05:36:42.528-0300] {logging_mixin.py:188} INFO - [2024-04-26T05:36:42.528-0300] {dag.py:3954} INFO - Setting next_dagrun for example_branch_datetime_operator to 2024-04-25 00:00:00+00:00, run_after=2024-04-26 00:00:00+00:00
[2024-04-26T05:36:42.535-0300] {logging_mixin.py:188} INFO - [2024-04-26T05:36:42.535-0300] {dag.py:3954} INFO - Setting next_dagrun for example_branch_datetime_operator_2 to 2024-04-25 00:00:00+00:00, run_after=2024-04-26 00:00:00+00:00
[2024-04-26T05:36:42.540-0300] {logging_mixin.py:188} INFO - [2024-04-26T05:36:42.540-0300] {dag.py:3954} INFO - Setting next_dagrun for example_branch_datetime_operator_3 to 2024-04-25 00:00:00+00:00, run_after=2024-04-26 00:00:00+00:00
[2024-04-26T05:36:42.573-0300] {processor.py:183} INFO - Processing /home/athlon/projects/airflow/.venv/lib/python3.11/site-packages/airflow/example_dags/example_branch_datetime_operator.py took 0.147 seconds
[2024-04-26T05:37:39.038-0300] {processor.py:161} INFO - Started process (PID=10106) to work on /home/athlon/projects/airflow/.venv/lib/python3.11/site-packages/airflow/example_dags/example_branch_datetime_operator.py
[2024-04-26T05:37:39.044-0300] {processor.py:830} INFO - Processing file /home/athlon/projects/airflow/.venv/lib/python3.11/site-packages/airflow/example_dags/example_branch_datetime_operator.py for tasks to queue
[2024-04-26T05:37:39.047-0300] {logging_mixin.py:188} INFO - [2024-04-26T05:37:39.046-0300] {dagbag.py:540} INFO - Filling up the DagBag from /home/athlon/projects/airflow/.venv/lib/python3.11/site-packages/airflow/example_dags/example_branch_datetime_operator.py
[2024-04-26T05:37:39.065-0300] {processor.py:840} INFO - DAG(s) 'example_branch_datetime_operator', 'example_branch_datetime_operator_2', 'example_branch_datetime_operator_3' retrieved from /home/athlon/projects/airflow/.venv/lib/python3.11/site-packages/airflow/example_dags/example_branch_datetime_operator.py
[2024-04-26T05:37:39.097-0300] {logging_mixin.py:188} INFO - [2024-04-26T05:37:39.097-0300] {dag.py:3096} INFO - Sync 3 DAGs
[2024-04-26T05:37:39.127-0300] {logging_mixin.py:188} INFO - [2024-04-26T05:37:39.127-0300] {dag.py:3954} INFO - Setting next_dagrun for example_branch_datetime_operator to 2024-04-25 00:00:00+00:00, run_after=2024-04-26 00:00:00+00:00
[2024-04-26T05:37:39.134-0300] {logging_mixin.py:188} INFO - [2024-04-26T05:37:39.134-0300] {dag.py:3954} INFO - Setting next_dagrun for example_branch_datetime_operator_2 to 2024-04-25 00:00:00+00:00, run_after=2024-04-26 00:00:00+00:00
[2024-04-26T05:37:39.138-0300] {logging_mixin.py:188} INFO - [2024-04-26T05:37:39.137-0300] {dag.py:3954} INFO - Setting next_dagrun for example_branch_datetime_operator_3 to 2024-04-25 00:00:00+00:00, run_after=2024-04-26 00:00:00+00:00
[2024-04-26T05:37:39.179-0300] {processor.py:183} INFO - Processing /home/athlon/projects/airflow/.venv/lib/python3.11/site-packages/airflow/example_dags/example_branch_datetime_operator.py took 0.152 seconds
[2024-04-26T05:38:37.016-0300] {processor.py:161} INFO - Started process (PID=10157) to work on /home/athlon/projects/airflow/.venv/lib/python3.11/site-packages/airflow/example_dags/example_branch_datetime_operator.py
[2024-04-26T05:38:37.022-0300] {processor.py:830} INFO - Processing file /home/athlon/projects/airflow/.venv/lib/python3.11/site-packages/airflow/example_dags/example_branch_datetime_operator.py for tasks to queue
[2024-04-26T05:38:37.025-0300] {logging_mixin.py:188} INFO - [2024-04-26T05:38:37.024-0300] {dagbag.py:540} INFO - Filling up the DagBag from /home/athlon/projects/airflow/.venv/lib/python3.11/site-packages/airflow/example_dags/example_branch_datetime_operator.py
[2024-04-26T05:38:37.043-0300] {processor.py:840} INFO - DAG(s) 'example_branch_datetime_operator_2', 'example_branch_datetime_operator_3', 'example_branch_datetime_operator' retrieved from /home/athlon/projects/airflow/.venv/lib/python3.11/site-packages/airflow/example_dags/example_branch_datetime_operator.py
[2024-04-26T05:38:37.075-0300] {logging_mixin.py:188} INFO - [2024-04-26T05:38:37.075-0300] {dag.py:3096} INFO - Sync 3 DAGs
[2024-04-26T05:38:37.105-0300] {logging_mixin.py:188} INFO - [2024-04-26T05:38:37.105-0300] {dag.py:3954} INFO - Setting next_dagrun for example_branch_datetime_operator to 2024-04-25 00:00:00+00:00, run_after=2024-04-26 00:00:00+00:00
[2024-04-26T05:38:37.112-0300] {logging_mixin.py:188} INFO - [2024-04-26T05:38:37.111-0300] {dag.py:3954} INFO - Setting next_dagrun for example_branch_datetime_operator_2 to 2024-04-25 00:00:00+00:00, run_after=2024-04-26 00:00:00+00:00
[2024-04-26T05:38:37.115-0300] {logging_mixin.py:188} INFO - [2024-04-26T05:38:37.115-0300] {dag.py:3954} INFO - Setting next_dagrun for example_branch_datetime_operator_3 to 2024-04-25 00:00:00+00:00, run_after=2024-04-26 00:00:00+00:00
[2024-04-26T05:38:37.146-0300] {processor.py:183} INFO - Processing /home/athlon/projects/airflow/.venv/lib/python3.11/site-packages/airflow/example_dags/example_branch_datetime_operator.py took 0.142 seconds
[2024-04-26T05:39:38.015-0300] {processor.py:161} INFO - Started process (PID=10242) to work on /home/athlon/projects/airflow/.venv/lib/python3.11/site-packages/airflow/example_dags/example_branch_datetime_operator.py
[2024-04-26T05:39:38.021-0300] {processor.py:830} INFO - Processing file /home/athlon/projects/airflow/.venv/lib/python3.11/site-packages/airflow/example_dags/example_branch_datetime_operator.py for tasks to queue
[2024-04-26T05:39:38.023-0300] {logging_mixin.py:188} INFO - [2024-04-26T05:39:38.023-0300] {dagbag.py:540} INFO - Filling up the DagBag from /home/athlon/projects/airflow/.venv/lib/python3.11/site-packages/airflow/example_dags/example_branch_datetime_operator.py
[2024-04-26T05:39:38.041-0300] {processor.py:840} INFO - DAG(s) 'example_branch_datetime_operator_2', 'example_branch_datetime_operator', 'example_branch_datetime_operator_3' retrieved from /home/athlon/projects/airflow/.venv/lib/python3.11/site-packages/airflow/example_dags/example_branch_datetime_operator.py
[2024-04-26T05:39:38.073-0300] {logging_mixin.py:188} INFO - [2024-04-26T05:39:38.073-0300] {dag.py:3096} INFO - Sync 3 DAGs
[2024-04-26T05:39:38.103-0300] {logging_mixin.py:188} INFO - [2024-04-26T05:39:38.103-0300] {dag.py:3954} INFO - Setting next_dagrun for example_branch_datetime_operator to 2024-04-25 00:00:00+00:00, run_after=2024-04-26 00:00:00+00:00
[2024-04-26T05:39:38.110-0300] {logging_mixin.py:188} INFO - [2024-04-26T05:39:38.110-0300] {dag.py:3954} INFO - Setting next_dagrun for example_branch_datetime_operator_2 to 2024-04-25 00:00:00+00:00, run_after=2024-04-26 00:00:00+00:00
[2024-04-26T05:39:38.114-0300] {logging_mixin.py:188} INFO - [2024-04-26T05:39:38.114-0300] {dag.py:3954} INFO - Setting next_dagrun for example_branch_datetime_operator_3 to 2024-04-25 00:00:00+00:00, run_after=2024-04-26 00:00:00+00:00
[2024-04-26T05:39:38.145-0300] {processor.py:183} INFO - Processing /home/athlon/projects/airflow/.venv/lib/python3.11/site-packages/airflow/example_dags/example_branch_datetime_operator.py took 0.144 seconds
[2024-04-26T05:40:37.656-0300] {processor.py:161} INFO - Started process (PID=10298) to work on /home/athlon/projects/airflow/.venv/lib/python3.11/site-packages/airflow/example_dags/example_branch_datetime_operator.py
[2024-04-26T05:40:37.662-0300] {processor.py:830} INFO - Processing file /home/athlon/projects/airflow/.venv/lib/python3.11/site-packages/airflow/example_dags/example_branch_datetime_operator.py for tasks to queue
[2024-04-26T05:40:37.665-0300] {logging_mixin.py:188} INFO - [2024-04-26T05:40:37.664-0300] {dagbag.py:540} INFO - Filling up the DagBag from /home/athlon/projects/airflow/.venv/lib/python3.11/site-packages/airflow/example_dags/example_branch_datetime_operator.py
[2024-04-26T05:40:37.683-0300] {processor.py:840} INFO - DAG(s) 'example_branch_datetime_operator_2', 'example_branch_datetime_operator', 'example_branch_datetime_operator_3' retrieved from /home/athlon/projects/airflow/.venv/lib/python3.11/site-packages/airflow/example_dags/example_branch_datetime_operator.py
[2024-04-26T05:40:37.715-0300] {logging_mixin.py:188} INFO - [2024-04-26T05:40:37.715-0300] {dag.py:3096} INFO - Sync 3 DAGs
[2024-04-26T05:40:37.747-0300] {logging_mixin.py:188} INFO - [2024-04-26T05:40:37.746-0300] {dag.py:3954} INFO - Setting next_dagrun for example_branch_datetime_operator to 2024-04-25 00:00:00+00:00, run_after=2024-04-26 00:00:00+00:00
[2024-04-26T05:40:37.753-0300] {logging_mixin.py:188} INFO - [2024-04-26T05:40:37.753-0300] {dag.py:3954} INFO - Setting next_dagrun for example_branch_datetime_operator_2 to 2024-04-25 00:00:00+00:00, run_after=2024-04-26 00:00:00+00:00
[2024-04-26T05:40:37.758-0300] {logging_mixin.py:188} INFO - [2024-04-26T05:40:37.758-0300] {dag.py:3954} INFO - Setting next_dagrun for example_branch_datetime_operator_3 to 2024-04-25 00:00:00+00:00, run_after=2024-04-26 00:00:00+00:00
[2024-04-26T05:40:37.791-0300] {processor.py:183} INFO - Processing /home/athlon/projects/airflow/.venv/lib/python3.11/site-packages/airflow/example_dags/example_branch_datetime_operator.py took 0.146 seconds
[2024-04-26T05:41:37.858-0300] {processor.py:161} INFO - Started process (PID=10352) to work on /home/athlon/projects/airflow/.venv/lib/python3.11/site-packages/airflow/example_dags/example_branch_datetime_operator.py
[2024-04-26T05:41:37.864-0300] {processor.py:830} INFO - Processing file /home/athlon/projects/airflow/.venv/lib/python3.11/site-packages/airflow/example_dags/example_branch_datetime_operator.py for tasks to queue
[2024-04-26T05:41:37.866-0300] {logging_mixin.py:188} INFO - [2024-04-26T05:41:37.866-0300] {dagbag.py:540} INFO - Filling up the DagBag from /home/athlon/projects/airflow/.venv/lib/python3.11/site-packages/airflow/example_dags/example_branch_datetime_operator.py
[2024-04-26T05:41:37.885-0300] {processor.py:840} INFO - DAG(s) 'example_branch_datetime_operator', 'example_branch_datetime_operator_2', 'example_branch_datetime_operator_3' retrieved from /home/athlon/projects/airflow/.venv/lib/python3.11/site-packages/airflow/example_dags/example_branch_datetime_operator.py
[2024-04-26T05:41:37.916-0300] {logging_mixin.py:188} INFO - [2024-04-26T05:41:37.916-0300] {dag.py:3096} INFO - Sync 3 DAGs
[2024-04-26T05:41:37.949-0300] {logging_mixin.py:188} INFO - [2024-04-26T05:41:37.949-0300] {dag.py:3954} INFO - Setting next_dagrun for example_branch_datetime_operator to 2024-04-25 00:00:00+00:00, run_after=2024-04-26 00:00:00+00:00
[2024-04-26T05:41:37.956-0300] {logging_mixin.py:188} INFO - [2024-04-26T05:41:37.956-0300] {dag.py:3954} INFO - Setting next_dagrun for example_branch_datetime_operator_2 to 2024-04-25 00:00:00+00:00, run_after=2024-04-26 00:00:00+00:00
[2024-04-26T05:41:37.960-0300] {logging_mixin.py:188} INFO - [2024-04-26T05:41:37.959-0300] {dag.py:3954} INFO - Setting next_dagrun for example_branch_datetime_operator_3 to 2024-04-25 00:00:00+00:00, run_after=2024-04-26 00:00:00+00:00
[2024-04-26T05:41:37.991-0300] {processor.py:183} INFO - Processing /home/athlon/projects/airflow/.venv/lib/python3.11/site-packages/airflow/example_dags/example_branch_datetime_operator.py took 0.144 seconds
[2024-04-26T05:42:40.756-0300] {processor.py:161} INFO - Started process (PID=10405) to work on /home/athlon/projects/airflow/.venv/lib/python3.11/site-packages/airflow/example_dags/example_branch_datetime_operator.py
[2024-04-26T05:42:40.761-0300] {processor.py:830} INFO - Processing file /home/athlon/projects/airflow/.venv/lib/python3.11/site-packages/airflow/example_dags/example_branch_datetime_operator.py for tasks to queue
[2024-04-26T05:42:40.764-0300] {logging_mixin.py:188} INFO - [2024-04-26T05:42:40.763-0300] {dagbag.py:540} INFO - Filling up the DagBag from /home/athlon/projects/airflow/.venv/lib/python3.11/site-packages/airflow/example_dags/example_branch_datetime_operator.py
[2024-04-26T05:42:40.783-0300] {processor.py:840} INFO - DAG(s) 'example_branch_datetime_operator', 'example_branch_datetime_operator_2', 'example_branch_datetime_operator_3' retrieved from /home/athlon/projects/airflow/.venv/lib/python3.11/site-packages/airflow/example_dags/example_branch_datetime_operator.py
[2024-04-26T05:42:40.814-0300] {logging_mixin.py:188} INFO - [2024-04-26T05:42:40.814-0300] {dag.py:3096} INFO - Sync 3 DAGs
[2024-04-26T05:42:40.844-0300] {logging_mixin.py:188} INFO - [2024-04-26T05:42:40.844-0300] {dag.py:3954} INFO - Setting next_dagrun for example_branch_datetime_operator to 2024-04-25 00:00:00+00:00, run_after=2024-04-26 00:00:00+00:00
[2024-04-26T05:42:40.851-0300] {logging_mixin.py:188} INFO - [2024-04-26T05:42:40.851-0300] {dag.py:3954} INFO - Setting next_dagrun for example_branch_datetime_operator_2 to 2024-04-25 00:00:00+00:00, run_after=2024-04-26 00:00:00+00:00
[2024-04-26T05:42:40.855-0300] {logging_mixin.py:188} INFO - [2024-04-26T05:42:40.854-0300] {dag.py:3954} INFO - Setting next_dagrun for example_branch_datetime_operator_3 to 2024-04-25 00:00:00+00:00, run_after=2024-04-26 00:00:00+00:00
[2024-04-26T05:42:40.885-0300] {processor.py:183} INFO - Processing /home/athlon/projects/airflow/.venv/lib/python3.11/site-packages/airflow/example_dags/example_branch_datetime_operator.py took 0.140 seconds
[2024-04-26T05:43:40.029-0300] {processor.py:161} INFO - Started process (PID=10458) to work on /home/athlon/projects/airflow/.venv/lib/python3.11/site-packages/airflow/example_dags/example_branch_datetime_operator.py
[2024-04-26T05:43:40.031-0300] {processor.py:830} INFO - Processing file /home/athlon/projects/airflow/.venv/lib/python3.11/site-packages/airflow/example_dags/example_branch_datetime_operator.py for tasks to queue
[2024-04-26T05:43:40.034-0300] {logging_mixin.py:188} INFO - [2024-04-26T05:43:40.033-0300] {dagbag.py:540} INFO - Filling up the DagBag from /home/athlon/projects/airflow/.venv/lib/python3.11/site-packages/airflow/example_dags/example_branch_datetime_operator.py
[2024-04-26T05:43:40.052-0300] {processor.py:840} INFO - DAG(s) 'example_branch_datetime_operator', 'example_branch_datetime_operator_3', 'example_branch_datetime_operator_2' retrieved from /home/athlon/projects/airflow/.venv/lib/python3.11/site-packages/airflow/example_dags/example_branch_datetime_operator.py
[2024-04-26T05:43:40.083-0300] {logging_mixin.py:188} INFO - [2024-04-26T05:43:40.083-0300] {dag.py:3096} INFO - Sync 3 DAGs
[2024-04-26T05:43:40.113-0300] {logging_mixin.py:188} INFO - [2024-04-26T05:43:40.113-0300] {dag.py:3954} INFO - Setting next_dagrun for example_branch_datetime_operator to 2024-04-25 00:00:00+00:00, run_after=2024-04-26 00:00:00+00:00
[2024-04-26T05:43:40.120-0300] {logging_mixin.py:188} INFO - [2024-04-26T05:43:40.120-0300] {dag.py:3954} INFO - Setting next_dagrun for example_branch_datetime_operator_2 to 2024-04-25 00:00:00+00:00, run_after=2024-04-26 00:00:00+00:00
[2024-04-26T05:43:40.123-0300] {logging_mixin.py:188} INFO - [2024-04-26T05:43:40.123-0300] {dag.py:3954} INFO - Setting next_dagrun for example_branch_datetime_operator_3 to 2024-04-25 00:00:00+00:00, run_after=2024-04-26 00:00:00+00:00
[2024-04-26T05:43:40.149-0300] {processor.py:183} INFO - Processing /home/athlon/projects/airflow/.venv/lib/python3.11/site-packages/airflow/example_dags/example_branch_datetime_operator.py took 0.130 seconds
[2024-04-26T05:44:35.204-0300] {processor.py:161} INFO - Started process (PID=10511) to work on /home/athlon/projects/airflow/.venv/lib/python3.11/site-packages/airflow/example_dags/example_branch_datetime_operator.py
[2024-04-26T05:44:35.210-0300] {processor.py:830} INFO - Processing file /home/athlon/projects/airflow/.venv/lib/python3.11/site-packages/airflow/example_dags/example_branch_datetime_operator.py for tasks to queue
[2024-04-26T05:44:35.212-0300] {logging_mixin.py:188} INFO - [2024-04-26T05:44:35.212-0300] {dagbag.py:540} INFO - Filling up the DagBag from /home/athlon/projects/airflow/.venv/lib/python3.11/site-packages/airflow/example_dags/example_branch_datetime_operator.py
[2024-04-26T05:44:35.237-0300] {processor.py:840} INFO - DAG(s) 'example_branch_datetime_operator', 'example_branch_datetime_operator_2', 'example_branch_datetime_operator_3' retrieved from /home/athlon/projects/airflow/.venv/lib/python3.11/site-packages/airflow/example_dags/example_branch_datetime_operator.py
[2024-04-26T05:44:35.268-0300] {logging_mixin.py:188} INFO - [2024-04-26T05:44:35.267-0300] {dag.py:3096} INFO - Sync 3 DAGs
[2024-04-26T05:44:35.298-0300] {logging_mixin.py:188} INFO - [2024-04-26T05:44:35.298-0300] {dag.py:3954} INFO - Setting next_dagrun for example_branch_datetime_operator to 2024-04-25 00:00:00+00:00, run_after=2024-04-26 00:00:00+00:00
[2024-04-26T05:44:35.305-0300] {logging_mixin.py:188} INFO - [2024-04-26T05:44:35.305-0300] {dag.py:3954} INFO - Setting next_dagrun for example_branch_datetime_operator_2 to 2024-04-25 00:00:00+00:00, run_after=2024-04-26 00:00:00+00:00
[2024-04-26T05:44:35.309-0300] {logging_mixin.py:188} INFO - [2024-04-26T05:44:35.308-0300] {dag.py:3954} INFO - Setting next_dagrun for example_branch_datetime_operator_3 to 2024-04-25 00:00:00+00:00, run_after=2024-04-26 00:00:00+00:00
[2024-04-26T05:44:35.339-0300] {processor.py:183} INFO - Processing /home/athlon/projects/airflow/.venv/lib/python3.11/site-packages/airflow/example_dags/example_branch_datetime_operator.py took 0.146 seconds
[2024-04-26T05:45:31.840-0300] {processor.py:161} INFO - Started process (PID=10561) to work on /home/athlon/projects/airflow/.venv/lib/python3.11/site-packages/airflow/example_dags/example_branch_datetime_operator.py
[2024-04-26T05:45:31.846-0300] {processor.py:830} INFO - Processing file /home/athlon/projects/airflow/.venv/lib/python3.11/site-packages/airflow/example_dags/example_branch_datetime_operator.py for tasks to queue
[2024-04-26T05:45:31.848-0300] {logging_mixin.py:188} INFO - [2024-04-26T05:45:31.848-0300] {dagbag.py:540} INFO - Filling up the DagBag from /home/athlon/projects/airflow/.venv/lib/python3.11/site-packages/airflow/example_dags/example_branch_datetime_operator.py
[2024-04-26T05:45:31.867-0300] {processor.py:840} INFO - DAG(s) 'example_branch_datetime_operator', 'example_branch_datetime_operator_2', 'example_branch_datetime_operator_3' retrieved from /home/athlon/projects/airflow/.venv/lib/python3.11/site-packages/airflow/example_dags/example_branch_datetime_operator.py
[2024-04-26T05:45:31.899-0300] {logging_mixin.py:188} INFO - [2024-04-26T05:45:31.898-0300] {dag.py:3096} INFO - Sync 3 DAGs
[2024-04-26T05:45:31.929-0300] {logging_mixin.py:188} INFO - [2024-04-26T05:45:31.929-0300] {dag.py:3954} INFO - Setting next_dagrun for example_branch_datetime_operator to 2024-04-25 00:00:00+00:00, run_after=2024-04-26 00:00:00+00:00
[2024-04-26T05:45:31.936-0300] {logging_mixin.py:188} INFO - [2024-04-26T05:45:31.936-0300] {dag.py:3954} INFO - Setting next_dagrun for example_branch_datetime_operator_2 to 2024-04-25 00:00:00+00:00, run_after=2024-04-26 00:00:00+00:00
[2024-04-26T05:45:31.939-0300] {logging_mixin.py:188} INFO - [2024-04-26T05:45:31.939-0300] {dag.py:3954} INFO - Setting next_dagrun for example_branch_datetime_operator_3 to 2024-04-25 00:00:00+00:00, run_after=2024-04-26 00:00:00+00:00
[2024-04-26T05:45:31.974-0300] {processor.py:183} INFO - Processing /home/athlon/projects/airflow/.venv/lib/python3.11/site-packages/airflow/example_dags/example_branch_datetime_operator.py took 0.145 seconds
[2024-04-26T05:46:31.664-0300] {processor.py:161} INFO - Started process (PID=10617) to work on /home/athlon/projects/airflow/.venv/lib/python3.11/site-packages/airflow/example_dags/example_branch_datetime_operator.py
[2024-04-26T05:46:31.670-0300] {processor.py:830} INFO - Processing file /home/athlon/projects/airflow/.venv/lib/python3.11/site-packages/airflow/example_dags/example_branch_datetime_operator.py for tasks to queue
[2024-04-26T05:46:31.672-0300] {logging_mixin.py:188} INFO - [2024-04-26T05:46:31.672-0300] {dagbag.py:540} INFO - Filling up the DagBag from /home/athlon/projects/airflow/.venv/lib/python3.11/site-packages/airflow/example_dags/example_branch_datetime_operator.py
[2024-04-26T05:46:31.691-0300] {processor.py:840} INFO - DAG(s) 'example_branch_datetime_operator_2', 'example_branch_datetime_operator_3', 'example_branch_datetime_operator' retrieved from /home/athlon/projects/airflow/.venv/lib/python3.11/site-packages/airflow/example_dags/example_branch_datetime_operator.py
[2024-04-26T05:46:31.725-0300] {logging_mixin.py:188} INFO - [2024-04-26T05:46:31.724-0300] {dag.py:3096} INFO - Sync 3 DAGs
[2024-04-26T05:46:31.757-0300] {logging_mixin.py:188} INFO - [2024-04-26T05:46:31.757-0300] {dag.py:3954} INFO - Setting next_dagrun for example_branch_datetime_operator to 2024-04-25 00:00:00+00:00, run_after=2024-04-26 00:00:00+00:00
[2024-04-26T05:46:31.764-0300] {logging_mixin.py:188} INFO - [2024-04-26T05:46:31.764-0300] {dag.py:3954} INFO - Setting next_dagrun for example_branch_datetime_operator_2 to 2024-04-25 00:00:00+00:00, run_after=2024-04-26 00:00:00+00:00
[2024-04-26T05:46:31.768-0300] {logging_mixin.py:188} INFO - [2024-04-26T05:46:31.767-0300] {dag.py:3954} INFO - Setting next_dagrun for example_branch_datetime_operator_3 to 2024-04-25 00:00:00+00:00, run_after=2024-04-26 00:00:00+00:00
[2024-04-26T05:46:31.798-0300] {processor.py:183} INFO - Processing /home/athlon/projects/airflow/.venv/lib/python3.11/site-packages/airflow/example_dags/example_branch_datetime_operator.py took 0.145 seconds
[2024-04-26T05:47:28.418-0300] {processor.py:161} INFO - Started process (PID=10688) to work on /home/athlon/projects/airflow/.venv/lib/python3.11/site-packages/airflow/example_dags/example_branch_datetime_operator.py
[2024-04-26T05:47:28.424-0300] {processor.py:830} INFO - Processing file /home/athlon/projects/airflow/.venv/lib/python3.11/site-packages/airflow/example_dags/example_branch_datetime_operator.py for tasks to queue
[2024-04-26T05:47:28.426-0300] {logging_mixin.py:188} INFO - [2024-04-26T05:47:28.426-0300] {dagbag.py:540} INFO - Filling up the DagBag from /home/athlon/projects/airflow/.venv/lib/python3.11/site-packages/airflow/example_dags/example_branch_datetime_operator.py
[2024-04-26T05:47:28.445-0300] {processor.py:840} INFO - DAG(s) 'example_branch_datetime_operator_2', 'example_branch_datetime_operator_3', 'example_branch_datetime_operator' retrieved from /home/athlon/projects/airflow/.venv/lib/python3.11/site-packages/airflow/example_dags/example_branch_datetime_operator.py
[2024-04-26T05:47:28.477-0300] {logging_mixin.py:188} INFO - [2024-04-26T05:47:28.476-0300] {dag.py:3096} INFO - Sync 3 DAGs
[2024-04-26T05:47:28.508-0300] {logging_mixin.py:188} INFO - [2024-04-26T05:47:28.507-0300] {dag.py:3954} INFO - Setting next_dagrun for example_branch_datetime_operator to 2024-04-25 00:00:00+00:00, run_after=2024-04-26 00:00:00+00:00
[2024-04-26T05:47:28.515-0300] {logging_mixin.py:188} INFO - [2024-04-26T05:47:28.515-0300] {dag.py:3954} INFO - Setting next_dagrun for example_branch_datetime_operator_2 to 2024-04-25 00:00:00+00:00, run_after=2024-04-26 00:00:00+00:00
[2024-04-26T05:47:28.518-0300] {logging_mixin.py:188} INFO - [2024-04-26T05:47:28.518-0300] {dag.py:3954} INFO - Setting next_dagrun for example_branch_datetime_operator_3 to 2024-04-25 00:00:00+00:00, run_after=2024-04-26 00:00:00+00:00
[2024-04-26T05:47:28.549-0300] {processor.py:183} INFO - Processing /home/athlon/projects/airflow/.venv/lib/python3.11/site-packages/airflow/example_dags/example_branch_datetime_operator.py took 0.142 seconds
[2024-04-26T05:48:23.343-0300] {processor.py:161} INFO - Started process (PID=10758) to work on /home/athlon/projects/airflow/.venv/lib/python3.11/site-packages/airflow/example_dags/example_branch_datetime_operator.py
[2024-04-26T05:48:23.349-0300] {processor.py:830} INFO - Processing file /home/athlon/projects/airflow/.venv/lib/python3.11/site-packages/airflow/example_dags/example_branch_datetime_operator.py for tasks to queue
[2024-04-26T05:48:23.352-0300] {logging_mixin.py:188} INFO - [2024-04-26T05:48:23.351-0300] {dagbag.py:540} INFO - Filling up the DagBag from /home/athlon/projects/airflow/.venv/lib/python3.11/site-packages/airflow/example_dags/example_branch_datetime_operator.py
[2024-04-26T05:48:23.370-0300] {processor.py:840} INFO - DAG(s) 'example_branch_datetime_operator', 'example_branch_datetime_operator_2', 'example_branch_datetime_operator_3' retrieved from /home/athlon/projects/airflow/.venv/lib/python3.11/site-packages/airflow/example_dags/example_branch_datetime_operator.py
[2024-04-26T05:48:23.407-0300] {logging_mixin.py:188} INFO - [2024-04-26T05:48:23.407-0300] {dag.py:3096} INFO - Sync 3 DAGs
[2024-04-26T05:48:23.439-0300] {logging_mixin.py:188} INFO - [2024-04-26T05:48:23.439-0300] {dag.py:3954} INFO - Setting next_dagrun for example_branch_datetime_operator to 2024-04-25 00:00:00+00:00, run_after=2024-04-26 00:00:00+00:00
[2024-04-26T05:48:23.446-0300] {logging_mixin.py:188} INFO - [2024-04-26T05:48:23.446-0300] {dag.py:3954} INFO - Setting next_dagrun for example_branch_datetime_operator_2 to 2024-04-25 00:00:00+00:00, run_after=2024-04-26 00:00:00+00:00
[2024-04-26T05:48:23.449-0300] {logging_mixin.py:188} INFO - [2024-04-26T05:48:23.449-0300] {dag.py:3954} INFO - Setting next_dagrun for example_branch_datetime_operator_3 to 2024-04-25 00:00:00+00:00, run_after=2024-04-26 00:00:00+00:00
[2024-04-26T05:48:23.475-0300] {processor.py:183} INFO - Processing /home/athlon/projects/airflow/.venv/lib/python3.11/site-packages/airflow/example_dags/example_branch_datetime_operator.py took 0.142 seconds
[2024-04-26T05:49:24.693-0300] {processor.py:161} INFO - Started process (PID=10845) to work on /home/athlon/projects/airflow/.venv/lib/python3.11/site-packages/airflow/example_dags/example_branch_datetime_operator.py
[2024-04-26T05:49:24.697-0300] {processor.py:830} INFO - Processing file /home/athlon/projects/airflow/.venv/lib/python3.11/site-packages/airflow/example_dags/example_branch_datetime_operator.py for tasks to queue
[2024-04-26T05:49:24.700-0300] {logging_mixin.py:188} INFO - [2024-04-26T05:49:24.699-0300] {dagbag.py:540} INFO - Filling up the DagBag from /home/athlon/projects/airflow/.venv/lib/python3.11/site-packages/airflow/example_dags/example_branch_datetime_operator.py
[2024-04-26T05:49:24.736-0300] {processor.py:840} INFO - DAG(s) 'example_branch_datetime_operator', 'example_branch_datetime_operator_2', 'example_branch_datetime_operator_3' retrieved from /home/athlon/projects/airflow/.venv/lib/python3.11/site-packages/airflow/example_dags/example_branch_datetime_operator.py
[2024-04-26T05:49:24.783-0300] {logging_mixin.py:188} INFO - [2024-04-26T05:49:24.783-0300] {dag.py:3096} INFO - Sync 3 DAGs
[2024-04-26T05:49:24.820-0300] {logging_mixin.py:188} INFO - [2024-04-26T05:49:24.819-0300] {dag.py:3954} INFO - Setting next_dagrun for example_branch_datetime_operator to 2024-04-25 00:00:00+00:00, run_after=2024-04-26 00:00:00+00:00
[2024-04-26T05:49:24.827-0300] {logging_mixin.py:188} INFO - [2024-04-26T05:49:24.827-0300] {dag.py:3954} INFO - Setting next_dagrun for example_branch_datetime_operator_2 to 2024-04-25 00:00:00+00:00, run_after=2024-04-26 00:00:00+00:00
[2024-04-26T05:49:24.830-0300] {logging_mixin.py:188} INFO - [2024-04-26T05:49:24.830-0300] {dag.py:3954} INFO - Setting next_dagrun for example_branch_datetime_operator_3 to 2024-04-25 00:00:00+00:00, run_after=2024-04-26 00:00:00+00:00
[2024-04-26T05:49:24.857-0300] {processor.py:183} INFO - Processing /home/athlon/projects/airflow/.venv/lib/python3.11/site-packages/airflow/example_dags/example_branch_datetime_operator.py took 0.183 seconds
[2024-04-26T05:50:35.524-0300] {processor.py:161} INFO - Started process (PID=10936) to work on /home/athlon/projects/airflow/.venv/lib/python3.11/site-packages/airflow/example_dags/example_branch_datetime_operator.py
[2024-04-26T05:50:35.526-0300] {processor.py:830} INFO - Processing file /home/athlon/projects/airflow/.venv/lib/python3.11/site-packages/airflow/example_dags/example_branch_datetime_operator.py for tasks to queue
[2024-04-26T05:50:35.530-0300] {logging_mixin.py:188} INFO - [2024-04-26T05:50:35.529-0300] {dagbag.py:540} INFO - Filling up the DagBag from /home/athlon/projects/airflow/.venv/lib/python3.11/site-packages/airflow/example_dags/example_branch_datetime_operator.py
[2024-04-26T05:50:35.570-0300] {processor.py:840} INFO - DAG(s) 'example_branch_datetime_operator_3', 'example_branch_datetime_operator_2', 'example_branch_datetime_operator' retrieved from /home/athlon/projects/airflow/.venv/lib/python3.11/site-packages/airflow/example_dags/example_branch_datetime_operator.py
[2024-04-26T05:50:35.650-0300] {logging_mixin.py:188} INFO - [2024-04-26T05:50:35.649-0300] {dag.py:3096} INFO - Sync 3 DAGs
[2024-04-26T05:50:35.717-0300] {logging_mixin.py:188} INFO - [2024-04-26T05:50:35.716-0300] {dag.py:3954} INFO - Setting next_dagrun for example_branch_datetime_operator to 2024-04-25 00:00:00+00:00, run_after=2024-04-26 00:00:00+00:00
[2024-04-26T05:50:35.729-0300] {logging_mixin.py:188} INFO - [2024-04-26T05:50:35.728-0300] {dag.py:3954} INFO - Setting next_dagrun for example_branch_datetime_operator_2 to 2024-04-25 00:00:00+00:00, run_after=2024-04-26 00:00:00+00:00
[2024-04-26T05:50:35.736-0300] {logging_mixin.py:188} INFO - [2024-04-26T05:50:35.735-0300] {dag.py:3954} INFO - Setting next_dagrun for example_branch_datetime_operator_3 to 2024-04-25 00:00:00+00:00, run_after=2024-04-26 00:00:00+00:00
[2024-04-26T05:50:35.789-0300] {processor.py:183} INFO - Processing /home/athlon/projects/airflow/.venv/lib/python3.11/site-packages/airflow/example_dags/example_branch_datetime_operator.py took 0.279 seconds
[2024-04-26T05:52:05.935-0300] {processor.py:161} INFO - Started process (PID=11024) to work on /home/athlon/projects/airflow/.venv/lib/python3.11/site-packages/airflow/example_dags/example_branch_datetime_operator.py
[2024-04-26T05:52:05.940-0300] {processor.py:830} INFO - Processing file /home/athlon/projects/airflow/.venv/lib/python3.11/site-packages/airflow/example_dags/example_branch_datetime_operator.py for tasks to queue
[2024-04-26T05:52:05.943-0300] {logging_mixin.py:188} INFO - [2024-04-26T05:52:05.942-0300] {dagbag.py:540} INFO - Filling up the DagBag from /home/athlon/projects/airflow/.venv/lib/python3.11/site-packages/airflow/example_dags/example_branch_datetime_operator.py
[2024-04-26T05:52:05.967-0300] {processor.py:840} INFO - DAG(s) 'example_branch_datetime_operator_3', 'example_branch_datetime_operator', 'example_branch_datetime_operator_2' retrieved from /home/athlon/projects/airflow/.venv/lib/python3.11/site-packages/airflow/example_dags/example_branch_datetime_operator.py
[2024-04-26T05:52:06.005-0300] {logging_mixin.py:188} INFO - [2024-04-26T05:52:06.005-0300] {dag.py:3096} INFO - Sync 3 DAGs
[2024-04-26T05:52:06.044-0300] {logging_mixin.py:188} INFO - [2024-04-26T05:52:06.044-0300] {dag.py:3954} INFO - Setting next_dagrun for example_branch_datetime_operator to 2024-04-25 00:00:00+00:00, run_after=2024-04-26 00:00:00+00:00
[2024-04-26T05:52:06.055-0300] {logging_mixin.py:188} INFO - [2024-04-26T05:52:06.054-0300] {dag.py:3954} INFO - Setting next_dagrun for example_branch_datetime_operator_2 to 2024-04-25 00:00:00+00:00, run_after=2024-04-26 00:00:00+00:00
[2024-04-26T05:52:06.058-0300] {logging_mixin.py:188} INFO - [2024-04-26T05:52:06.058-0300] {dag.py:3954} INFO - Setting next_dagrun for example_branch_datetime_operator_3 to 2024-04-25 00:00:00+00:00, run_after=2024-04-26 00:00:00+00:00
[2024-04-26T05:52:06.100-0300] {processor.py:183} INFO - Processing /home/athlon/projects/airflow/.venv/lib/python3.11/site-packages/airflow/example_dags/example_branch_datetime_operator.py took 0.177 seconds
