[2024-04-26T05:28:44.384-0300] {processor.py:161} INFO - Started process (PID=9565) to work on /home/athlon/projects/airflow/.venv/lib/python3.11/site-packages/airflow/example_dags/example_branch_labels.py
[2024-04-26T05:28:44.386-0300] {processor.py:830} INFO - Processing file /home/athlon/projects/airflow/.venv/lib/python3.11/site-packages/airflow/example_dags/example_branch_labels.py for tasks to queue
[2024-04-26T05:28:44.390-0300] {logging_mixin.py:188} INFO - [2024-04-26T05:28:44.389-0300] {dagbag.py:540} INFO - Filling up the DagBag from /home/athlon/projects/airflow/.venv/lib/python3.11/site-packages/airflow/example_dags/example_branch_labels.py
[2024-04-26T05:28:44.413-0300] {processor.py:840} INFO - DAG(s) 'example_branch_labels' retrieved from /home/athlon/projects/airflow/.venv/lib/python3.11/site-packages/airflow/example_dags/example_branch_labels.py
[2024-04-26T05:28:44.667-0300] {logging_mixin.py:188} INFO - [2024-04-26T05:28:44.666-0300] {override.py:1829} INFO - Created Permission View: can edit on DAG:example_branch_labels
[2024-04-26T05:28:44.694-0300] {logging_mixin.py:188} INFO - [2024-04-26T05:28:44.694-0300] {override.py:1829} INFO - Created Permission View: can delete on DAG:example_branch_labels
[2024-04-26T05:28:44.713-0300] {logging_mixin.py:188} INFO - [2024-04-26T05:28:44.712-0300] {override.py:1829} INFO - Created Permission View: can read on DAG:example_branch_labels
[2024-04-26T05:28:44.714-0300] {logging_mixin.py:188} INFO - [2024-04-26T05:28:44.714-0300] {dag.py:3096} INFO - Sync 1 DAGs
[2024-04-26T05:28:44.736-0300] {logging_mixin.py:188} INFO - [2024-04-26T05:28:44.735-0300] {dag.py:3118} INFO - Creating ORM DAG for example_branch_labels
[2024-04-26T05:28:44.757-0300] {logging_mixin.py:188} INFO - [2024-04-26T05:28:44.756-0300] {dag.py:3954} INFO - Setting next_dagrun for example_branch_labels to 2024-04-25 00:00:00+00:00, run_after=2024-04-26 00:00:00+00:00
[2024-04-26T05:28:44.790-0300] {processor.py:183} INFO - Processing /home/athlon/projects/airflow/.venv/lib/python3.11/site-packages/airflow/example_dags/example_branch_labels.py took 0.421 seconds
[2024-04-26T05:29:55.800-0300] {processor.py:161} INFO - Started process (PID=9658) to work on /home/athlon/projects/airflow/.venv/lib/python3.11/site-packages/airflow/example_dags/example_branch_labels.py
[2024-04-26T05:29:55.807-0300] {processor.py:830} INFO - Processing file /home/athlon/projects/airflow/.venv/lib/python3.11/site-packages/airflow/example_dags/example_branch_labels.py for tasks to queue
[2024-04-26T05:29:55.809-0300] {logging_mixin.py:188} INFO - [2024-04-26T05:29:55.809-0300] {dagbag.py:540} INFO - Filling up the DagBag from /home/athlon/projects/airflow/.venv/lib/python3.11/site-packages/airflow/example_dags/example_branch_labels.py
[2024-04-26T05:29:55.823-0300] {processor.py:840} INFO - DAG(s) 'example_branch_labels' retrieved from /home/athlon/projects/airflow/.venv/lib/python3.11/site-packages/airflow/example_dags/example_branch_labels.py
[2024-04-26T05:29:55.848-0300] {logging_mixin.py:188} INFO - [2024-04-26T05:29:55.848-0300] {dag.py:3096} INFO - Sync 1 DAGs
[2024-04-26T05:29:55.878-0300] {logging_mixin.py:188} INFO - [2024-04-26T05:29:55.878-0300] {dag.py:3954} INFO - Setting next_dagrun for example_branch_labels to 2024-04-25 00:00:00+00:00, run_after=2024-04-26 00:00:00+00:00
[2024-04-26T05:29:55.907-0300] {processor.py:183} INFO - Processing /home/athlon/projects/airflow/.venv/lib/python3.11/site-packages/airflow/example_dags/example_branch_labels.py took 0.118 seconds
[2024-04-26T05:30:53.880-0300] {processor.py:161} INFO - Started process (PID=9712) to work on /home/athlon/projects/airflow/.venv/lib/python3.11/site-packages/airflow/example_dags/example_branch_labels.py
[2024-04-26T05:30:53.885-0300] {processor.py:830} INFO - Processing file /home/athlon/projects/airflow/.venv/lib/python3.11/site-packages/airflow/example_dags/example_branch_labels.py for tasks to queue
[2024-04-26T05:30:53.888-0300] {logging_mixin.py:188} INFO - [2024-04-26T05:30:53.887-0300] {dagbag.py:540} INFO - Filling up the DagBag from /home/athlon/projects/airflow/.venv/lib/python3.11/site-packages/airflow/example_dags/example_branch_labels.py
[2024-04-26T05:30:53.900-0300] {processor.py:840} INFO - DAG(s) 'example_branch_labels' retrieved from /home/athlon/projects/airflow/.venv/lib/python3.11/site-packages/airflow/example_dags/example_branch_labels.py
[2024-04-26T05:30:53.923-0300] {logging_mixin.py:188} INFO - [2024-04-26T05:30:53.923-0300] {dag.py:3096} INFO - Sync 1 DAGs
[2024-04-26T05:30:53.951-0300] {logging_mixin.py:188} INFO - [2024-04-26T05:30:53.951-0300] {dag.py:3954} INFO - Setting next_dagrun for example_branch_labels to 2024-04-25 00:00:00+00:00, run_after=2024-04-26 00:00:00+00:00
[2024-04-26T05:30:53.981-0300] {processor.py:183} INFO - Processing /home/athlon/projects/airflow/.venv/lib/python3.11/site-packages/airflow/example_dags/example_branch_labels.py took 0.110 seconds
[2024-04-26T05:31:51.142-0300] {processor.py:161} INFO - Started process (PID=9768) to work on /home/athlon/projects/airflow/.venv/lib/python3.11/site-packages/airflow/example_dags/example_branch_labels.py
[2024-04-26T05:31:51.147-0300] {processor.py:830} INFO - Processing file /home/athlon/projects/airflow/.venv/lib/python3.11/site-packages/airflow/example_dags/example_branch_labels.py for tasks to queue
[2024-04-26T05:31:51.150-0300] {logging_mixin.py:188} INFO - [2024-04-26T05:31:51.149-0300] {dagbag.py:540} INFO - Filling up the DagBag from /home/athlon/projects/airflow/.venv/lib/python3.11/site-packages/airflow/example_dags/example_branch_labels.py
[2024-04-26T05:31:51.162-0300] {processor.py:840} INFO - DAG(s) 'example_branch_labels' retrieved from /home/athlon/projects/airflow/.venv/lib/python3.11/site-packages/airflow/example_dags/example_branch_labels.py
[2024-04-26T05:31:51.187-0300] {logging_mixin.py:188} INFO - [2024-04-26T05:31:51.187-0300] {dag.py:3096} INFO - Sync 1 DAGs
[2024-04-26T05:31:51.216-0300] {logging_mixin.py:188} INFO - [2024-04-26T05:31:51.215-0300] {dag.py:3954} INFO - Setting next_dagrun for example_branch_labels to 2024-04-25 00:00:00+00:00, run_after=2024-04-26 00:00:00+00:00
[2024-04-26T05:31:51.244-0300] {processor.py:183} INFO - Processing /home/athlon/projects/airflow/.venv/lib/python3.11/site-packages/airflow/example_dags/example_branch_labels.py took 0.113 seconds
[2024-04-26T05:32:50.786-0300] {processor.py:161} INFO - Started process (PID=9823) to work on /home/athlon/projects/airflow/.venv/lib/python3.11/site-packages/airflow/example_dags/example_branch_labels.py
[2024-04-26T05:32:50.791-0300] {processor.py:830} INFO - Processing file /home/athlon/projects/airflow/.venv/lib/python3.11/site-packages/airflow/example_dags/example_branch_labels.py for tasks to queue
[2024-04-26T05:32:50.794-0300] {logging_mixin.py:188} INFO - [2024-04-26T05:32:50.793-0300] {dagbag.py:540} INFO - Filling up the DagBag from /home/athlon/projects/airflow/.venv/lib/python3.11/site-packages/airflow/example_dags/example_branch_labels.py
[2024-04-26T05:32:50.806-0300] {processor.py:840} INFO - DAG(s) 'example_branch_labels' retrieved from /home/athlon/projects/airflow/.venv/lib/python3.11/site-packages/airflow/example_dags/example_branch_labels.py
[2024-04-26T05:32:50.830-0300] {logging_mixin.py:188} INFO - [2024-04-26T05:32:50.830-0300] {dag.py:3096} INFO - Sync 1 DAGs
[2024-04-26T05:32:50.859-0300] {logging_mixin.py:188} INFO - [2024-04-26T05:32:50.858-0300] {dag.py:3954} INFO - Setting next_dagrun for example_branch_labels to 2024-04-25 00:00:00+00:00, run_after=2024-04-26 00:00:00+00:00
[2024-04-26T05:32:50.887-0300] {processor.py:183} INFO - Processing /home/athlon/projects/airflow/.venv/lib/python3.11/site-packages/airflow/example_dags/example_branch_labels.py took 0.112 seconds
[2024-04-26T05:33:51.659-0300] {processor.py:161} INFO - Started process (PID=9877) to work on /home/athlon/projects/airflow/.venv/lib/python3.11/site-packages/airflow/example_dags/example_branch_labels.py
[2024-04-26T05:33:51.664-0300] {processor.py:830} INFO - Processing file /home/athlon/projects/airflow/.venv/lib/python3.11/site-packages/airflow/example_dags/example_branch_labels.py for tasks to queue
[2024-04-26T05:33:51.667-0300] {logging_mixin.py:188} INFO - [2024-04-26T05:33:51.667-0300] {dagbag.py:540} INFO - Filling up the DagBag from /home/athlon/projects/airflow/.venv/lib/python3.11/site-packages/airflow/example_dags/example_branch_labels.py
[2024-04-26T05:33:51.680-0300] {processor.py:840} INFO - DAG(s) 'example_branch_labels' retrieved from /home/athlon/projects/airflow/.venv/lib/python3.11/site-packages/airflow/example_dags/example_branch_labels.py
[2024-04-26T05:33:51.838-0300] {logging_mixin.py:188} INFO - [2024-04-26T05:33:51.838-0300] {dag.py:3096} INFO - Sync 1 DAGs
[2024-04-26T05:33:51.863-0300] {logging_mixin.py:188} INFO - [2024-04-26T05:33:51.862-0300] {dag.py:3954} INFO - Setting next_dagrun for example_branch_labels to 2024-04-25 00:00:00+00:00, run_after=2024-04-26 00:00:00+00:00
[2024-04-26T05:33:51.893-0300] {processor.py:183} INFO - Processing /home/athlon/projects/airflow/.venv/lib/python3.11/site-packages/airflow/example_dags/example_branch_labels.py took 0.245 seconds
[2024-04-26T05:34:47.319-0300] {processor.py:161} INFO - Started process (PID=9945) to work on /home/athlon/projects/airflow/.venv/lib/python3.11/site-packages/airflow/example_dags/example_branch_labels.py
[2024-04-26T05:34:47.324-0300] {processor.py:830} INFO - Processing file /home/athlon/projects/airflow/.venv/lib/python3.11/site-packages/airflow/example_dags/example_branch_labels.py for tasks to queue
[2024-04-26T05:34:47.327-0300] {logging_mixin.py:188} INFO - [2024-04-26T05:34:47.326-0300] {dagbag.py:540} INFO - Filling up the DagBag from /home/athlon/projects/airflow/.venv/lib/python3.11/site-packages/airflow/example_dags/example_branch_labels.py
[2024-04-26T05:34:47.341-0300] {processor.py:840} INFO - DAG(s) 'example_branch_labels' retrieved from /home/athlon/projects/airflow/.venv/lib/python3.11/site-packages/airflow/example_dags/example_branch_labels.py
[2024-04-26T05:34:47.366-0300] {logging_mixin.py:188} INFO - [2024-04-26T05:34:47.366-0300] {dag.py:3096} INFO - Sync 1 DAGs
[2024-04-26T05:34:47.398-0300] {logging_mixin.py:188} INFO - [2024-04-26T05:34:47.398-0300] {dag.py:3954} INFO - Setting next_dagrun for example_branch_labels to 2024-04-25 00:00:00+00:00, run_after=2024-04-26 00:00:00+00:00
[2024-04-26T05:34:47.428-0300] {processor.py:183} INFO - Processing /home/athlon/projects/airflow/.venv/lib/python3.11/site-packages/airflow/example_dags/example_branch_labels.py took 0.120 seconds
[2024-04-26T05:35:43.636-0300] {processor.py:161} INFO - Started process (PID=9996) to work on /home/athlon/projects/airflow/.venv/lib/python3.11/site-packages/airflow/example_dags/example_branch_labels.py
[2024-04-26T05:35:43.641-0300] {processor.py:830} INFO - Processing file /home/athlon/projects/airflow/.venv/lib/python3.11/site-packages/airflow/example_dags/example_branch_labels.py for tasks to queue
[2024-04-26T05:35:43.644-0300] {logging_mixin.py:188} INFO - [2024-04-26T05:35:43.643-0300] {dagbag.py:540} INFO - Filling up the DagBag from /home/athlon/projects/airflow/.venv/lib/python3.11/site-packages/airflow/example_dags/example_branch_labels.py
[2024-04-26T05:35:43.656-0300] {processor.py:840} INFO - DAG(s) 'example_branch_labels' retrieved from /home/athlon/projects/airflow/.venv/lib/python3.11/site-packages/airflow/example_dags/example_branch_labels.py
[2024-04-26T05:35:43.680-0300] {logging_mixin.py:188} INFO - [2024-04-26T05:35:43.679-0300] {dag.py:3096} INFO - Sync 1 DAGs
[2024-04-26T05:35:43.710-0300] {logging_mixin.py:188} INFO - [2024-04-26T05:35:43.709-0300] {dag.py:3954} INFO - Setting next_dagrun for example_branch_labels to 2024-04-25 00:00:00+00:00, run_after=2024-04-26 00:00:00+00:00
[2024-04-26T05:35:43.739-0300] {processor.py:183} INFO - Processing /home/athlon/projects/airflow/.venv/lib/python3.11/site-packages/airflow/example_dags/example_branch_labels.py took 0.112 seconds
[2024-04-26T05:36:38.592-0300] {processor.py:161} INFO - Started process (PID=10047) to work on /home/athlon/projects/airflow/.venv/lib/python3.11/site-packages/airflow/example_dags/example_branch_labels.py
[2024-04-26T05:36:38.597-0300] {processor.py:830} INFO - Processing file /home/athlon/projects/airflow/.venv/lib/python3.11/site-packages/airflow/example_dags/example_branch_labels.py for tasks to queue
[2024-04-26T05:36:38.600-0300] {logging_mixin.py:188} INFO - [2024-04-26T05:36:38.599-0300] {dagbag.py:540} INFO - Filling up the DagBag from /home/athlon/projects/airflow/.venv/lib/python3.11/site-packages/airflow/example_dags/example_branch_labels.py
[2024-04-26T05:36:38.614-0300] {processor.py:840} INFO - DAG(s) 'example_branch_labels' retrieved from /home/athlon/projects/airflow/.venv/lib/python3.11/site-packages/airflow/example_dags/example_branch_labels.py
[2024-04-26T05:36:38.640-0300] {logging_mixin.py:188} INFO - [2024-04-26T05:36:38.639-0300] {dag.py:3096} INFO - Sync 1 DAGs
[2024-04-26T05:36:38.668-0300] {logging_mixin.py:188} INFO - [2024-04-26T05:36:38.668-0300] {dag.py:3954} INFO - Setting next_dagrun for example_branch_labels to 2024-04-25 00:00:00+00:00, run_after=2024-04-26 00:00:00+00:00
[2024-04-26T05:36:38.698-0300] {processor.py:183} INFO - Processing /home/athlon/projects/airflow/.venv/lib/python3.11/site-packages/airflow/example_dags/example_branch_labels.py took 0.117 seconds
[2024-04-26T05:37:36.294-0300] {processor.py:161} INFO - Started process (PID=10103) to work on /home/athlon/projects/airflow/.venv/lib/python3.11/site-packages/airflow/example_dags/example_branch_labels.py
[2024-04-26T05:37:36.299-0300] {processor.py:830} INFO - Processing file /home/athlon/projects/airflow/.venv/lib/python3.11/site-packages/airflow/example_dags/example_branch_labels.py for tasks to queue
[2024-04-26T05:37:36.302-0300] {logging_mixin.py:188} INFO - [2024-04-26T05:37:36.301-0300] {dagbag.py:540} INFO - Filling up the DagBag from /home/athlon/projects/airflow/.venv/lib/python3.11/site-packages/airflow/example_dags/example_branch_labels.py
[2024-04-26T05:37:36.315-0300] {processor.py:840} INFO - DAG(s) 'example_branch_labels' retrieved from /home/athlon/projects/airflow/.venv/lib/python3.11/site-packages/airflow/example_dags/example_branch_labels.py
[2024-04-26T05:37:36.340-0300] {logging_mixin.py:188} INFO - [2024-04-26T05:37:36.340-0300] {dag.py:3096} INFO - Sync 1 DAGs
[2024-04-26T05:37:36.375-0300] {logging_mixin.py:188} INFO - [2024-04-26T05:37:36.375-0300] {dag.py:3954} INFO - Setting next_dagrun for example_branch_labels to 2024-04-25 00:00:00+00:00, run_after=2024-04-26 00:00:00+00:00
[2024-04-26T05:37:36.406-0300] {processor.py:183} INFO - Processing /home/athlon/projects/airflow/.venv/lib/python3.11/site-packages/airflow/example_dags/example_branch_labels.py took 0.122 seconds
[2024-04-26T05:38:33.139-0300] {processor.py:161} INFO - Started process (PID=10154) to work on /home/athlon/projects/airflow/.venv/lib/python3.11/site-packages/airflow/example_dags/example_branch_labels.py
[2024-04-26T05:38:33.144-0300] {processor.py:830} INFO - Processing file /home/athlon/projects/airflow/.venv/lib/python3.11/site-packages/airflow/example_dags/example_branch_labels.py for tasks to queue
[2024-04-26T05:38:33.147-0300] {logging_mixin.py:188} INFO - [2024-04-26T05:38:33.146-0300] {dagbag.py:540} INFO - Filling up the DagBag from /home/athlon/projects/airflow/.venv/lib/python3.11/site-packages/airflow/example_dags/example_branch_labels.py
[2024-04-26T05:38:33.161-0300] {processor.py:840} INFO - DAG(s) 'example_branch_labels' retrieved from /home/athlon/projects/airflow/.venv/lib/python3.11/site-packages/airflow/example_dags/example_branch_labels.py
[2024-04-26T05:38:33.186-0300] {logging_mixin.py:188} INFO - [2024-04-26T05:38:33.185-0300] {dag.py:3096} INFO - Sync 1 DAGs
[2024-04-26T05:38:33.220-0300] {logging_mixin.py:188} INFO - [2024-04-26T05:38:33.220-0300] {dag.py:3954} INFO - Setting next_dagrun for example_branch_labels to 2024-04-25 00:00:00+00:00, run_after=2024-04-26 00:00:00+00:00
[2024-04-26T05:38:33.248-0300] {processor.py:183} INFO - Processing /home/athlon/projects/airflow/.venv/lib/python3.11/site-packages/airflow/example_dags/example_branch_labels.py took 0.121 seconds
[2024-04-26T05:39:34.676-0300] {processor.py:161} INFO - Started process (PID=10239) to work on /home/athlon/projects/airflow/.venv/lib/python3.11/site-packages/airflow/example_dags/example_branch_labels.py
[2024-04-26T05:39:34.683-0300] {processor.py:830} INFO - Processing file /home/athlon/projects/airflow/.venv/lib/python3.11/site-packages/airflow/example_dags/example_branch_labels.py for tasks to queue
[2024-04-26T05:39:34.685-0300] {logging_mixin.py:188} INFO - [2024-04-26T05:39:34.685-0300] {dagbag.py:540} INFO - Filling up the DagBag from /home/athlon/projects/airflow/.venv/lib/python3.11/site-packages/airflow/example_dags/example_branch_labels.py
[2024-04-26T05:39:34.698-0300] {processor.py:840} INFO - DAG(s) 'example_branch_labels' retrieved from /home/athlon/projects/airflow/.venv/lib/python3.11/site-packages/airflow/example_dags/example_branch_labels.py
[2024-04-26T05:39:34.722-0300] {logging_mixin.py:188} INFO - [2024-04-26T05:39:34.722-0300] {dag.py:3096} INFO - Sync 1 DAGs
[2024-04-26T05:39:34.757-0300] {logging_mixin.py:188} INFO - [2024-04-26T05:39:34.756-0300] {dag.py:3954} INFO - Setting next_dagrun for example_branch_labels to 2024-04-25 00:00:00+00:00, run_after=2024-04-26 00:00:00+00:00
[2024-04-26T05:39:34.787-0300] {processor.py:183} INFO - Processing /home/athlon/projects/airflow/.venv/lib/python3.11/site-packages/airflow/example_dags/example_branch_labels.py took 0.123 seconds
[2024-04-26T05:40:33.962-0300] {processor.py:161} INFO - Started process (PID=10295) to work on /home/athlon/projects/airflow/.venv/lib/python3.11/site-packages/airflow/example_dags/example_branch_labels.py
[2024-04-26T05:40:33.968-0300] {processor.py:830} INFO - Processing file /home/athlon/projects/airflow/.venv/lib/python3.11/site-packages/airflow/example_dags/example_branch_labels.py for tasks to queue
[2024-04-26T05:40:33.971-0300] {logging_mixin.py:188} INFO - [2024-04-26T05:40:33.970-0300] {dagbag.py:540} INFO - Filling up the DagBag from /home/athlon/projects/airflow/.venv/lib/python3.11/site-packages/airflow/example_dags/example_branch_labels.py
[2024-04-26T05:40:33.984-0300] {processor.py:840} INFO - DAG(s) 'example_branch_labels' retrieved from /home/athlon/projects/airflow/.venv/lib/python3.11/site-packages/airflow/example_dags/example_branch_labels.py
[2024-04-26T05:40:34.010-0300] {logging_mixin.py:188} INFO - [2024-04-26T05:40:34.009-0300] {dag.py:3096} INFO - Sync 1 DAGs
[2024-04-26T05:40:34.039-0300] {logging_mixin.py:188} INFO - [2024-04-26T05:40:34.039-0300] {dag.py:3954} INFO - Setting next_dagrun for example_branch_labels to 2024-04-25 00:00:00+00:00, run_after=2024-04-26 00:00:00+00:00
[2024-04-26T05:40:34.069-0300] {processor.py:183} INFO - Processing /home/athlon/projects/airflow/.venv/lib/python3.11/site-packages/airflow/example_dags/example_branch_labels.py took 0.117 seconds
[2024-04-26T05:41:34.373-0300] {processor.py:161} INFO - Started process (PID=10349) to work on /home/athlon/projects/airflow/.venv/lib/python3.11/site-packages/airflow/example_dags/example_branch_labels.py
[2024-04-26T05:41:34.379-0300] {processor.py:830} INFO - Processing file /home/athlon/projects/airflow/.venv/lib/python3.11/site-packages/airflow/example_dags/example_branch_labels.py for tasks to queue
[2024-04-26T05:41:34.382-0300] {logging_mixin.py:188} INFO - [2024-04-26T05:41:34.382-0300] {dagbag.py:540} INFO - Filling up the DagBag from /home/athlon/projects/airflow/.venv/lib/python3.11/site-packages/airflow/example_dags/example_branch_labels.py
[2024-04-26T05:41:34.396-0300] {processor.py:840} INFO - DAG(s) 'example_branch_labels' retrieved from /home/athlon/projects/airflow/.venv/lib/python3.11/site-packages/airflow/example_dags/example_branch_labels.py
[2024-04-26T05:41:34.421-0300] {logging_mixin.py:188} INFO - [2024-04-26T05:41:34.421-0300] {dag.py:3096} INFO - Sync 1 DAGs
[2024-04-26T05:41:34.450-0300] {logging_mixin.py:188} INFO - [2024-04-26T05:41:34.450-0300] {dag.py:3954} INFO - Setting next_dagrun for example_branch_labels to 2024-04-25 00:00:00+00:00, run_after=2024-04-26 00:00:00+00:00
[2024-04-26T05:41:34.481-0300] {processor.py:183} INFO - Processing /home/athlon/projects/airflow/.venv/lib/python3.11/site-packages/airflow/example_dags/example_branch_labels.py took 0.118 seconds
[2024-04-26T05:42:37.323-0300] {processor.py:161} INFO - Started process (PID=10402) to work on /home/athlon/projects/airflow/.venv/lib/python3.11/site-packages/airflow/example_dags/example_branch_labels.py
[2024-04-26T05:42:37.324-0300] {processor.py:830} INFO - Processing file /home/athlon/projects/airflow/.venv/lib/python3.11/site-packages/airflow/example_dags/example_branch_labels.py for tasks to queue
[2024-04-26T05:42:37.327-0300] {logging_mixin.py:188} INFO - [2024-04-26T05:42:37.326-0300] {dagbag.py:540} INFO - Filling up the DagBag from /home/athlon/projects/airflow/.venv/lib/python3.11/site-packages/airflow/example_dags/example_branch_labels.py
[2024-04-26T05:42:37.340-0300] {processor.py:840} INFO - DAG(s) 'example_branch_labels' retrieved from /home/athlon/projects/airflow/.venv/lib/python3.11/site-packages/airflow/example_dags/example_branch_labels.py
[2024-04-26T05:42:37.368-0300] {logging_mixin.py:188} INFO - [2024-04-26T05:42:37.368-0300] {dag.py:3096} INFO - Sync 1 DAGs
[2024-04-26T05:42:37.397-0300] {logging_mixin.py:188} INFO - [2024-04-26T05:42:37.397-0300] {dag.py:3954} INFO - Setting next_dagrun for example_branch_labels to 2024-04-25 00:00:00+00:00, run_after=2024-04-26 00:00:00+00:00
[2024-04-26T05:42:37.426-0300] {processor.py:183} INFO - Processing /home/athlon/projects/airflow/.venv/lib/python3.11/site-packages/airflow/example_dags/example_branch_labels.py took 0.114 seconds
[2024-04-26T05:43:36.204-0300] {processor.py:161} INFO - Started process (PID=10455) to work on /home/athlon/projects/airflow/.venv/lib/python3.11/site-packages/airflow/example_dags/example_branch_labels.py
[2024-04-26T05:43:36.209-0300] {processor.py:830} INFO - Processing file /home/athlon/projects/airflow/.venv/lib/python3.11/site-packages/airflow/example_dags/example_branch_labels.py for tasks to queue
[2024-04-26T05:43:36.212-0300] {logging_mixin.py:188} INFO - [2024-04-26T05:43:36.211-0300] {dagbag.py:540} INFO - Filling up the DagBag from /home/athlon/projects/airflow/.venv/lib/python3.11/site-packages/airflow/example_dags/example_branch_labels.py
[2024-04-26T05:43:36.226-0300] {processor.py:840} INFO - DAG(s) 'example_branch_labels' retrieved from /home/athlon/projects/airflow/.venv/lib/python3.11/site-packages/airflow/example_dags/example_branch_labels.py
[2024-04-26T05:43:36.251-0300] {logging_mixin.py:188} INFO - [2024-04-26T05:43:36.251-0300] {dag.py:3096} INFO - Sync 1 DAGs
[2024-04-26T05:43:36.280-0300] {logging_mixin.py:188} INFO - [2024-04-26T05:43:36.279-0300] {dag.py:3954} INFO - Setting next_dagrun for example_branch_labels to 2024-04-25 00:00:00+00:00, run_after=2024-04-26 00:00:00+00:00
[2024-04-26T05:43:36.309-0300] {processor.py:183} INFO - Processing /home/athlon/projects/airflow/.venv/lib/python3.11/site-packages/airflow/example_dags/example_branch_labels.py took 0.116 seconds
[2024-04-26T05:44:31.371-0300] {processor.py:161} INFO - Started process (PID=10508) to work on /home/athlon/projects/airflow/.venv/lib/python3.11/site-packages/airflow/example_dags/example_branch_labels.py
[2024-04-26T05:44:31.376-0300] {processor.py:830} INFO - Processing file /home/athlon/projects/airflow/.venv/lib/python3.11/site-packages/airflow/example_dags/example_branch_labels.py for tasks to queue
[2024-04-26T05:44:31.379-0300] {logging_mixin.py:188} INFO - [2024-04-26T05:44:31.378-0300] {dagbag.py:540} INFO - Filling up the DagBag from /home/athlon/projects/airflow/.venv/lib/python3.11/site-packages/airflow/example_dags/example_branch_labels.py
[2024-04-26T05:44:31.393-0300] {processor.py:840} INFO - DAG(s) 'example_branch_labels' retrieved from /home/athlon/projects/airflow/.venv/lib/python3.11/site-packages/airflow/example_dags/example_branch_labels.py
[2024-04-26T05:44:31.418-0300] {logging_mixin.py:188} INFO - [2024-04-26T05:44:31.418-0300] {dag.py:3096} INFO - Sync 1 DAGs
[2024-04-26T05:44:31.447-0300] {logging_mixin.py:188} INFO - [2024-04-26T05:44:31.447-0300] {dag.py:3954} INFO - Setting next_dagrun for example_branch_labels to 2024-04-25 00:00:00+00:00, run_after=2024-04-26 00:00:00+00:00
[2024-04-26T05:44:31.477-0300] {processor.py:183} INFO - Processing /home/athlon/projects/airflow/.venv/lib/python3.11/site-packages/airflow/example_dags/example_branch_labels.py took 0.118 seconds
[2024-04-26T05:45:28.794-0300] {processor.py:161} INFO - Started process (PID=10558) to work on /home/athlon/projects/airflow/.venv/lib/python3.11/site-packages/airflow/example_dags/example_branch_labels.py
[2024-04-26T05:45:28.799-0300] {processor.py:830} INFO - Processing file /home/athlon/projects/airflow/.venv/lib/python3.11/site-packages/airflow/example_dags/example_branch_labels.py for tasks to queue
[2024-04-26T05:45:28.802-0300] {logging_mixin.py:188} INFO - [2024-04-26T05:45:28.801-0300] {dagbag.py:540} INFO - Filling up the DagBag from /home/athlon/projects/airflow/.venv/lib/python3.11/site-packages/airflow/example_dags/example_branch_labels.py
[2024-04-26T05:45:28.816-0300] {processor.py:840} INFO - DAG(s) 'example_branch_labels' retrieved from /home/athlon/projects/airflow/.venv/lib/python3.11/site-packages/airflow/example_dags/example_branch_labels.py
[2024-04-26T05:45:28.842-0300] {logging_mixin.py:188} INFO - [2024-04-26T05:45:28.841-0300] {dag.py:3096} INFO - Sync 1 DAGs
[2024-04-26T05:45:28.870-0300] {logging_mixin.py:188} INFO - [2024-04-26T05:45:28.870-0300] {dag.py:3954} INFO - Setting next_dagrun for example_branch_labels to 2024-04-25 00:00:00+00:00, run_after=2024-04-26 00:00:00+00:00
[2024-04-26T05:45:28.899-0300] {processor.py:183} INFO - Processing /home/athlon/projects/airflow/.venv/lib/python3.11/site-packages/airflow/example_dags/example_branch_labels.py took 0.116 seconds
[2024-04-26T05:46:28.344-0300] {processor.py:161} INFO - Started process (PID=10614) to work on /home/athlon/projects/airflow/.venv/lib/python3.11/site-packages/airflow/example_dags/example_branch_labels.py
[2024-04-26T05:46:28.350-0300] {processor.py:830} INFO - Processing file /home/athlon/projects/airflow/.venv/lib/python3.11/site-packages/airflow/example_dags/example_branch_labels.py for tasks to queue
[2024-04-26T05:46:28.352-0300] {logging_mixin.py:188} INFO - [2024-04-26T05:46:28.352-0300] {dagbag.py:540} INFO - Filling up the DagBag from /home/athlon/projects/airflow/.venv/lib/python3.11/site-packages/airflow/example_dags/example_branch_labels.py
[2024-04-26T05:46:28.370-0300] {processor.py:840} INFO - DAG(s) 'example_branch_labels' retrieved from /home/athlon/projects/airflow/.venv/lib/python3.11/site-packages/airflow/example_dags/example_branch_labels.py
[2024-04-26T05:46:28.397-0300] {logging_mixin.py:188} INFO - [2024-04-26T05:46:28.397-0300] {dag.py:3096} INFO - Sync 1 DAGs
[2024-04-26T05:46:28.426-0300] {logging_mixin.py:188} INFO - [2024-04-26T05:46:28.426-0300] {dag.py:3954} INFO - Setting next_dagrun for example_branch_labels to 2024-04-25 00:00:00+00:00, run_after=2024-04-26 00:00:00+00:00
[2024-04-26T05:46:28.455-0300] {processor.py:183} INFO - Processing /home/athlon/projects/airflow/.venv/lib/python3.11/site-packages/airflow/example_dags/example_branch_labels.py took 0.121 seconds
[2024-04-26T05:47:25.463-0300] {processor.py:161} INFO - Started process (PID=10685) to work on /home/athlon/projects/airflow/.venv/lib/python3.11/site-packages/airflow/example_dags/example_branch_labels.py
[2024-04-26T05:47:25.468-0300] {processor.py:830} INFO - Processing file /home/athlon/projects/airflow/.venv/lib/python3.11/site-packages/airflow/example_dags/example_branch_labels.py for tasks to queue
[2024-04-26T05:47:25.471-0300] {logging_mixin.py:188} INFO - [2024-04-26T05:47:25.470-0300] {dagbag.py:540} INFO - Filling up the DagBag from /home/athlon/projects/airflow/.venv/lib/python3.11/site-packages/airflow/example_dags/example_branch_labels.py
[2024-04-26T05:47:25.484-0300] {processor.py:840} INFO - DAG(s) 'example_branch_labels' retrieved from /home/athlon/projects/airflow/.venv/lib/python3.11/site-packages/airflow/example_dags/example_branch_labels.py
[2024-04-26T05:47:25.510-0300] {logging_mixin.py:188} INFO - [2024-04-26T05:47:25.509-0300] {dag.py:3096} INFO - Sync 1 DAGs
[2024-04-26T05:47:25.539-0300] {logging_mixin.py:188} INFO - [2024-04-26T05:47:25.539-0300] {dag.py:3954} INFO - Setting next_dagrun for example_branch_labels to 2024-04-25 00:00:00+00:00, run_after=2024-04-26 00:00:00+00:00
[2024-04-26T05:47:25.571-0300] {processor.py:183} INFO - Processing /home/athlon/projects/airflow/.venv/lib/python3.11/site-packages/airflow/example_dags/example_branch_labels.py took 0.119 seconds
[2024-04-26T05:48:19.510-0300] {processor.py:161} INFO - Started process (PID=10755) to work on /home/athlon/projects/airflow/.venv/lib/python3.11/site-packages/airflow/example_dags/example_branch_labels.py
[2024-04-26T05:48:19.516-0300] {processor.py:830} INFO - Processing file /home/athlon/projects/airflow/.venv/lib/python3.11/site-packages/airflow/example_dags/example_branch_labels.py for tasks to queue
[2024-04-26T05:48:19.518-0300] {logging_mixin.py:188} INFO - [2024-04-26T05:48:19.518-0300] {dagbag.py:540} INFO - Filling up the DagBag from /home/athlon/projects/airflow/.venv/lib/python3.11/site-packages/airflow/example_dags/example_branch_labels.py
[2024-04-26T05:48:19.532-0300] {processor.py:840} INFO - DAG(s) 'example_branch_labels' retrieved from /home/athlon/projects/airflow/.venv/lib/python3.11/site-packages/airflow/example_dags/example_branch_labels.py
[2024-04-26T05:48:19.557-0300] {logging_mixin.py:188} INFO - [2024-04-26T05:48:19.557-0300] {dag.py:3096} INFO - Sync 1 DAGs
[2024-04-26T05:48:19.587-0300] {logging_mixin.py:188} INFO - [2024-04-26T05:48:19.587-0300] {dag.py:3954} INFO - Setting next_dagrun for example_branch_labels to 2024-04-25 00:00:00+00:00, run_after=2024-04-26 00:00:00+00:00
[2024-04-26T05:48:19.616-0300] {processor.py:183} INFO - Processing /home/athlon/projects/airflow/.venv/lib/python3.11/site-packages/airflow/example_dags/example_branch_labels.py took 0.117 seconds
[2024-04-26T05:49:20.823-0300] {processor.py:161} INFO - Started process (PID=10838) to work on /home/athlon/projects/airflow/.venv/lib/python3.11/site-packages/airflow/example_dags/example_branch_labels.py
[2024-04-26T05:49:20.828-0300] {processor.py:830} INFO - Processing file /home/athlon/projects/airflow/.venv/lib/python3.11/site-packages/airflow/example_dags/example_branch_labels.py for tasks to queue
[2024-04-26T05:49:20.831-0300] {logging_mixin.py:188} INFO - [2024-04-26T05:49:20.831-0300] {dagbag.py:540} INFO - Filling up the DagBag from /home/athlon/projects/airflow/.venv/lib/python3.11/site-packages/airflow/example_dags/example_branch_labels.py
[2024-04-26T05:49:20.844-0300] {processor.py:840} INFO - DAG(s) 'example_branch_labels' retrieved from /home/athlon/projects/airflow/.venv/lib/python3.11/site-packages/airflow/example_dags/example_branch_labels.py
[2024-04-26T05:49:20.868-0300] {logging_mixin.py:188} INFO - [2024-04-26T05:49:20.868-0300] {dag.py:3096} INFO - Sync 1 DAGs
[2024-04-26T05:49:20.897-0300] {logging_mixin.py:188} INFO - [2024-04-26T05:49:20.897-0300] {dag.py:3954} INFO - Setting next_dagrun for example_branch_labels to 2024-04-25 00:00:00+00:00, run_after=2024-04-26 00:00:00+00:00
[2024-04-26T05:49:20.926-0300] {processor.py:183} INFO - Processing /home/athlon/projects/airflow/.venv/lib/python3.11/site-packages/airflow/example_dags/example_branch_labels.py took 0.114 seconds
[2024-04-26T05:50:32.871-0300] {processor.py:161} INFO - Started process (PID=10933) to work on /home/athlon/projects/airflow/.venv/lib/python3.11/site-packages/airflow/example_dags/example_branch_labels.py
[2024-04-26T05:50:32.879-0300] {processor.py:830} INFO - Processing file /home/athlon/projects/airflow/.venv/lib/python3.11/site-packages/airflow/example_dags/example_branch_labels.py for tasks to queue
[2024-04-26T05:50:32.882-0300] {logging_mixin.py:188} INFO - [2024-04-26T05:50:32.881-0300] {dagbag.py:540} INFO - Filling up the DagBag from /home/athlon/projects/airflow/.venv/lib/python3.11/site-packages/airflow/example_dags/example_branch_labels.py
[2024-04-26T05:50:32.905-0300] {processor.py:840} INFO - DAG(s) 'example_branch_labels' retrieved from /home/athlon/projects/airflow/.venv/lib/python3.11/site-packages/airflow/example_dags/example_branch_labels.py
[2024-04-26T05:50:32.945-0300] {logging_mixin.py:188} INFO - [2024-04-26T05:50:32.945-0300] {dag.py:3096} INFO - Sync 1 DAGs
[2024-04-26T05:50:32.996-0300] {logging_mixin.py:188} INFO - [2024-04-26T05:50:32.996-0300] {dag.py:3954} INFO - Setting next_dagrun for example_branch_labels to 2024-04-25 00:00:00+00:00, run_after=2024-04-26 00:00:00+00:00
[2024-04-26T05:50:33.043-0300] {processor.py:183} INFO - Processing /home/athlon/projects/airflow/.venv/lib/python3.11/site-packages/airflow/example_dags/example_branch_labels.py took 0.183 seconds
[2024-04-26T05:52:02.093-0300] {processor.py:161} INFO - Started process (PID=11021) to work on /home/athlon/projects/airflow/.venv/lib/python3.11/site-packages/airflow/example_dags/example_branch_labels.py
[2024-04-26T05:52:02.099-0300] {processor.py:830} INFO - Processing file /home/athlon/projects/airflow/.venv/lib/python3.11/site-packages/airflow/example_dags/example_branch_labels.py for tasks to queue
[2024-04-26T05:52:02.103-0300] {logging_mixin.py:188} INFO - [2024-04-26T05:52:02.103-0300] {dagbag.py:540} INFO - Filling up the DagBag from /home/athlon/projects/airflow/.venv/lib/python3.11/site-packages/airflow/example_dags/example_branch_labels.py
[2024-04-26T05:52:02.119-0300] {processor.py:840} INFO - DAG(s) 'example_branch_labels' retrieved from /home/athlon/projects/airflow/.venv/lib/python3.11/site-packages/airflow/example_dags/example_branch_labels.py
[2024-04-26T05:52:02.151-0300] {logging_mixin.py:188} INFO - [2024-04-26T05:52:02.150-0300] {dag.py:3096} INFO - Sync 1 DAGs
[2024-04-26T05:52:02.194-0300] {logging_mixin.py:188} INFO - [2024-04-26T05:52:02.194-0300] {dag.py:3954} INFO - Setting next_dagrun for example_branch_labels to 2024-04-25 00:00:00+00:00, run_after=2024-04-26 00:00:00+00:00
[2024-04-26T05:52:02.236-0300] {processor.py:183} INFO - Processing /home/athlon/projects/airflow/.venv/lib/python3.11/site-packages/airflow/example_dags/example_branch_labels.py took 0.151 seconds
