[2024-04-26T05:28:47.158-0300] {processor.py:161} INFO - Started process (PID=9570) to work on /home/athlon/projects/airflow/.venv/lib/python3.11/site-packages/airflow/example_dags/example_display_name.py
[2024-04-26T05:28:47.159-0300] {processor.py:830} INFO - Processing file /home/athlon/projects/airflow/.venv/lib/python3.11/site-packages/airflow/example_dags/example_display_name.py for tasks to queue
[2024-04-26T05:28:47.162-0300] {logging_mixin.py:188} INFO - [2024-04-26T05:28:47.161-0300] {dagbag.py:540} INFO - Filling up the DagBag from /home/athlon/projects/airflow/.venv/lib/python3.11/site-packages/airflow/example_dags/example_display_name.py
[2024-04-26T05:28:47.181-0300] {processor.py:840} INFO - DAG(s) 'example_display_name' retrieved from /home/athlon/projects/airflow/.venv/lib/python3.11/site-packages/airflow/example_dags/example_display_name.py
[2024-04-26T05:28:47.583-0300] {logging_mixin.py:188} INFO - [2024-04-26T05:28:47.582-0300] {override.py:1829} INFO - Created Permission View: can edit on DAG:example_display_name
[2024-04-26T05:28:47.680-0300] {logging_mixin.py:188} INFO - [2024-04-26T05:28:47.679-0300] {override.py:1829} INFO - Created Permission View: can delete on DAG:example_display_name
[2024-04-26T05:28:47.776-0300] {logging_mixin.py:188} INFO - [2024-04-26T05:28:47.776-0300] {override.py:1829} INFO - Created Permission View: can read on DAG:example_display_name
[2024-04-26T05:28:47.777-0300] {logging_mixin.py:188} INFO - [2024-04-26T05:28:47.777-0300] {dag.py:3096} INFO - Sync 1 DAGs
[2024-04-26T05:28:47.806-0300] {logging_mixin.py:188} INFO - [2024-04-26T05:28:47.805-0300] {dag.py:3118} INFO - Creating ORM DAG for example_display_name
[2024-04-26T05:28:47.807-0300] {logging_mixin.py:188} INFO - [2024-04-26T05:28:47.806-0300] {dag.py:3954} INFO - Setting next_dagrun for example_display_name to None, run_after=None
[2024-04-26T05:28:47.885-0300] {processor.py:183} INFO - Processing /home/athlon/projects/airflow/.venv/lib/python3.11/site-packages/airflow/example_dags/example_display_name.py took 0.744 seconds
[2024-04-26T05:29:56.909-0300] {processor.py:161} INFO - Started process (PID=9660) to work on /home/athlon/projects/airflow/.venv/lib/python3.11/site-packages/airflow/example_dags/example_display_name.py
[2024-04-26T05:29:56.914-0300] {processor.py:830} INFO - Processing file /home/athlon/projects/airflow/.venv/lib/python3.11/site-packages/airflow/example_dags/example_display_name.py for tasks to queue
[2024-04-26T05:29:56.917-0300] {logging_mixin.py:188} INFO - [2024-04-26T05:29:56.916-0300] {dagbag.py:540} INFO - Filling up the DagBag from /home/athlon/projects/airflow/.venv/lib/python3.11/site-packages/airflow/example_dags/example_display_name.py
[2024-04-26T05:29:56.925-0300] {processor.py:840} INFO - DAG(s) 'example_display_name' retrieved from /home/athlon/projects/airflow/.venv/lib/python3.11/site-packages/airflow/example_dags/example_display_name.py
[2024-04-26T05:29:56.946-0300] {logging_mixin.py:188} INFO - [2024-04-26T05:29:56.945-0300] {dag.py:3096} INFO - Sync 1 DAGs
[2024-04-26T05:29:56.966-0300] {logging_mixin.py:188} INFO - [2024-04-26T05:29:56.966-0300] {dag.py:3954} INFO - Setting next_dagrun for example_display_name to None, run_after=None
[2024-04-26T05:29:56.996-0300] {processor.py:183} INFO - Processing /home/athlon/projects/airflow/.venv/lib/python3.11/site-packages/airflow/example_dags/example_display_name.py took 0.095 seconds
[2024-04-26T05:30:56.088-0300] {processor.py:161} INFO - Started process (PID=9714) to work on /home/athlon/projects/airflow/.venv/lib/python3.11/site-packages/airflow/example_dags/example_display_name.py
[2024-04-26T05:30:56.094-0300] {processor.py:830} INFO - Processing file /home/athlon/projects/airflow/.venv/lib/python3.11/site-packages/airflow/example_dags/example_display_name.py for tasks to queue
[2024-04-26T05:30:56.097-0300] {logging_mixin.py:188} INFO - [2024-04-26T05:30:56.096-0300] {dagbag.py:540} INFO - Filling up the DagBag from /home/athlon/projects/airflow/.venv/lib/python3.11/site-packages/airflow/example_dags/example_display_name.py
[2024-04-26T05:30:56.106-0300] {processor.py:840} INFO - DAG(s) 'example_display_name' retrieved from /home/athlon/projects/airflow/.venv/lib/python3.11/site-packages/airflow/example_dags/example_display_name.py
[2024-04-26T05:30:56.129-0300] {logging_mixin.py:188} INFO - [2024-04-26T05:30:56.129-0300] {dag.py:3096} INFO - Sync 1 DAGs
[2024-04-26T05:30:56.145-0300] {logging_mixin.py:188} INFO - [2024-04-26T05:30:56.145-0300] {dag.py:3954} INFO - Setting next_dagrun for example_display_name to None, run_after=None
[2024-04-26T05:30:56.174-0300] {processor.py:183} INFO - Processing /home/athlon/projects/airflow/.venv/lib/python3.11/site-packages/airflow/example_dags/example_display_name.py took 0.096 seconds
[2024-04-26T05:31:53.138-0300] {processor.py:161} INFO - Started process (PID=9770) to work on /home/athlon/projects/airflow/.venv/lib/python3.11/site-packages/airflow/example_dags/example_display_name.py
[2024-04-26T05:31:53.143-0300] {processor.py:830} INFO - Processing file /home/athlon/projects/airflow/.venv/lib/python3.11/site-packages/airflow/example_dags/example_display_name.py for tasks to queue
[2024-04-26T05:31:53.146-0300] {logging_mixin.py:188} INFO - [2024-04-26T05:31:53.145-0300] {dagbag.py:540} INFO - Filling up the DagBag from /home/athlon/projects/airflow/.venv/lib/python3.11/site-packages/airflow/example_dags/example_display_name.py
[2024-04-26T05:31:53.155-0300] {processor.py:840} INFO - DAG(s) 'example_display_name' retrieved from /home/athlon/projects/airflow/.venv/lib/python3.11/site-packages/airflow/example_dags/example_display_name.py
[2024-04-26T05:31:53.178-0300] {logging_mixin.py:188} INFO - [2024-04-26T05:31:53.177-0300] {dag.py:3096} INFO - Sync 1 DAGs
[2024-04-26T05:31:53.194-0300] {logging_mixin.py:188} INFO - [2024-04-26T05:31:53.193-0300] {dag.py:3954} INFO - Setting next_dagrun for example_display_name to None, run_after=None
[2024-04-26T05:31:53.223-0300] {processor.py:183} INFO - Processing /home/athlon/projects/airflow/.venv/lib/python3.11/site-packages/airflow/example_dags/example_display_name.py took 0.096 seconds
[2024-04-26T05:32:53.354-0300] {processor.py:161} INFO - Started process (PID=9825) to work on /home/athlon/projects/airflow/.venv/lib/python3.11/site-packages/airflow/example_dags/example_display_name.py
[2024-04-26T05:32:53.359-0300] {processor.py:830} INFO - Processing file /home/athlon/projects/airflow/.venv/lib/python3.11/site-packages/airflow/example_dags/example_display_name.py for tasks to queue
[2024-04-26T05:32:53.362-0300] {logging_mixin.py:188} INFO - [2024-04-26T05:32:53.361-0300] {dagbag.py:540} INFO - Filling up the DagBag from /home/athlon/projects/airflow/.venv/lib/python3.11/site-packages/airflow/example_dags/example_display_name.py
[2024-04-26T05:32:53.370-0300] {processor.py:840} INFO - DAG(s) 'example_display_name' retrieved from /home/athlon/projects/airflow/.venv/lib/python3.11/site-packages/airflow/example_dags/example_display_name.py
[2024-04-26T05:32:53.391-0300] {logging_mixin.py:188} INFO - [2024-04-26T05:32:53.391-0300] {dag.py:3096} INFO - Sync 1 DAGs
[2024-04-26T05:32:53.407-0300] {logging_mixin.py:188} INFO - [2024-04-26T05:32:53.407-0300] {dag.py:3954} INFO - Setting next_dagrun for example_display_name to None, run_after=None
[2024-04-26T05:32:53.437-0300] {processor.py:183} INFO - Processing /home/athlon/projects/airflow/.venv/lib/python3.11/site-packages/airflow/example_dags/example_display_name.py took 0.092 seconds
[2024-04-26T05:33:54.278-0300] {processor.py:161} INFO - Started process (PID=9879) to work on /home/athlon/projects/airflow/.venv/lib/python3.11/site-packages/airflow/example_dags/example_display_name.py
[2024-04-26T05:33:54.283-0300] {processor.py:830} INFO - Processing file /home/athlon/projects/airflow/.venv/lib/python3.11/site-packages/airflow/example_dags/example_display_name.py for tasks to queue
[2024-04-26T05:33:54.286-0300] {logging_mixin.py:188} INFO - [2024-04-26T05:33:54.285-0300] {dagbag.py:540} INFO - Filling up the DagBag from /home/athlon/projects/airflow/.venv/lib/python3.11/site-packages/airflow/example_dags/example_display_name.py
[2024-04-26T05:33:54.294-0300] {processor.py:840} INFO - DAG(s) 'example_display_name' retrieved from /home/athlon/projects/airflow/.venv/lib/python3.11/site-packages/airflow/example_dags/example_display_name.py
[2024-04-26T05:33:54.443-0300] {logging_mixin.py:188} INFO - [2024-04-26T05:33:54.442-0300] {dag.py:3096} INFO - Sync 1 DAGs
[2024-04-26T05:33:54.456-0300] {logging_mixin.py:188} INFO - [2024-04-26T05:33:54.455-0300] {dag.py:3954} INFO - Setting next_dagrun for example_display_name to None, run_after=None
[2024-04-26T05:33:54.487-0300] {processor.py:183} INFO - Processing /home/athlon/projects/airflow/.venv/lib/python3.11/site-packages/airflow/example_dags/example_display_name.py took 0.219 seconds
[2024-04-26T05:34:49.895-0300] {processor.py:161} INFO - Started process (PID=9947) to work on /home/athlon/projects/airflow/.venv/lib/python3.11/site-packages/airflow/example_dags/example_display_name.py
[2024-04-26T05:34:49.901-0300] {processor.py:830} INFO - Processing file /home/athlon/projects/airflow/.venv/lib/python3.11/site-packages/airflow/example_dags/example_display_name.py for tasks to queue
[2024-04-26T05:34:49.903-0300] {logging_mixin.py:188} INFO - [2024-04-26T05:34:49.903-0300] {dagbag.py:540} INFO - Filling up the DagBag from /home/athlon/projects/airflow/.venv/lib/python3.11/site-packages/airflow/example_dags/example_display_name.py
[2024-04-26T05:34:49.913-0300] {processor.py:840} INFO - DAG(s) 'example_display_name' retrieved from /home/athlon/projects/airflow/.venv/lib/python3.11/site-packages/airflow/example_dags/example_display_name.py
[2024-04-26T05:34:49.936-0300] {logging_mixin.py:188} INFO - [2024-04-26T05:34:49.936-0300] {dag.py:3096} INFO - Sync 1 DAGs
[2024-04-26T05:34:49.953-0300] {logging_mixin.py:188} INFO - [2024-04-26T05:34:49.953-0300] {dag.py:3954} INFO - Setting next_dagrun for example_display_name to None, run_after=None
[2024-04-26T05:34:49.983-0300] {processor.py:183} INFO - Processing /home/athlon/projects/airflow/.venv/lib/python3.11/site-packages/airflow/example_dags/example_display_name.py took 0.099 seconds
[2024-04-26T05:35:46.221-0300] {processor.py:161} INFO - Started process (PID=9998) to work on /home/athlon/projects/airflow/.venv/lib/python3.11/site-packages/airflow/example_dags/example_display_name.py
[2024-04-26T05:35:46.227-0300] {processor.py:830} INFO - Processing file /home/athlon/projects/airflow/.venv/lib/python3.11/site-packages/airflow/example_dags/example_display_name.py for tasks to queue
[2024-04-26T05:35:46.230-0300] {logging_mixin.py:188} INFO - [2024-04-26T05:35:46.229-0300] {dagbag.py:540} INFO - Filling up the DagBag from /home/athlon/projects/airflow/.venv/lib/python3.11/site-packages/airflow/example_dags/example_display_name.py
[2024-04-26T05:35:46.240-0300] {processor.py:840} INFO - DAG(s) 'example_display_name' retrieved from /home/athlon/projects/airflow/.venv/lib/python3.11/site-packages/airflow/example_dags/example_display_name.py
[2024-04-26T05:35:46.265-0300] {logging_mixin.py:188} INFO - [2024-04-26T05:35:46.264-0300] {dag.py:3096} INFO - Sync 1 DAGs
[2024-04-26T05:35:46.284-0300] {logging_mixin.py:188} INFO - [2024-04-26T05:35:46.284-0300] {dag.py:3954} INFO - Setting next_dagrun for example_display_name to None, run_after=None
[2024-04-26T05:35:46.313-0300] {processor.py:183} INFO - Processing /home/athlon/projects/airflow/.venv/lib/python3.11/site-packages/airflow/example_dags/example_display_name.py took 0.102 seconds
[2024-04-26T05:36:41.163-0300] {processor.py:161} INFO - Started process (PID=10049) to work on /home/athlon/projects/airflow/.venv/lib/python3.11/site-packages/airflow/example_dags/example_display_name.py
[2024-04-26T05:36:41.168-0300] {processor.py:830} INFO - Processing file /home/athlon/projects/airflow/.venv/lib/python3.11/site-packages/airflow/example_dags/example_display_name.py for tasks to queue
[2024-04-26T05:36:41.171-0300] {logging_mixin.py:188} INFO - [2024-04-26T05:36:41.170-0300] {dagbag.py:540} INFO - Filling up the DagBag from /home/athlon/projects/airflow/.venv/lib/python3.11/site-packages/airflow/example_dags/example_display_name.py
[2024-04-26T05:36:41.181-0300] {processor.py:840} INFO - DAG(s) 'example_display_name' retrieved from /home/athlon/projects/airflow/.venv/lib/python3.11/site-packages/airflow/example_dags/example_display_name.py
[2024-04-26T05:36:41.204-0300] {logging_mixin.py:188} INFO - [2024-04-26T05:36:41.204-0300] {dag.py:3096} INFO - Sync 1 DAGs
[2024-04-26T05:36:41.220-0300] {logging_mixin.py:188} INFO - [2024-04-26T05:36:41.220-0300] {dag.py:3954} INFO - Setting next_dagrun for example_display_name to None, run_after=None
[2024-04-26T05:36:41.250-0300] {processor.py:183} INFO - Processing /home/athlon/projects/airflow/.venv/lib/python3.11/site-packages/airflow/example_dags/example_display_name.py took 0.098 seconds
[2024-04-26T05:37:38.725-0300] {processor.py:161} INFO - Started process (PID=10105) to work on /home/athlon/projects/airflow/.venv/lib/python3.11/site-packages/airflow/example_dags/example_display_name.py
[2024-04-26T05:37:38.730-0300] {processor.py:830} INFO - Processing file /home/athlon/projects/airflow/.venv/lib/python3.11/site-packages/airflow/example_dags/example_display_name.py for tasks to queue
[2024-04-26T05:37:38.732-0300] {logging_mixin.py:188} INFO - [2024-04-26T05:37:38.732-0300] {dagbag.py:540} INFO - Filling up the DagBag from /home/athlon/projects/airflow/.venv/lib/python3.11/site-packages/airflow/example_dags/example_display_name.py
[2024-04-26T05:37:38.740-0300] {processor.py:840} INFO - DAG(s) 'example_display_name' retrieved from /home/athlon/projects/airflow/.venv/lib/python3.11/site-packages/airflow/example_dags/example_display_name.py
[2024-04-26T05:37:38.761-0300] {logging_mixin.py:188} INFO - [2024-04-26T05:37:38.760-0300] {dag.py:3096} INFO - Sync 1 DAGs
[2024-04-26T05:37:38.777-0300] {logging_mixin.py:188} INFO - [2024-04-26T05:37:38.776-0300] {dag.py:3954} INFO - Setting next_dagrun for example_display_name to None, run_after=None
[2024-04-26T05:37:38.806-0300] {processor.py:183} INFO - Processing /home/athlon/projects/airflow/.venv/lib/python3.11/site-packages/airflow/example_dags/example_display_name.py took 0.090 seconds
[2024-04-26T05:38:35.729-0300] {processor.py:161} INFO - Started process (PID=10156) to work on /home/athlon/projects/airflow/.venv/lib/python3.11/site-packages/airflow/example_dags/example_display_name.py
[2024-04-26T05:38:35.734-0300] {processor.py:830} INFO - Processing file /home/athlon/projects/airflow/.venv/lib/python3.11/site-packages/airflow/example_dags/example_display_name.py for tasks to queue
[2024-04-26T05:38:35.737-0300] {logging_mixin.py:188} INFO - [2024-04-26T05:38:35.736-0300] {dagbag.py:540} INFO - Filling up the DagBag from /home/athlon/projects/airflow/.venv/lib/python3.11/site-packages/airflow/example_dags/example_display_name.py
[2024-04-26T05:38:35.745-0300] {processor.py:840} INFO - DAG(s) 'example_display_name' retrieved from /home/athlon/projects/airflow/.venv/lib/python3.11/site-packages/airflow/example_dags/example_display_name.py
[2024-04-26T05:38:35.767-0300] {logging_mixin.py:188} INFO - [2024-04-26T05:38:35.766-0300] {dag.py:3096} INFO - Sync 1 DAGs
[2024-04-26T05:38:35.783-0300] {logging_mixin.py:188} INFO - [2024-04-26T05:38:35.783-0300] {dag.py:3954} INFO - Setting next_dagrun for example_display_name to None, run_after=None
[2024-04-26T05:38:35.813-0300] {processor.py:183} INFO - Processing /home/athlon/projects/airflow/.venv/lib/python3.11/site-packages/airflow/example_dags/example_display_name.py took 0.096 seconds
[2024-04-26T05:39:36.754-0300] {processor.py:161} INFO - Started process (PID=10241) to work on /home/athlon/projects/airflow/.venv/lib/python3.11/site-packages/airflow/example_dags/example_display_name.py
[2024-04-26T05:39:36.759-0300] {processor.py:830} INFO - Processing file /home/athlon/projects/airflow/.venv/lib/python3.11/site-packages/airflow/example_dags/example_display_name.py for tasks to queue
[2024-04-26T05:39:36.762-0300] {logging_mixin.py:188} INFO - [2024-04-26T05:39:36.761-0300] {dagbag.py:540} INFO - Filling up the DagBag from /home/athlon/projects/airflow/.venv/lib/python3.11/site-packages/airflow/example_dags/example_display_name.py
[2024-04-26T05:39:36.771-0300] {processor.py:840} INFO - DAG(s) 'example_display_name' retrieved from /home/athlon/projects/airflow/.venv/lib/python3.11/site-packages/airflow/example_dags/example_display_name.py
[2024-04-26T05:39:36.805-0300] {logging_mixin.py:188} INFO - [2024-04-26T05:39:36.804-0300] {dag.py:3096} INFO - Sync 1 DAGs
[2024-04-26T05:39:36.821-0300] {logging_mixin.py:188} INFO - [2024-04-26T05:39:36.820-0300] {dag.py:3954} INFO - Setting next_dagrun for example_display_name to None, run_after=None
[2024-04-26T05:39:36.855-0300] {processor.py:183} INFO - Processing /home/athlon/projects/airflow/.venv/lib/python3.11/site-packages/airflow/example_dags/example_display_name.py took 0.113 seconds
[2024-04-26T05:40:36.527-0300] {processor.py:161} INFO - Started process (PID=10297) to work on /home/athlon/projects/airflow/.venv/lib/python3.11/site-packages/airflow/example_dags/example_display_name.py
[2024-04-26T05:40:36.533-0300] {processor.py:830} INFO - Processing file /home/athlon/projects/airflow/.venv/lib/python3.11/site-packages/airflow/example_dags/example_display_name.py for tasks to queue
[2024-04-26T05:40:36.536-0300] {logging_mixin.py:188} INFO - [2024-04-26T05:40:36.535-0300] {dagbag.py:540} INFO - Filling up the DagBag from /home/athlon/projects/airflow/.venv/lib/python3.11/site-packages/airflow/example_dags/example_display_name.py
[2024-04-26T05:40:36.545-0300] {processor.py:840} INFO - DAG(s) 'example_display_name' retrieved from /home/athlon/projects/airflow/.venv/lib/python3.11/site-packages/airflow/example_dags/example_display_name.py
[2024-04-26T05:40:36.569-0300] {logging_mixin.py:188} INFO - [2024-04-26T05:40:36.568-0300] {dag.py:3096} INFO - Sync 1 DAGs
[2024-04-26T05:40:36.586-0300] {logging_mixin.py:188} INFO - [2024-04-26T05:40:36.585-0300] {dag.py:3954} INFO - Setting next_dagrun for example_display_name to None, run_after=None
[2024-04-26T05:40:36.615-0300] {processor.py:183} INFO - Processing /home/athlon/projects/airflow/.venv/lib/python3.11/site-packages/airflow/example_dags/example_display_name.py took 0.102 seconds
[2024-04-26T05:41:36.575-0300] {processor.py:161} INFO - Started process (PID=10351) to work on /home/athlon/projects/airflow/.venv/lib/python3.11/site-packages/airflow/example_dags/example_display_name.py
[2024-04-26T05:41:36.581-0300] {processor.py:830} INFO - Processing file /home/athlon/projects/airflow/.venv/lib/python3.11/site-packages/airflow/example_dags/example_display_name.py for tasks to queue
[2024-04-26T05:41:36.584-0300] {logging_mixin.py:188} INFO - [2024-04-26T05:41:36.583-0300] {dagbag.py:540} INFO - Filling up the DagBag from /home/athlon/projects/airflow/.venv/lib/python3.11/site-packages/airflow/example_dags/example_display_name.py
[2024-04-26T05:41:36.593-0300] {processor.py:840} INFO - DAG(s) 'example_display_name' retrieved from /home/athlon/projects/airflow/.venv/lib/python3.11/site-packages/airflow/example_dags/example_display_name.py
[2024-04-26T05:41:36.616-0300] {logging_mixin.py:188} INFO - [2024-04-26T05:41:36.616-0300] {dag.py:3096} INFO - Sync 1 DAGs
[2024-04-26T05:41:36.633-0300] {logging_mixin.py:188} INFO - [2024-04-26T05:41:36.633-0300] {dag.py:3954} INFO - Setting next_dagrun for example_display_name to None, run_after=None
[2024-04-26T05:41:36.668-0300] {processor.py:183} INFO - Processing /home/athlon/projects/airflow/.venv/lib/python3.11/site-packages/airflow/example_dags/example_display_name.py took 0.103 seconds
[2024-04-26T05:42:39.454-0300] {processor.py:161} INFO - Started process (PID=10404) to work on /home/athlon/projects/airflow/.venv/lib/python3.11/site-packages/airflow/example_dags/example_display_name.py
[2024-04-26T05:42:39.460-0300] {processor.py:830} INFO - Processing file /home/athlon/projects/airflow/.venv/lib/python3.11/site-packages/airflow/example_dags/example_display_name.py for tasks to queue
[2024-04-26T05:42:39.464-0300] {logging_mixin.py:188} INFO - [2024-04-26T05:42:39.463-0300] {dagbag.py:540} INFO - Filling up the DagBag from /home/athlon/projects/airflow/.venv/lib/python3.11/site-packages/airflow/example_dags/example_display_name.py
[2024-04-26T05:42:39.476-0300] {processor.py:840} INFO - DAG(s) 'example_display_name' retrieved from /home/athlon/projects/airflow/.venv/lib/python3.11/site-packages/airflow/example_dags/example_display_name.py
[2024-04-26T05:42:39.503-0300] {logging_mixin.py:188} INFO - [2024-04-26T05:42:39.503-0300] {dag.py:3096} INFO - Sync 1 DAGs
[2024-04-26T05:42:39.520-0300] {logging_mixin.py:188} INFO - [2024-04-26T05:42:39.520-0300] {dag.py:3954} INFO - Setting next_dagrun for example_display_name to None, run_after=None
[2024-04-26T05:42:39.550-0300] {processor.py:183} INFO - Processing /home/athlon/projects/airflow/.venv/lib/python3.11/site-packages/airflow/example_dags/example_display_name.py took 0.107 seconds
[2024-04-26T05:43:38.747-0300] {processor.py:161} INFO - Started process (PID=10457) to work on /home/athlon/projects/airflow/.venv/lib/python3.11/site-packages/airflow/example_dags/example_display_name.py
[2024-04-26T05:43:38.752-0300] {processor.py:830} INFO - Processing file /home/athlon/projects/airflow/.venv/lib/python3.11/site-packages/airflow/example_dags/example_display_name.py for tasks to queue
[2024-04-26T05:43:38.755-0300] {logging_mixin.py:188} INFO - [2024-04-26T05:43:38.754-0300] {dagbag.py:540} INFO - Filling up the DagBag from /home/athlon/projects/airflow/.venv/lib/python3.11/site-packages/airflow/example_dags/example_display_name.py
[2024-04-26T05:43:38.765-0300] {processor.py:840} INFO - DAG(s) 'example_display_name' retrieved from /home/athlon/projects/airflow/.venv/lib/python3.11/site-packages/airflow/example_dags/example_display_name.py
[2024-04-26T05:43:38.788-0300] {logging_mixin.py:188} INFO - [2024-04-26T05:43:38.788-0300] {dag.py:3096} INFO - Sync 1 DAGs
[2024-04-26T05:43:38.805-0300] {logging_mixin.py:188} INFO - [2024-04-26T05:43:38.804-0300] {dag.py:3954} INFO - Setting next_dagrun for example_display_name to None, run_after=None
[2024-04-26T05:43:38.834-0300] {processor.py:183} INFO - Processing /home/athlon/projects/airflow/.venv/lib/python3.11/site-packages/airflow/example_dags/example_display_name.py took 0.098 seconds
[2024-04-26T05:44:33.923-0300] {processor.py:161} INFO - Started process (PID=10510) to work on /home/athlon/projects/airflow/.venv/lib/python3.11/site-packages/airflow/example_dags/example_display_name.py
[2024-04-26T05:44:33.929-0300] {processor.py:830} INFO - Processing file /home/athlon/projects/airflow/.venv/lib/python3.11/site-packages/airflow/example_dags/example_display_name.py for tasks to queue
[2024-04-26T05:44:33.931-0300] {logging_mixin.py:188} INFO - [2024-04-26T05:44:33.931-0300] {dagbag.py:540} INFO - Filling up the DagBag from /home/athlon/projects/airflow/.venv/lib/python3.11/site-packages/airflow/example_dags/example_display_name.py
[2024-04-26T05:44:33.941-0300] {processor.py:840} INFO - DAG(s) 'example_display_name' retrieved from /home/athlon/projects/airflow/.venv/lib/python3.11/site-packages/airflow/example_dags/example_display_name.py
[2024-04-26T05:44:33.964-0300] {logging_mixin.py:188} INFO - [2024-04-26T05:44:33.964-0300] {dag.py:3096} INFO - Sync 1 DAGs
[2024-04-26T05:44:33.981-0300] {logging_mixin.py:188} INFO - [2024-04-26T05:44:33.980-0300] {dag.py:3954} INFO - Setting next_dagrun for example_display_name to None, run_after=None
[2024-04-26T05:44:34.010-0300] {processor.py:183} INFO - Processing /home/athlon/projects/airflow/.venv/lib/python3.11/site-packages/airflow/example_dags/example_display_name.py took 0.098 seconds
[2024-04-26T05:45:30.538-0300] {processor.py:161} INFO - Started process (PID=10560) to work on /home/athlon/projects/airflow/.venv/lib/python3.11/site-packages/airflow/example_dags/example_display_name.py
[2024-04-26T05:45:30.543-0300] {processor.py:830} INFO - Processing file /home/athlon/projects/airflow/.venv/lib/python3.11/site-packages/airflow/example_dags/example_display_name.py for tasks to queue
[2024-04-26T05:45:30.546-0300] {logging_mixin.py:188} INFO - [2024-04-26T05:45:30.545-0300] {dagbag.py:540} INFO - Filling up the DagBag from /home/athlon/projects/airflow/.venv/lib/python3.11/site-packages/airflow/example_dags/example_display_name.py
[2024-04-26T05:45:30.555-0300] {processor.py:840} INFO - DAG(s) 'example_display_name' retrieved from /home/athlon/projects/airflow/.venv/lib/python3.11/site-packages/airflow/example_dags/example_display_name.py
[2024-04-26T05:45:30.579-0300] {logging_mixin.py:188} INFO - [2024-04-26T05:45:30.579-0300] {dag.py:3096} INFO - Sync 1 DAGs
[2024-04-26T05:45:30.596-0300] {logging_mixin.py:188} INFO - [2024-04-26T05:45:30.595-0300] {dag.py:3954} INFO - Setting next_dagrun for example_display_name to None, run_after=None
[2024-04-26T05:45:30.625-0300] {processor.py:183} INFO - Processing /home/athlon/projects/airflow/.venv/lib/python3.11/site-packages/airflow/example_dags/example_display_name.py took 0.098 seconds
[2024-04-26T05:46:30.910-0300] {processor.py:161} INFO - Started process (PID=10616) to work on /home/athlon/projects/airflow/.venv/lib/python3.11/site-packages/airflow/example_dags/example_display_name.py
[2024-04-26T05:46:30.915-0300] {processor.py:830} INFO - Processing file /home/athlon/projects/airflow/.venv/lib/python3.11/site-packages/airflow/example_dags/example_display_name.py for tasks to queue
[2024-04-26T05:46:30.918-0300] {logging_mixin.py:188} INFO - [2024-04-26T05:46:30.917-0300] {dagbag.py:540} INFO - Filling up the DagBag from /home/athlon/projects/airflow/.venv/lib/python3.11/site-packages/airflow/example_dags/example_display_name.py
[2024-04-26T05:46:30.927-0300] {processor.py:840} INFO - DAG(s) 'example_display_name' retrieved from /home/athlon/projects/airflow/.venv/lib/python3.11/site-packages/airflow/example_dags/example_display_name.py
[2024-04-26T05:46:30.953-0300] {logging_mixin.py:188} INFO - [2024-04-26T05:46:30.952-0300] {dag.py:3096} INFO - Sync 1 DAGs
[2024-04-26T05:46:30.975-0300] {logging_mixin.py:188} INFO - [2024-04-26T05:46:30.974-0300] {dag.py:3954} INFO - Setting next_dagrun for example_display_name to None, run_after=None
[2024-04-26T05:46:31.005-0300] {processor.py:183} INFO - Processing /home/athlon/projects/airflow/.venv/lib/python3.11/site-packages/airflow/example_dags/example_display_name.py took 0.107 seconds
[2024-04-26T05:47:27.136-0300] {processor.py:161} INFO - Started process (PID=10687) to work on /home/athlon/projects/airflow/.venv/lib/python3.11/site-packages/airflow/example_dags/example_display_name.py
[2024-04-26T05:47:27.142-0300] {processor.py:830} INFO - Processing file /home/athlon/projects/airflow/.venv/lib/python3.11/site-packages/airflow/example_dags/example_display_name.py for tasks to queue
[2024-04-26T05:47:27.146-0300] {logging_mixin.py:188} INFO - [2024-04-26T05:47:27.145-0300] {dagbag.py:540} INFO - Filling up the DagBag from /home/athlon/projects/airflow/.venv/lib/python3.11/site-packages/airflow/example_dags/example_display_name.py
[2024-04-26T05:47:27.157-0300] {processor.py:840} INFO - DAG(s) 'example_display_name' retrieved from /home/athlon/projects/airflow/.venv/lib/python3.11/site-packages/airflow/example_dags/example_display_name.py
[2024-04-26T05:47:27.181-0300] {logging_mixin.py:188} INFO - [2024-04-26T05:47:27.180-0300] {dag.py:3096} INFO - Sync 1 DAGs
[2024-04-26T05:47:27.197-0300] {logging_mixin.py:188} INFO - [2024-04-26T05:47:27.197-0300] {dag.py:3954} INFO - Setting next_dagrun for example_display_name to None, run_after=None
[2024-04-26T05:47:27.227-0300] {processor.py:183} INFO - Processing /home/athlon/projects/airflow/.venv/lib/python3.11/site-packages/airflow/example_dags/example_display_name.py took 0.102 seconds
[2024-04-26T05:48:22.067-0300] {processor.py:161} INFO - Started process (PID=10757) to work on /home/athlon/projects/airflow/.venv/lib/python3.11/site-packages/airflow/example_dags/example_display_name.py
[2024-04-26T05:48:22.072-0300] {processor.py:830} INFO - Processing file /home/athlon/projects/airflow/.venv/lib/python3.11/site-packages/airflow/example_dags/example_display_name.py for tasks to queue
[2024-04-26T05:48:22.075-0300] {logging_mixin.py:188} INFO - [2024-04-26T05:48:22.074-0300] {dagbag.py:540} INFO - Filling up the DagBag from /home/athlon/projects/airflow/.venv/lib/python3.11/site-packages/airflow/example_dags/example_display_name.py
[2024-04-26T05:48:22.084-0300] {processor.py:840} INFO - DAG(s) 'example_display_name' retrieved from /home/athlon/projects/airflow/.venv/lib/python3.11/site-packages/airflow/example_dags/example_display_name.py
[2024-04-26T05:48:22.108-0300] {logging_mixin.py:188} INFO - [2024-04-26T05:48:22.107-0300] {dag.py:3096} INFO - Sync 1 DAGs
[2024-04-26T05:48:22.124-0300] {logging_mixin.py:188} INFO - [2024-04-26T05:48:22.124-0300] {dag.py:3954} INFO - Setting next_dagrun for example_display_name to None, run_after=None
[2024-04-26T05:48:22.155-0300] {processor.py:183} INFO - Processing /home/athlon/projects/airflow/.venv/lib/python3.11/site-packages/airflow/example_dags/example_display_name.py took 0.099 seconds
[2024-04-26T05:49:23.399-0300] {processor.py:161} INFO - Started process (PID=10841) to work on /home/athlon/projects/airflow/.venv/lib/python3.11/site-packages/airflow/example_dags/example_display_name.py
[2024-04-26T05:49:23.402-0300] {processor.py:830} INFO - Processing file /home/athlon/projects/airflow/.venv/lib/python3.11/site-packages/airflow/example_dags/example_display_name.py for tasks to queue
[2024-04-26T05:49:23.404-0300] {logging_mixin.py:188} INFO - [2024-04-26T05:49:23.404-0300] {dagbag.py:540} INFO - Filling up the DagBag from /home/athlon/projects/airflow/.venv/lib/python3.11/site-packages/airflow/example_dags/example_display_name.py
[2024-04-26T05:49:23.414-0300] {processor.py:840} INFO - DAG(s) 'example_display_name' retrieved from /home/athlon/projects/airflow/.venv/lib/python3.11/site-packages/airflow/example_dags/example_display_name.py
[2024-04-26T05:49:23.438-0300] {logging_mixin.py:188} INFO - [2024-04-26T05:49:23.437-0300] {dag.py:3096} INFO - Sync 1 DAGs
[2024-04-26T05:49:23.454-0300] {logging_mixin.py:188} INFO - [2024-04-26T05:49:23.454-0300] {dag.py:3954} INFO - Setting next_dagrun for example_display_name to None, run_after=None
[2024-04-26T05:49:23.483-0300] {processor.py:183} INFO - Processing /home/athlon/projects/airflow/.venv/lib/python3.11/site-packages/airflow/example_dags/example_display_name.py took 0.096 seconds
[2024-04-26T05:50:34.208-0300] {processor.py:161} INFO - Started process (PID=10935) to work on /home/athlon/projects/airflow/.venv/lib/python3.11/site-packages/airflow/example_dags/example_display_name.py
[2024-04-26T05:50:34.215-0300] {processor.py:830} INFO - Processing file /home/athlon/projects/airflow/.venv/lib/python3.11/site-packages/airflow/example_dags/example_display_name.py for tasks to queue
[2024-04-26T05:50:34.219-0300] {logging_mixin.py:188} INFO - [2024-04-26T05:50:34.218-0300] {dagbag.py:540} INFO - Filling up the DagBag from /home/athlon/projects/airflow/.venv/lib/python3.11/site-packages/airflow/example_dags/example_display_name.py
[2024-04-26T05:50:34.229-0300] {processor.py:840} INFO - DAG(s) 'example_display_name' retrieved from /home/athlon/projects/airflow/.venv/lib/python3.11/site-packages/airflow/example_dags/example_display_name.py
[2024-04-26T05:50:34.267-0300] {logging_mixin.py:188} INFO - [2024-04-26T05:50:34.266-0300] {dag.py:3096} INFO - Sync 1 DAGs
[2024-04-26T05:50:34.295-0300] {logging_mixin.py:188} INFO - [2024-04-26T05:50:34.294-0300] {dag.py:3954} INFO - Setting next_dagrun for example_display_name to None, run_after=None
[2024-04-26T05:50:34.355-0300] {processor.py:183} INFO - Processing /home/athlon/projects/airflow/.venv/lib/python3.11/site-packages/airflow/example_dags/example_display_name.py took 0.159 seconds
[2024-04-26T05:52:04.644-0300] {processor.py:161} INFO - Started process (PID=11023) to work on /home/athlon/projects/airflow/.venv/lib/python3.11/site-packages/airflow/example_dags/example_display_name.py
[2024-04-26T05:52:04.650-0300] {processor.py:830} INFO - Processing file /home/athlon/projects/airflow/.venv/lib/python3.11/site-packages/airflow/example_dags/example_display_name.py for tasks to queue
[2024-04-26T05:52:04.652-0300] {logging_mixin.py:188} INFO - [2024-04-26T05:52:04.652-0300] {dagbag.py:540} INFO - Filling up the DagBag from /home/athlon/projects/airflow/.venv/lib/python3.11/site-packages/airflow/example_dags/example_display_name.py
[2024-04-26T05:52:04.667-0300] {processor.py:840} INFO - DAG(s) 'example_display_name' retrieved from /home/athlon/projects/airflow/.venv/lib/python3.11/site-packages/airflow/example_dags/example_display_name.py
[2024-04-26T05:52:04.697-0300] {logging_mixin.py:188} INFO - [2024-04-26T05:52:04.696-0300] {dag.py:3096} INFO - Sync 1 DAGs
[2024-04-26T05:52:04.716-0300] {logging_mixin.py:188} INFO - [2024-04-26T05:52:04.716-0300] {dag.py:3954} INFO - Setting next_dagrun for example_display_name to None, run_after=None
[2024-04-26T05:52:04.753-0300] {processor.py:183} INFO - Processing /home/athlon/projects/airflow/.venv/lib/python3.11/site-packages/airflow/example_dags/example_display_name.py took 0.123 seconds
