[2024-04-26T05:28:52.596-0300] {processor.py:161} INFO - Started process (PID=9585) to work on /home/athlon/projects/airflow/.venv/lib/python3.11/site-packages/airflow/example_dags/example_branch_python_dop_operator_3.py
[2024-04-26T05:28:52.597-0300] {processor.py:830} INFO - Processing file /home/athlon/projects/airflow/.venv/lib/python3.11/site-packages/airflow/example_dags/example_branch_python_dop_operator_3.py for tasks to queue
[2024-04-26T05:28:52.600-0300] {logging_mixin.py:188} INFO - [2024-04-26T05:28:52.599-0300] {dagbag.py:540} INFO - Filling up the DagBag from /home/athlon/projects/airflow/.venv/lib/python3.11/site-packages/airflow/example_dags/example_branch_python_dop_operator_3.py
[2024-04-26T05:28:52.614-0300] {processor.py:840} INFO - DAG(s) 'example_branch_dop_operator_v3' retrieved from /home/athlon/projects/airflow/.venv/lib/python3.11/site-packages/airflow/example_dags/example_branch_python_dop_operator_3.py
[2024-04-26T05:28:52.793-0300] {logging_mixin.py:188} INFO - [2024-04-26T05:28:52.792-0300] {override.py:1829} INFO - Created Permission View: can edit on DAG:example_branch_dop_operator_v3
[2024-04-26T05:28:52.809-0300] {logging_mixin.py:188} INFO - [2024-04-26T05:28:52.809-0300] {override.py:1829} INFO - Created Permission View: can delete on DAG:example_branch_dop_operator_v3
[2024-04-26T05:28:52.821-0300] {logging_mixin.py:188} INFO - [2024-04-26T05:28:52.821-0300] {override.py:1829} INFO - Created Permission View: can read on DAG:example_branch_dop_operator_v3
[2024-04-26T05:28:52.822-0300] {logging_mixin.py:188} INFO - [2024-04-26T05:28:52.822-0300] {dag.py:3096} INFO - Sync 1 DAGs
[2024-04-26T05:28:52.847-0300] {logging_mixin.py:188} INFO - [2024-04-26T05:28:52.846-0300] {dag.py:3118} INFO - Creating ORM DAG for example_branch_dop_operator_v3
[2024-04-26T05:28:52.868-0300] {logging_mixin.py:188} INFO - [2024-04-26T05:28:52.867-0300] {dag.py:3954} INFO - Setting next_dagrun for example_branch_dop_operator_v3 to 2024-04-26 08:27:00+00:00, run_after=2024-04-26 08:28:00+00:00
[2024-04-26T05:28:52.892-0300] {processor.py:183} INFO - Processing /home/athlon/projects/airflow/.venv/lib/python3.11/site-packages/airflow/example_dags/example_branch_python_dop_operator_3.py took 0.307 seconds
[2024-04-26T05:30:00.938-0300] {processor.py:161} INFO - Started process (PID=9666) to work on /home/athlon/projects/airflow/.venv/lib/python3.11/site-packages/airflow/example_dags/example_branch_python_dop_operator_3.py
[2024-04-26T05:30:00.943-0300] {processor.py:830} INFO - Processing file /home/athlon/projects/airflow/.venv/lib/python3.11/site-packages/airflow/example_dags/example_branch_python_dop_operator_3.py for tasks to queue
[2024-04-26T05:30:00.946-0300] {logging_mixin.py:188} INFO - [2024-04-26T05:30:00.946-0300] {dagbag.py:540} INFO - Filling up the DagBag from /home/athlon/projects/airflow/.venv/lib/python3.11/site-packages/airflow/example_dags/example_branch_python_dop_operator_3.py
[2024-04-26T05:30:00.964-0300] {processor.py:840} INFO - DAG(s) 'example_branch_dop_operator_v3' retrieved from /home/athlon/projects/airflow/.venv/lib/python3.11/site-packages/airflow/example_dags/example_branch_python_dop_operator_3.py
[2024-04-26T05:30:00.987-0300] {logging_mixin.py:188} INFO - [2024-04-26T05:30:00.987-0300] {dag.py:3096} INFO - Sync 1 DAGs
[2024-04-26T05:30:01.020-0300] {logging_mixin.py:188} INFO - [2024-04-26T05:30:01.020-0300] {dag.py:3954} INFO - Setting next_dagrun for example_branch_dop_operator_v3 to 2024-04-26 08:29:00+00:00, run_after=2024-04-26 08:30:00+00:00
[2024-04-26T05:30:01.050-0300] {processor.py:183} INFO - Processing /home/athlon/projects/airflow/.venv/lib/python3.11/site-packages/airflow/example_dags/example_branch_python_dop_operator_3.py took 0.122 seconds
[2024-04-26T05:30:59.182-0300] {processor.py:161} INFO - Started process (PID=9718) to work on /home/athlon/projects/airflow/.venv/lib/python3.11/site-packages/airflow/example_dags/example_branch_python_dop_operator_3.py
[2024-04-26T05:30:59.187-0300] {processor.py:830} INFO - Processing file /home/athlon/projects/airflow/.venv/lib/python3.11/site-packages/airflow/example_dags/example_branch_python_dop_operator_3.py for tasks to queue
[2024-04-26T05:30:59.190-0300] {logging_mixin.py:188} INFO - [2024-04-26T05:30:59.189-0300] {dagbag.py:540} INFO - Filling up the DagBag from /home/athlon/projects/airflow/.venv/lib/python3.11/site-packages/airflow/example_dags/example_branch_python_dop_operator_3.py
[2024-04-26T05:30:59.204-0300] {processor.py:840} INFO - DAG(s) 'example_branch_dop_operator_v3' retrieved from /home/athlon/projects/airflow/.venv/lib/python3.11/site-packages/airflow/example_dags/example_branch_python_dop_operator_3.py
[2024-04-26T05:30:59.226-0300] {logging_mixin.py:188} INFO - [2024-04-26T05:30:59.226-0300] {dag.py:3096} INFO - Sync 1 DAGs
[2024-04-26T05:30:59.258-0300] {logging_mixin.py:188} INFO - [2024-04-26T05:30:59.258-0300] {dag.py:3954} INFO - Setting next_dagrun for example_branch_dop_operator_v3 to 2024-04-26 08:29:00+00:00, run_after=2024-04-26 08:30:00+00:00
[2024-04-26T05:30:59.298-0300] {processor.py:183} INFO - Processing /home/athlon/projects/airflow/.venv/lib/python3.11/site-packages/airflow/example_dags/example_branch_python_dop_operator_3.py took 0.125 seconds
[2024-04-26T05:31:57.137-0300] {processor.py:161} INFO - Started process (PID=9775) to work on /home/athlon/projects/airflow/.venv/lib/python3.11/site-packages/airflow/example_dags/example_branch_python_dop_operator_3.py
[2024-04-26T05:31:57.143-0300] {processor.py:830} INFO - Processing file /home/athlon/projects/airflow/.venv/lib/python3.11/site-packages/airflow/example_dags/example_branch_python_dop_operator_3.py for tasks to queue
[2024-04-26T05:31:57.145-0300] {logging_mixin.py:188} INFO - [2024-04-26T05:31:57.145-0300] {dagbag.py:540} INFO - Filling up the DagBag from /home/athlon/projects/airflow/.venv/lib/python3.11/site-packages/airflow/example_dags/example_branch_python_dop_operator_3.py
[2024-04-26T05:31:57.160-0300] {processor.py:840} INFO - DAG(s) 'example_branch_dop_operator_v3' retrieved from /home/athlon/projects/airflow/.venv/lib/python3.11/site-packages/airflow/example_dags/example_branch_python_dop_operator_3.py
[2024-04-26T05:31:57.183-0300] {logging_mixin.py:188} INFO - [2024-04-26T05:31:57.183-0300] {dag.py:3096} INFO - Sync 1 DAGs
[2024-04-26T05:31:57.215-0300] {logging_mixin.py:188} INFO - [2024-04-26T05:31:57.215-0300] {dag.py:3954} INFO - Setting next_dagrun for example_branch_dop_operator_v3 to 2024-04-26 08:30:00+00:00, run_after=2024-04-26 08:31:00+00:00
[2024-04-26T05:31:57.244-0300] {processor.py:183} INFO - Processing /home/athlon/projects/airflow/.venv/lib/python3.11/site-packages/airflow/example_dags/example_branch_python_dop_operator_3.py took 0.117 seconds
[2024-04-26T05:32:56.563-0300] {processor.py:161} INFO - Started process (PID=9829) to work on /home/athlon/projects/airflow/.venv/lib/python3.11/site-packages/airflow/example_dags/example_branch_python_dop_operator_3.py
[2024-04-26T05:32:56.568-0300] {processor.py:830} INFO - Processing file /home/athlon/projects/airflow/.venv/lib/python3.11/site-packages/airflow/example_dags/example_branch_python_dop_operator_3.py for tasks to queue
[2024-04-26T05:32:56.571-0300] {logging_mixin.py:188} INFO - [2024-04-26T05:32:56.570-0300] {dagbag.py:540} INFO - Filling up the DagBag from /home/athlon/projects/airflow/.venv/lib/python3.11/site-packages/airflow/example_dags/example_branch_python_dop_operator_3.py
[2024-04-26T05:32:56.587-0300] {processor.py:840} INFO - DAG(s) 'example_branch_dop_operator_v3' retrieved from /home/athlon/projects/airflow/.venv/lib/python3.11/site-packages/airflow/example_dags/example_branch_python_dop_operator_3.py
[2024-04-26T05:32:56.610-0300] {logging_mixin.py:188} INFO - [2024-04-26T05:32:56.610-0300] {dag.py:3096} INFO - Sync 1 DAGs
[2024-04-26T05:32:56.642-0300] {logging_mixin.py:188} INFO - [2024-04-26T05:32:56.642-0300] {dag.py:3954} INFO - Setting next_dagrun for example_branch_dop_operator_v3 to 2024-04-26 08:31:00+00:00, run_after=2024-04-26 08:32:00+00:00
[2024-04-26T05:32:56.671-0300] {processor.py:183} INFO - Processing /home/athlon/projects/airflow/.venv/lib/python3.11/site-packages/airflow/example_dags/example_branch_python_dop_operator_3.py took 0.119 seconds
[2024-04-26T05:33:58.136-0300] {processor.py:161} INFO - Started process (PID=9886) to work on /home/athlon/projects/airflow/.venv/lib/python3.11/site-packages/airflow/example_dags/example_branch_python_dop_operator_3.py
[2024-04-26T05:33:58.137-0300] {processor.py:830} INFO - Processing file /home/athlon/projects/airflow/.venv/lib/python3.11/site-packages/airflow/example_dags/example_branch_python_dop_operator_3.py for tasks to queue
[2024-04-26T05:33:58.140-0300] {logging_mixin.py:188} INFO - [2024-04-26T05:33:58.139-0300] {dagbag.py:540} INFO - Filling up the DagBag from /home/athlon/projects/airflow/.venv/lib/python3.11/site-packages/airflow/example_dags/example_branch_python_dop_operator_3.py
[2024-04-26T05:33:58.154-0300] {processor.py:840} INFO - DAG(s) 'example_branch_dop_operator_v3' retrieved from /home/athlon/projects/airflow/.venv/lib/python3.11/site-packages/airflow/example_dags/example_branch_python_dop_operator_3.py
[2024-04-26T05:33:58.309-0300] {logging_mixin.py:188} INFO - [2024-04-26T05:33:58.309-0300] {dag.py:3096} INFO - Sync 1 DAGs
[2024-04-26T05:33:58.338-0300] {logging_mixin.py:188} INFO - [2024-04-26T05:33:58.337-0300] {dag.py:3954} INFO - Setting next_dagrun for example_branch_dop_operator_v3 to 2024-04-26 08:32:00+00:00, run_after=2024-04-26 08:33:00+00:00
[2024-04-26T05:33:58.369-0300] {processor.py:183} INFO - Processing /home/athlon/projects/airflow/.venv/lib/python3.11/site-packages/airflow/example_dags/example_branch_python_dop_operator_3.py took 0.243 seconds
[2024-04-26T05:34:54.493-0300] {processor.py:161} INFO - Started process (PID=9951) to work on /home/athlon/projects/airflow/.venv/lib/python3.11/site-packages/airflow/example_dags/example_branch_python_dop_operator_3.py
[2024-04-26T05:34:54.499-0300] {processor.py:830} INFO - Processing file /home/athlon/projects/airflow/.venv/lib/python3.11/site-packages/airflow/example_dags/example_branch_python_dop_operator_3.py for tasks to queue
[2024-04-26T05:34:54.502-0300] {logging_mixin.py:188} INFO - [2024-04-26T05:34:54.501-0300] {dagbag.py:540} INFO - Filling up the DagBag from /home/athlon/projects/airflow/.venv/lib/python3.11/site-packages/airflow/example_dags/example_branch_python_dop_operator_3.py
[2024-04-26T05:34:54.517-0300] {processor.py:840} INFO - DAG(s) 'example_branch_dop_operator_v3' retrieved from /home/athlon/projects/airflow/.venv/lib/python3.11/site-packages/airflow/example_dags/example_branch_python_dop_operator_3.py
[2024-04-26T05:34:54.540-0300] {logging_mixin.py:188} INFO - [2024-04-26T05:34:54.540-0300] {dag.py:3096} INFO - Sync 1 DAGs
[2024-04-26T05:34:54.579-0300] {logging_mixin.py:188} INFO - [2024-04-26T05:34:54.579-0300] {dag.py:3954} INFO - Setting next_dagrun for example_branch_dop_operator_v3 to 2024-04-26 08:33:00+00:00, run_after=2024-04-26 08:34:00+00:00
[2024-04-26T05:34:54.609-0300] {processor.py:183} INFO - Processing /home/athlon/projects/airflow/.venv/lib/python3.11/site-packages/airflow/example_dags/example_branch_python_dop_operator_3.py took 0.126 seconds
[2024-04-26T05:35:50.234-0300] {processor.py:161} INFO - Started process (PID=10002) to work on /home/athlon/projects/airflow/.venv/lib/python3.11/site-packages/airflow/example_dags/example_branch_python_dop_operator_3.py
[2024-04-26T05:35:50.239-0300] {processor.py:830} INFO - Processing file /home/athlon/projects/airflow/.venv/lib/python3.11/site-packages/airflow/example_dags/example_branch_python_dop_operator_3.py for tasks to queue
[2024-04-26T05:35:50.242-0300] {logging_mixin.py:188} INFO - [2024-04-26T05:35:50.241-0300] {dagbag.py:540} INFO - Filling up the DagBag from /home/athlon/projects/airflow/.venv/lib/python3.11/site-packages/airflow/example_dags/example_branch_python_dop_operator_3.py
[2024-04-26T05:35:50.258-0300] {processor.py:840} INFO - DAG(s) 'example_branch_dop_operator_v3' retrieved from /home/athlon/projects/airflow/.venv/lib/python3.11/site-packages/airflow/example_dags/example_branch_python_dop_operator_3.py
[2024-04-26T05:35:50.285-0300] {logging_mixin.py:188} INFO - [2024-04-26T05:35:50.285-0300] {dag.py:3096} INFO - Sync 1 DAGs
[2024-04-26T05:35:50.319-0300] {logging_mixin.py:188} INFO - [2024-04-26T05:35:50.319-0300] {dag.py:3954} INFO - Setting next_dagrun for example_branch_dop_operator_v3 to 2024-04-26 08:34:00+00:00, run_after=2024-04-26 08:35:00+00:00
[2024-04-26T05:35:50.350-0300] {processor.py:183} INFO - Processing /home/athlon/projects/airflow/.venv/lib/python3.11/site-packages/airflow/example_dags/example_branch_python_dop_operator_3.py took 0.127 seconds
[2024-04-26T05:36:46.176-0300] {processor.py:161} INFO - Started process (PID=10053) to work on /home/athlon/projects/airflow/.venv/lib/python3.11/site-packages/airflow/example_dags/example_branch_python_dop_operator_3.py
[2024-04-26T05:36:46.182-0300] {processor.py:830} INFO - Processing file /home/athlon/projects/airflow/.venv/lib/python3.11/site-packages/airflow/example_dags/example_branch_python_dop_operator_3.py for tasks to queue
[2024-04-26T05:36:46.184-0300] {logging_mixin.py:188} INFO - [2024-04-26T05:36:46.184-0300] {dagbag.py:540} INFO - Filling up the DagBag from /home/athlon/projects/airflow/.venv/lib/python3.11/site-packages/airflow/example_dags/example_branch_python_dop_operator_3.py
[2024-04-26T05:36:46.200-0300] {processor.py:840} INFO - DAG(s) 'example_branch_dop_operator_v3' retrieved from /home/athlon/projects/airflow/.venv/lib/python3.11/site-packages/airflow/example_dags/example_branch_python_dop_operator_3.py
[2024-04-26T05:36:46.223-0300] {logging_mixin.py:188} INFO - [2024-04-26T05:36:46.223-0300] {dag.py:3096} INFO - Sync 1 DAGs
[2024-04-26T05:36:46.257-0300] {logging_mixin.py:188} INFO - [2024-04-26T05:36:46.256-0300] {dag.py:3954} INFO - Setting next_dagrun for example_branch_dop_operator_v3 to 2024-04-26 08:35:00+00:00, run_after=2024-04-26 08:36:00+00:00
[2024-04-26T05:36:46.286-0300] {processor.py:183} INFO - Processing /home/athlon/projects/airflow/.venv/lib/python3.11/site-packages/airflow/example_dags/example_branch_python_dop_operator_3.py took 0.121 seconds
[2024-04-26T05:37:42.804-0300] {processor.py:161} INFO - Started process (PID=10109) to work on /home/athlon/projects/airflow/.venv/lib/python3.11/site-packages/airflow/example_dags/example_branch_python_dop_operator_3.py
[2024-04-26T05:37:42.809-0300] {processor.py:830} INFO - Processing file /home/athlon/projects/airflow/.venv/lib/python3.11/site-packages/airflow/example_dags/example_branch_python_dop_operator_3.py for tasks to queue
[2024-04-26T05:37:42.812-0300] {logging_mixin.py:188} INFO - [2024-04-26T05:37:42.811-0300] {dagbag.py:540} INFO - Filling up the DagBag from /home/athlon/projects/airflow/.venv/lib/python3.11/site-packages/airflow/example_dags/example_branch_python_dop_operator_3.py
[2024-04-26T05:37:42.828-0300] {processor.py:840} INFO - DAG(s) 'example_branch_dop_operator_v3' retrieved from /home/athlon/projects/airflow/.venv/lib/python3.11/site-packages/airflow/example_dags/example_branch_python_dop_operator_3.py
[2024-04-26T05:37:42.853-0300] {logging_mixin.py:188} INFO - [2024-04-26T05:37:42.852-0300] {dag.py:3096} INFO - Sync 1 DAGs
[2024-04-26T05:37:42.886-0300] {logging_mixin.py:188} INFO - [2024-04-26T05:37:42.885-0300] {dag.py:3954} INFO - Setting next_dagrun for example_branch_dop_operator_v3 to 2024-04-26 08:36:00+00:00, run_after=2024-04-26 08:37:00+00:00
[2024-04-26T05:37:42.915-0300] {processor.py:183} INFO - Processing /home/athlon/projects/airflow/.venv/lib/python3.11/site-packages/airflow/example_dags/example_branch_python_dop_operator_3.py took 0.122 seconds
[2024-04-26T05:38:40.802-0300] {processor.py:161} INFO - Started process (PID=10160) to work on /home/athlon/projects/airflow/.venv/lib/python3.11/site-packages/airflow/example_dags/example_branch_python_dop_operator_3.py
[2024-04-26T05:38:40.808-0300] {processor.py:830} INFO - Processing file /home/athlon/projects/airflow/.venv/lib/python3.11/site-packages/airflow/example_dags/example_branch_python_dop_operator_3.py for tasks to queue
[2024-04-26T05:38:40.811-0300] {logging_mixin.py:188} INFO - [2024-04-26T05:38:40.810-0300] {dagbag.py:540} INFO - Filling up the DagBag from /home/athlon/projects/airflow/.venv/lib/python3.11/site-packages/airflow/example_dags/example_branch_python_dop_operator_3.py
[2024-04-26T05:38:40.826-0300] {processor.py:840} INFO - DAG(s) 'example_branch_dop_operator_v3' retrieved from /home/athlon/projects/airflow/.venv/lib/python3.11/site-packages/airflow/example_dags/example_branch_python_dop_operator_3.py
[2024-04-26T05:38:40.849-0300] {logging_mixin.py:188} INFO - [2024-04-26T05:38:40.849-0300] {dag.py:3096} INFO - Sync 1 DAGs
[2024-04-26T05:38:40.882-0300] {logging_mixin.py:188} INFO - [2024-04-26T05:38:40.882-0300] {dag.py:3954} INFO - Setting next_dagrun for example_branch_dop_operator_v3 to 2024-04-26 08:37:00+00:00, run_after=2024-04-26 08:38:00+00:00
[2024-04-26T05:38:40.917-0300] {processor.py:183} INFO - Processing /home/athlon/projects/airflow/.venv/lib/python3.11/site-packages/airflow/example_dags/example_branch_python_dop_operator_3.py took 0.125 seconds
[2024-04-26T05:39:41.267-0300] {processor.py:161} INFO - Started process (PID=10245) to work on /home/athlon/projects/airflow/.venv/lib/python3.11/site-packages/airflow/example_dags/example_branch_python_dop_operator_3.py
[2024-04-26T05:39:41.273-0300] {processor.py:830} INFO - Processing file /home/athlon/projects/airflow/.venv/lib/python3.11/site-packages/airflow/example_dags/example_branch_python_dop_operator_3.py for tasks to queue
[2024-04-26T05:39:41.275-0300] {logging_mixin.py:188} INFO - [2024-04-26T05:39:41.275-0300] {dagbag.py:540} INFO - Filling up the DagBag from /home/athlon/projects/airflow/.venv/lib/python3.11/site-packages/airflow/example_dags/example_branch_python_dop_operator_3.py
[2024-04-26T05:39:41.288-0300] {processor.py:840} INFO - DAG(s) 'example_branch_dop_operator_v3' retrieved from /home/athlon/projects/airflow/.venv/lib/python3.11/site-packages/airflow/example_dags/example_branch_python_dop_operator_3.py
[2024-04-26T05:39:41.310-0300] {logging_mixin.py:188} INFO - [2024-04-26T05:39:41.309-0300] {dag.py:3096} INFO - Sync 1 DAGs
[2024-04-26T05:39:41.344-0300] {logging_mixin.py:188} INFO - [2024-04-26T05:39:41.343-0300] {dag.py:3954} INFO - Setting next_dagrun for example_branch_dop_operator_v3 to 2024-04-26 08:38:00+00:00, run_after=2024-04-26 08:39:00+00:00
[2024-04-26T05:39:41.373-0300] {processor.py:183} INFO - Processing /home/athlon/projects/airflow/.venv/lib/python3.11/site-packages/airflow/example_dags/example_branch_python_dop_operator_3.py took 0.120 seconds
[2024-04-26T05:40:40.444-0300] {processor.py:161} INFO - Started process (PID=10301) to work on /home/athlon/projects/airflow/.venv/lib/python3.11/site-packages/airflow/example_dags/example_branch_python_dop_operator_3.py
[2024-04-26T05:40:40.449-0300] {processor.py:830} INFO - Processing file /home/athlon/projects/airflow/.venv/lib/python3.11/site-packages/airflow/example_dags/example_branch_python_dop_operator_3.py for tasks to queue
[2024-04-26T05:40:40.452-0300] {logging_mixin.py:188} INFO - [2024-04-26T05:40:40.452-0300] {dagbag.py:540} INFO - Filling up the DagBag from /home/athlon/projects/airflow/.venv/lib/python3.11/site-packages/airflow/example_dags/example_branch_python_dop_operator_3.py
[2024-04-26T05:40:40.467-0300] {processor.py:840} INFO - DAG(s) 'example_branch_dop_operator_v3' retrieved from /home/athlon/projects/airflow/.venv/lib/python3.11/site-packages/airflow/example_dags/example_branch_python_dop_operator_3.py
[2024-04-26T05:40:40.491-0300] {logging_mixin.py:188} INFO - [2024-04-26T05:40:40.490-0300] {dag.py:3096} INFO - Sync 1 DAGs
[2024-04-26T05:40:40.525-0300] {logging_mixin.py:188} INFO - [2024-04-26T05:40:40.524-0300] {dag.py:3954} INFO - Setting next_dagrun for example_branch_dop_operator_v3 to 2024-04-26 08:39:00+00:00, run_after=2024-04-26 08:40:00+00:00
[2024-04-26T05:40:40.559-0300] {processor.py:183} INFO - Processing /home/athlon/projects/airflow/.venv/lib/python3.11/site-packages/airflow/example_dags/example_branch_python_dop_operator_3.py took 0.126 seconds
[2024-04-26T05:41:40.576-0300] {processor.py:161} INFO - Started process (PID=10355) to work on /home/athlon/projects/airflow/.venv/lib/python3.11/site-packages/airflow/example_dags/example_branch_python_dop_operator_3.py
[2024-04-26T05:41:40.582-0300] {processor.py:830} INFO - Processing file /home/athlon/projects/airflow/.venv/lib/python3.11/site-packages/airflow/example_dags/example_branch_python_dop_operator_3.py for tasks to queue
[2024-04-26T05:41:40.584-0300] {logging_mixin.py:188} INFO - [2024-04-26T05:41:40.583-0300] {dagbag.py:540} INFO - Filling up the DagBag from /home/athlon/projects/airflow/.venv/lib/python3.11/site-packages/airflow/example_dags/example_branch_python_dop_operator_3.py
[2024-04-26T05:41:40.598-0300] {processor.py:840} INFO - DAG(s) 'example_branch_dop_operator_v3' retrieved from /home/athlon/projects/airflow/.venv/lib/python3.11/site-packages/airflow/example_dags/example_branch_python_dop_operator_3.py
[2024-04-26T05:41:40.621-0300] {logging_mixin.py:188} INFO - [2024-04-26T05:41:40.621-0300] {dag.py:3096} INFO - Sync 1 DAGs
[2024-04-26T05:41:40.655-0300] {logging_mixin.py:188} INFO - [2024-04-26T05:41:40.655-0300] {dag.py:3954} INFO - Setting next_dagrun for example_branch_dop_operator_v3 to 2024-04-26 08:40:00+00:00, run_after=2024-04-26 08:41:00+00:00
[2024-04-26T05:41:40.685-0300] {processor.py:183} INFO - Processing /home/athlon/projects/airflow/.venv/lib/python3.11/site-packages/airflow/example_dags/example_branch_python_dop_operator_3.py took 0.119 seconds
[2024-04-26T05:42:43.939-0300] {processor.py:161} INFO - Started process (PID=10408) to work on /home/athlon/projects/airflow/.venv/lib/python3.11/site-packages/airflow/example_dags/example_branch_python_dop_operator_3.py
[2024-04-26T05:42:43.944-0300] {processor.py:830} INFO - Processing file /home/athlon/projects/airflow/.venv/lib/python3.11/site-packages/airflow/example_dags/example_branch_python_dop_operator_3.py for tasks to queue
[2024-04-26T05:42:43.947-0300] {logging_mixin.py:188} INFO - [2024-04-26T05:42:43.946-0300] {dagbag.py:540} INFO - Filling up the DagBag from /home/athlon/projects/airflow/.venv/lib/python3.11/site-packages/airflow/example_dags/example_branch_python_dop_operator_3.py
[2024-04-26T05:42:43.962-0300] {processor.py:840} INFO - DAG(s) 'example_branch_dop_operator_v3' retrieved from /home/athlon/projects/airflow/.venv/lib/python3.11/site-packages/airflow/example_dags/example_branch_python_dop_operator_3.py
[2024-04-26T05:42:43.994-0300] {logging_mixin.py:188} INFO - [2024-04-26T05:42:43.994-0300] {dag.py:3096} INFO - Sync 1 DAGs
[2024-04-26T05:42:44.027-0300] {logging_mixin.py:188} INFO - [2024-04-26T05:42:44.027-0300] {dag.py:3954} INFO - Setting next_dagrun for example_branch_dop_operator_v3 to 2024-04-26 08:41:00+00:00, run_after=2024-04-26 08:42:00+00:00
[2024-04-26T05:42:44.059-0300] {processor.py:183} INFO - Processing /home/athlon/projects/airflow/.venv/lib/python3.11/site-packages/airflow/example_dags/example_branch_python_dop_operator_3.py took 0.131 seconds
[2024-04-26T05:43:43.257-0300] {processor.py:161} INFO - Started process (PID=10461) to work on /home/athlon/projects/airflow/.venv/lib/python3.11/site-packages/airflow/example_dags/example_branch_python_dop_operator_3.py
[2024-04-26T05:43:43.263-0300] {processor.py:830} INFO - Processing file /home/athlon/projects/airflow/.venv/lib/python3.11/site-packages/airflow/example_dags/example_branch_python_dop_operator_3.py for tasks to queue
[2024-04-26T05:43:43.266-0300] {logging_mixin.py:188} INFO - [2024-04-26T05:43:43.265-0300] {dagbag.py:540} INFO - Filling up the DagBag from /home/athlon/projects/airflow/.venv/lib/python3.11/site-packages/airflow/example_dags/example_branch_python_dop_operator_3.py
[2024-04-26T05:43:43.281-0300] {processor.py:840} INFO - DAG(s) 'example_branch_dop_operator_v3' retrieved from /home/athlon/projects/airflow/.venv/lib/python3.11/site-packages/airflow/example_dags/example_branch_python_dop_operator_3.py
[2024-04-26T05:43:43.305-0300] {logging_mixin.py:188} INFO - [2024-04-26T05:43:43.305-0300] {dag.py:3096} INFO - Sync 1 DAGs
[2024-04-26T05:43:43.338-0300] {logging_mixin.py:188} INFO - [2024-04-26T05:43:43.338-0300] {dag.py:3954} INFO - Setting next_dagrun for example_branch_dop_operator_v3 to 2024-04-26 08:42:00+00:00, run_after=2024-04-26 08:43:00+00:00
[2024-04-26T05:43:43.374-0300] {processor.py:183} INFO - Processing /home/athlon/projects/airflow/.venv/lib/python3.11/site-packages/airflow/example_dags/example_branch_python_dop_operator_3.py took 0.127 seconds
[2024-04-26T05:44:38.956-0300] {processor.py:161} INFO - Started process (PID=10514) to work on /home/athlon/projects/airflow/.venv/lib/python3.11/site-packages/airflow/example_dags/example_branch_python_dop_operator_3.py
[2024-04-26T05:44:38.962-0300] {processor.py:830} INFO - Processing file /home/athlon/projects/airflow/.venv/lib/python3.11/site-packages/airflow/example_dags/example_branch_python_dop_operator_3.py for tasks to queue
[2024-04-26T05:44:38.965-0300] {logging_mixin.py:188} INFO - [2024-04-26T05:44:38.964-0300] {dagbag.py:540} INFO - Filling up the DagBag from /home/athlon/projects/airflow/.venv/lib/python3.11/site-packages/airflow/example_dags/example_branch_python_dop_operator_3.py
[2024-04-26T05:44:38.981-0300] {processor.py:840} INFO - DAG(s) 'example_branch_dop_operator_v3' retrieved from /home/athlon/projects/airflow/.venv/lib/python3.11/site-packages/airflow/example_dags/example_branch_python_dop_operator_3.py
[2024-04-26T05:44:39.005-0300] {logging_mixin.py:188} INFO - [2024-04-26T05:44:39.005-0300] {dag.py:3096} INFO - Sync 1 DAGs
[2024-04-26T05:44:39.038-0300] {logging_mixin.py:188} INFO - [2024-04-26T05:44:39.037-0300] {dag.py:3954} INFO - Setting next_dagrun for example_branch_dop_operator_v3 to 2024-04-26 08:43:00+00:00, run_after=2024-04-26 08:44:00+00:00
[2024-04-26T05:44:39.067-0300] {processor.py:183} INFO - Processing /home/athlon/projects/airflow/.venv/lib/python3.11/site-packages/airflow/example_dags/example_branch_python_dop_operator_3.py took 0.122 seconds
[2024-04-26T05:45:35.556-0300] {processor.py:161} INFO - Started process (PID=10564) to work on /home/athlon/projects/airflow/.venv/lib/python3.11/site-packages/airflow/example_dags/example_branch_python_dop_operator_3.py
[2024-04-26T05:45:35.562-0300] {processor.py:830} INFO - Processing file /home/athlon/projects/airflow/.venv/lib/python3.11/site-packages/airflow/example_dags/example_branch_python_dop_operator_3.py for tasks to queue
[2024-04-26T05:45:35.565-0300] {logging_mixin.py:188} INFO - [2024-04-26T05:45:35.564-0300] {dagbag.py:540} INFO - Filling up the DagBag from /home/athlon/projects/airflow/.venv/lib/python3.11/site-packages/airflow/example_dags/example_branch_python_dop_operator_3.py
[2024-04-26T05:45:35.579-0300] {processor.py:840} INFO - DAG(s) 'example_branch_dop_operator_v3' retrieved from /home/athlon/projects/airflow/.venv/lib/python3.11/site-packages/airflow/example_dags/example_branch_python_dop_operator_3.py
[2024-04-26T05:45:35.602-0300] {logging_mixin.py:188} INFO - [2024-04-26T05:45:35.601-0300] {dag.py:3096} INFO - Sync 1 DAGs
[2024-04-26T05:45:35.635-0300] {logging_mixin.py:188} INFO - [2024-04-26T05:45:35.634-0300] {dag.py:3954} INFO - Setting next_dagrun for example_branch_dop_operator_v3 to 2024-04-26 08:44:00+00:00, run_after=2024-04-26 08:45:00+00:00
[2024-04-26T05:45:35.664-0300] {processor.py:183} INFO - Processing /home/athlon/projects/airflow/.venv/lib/python3.11/site-packages/airflow/example_dags/example_branch_python_dop_operator_3.py took 0.117 seconds
[2024-04-26T05:46:34.958-0300] {processor.py:161} INFO - Started process (PID=10620) to work on /home/athlon/projects/airflow/.venv/lib/python3.11/site-packages/airflow/example_dags/example_branch_python_dop_operator_3.py
[2024-04-26T05:46:34.963-0300] {processor.py:830} INFO - Processing file /home/athlon/projects/airflow/.venv/lib/python3.11/site-packages/airflow/example_dags/example_branch_python_dop_operator_3.py for tasks to queue
[2024-04-26T05:46:34.966-0300] {logging_mixin.py:188} INFO - [2024-04-26T05:46:34.965-0300] {dagbag.py:540} INFO - Filling up the DagBag from /home/athlon/projects/airflow/.venv/lib/python3.11/site-packages/airflow/example_dags/example_branch_python_dop_operator_3.py
[2024-04-26T05:46:34.980-0300] {processor.py:840} INFO - DAG(s) 'example_branch_dop_operator_v3' retrieved from /home/athlon/projects/airflow/.venv/lib/python3.11/site-packages/airflow/example_dags/example_branch_python_dop_operator_3.py
[2024-04-26T05:46:35.003-0300] {logging_mixin.py:188} INFO - [2024-04-26T05:46:35.002-0300] {dag.py:3096} INFO - Sync 1 DAGs
[2024-04-26T05:46:35.035-0300] {logging_mixin.py:188} INFO - [2024-04-26T05:46:35.035-0300] {dag.py:3954} INFO - Setting next_dagrun for example_branch_dop_operator_v3 to 2024-04-26 08:45:00+00:00, run_after=2024-04-26 08:46:00+00:00
[2024-04-26T05:46:35.065-0300] {processor.py:183} INFO - Processing /home/athlon/projects/airflow/.venv/lib/python3.11/site-packages/airflow/example_dags/example_branch_python_dop_operator_3.py took 0.116 seconds
[2024-04-26T05:47:31.139-0300] {processor.py:161} INFO - Started process (PID=10692) to work on /home/athlon/projects/airflow/.venv/lib/python3.11/site-packages/airflow/example_dags/example_branch_python_dop_operator_3.py
[2024-04-26T05:47:31.146-0300] {processor.py:830} INFO - Processing file /home/athlon/projects/airflow/.venv/lib/python3.11/site-packages/airflow/example_dags/example_branch_python_dop_operator_3.py for tasks to queue
[2024-04-26T05:47:31.150-0300] {logging_mixin.py:188} INFO - [2024-04-26T05:47:31.149-0300] {dagbag.py:540} INFO - Filling up the DagBag from /home/athlon/projects/airflow/.venv/lib/python3.11/site-packages/airflow/example_dags/example_branch_python_dop_operator_3.py
[2024-04-26T05:47:31.167-0300] {processor.py:840} INFO - DAG(s) 'example_branch_dop_operator_v3' retrieved from /home/athlon/projects/airflow/.venv/lib/python3.11/site-packages/airflow/example_dags/example_branch_python_dop_operator_3.py
[2024-04-26T05:47:31.190-0300] {logging_mixin.py:188} INFO - [2024-04-26T05:47:31.190-0300] {dag.py:3096} INFO - Sync 1 DAGs
[2024-04-26T05:47:31.224-0300] {logging_mixin.py:188} INFO - [2024-04-26T05:47:31.223-0300] {dag.py:3954} INFO - Setting next_dagrun for example_branch_dop_operator_v3 to 2024-04-26 08:46:00+00:00, run_after=2024-04-26 08:47:00+00:00
[2024-04-26T05:47:31.253-0300] {processor.py:183} INFO - Processing /home/athlon/projects/airflow/.venv/lib/python3.11/site-packages/airflow/example_dags/example_branch_python_dop_operator_3.py took 0.124 seconds
[2024-04-26T05:48:26.951-0300] {processor.py:161} INFO - Started process (PID=10761) to work on /home/athlon/projects/airflow/.venv/lib/python3.11/site-packages/airflow/example_dags/example_branch_python_dop_operator_3.py
[2024-04-26T05:48:26.956-0300] {processor.py:830} INFO - Processing file /home/athlon/projects/airflow/.venv/lib/python3.11/site-packages/airflow/example_dags/example_branch_python_dop_operator_3.py for tasks to queue
[2024-04-26T05:48:26.959-0300] {logging_mixin.py:188} INFO - [2024-04-26T05:48:26.958-0300] {dagbag.py:540} INFO - Filling up the DagBag from /home/athlon/projects/airflow/.venv/lib/python3.11/site-packages/airflow/example_dags/example_branch_python_dop_operator_3.py
[2024-04-26T05:48:26.974-0300] {processor.py:840} INFO - DAG(s) 'example_branch_dop_operator_v3' retrieved from /home/athlon/projects/airflow/.venv/lib/python3.11/site-packages/airflow/example_dags/example_branch_python_dop_operator_3.py
[2024-04-26T05:48:26.998-0300] {logging_mixin.py:188} INFO - [2024-04-26T05:48:26.998-0300] {dag.py:3096} INFO - Sync 1 DAGs
[2024-04-26T05:48:27.032-0300] {logging_mixin.py:188} INFO - [2024-04-26T05:48:27.032-0300] {dag.py:3954} INFO - Setting next_dagrun for example_branch_dop_operator_v3 to 2024-04-26 08:47:00+00:00, run_after=2024-04-26 08:48:00+00:00
[2024-04-26T05:48:27.062-0300] {processor.py:183} INFO - Processing /home/athlon/projects/airflow/.venv/lib/python3.11/site-packages/airflow/example_dags/example_branch_python_dop_operator_3.py took 0.122 seconds
[2024-04-26T05:49:27.441-0300] {processor.py:161} INFO - Started process (PID=10848) to work on /home/athlon/projects/airflow/.venv/lib/python3.11/site-packages/airflow/example_dags/example_branch_python_dop_operator_3.py
[2024-04-26T05:49:27.447-0300] {processor.py:830} INFO - Processing file /home/athlon/projects/airflow/.venv/lib/python3.11/site-packages/airflow/example_dags/example_branch_python_dop_operator_3.py for tasks to queue
[2024-04-26T05:49:27.450-0300] {logging_mixin.py:188} INFO - [2024-04-26T05:49:27.449-0300] {dagbag.py:540} INFO - Filling up the DagBag from /home/athlon/projects/airflow/.venv/lib/python3.11/site-packages/airflow/example_dags/example_branch_python_dop_operator_3.py
[2024-04-26T05:49:27.471-0300] {processor.py:840} INFO - DAG(s) 'example_branch_dop_operator_v3' retrieved from /home/athlon/projects/airflow/.venv/lib/python3.11/site-packages/airflow/example_dags/example_branch_python_dop_operator_3.py
[2024-04-26T05:49:27.505-0300] {logging_mixin.py:188} INFO - [2024-04-26T05:49:27.504-0300] {dag.py:3096} INFO - Sync 1 DAGs
[2024-04-26T05:49:27.575-0300] {logging_mixin.py:188} INFO - [2024-04-26T05:49:27.574-0300] {dag.py:3954} INFO - Setting next_dagrun for example_branch_dop_operator_v3 to 2024-04-26 08:48:00+00:00, run_after=2024-04-26 08:49:00+00:00
[2024-04-26T05:49:27.622-0300] {processor.py:183} INFO - Processing /home/athlon/projects/airflow/.venv/lib/python3.11/site-packages/airflow/example_dags/example_branch_python_dop_operator_3.py took 0.194 seconds
[2024-04-26T05:50:39.495-0300] {processor.py:161} INFO - Started process (PID=10941) to work on /home/athlon/projects/airflow/.venv/lib/python3.11/site-packages/airflow/example_dags/example_branch_python_dop_operator_3.py
[2024-04-26T05:50:39.497-0300] {processor.py:830} INFO - Processing file /home/athlon/projects/airflow/.venv/lib/python3.11/site-packages/airflow/example_dags/example_branch_python_dop_operator_3.py for tasks to queue
[2024-04-26T05:50:39.499-0300] {logging_mixin.py:188} INFO - [2024-04-26T05:50:39.499-0300] {dagbag.py:540} INFO - Filling up the DagBag from /home/athlon/projects/airflow/.venv/lib/python3.11/site-packages/airflow/example_dags/example_branch_python_dop_operator_3.py
[2024-04-26T05:50:39.519-0300] {processor.py:840} INFO - DAG(s) 'example_branch_dop_operator_v3' retrieved from /home/athlon/projects/airflow/.venv/lib/python3.11/site-packages/airflow/example_dags/example_branch_python_dop_operator_3.py
[2024-04-26T05:50:39.569-0300] {logging_mixin.py:188} INFO - [2024-04-26T05:50:39.569-0300] {dag.py:3096} INFO - Sync 1 DAGs
[2024-04-26T05:50:39.632-0300] {logging_mixin.py:188} INFO - [2024-04-26T05:50:39.631-0300] {dag.py:3954} INFO - Setting next_dagrun for example_branch_dop_operator_v3 to 2024-04-26 08:49:00+00:00, run_after=2024-04-26 08:50:00+00:00
[2024-04-26T05:50:39.688-0300] {processor.py:183} INFO - Processing /home/athlon/projects/airflow/.venv/lib/python3.11/site-packages/airflow/example_dags/example_branch_python_dop_operator_3.py took 0.204 seconds
[2024-04-26T05:52:09.193-0300] {processor.py:161} INFO - Started process (PID=11027) to work on /home/athlon/projects/airflow/.venv/lib/python3.11/site-packages/airflow/example_dags/example_branch_python_dop_operator_3.py
[2024-04-26T05:52:09.200-0300] {processor.py:830} INFO - Processing file /home/athlon/projects/airflow/.venv/lib/python3.11/site-packages/airflow/example_dags/example_branch_python_dop_operator_3.py for tasks to queue
[2024-04-26T05:52:09.204-0300] {logging_mixin.py:188} INFO - [2024-04-26T05:52:09.204-0300] {dagbag.py:540} INFO - Filling up the DagBag from /home/athlon/projects/airflow/.venv/lib/python3.11/site-packages/airflow/example_dags/example_branch_python_dop_operator_3.py
[2024-04-26T05:52:09.222-0300] {processor.py:840} INFO - DAG(s) 'example_branch_dop_operator_v3' retrieved from /home/athlon/projects/airflow/.venv/lib/python3.11/site-packages/airflow/example_dags/example_branch_python_dop_operator_3.py
[2024-04-26T05:52:09.252-0300] {logging_mixin.py:188} INFO - [2024-04-26T05:52:09.251-0300] {dag.py:3096} INFO - Sync 1 DAGs
[2024-04-26T05:52:09.297-0300] {logging_mixin.py:188} INFO - [2024-04-26T05:52:09.297-0300] {dag.py:3954} INFO - Setting next_dagrun for example_branch_dop_operator_v3 to 2024-04-26 08:51:00+00:00, run_after=2024-04-26 08:52:00+00:00
[2024-04-26T05:52:09.340-0300] {processor.py:183} INFO - Processing /home/athlon/projects/airflow/.venv/lib/python3.11/site-packages/airflow/example_dags/example_branch_python_dop_operator_3.py took 0.162 seconds
