[2024-04-26T05:28:04.369-0300] {processor.py:161} INFO - Started process (PID=9506) to work on /home/athlon/projects/airflow/.venv/lib/python3.11/site-packages/airflow/example_dags/example_subdag_operator.py
[2024-04-26T05:28:04.371-0300] {processor.py:830} INFO - Processing file /home/athlon/projects/airflow/.venv/lib/python3.11/site-packages/airflow/example_dags/example_subdag_operator.py for tasks to queue
[2024-04-26T05:28:04.375-0300] {logging_mixin.py:188} INFO - [2024-04-26T05:28:04.374-0300] {dagbag.py:540} INFO - Filling up the DagBag from /home/athlon/projects/airflow/.venv/lib/python3.11/site-packages/airflow/example_dags/example_subdag_operator.py
[2024-04-26T05:28:04.420-0300] {processor.py:840} INFO - DAG(s) 'example_subdag_operator.section-1', 'example_subdag_operator.section-2', 'example_subdag_operator' retrieved from /home/athlon/projects/airflow/.venv/lib/python3.11/site-packages/airflow/example_dags/example_subdag_operator.py
[2024-04-26T05:28:04.683-0300] {logging_mixin.py:188} INFO - [2024-04-26T05:28:04.682-0300] {override.py:1829} INFO - Created Permission View: can edit on DAG:example_subdag_operator
[2024-04-26T05:28:04.710-0300] {logging_mixin.py:188} INFO - [2024-04-26T05:28:04.709-0300] {override.py:1829} INFO - Created Permission View: can delete on DAG:example_subdag_operator
[2024-04-26T05:28:04.731-0300] {logging_mixin.py:188} INFO - [2024-04-26T05:28:04.730-0300] {override.py:1829} INFO - Created Permission View: can read on DAG:example_subdag_operator
[2024-04-26T05:28:04.732-0300] {logging_mixin.py:188} INFO - [2024-04-26T05:28:04.732-0300] {dag.py:3096} INFO - Sync 3 DAGs
[2024-04-26T05:28:04.763-0300] {logging_mixin.py:188} INFO - [2024-04-26T05:28:04.763-0300] {dag.py:3118} INFO - Creating ORM DAG for example_subdag_operator
[2024-04-26T05:28:04.765-0300] {logging_mixin.py:188} INFO - [2024-04-26T05:28:04.764-0300] {dag.py:3118} INFO - Creating ORM DAG for example_subdag_operator.section-1
[2024-04-26T05:28:04.767-0300] {logging_mixin.py:188} INFO - [2024-04-26T05:28:04.766-0300] {dag.py:3118} INFO - Creating ORM DAG for example_subdag_operator.section-2
[2024-04-26T05:28:04.787-0300] {logging_mixin.py:188} INFO - [2024-04-26T05:28:04.787-0300] {dag.py:3954} INFO - Setting next_dagrun for example_subdag_operator to 2022-01-01 00:00:00+00:00, run_after=2022-01-01 00:00:00+00:00
[2024-04-26T05:28:04.789-0300] {logging_mixin.py:188} INFO - [2024-04-26T05:28:04.788-0300] {dag.py:3954} INFO - Setting next_dagrun for example_subdag_operator.section-1 to None, run_after=None
[2024-04-26T05:28:04.789-0300] {logging_mixin.py:188} INFO - [2024-04-26T05:28:04.789-0300] {dag.py:3954} INFO - Setting next_dagrun for example_subdag_operator.section-2 to None, run_after=None
[2024-04-26T05:28:04.809-0300] {logging_mixin.py:188} INFO - [2024-04-26T05:28:04.809-0300] {dag.py:3096} INFO - Sync 2 DAGs
[2024-04-26T05:28:04.818-0300] {logging_mixin.py:188} INFO - [2024-04-26T05:28:04.818-0300] {dag.py:3954} INFO - Setting next_dagrun for example_subdag_operator.section-1 to None, run_after=None
[2024-04-26T05:28:04.823-0300] {logging_mixin.py:188} INFO - [2024-04-26T05:28:04.823-0300] {dag.py:3954} INFO - Setting next_dagrun for example_subdag_operator.section-2 to None, run_after=None
[2024-04-26T05:28:04.866-0300] {processor.py:183} INFO - Processing /home/athlon/projects/airflow/.venv/lib/python3.11/site-packages/airflow/example_dags/example_subdag_operator.py took 0.510 seconds
[2024-04-26T05:29:13.696-0300] {processor.py:161} INFO - Started process (PID=9617) to work on /home/athlon/projects/airflow/.venv/lib/python3.11/site-packages/airflow/example_dags/example_subdag_operator.py
[2024-04-26T05:29:13.703-0300] {processor.py:830} INFO - Processing file /home/athlon/projects/airflow/.venv/lib/python3.11/site-packages/airflow/example_dags/example_subdag_operator.py for tasks to queue
[2024-04-26T05:29:13.707-0300] {logging_mixin.py:188} INFO - [2024-04-26T05:29:13.706-0300] {dagbag.py:540} INFO - Filling up the DagBag from /home/athlon/projects/airflow/.venv/lib/python3.11/site-packages/airflow/example_dags/example_subdag_operator.py
[2024-04-26T05:29:13.768-0300] {processor.py:840} INFO - DAG(s) 'example_subdag_operator.section-1', 'example_subdag_operator.section-2', 'example_subdag_operator' retrieved from /home/athlon/projects/airflow/.venv/lib/python3.11/site-packages/airflow/example_dags/example_subdag_operator.py
[2024-04-26T05:29:13.820-0300] {logging_mixin.py:188} INFO - [2024-04-26T05:29:13.820-0300] {dag.py:3096} INFO - Sync 3 DAGs
[2024-04-26T05:29:13.867-0300] {logging_mixin.py:188} INFO - [2024-04-26T05:29:13.866-0300] {dag.py:3954} INFO - Setting next_dagrun for example_subdag_operator to 2022-01-01 00:00:00+00:00, run_after=2022-01-01 00:00:00+00:00
[2024-04-26T05:29:13.876-0300] {logging_mixin.py:188} INFO - [2024-04-26T05:29:13.875-0300] {dag.py:3954} INFO - Setting next_dagrun for example_subdag_operator.section-1 to None, run_after=None
[2024-04-26T05:29:13.879-0300] {logging_mixin.py:188} INFO - [2024-04-26T05:29:13.878-0300] {dag.py:3954} INFO - Setting next_dagrun for example_subdag_operator.section-2 to None, run_after=None
[2024-04-26T05:29:13.895-0300] {logging_mixin.py:188} INFO - [2024-04-26T05:29:13.894-0300] {dag.py:3096} INFO - Sync 2 DAGs
[2024-04-26T05:29:13.905-0300] {logging_mixin.py:188} INFO - [2024-04-26T05:29:13.904-0300] {dag.py:3954} INFO - Setting next_dagrun for example_subdag_operator.section-1 to None, run_after=None
[2024-04-26T05:29:13.906-0300] {logging_mixin.py:188} INFO - [2024-04-26T05:29:13.905-0300] {dag.py:3954} INFO - Setting next_dagrun for example_subdag_operator.section-2 to None, run_after=None
[2024-04-26T05:29:13.954-0300] {processor.py:183} INFO - Processing /home/athlon/projects/airflow/.venv/lib/python3.11/site-packages/airflow/example_dags/example_subdag_operator.py took 0.272 seconds
[2024-04-26T05:30:14.583-0300] {processor.py:161} INFO - Started process (PID=9678) to work on /home/athlon/projects/airflow/.venv/lib/python3.11/site-packages/airflow/example_dags/example_subdag_operator.py
[2024-04-26T05:30:14.589-0300] {processor.py:830} INFO - Processing file /home/athlon/projects/airflow/.venv/lib/python3.11/site-packages/airflow/example_dags/example_subdag_operator.py for tasks to queue
[2024-04-26T05:30:14.592-0300] {logging_mixin.py:188} INFO - [2024-04-26T05:30:14.591-0300] {dagbag.py:540} INFO - Filling up the DagBag from /home/athlon/projects/airflow/.venv/lib/python3.11/site-packages/airflow/example_dags/example_subdag_operator.py
[2024-04-26T05:30:14.624-0300] {processor.py:840} INFO - DAG(s) 'example_subdag_operator.section-1', 'example_subdag_operator.section-2', 'example_subdag_operator' retrieved from /home/athlon/projects/airflow/.venv/lib/python3.11/site-packages/airflow/example_dags/example_subdag_operator.py
[2024-04-26T05:30:14.646-0300] {logging_mixin.py:188} INFO - [2024-04-26T05:30:14.646-0300] {dag.py:3096} INFO - Sync 3 DAGs
[2024-04-26T05:30:14.673-0300] {logging_mixin.py:188} INFO - [2024-04-26T05:30:14.672-0300] {dag.py:3954} INFO - Setting next_dagrun for example_subdag_operator to 2022-01-01 00:00:00+00:00, run_after=2022-01-01 00:00:00+00:00
[2024-04-26T05:30:14.678-0300] {logging_mixin.py:188} INFO - [2024-04-26T05:30:14.677-0300] {dag.py:3954} INFO - Setting next_dagrun for example_subdag_operator.section-1 to None, run_after=None
[2024-04-26T05:30:14.679-0300] {logging_mixin.py:188} INFO - [2024-04-26T05:30:14.679-0300] {dag.py:3954} INFO - Setting next_dagrun for example_subdag_operator.section-2 to None, run_after=None
[2024-04-26T05:30:14.687-0300] {logging_mixin.py:188} INFO - [2024-04-26T05:30:14.687-0300] {dag.py:3096} INFO - Sync 2 DAGs
[2024-04-26T05:30:14.693-0300] {logging_mixin.py:188} INFO - [2024-04-26T05:30:14.693-0300] {dag.py:3954} INFO - Setting next_dagrun for example_subdag_operator.section-1 to None, run_after=None
[2024-04-26T05:30:14.694-0300] {logging_mixin.py:188} INFO - [2024-04-26T05:30:14.694-0300] {dag.py:3954} INFO - Setting next_dagrun for example_subdag_operator.section-2 to None, run_after=None
[2024-04-26T05:30:14.713-0300] {processor.py:183} INFO - Processing /home/athlon/projects/airflow/.venv/lib/python3.11/site-packages/airflow/example_dags/example_subdag_operator.py took 0.140 seconds
[2024-04-26T05:31:09.746-0300] {processor.py:161} INFO - Started process (PID=9728) to work on /home/athlon/projects/airflow/.venv/lib/python3.11/site-packages/airflow/example_dags/example_subdag_operator.py
[2024-04-26T05:31:09.752-0300] {processor.py:830} INFO - Processing file /home/athlon/projects/airflow/.venv/lib/python3.11/site-packages/airflow/example_dags/example_subdag_operator.py for tasks to queue
[2024-04-26T05:31:09.754-0300] {logging_mixin.py:188} INFO - [2024-04-26T05:31:09.754-0300] {dagbag.py:540} INFO - Filling up the DagBag from /home/athlon/projects/airflow/.venv/lib/python3.11/site-packages/airflow/example_dags/example_subdag_operator.py
[2024-04-26T05:31:09.787-0300] {processor.py:840} INFO - DAG(s) 'example_subdag_operator.section-1', 'example_subdag_operator.section-2', 'example_subdag_operator' retrieved from /home/athlon/projects/airflow/.venv/lib/python3.11/site-packages/airflow/example_dags/example_subdag_operator.py
[2024-04-26T05:31:09.808-0300] {logging_mixin.py:188} INFO - [2024-04-26T05:31:09.808-0300] {dag.py:3096} INFO - Sync 3 DAGs
[2024-04-26T05:31:09.835-0300] {logging_mixin.py:188} INFO - [2024-04-26T05:31:09.835-0300] {dag.py:3954} INFO - Setting next_dagrun for example_subdag_operator to 2022-01-01 00:00:00+00:00, run_after=2022-01-01 00:00:00+00:00
[2024-04-26T05:31:09.840-0300] {logging_mixin.py:188} INFO - [2024-04-26T05:31:09.839-0300] {dag.py:3954} INFO - Setting next_dagrun for example_subdag_operator.section-1 to None, run_after=None
[2024-04-26T05:31:09.841-0300] {logging_mixin.py:188} INFO - [2024-04-26T05:31:09.841-0300] {dag.py:3954} INFO - Setting next_dagrun for example_subdag_operator.section-2 to None, run_after=None
[2024-04-26T05:31:09.849-0300] {logging_mixin.py:188} INFO - [2024-04-26T05:31:09.849-0300] {dag.py:3096} INFO - Sync 2 DAGs
[2024-04-26T05:31:09.855-0300] {logging_mixin.py:188} INFO - [2024-04-26T05:31:09.855-0300] {dag.py:3954} INFO - Setting next_dagrun for example_subdag_operator.section-1 to None, run_after=None
[2024-04-26T05:31:09.856-0300] {logging_mixin.py:188} INFO - [2024-04-26T05:31:09.855-0300] {dag.py:3954} INFO - Setting next_dagrun for example_subdag_operator.section-2 to None, run_after=None
[2024-04-26T05:31:09.880-0300] {processor.py:183} INFO - Processing /home/athlon/projects/airflow/.venv/lib/python3.11/site-packages/airflow/example_dags/example_subdag_operator.py took 0.144 seconds
[2024-04-26T05:32:07.573-0300] {processor.py:161} INFO - Started process (PID=9785) to work on /home/athlon/projects/airflow/.venv/lib/python3.11/site-packages/airflow/example_dags/example_subdag_operator.py
[2024-04-26T05:32:07.579-0300] {processor.py:830} INFO - Processing file /home/athlon/projects/airflow/.venv/lib/python3.11/site-packages/airflow/example_dags/example_subdag_operator.py for tasks to queue
[2024-04-26T05:32:07.581-0300] {logging_mixin.py:188} INFO - [2024-04-26T05:32:07.581-0300] {dagbag.py:540} INFO - Filling up the DagBag from /home/athlon/projects/airflow/.venv/lib/python3.11/site-packages/airflow/example_dags/example_subdag_operator.py
[2024-04-26T05:32:07.611-0300] {processor.py:840} INFO - DAG(s) 'example_subdag_operator.section-1', 'example_subdag_operator.section-2', 'example_subdag_operator' retrieved from /home/athlon/projects/airflow/.venv/lib/python3.11/site-packages/airflow/example_dags/example_subdag_operator.py
[2024-04-26T05:32:07.632-0300] {logging_mixin.py:188} INFO - [2024-04-26T05:32:07.631-0300] {dag.py:3096} INFO - Sync 3 DAGs
[2024-04-26T05:32:07.659-0300] {logging_mixin.py:188} INFO - [2024-04-26T05:32:07.659-0300] {dag.py:3954} INFO - Setting next_dagrun for example_subdag_operator to 2022-01-01 00:00:00+00:00, run_after=2022-01-01 00:00:00+00:00
[2024-04-26T05:32:07.664-0300] {logging_mixin.py:188} INFO - [2024-04-26T05:32:07.663-0300] {dag.py:3954} INFO - Setting next_dagrun for example_subdag_operator.section-1 to None, run_after=None
[2024-04-26T05:32:07.665-0300] {logging_mixin.py:188} INFO - [2024-04-26T05:32:07.665-0300] {dag.py:3954} INFO - Setting next_dagrun for example_subdag_operator.section-2 to None, run_after=None
[2024-04-26T05:32:07.673-0300] {logging_mixin.py:188} INFO - [2024-04-26T05:32:07.673-0300] {dag.py:3096} INFO - Sync 2 DAGs
[2024-04-26T05:32:07.679-0300] {logging_mixin.py:188} INFO - [2024-04-26T05:32:07.679-0300] {dag.py:3954} INFO - Setting next_dagrun for example_subdag_operator.section-1 to None, run_after=None
[2024-04-26T05:32:07.680-0300] {logging_mixin.py:188} INFO - [2024-04-26T05:32:07.680-0300] {dag.py:3954} INFO - Setting next_dagrun for example_subdag_operator.section-2 to None, run_after=None
[2024-04-26T05:32:07.703-0300] {processor.py:183} INFO - Processing /home/athlon/projects/airflow/.venv/lib/python3.11/site-packages/airflow/example_dags/example_subdag_operator.py took 0.139 seconds
[2024-04-26T05:33:10.150-0300] {processor.py:161} INFO - Started process (PID=9840) to work on /home/athlon/projects/airflow/.venv/lib/python3.11/site-packages/airflow/example_dags/example_subdag_operator.py
[2024-04-26T05:33:10.156-0300] {processor.py:830} INFO - Processing file /home/athlon/projects/airflow/.venv/lib/python3.11/site-packages/airflow/example_dags/example_subdag_operator.py for tasks to queue
[2024-04-26T05:33:10.158-0300] {logging_mixin.py:188} INFO - [2024-04-26T05:33:10.158-0300] {dagbag.py:540} INFO - Filling up the DagBag from /home/athlon/projects/airflow/.venv/lib/python3.11/site-packages/airflow/example_dags/example_subdag_operator.py
[2024-04-26T05:33:10.189-0300] {processor.py:840} INFO - DAG(s) 'example_subdag_operator.section-1', 'example_subdag_operator.section-2', 'example_subdag_operator' retrieved from /home/athlon/projects/airflow/.venv/lib/python3.11/site-packages/airflow/example_dags/example_subdag_operator.py
[2024-04-26T05:33:10.216-0300] {logging_mixin.py:188} INFO - [2024-04-26T05:33:10.216-0300] {dag.py:3096} INFO - Sync 3 DAGs
[2024-04-26T05:33:10.244-0300] {logging_mixin.py:188} INFO - [2024-04-26T05:33:10.243-0300] {dag.py:3954} INFO - Setting next_dagrun for example_subdag_operator to 2022-01-01 00:00:00+00:00, run_after=2022-01-01 00:00:00+00:00
[2024-04-26T05:33:10.248-0300] {logging_mixin.py:188} INFO - [2024-04-26T05:33:10.248-0300] {dag.py:3954} INFO - Setting next_dagrun for example_subdag_operator.section-1 to None, run_after=None
[2024-04-26T05:33:10.251-0300] {logging_mixin.py:188} INFO - [2024-04-26T05:33:10.251-0300] {dag.py:3954} INFO - Setting next_dagrun for example_subdag_operator.section-2 to None, run_after=None
[2024-04-26T05:33:10.259-0300] {logging_mixin.py:188} INFO - [2024-04-26T05:33:10.259-0300] {dag.py:3096} INFO - Sync 2 DAGs
[2024-04-26T05:33:10.392-0300] {logging_mixin.py:188} INFO - [2024-04-26T05:33:10.392-0300] {dag.py:3954} INFO - Setting next_dagrun for example_subdag_operator.section-1 to None, run_after=None
[2024-04-26T05:33:10.393-0300] {logging_mixin.py:188} INFO - [2024-04-26T05:33:10.392-0300] {dag.py:3954} INFO - Setting next_dagrun for example_subdag_operator.section-2 to None, run_after=None
[2024-04-26T05:33:10.416-0300] {processor.py:183} INFO - Processing /home/athlon/projects/airflow/.venv/lib/python3.11/site-packages/airflow/example_dags/example_subdag_operator.py took 0.276 seconds
[2024-04-26T05:34:09.999-0300] {processor.py:161} INFO - Started process (PID=9910) to work on /home/athlon/projects/airflow/.venv/lib/python3.11/site-packages/airflow/example_dags/example_subdag_operator.py
[2024-04-26T05:34:10.004-0300] {processor.py:830} INFO - Processing file /home/athlon/projects/airflow/.venv/lib/python3.11/site-packages/airflow/example_dags/example_subdag_operator.py for tasks to queue
[2024-04-26T05:34:10.007-0300] {logging_mixin.py:188} INFO - [2024-04-26T05:34:10.006-0300] {dagbag.py:540} INFO - Filling up the DagBag from /home/athlon/projects/airflow/.venv/lib/python3.11/site-packages/airflow/example_dags/example_subdag_operator.py
[2024-04-26T05:34:10.044-0300] {processor.py:840} INFO - DAG(s) 'example_subdag_operator.section-1', 'example_subdag_operator.section-2', 'example_subdag_operator' retrieved from /home/athlon/projects/airflow/.venv/lib/python3.11/site-packages/airflow/example_dags/example_subdag_operator.py
[2024-04-26T05:34:10.069-0300] {logging_mixin.py:188} INFO - [2024-04-26T05:34:10.069-0300] {dag.py:3096} INFO - Sync 3 DAGs
[2024-04-26T05:34:10.096-0300] {logging_mixin.py:188} INFO - [2024-04-26T05:34:10.096-0300] {dag.py:3954} INFO - Setting next_dagrun for example_subdag_operator to 2022-01-01 00:00:00+00:00, run_after=2022-01-01 00:00:00+00:00
[2024-04-26T05:34:10.101-0300] {logging_mixin.py:188} INFO - [2024-04-26T05:34:10.101-0300] {dag.py:3954} INFO - Setting next_dagrun for example_subdag_operator.section-1 to None, run_after=None
[2024-04-26T05:34:10.103-0300] {logging_mixin.py:188} INFO - [2024-04-26T05:34:10.102-0300] {dag.py:3954} INFO - Setting next_dagrun for example_subdag_operator.section-2 to None, run_after=None
[2024-04-26T05:34:10.111-0300] {logging_mixin.py:188} INFO - [2024-04-26T05:34:10.110-0300] {dag.py:3096} INFO - Sync 2 DAGs
[2024-04-26T05:34:10.121-0300] {logging_mixin.py:188} INFO - [2024-04-26T05:34:10.121-0300] {dag.py:3954} INFO - Setting next_dagrun for example_subdag_operator.section-1 to None, run_after=None
[2024-04-26T05:34:10.122-0300] {logging_mixin.py:188} INFO - [2024-04-26T05:34:10.121-0300] {dag.py:3954} INFO - Setting next_dagrun for example_subdag_operator.section-2 to None, run_after=None
[2024-04-26T05:34:10.146-0300] {processor.py:183} INFO - Processing /home/athlon/projects/airflow/.venv/lib/python3.11/site-packages/airflow/example_dags/example_subdag_operator.py took 0.158 seconds
[2024-04-26T05:35:04.986-0300] {processor.py:161} INFO - Started process (PID=9962) to work on /home/athlon/projects/airflow/.venv/lib/python3.11/site-packages/airflow/example_dags/example_subdag_operator.py
[2024-04-26T05:35:04.992-0300] {processor.py:830} INFO - Processing file /home/athlon/projects/airflow/.venv/lib/python3.11/site-packages/airflow/example_dags/example_subdag_operator.py for tasks to queue
[2024-04-26T05:35:04.994-0300] {logging_mixin.py:188} INFO - [2024-04-26T05:35:04.994-0300] {dagbag.py:540} INFO - Filling up the DagBag from /home/athlon/projects/airflow/.venv/lib/python3.11/site-packages/airflow/example_dags/example_subdag_operator.py
[2024-04-26T05:35:05.027-0300] {processor.py:840} INFO - DAG(s) 'example_subdag_operator.section-1', 'example_subdag_operator.section-2', 'example_subdag_operator' retrieved from /home/athlon/projects/airflow/.venv/lib/python3.11/site-packages/airflow/example_dags/example_subdag_operator.py
[2024-04-26T05:35:05.049-0300] {logging_mixin.py:188} INFO - [2024-04-26T05:35:05.049-0300] {dag.py:3096} INFO - Sync 3 DAGs
[2024-04-26T05:35:05.076-0300] {logging_mixin.py:188} INFO - [2024-04-26T05:35:05.076-0300] {dag.py:3954} INFO - Setting next_dagrun for example_subdag_operator to 2022-01-01 00:00:00+00:00, run_after=2022-01-01 00:00:00+00:00
[2024-04-26T05:35:05.081-0300] {logging_mixin.py:188} INFO - [2024-04-26T05:35:05.081-0300] {dag.py:3954} INFO - Setting next_dagrun for example_subdag_operator.section-1 to None, run_after=None
[2024-04-26T05:35:05.082-0300] {logging_mixin.py:188} INFO - [2024-04-26T05:35:05.082-0300] {dag.py:3954} INFO - Setting next_dagrun for example_subdag_operator.section-2 to None, run_after=None
[2024-04-26T05:35:05.091-0300] {logging_mixin.py:188} INFO - [2024-04-26T05:35:05.091-0300] {dag.py:3096} INFO - Sync 2 DAGs
[2024-04-26T05:35:05.097-0300] {logging_mixin.py:188} INFO - [2024-04-26T05:35:05.096-0300] {dag.py:3954} INFO - Setting next_dagrun for example_subdag_operator.section-1 to None, run_after=None
[2024-04-26T05:35:05.097-0300] {logging_mixin.py:188} INFO - [2024-04-26T05:35:05.097-0300] {dag.py:3954} INFO - Setting next_dagrun for example_subdag_operator.section-2 to None, run_after=None
[2024-04-26T05:35:05.122-0300] {processor.py:183} INFO - Processing /home/athlon/projects/airflow/.venv/lib/python3.11/site-packages/airflow/example_dags/example_subdag_operator.py took 0.147 seconds
[2024-04-26T05:36:00.592-0300] {processor.py:161} INFO - Started process (PID=10012) to work on /home/athlon/projects/airflow/.venv/lib/python3.11/site-packages/airflow/example_dags/example_subdag_operator.py
[2024-04-26T05:36:00.598-0300] {processor.py:830} INFO - Processing file /home/athlon/projects/airflow/.venv/lib/python3.11/site-packages/airflow/example_dags/example_subdag_operator.py for tasks to queue
[2024-04-26T05:36:00.601-0300] {logging_mixin.py:188} INFO - [2024-04-26T05:36:00.600-0300] {dagbag.py:540} INFO - Filling up the DagBag from /home/athlon/projects/airflow/.venv/lib/python3.11/site-packages/airflow/example_dags/example_subdag_operator.py
[2024-04-26T05:36:00.635-0300] {processor.py:840} INFO - DAG(s) 'example_subdag_operator.section-1', 'example_subdag_operator.section-2', 'example_subdag_operator' retrieved from /home/athlon/projects/airflow/.venv/lib/python3.11/site-packages/airflow/example_dags/example_subdag_operator.py
[2024-04-26T05:36:00.660-0300] {logging_mixin.py:188} INFO - [2024-04-26T05:36:00.660-0300] {dag.py:3096} INFO - Sync 3 DAGs
[2024-04-26T05:36:00.688-0300] {logging_mixin.py:188} INFO - [2024-04-26T05:36:00.687-0300] {dag.py:3954} INFO - Setting next_dagrun for example_subdag_operator to 2022-01-01 00:00:00+00:00, run_after=2022-01-01 00:00:00+00:00
[2024-04-26T05:36:00.692-0300] {logging_mixin.py:188} INFO - [2024-04-26T05:36:00.692-0300] {dag.py:3954} INFO - Setting next_dagrun for example_subdag_operator.section-1 to None, run_after=None
[2024-04-26T05:36:00.693-0300] {logging_mixin.py:188} INFO - [2024-04-26T05:36:00.693-0300] {dag.py:3954} INFO - Setting next_dagrun for example_subdag_operator.section-2 to None, run_after=None
[2024-04-26T05:36:00.702-0300] {logging_mixin.py:188} INFO - [2024-04-26T05:36:00.701-0300] {dag.py:3096} INFO - Sync 2 DAGs
[2024-04-26T05:36:00.707-0300] {logging_mixin.py:188} INFO - [2024-04-26T05:36:00.707-0300] {dag.py:3954} INFO - Setting next_dagrun for example_subdag_operator.section-1 to None, run_after=None
[2024-04-26T05:36:00.708-0300] {logging_mixin.py:188} INFO - [2024-04-26T05:36:00.708-0300] {dag.py:3954} INFO - Setting next_dagrun for example_subdag_operator.section-2 to None, run_after=None
[2024-04-26T05:36:00.731-0300] {processor.py:183} INFO - Processing /home/athlon/projects/airflow/.venv/lib/python3.11/site-packages/airflow/example_dags/example_subdag_operator.py took 0.150 seconds
[2024-04-26T05:36:55.130-0300] {processor.py:161} INFO - Started process (PID=10062) to work on /home/athlon/projects/airflow/.venv/lib/python3.11/site-packages/airflow/example_dags/example_subdag_operator.py
[2024-04-26T05:36:55.136-0300] {processor.py:830} INFO - Processing file /home/athlon/projects/airflow/.venv/lib/python3.11/site-packages/airflow/example_dags/example_subdag_operator.py for tasks to queue
[2024-04-26T05:36:55.138-0300] {logging_mixin.py:188} INFO - [2024-04-26T05:36:55.138-0300] {dagbag.py:540} INFO - Filling up the DagBag from /home/athlon/projects/airflow/.venv/lib/python3.11/site-packages/airflow/example_dags/example_subdag_operator.py
[2024-04-26T05:36:55.171-0300] {processor.py:840} INFO - DAG(s) 'example_subdag_operator.section-1', 'example_subdag_operator.section-2', 'example_subdag_operator' retrieved from /home/athlon/projects/airflow/.venv/lib/python3.11/site-packages/airflow/example_dags/example_subdag_operator.py
[2024-04-26T05:36:55.192-0300] {logging_mixin.py:188} INFO - [2024-04-26T05:36:55.192-0300] {dag.py:3096} INFO - Sync 3 DAGs
[2024-04-26T05:36:55.220-0300] {logging_mixin.py:188} INFO - [2024-04-26T05:36:55.220-0300] {dag.py:3954} INFO - Setting next_dagrun for example_subdag_operator to 2022-01-01 00:00:00+00:00, run_after=2022-01-01 00:00:00+00:00
[2024-04-26T05:36:55.225-0300] {logging_mixin.py:188} INFO - [2024-04-26T05:36:55.225-0300] {dag.py:3954} INFO - Setting next_dagrun for example_subdag_operator.section-1 to None, run_after=None
[2024-04-26T05:36:55.226-0300] {logging_mixin.py:188} INFO - [2024-04-26T05:36:55.226-0300] {dag.py:3954} INFO - Setting next_dagrun for example_subdag_operator.section-2 to None, run_after=None
[2024-04-26T05:36:55.235-0300] {logging_mixin.py:188} INFO - [2024-04-26T05:36:55.235-0300] {dag.py:3096} INFO - Sync 2 DAGs
[2024-04-26T05:36:55.240-0300] {logging_mixin.py:188} INFO - [2024-04-26T05:36:55.240-0300] {dag.py:3954} INFO - Setting next_dagrun for example_subdag_operator.section-1 to None, run_after=None
[2024-04-26T05:36:55.241-0300] {logging_mixin.py:188} INFO - [2024-04-26T05:36:55.241-0300] {dag.py:3954} INFO - Setting next_dagrun for example_subdag_operator.section-2 to None, run_after=None
[2024-04-26T05:36:55.265-0300] {processor.py:183} INFO - Processing /home/athlon/projects/airflow/.venv/lib/python3.11/site-packages/airflow/example_dags/example_subdag_operator.py took 0.146 seconds
[2024-04-26T05:37:50.295-0300] {processor.py:161} INFO - Started process (PID=10117) to work on /home/athlon/projects/airflow/.venv/lib/python3.11/site-packages/airflow/example_dags/example_subdag_operator.py
[2024-04-26T05:37:50.300-0300] {processor.py:830} INFO - Processing file /home/athlon/projects/airflow/.venv/lib/python3.11/site-packages/airflow/example_dags/example_subdag_operator.py for tasks to queue
[2024-04-26T05:37:50.303-0300] {logging_mixin.py:188} INFO - [2024-04-26T05:37:50.302-0300] {dagbag.py:540} INFO - Filling up the DagBag from /home/athlon/projects/airflow/.venv/lib/python3.11/site-packages/airflow/example_dags/example_subdag_operator.py
[2024-04-26T05:37:50.336-0300] {processor.py:840} INFO - DAG(s) 'example_subdag_operator.section-1', 'example_subdag_operator.section-2', 'example_subdag_operator' retrieved from /home/athlon/projects/airflow/.venv/lib/python3.11/site-packages/airflow/example_dags/example_subdag_operator.py
[2024-04-26T05:37:50.357-0300] {logging_mixin.py:188} INFO - [2024-04-26T05:37:50.357-0300] {dag.py:3096} INFO - Sync 3 DAGs
[2024-04-26T05:37:50.384-0300] {logging_mixin.py:188} INFO - [2024-04-26T05:37:50.384-0300] {dag.py:3954} INFO - Setting next_dagrun for example_subdag_operator to 2022-01-01 00:00:00+00:00, run_after=2022-01-01 00:00:00+00:00
[2024-04-26T05:37:50.391-0300] {logging_mixin.py:188} INFO - [2024-04-26T05:37:50.390-0300] {dag.py:3954} INFO - Setting next_dagrun for example_subdag_operator.section-1 to None, run_after=None
[2024-04-26T05:37:50.392-0300] {logging_mixin.py:188} INFO - [2024-04-26T05:37:50.392-0300] {dag.py:3954} INFO - Setting next_dagrun for example_subdag_operator.section-2 to None, run_after=None
[2024-04-26T05:37:50.401-0300] {logging_mixin.py:188} INFO - [2024-04-26T05:37:50.400-0300] {dag.py:3096} INFO - Sync 2 DAGs
[2024-04-26T05:37:50.406-0300] {logging_mixin.py:188} INFO - [2024-04-26T05:37:50.406-0300] {dag.py:3954} INFO - Setting next_dagrun for example_subdag_operator.section-1 to None, run_after=None
[2024-04-26T05:37:50.407-0300] {logging_mixin.py:188} INFO - [2024-04-26T05:37:50.407-0300] {dag.py:3954} INFO - Setting next_dagrun for example_subdag_operator.section-2 to None, run_after=None
[2024-04-26T05:37:50.435-0300] {processor.py:183} INFO - Processing /home/athlon/projects/airflow/.venv/lib/python3.11/site-packages/airflow/example_dags/example_subdag_operator.py took 0.152 seconds
[2024-04-26T05:38:52.281-0300] {processor.py:161} INFO - Started process (PID=10170) to work on /home/athlon/projects/airflow/.venv/lib/python3.11/site-packages/airflow/example_dags/example_subdag_operator.py
[2024-04-26T05:38:52.287-0300] {processor.py:830} INFO - Processing file /home/athlon/projects/airflow/.venv/lib/python3.11/site-packages/airflow/example_dags/example_subdag_operator.py for tasks to queue
[2024-04-26T05:38:52.290-0300] {logging_mixin.py:188} INFO - [2024-04-26T05:38:52.289-0300] {dagbag.py:540} INFO - Filling up the DagBag from /home/athlon/projects/airflow/.venv/lib/python3.11/site-packages/airflow/example_dags/example_subdag_operator.py
[2024-04-26T05:38:52.322-0300] {processor.py:840} INFO - DAG(s) 'example_subdag_operator.section-1', 'example_subdag_operator.section-2', 'example_subdag_operator' retrieved from /home/athlon/projects/airflow/.venv/lib/python3.11/site-packages/airflow/example_dags/example_subdag_operator.py
[2024-04-26T05:38:52.344-0300] {logging_mixin.py:188} INFO - [2024-04-26T05:38:52.343-0300] {dag.py:3096} INFO - Sync 3 DAGs
[2024-04-26T05:38:52.371-0300] {logging_mixin.py:188} INFO - [2024-04-26T05:38:52.370-0300] {dag.py:3954} INFO - Setting next_dagrun for example_subdag_operator to 2022-01-01 00:00:00+00:00, run_after=2022-01-01 00:00:00+00:00
[2024-04-26T05:38:52.375-0300] {logging_mixin.py:188} INFO - [2024-04-26T05:38:52.375-0300] {dag.py:3954} INFO - Setting next_dagrun for example_subdag_operator.section-1 to None, run_after=None
[2024-04-26T05:38:52.377-0300] {logging_mixin.py:188} INFO - [2024-04-26T05:38:52.377-0300] {dag.py:3954} INFO - Setting next_dagrun for example_subdag_operator.section-2 to None, run_after=None
[2024-04-26T05:38:52.385-0300] {logging_mixin.py:188} INFO - [2024-04-26T05:38:52.385-0300] {dag.py:3096} INFO - Sync 2 DAGs
[2024-04-26T05:38:52.391-0300] {logging_mixin.py:188} INFO - [2024-04-26T05:38:52.390-0300] {dag.py:3954} INFO - Setting next_dagrun for example_subdag_operator.section-1 to None, run_after=None
[2024-04-26T05:38:52.391-0300] {logging_mixin.py:188} INFO - [2024-04-26T05:38:52.391-0300] {dag.py:3954} INFO - Setting next_dagrun for example_subdag_operator.section-2 to None, run_after=None
[2024-04-26T05:38:52.421-0300] {processor.py:183} INFO - Processing /home/athlon/projects/airflow/.venv/lib/python3.11/site-packages/airflow/example_dags/example_subdag_operator.py took 0.150 seconds
[2024-04-26T05:39:51.548-0300] {processor.py:161} INFO - Started process (PID=10254) to work on /home/athlon/projects/airflow/.venv/lib/python3.11/site-packages/airflow/example_dags/example_subdag_operator.py
[2024-04-26T05:39:51.554-0300] {processor.py:830} INFO - Processing file /home/athlon/projects/airflow/.venv/lib/python3.11/site-packages/airflow/example_dags/example_subdag_operator.py for tasks to queue
[2024-04-26T05:39:51.556-0300] {logging_mixin.py:188} INFO - [2024-04-26T05:39:51.556-0300] {dagbag.py:540} INFO - Filling up the DagBag from /home/athlon/projects/airflow/.venv/lib/python3.11/site-packages/airflow/example_dags/example_subdag_operator.py
[2024-04-26T05:39:51.586-0300] {processor.py:840} INFO - DAG(s) 'example_subdag_operator.section-1', 'example_subdag_operator.section-2', 'example_subdag_operator' retrieved from /home/athlon/projects/airflow/.venv/lib/python3.11/site-packages/airflow/example_dags/example_subdag_operator.py
[2024-04-26T05:39:51.607-0300] {logging_mixin.py:188} INFO - [2024-04-26T05:39:51.606-0300] {dag.py:3096} INFO - Sync 3 DAGs
[2024-04-26T05:39:51.634-0300] {logging_mixin.py:188} INFO - [2024-04-26T05:39:51.634-0300] {dag.py:3954} INFO - Setting next_dagrun for example_subdag_operator to 2022-01-01 00:00:00+00:00, run_after=2022-01-01 00:00:00+00:00
[2024-04-26T05:39:51.639-0300] {logging_mixin.py:188} INFO - [2024-04-26T05:39:51.639-0300] {dag.py:3954} INFO - Setting next_dagrun for example_subdag_operator.section-1 to None, run_after=None
[2024-04-26T05:39:51.640-0300] {logging_mixin.py:188} INFO - [2024-04-26T05:39:51.640-0300] {dag.py:3954} INFO - Setting next_dagrun for example_subdag_operator.section-2 to None, run_after=None
[2024-04-26T05:39:51.649-0300] {logging_mixin.py:188} INFO - [2024-04-26T05:39:51.649-0300] {dag.py:3096} INFO - Sync 2 DAGs
[2024-04-26T05:39:51.655-0300] {logging_mixin.py:188} INFO - [2024-04-26T05:39:51.654-0300] {dag.py:3954} INFO - Setting next_dagrun for example_subdag_operator.section-1 to None, run_after=None
[2024-04-26T05:39:51.655-0300] {logging_mixin.py:188} INFO - [2024-04-26T05:39:51.655-0300] {dag.py:3954} INFO - Setting next_dagrun for example_subdag_operator.section-2 to None, run_after=None
[2024-04-26T05:39:51.679-0300] {processor.py:183} INFO - Processing /home/athlon/projects/airflow/.venv/lib/python3.11/site-packages/airflow/example_dags/example_subdag_operator.py took 0.140 seconds
[2024-04-26T05:40:52.934-0300] {processor.py:161} INFO - Started process (PID=10311) to work on /home/athlon/projects/airflow/.venv/lib/python3.11/site-packages/airflow/example_dags/example_subdag_operator.py
[2024-04-26T05:40:52.940-0300] {processor.py:830} INFO - Processing file /home/athlon/projects/airflow/.venv/lib/python3.11/site-packages/airflow/example_dags/example_subdag_operator.py for tasks to queue
[2024-04-26T05:40:52.942-0300] {logging_mixin.py:188} INFO - [2024-04-26T05:40:52.942-0300] {dagbag.py:540} INFO - Filling up the DagBag from /home/athlon/projects/airflow/.venv/lib/python3.11/site-packages/airflow/example_dags/example_subdag_operator.py
[2024-04-26T05:40:52.975-0300] {processor.py:840} INFO - DAG(s) 'example_subdag_operator.section-1', 'example_subdag_operator.section-2', 'example_subdag_operator' retrieved from /home/athlon/projects/airflow/.venv/lib/python3.11/site-packages/airflow/example_dags/example_subdag_operator.py
[2024-04-26T05:40:52.997-0300] {logging_mixin.py:188} INFO - [2024-04-26T05:40:52.996-0300] {dag.py:3096} INFO - Sync 3 DAGs
[2024-04-26T05:40:53.024-0300] {logging_mixin.py:188} INFO - [2024-04-26T05:40:53.024-0300] {dag.py:3954} INFO - Setting next_dagrun for example_subdag_operator to 2022-01-01 00:00:00+00:00, run_after=2022-01-01 00:00:00+00:00
[2024-04-26T05:40:53.029-0300] {logging_mixin.py:188} INFO - [2024-04-26T05:40:53.028-0300] {dag.py:3954} INFO - Setting next_dagrun for example_subdag_operator.section-1 to None, run_after=None
[2024-04-26T05:40:53.030-0300] {logging_mixin.py:188} INFO - [2024-04-26T05:40:53.030-0300] {dag.py:3954} INFO - Setting next_dagrun for example_subdag_operator.section-2 to None, run_after=None
[2024-04-26T05:40:53.039-0300] {logging_mixin.py:188} INFO - [2024-04-26T05:40:53.038-0300] {dag.py:3096} INFO - Sync 2 DAGs
[2024-04-26T05:40:53.044-0300] {logging_mixin.py:188} INFO - [2024-04-26T05:40:53.044-0300] {dag.py:3954} INFO - Setting next_dagrun for example_subdag_operator.section-1 to None, run_after=None
[2024-04-26T05:40:53.044-0300] {logging_mixin.py:188} INFO - [2024-04-26T05:40:53.044-0300] {dag.py:3954} INFO - Setting next_dagrun for example_subdag_operator.section-2 to None, run_after=None
[2024-04-26T05:40:53.068-0300] {processor.py:183} INFO - Processing /home/athlon/projects/airflow/.venv/lib/python3.11/site-packages/airflow/example_dags/example_subdag_operator.py took 0.145 seconds
[2024-04-26T05:41:50.911-0300] {processor.py:161} INFO - Started process (PID=10363) to work on /home/athlon/projects/airflow/.venv/lib/python3.11/site-packages/airflow/example_dags/example_subdag_operator.py
[2024-04-26T05:41:50.917-0300] {processor.py:830} INFO - Processing file /home/athlon/projects/airflow/.venv/lib/python3.11/site-packages/airflow/example_dags/example_subdag_operator.py for tasks to queue
[2024-04-26T05:41:50.920-0300] {logging_mixin.py:188} INFO - [2024-04-26T05:41:50.919-0300] {dagbag.py:540} INFO - Filling up the DagBag from /home/athlon/projects/airflow/.venv/lib/python3.11/site-packages/airflow/example_dags/example_subdag_operator.py
[2024-04-26T05:41:50.952-0300] {processor.py:840} INFO - DAG(s) 'example_subdag_operator.section-1', 'example_subdag_operator.section-2', 'example_subdag_operator' retrieved from /home/athlon/projects/airflow/.venv/lib/python3.11/site-packages/airflow/example_dags/example_subdag_operator.py
[2024-04-26T05:41:50.973-0300] {logging_mixin.py:188} INFO - [2024-04-26T05:41:50.973-0300] {dag.py:3096} INFO - Sync 3 DAGs
[2024-04-26T05:41:51.001-0300] {logging_mixin.py:188} INFO - [2024-04-26T05:41:51.000-0300] {dag.py:3954} INFO - Setting next_dagrun for example_subdag_operator to 2022-01-01 00:00:00+00:00, run_after=2022-01-01 00:00:00+00:00
[2024-04-26T05:41:51.006-0300] {logging_mixin.py:188} INFO - [2024-04-26T05:41:51.005-0300] {dag.py:3954} INFO - Setting next_dagrun for example_subdag_operator.section-1 to None, run_after=None
[2024-04-26T05:41:51.007-0300] {logging_mixin.py:188} INFO - [2024-04-26T05:41:51.007-0300] {dag.py:3954} INFO - Setting next_dagrun for example_subdag_operator.section-2 to None, run_after=None
[2024-04-26T05:41:51.015-0300] {logging_mixin.py:188} INFO - [2024-04-26T05:41:51.015-0300] {dag.py:3096} INFO - Sync 2 DAGs
[2024-04-26T05:41:51.021-0300] {logging_mixin.py:188} INFO - [2024-04-26T05:41:51.021-0300] {dag.py:3954} INFO - Setting next_dagrun for example_subdag_operator.section-1 to None, run_after=None
[2024-04-26T05:41:51.021-0300] {logging_mixin.py:188} INFO - [2024-04-26T05:41:51.021-0300] {dag.py:3954} INFO - Setting next_dagrun for example_subdag_operator.section-2 to None, run_after=None
[2024-04-26T05:41:51.045-0300] {processor.py:183} INFO - Processing /home/athlon/projects/airflow/.venv/lib/python3.11/site-packages/airflow/example_dags/example_subdag_operator.py took 0.144 seconds
[2024-04-26T05:42:56.611-0300] {processor.py:161} INFO - Started process (PID=10419) to work on /home/athlon/projects/airflow/.venv/lib/python3.11/site-packages/airflow/example_dags/example_subdag_operator.py
[2024-04-26T05:42:56.617-0300] {processor.py:830} INFO - Processing file /home/athlon/projects/airflow/.venv/lib/python3.11/site-packages/airflow/example_dags/example_subdag_operator.py for tasks to queue
[2024-04-26T05:42:56.619-0300] {logging_mixin.py:188} INFO - [2024-04-26T05:42:56.619-0300] {dagbag.py:540} INFO - Filling up the DagBag from /home/athlon/projects/airflow/.venv/lib/python3.11/site-packages/airflow/example_dags/example_subdag_operator.py
[2024-04-26T05:42:56.658-0300] {processor.py:840} INFO - DAG(s) 'example_subdag_operator.section-1', 'example_subdag_operator.section-2', 'example_subdag_operator' retrieved from /home/athlon/projects/airflow/.venv/lib/python3.11/site-packages/airflow/example_dags/example_subdag_operator.py
[2024-04-26T05:42:56.680-0300] {logging_mixin.py:188} INFO - [2024-04-26T05:42:56.679-0300] {dag.py:3096} INFO - Sync 3 DAGs
[2024-04-26T05:42:56.708-0300] {logging_mixin.py:188} INFO - [2024-04-26T05:42:56.707-0300] {dag.py:3954} INFO - Setting next_dagrun for example_subdag_operator to 2022-01-01 00:00:00+00:00, run_after=2022-01-01 00:00:00+00:00
[2024-04-26T05:42:56.713-0300] {logging_mixin.py:188} INFO - [2024-04-26T05:42:56.712-0300] {dag.py:3954} INFO - Setting next_dagrun for example_subdag_operator.section-1 to None, run_after=None
[2024-04-26T05:42:56.714-0300] {logging_mixin.py:188} INFO - [2024-04-26T05:42:56.714-0300] {dag.py:3954} INFO - Setting next_dagrun for example_subdag_operator.section-2 to None, run_after=None
[2024-04-26T05:42:56.722-0300] {logging_mixin.py:188} INFO - [2024-04-26T05:42:56.722-0300] {dag.py:3096} INFO - Sync 2 DAGs
[2024-04-26T05:42:56.728-0300] {logging_mixin.py:188} INFO - [2024-04-26T05:42:56.728-0300] {dag.py:3954} INFO - Setting next_dagrun for example_subdag_operator.section-1 to None, run_after=None
[2024-04-26T05:42:56.729-0300] {logging_mixin.py:188} INFO - [2024-04-26T05:42:56.728-0300] {dag.py:3954} INFO - Setting next_dagrun for example_subdag_operator.section-2 to None, run_after=None
[2024-04-26T05:42:56.752-0300] {processor.py:183} INFO - Processing /home/athlon/projects/airflow/.venv/lib/python3.11/site-packages/airflow/example_dags/example_subdag_operator.py took 0.153 seconds
[2024-04-26T05:43:55.582-0300] {processor.py:161} INFO - Started process (PID=10473) to work on /home/athlon/projects/airflow/.venv/lib/python3.11/site-packages/airflow/example_dags/example_subdag_operator.py
[2024-04-26T05:43:55.588-0300] {processor.py:830} INFO - Processing file /home/athlon/projects/airflow/.venv/lib/python3.11/site-packages/airflow/example_dags/example_subdag_operator.py for tasks to queue
[2024-04-26T05:43:55.591-0300] {logging_mixin.py:188} INFO - [2024-04-26T05:43:55.590-0300] {dagbag.py:540} INFO - Filling up the DagBag from /home/athlon/projects/airflow/.venv/lib/python3.11/site-packages/airflow/example_dags/example_subdag_operator.py
[2024-04-26T05:43:55.624-0300] {processor.py:840} INFO - DAG(s) 'example_subdag_operator.section-1', 'example_subdag_operator.section-2', 'example_subdag_operator' retrieved from /home/athlon/projects/airflow/.venv/lib/python3.11/site-packages/airflow/example_dags/example_subdag_operator.py
[2024-04-26T05:43:55.649-0300] {logging_mixin.py:188} INFO - [2024-04-26T05:43:55.649-0300] {dag.py:3096} INFO - Sync 3 DAGs
[2024-04-26T05:43:55.676-0300] {logging_mixin.py:188} INFO - [2024-04-26T05:43:55.676-0300] {dag.py:3954} INFO - Setting next_dagrun for example_subdag_operator to 2022-01-01 00:00:00+00:00, run_after=2022-01-01 00:00:00+00:00
[2024-04-26T05:43:55.683-0300] {logging_mixin.py:188} INFO - [2024-04-26T05:43:55.682-0300] {dag.py:3954} INFO - Setting next_dagrun for example_subdag_operator.section-1 to None, run_after=None
[2024-04-26T05:43:55.684-0300] {logging_mixin.py:188} INFO - [2024-04-26T05:43:55.684-0300] {dag.py:3954} INFO - Setting next_dagrun for example_subdag_operator.section-2 to None, run_after=None
[2024-04-26T05:43:55.693-0300] {logging_mixin.py:188} INFO - [2024-04-26T05:43:55.693-0300] {dag.py:3096} INFO - Sync 2 DAGs
[2024-04-26T05:43:55.698-0300] {logging_mixin.py:188} INFO - [2024-04-26T05:43:55.698-0300] {dag.py:3954} INFO - Setting next_dagrun for example_subdag_operator.section-1 to None, run_after=None
[2024-04-26T05:43:55.699-0300] {logging_mixin.py:188} INFO - [2024-04-26T05:43:55.699-0300] {dag.py:3954} INFO - Setting next_dagrun for example_subdag_operator.section-2 to None, run_after=None
[2024-04-26T05:43:55.724-0300] {processor.py:183} INFO - Processing /home/athlon/projects/airflow/.venv/lib/python3.11/site-packages/airflow/example_dags/example_subdag_operator.py took 0.152 seconds
[2024-04-26T05:44:48.271-0300] {processor.py:161} INFO - Started process (PID=10523) to work on /home/athlon/projects/airflow/.venv/lib/python3.11/site-packages/airflow/example_dags/example_subdag_operator.py
[2024-04-26T05:44:48.277-0300] {processor.py:830} INFO - Processing file /home/athlon/projects/airflow/.venv/lib/python3.11/site-packages/airflow/example_dags/example_subdag_operator.py for tasks to queue
[2024-04-26T05:44:48.280-0300] {logging_mixin.py:188} INFO - [2024-04-26T05:44:48.279-0300] {dagbag.py:540} INFO - Filling up the DagBag from /home/athlon/projects/airflow/.venv/lib/python3.11/site-packages/airflow/example_dags/example_subdag_operator.py
[2024-04-26T05:44:48.313-0300] {processor.py:840} INFO - DAG(s) 'example_subdag_operator.section-1', 'example_subdag_operator.section-2', 'example_subdag_operator' retrieved from /home/athlon/projects/airflow/.venv/lib/python3.11/site-packages/airflow/example_dags/example_subdag_operator.py
[2024-04-26T05:44:48.335-0300] {logging_mixin.py:188} INFO - [2024-04-26T05:44:48.335-0300] {dag.py:3096} INFO - Sync 3 DAGs
[2024-04-26T05:44:48.363-0300] {logging_mixin.py:188} INFO - [2024-04-26T05:44:48.363-0300] {dag.py:3954} INFO - Setting next_dagrun for example_subdag_operator to 2022-01-01 00:00:00+00:00, run_after=2022-01-01 00:00:00+00:00
[2024-04-26T05:44:48.368-0300] {logging_mixin.py:188} INFO - [2024-04-26T05:44:48.368-0300] {dag.py:3954} INFO - Setting next_dagrun for example_subdag_operator.section-1 to None, run_after=None
[2024-04-26T05:44:48.369-0300] {logging_mixin.py:188} INFO - [2024-04-26T05:44:48.369-0300] {dag.py:3954} INFO - Setting next_dagrun for example_subdag_operator.section-2 to None, run_after=None
[2024-04-26T05:44:48.377-0300] {logging_mixin.py:188} INFO - [2024-04-26T05:44:48.377-0300] {dag.py:3096} INFO - Sync 2 DAGs
[2024-04-26T05:44:48.383-0300] {logging_mixin.py:188} INFO - [2024-04-26T05:44:48.383-0300] {dag.py:3954} INFO - Setting next_dagrun for example_subdag_operator.section-1 to None, run_after=None
[2024-04-26T05:44:48.384-0300] {logging_mixin.py:188} INFO - [2024-04-26T05:44:48.383-0300] {dag.py:3954} INFO - Setting next_dagrun for example_subdag_operator.section-2 to None, run_after=None
[2024-04-26T05:44:48.407-0300] {processor.py:183} INFO - Processing /home/athlon/projects/airflow/.venv/lib/python3.11/site-packages/airflow/example_dags/example_subdag_operator.py took 0.151 seconds
[2024-04-26T05:45:47.422-0300] {processor.py:161} INFO - Started process (PID=10578) to work on /home/athlon/projects/airflow/.venv/lib/python3.11/site-packages/airflow/example_dags/example_subdag_operator.py
[2024-04-26T05:45:47.427-0300] {processor.py:830} INFO - Processing file /home/athlon/projects/airflow/.venv/lib/python3.11/site-packages/airflow/example_dags/example_subdag_operator.py for tasks to queue
[2024-04-26T05:45:47.429-0300] {logging_mixin.py:188} INFO - [2024-04-26T05:45:47.429-0300] {dagbag.py:540} INFO - Filling up the DagBag from /home/athlon/projects/airflow/.venv/lib/python3.11/site-packages/airflow/example_dags/example_subdag_operator.py
[2024-04-26T05:45:47.458-0300] {processor.py:840} INFO - DAG(s) 'example_subdag_operator.section-1', 'example_subdag_operator.section-2', 'example_subdag_operator' retrieved from /home/athlon/projects/airflow/.venv/lib/python3.11/site-packages/airflow/example_dags/example_subdag_operator.py
[2024-04-26T05:45:47.479-0300] {logging_mixin.py:188} INFO - [2024-04-26T05:45:47.478-0300] {dag.py:3096} INFO - Sync 3 DAGs
[2024-04-26T05:45:47.507-0300] {logging_mixin.py:188} INFO - [2024-04-26T05:45:47.506-0300] {dag.py:3954} INFO - Setting next_dagrun for example_subdag_operator to 2022-01-01 00:00:00+00:00, run_after=2022-01-01 00:00:00+00:00
[2024-04-26T05:45:47.512-0300] {logging_mixin.py:188} INFO - [2024-04-26T05:45:47.511-0300] {dag.py:3954} INFO - Setting next_dagrun for example_subdag_operator.section-1 to None, run_after=None
[2024-04-26T05:45:47.513-0300] {logging_mixin.py:188} INFO - [2024-04-26T05:45:47.513-0300] {dag.py:3954} INFO - Setting next_dagrun for example_subdag_operator.section-2 to None, run_after=None
[2024-04-26T05:45:47.521-0300] {logging_mixin.py:188} INFO - [2024-04-26T05:45:47.521-0300] {dag.py:3096} INFO - Sync 2 DAGs
[2024-04-26T05:45:47.527-0300] {logging_mixin.py:188} INFO - [2024-04-26T05:45:47.527-0300] {dag.py:3954} INFO - Setting next_dagrun for example_subdag_operator.section-1 to None, run_after=None
[2024-04-26T05:45:47.528-0300] {logging_mixin.py:188} INFO - [2024-04-26T05:45:47.528-0300] {dag.py:3954} INFO - Setting next_dagrun for example_subdag_operator.section-2 to None, run_after=None
[2024-04-26T05:45:47.551-0300] {processor.py:183} INFO - Processing /home/athlon/projects/airflow/.venv/lib/python3.11/site-packages/airflow/example_dags/example_subdag_operator.py took 0.138 seconds
[2024-04-26T05:46:46.475-0300] {processor.py:161} INFO - Started process (PID=10631) to work on /home/athlon/projects/airflow/.venv/lib/python3.11/site-packages/airflow/example_dags/example_subdag_operator.py
[2024-04-26T05:46:46.481-0300] {processor.py:830} INFO - Processing file /home/athlon/projects/airflow/.venv/lib/python3.11/site-packages/airflow/example_dags/example_subdag_operator.py for tasks to queue
[2024-04-26T05:46:46.484-0300] {logging_mixin.py:188} INFO - [2024-04-26T05:46:46.483-0300] {dagbag.py:540} INFO - Filling up the DagBag from /home/athlon/projects/airflow/.venv/lib/python3.11/site-packages/airflow/example_dags/example_subdag_operator.py
[2024-04-26T05:46:46.517-0300] {processor.py:840} INFO - DAG(s) 'example_subdag_operator.section-1', 'example_subdag_operator.section-2', 'example_subdag_operator' retrieved from /home/athlon/projects/airflow/.venv/lib/python3.11/site-packages/airflow/example_dags/example_subdag_operator.py
[2024-04-26T05:46:46.543-0300] {logging_mixin.py:188} INFO - [2024-04-26T05:46:46.543-0300] {dag.py:3096} INFO - Sync 3 DAGs
[2024-04-26T05:46:46.570-0300] {logging_mixin.py:188} INFO - [2024-04-26T05:46:46.570-0300] {dag.py:3954} INFO - Setting next_dagrun for example_subdag_operator to 2022-01-01 00:00:00+00:00, run_after=2022-01-01 00:00:00+00:00
[2024-04-26T05:46:46.575-0300] {logging_mixin.py:188} INFO - [2024-04-26T05:46:46.575-0300] {dag.py:3954} INFO - Setting next_dagrun for example_subdag_operator.section-1 to None, run_after=None
[2024-04-26T05:46:46.577-0300] {logging_mixin.py:188} INFO - [2024-04-26T05:46:46.576-0300] {dag.py:3954} INFO - Setting next_dagrun for example_subdag_operator.section-2 to None, run_after=None
[2024-04-26T05:46:46.585-0300] {logging_mixin.py:188} INFO - [2024-04-26T05:46:46.584-0300] {dag.py:3096} INFO - Sync 2 DAGs
[2024-04-26T05:46:46.590-0300] {logging_mixin.py:188} INFO - [2024-04-26T05:46:46.590-0300] {dag.py:3954} INFO - Setting next_dagrun for example_subdag_operator.section-1 to None, run_after=None
[2024-04-26T05:46:46.591-0300] {logging_mixin.py:188} INFO - [2024-04-26T05:46:46.591-0300] {dag.py:3954} INFO - Setting next_dagrun for example_subdag_operator.section-2 to None, run_after=None
[2024-04-26T05:46:46.614-0300] {processor.py:183} INFO - Processing /home/athlon/projects/airflow/.venv/lib/python3.11/site-packages/airflow/example_dags/example_subdag_operator.py took 0.150 seconds
[2024-04-26T05:47:41.393-0300] {processor.py:161} INFO - Started process (PID=10701) to work on /home/athlon/projects/airflow/.venv/lib/python3.11/site-packages/airflow/example_dags/example_subdag_operator.py
[2024-04-26T05:47:41.399-0300] {processor.py:830} INFO - Processing file /home/athlon/projects/airflow/.venv/lib/python3.11/site-packages/airflow/example_dags/example_subdag_operator.py for tasks to queue
[2024-04-26T05:47:41.402-0300] {logging_mixin.py:188} INFO - [2024-04-26T05:47:41.401-0300] {dagbag.py:540} INFO - Filling up the DagBag from /home/athlon/projects/airflow/.venv/lib/python3.11/site-packages/airflow/example_dags/example_subdag_operator.py
[2024-04-26T05:47:41.433-0300] {processor.py:840} INFO - DAG(s) 'example_subdag_operator.section-1', 'example_subdag_operator.section-2', 'example_subdag_operator' retrieved from /home/athlon/projects/airflow/.venv/lib/python3.11/site-packages/airflow/example_dags/example_subdag_operator.py
[2024-04-26T05:47:41.454-0300] {logging_mixin.py:188} INFO - [2024-04-26T05:47:41.454-0300] {dag.py:3096} INFO - Sync 3 DAGs
[2024-04-26T05:47:41.481-0300] {logging_mixin.py:188} INFO - [2024-04-26T05:47:41.481-0300] {dag.py:3954} INFO - Setting next_dagrun for example_subdag_operator to 2022-01-01 00:00:00+00:00, run_after=2022-01-01 00:00:00+00:00
[2024-04-26T05:47:41.486-0300] {logging_mixin.py:188} INFO - [2024-04-26T05:47:41.486-0300] {dag.py:3954} INFO - Setting next_dagrun for example_subdag_operator.section-1 to None, run_after=None
[2024-04-26T05:47:41.487-0300] {logging_mixin.py:188} INFO - [2024-04-26T05:47:41.487-0300] {dag.py:3954} INFO - Setting next_dagrun for example_subdag_operator.section-2 to None, run_after=None
[2024-04-26T05:47:41.495-0300] {logging_mixin.py:188} INFO - [2024-04-26T05:47:41.495-0300] {dag.py:3096} INFO - Sync 2 DAGs
[2024-04-26T05:47:41.501-0300] {logging_mixin.py:188} INFO - [2024-04-26T05:47:41.501-0300] {dag.py:3954} INFO - Setting next_dagrun for example_subdag_operator.section-1 to None, run_after=None
[2024-04-26T05:47:41.502-0300] {logging_mixin.py:188} INFO - [2024-04-26T05:47:41.501-0300] {dag.py:3954} INFO - Setting next_dagrun for example_subdag_operator.section-2 to None, run_after=None
[2024-04-26T05:47:41.525-0300] {processor.py:183} INFO - Processing /home/athlon/projects/airflow/.venv/lib/python3.11/site-packages/airflow/example_dags/example_subdag_operator.py took 0.141 seconds
[2024-04-26T05:48:34.669-0300] {processor.py:161} INFO - Started process (PID=10769) to work on /home/athlon/projects/airflow/.venv/lib/python3.11/site-packages/airflow/example_dags/example_subdag_operator.py
[2024-04-26T05:48:34.675-0300] {processor.py:830} INFO - Processing file /home/athlon/projects/airflow/.venv/lib/python3.11/site-packages/airflow/example_dags/example_subdag_operator.py for tasks to queue
[2024-04-26T05:48:34.678-0300] {logging_mixin.py:188} INFO - [2024-04-26T05:48:34.677-0300] {dagbag.py:540} INFO - Filling up the DagBag from /home/athlon/projects/airflow/.venv/lib/python3.11/site-packages/airflow/example_dags/example_subdag_operator.py
[2024-04-26T05:48:34.709-0300] {processor.py:840} INFO - DAG(s) 'example_subdag_operator.section-1', 'example_subdag_operator.section-2', 'example_subdag_operator' retrieved from /home/athlon/projects/airflow/.venv/lib/python3.11/site-packages/airflow/example_dags/example_subdag_operator.py
[2024-04-26T05:48:34.731-0300] {logging_mixin.py:188} INFO - [2024-04-26T05:48:34.730-0300] {dag.py:3096} INFO - Sync 3 DAGs
[2024-04-26T05:48:34.758-0300] {logging_mixin.py:188} INFO - [2024-04-26T05:48:34.758-0300] {dag.py:3954} INFO - Setting next_dagrun for example_subdag_operator to 2022-01-01 00:00:00+00:00, run_after=2022-01-01 00:00:00+00:00
[2024-04-26T05:48:34.763-0300] {logging_mixin.py:188} INFO - [2024-04-26T05:48:34.763-0300] {dag.py:3954} INFO - Setting next_dagrun for example_subdag_operator.section-1 to None, run_after=None
[2024-04-26T05:48:34.764-0300] {logging_mixin.py:188} INFO - [2024-04-26T05:48:34.764-0300] {dag.py:3954} INFO - Setting next_dagrun for example_subdag_operator.section-2 to None, run_after=None
[2024-04-26T05:48:34.773-0300] {logging_mixin.py:188} INFO - [2024-04-26T05:48:34.772-0300] {dag.py:3096} INFO - Sync 2 DAGs
[2024-04-26T05:48:34.778-0300] {logging_mixin.py:188} INFO - [2024-04-26T05:48:34.778-0300] {dag.py:3954} INFO - Setting next_dagrun for example_subdag_operator.section-1 to None, run_after=None
[2024-04-26T05:48:34.779-0300] {logging_mixin.py:188} INFO - [2024-04-26T05:48:34.779-0300] {dag.py:3954} INFO - Setting next_dagrun for example_subdag_operator.section-2 to None, run_after=None
[2024-04-26T05:48:34.808-0300] {processor.py:183} INFO - Processing /home/athlon/projects/airflow/.venv/lib/python3.11/site-packages/airflow/example_dags/example_subdag_operator.py took 0.148 seconds
[2024-04-26T05:49:39.162-0300] {processor.py:161} INFO - Started process (PID=10860) to work on /home/athlon/projects/airflow/.venv/lib/python3.11/site-packages/airflow/example_dags/example_subdag_operator.py
[2024-04-26T05:49:39.164-0300] {processor.py:830} INFO - Processing file /home/athlon/projects/airflow/.venv/lib/python3.11/site-packages/airflow/example_dags/example_subdag_operator.py for tasks to queue
[2024-04-26T05:49:39.168-0300] {logging_mixin.py:188} INFO - [2024-04-26T05:49:39.167-0300] {dagbag.py:540} INFO - Filling up the DagBag from /home/athlon/projects/airflow/.venv/lib/python3.11/site-packages/airflow/example_dags/example_subdag_operator.py
[2024-04-26T05:49:39.214-0300] {processor.py:840} INFO - DAG(s) 'example_subdag_operator.section-1', 'example_subdag_operator.section-2', 'example_subdag_operator' retrieved from /home/athlon/projects/airflow/.venv/lib/python3.11/site-packages/airflow/example_dags/example_subdag_operator.py
[2024-04-26T05:49:39.251-0300] {logging_mixin.py:188} INFO - [2024-04-26T05:49:39.251-0300] {dag.py:3096} INFO - Sync 3 DAGs
[2024-04-26T05:49:39.301-0300] {logging_mixin.py:188} INFO - [2024-04-26T05:49:39.300-0300] {dag.py:3954} INFO - Setting next_dagrun for example_subdag_operator to 2022-01-01 00:00:00+00:00, run_after=2022-01-01 00:00:00+00:00
[2024-04-26T05:49:39.310-0300] {logging_mixin.py:188} INFO - [2024-04-26T05:49:39.309-0300] {dag.py:3954} INFO - Setting next_dagrun for example_subdag_operator.section-1 to None, run_after=None
[2024-04-26T05:49:39.312-0300] {logging_mixin.py:188} INFO - [2024-04-26T05:49:39.312-0300] {dag.py:3954} INFO - Setting next_dagrun for example_subdag_operator.section-2 to None, run_after=None
[2024-04-26T05:49:39.325-0300] {logging_mixin.py:188} INFO - [2024-04-26T05:49:39.325-0300] {dag.py:3096} INFO - Sync 2 DAGs
[2024-04-26T05:49:39.339-0300] {logging_mixin.py:188} INFO - [2024-04-26T05:49:39.339-0300] {dag.py:3954} INFO - Setting next_dagrun for example_subdag_operator.section-1 to None, run_after=None
[2024-04-26T05:49:39.341-0300] {logging_mixin.py:188} INFO - [2024-04-26T05:49:39.340-0300] {dag.py:3954} INFO - Setting next_dagrun for example_subdag_operator.section-2 to None, run_after=None
[2024-04-26T05:49:39.378-0300] {processor.py:183} INFO - Processing /home/athlon/projects/airflow/.venv/lib/python3.11/site-packages/airflow/example_dags/example_subdag_operator.py took 0.238 seconds
[2024-04-26T05:50:56.579-0300] {processor.py:161} INFO - Started process (PID=10960) to work on /home/athlon/projects/airflow/.venv/lib/python3.11/site-packages/airflow/example_dags/example_subdag_operator.py
[2024-04-26T05:50:56.586-0300] {processor.py:830} INFO - Processing file /home/athlon/projects/airflow/.venv/lib/python3.11/site-packages/airflow/example_dags/example_subdag_operator.py for tasks to queue
[2024-04-26T05:50:56.591-0300] {logging_mixin.py:188} INFO - [2024-04-26T05:50:56.590-0300] {dagbag.py:540} INFO - Filling up the DagBag from /home/athlon/projects/airflow/.venv/lib/python3.11/site-packages/airflow/example_dags/example_subdag_operator.py
[2024-04-26T05:50:56.642-0300] {processor.py:840} INFO - DAG(s) 'example_subdag_operator.section-1', 'example_subdag_operator.section-2', 'example_subdag_operator' retrieved from /home/athlon/projects/airflow/.venv/lib/python3.11/site-packages/airflow/example_dags/example_subdag_operator.py
[2024-04-26T05:50:56.684-0300] {logging_mixin.py:188} INFO - [2024-04-26T05:50:56.683-0300] {dag.py:3096} INFO - Sync 3 DAGs
[2024-04-26T05:50:56.730-0300] {logging_mixin.py:188} INFO - [2024-04-26T05:50:56.730-0300] {dag.py:3954} INFO - Setting next_dagrun for example_subdag_operator to 2022-01-01 00:00:00+00:00, run_after=2022-01-01 00:00:00+00:00
[2024-04-26T05:50:56.741-0300] {logging_mixin.py:188} INFO - [2024-04-26T05:50:56.741-0300] {dag.py:3954} INFO - Setting next_dagrun for example_subdag_operator.section-1 to None, run_after=None
[2024-04-26T05:50:56.743-0300] {logging_mixin.py:188} INFO - [2024-04-26T05:50:56.743-0300] {dag.py:3954} INFO - Setting next_dagrun for example_subdag_operator.section-2 to None, run_after=None
[2024-04-26T05:50:56.755-0300] {logging_mixin.py:188} INFO - [2024-04-26T05:50:56.755-0300] {dag.py:3096} INFO - Sync 2 DAGs
[2024-04-26T05:50:56.766-0300] {logging_mixin.py:188} INFO - [2024-04-26T05:50:56.766-0300] {dag.py:3954} INFO - Setting next_dagrun for example_subdag_operator.section-1 to None, run_after=None
[2024-04-26T05:50:56.768-0300] {logging_mixin.py:188} INFO - [2024-04-26T05:50:56.767-0300] {dag.py:3954} INFO - Setting next_dagrun for example_subdag_operator.section-2 to None, run_after=None
[2024-04-26T05:50:56.809-0300] {processor.py:183} INFO - Processing /home/athlon/projects/airflow/.venv/lib/python3.11/site-packages/airflow/example_dags/example_subdag_operator.py took 0.243 seconds
[2024-04-26T05:51:45.123-0300] {processor.py:161} INFO - Started process (PID=11006) to work on /home/athlon/projects/airflow/.venv/lib/python3.11/site-packages/airflow/example_dags/example_subdag_operator.py
[2024-04-26T05:51:45.128-0300] {processor.py:830} INFO - Processing file /home/athlon/projects/airflow/.venv/lib/python3.11/site-packages/airflow/example_dags/example_subdag_operator.py for tasks to queue
[2024-04-26T05:51:45.133-0300] {logging_mixin.py:188} INFO - [2024-04-26T05:51:45.132-0300] {dagbag.py:540} INFO - Filling up the DagBag from /home/athlon/projects/airflow/.venv/lib/python3.11/site-packages/airflow/example_dags/example_subdag_operator.py
[2024-04-26T05:51:45.176-0300] {processor.py:840} INFO - DAG(s) 'example_subdag_operator.section-1', 'example_subdag_operator.section-2', 'example_subdag_operator' retrieved from /home/athlon/projects/airflow/.venv/lib/python3.11/site-packages/airflow/example_dags/example_subdag_operator.py
[2024-04-26T05:51:45.208-0300] {logging_mixin.py:188} INFO - [2024-04-26T05:51:45.208-0300] {dag.py:3096} INFO - Sync 3 DAGs
[2024-04-26T05:51:45.246-0300] {logging_mixin.py:188} INFO - [2024-04-26T05:51:45.246-0300] {dag.py:3954} INFO - Setting next_dagrun for example_subdag_operator to 2022-01-01 00:00:00+00:00, run_after=2022-01-01 00:00:00+00:00
[2024-04-26T05:51:45.256-0300] {logging_mixin.py:188} INFO - [2024-04-26T05:51:45.256-0300] {dag.py:3954} INFO - Setting next_dagrun for example_subdag_operator.section-1 to None, run_after=None
[2024-04-26T05:51:45.257-0300] {logging_mixin.py:188} INFO - [2024-04-26T05:51:45.257-0300] {dag.py:3954} INFO - Setting next_dagrun for example_subdag_operator.section-2 to None, run_after=None
[2024-04-26T05:51:45.269-0300] {logging_mixin.py:188} INFO - [2024-04-26T05:51:45.268-0300] {dag.py:3096} INFO - Sync 2 DAGs
[2024-04-26T05:51:45.277-0300] {logging_mixin.py:188} INFO - [2024-04-26T05:51:45.276-0300] {dag.py:3954} INFO - Setting next_dagrun for example_subdag_operator.section-1 to None, run_after=None
[2024-04-26T05:51:45.277-0300] {logging_mixin.py:188} INFO - [2024-04-26T05:51:45.277-0300] {dag.py:3954} INFO - Setting next_dagrun for example_subdag_operator.section-2 to None, run_after=None
[2024-04-26T05:51:45.303-0300] {processor.py:183} INFO - Processing /home/athlon/projects/airflow/.venv/lib/python3.11/site-packages/airflow/example_dags/example_subdag_operator.py took 0.193 seconds
[2024-04-26T05:52:44.186-0300] {processor.py:161} INFO - Started process (PID=11060) to work on /home/athlon/projects/airflow/.venv/lib/python3.11/site-packages/airflow/example_dags/example_subdag_operator.py
[2024-04-26T05:52:44.193-0300] {processor.py:830} INFO - Processing file /home/athlon/projects/airflow/.venv/lib/python3.11/site-packages/airflow/example_dags/example_subdag_operator.py for tasks to queue
[2024-04-26T05:52:44.196-0300] {logging_mixin.py:188} INFO - [2024-04-26T05:52:44.196-0300] {dagbag.py:540} INFO - Filling up the DagBag from /home/athlon/projects/airflow/.venv/lib/python3.11/site-packages/airflow/example_dags/example_subdag_operator.py
[2024-04-26T05:52:44.240-0300] {processor.py:840} INFO - DAG(s) 'example_subdag_operator.section-1', 'example_subdag_operator.section-2', 'example_subdag_operator' retrieved from /home/athlon/projects/airflow/.venv/lib/python3.11/site-packages/airflow/example_dags/example_subdag_operator.py
[2024-04-26T05:52:44.270-0300] {logging_mixin.py:188} INFO - [2024-04-26T05:52:44.269-0300] {dag.py:3096} INFO - Sync 3 DAGs
[2024-04-26T05:52:44.308-0300] {logging_mixin.py:188} INFO - [2024-04-26T05:52:44.308-0300] {dag.py:3954} INFO - Setting next_dagrun for example_subdag_operator to 2022-01-01 00:00:00+00:00, run_after=2022-01-01 00:00:00+00:00
[2024-04-26T05:52:44.313-0300] {logging_mixin.py:188} INFO - [2024-04-26T05:52:44.313-0300] {dag.py:3954} INFO - Setting next_dagrun for example_subdag_operator.section-1 to None, run_after=None
[2024-04-26T05:52:44.315-0300] {logging_mixin.py:188} INFO - [2024-04-26T05:52:44.314-0300] {dag.py:3954} INFO - Setting next_dagrun for example_subdag_operator.section-2 to None, run_after=None
[2024-04-26T05:52:44.327-0300] {logging_mixin.py:188} INFO - [2024-04-26T05:52:44.327-0300] {dag.py:3096} INFO - Sync 2 DAGs
[2024-04-26T05:52:44.334-0300] {logging_mixin.py:188} INFO - [2024-04-26T05:52:44.333-0300] {dag.py:3954} INFO - Setting next_dagrun for example_subdag_operator.section-1 to None, run_after=None
[2024-04-26T05:52:44.337-0300] {logging_mixin.py:188} INFO - [2024-04-26T05:52:44.336-0300] {dag.py:3954} INFO - Setting next_dagrun for example_subdag_operator.section-2 to None, run_after=None
[2024-04-26T05:52:44.367-0300] {processor.py:183} INFO - Processing /home/athlon/projects/airflow/.venv/lib/python3.11/site-packages/airflow/example_dags/example_subdag_operator.py took 0.196 seconds
