[2024-04-26T05:28:15.681-0300] {processor.py:161} INFO - Started process (PID=9534) to work on /home/athlon/projects/airflow/.venv/lib/python3.11/site-packages/airflow/example_dags/example_trigger_controller_dag.py
[2024-04-26T05:28:15.682-0300] {processor.py:830} INFO - Processing file /home/athlon/projects/airflow/.venv/lib/python3.11/site-packages/airflow/example_dags/example_trigger_controller_dag.py for tasks to queue
[2024-04-26T05:28:15.684-0300] {logging_mixin.py:188} INFO - [2024-04-26T05:28:15.684-0300] {dagbag.py:540} INFO - Filling up the DagBag from /home/athlon/projects/airflow/.venv/lib/python3.11/site-packages/airflow/example_dags/example_trigger_controller_dag.py
[2024-04-26T05:28:15.691-0300] {processor.py:840} INFO - DAG(s) 'example_trigger_controller_dag' retrieved from /home/athlon/projects/airflow/.venv/lib/python3.11/site-packages/airflow/example_dags/example_trigger_controller_dag.py
[2024-04-26T05:28:15.874-0300] {logging_mixin.py:188} INFO - [2024-04-26T05:28:15.873-0300] {override.py:1829} INFO - Created Permission View: can edit on DAG:example_trigger_controller_dag
[2024-04-26T05:28:15.889-0300] {logging_mixin.py:188} INFO - [2024-04-26T05:28:15.889-0300] {override.py:1829} INFO - Created Permission View: can delete on DAG:example_trigger_controller_dag
[2024-04-26T05:28:15.901-0300] {logging_mixin.py:188} INFO - [2024-04-26T05:28:15.900-0300] {override.py:1829} INFO - Created Permission View: can read on DAG:example_trigger_controller_dag
[2024-04-26T05:28:15.901-0300] {logging_mixin.py:188} INFO - [2024-04-26T05:28:15.901-0300] {dag.py:3096} INFO - Sync 1 DAGs
[2024-04-26T05:28:15.916-0300] {logging_mixin.py:188} INFO - [2024-04-26T05:28:15.916-0300] {dag.py:3118} INFO - Creating ORM DAG for example_trigger_controller_dag
[2024-04-26T05:28:15.928-0300] {logging_mixin.py:188} INFO - [2024-04-26T05:28:15.928-0300] {dag.py:3954} INFO - Setting next_dagrun for example_trigger_controller_dag to 2021-01-01 00:00:00+00:00, run_after=2021-01-01 00:00:00+00:00
[2024-04-26T05:28:15.958-0300] {processor.py:183} INFO - Processing /home/athlon/projects/airflow/.venv/lib/python3.11/site-packages/airflow/example_dags/example_trigger_controller_dag.py took 0.286 seconds
[2024-04-26T05:29:23.891-0300] {processor.py:161} INFO - Started process (PID=9631) to work on /home/athlon/projects/airflow/.venv/lib/python3.11/site-packages/airflow/example_dags/example_trigger_controller_dag.py
[2024-04-26T05:29:23.893-0300] {processor.py:830} INFO - Processing file /home/athlon/projects/airflow/.venv/lib/python3.11/site-packages/airflow/example_dags/example_trigger_controller_dag.py for tasks to queue
[2024-04-26T05:29:23.896-0300] {logging_mixin.py:188} INFO - [2024-04-26T05:29:23.895-0300] {dagbag.py:540} INFO - Filling up the DagBag from /home/athlon/projects/airflow/.venv/lib/python3.11/site-packages/airflow/example_dags/example_trigger_controller_dag.py
[2024-04-26T05:29:23.904-0300] {processor.py:840} INFO - DAG(s) 'example_trigger_controller_dag' retrieved from /home/athlon/projects/airflow/.venv/lib/python3.11/site-packages/airflow/example_dags/example_trigger_controller_dag.py
[2024-04-26T05:29:23.928-0300] {logging_mixin.py:188} INFO - [2024-04-26T05:29:23.928-0300] {dag.py:3096} INFO - Sync 1 DAGs
[2024-04-26T05:29:23.959-0300] {logging_mixin.py:188} INFO - [2024-04-26T05:29:23.959-0300] {dag.py:3954} INFO - Setting next_dagrun for example_trigger_controller_dag to 2021-01-01 00:00:00+00:00, run_after=2021-01-01 00:00:00+00:00
[2024-04-26T05:29:23.995-0300] {processor.py:183} INFO - Processing /home/athlon/projects/airflow/.venv/lib/python3.11/site-packages/airflow/example_dags/example_trigger_controller_dag.py took 0.114 seconds
[2024-04-26T05:30:23.754-0300] {processor.py:161} INFO - Started process (PID=9686) to work on /home/athlon/projects/airflow/.venv/lib/python3.11/site-packages/airflow/example_dags/example_trigger_controller_dag.py
[2024-04-26T05:30:23.759-0300] {processor.py:830} INFO - Processing file /home/athlon/projects/airflow/.venv/lib/python3.11/site-packages/airflow/example_dags/example_trigger_controller_dag.py for tasks to queue
[2024-04-26T05:30:23.762-0300] {logging_mixin.py:188} INFO - [2024-04-26T05:30:23.761-0300] {dagbag.py:540} INFO - Filling up the DagBag from /home/athlon/projects/airflow/.venv/lib/python3.11/site-packages/airflow/example_dags/example_trigger_controller_dag.py
[2024-04-26T05:30:23.770-0300] {processor.py:840} INFO - DAG(s) 'example_trigger_controller_dag' retrieved from /home/athlon/projects/airflow/.venv/lib/python3.11/site-packages/airflow/example_dags/example_trigger_controller_dag.py
[2024-04-26T05:30:23.791-0300] {logging_mixin.py:188} INFO - [2024-04-26T05:30:23.790-0300] {dag.py:3096} INFO - Sync 1 DAGs
[2024-04-26T05:30:23.817-0300] {logging_mixin.py:188} INFO - [2024-04-26T05:30:23.817-0300] {dag.py:3954} INFO - Setting next_dagrun for example_trigger_controller_dag to 2021-01-01 00:00:00+00:00, run_after=2021-01-01 00:00:00+00:00
[2024-04-26T05:30:23.845-0300] {processor.py:183} INFO - Processing /home/athlon/projects/airflow/.venv/lib/python3.11/site-packages/airflow/example_dags/example_trigger_controller_dag.py took 0.101 seconds
[2024-04-26T05:31:18.800-0300] {processor.py:161} INFO - Started process (PID=9736) to work on /home/athlon/projects/airflow/.venv/lib/python3.11/site-packages/airflow/example_dags/example_trigger_controller_dag.py
[2024-04-26T05:31:18.805-0300] {processor.py:830} INFO - Processing file /home/athlon/projects/airflow/.venv/lib/python3.11/site-packages/airflow/example_dags/example_trigger_controller_dag.py for tasks to queue
[2024-04-26T05:31:18.808-0300] {logging_mixin.py:188} INFO - [2024-04-26T05:31:18.807-0300] {dagbag.py:540} INFO - Filling up the DagBag from /home/athlon/projects/airflow/.venv/lib/python3.11/site-packages/airflow/example_dags/example_trigger_controller_dag.py
[2024-04-26T05:31:18.816-0300] {processor.py:840} INFO - DAG(s) 'example_trigger_controller_dag' retrieved from /home/athlon/projects/airflow/.venv/lib/python3.11/site-packages/airflow/example_dags/example_trigger_controller_dag.py
[2024-04-26T05:31:18.840-0300] {logging_mixin.py:188} INFO - [2024-04-26T05:31:18.840-0300] {dag.py:3096} INFO - Sync 1 DAGs
[2024-04-26T05:31:18.866-0300] {logging_mixin.py:188} INFO - [2024-04-26T05:31:18.866-0300] {dag.py:3954} INFO - Setting next_dagrun for example_trigger_controller_dag to 2021-01-01 00:00:00+00:00, run_after=2021-01-01 00:00:00+00:00
[2024-04-26T05:31:18.895-0300] {processor.py:183} INFO - Processing /home/athlon/projects/airflow/.venv/lib/python3.11/site-packages/airflow/example_dags/example_trigger_controller_dag.py took 0.106 seconds
[2024-04-26T05:32:17.812-0300] {processor.py:161} INFO - Started process (PID=9795) to work on /home/athlon/projects/airflow/.venv/lib/python3.11/site-packages/airflow/example_dags/example_trigger_controller_dag.py
[2024-04-26T05:32:17.817-0300] {processor.py:830} INFO - Processing file /home/athlon/projects/airflow/.venv/lib/python3.11/site-packages/airflow/example_dags/example_trigger_controller_dag.py for tasks to queue
[2024-04-26T05:32:17.820-0300] {logging_mixin.py:188} INFO - [2024-04-26T05:32:17.819-0300] {dagbag.py:540} INFO - Filling up the DagBag from /home/athlon/projects/airflow/.venv/lib/python3.11/site-packages/airflow/example_dags/example_trigger_controller_dag.py
[2024-04-26T05:32:17.833-0300] {processor.py:840} INFO - DAG(s) 'example_trigger_controller_dag' retrieved from /home/athlon/projects/airflow/.venv/lib/python3.11/site-packages/airflow/example_dags/example_trigger_controller_dag.py
[2024-04-26T05:32:17.857-0300] {logging_mixin.py:188} INFO - [2024-04-26T05:32:17.856-0300] {dag.py:3096} INFO - Sync 1 DAGs
[2024-04-26T05:32:17.883-0300] {logging_mixin.py:188} INFO - [2024-04-26T05:32:17.883-0300] {dag.py:3954} INFO - Setting next_dagrun for example_trigger_controller_dag to 2021-01-01 00:00:00+00:00, run_after=2021-01-01 00:00:00+00:00
[2024-04-26T05:32:17.911-0300] {processor.py:183} INFO - Processing /home/athlon/projects/airflow/.venv/lib/python3.11/site-packages/airflow/example_dags/example_trigger_controller_dag.py took 0.110 seconds
[2024-04-26T05:33:19.269-0300] {processor.py:161} INFO - Started process (PID=9848) to work on /home/athlon/projects/airflow/.venv/lib/python3.11/site-packages/airflow/example_dags/example_trigger_controller_dag.py
[2024-04-26T05:33:19.275-0300] {processor.py:830} INFO - Processing file /home/athlon/projects/airflow/.venv/lib/python3.11/site-packages/airflow/example_dags/example_trigger_controller_dag.py for tasks to queue
[2024-04-26T05:33:19.278-0300] {logging_mixin.py:188} INFO - [2024-04-26T05:33:19.277-0300] {dagbag.py:540} INFO - Filling up the DagBag from /home/athlon/projects/airflow/.venv/lib/python3.11/site-packages/airflow/example_dags/example_trigger_controller_dag.py
[2024-04-26T05:33:19.285-0300] {processor.py:840} INFO - DAG(s) 'example_trigger_controller_dag' retrieved from /home/athlon/projects/airflow/.venv/lib/python3.11/site-packages/airflow/example_dags/example_trigger_controller_dag.py
[2024-04-26T05:33:19.307-0300] {logging_mixin.py:188} INFO - [2024-04-26T05:33:19.307-0300] {dag.py:3096} INFO - Sync 1 DAGs
[2024-04-26T05:33:19.333-0300] {logging_mixin.py:188} INFO - [2024-04-26T05:33:19.333-0300] {dag.py:3954} INFO - Setting next_dagrun for example_trigger_controller_dag to 2021-01-01 00:00:00+00:00, run_after=2021-01-01 00:00:00+00:00
[2024-04-26T05:33:19.363-0300] {processor.py:183} INFO - Processing /home/athlon/projects/airflow/.venv/lib/python3.11/site-packages/airflow/example_dags/example_trigger_controller_dag.py took 0.104 seconds
[2024-04-26T05:34:18.976-0300] {processor.py:161} INFO - Started process (PID=9918) to work on /home/athlon/projects/airflow/.venv/lib/python3.11/site-packages/airflow/example_dags/example_trigger_controller_dag.py
[2024-04-26T05:34:18.981-0300] {processor.py:830} INFO - Processing file /home/athlon/projects/airflow/.venv/lib/python3.11/site-packages/airflow/example_dags/example_trigger_controller_dag.py for tasks to queue
[2024-04-26T05:34:18.984-0300] {logging_mixin.py:188} INFO - [2024-04-26T05:34:18.983-0300] {dagbag.py:540} INFO - Filling up the DagBag from /home/athlon/projects/airflow/.venv/lib/python3.11/site-packages/airflow/example_dags/example_trigger_controller_dag.py
[2024-04-26T05:34:18.992-0300] {processor.py:840} INFO - DAG(s) 'example_trigger_controller_dag' retrieved from /home/athlon/projects/airflow/.venv/lib/python3.11/site-packages/airflow/example_dags/example_trigger_controller_dag.py
[2024-04-26T05:34:19.016-0300] {logging_mixin.py:188} INFO - [2024-04-26T05:34:19.015-0300] {dag.py:3096} INFO - Sync 1 DAGs
[2024-04-26T05:34:19.042-0300] {logging_mixin.py:188} INFO - [2024-04-26T05:34:19.042-0300] {dag.py:3954} INFO - Setting next_dagrun for example_trigger_controller_dag to 2021-01-01 00:00:00+00:00, run_after=2021-01-01 00:00:00+00:00
[2024-04-26T05:34:19.071-0300] {processor.py:183} INFO - Processing /home/athlon/projects/airflow/.venv/lib/python3.11/site-packages/airflow/example_dags/example_trigger_controller_dag.py took 0.106 seconds
[2024-04-26T05:35:14.230-0300] {processor.py:161} INFO - Started process (PID=9970) to work on /home/athlon/projects/airflow/.venv/lib/python3.11/site-packages/airflow/example_dags/example_trigger_controller_dag.py
[2024-04-26T05:35:14.236-0300] {processor.py:830} INFO - Processing file /home/athlon/projects/airflow/.venv/lib/python3.11/site-packages/airflow/example_dags/example_trigger_controller_dag.py for tasks to queue
[2024-04-26T05:35:14.240-0300] {logging_mixin.py:188} INFO - [2024-04-26T05:35:14.240-0300] {dagbag.py:540} INFO - Filling up the DagBag from /home/athlon/projects/airflow/.venv/lib/python3.11/site-packages/airflow/example_dags/example_trigger_controller_dag.py
[2024-04-26T05:35:14.251-0300] {processor.py:840} INFO - DAG(s) 'example_trigger_controller_dag' retrieved from /home/athlon/projects/airflow/.venv/lib/python3.11/site-packages/airflow/example_dags/example_trigger_controller_dag.py
[2024-04-26T05:35:14.274-0300] {logging_mixin.py:188} INFO - [2024-04-26T05:35:14.273-0300] {dag.py:3096} INFO - Sync 1 DAGs
[2024-04-26T05:35:14.300-0300] {logging_mixin.py:188} INFO - [2024-04-26T05:35:14.300-0300] {dag.py:3954} INFO - Setting next_dagrun for example_trigger_controller_dag to 2021-01-01 00:00:00+00:00, run_after=2021-01-01 00:00:00+00:00
[2024-04-26T05:35:14.330-0300] {processor.py:183} INFO - Processing /home/athlon/projects/airflow/.venv/lib/python3.11/site-packages/airflow/example_dags/example_trigger_controller_dag.py took 0.110 seconds
[2024-04-26T05:36:09.353-0300] {processor.py:161} INFO - Started process (PID=10020) to work on /home/athlon/projects/airflow/.venv/lib/python3.11/site-packages/airflow/example_dags/example_trigger_controller_dag.py
[2024-04-26T05:36:09.359-0300] {processor.py:830} INFO - Processing file /home/athlon/projects/airflow/.venv/lib/python3.11/site-packages/airflow/example_dags/example_trigger_controller_dag.py for tasks to queue
[2024-04-26T05:36:09.363-0300] {logging_mixin.py:188} INFO - [2024-04-26T05:36:09.362-0300] {dagbag.py:540} INFO - Filling up the DagBag from /home/athlon/projects/airflow/.venv/lib/python3.11/site-packages/airflow/example_dags/example_trigger_controller_dag.py
[2024-04-26T05:36:09.370-0300] {processor.py:840} INFO - DAG(s) 'example_trigger_controller_dag' retrieved from /home/athlon/projects/airflow/.venv/lib/python3.11/site-packages/airflow/example_dags/example_trigger_controller_dag.py
[2024-04-26T05:36:09.393-0300] {logging_mixin.py:188} INFO - [2024-04-26T05:36:09.393-0300] {dag.py:3096} INFO - Sync 1 DAGs
[2024-04-26T05:36:09.419-0300] {logging_mixin.py:188} INFO - [2024-04-26T05:36:09.419-0300] {dag.py:3954} INFO - Setting next_dagrun for example_trigger_controller_dag to 2021-01-01 00:00:00+00:00, run_after=2021-01-01 00:00:00+00:00
[2024-04-26T05:36:09.449-0300] {processor.py:183} INFO - Processing /home/athlon/projects/airflow/.venv/lib/python3.11/site-packages/airflow/example_dags/example_trigger_controller_dag.py took 0.106 seconds
[2024-04-26T05:37:03.286-0300] {processor.py:161} INFO - Started process (PID=10070) to work on /home/athlon/projects/airflow/.venv/lib/python3.11/site-packages/airflow/example_dags/example_trigger_controller_dag.py
[2024-04-26T05:37:03.292-0300] {processor.py:830} INFO - Processing file /home/athlon/projects/airflow/.venv/lib/python3.11/site-packages/airflow/example_dags/example_trigger_controller_dag.py for tasks to queue
[2024-04-26T05:37:03.296-0300] {logging_mixin.py:188} INFO - [2024-04-26T05:37:03.295-0300] {dagbag.py:540} INFO - Filling up the DagBag from /home/athlon/projects/airflow/.venv/lib/python3.11/site-packages/airflow/example_dags/example_trigger_controller_dag.py
[2024-04-26T05:37:03.304-0300] {processor.py:840} INFO - DAG(s) 'example_trigger_controller_dag' retrieved from /home/athlon/projects/airflow/.venv/lib/python3.11/site-packages/airflow/example_dags/example_trigger_controller_dag.py
[2024-04-26T05:37:03.327-0300] {logging_mixin.py:188} INFO - [2024-04-26T05:37:03.326-0300] {dag.py:3096} INFO - Sync 1 DAGs
[2024-04-26T05:37:03.360-0300] {logging_mixin.py:188} INFO - [2024-04-26T05:37:03.360-0300] {dag.py:3954} INFO - Setting next_dagrun for example_trigger_controller_dag to 2021-01-01 00:00:00+00:00, run_after=2021-01-01 00:00:00+00:00
[2024-04-26T05:37:03.391-0300] {processor.py:183} INFO - Processing /home/athlon/projects/airflow/.venv/lib/python3.11/site-packages/airflow/example_dags/example_trigger_controller_dag.py took 0.115 seconds
[2024-04-26T05:37:57.906-0300] {processor.py:161} INFO - Started process (PID=10125) to work on /home/athlon/projects/airflow/.venv/lib/python3.11/site-packages/airflow/example_dags/example_trigger_controller_dag.py
[2024-04-26T05:37:57.912-0300] {processor.py:830} INFO - Processing file /home/athlon/projects/airflow/.venv/lib/python3.11/site-packages/airflow/example_dags/example_trigger_controller_dag.py for tasks to queue
[2024-04-26T05:37:57.914-0300] {logging_mixin.py:188} INFO - [2024-04-26T05:37:57.914-0300] {dagbag.py:540} INFO - Filling up the DagBag from /home/athlon/projects/airflow/.venv/lib/python3.11/site-packages/airflow/example_dags/example_trigger_controller_dag.py
[2024-04-26T05:37:57.923-0300] {processor.py:840} INFO - DAG(s) 'example_trigger_controller_dag' retrieved from /home/athlon/projects/airflow/.venv/lib/python3.11/site-packages/airflow/example_dags/example_trigger_controller_dag.py
[2024-04-26T05:37:57.946-0300] {logging_mixin.py:188} INFO - [2024-04-26T05:37:57.945-0300] {dag.py:3096} INFO - Sync 1 DAGs
[2024-04-26T05:37:57.973-0300] {logging_mixin.py:188} INFO - [2024-04-26T05:37:57.973-0300] {dag.py:3954} INFO - Setting next_dagrun for example_trigger_controller_dag to 2021-01-01 00:00:00+00:00, run_after=2021-01-01 00:00:00+00:00
[2024-04-26T05:37:58.003-0300] {processor.py:183} INFO - Processing /home/athlon/projects/airflow/.venv/lib/python3.11/site-packages/airflow/example_dags/example_trigger_controller_dag.py took 0.108 seconds
[2024-04-26T05:39:01.236-0300] {processor.py:161} INFO - Started process (PID=10181) to work on /home/athlon/projects/airflow/.venv/lib/python3.11/site-packages/airflow/example_dags/example_trigger_controller_dag.py
[2024-04-26T05:39:01.237-0300] {processor.py:830} INFO - Processing file /home/athlon/projects/airflow/.venv/lib/python3.11/site-packages/airflow/example_dags/example_trigger_controller_dag.py for tasks to queue
[2024-04-26T05:39:01.239-0300] {logging_mixin.py:188} INFO - [2024-04-26T05:39:01.239-0300] {dagbag.py:540} INFO - Filling up the DagBag from /home/athlon/projects/airflow/.venv/lib/python3.11/site-packages/airflow/example_dags/example_trigger_controller_dag.py
[2024-04-26T05:39:01.246-0300] {processor.py:840} INFO - DAG(s) 'example_trigger_controller_dag' retrieved from /home/athlon/projects/airflow/.venv/lib/python3.11/site-packages/airflow/example_dags/example_trigger_controller_dag.py
[2024-04-26T05:39:01.266-0300] {logging_mixin.py:188} INFO - [2024-04-26T05:39:01.265-0300] {dag.py:3096} INFO - Sync 1 DAGs
[2024-04-26T05:39:01.295-0300] {logging_mixin.py:188} INFO - [2024-04-26T05:39:01.295-0300] {dag.py:3954} INFO - Setting next_dagrun for example_trigger_controller_dag to 2021-01-01 00:00:00+00:00, run_after=2021-01-01 00:00:00+00:00
[2024-04-26T05:39:01.325-0300] {processor.py:183} INFO - Processing /home/athlon/projects/airflow/.venv/lib/python3.11/site-packages/airflow/example_dags/example_trigger_controller_dag.py took 0.097 seconds
[2024-04-26T05:40:00.840-0300] {processor.py:161} INFO - Started process (PID=10262) to work on /home/athlon/projects/airflow/.venv/lib/python3.11/site-packages/airflow/example_dags/example_trigger_controller_dag.py
[2024-04-26T05:40:00.846-0300] {processor.py:830} INFO - Processing file /home/athlon/projects/airflow/.venv/lib/python3.11/site-packages/airflow/example_dags/example_trigger_controller_dag.py for tasks to queue
[2024-04-26T05:40:00.849-0300] {logging_mixin.py:188} INFO - [2024-04-26T05:40:00.848-0300] {dagbag.py:540} INFO - Filling up the DagBag from /home/athlon/projects/airflow/.venv/lib/python3.11/site-packages/airflow/example_dags/example_trigger_controller_dag.py
[2024-04-26T05:40:00.860-0300] {processor.py:840} INFO - DAG(s) 'example_trigger_controller_dag' retrieved from /home/athlon/projects/airflow/.venv/lib/python3.11/site-packages/airflow/example_dags/example_trigger_controller_dag.py
[2024-04-26T05:40:00.884-0300] {logging_mixin.py:188} INFO - [2024-04-26T05:40:00.884-0300] {dag.py:3096} INFO - Sync 1 DAGs
[2024-04-26T05:40:00.915-0300] {logging_mixin.py:188} INFO - [2024-04-26T05:40:00.915-0300] {dag.py:3954} INFO - Setting next_dagrun for example_trigger_controller_dag to 2021-01-01 00:00:00+00:00, run_after=2021-01-01 00:00:00+00:00
[2024-04-26T05:40:00.949-0300] {processor.py:183} INFO - Processing /home/athlon/projects/airflow/.venv/lib/python3.11/site-packages/airflow/example_dags/example_trigger_controller_dag.py took 0.121 seconds
[2024-04-26T05:41:02.350-0300] {processor.py:161} INFO - Started process (PID=10319) to work on /home/athlon/projects/airflow/.venv/lib/python3.11/site-packages/airflow/example_dags/example_trigger_controller_dag.py
[2024-04-26T05:41:02.355-0300] {processor.py:830} INFO - Processing file /home/athlon/projects/airflow/.venv/lib/python3.11/site-packages/airflow/example_dags/example_trigger_controller_dag.py for tasks to queue
[2024-04-26T05:41:02.358-0300] {logging_mixin.py:188} INFO - [2024-04-26T05:41:02.357-0300] {dagbag.py:540} INFO - Filling up the DagBag from /home/athlon/projects/airflow/.venv/lib/python3.11/site-packages/airflow/example_dags/example_trigger_controller_dag.py
[2024-04-26T05:41:02.365-0300] {processor.py:840} INFO - DAG(s) 'example_trigger_controller_dag' retrieved from /home/athlon/projects/airflow/.venv/lib/python3.11/site-packages/airflow/example_dags/example_trigger_controller_dag.py
[2024-04-26T05:41:02.386-0300] {logging_mixin.py:188} INFO - [2024-04-26T05:41:02.386-0300] {dag.py:3096} INFO - Sync 1 DAGs
[2024-04-26T05:41:02.413-0300] {logging_mixin.py:188} INFO - [2024-04-26T05:41:02.413-0300] {dag.py:3954} INFO - Setting next_dagrun for example_trigger_controller_dag to 2021-01-01 00:00:00+00:00, run_after=2021-01-01 00:00:00+00:00
[2024-04-26T05:41:02.443-0300] {processor.py:183} INFO - Processing /home/athlon/projects/airflow/.venv/lib/python3.11/site-packages/airflow/example_dags/example_trigger_controller_dag.py took 0.103 seconds
[2024-04-26T05:41:59.935-0300] {processor.py:161} INFO - Started process (PID=10371) to work on /home/athlon/projects/airflow/.venv/lib/python3.11/site-packages/airflow/example_dags/example_trigger_controller_dag.py
[2024-04-26T05:41:59.941-0300] {processor.py:830} INFO - Processing file /home/athlon/projects/airflow/.venv/lib/python3.11/site-packages/airflow/example_dags/example_trigger_controller_dag.py for tasks to queue
[2024-04-26T05:41:59.944-0300] {logging_mixin.py:188} INFO - [2024-04-26T05:41:59.944-0300] {dagbag.py:540} INFO - Filling up the DagBag from /home/athlon/projects/airflow/.venv/lib/python3.11/site-packages/airflow/example_dags/example_trigger_controller_dag.py
[2024-04-26T05:41:59.952-0300] {processor.py:840} INFO - DAG(s) 'example_trigger_controller_dag' retrieved from /home/athlon/projects/airflow/.venv/lib/python3.11/site-packages/airflow/example_dags/example_trigger_controller_dag.py
[2024-04-26T05:41:59.975-0300] {logging_mixin.py:188} INFO - [2024-04-26T05:41:59.974-0300] {dag.py:3096} INFO - Sync 1 DAGs
[2024-04-26T05:42:00.004-0300] {logging_mixin.py:188} INFO - [2024-04-26T05:42:00.003-0300] {dag.py:3954} INFO - Setting next_dagrun for example_trigger_controller_dag to 2021-01-01 00:00:00+00:00, run_after=2021-01-01 00:00:00+00:00
[2024-04-26T05:42:00.033-0300] {processor.py:183} INFO - Processing /home/athlon/projects/airflow/.venv/lib/python3.11/site-packages/airflow/example_dags/example_trigger_controller_dag.py took 0.109 seconds
[2024-04-26T05:43:05.918-0300] {processor.py:161} INFO - Started process (PID=10427) to work on /home/athlon/projects/airflow/.venv/lib/python3.11/site-packages/airflow/example_dags/example_trigger_controller_dag.py
[2024-04-26T05:43:05.924-0300] {processor.py:830} INFO - Processing file /home/athlon/projects/airflow/.venv/lib/python3.11/site-packages/airflow/example_dags/example_trigger_controller_dag.py for tasks to queue
[2024-04-26T05:43:05.926-0300] {logging_mixin.py:188} INFO - [2024-04-26T05:43:05.926-0300] {dagbag.py:540} INFO - Filling up the DagBag from /home/athlon/projects/airflow/.venv/lib/python3.11/site-packages/airflow/example_dags/example_trigger_controller_dag.py
[2024-04-26T05:43:05.935-0300] {processor.py:840} INFO - DAG(s) 'example_trigger_controller_dag' retrieved from /home/athlon/projects/airflow/.venv/lib/python3.11/site-packages/airflow/example_dags/example_trigger_controller_dag.py
[2024-04-26T05:43:05.960-0300] {logging_mixin.py:188} INFO - [2024-04-26T05:43:05.960-0300] {dag.py:3096} INFO - Sync 1 DAGs
[2024-04-26T05:43:05.989-0300] {logging_mixin.py:188} INFO - [2024-04-26T05:43:05.989-0300] {dag.py:3954} INFO - Setting next_dagrun for example_trigger_controller_dag to 2021-01-01 00:00:00+00:00, run_after=2021-01-01 00:00:00+00:00
[2024-04-26T05:43:06.019-0300] {processor.py:183} INFO - Processing /home/athlon/projects/airflow/.venv/lib/python3.11/site-packages/airflow/example_dags/example_trigger_controller_dag.py took 0.112 seconds
[2024-04-26T05:44:02.484-0300] {processor.py:161} INFO - Started process (PID=10482) to work on /home/athlon/projects/airflow/.venv/lib/python3.11/site-packages/airflow/example_dags/example_trigger_controller_dag.py
[2024-04-26T05:44:02.490-0300] {processor.py:830} INFO - Processing file /home/athlon/projects/airflow/.venv/lib/python3.11/site-packages/airflow/example_dags/example_trigger_controller_dag.py for tasks to queue
[2024-04-26T05:44:02.493-0300] {logging_mixin.py:188} INFO - [2024-04-26T05:44:02.492-0300] {dagbag.py:540} INFO - Filling up the DagBag from /home/athlon/projects/airflow/.venv/lib/python3.11/site-packages/airflow/example_dags/example_trigger_controller_dag.py
[2024-04-26T05:44:02.501-0300] {processor.py:840} INFO - DAG(s) 'example_trigger_controller_dag' retrieved from /home/athlon/projects/airflow/.venv/lib/python3.11/site-packages/airflow/example_dags/example_trigger_controller_dag.py
[2024-04-26T05:44:02.524-0300] {logging_mixin.py:188} INFO - [2024-04-26T05:44:02.524-0300] {dag.py:3096} INFO - Sync 1 DAGs
[2024-04-26T05:44:02.552-0300] {logging_mixin.py:188} INFO - [2024-04-26T05:44:02.552-0300] {dag.py:3954} INFO - Setting next_dagrun for example_trigger_controller_dag to 2021-01-01 00:00:00+00:00, run_after=2021-01-01 00:00:00+00:00
[2024-04-26T05:44:02.581-0300] {processor.py:183} INFO - Processing /home/athlon/projects/airflow/.venv/lib/python3.11/site-packages/airflow/example_dags/example_trigger_controller_dag.py took 0.108 seconds
[2024-04-26T05:44:57.031-0300] {processor.py:161} INFO - Started process (PID=10531) to work on /home/athlon/projects/airflow/.venv/lib/python3.11/site-packages/airflow/example_dags/example_trigger_controller_dag.py
[2024-04-26T05:44:57.037-0300] {processor.py:830} INFO - Processing file /home/athlon/projects/airflow/.venv/lib/python3.11/site-packages/airflow/example_dags/example_trigger_controller_dag.py for tasks to queue
[2024-04-26T05:44:57.041-0300] {logging_mixin.py:188} INFO - [2024-04-26T05:44:57.039-0300] {dagbag.py:540} INFO - Filling up the DagBag from /home/athlon/projects/airflow/.venv/lib/python3.11/site-packages/airflow/example_dags/example_trigger_controller_dag.py
[2024-04-26T05:44:57.048-0300] {processor.py:840} INFO - DAG(s) 'example_trigger_controller_dag' retrieved from /home/athlon/projects/airflow/.venv/lib/python3.11/site-packages/airflow/example_dags/example_trigger_controller_dag.py
[2024-04-26T05:44:57.072-0300] {logging_mixin.py:188} INFO - [2024-04-26T05:44:57.071-0300] {dag.py:3096} INFO - Sync 1 DAGs
[2024-04-26T05:44:57.098-0300] {logging_mixin.py:188} INFO - [2024-04-26T05:44:57.098-0300] {dag.py:3954} INFO - Setting next_dagrun for example_trigger_controller_dag to 2021-01-01 00:00:00+00:00, run_after=2021-01-01 00:00:00+00:00
[2024-04-26T05:44:57.128-0300] {processor.py:183} INFO - Processing /home/athlon/projects/airflow/.venv/lib/python3.11/site-packages/airflow/example_dags/example_trigger_controller_dag.py took 0.107 seconds
[2024-04-26T05:45:56.596-0300] {processor.py:161} INFO - Started process (PID=10586) to work on /home/athlon/projects/airflow/.venv/lib/python3.11/site-packages/airflow/example_dags/example_trigger_controller_dag.py
[2024-04-26T05:45:56.602-0300] {processor.py:830} INFO - Processing file /home/athlon/projects/airflow/.venv/lib/python3.11/site-packages/airflow/example_dags/example_trigger_controller_dag.py for tasks to queue
[2024-04-26T05:45:56.605-0300] {logging_mixin.py:188} INFO - [2024-04-26T05:45:56.604-0300] {dagbag.py:540} INFO - Filling up the DagBag from /home/athlon/projects/airflow/.venv/lib/python3.11/site-packages/airflow/example_dags/example_trigger_controller_dag.py
[2024-04-26T05:45:56.613-0300] {processor.py:840} INFO - DAG(s) 'example_trigger_controller_dag' retrieved from /home/athlon/projects/airflow/.venv/lib/python3.11/site-packages/airflow/example_dags/example_trigger_controller_dag.py
[2024-04-26T05:45:56.634-0300] {logging_mixin.py:188} INFO - [2024-04-26T05:45:56.634-0300] {dag.py:3096} INFO - Sync 1 DAGs
[2024-04-26T05:45:56.660-0300] {logging_mixin.py:188} INFO - [2024-04-26T05:45:56.660-0300] {dag.py:3954} INFO - Setting next_dagrun for example_trigger_controller_dag to 2021-01-01 00:00:00+00:00, run_after=2021-01-01 00:00:00+00:00
[2024-04-26T05:45:56.691-0300] {processor.py:183} INFO - Processing /home/athlon/projects/airflow/.venv/lib/python3.11/site-packages/airflow/example_dags/example_trigger_controller_dag.py took 0.106 seconds
[2024-04-26T05:46:55.515-0300] {processor.py:161} INFO - Started process (PID=10639) to work on /home/athlon/projects/airflow/.venv/lib/python3.11/site-packages/airflow/example_dags/example_trigger_controller_dag.py
[2024-04-26T05:46:55.521-0300] {processor.py:830} INFO - Processing file /home/athlon/projects/airflow/.venv/lib/python3.11/site-packages/airflow/example_dags/example_trigger_controller_dag.py for tasks to queue
[2024-04-26T05:46:55.524-0300] {logging_mixin.py:188} INFO - [2024-04-26T05:46:55.523-0300] {dagbag.py:540} INFO - Filling up the DagBag from /home/athlon/projects/airflow/.venv/lib/python3.11/site-packages/airflow/example_dags/example_trigger_controller_dag.py
[2024-04-26T05:46:55.532-0300] {processor.py:840} INFO - DAG(s) 'example_trigger_controller_dag' retrieved from /home/athlon/projects/airflow/.venv/lib/python3.11/site-packages/airflow/example_dags/example_trigger_controller_dag.py
[2024-04-26T05:46:55.561-0300] {logging_mixin.py:188} INFO - [2024-04-26T05:46:55.560-0300] {dag.py:3096} INFO - Sync 1 DAGs
[2024-04-26T05:46:55.588-0300] {logging_mixin.py:188} INFO - [2024-04-26T05:46:55.588-0300] {dag.py:3954} INFO - Setting next_dagrun for example_trigger_controller_dag to 2021-01-01 00:00:00+00:00, run_after=2021-01-01 00:00:00+00:00
[2024-04-26T05:46:55.618-0300] {processor.py:183} INFO - Processing /home/athlon/projects/airflow/.venv/lib/python3.11/site-packages/airflow/example_dags/example_trigger_controller_dag.py took 0.113 seconds
[2024-04-26T05:47:50.408-0300] {processor.py:161} INFO - Started process (PID=10720) to work on /home/athlon/projects/airflow/.venv/lib/python3.11/site-packages/airflow/example_dags/example_trigger_controller_dag.py
[2024-04-26T05:47:50.409-0300] {processor.py:830} INFO - Processing file /home/athlon/projects/airflow/.venv/lib/python3.11/site-packages/airflow/example_dags/example_trigger_controller_dag.py for tasks to queue
[2024-04-26T05:47:50.412-0300] {logging_mixin.py:188} INFO - [2024-04-26T05:47:50.412-0300] {dagbag.py:540} INFO - Filling up the DagBag from /home/athlon/projects/airflow/.venv/lib/python3.11/site-packages/airflow/example_dags/example_trigger_controller_dag.py
[2024-04-26T05:47:50.425-0300] {processor.py:840} INFO - DAG(s) 'example_trigger_controller_dag' retrieved from /home/athlon/projects/airflow/.venv/lib/python3.11/site-packages/airflow/example_dags/example_trigger_controller_dag.py
[2024-04-26T05:47:50.452-0300] {logging_mixin.py:188} INFO - [2024-04-26T05:47:50.451-0300] {dag.py:3096} INFO - Sync 1 DAGs
[2024-04-26T05:47:50.490-0300] {logging_mixin.py:188} INFO - [2024-04-26T05:47:50.489-0300] {dag.py:3954} INFO - Setting next_dagrun for example_trigger_controller_dag to 2021-01-01 00:00:00+00:00, run_after=2021-01-01 00:00:00+00:00
[2024-04-26T05:47:50.531-0300] {processor.py:183} INFO - Processing /home/athlon/projects/airflow/.venv/lib/python3.11/site-packages/airflow/example_dags/example_trigger_controller_dag.py took 0.134 seconds
[2024-04-26T05:48:44.461-0300] {processor.py:161} INFO - Started process (PID=10788) to work on /home/athlon/projects/airflow/.venv/lib/python3.11/site-packages/airflow/example_dags/example_trigger_controller_dag.py
[2024-04-26T05:48:44.467-0300] {processor.py:830} INFO - Processing file /home/athlon/projects/airflow/.venv/lib/python3.11/site-packages/airflow/example_dags/example_trigger_controller_dag.py for tasks to queue
[2024-04-26T05:48:44.469-0300] {logging_mixin.py:188} INFO - [2024-04-26T05:48:44.468-0300] {dagbag.py:540} INFO - Filling up the DagBag from /home/athlon/projects/airflow/.venv/lib/python3.11/site-packages/airflow/example_dags/example_trigger_controller_dag.py
[2024-04-26T05:48:44.476-0300] {processor.py:840} INFO - DAG(s) 'example_trigger_controller_dag' retrieved from /home/athlon/projects/airflow/.venv/lib/python3.11/site-packages/airflow/example_dags/example_trigger_controller_dag.py
[2024-04-26T05:48:44.496-0300] {logging_mixin.py:188} INFO - [2024-04-26T05:48:44.495-0300] {dag.py:3096} INFO - Sync 1 DAGs
[2024-04-26T05:48:44.522-0300] {logging_mixin.py:188} INFO - [2024-04-26T05:48:44.522-0300] {dag.py:3954} INFO - Setting next_dagrun for example_trigger_controller_dag to 2021-01-01 00:00:00+00:00, run_after=2021-01-01 00:00:00+00:00
[2024-04-26T05:48:44.552-0300] {processor.py:183} INFO - Processing /home/athlon/projects/airflow/.venv/lib/python3.11/site-packages/airflow/example_dags/example_trigger_controller_dag.py took 0.099 seconds
[2024-04-26T05:49:47.642-0300] {processor.py:161} INFO - Started process (PID=10869) to work on /home/athlon/projects/airflow/.venv/lib/python3.11/site-packages/airflow/example_dags/example_trigger_controller_dag.py
[2024-04-26T05:49:47.649-0300] {processor.py:830} INFO - Processing file /home/athlon/projects/airflow/.venv/lib/python3.11/site-packages/airflow/example_dags/example_trigger_controller_dag.py for tasks to queue
[2024-04-26T05:49:47.652-0300] {logging_mixin.py:188} INFO - [2024-04-26T05:49:47.651-0300] {dagbag.py:540} INFO - Filling up the DagBag from /home/athlon/projects/airflow/.venv/lib/python3.11/site-packages/airflow/example_dags/example_trigger_controller_dag.py
[2024-04-26T05:49:47.662-0300] {processor.py:840} INFO - DAG(s) 'example_trigger_controller_dag' retrieved from /home/athlon/projects/airflow/.venv/lib/python3.11/site-packages/airflow/example_dags/example_trigger_controller_dag.py
[2024-04-26T05:49:47.693-0300] {logging_mixin.py:188} INFO - [2024-04-26T05:49:47.693-0300] {dag.py:3096} INFO - Sync 1 DAGs
[2024-04-26T05:49:47.734-0300] {logging_mixin.py:188} INFO - [2024-04-26T05:49:47.734-0300] {dag.py:3954} INFO - Setting next_dagrun for example_trigger_controller_dag to 2021-01-01 00:00:00+00:00, run_after=2021-01-01 00:00:00+00:00
[2024-04-26T05:49:47.784-0300] {processor.py:183} INFO - Processing /home/athlon/projects/airflow/.venv/lib/python3.11/site-packages/airflow/example_dags/example_trigger_controller_dag.py took 0.155 seconds
[2024-04-26T05:51:05.889-0300] {processor.py:161} INFO - Started process (PID=10968) to work on /home/athlon/projects/airflow/.venv/lib/python3.11/site-packages/airflow/example_dags/example_trigger_controller_dag.py
[2024-04-26T05:51:05.896-0300] {processor.py:830} INFO - Processing file /home/athlon/projects/airflow/.venv/lib/python3.11/site-packages/airflow/example_dags/example_trigger_controller_dag.py for tasks to queue
[2024-04-26T05:51:05.905-0300] {logging_mixin.py:188} INFO - [2024-04-26T05:51:05.904-0300] {dagbag.py:540} INFO - Filling up the DagBag from /home/athlon/projects/airflow/.venv/lib/python3.11/site-packages/airflow/example_dags/example_trigger_controller_dag.py
[2024-04-26T05:51:05.919-0300] {processor.py:840} INFO - DAG(s) 'example_trigger_controller_dag' retrieved from /home/athlon/projects/airflow/.venv/lib/python3.11/site-packages/airflow/example_dags/example_trigger_controller_dag.py
[2024-04-26T05:51:05.952-0300] {logging_mixin.py:188} INFO - [2024-04-26T05:51:05.951-0300] {dag.py:3096} INFO - Sync 1 DAGs
[2024-04-26T05:51:06.005-0300] {logging_mixin.py:188} INFO - [2024-04-26T05:51:06.004-0300] {dag.py:3954} INFO - Setting next_dagrun for example_trigger_controller_dag to 2021-01-01 00:00:00+00:00, run_after=2021-01-01 00:00:00+00:00
[2024-04-26T05:51:06.070-0300] {processor.py:183} INFO - Processing /home/athlon/projects/airflow/.venv/lib/python3.11/site-packages/airflow/example_dags/example_trigger_controller_dag.py took 0.195 seconds
[2024-04-26T05:52:25.428-0300] {processor.py:161} INFO - Started process (PID=11042) to work on /home/athlon/projects/airflow/.venv/lib/python3.11/site-packages/airflow/example_dags/example_trigger_controller_dag.py
[2024-04-26T05:52:25.434-0300] {processor.py:830} INFO - Processing file /home/athlon/projects/airflow/.venv/lib/python3.11/site-packages/airflow/example_dags/example_trigger_controller_dag.py for tasks to queue
[2024-04-26T05:52:25.441-0300] {logging_mixin.py:188} INFO - [2024-04-26T05:52:25.439-0300] {dagbag.py:540} INFO - Filling up the DagBag from /home/athlon/projects/airflow/.venv/lib/python3.11/site-packages/airflow/example_dags/example_trigger_controller_dag.py
[2024-04-26T05:52:25.449-0300] {processor.py:840} INFO - DAG(s) 'example_trigger_controller_dag' retrieved from /home/athlon/projects/airflow/.venv/lib/python3.11/site-packages/airflow/example_dags/example_trigger_controller_dag.py
[2024-04-26T05:52:25.478-0300] {logging_mixin.py:188} INFO - [2024-04-26T05:52:25.478-0300] {dag.py:3096} INFO - Sync 1 DAGs
[2024-04-26T05:52:25.517-0300] {logging_mixin.py:188} INFO - [2024-04-26T05:52:25.517-0300] {dag.py:3954} INFO - Setting next_dagrun for example_trigger_controller_dag to 2021-01-01 00:00:00+00:00, run_after=2021-01-01 00:00:00+00:00
[2024-04-26T05:52:25.561-0300] {processor.py:183} INFO - Processing /home/athlon/projects/airflow/.venv/lib/python3.11/site-packages/airflow/example_dags/example_trigger_controller_dag.py took 0.145 seconds
