[2024-04-26T05:28:09.122-0300] {processor.py:161} INFO - Started process (PID=9528) to work on /home/athlon/projects/airflow/.venv/lib/python3.11/site-packages/airflow/example_dags/tutorial.py
[2024-04-26T05:28:09.124-0300] {processor.py:830} INFO - Processing file /home/athlon/projects/airflow/.venv/lib/python3.11/site-packages/airflow/example_dags/tutorial.py for tasks to queue
[2024-04-26T05:28:09.126-0300] {logging_mixin.py:188} INFO - [2024-04-26T05:28:09.126-0300] {dagbag.py:540} INFO - Filling up the DagBag from /home/athlon/projects/airflow/.venv/lib/python3.11/site-packages/airflow/example_dags/tutorial.py
[2024-04-26T05:28:09.138-0300] {processor.py:840} INFO - DAG(s) 'tutorial' retrieved from /home/athlon/projects/airflow/.venv/lib/python3.11/site-packages/airflow/example_dags/tutorial.py
[2024-04-26T05:28:09.352-0300] {logging_mixin.py:188} INFO - [2024-04-26T05:28:09.351-0300] {override.py:1829} INFO - Created Permission View: can edit on DAG:tutorial
[2024-04-26T05:28:09.367-0300] {logging_mixin.py:188} INFO - [2024-04-26T05:28:09.366-0300] {override.py:1829} INFO - Created Permission View: can delete on DAG:tutorial
[2024-04-26T05:28:09.378-0300] {logging_mixin.py:188} INFO - [2024-04-26T05:28:09.378-0300] {override.py:1829} INFO - Created Permission View: can read on DAG:tutorial
[2024-04-26T05:28:09.379-0300] {logging_mixin.py:188} INFO - [2024-04-26T05:28:09.379-0300] {dag.py:3096} INFO - Sync 1 DAGs
[2024-04-26T05:28:09.393-0300] {logging_mixin.py:188} INFO - [2024-04-26T05:28:09.393-0300] {dag.py:3118} INFO - Creating ORM DAG for tutorial
[2024-04-26T05:28:09.405-0300] {logging_mixin.py:188} INFO - [2024-04-26T05:28:09.405-0300] {dag.py:3954} INFO - Setting next_dagrun for tutorial to 2024-04-25 00:00:00+00:00, run_after=2024-04-26 00:00:00+00:00
[2024-04-26T05:28:09.432-0300] {processor.py:183} INFO - Processing /home/athlon/projects/airflow/.venv/lib/python3.11/site-packages/airflow/example_dags/tutorial.py took 0.322 seconds
[2024-04-26T05:29:17.646-0300] {processor.py:161} INFO - Started process (PID=9625) to work on /home/athlon/projects/airflow/.venv/lib/python3.11/site-packages/airflow/example_dags/tutorial.py
[2024-04-26T05:29:17.649-0300] {processor.py:830} INFO - Processing file /home/athlon/projects/airflow/.venv/lib/python3.11/site-packages/airflow/example_dags/tutorial.py for tasks to queue
[2024-04-26T05:29:17.652-0300] {logging_mixin.py:188} INFO - [2024-04-26T05:29:17.651-0300] {dagbag.py:540} INFO - Filling up the DagBag from /home/athlon/projects/airflow/.venv/lib/python3.11/site-packages/airflow/example_dags/tutorial.py
[2024-04-26T05:29:17.672-0300] {processor.py:840} INFO - DAG(s) 'tutorial' retrieved from /home/athlon/projects/airflow/.venv/lib/python3.11/site-packages/airflow/example_dags/tutorial.py
[2024-04-26T05:29:17.705-0300] {logging_mixin.py:188} INFO - [2024-04-26T05:29:17.705-0300] {dag.py:3096} INFO - Sync 1 DAGs
[2024-04-26T05:29:17.750-0300] {logging_mixin.py:188} INFO - [2024-04-26T05:29:17.750-0300] {dag.py:3954} INFO - Setting next_dagrun for tutorial to 2024-04-25 00:00:00+00:00, run_after=2024-04-26 00:00:00+00:00
[2024-04-26T05:29:17.800-0300] {processor.py:183} INFO - Processing /home/athlon/projects/airflow/.venv/lib/python3.11/site-packages/airflow/example_dags/tutorial.py took 0.166 seconds
[2024-04-26T05:30:17.986-0300] {processor.py:161} INFO - Started process (PID=9681) to work on /home/athlon/projects/airflow/.venv/lib/python3.11/site-packages/airflow/example_dags/tutorial.py
[2024-04-26T05:30:17.987-0300] {processor.py:830} INFO - Processing file /home/athlon/projects/airflow/.venv/lib/python3.11/site-packages/airflow/example_dags/tutorial.py for tasks to queue
[2024-04-26T05:30:17.990-0300] {logging_mixin.py:188} INFO - [2024-04-26T05:30:17.989-0300] {dagbag.py:540} INFO - Filling up the DagBag from /home/athlon/projects/airflow/.venv/lib/python3.11/site-packages/airflow/example_dags/tutorial.py
[2024-04-26T05:30:18.000-0300] {processor.py:840} INFO - DAG(s) 'tutorial' retrieved from /home/athlon/projects/airflow/.venv/lib/python3.11/site-packages/airflow/example_dags/tutorial.py
[2024-04-26T05:30:18.021-0300] {logging_mixin.py:188} INFO - [2024-04-26T05:30:18.021-0300] {dag.py:3096} INFO - Sync 1 DAGs
[2024-04-26T05:30:18.048-0300] {logging_mixin.py:188} INFO - [2024-04-26T05:30:18.048-0300] {dag.py:3954} INFO - Setting next_dagrun for tutorial to 2024-04-25 00:00:00+00:00, run_after=2024-04-26 00:00:00+00:00
[2024-04-26T05:30:18.079-0300] {processor.py:183} INFO - Processing /home/athlon/projects/airflow/.venv/lib/python3.11/site-packages/airflow/example_dags/tutorial.py took 0.106 seconds
[2024-04-26T05:31:12.942-0300] {processor.py:161} INFO - Started process (PID=9731) to work on /home/athlon/projects/airflow/.venv/lib/python3.11/site-packages/airflow/example_dags/tutorial.py
[2024-04-26T05:31:12.948-0300] {processor.py:830} INFO - Processing file /home/athlon/projects/airflow/.venv/lib/python3.11/site-packages/airflow/example_dags/tutorial.py for tasks to queue
[2024-04-26T05:31:12.951-0300] {logging_mixin.py:188} INFO - [2024-04-26T05:31:12.950-0300] {dagbag.py:540} INFO - Filling up the DagBag from /home/athlon/projects/airflow/.venv/lib/python3.11/site-packages/airflow/example_dags/tutorial.py
[2024-04-26T05:31:12.962-0300] {processor.py:840} INFO - DAG(s) 'tutorial' retrieved from /home/athlon/projects/airflow/.venv/lib/python3.11/site-packages/airflow/example_dags/tutorial.py
[2024-04-26T05:31:12.992-0300] {logging_mixin.py:188} INFO - [2024-04-26T05:31:12.992-0300] {dag.py:3096} INFO - Sync 1 DAGs
[2024-04-26T05:31:13.023-0300] {logging_mixin.py:188} INFO - [2024-04-26T05:31:13.022-0300] {dag.py:3954} INFO - Setting next_dagrun for tutorial to 2024-04-25 00:00:00+00:00, run_after=2024-04-26 00:00:00+00:00
[2024-04-26T05:31:13.052-0300] {processor.py:183} INFO - Processing /home/athlon/projects/airflow/.venv/lib/python3.11/site-packages/airflow/example_dags/tutorial.py took 0.120 seconds
[2024-04-26T05:32:11.426-0300] {processor.py:161} INFO - Started process (PID=9788) to work on /home/athlon/projects/airflow/.venv/lib/python3.11/site-packages/airflow/example_dags/tutorial.py
[2024-04-26T05:32:11.432-0300] {processor.py:830} INFO - Processing file /home/athlon/projects/airflow/.venv/lib/python3.11/site-packages/airflow/example_dags/tutorial.py for tasks to queue
[2024-04-26T05:32:11.435-0300] {logging_mixin.py:188} INFO - [2024-04-26T05:32:11.434-0300] {dagbag.py:540} INFO - Filling up the DagBag from /home/athlon/projects/airflow/.venv/lib/python3.11/site-packages/airflow/example_dags/tutorial.py
[2024-04-26T05:32:11.445-0300] {processor.py:840} INFO - DAG(s) 'tutorial' retrieved from /home/athlon/projects/airflow/.venv/lib/python3.11/site-packages/airflow/example_dags/tutorial.py
[2024-04-26T05:32:11.467-0300] {logging_mixin.py:188} INFO - [2024-04-26T05:32:11.467-0300] {dag.py:3096} INFO - Sync 1 DAGs
[2024-04-26T05:32:11.499-0300] {logging_mixin.py:188} INFO - [2024-04-26T05:32:11.499-0300] {dag.py:3954} INFO - Setting next_dagrun for tutorial to 2024-04-25 00:00:00+00:00, run_after=2024-04-26 00:00:00+00:00
[2024-04-26T05:32:11.528-0300] {processor.py:183} INFO - Processing /home/athlon/projects/airflow/.venv/lib/python3.11/site-packages/airflow/example_dags/tutorial.py took 0.112 seconds
[2024-04-26T05:33:13.927-0300] {processor.py:161} INFO - Started process (PID=9843) to work on /home/athlon/projects/airflow/.venv/lib/python3.11/site-packages/airflow/example_dags/tutorial.py
[2024-04-26T05:33:13.933-0300] {processor.py:830} INFO - Processing file /home/athlon/projects/airflow/.venv/lib/python3.11/site-packages/airflow/example_dags/tutorial.py for tasks to queue
[2024-04-26T05:33:13.935-0300] {logging_mixin.py:188} INFO - [2024-04-26T05:33:13.935-0300] {dagbag.py:540} INFO - Filling up the DagBag from /home/athlon/projects/airflow/.venv/lib/python3.11/site-packages/airflow/example_dags/tutorial.py
[2024-04-26T05:33:13.945-0300] {processor.py:840} INFO - DAG(s) 'tutorial' retrieved from /home/athlon/projects/airflow/.venv/lib/python3.11/site-packages/airflow/example_dags/tutorial.py
[2024-04-26T05:33:13.969-0300] {logging_mixin.py:188} INFO - [2024-04-26T05:33:13.969-0300] {dag.py:3096} INFO - Sync 1 DAGs
[2024-04-26T05:33:13.996-0300] {logging_mixin.py:188} INFO - [2024-04-26T05:33:13.995-0300] {dag.py:3954} INFO - Setting next_dagrun for tutorial to 2024-04-25 00:00:00+00:00, run_after=2024-04-26 00:00:00+00:00
[2024-04-26T05:33:14.158-0300] {processor.py:183} INFO - Processing /home/athlon/projects/airflow/.venv/lib/python3.11/site-packages/airflow/example_dags/tutorial.py took 0.242 seconds
[2024-04-26T05:34:13.688-0300] {processor.py:161} INFO - Started process (PID=9913) to work on /home/athlon/projects/airflow/.venv/lib/python3.11/site-packages/airflow/example_dags/tutorial.py
[2024-04-26T05:34:13.694-0300] {processor.py:830} INFO - Processing file /home/athlon/projects/airflow/.venv/lib/python3.11/site-packages/airflow/example_dags/tutorial.py for tasks to queue
[2024-04-26T05:34:13.697-0300] {logging_mixin.py:188} INFO - [2024-04-26T05:34:13.696-0300] {dagbag.py:540} INFO - Filling up the DagBag from /home/athlon/projects/airflow/.venv/lib/python3.11/site-packages/airflow/example_dags/tutorial.py
[2024-04-26T05:34:13.706-0300] {processor.py:840} INFO - DAG(s) 'tutorial' retrieved from /home/athlon/projects/airflow/.venv/lib/python3.11/site-packages/airflow/example_dags/tutorial.py
[2024-04-26T05:34:13.731-0300] {logging_mixin.py:188} INFO - [2024-04-26T05:34:13.730-0300] {dag.py:3096} INFO - Sync 1 DAGs
[2024-04-26T05:34:13.758-0300] {logging_mixin.py:188} INFO - [2024-04-26T05:34:13.757-0300] {dag.py:3954} INFO - Setting next_dagrun for tutorial to 2024-04-25 00:00:00+00:00, run_after=2024-04-26 00:00:00+00:00
[2024-04-26T05:34:13.788-0300] {processor.py:183} INFO - Processing /home/athlon/projects/airflow/.venv/lib/python3.11/site-packages/airflow/example_dags/tutorial.py took 0.110 seconds
[2024-04-26T05:35:07.813-0300] {processor.py:161} INFO - Started process (PID=9965) to work on /home/athlon/projects/airflow/.venv/lib/python3.11/site-packages/airflow/example_dags/tutorial.py
[2024-04-26T05:35:07.819-0300] {processor.py:830} INFO - Processing file /home/athlon/projects/airflow/.venv/lib/python3.11/site-packages/airflow/example_dags/tutorial.py for tasks to queue
[2024-04-26T05:35:07.822-0300] {logging_mixin.py:188} INFO - [2024-04-26T05:35:07.821-0300] {dagbag.py:540} INFO - Filling up the DagBag from /home/athlon/projects/airflow/.venv/lib/python3.11/site-packages/airflow/example_dags/tutorial.py
[2024-04-26T05:35:07.832-0300] {processor.py:840} INFO - DAG(s) 'tutorial' retrieved from /home/athlon/projects/airflow/.venv/lib/python3.11/site-packages/airflow/example_dags/tutorial.py
[2024-04-26T05:35:07.855-0300] {logging_mixin.py:188} INFO - [2024-04-26T05:35:07.855-0300] {dag.py:3096} INFO - Sync 1 DAGs
[2024-04-26T05:35:07.882-0300] {logging_mixin.py:188} INFO - [2024-04-26T05:35:07.882-0300] {dag.py:3954} INFO - Setting next_dagrun for tutorial to 2024-04-25 00:00:00+00:00, run_after=2024-04-26 00:00:00+00:00
[2024-04-26T05:35:07.912-0300] {processor.py:183} INFO - Processing /home/athlon/projects/airflow/.venv/lib/python3.11/site-packages/airflow/example_dags/tutorial.py took 0.108 seconds
[2024-04-26T05:36:03.491-0300] {processor.py:161} INFO - Started process (PID=10015) to work on /home/athlon/projects/airflow/.venv/lib/python3.11/site-packages/airflow/example_dags/tutorial.py
[2024-04-26T05:36:03.497-0300] {processor.py:830} INFO - Processing file /home/athlon/projects/airflow/.venv/lib/python3.11/site-packages/airflow/example_dags/tutorial.py for tasks to queue
[2024-04-26T05:36:03.499-0300] {logging_mixin.py:188} INFO - [2024-04-26T05:36:03.499-0300] {dagbag.py:540} INFO - Filling up the DagBag from /home/athlon/projects/airflow/.venv/lib/python3.11/site-packages/airflow/example_dags/tutorial.py
[2024-04-26T05:36:03.510-0300] {processor.py:840} INFO - DAG(s) 'tutorial' retrieved from /home/athlon/projects/airflow/.venv/lib/python3.11/site-packages/airflow/example_dags/tutorial.py
[2024-04-26T05:36:03.534-0300] {logging_mixin.py:188} INFO - [2024-04-26T05:36:03.534-0300] {dag.py:3096} INFO - Sync 1 DAGs
[2024-04-26T05:36:03.561-0300] {logging_mixin.py:188} INFO - [2024-04-26T05:36:03.561-0300] {dag.py:3954} INFO - Setting next_dagrun for tutorial to 2024-04-25 00:00:00+00:00, run_after=2024-04-26 00:00:00+00:00
[2024-04-26T05:36:03.591-0300] {processor.py:183} INFO - Processing /home/athlon/projects/airflow/.venv/lib/python3.11/site-packages/airflow/example_dags/tutorial.py took 0.111 seconds
[2024-04-26T05:36:57.653-0300] {processor.py:161} INFO - Started process (PID=10065) to work on /home/athlon/projects/airflow/.venv/lib/python3.11/site-packages/airflow/example_dags/tutorial.py
[2024-04-26T05:36:57.659-0300] {processor.py:830} INFO - Processing file /home/athlon/projects/airflow/.venv/lib/python3.11/site-packages/airflow/example_dags/tutorial.py for tasks to queue
[2024-04-26T05:36:57.662-0300] {logging_mixin.py:188} INFO - [2024-04-26T05:36:57.661-0300] {dagbag.py:540} INFO - Filling up the DagBag from /home/athlon/projects/airflow/.venv/lib/python3.11/site-packages/airflow/example_dags/tutorial.py
[2024-04-26T05:36:57.672-0300] {processor.py:840} INFO - DAG(s) 'tutorial' retrieved from /home/athlon/projects/airflow/.venv/lib/python3.11/site-packages/airflow/example_dags/tutorial.py
[2024-04-26T05:36:57.696-0300] {logging_mixin.py:188} INFO - [2024-04-26T05:36:57.696-0300] {dag.py:3096} INFO - Sync 1 DAGs
[2024-04-26T05:36:57.723-0300] {logging_mixin.py:188} INFO - [2024-04-26T05:36:57.723-0300] {dag.py:3954} INFO - Setting next_dagrun for tutorial to 2024-04-25 00:00:00+00:00, run_after=2024-04-26 00:00:00+00:00
[2024-04-26T05:36:57.753-0300] {processor.py:183} INFO - Processing /home/athlon/projects/airflow/.venv/lib/python3.11/site-packages/airflow/example_dags/tutorial.py took 0.111 seconds
[2024-04-26T05:37:54.139-0300] {processor.py:161} INFO - Started process (PID=10120) to work on /home/athlon/projects/airflow/.venv/lib/python3.11/site-packages/airflow/example_dags/tutorial.py
[2024-04-26T05:37:54.145-0300] {processor.py:830} INFO - Processing file /home/athlon/projects/airflow/.venv/lib/python3.11/site-packages/airflow/example_dags/tutorial.py for tasks to queue
[2024-04-26T05:37:54.148-0300] {logging_mixin.py:188} INFO - [2024-04-26T05:37:54.147-0300] {dagbag.py:540} INFO - Filling up the DagBag from /home/athlon/projects/airflow/.venv/lib/python3.11/site-packages/airflow/example_dags/tutorial.py
[2024-04-26T05:37:54.158-0300] {processor.py:840} INFO - DAG(s) 'tutorial' retrieved from /home/athlon/projects/airflow/.venv/lib/python3.11/site-packages/airflow/example_dags/tutorial.py
[2024-04-26T05:37:54.182-0300] {logging_mixin.py:188} INFO - [2024-04-26T05:37:54.182-0300] {dag.py:3096} INFO - Sync 1 DAGs
[2024-04-26T05:37:54.214-0300] {logging_mixin.py:188} INFO - [2024-04-26T05:37:54.214-0300] {dag.py:3954} INFO - Setting next_dagrun for tutorial to 2024-04-25 00:00:00+00:00, run_after=2024-04-26 00:00:00+00:00
[2024-04-26T05:37:54.249-0300] {processor.py:183} INFO - Processing /home/athlon/projects/airflow/.venv/lib/python3.11/site-packages/airflow/example_dags/tutorial.py took 0.121 seconds
[2024-04-26T05:38:55.391-0300] {processor.py:161} INFO - Started process (PID=10173) to work on /home/athlon/projects/airflow/.venv/lib/python3.11/site-packages/airflow/example_dags/tutorial.py
[2024-04-26T05:38:55.397-0300] {processor.py:830} INFO - Processing file /home/athlon/projects/airflow/.venv/lib/python3.11/site-packages/airflow/example_dags/tutorial.py for tasks to queue
[2024-04-26T05:38:55.399-0300] {logging_mixin.py:188} INFO - [2024-04-26T05:38:55.399-0300] {dagbag.py:540} INFO - Filling up the DagBag from /home/athlon/projects/airflow/.venv/lib/python3.11/site-packages/airflow/example_dags/tutorial.py
[2024-04-26T05:38:55.409-0300] {processor.py:840} INFO - DAG(s) 'tutorial' retrieved from /home/athlon/projects/airflow/.venv/lib/python3.11/site-packages/airflow/example_dags/tutorial.py
[2024-04-26T05:38:55.433-0300] {logging_mixin.py:188} INFO - [2024-04-26T05:38:55.433-0300] {dag.py:3096} INFO - Sync 1 DAGs
[2024-04-26T05:38:55.460-0300] {logging_mixin.py:188} INFO - [2024-04-26T05:38:55.460-0300] {dag.py:3954} INFO - Setting next_dagrun for tutorial to 2024-04-25 00:00:00+00:00, run_after=2024-04-26 00:00:00+00:00
[2024-04-26T05:38:55.494-0300] {processor.py:183} INFO - Processing /home/athlon/projects/airflow/.venv/lib/python3.11/site-packages/airflow/example_dags/tutorial.py took 0.114 seconds
[2024-04-26T05:39:54.538-0300] {processor.py:161} INFO - Started process (PID=10257) to work on /home/athlon/projects/airflow/.venv/lib/python3.11/site-packages/airflow/example_dags/tutorial.py
[2024-04-26T05:39:54.544-0300] {processor.py:830} INFO - Processing file /home/athlon/projects/airflow/.venv/lib/python3.11/site-packages/airflow/example_dags/tutorial.py for tasks to queue
[2024-04-26T05:39:54.546-0300] {logging_mixin.py:188} INFO - [2024-04-26T05:39:54.546-0300] {dagbag.py:540} INFO - Filling up the DagBag from /home/athlon/projects/airflow/.venv/lib/python3.11/site-packages/airflow/example_dags/tutorial.py
[2024-04-26T05:39:54.556-0300] {processor.py:840} INFO - DAG(s) 'tutorial' retrieved from /home/athlon/projects/airflow/.venv/lib/python3.11/site-packages/airflow/example_dags/tutorial.py
[2024-04-26T05:39:54.584-0300] {logging_mixin.py:188} INFO - [2024-04-26T05:39:54.584-0300] {dag.py:3096} INFO - Sync 1 DAGs
[2024-04-26T05:39:54.612-0300] {logging_mixin.py:188} INFO - [2024-04-26T05:39:54.612-0300] {dag.py:3954} INFO - Setting next_dagrun for tutorial to 2024-04-25 00:00:00+00:00, run_after=2024-04-26 00:00:00+00:00
[2024-04-26T05:39:54.644-0300] {processor.py:183} INFO - Processing /home/athlon/projects/airflow/.venv/lib/python3.11/site-packages/airflow/example_dags/tutorial.py took 0.116 seconds
[2024-04-26T05:40:55.926-0300] {processor.py:161} INFO - Started process (PID=10314) to work on /home/athlon/projects/airflow/.venv/lib/python3.11/site-packages/airflow/example_dags/tutorial.py
[2024-04-26T05:40:55.932-0300] {processor.py:830} INFO - Processing file /home/athlon/projects/airflow/.venv/lib/python3.11/site-packages/airflow/example_dags/tutorial.py for tasks to queue
[2024-04-26T05:40:55.935-0300] {logging_mixin.py:188} INFO - [2024-04-26T05:40:55.934-0300] {dagbag.py:540} INFO - Filling up the DagBag from /home/athlon/projects/airflow/.venv/lib/python3.11/site-packages/airflow/example_dags/tutorial.py
[2024-04-26T05:40:55.945-0300] {processor.py:840} INFO - DAG(s) 'tutorial' retrieved from /home/athlon/projects/airflow/.venv/lib/python3.11/site-packages/airflow/example_dags/tutorial.py
[2024-04-26T05:40:55.970-0300] {logging_mixin.py:188} INFO - [2024-04-26T05:40:55.969-0300] {dag.py:3096} INFO - Sync 1 DAGs
[2024-04-26T05:40:55.996-0300] {logging_mixin.py:188} INFO - [2024-04-26T05:40:55.996-0300] {dag.py:3954} INFO - Setting next_dagrun for tutorial to 2024-04-25 00:00:00+00:00, run_after=2024-04-26 00:00:00+00:00
[2024-04-26T05:40:56.026-0300] {processor.py:183} INFO - Processing /home/athlon/projects/airflow/.venv/lib/python3.11/site-packages/airflow/example_dags/tutorial.py took 0.111 seconds
[2024-04-26T05:41:53.891-0300] {processor.py:161} INFO - Started process (PID=10366) to work on /home/athlon/projects/airflow/.venv/lib/python3.11/site-packages/airflow/example_dags/tutorial.py
[2024-04-26T05:41:53.897-0300] {processor.py:830} INFO - Processing file /home/athlon/projects/airflow/.venv/lib/python3.11/site-packages/airflow/example_dags/tutorial.py for tasks to queue
[2024-04-26T05:41:53.899-0300] {logging_mixin.py:188} INFO - [2024-04-26T05:41:53.899-0300] {dagbag.py:540} INFO - Filling up the DagBag from /home/athlon/projects/airflow/.venv/lib/python3.11/site-packages/airflow/example_dags/tutorial.py
[2024-04-26T05:41:53.909-0300] {processor.py:840} INFO - DAG(s) 'tutorial' retrieved from /home/athlon/projects/airflow/.venv/lib/python3.11/site-packages/airflow/example_dags/tutorial.py
[2024-04-26T05:41:53.933-0300] {logging_mixin.py:188} INFO - [2024-04-26T05:41:53.933-0300] {dag.py:3096} INFO - Sync 1 DAGs
[2024-04-26T05:41:53.960-0300] {logging_mixin.py:188} INFO - [2024-04-26T05:41:53.960-0300] {dag.py:3954} INFO - Setting next_dagrun for tutorial to 2024-04-25 00:00:00+00:00, run_after=2024-04-26 00:00:00+00:00
[2024-04-26T05:41:53.991-0300] {processor.py:183} INFO - Processing /home/athlon/projects/airflow/.venv/lib/python3.11/site-packages/airflow/example_dags/tutorial.py took 0.110 seconds
[2024-04-26T05:42:59.490-0300] {processor.py:161} INFO - Started process (PID=10422) to work on /home/athlon/projects/airflow/.venv/lib/python3.11/site-packages/airflow/example_dags/tutorial.py
[2024-04-26T05:42:59.496-0300] {processor.py:830} INFO - Processing file /home/athlon/projects/airflow/.venv/lib/python3.11/site-packages/airflow/example_dags/tutorial.py for tasks to queue
[2024-04-26T05:42:59.498-0300] {logging_mixin.py:188} INFO - [2024-04-26T05:42:59.498-0300] {dagbag.py:540} INFO - Filling up the DagBag from /home/athlon/projects/airflow/.venv/lib/python3.11/site-packages/airflow/example_dags/tutorial.py
[2024-04-26T05:42:59.509-0300] {processor.py:840} INFO - DAG(s) 'tutorial' retrieved from /home/athlon/projects/airflow/.venv/lib/python3.11/site-packages/airflow/example_dags/tutorial.py
[2024-04-26T05:42:59.533-0300] {logging_mixin.py:188} INFO - [2024-04-26T05:42:59.532-0300] {dag.py:3096} INFO - Sync 1 DAGs
[2024-04-26T05:42:59.561-0300] {logging_mixin.py:188} INFO - [2024-04-26T05:42:59.560-0300] {dag.py:3954} INFO - Setting next_dagrun for tutorial to 2024-04-25 00:00:00+00:00, run_after=2024-04-26 00:00:00+00:00
[2024-04-26T05:42:59.591-0300] {processor.py:183} INFO - Processing /home/athlon/projects/airflow/.venv/lib/python3.11/site-packages/airflow/example_dags/tutorial.py took 0.112 seconds
[2024-04-26T05:43:57.660-0300] {processor.py:161} INFO - Started process (PID=10476) to work on /home/athlon/projects/airflow/.venv/lib/python3.11/site-packages/airflow/example_dags/tutorial.py
[2024-04-26T05:43:57.666-0300] {processor.py:830} INFO - Processing file /home/athlon/projects/airflow/.venv/lib/python3.11/site-packages/airflow/example_dags/tutorial.py for tasks to queue
[2024-04-26T05:43:57.668-0300] {logging_mixin.py:188} INFO - [2024-04-26T05:43:57.668-0300] {dagbag.py:540} INFO - Filling up the DagBag from /home/athlon/projects/airflow/.venv/lib/python3.11/site-packages/airflow/example_dags/tutorial.py
[2024-04-26T05:43:57.678-0300] {processor.py:840} INFO - DAG(s) 'tutorial' retrieved from /home/athlon/projects/airflow/.venv/lib/python3.11/site-packages/airflow/example_dags/tutorial.py
[2024-04-26T05:43:57.701-0300] {logging_mixin.py:188} INFO - [2024-04-26T05:43:57.701-0300] {dag.py:3096} INFO - Sync 1 DAGs
[2024-04-26T05:43:57.728-0300] {logging_mixin.py:188} INFO - [2024-04-26T05:43:57.728-0300] {dag.py:3954} INFO - Setting next_dagrun for tutorial to 2024-04-25 00:00:00+00:00, run_after=2024-04-26 00:00:00+00:00
[2024-04-26T05:43:57.758-0300] {processor.py:183} INFO - Processing /home/athlon/projects/airflow/.venv/lib/python3.11/site-packages/airflow/example_dags/tutorial.py took 0.108 seconds
[2024-04-26T05:44:51.820-0300] {processor.py:161} INFO - Started process (PID=10526) to work on /home/athlon/projects/airflow/.venv/lib/python3.11/site-packages/airflow/example_dags/tutorial.py
[2024-04-26T05:44:51.825-0300] {processor.py:830} INFO - Processing file /home/athlon/projects/airflow/.venv/lib/python3.11/site-packages/airflow/example_dags/tutorial.py for tasks to queue
[2024-04-26T05:44:51.827-0300] {logging_mixin.py:188} INFO - [2024-04-26T05:44:51.827-0300] {dagbag.py:540} INFO - Filling up the DagBag from /home/athlon/projects/airflow/.venv/lib/python3.11/site-packages/airflow/example_dags/tutorial.py
[2024-04-26T05:44:51.836-0300] {processor.py:840} INFO - DAG(s) 'tutorial' retrieved from /home/athlon/projects/airflow/.venv/lib/python3.11/site-packages/airflow/example_dags/tutorial.py
[2024-04-26T05:44:51.857-0300] {logging_mixin.py:188} INFO - [2024-04-26T05:44:51.857-0300] {dag.py:3096} INFO - Sync 1 DAGs
[2024-04-26T05:44:51.884-0300] {logging_mixin.py:188} INFO - [2024-04-26T05:44:51.884-0300] {dag.py:3954} INFO - Setting next_dagrun for tutorial to 2024-04-25 00:00:00+00:00, run_after=2024-04-26 00:00:00+00:00
[2024-04-26T05:44:51.914-0300] {processor.py:183} INFO - Processing /home/athlon/projects/airflow/.venv/lib/python3.11/site-packages/airflow/example_dags/tutorial.py took 0.103 seconds
[2024-04-26T05:45:50.658-0300] {processor.py:161} INFO - Started process (PID=10581) to work on /home/athlon/projects/airflow/.venv/lib/python3.11/site-packages/airflow/example_dags/tutorial.py
[2024-04-26T05:45:50.664-0300] {processor.py:830} INFO - Processing file /home/athlon/projects/airflow/.venv/lib/python3.11/site-packages/airflow/example_dags/tutorial.py for tasks to queue
[2024-04-26T05:45:50.667-0300] {logging_mixin.py:188} INFO - [2024-04-26T05:45:50.666-0300] {dagbag.py:540} INFO - Filling up the DagBag from /home/athlon/projects/airflow/.venv/lib/python3.11/site-packages/airflow/example_dags/tutorial.py
[2024-04-26T05:45:50.677-0300] {processor.py:840} INFO - DAG(s) 'tutorial' retrieved from /home/athlon/projects/airflow/.venv/lib/python3.11/site-packages/airflow/example_dags/tutorial.py
[2024-04-26T05:45:50.701-0300] {logging_mixin.py:188} INFO - [2024-04-26T05:45:50.700-0300] {dag.py:3096} INFO - Sync 1 DAGs
[2024-04-26T05:45:50.733-0300] {logging_mixin.py:188} INFO - [2024-04-26T05:45:50.733-0300] {dag.py:3954} INFO - Setting next_dagrun for tutorial to 2024-04-25 00:00:00+00:00, run_after=2024-04-26 00:00:00+00:00
[2024-04-26T05:45:50.762-0300] {processor.py:183} INFO - Processing /home/athlon/projects/airflow/.venv/lib/python3.11/site-packages/airflow/example_dags/tutorial.py took 0.117 seconds
[2024-04-26T05:46:50.347-0300] {processor.py:161} INFO - Started process (PID=10634) to work on /home/athlon/projects/airflow/.venv/lib/python3.11/site-packages/airflow/example_dags/tutorial.py
[2024-04-26T05:46:50.352-0300] {processor.py:830} INFO - Processing file /home/athlon/projects/airflow/.venv/lib/python3.11/site-packages/airflow/example_dags/tutorial.py for tasks to queue
[2024-04-26T05:46:50.355-0300] {logging_mixin.py:188} INFO - [2024-04-26T05:46:50.354-0300] {dagbag.py:540} INFO - Filling up the DagBag from /home/athlon/projects/airflow/.venv/lib/python3.11/site-packages/airflow/example_dags/tutorial.py
[2024-04-26T05:46:50.364-0300] {processor.py:840} INFO - DAG(s) 'tutorial' retrieved from /home/athlon/projects/airflow/.venv/lib/python3.11/site-packages/airflow/example_dags/tutorial.py
[2024-04-26T05:46:50.386-0300] {logging_mixin.py:188} INFO - [2024-04-26T05:46:50.386-0300] {dag.py:3096} INFO - Sync 1 DAGs
[2024-04-26T05:46:50.413-0300] {logging_mixin.py:188} INFO - [2024-04-26T05:46:50.412-0300] {dag.py:3954} INFO - Setting next_dagrun for tutorial to 2024-04-25 00:00:00+00:00, run_after=2024-04-26 00:00:00+00:00
[2024-04-26T05:46:50.443-0300] {processor.py:183} INFO - Processing /home/athlon/projects/airflow/.venv/lib/python3.11/site-packages/airflow/example_dags/tutorial.py took 0.106 seconds
[2024-04-26T05:47:44.677-0300] {processor.py:161} INFO - Started process (PID=10704) to work on /home/athlon/projects/airflow/.venv/lib/python3.11/site-packages/airflow/example_dags/tutorial.py
[2024-04-26T05:47:44.682-0300] {processor.py:830} INFO - Processing file /home/athlon/projects/airflow/.venv/lib/python3.11/site-packages/airflow/example_dags/tutorial.py for tasks to queue
[2024-04-26T05:47:44.685-0300] {logging_mixin.py:188} INFO - [2024-04-26T05:47:44.684-0300] {dagbag.py:540} INFO - Filling up the DagBag from /home/athlon/projects/airflow/.venv/lib/python3.11/site-packages/airflow/example_dags/tutorial.py
[2024-04-26T05:47:44.694-0300] {processor.py:840} INFO - DAG(s) 'tutorial' retrieved from /home/athlon/projects/airflow/.venv/lib/python3.11/site-packages/airflow/example_dags/tutorial.py
[2024-04-26T05:47:44.715-0300] {logging_mixin.py:188} INFO - [2024-04-26T05:47:44.715-0300] {dag.py:3096} INFO - Sync 1 DAGs
[2024-04-26T05:47:44.742-0300] {logging_mixin.py:188} INFO - [2024-04-26T05:47:44.741-0300] {dag.py:3954} INFO - Setting next_dagrun for tutorial to 2024-04-25 00:00:00+00:00, run_after=2024-04-26 00:00:00+00:00
[2024-04-26T05:47:44.776-0300] {processor.py:183} INFO - Processing /home/athlon/projects/airflow/.venv/lib/python3.11/site-packages/airflow/example_dags/tutorial.py took 0.108 seconds
[2024-04-26T05:48:38.524-0300] {processor.py:161} INFO - Started process (PID=10773) to work on /home/athlon/projects/airflow/.venv/lib/python3.11/site-packages/airflow/example_dags/tutorial.py
[2024-04-26T05:48:38.531-0300] {processor.py:830} INFO - Processing file /home/athlon/projects/airflow/.venv/lib/python3.11/site-packages/airflow/example_dags/tutorial.py for tasks to queue
[2024-04-26T05:48:38.534-0300] {logging_mixin.py:188} INFO - [2024-04-26T05:48:38.533-0300] {dagbag.py:540} INFO - Filling up the DagBag from /home/athlon/projects/airflow/.venv/lib/python3.11/site-packages/airflow/example_dags/tutorial.py
[2024-04-26T05:48:38.553-0300] {processor.py:840} INFO - DAG(s) 'tutorial' retrieved from /home/athlon/projects/airflow/.venv/lib/python3.11/site-packages/airflow/example_dags/tutorial.py
[2024-04-26T05:48:38.589-0300] {logging_mixin.py:188} INFO - [2024-04-26T05:48:38.589-0300] {dag.py:3096} INFO - Sync 1 DAGs
[2024-04-26T05:48:38.637-0300] {logging_mixin.py:188} INFO - [2024-04-26T05:48:38.637-0300] {dag.py:3954} INFO - Setting next_dagrun for tutorial to 2024-04-25 00:00:00+00:00, run_after=2024-04-26 00:00:00+00:00
[2024-04-26T05:48:38.689-0300] {processor.py:183} INFO - Processing /home/athlon/projects/airflow/.venv/lib/python3.11/site-packages/airflow/example_dags/tutorial.py took 0.178 seconds
[2024-04-26T05:49:43.067-0300] {processor.py:161} INFO - Started process (PID=10864) to work on /home/athlon/projects/airflow/.venv/lib/python3.11/site-packages/airflow/example_dags/tutorial.py
[2024-04-26T05:49:43.072-0300] {processor.py:830} INFO - Processing file /home/athlon/projects/airflow/.venv/lib/python3.11/site-packages/airflow/example_dags/tutorial.py for tasks to queue
[2024-04-26T05:49:43.074-0300] {logging_mixin.py:188} INFO - [2024-04-26T05:49:43.074-0300] {dagbag.py:540} INFO - Filling up the DagBag from /home/athlon/projects/airflow/.venv/lib/python3.11/site-packages/airflow/example_dags/tutorial.py
[2024-04-26T05:49:43.083-0300] {processor.py:840} INFO - DAG(s) 'tutorial' retrieved from /home/athlon/projects/airflow/.venv/lib/python3.11/site-packages/airflow/example_dags/tutorial.py
[2024-04-26T05:49:43.105-0300] {logging_mixin.py:188} INFO - [2024-04-26T05:49:43.104-0300] {dag.py:3096} INFO - Sync 1 DAGs
[2024-04-26T05:49:43.133-0300] {logging_mixin.py:188} INFO - [2024-04-26T05:49:43.132-0300] {dag.py:3954} INFO - Setting next_dagrun for tutorial to 2024-04-25 00:00:00+00:00, run_after=2024-04-26 00:00:00+00:00
[2024-04-26T05:49:43.190-0300] {processor.py:183} INFO - Processing /home/athlon/projects/airflow/.venv/lib/python3.11/site-packages/airflow/example_dags/tutorial.py took 0.131 seconds
[2024-04-26T05:51:00.574-0300] {processor.py:161} INFO - Started process (PID=10963) to work on /home/athlon/projects/airflow/.venv/lib/python3.11/site-packages/airflow/example_dags/tutorial.py
[2024-04-26T05:51:00.581-0300] {processor.py:830} INFO - Processing file /home/athlon/projects/airflow/.venv/lib/python3.11/site-packages/airflow/example_dags/tutorial.py for tasks to queue
[2024-04-26T05:51:00.584-0300] {logging_mixin.py:188} INFO - [2024-04-26T05:51:00.583-0300] {dagbag.py:540} INFO - Filling up the DagBag from /home/athlon/projects/airflow/.venv/lib/python3.11/site-packages/airflow/example_dags/tutorial.py
[2024-04-26T05:51:00.601-0300] {processor.py:840} INFO - DAG(s) 'tutorial' retrieved from /home/athlon/projects/airflow/.venv/lib/python3.11/site-packages/airflow/example_dags/tutorial.py
[2024-04-26T05:51:00.638-0300] {logging_mixin.py:188} INFO - [2024-04-26T05:51:00.638-0300] {dag.py:3096} INFO - Sync 1 DAGs
[2024-04-26T05:51:00.688-0300] {logging_mixin.py:188} INFO - [2024-04-26T05:51:00.687-0300] {dag.py:3954} INFO - Setting next_dagrun for tutorial to 2024-04-25 00:00:00+00:00, run_after=2024-04-26 00:00:00+00:00
[2024-04-26T05:51:00.739-0300] {processor.py:183} INFO - Processing /home/athlon/projects/airflow/.venv/lib/python3.11/site-packages/airflow/example_dags/tutorial.py took 0.177 seconds
[2024-04-26T05:51:48.503-0300] {processor.py:161} INFO - Started process (PID=11009) to work on /home/athlon/projects/airflow/.venv/lib/python3.11/site-packages/airflow/example_dags/tutorial.py
[2024-04-26T05:51:48.509-0300] {processor.py:830} INFO - Processing file /home/athlon/projects/airflow/.venv/lib/python3.11/site-packages/airflow/example_dags/tutorial.py for tasks to queue
[2024-04-26T05:51:48.512-0300] {logging_mixin.py:188} INFO - [2024-04-26T05:51:48.511-0300] {dagbag.py:540} INFO - Filling up the DagBag from /home/athlon/projects/airflow/.venv/lib/python3.11/site-packages/airflow/example_dags/tutorial.py
[2024-04-26T05:51:48.523-0300] {processor.py:840} INFO - DAG(s) 'tutorial' retrieved from /home/athlon/projects/airflow/.venv/lib/python3.11/site-packages/airflow/example_dags/tutorial.py
[2024-04-26T05:51:48.551-0300] {logging_mixin.py:188} INFO - [2024-04-26T05:51:48.550-0300] {dag.py:3096} INFO - Sync 1 DAGs
[2024-04-26T05:51:48.591-0300] {logging_mixin.py:188} INFO - [2024-04-26T05:51:48.590-0300] {dag.py:3954} INFO - Setting next_dagrun for tutorial to 2024-04-25 00:00:00+00:00, run_after=2024-04-26 00:00:00+00:00
[2024-04-26T05:51:48.631-0300] {processor.py:183} INFO - Processing /home/athlon/projects/airflow/.venv/lib/python3.11/site-packages/airflow/example_dags/tutorial.py took 0.137 seconds
