[2024-04-26T05:27:58.417-0300] {processor.py:161} INFO - Started process (PID=9498) to work on /home/athlon/projects/airflow/.venv/lib/python3.11/site-packages/airflow/example_dags/plugins/workday.py
[2024-04-26T05:27:58.419-0300] {processor.py:830} INFO - Processing file /home/athlon/projects/airflow/.venv/lib/python3.11/site-packages/airflow/example_dags/plugins/workday.py for tasks to queue
[2024-04-26T05:27:58.421-0300] {logging_mixin.py:188} INFO - [2024-04-26T05:27:58.421-0300] {dagbag.py:540} INFO - Filling up the DagBag from /home/athlon/projects/airflow/.venv/lib/python3.11/site-packages/airflow/example_dags/plugins/workday.py
[2024-04-26T05:27:58.426-0300] {logging_mixin.py:188} INFO - [2024-04-26T05:27:58.425-0300] {workday.py:41} WARNING - Could not import pandas. Holidays will not be considered.
[2024-04-26T05:27:58.426-0300] {processor.py:842} WARNING - No viable dags retrieved from /home/athlon/projects/airflow/.venv/lib/python3.11/site-packages/airflow/example_dags/plugins/workday.py
[2024-04-26T05:27:58.444-0300] {processor.py:183} INFO - Processing /home/athlon/projects/airflow/.venv/lib/python3.11/site-packages/airflow/example_dags/plugins/workday.py took 0.037 seconds
[2024-04-26T05:29:07.404-0300] {processor.py:161} INFO - Started process (PID=9607) to work on /home/athlon/projects/airflow/.venv/lib/python3.11/site-packages/airflow/example_dags/plugins/workday.py
[2024-04-26T05:29:07.406-0300] {processor.py:830} INFO - Processing file /home/athlon/projects/airflow/.venv/lib/python3.11/site-packages/airflow/example_dags/plugins/workday.py for tasks to queue
[2024-04-26T05:29:07.408-0300] {logging_mixin.py:188} INFO - [2024-04-26T05:29:07.407-0300] {dagbag.py:540} INFO - Filling up the DagBag from /home/athlon/projects/airflow/.venv/lib/python3.11/site-packages/airflow/example_dags/plugins/workday.py
[2024-04-26T05:29:07.412-0300] {logging_mixin.py:188} INFO - [2024-04-26T05:29:07.412-0300] {workday.py:41} WARNING - Could not import pandas. Holidays will not be considered.
[2024-04-26T05:29:07.413-0300] {processor.py:842} WARNING - No viable dags retrieved from /home/athlon/projects/airflow/.venv/lib/python3.11/site-packages/airflow/example_dags/plugins/workday.py
[2024-04-26T05:29:07.432-0300] {processor.py:183} INFO - Processing /home/athlon/projects/airflow/.venv/lib/python3.11/site-packages/airflow/example_dags/plugins/workday.py took 0.037 seconds
[2024-04-26T05:29:44.218-0300] {processor.py:161} INFO - Started process (PID=9647) to work on /home/athlon/projects/airflow/.venv/lib/python3.11/site-packages/airflow/example_dags/plugins/workday.py
[2024-04-26T05:29:44.224-0300] {processor.py:830} INFO - Processing file /home/athlon/projects/airflow/.venv/lib/python3.11/site-packages/airflow/example_dags/plugins/workday.py for tasks to queue
[2024-04-26T05:29:44.227-0300] {logging_mixin.py:188} INFO - [2024-04-26T05:29:44.226-0300] {dagbag.py:540} INFO - Filling up the DagBag from /home/athlon/projects/airflow/.venv/lib/python3.11/site-packages/airflow/example_dags/plugins/workday.py
[2024-04-26T05:29:44.231-0300] {logging_mixin.py:188} INFO - [2024-04-26T05:29:44.231-0300] {workday.py:41} WARNING - Could not import pandas. Holidays will not be considered.
[2024-04-26T05:29:44.232-0300] {processor.py:842} WARNING - No viable dags retrieved from /home/athlon/projects/airflow/.venv/lib/python3.11/site-packages/airflow/example_dags/plugins/workday.py
[2024-04-26T05:29:44.249-0300] {processor.py:183} INFO - Processing /home/athlon/projects/airflow/.venv/lib/python3.11/site-packages/airflow/example_dags/plugins/workday.py took 0.041 seconds
[2024-04-26T05:30:40.856-0300] {processor.py:161} INFO - Started process (PID=9701) to work on /home/athlon/projects/airflow/.venv/lib/python3.11/site-packages/airflow/example_dags/plugins/workday.py
[2024-04-26T05:30:40.861-0300] {processor.py:830} INFO - Processing file /home/athlon/projects/airflow/.venv/lib/python3.11/site-packages/airflow/example_dags/plugins/workday.py for tasks to queue
[2024-04-26T05:30:40.864-0300] {logging_mixin.py:188} INFO - [2024-04-26T05:30:40.864-0300] {dagbag.py:540} INFO - Filling up the DagBag from /home/athlon/projects/airflow/.venv/lib/python3.11/site-packages/airflow/example_dags/plugins/workday.py
[2024-04-26T05:30:40.869-0300] {logging_mixin.py:188} INFO - [2024-04-26T05:30:40.868-0300] {workday.py:41} WARNING - Could not import pandas. Holidays will not be considered.
[2024-04-26T05:30:40.869-0300] {processor.py:842} WARNING - No viable dags retrieved from /home/athlon/projects/airflow/.venv/lib/python3.11/site-packages/airflow/example_dags/plugins/workday.py
[2024-04-26T05:30:40.886-0300] {processor.py:183} INFO - Processing /home/athlon/projects/airflow/.venv/lib/python3.11/site-packages/airflow/example_dags/plugins/workday.py took 0.043 seconds
[2024-04-26T05:31:38.483-0300] {processor.py:161} INFO - Started process (PID=9756) to work on /home/athlon/projects/airflow/.venv/lib/python3.11/site-packages/airflow/example_dags/plugins/workday.py
[2024-04-26T05:31:38.488-0300] {processor.py:830} INFO - Processing file /home/athlon/projects/airflow/.venv/lib/python3.11/site-packages/airflow/example_dags/plugins/workday.py for tasks to queue
[2024-04-26T05:31:38.491-0300] {logging_mixin.py:188} INFO - [2024-04-26T05:31:38.490-0300] {dagbag.py:540} INFO - Filling up the DagBag from /home/athlon/projects/airflow/.venv/lib/python3.11/site-packages/airflow/example_dags/plugins/workday.py
[2024-04-26T05:31:38.495-0300] {logging_mixin.py:188} INFO - [2024-04-26T05:31:38.495-0300] {workday.py:41} WARNING - Could not import pandas. Holidays will not be considered.
[2024-04-26T05:31:38.496-0300] {processor.py:842} WARNING - No viable dags retrieved from /home/athlon/projects/airflow/.venv/lib/python3.11/site-packages/airflow/example_dags/plugins/workday.py
[2024-04-26T05:31:38.513-0300] {processor.py:183} INFO - Processing /home/athlon/projects/airflow/.venv/lib/python3.11/site-packages/airflow/example_dags/plugins/workday.py took 0.041 seconds
[2024-04-26T05:32:38.773-0300] {processor.py:161} INFO - Started process (PID=9811) to work on /home/athlon/projects/airflow/.venv/lib/python3.11/site-packages/airflow/example_dags/plugins/workday.py
[2024-04-26T05:32:38.779-0300] {processor.py:830} INFO - Processing file /home/athlon/projects/airflow/.venv/lib/python3.11/site-packages/airflow/example_dags/plugins/workday.py for tasks to queue
[2024-04-26T05:32:38.782-0300] {logging_mixin.py:188} INFO - [2024-04-26T05:32:38.781-0300] {dagbag.py:540} INFO - Filling up the DagBag from /home/athlon/projects/airflow/.venv/lib/python3.11/site-packages/airflow/example_dags/plugins/workday.py
[2024-04-26T05:32:38.786-0300] {logging_mixin.py:188} INFO - [2024-04-26T05:32:38.786-0300] {workday.py:41} WARNING - Could not import pandas. Holidays will not be considered.
[2024-04-26T05:32:38.787-0300] {processor.py:842} WARNING - No viable dags retrieved from /home/athlon/projects/airflow/.venv/lib/python3.11/site-packages/airflow/example_dags/plugins/workday.py
[2024-04-26T05:32:38.804-0300] {processor.py:183} INFO - Processing /home/athlon/projects/airflow/.venv/lib/python3.11/site-packages/airflow/example_dags/plugins/workday.py took 0.041 seconds
[2024-04-26T05:33:37.822-0300] {processor.py:161} INFO - Started process (PID=9864) to work on /home/athlon/projects/airflow/.venv/lib/python3.11/site-packages/airflow/example_dags/plugins/workday.py
[2024-04-26T05:33:37.828-0300] {processor.py:830} INFO - Processing file /home/athlon/projects/airflow/.venv/lib/python3.11/site-packages/airflow/example_dags/plugins/workday.py for tasks to queue
[2024-04-26T05:33:37.830-0300] {logging_mixin.py:188} INFO - [2024-04-26T05:33:37.830-0300] {dagbag.py:540} INFO - Filling up the DagBag from /home/athlon/projects/airflow/.venv/lib/python3.11/site-packages/airflow/example_dags/plugins/workday.py
[2024-04-26T05:33:37.835-0300] {logging_mixin.py:188} INFO - [2024-04-26T05:33:37.835-0300] {workday.py:41} WARNING - Could not import pandas. Holidays will not be considered.
[2024-04-26T05:33:37.836-0300] {processor.py:842} WARNING - No viable dags retrieved from /home/athlon/projects/airflow/.venv/lib/python3.11/site-packages/airflow/example_dags/plugins/workday.py
[2024-04-26T05:33:37.852-0300] {processor.py:183} INFO - Processing /home/athlon/projects/airflow/.venv/lib/python3.11/site-packages/airflow/example_dags/plugins/workday.py took 0.040 seconds
[2024-04-26T05:34:34.913-0300] {processor.py:161} INFO - Started process (PID=9933) to work on /home/athlon/projects/airflow/.venv/lib/python3.11/site-packages/airflow/example_dags/plugins/workday.py
[2024-04-26T05:34:34.919-0300] {processor.py:830} INFO - Processing file /home/athlon/projects/airflow/.venv/lib/python3.11/site-packages/airflow/example_dags/plugins/workday.py for tasks to queue
[2024-04-26T05:34:34.921-0300] {logging_mixin.py:188} INFO - [2024-04-26T05:34:34.921-0300] {dagbag.py:540} INFO - Filling up the DagBag from /home/athlon/projects/airflow/.venv/lib/python3.11/site-packages/airflow/example_dags/plugins/workday.py
[2024-04-26T05:34:34.925-0300] {logging_mixin.py:188} INFO - [2024-04-26T05:34:34.925-0300] {workday.py:41} WARNING - Could not import pandas. Holidays will not be considered.
[2024-04-26T05:34:34.926-0300] {processor.py:842} WARNING - No viable dags retrieved from /home/athlon/projects/airflow/.venv/lib/python3.11/site-packages/airflow/example_dags/plugins/workday.py
[2024-04-26T05:34:34.942-0300] {processor.py:183} INFO - Processing /home/athlon/projects/airflow/.venv/lib/python3.11/site-packages/airflow/example_dags/plugins/workday.py took 0.039 seconds
[2024-04-26T05:35:28.709-0300] {processor.py:161} INFO - Started process (PID=9983) to work on /home/athlon/projects/airflow/.venv/lib/python3.11/site-packages/airflow/example_dags/plugins/workday.py
[2024-04-26T05:35:28.715-0300] {processor.py:830} INFO - Processing file /home/athlon/projects/airflow/.venv/lib/python3.11/site-packages/airflow/example_dags/plugins/workday.py for tasks to queue
[2024-04-26T05:35:28.717-0300] {logging_mixin.py:188} INFO - [2024-04-26T05:35:28.717-0300] {dagbag.py:540} INFO - Filling up the DagBag from /home/athlon/projects/airflow/.venv/lib/python3.11/site-packages/airflow/example_dags/plugins/workday.py
[2024-04-26T05:35:28.721-0300] {logging_mixin.py:188} INFO - [2024-04-26T05:35:28.721-0300] {workday.py:41} WARNING - Could not import pandas. Holidays will not be considered.
[2024-04-26T05:35:28.722-0300] {processor.py:842} WARNING - No viable dags retrieved from /home/athlon/projects/airflow/.venv/lib/python3.11/site-packages/airflow/example_dags/plugins/workday.py
[2024-04-26T05:35:28.738-0300] {processor.py:183} INFO - Processing /home/athlon/projects/airflow/.venv/lib/python3.11/site-packages/airflow/example_dags/plugins/workday.py took 0.040 seconds
[2024-04-26T05:36:24.309-0300] {processor.py:161} INFO - Started process (PID=10034) to work on /home/athlon/projects/airflow/.venv/lib/python3.11/site-packages/airflow/example_dags/plugins/workday.py
[2024-04-26T05:36:24.315-0300] {processor.py:830} INFO - Processing file /home/athlon/projects/airflow/.venv/lib/python3.11/site-packages/airflow/example_dags/plugins/workday.py for tasks to queue
[2024-04-26T05:36:24.317-0300] {logging_mixin.py:188} INFO - [2024-04-26T05:36:24.317-0300] {dagbag.py:540} INFO - Filling up the DagBag from /home/athlon/projects/airflow/.venv/lib/python3.11/site-packages/airflow/example_dags/plugins/workday.py
[2024-04-26T05:36:24.322-0300] {logging_mixin.py:188} INFO - [2024-04-26T05:36:24.321-0300] {workday.py:41} WARNING - Could not import pandas. Holidays will not be considered.
[2024-04-26T05:36:24.322-0300] {processor.py:842} WARNING - No viable dags retrieved from /home/athlon/projects/airflow/.venv/lib/python3.11/site-packages/airflow/example_dags/plugins/workday.py
[2024-04-26T05:36:24.339-0300] {processor.py:183} INFO - Processing /home/athlon/projects/airflow/.venv/lib/python3.11/site-packages/airflow/example_dags/plugins/workday.py took 0.043 seconds
[2024-04-26T05:37:19.818-0300] {processor.py:161} INFO - Started process (PID=10088) to work on /home/athlon/projects/airflow/.venv/lib/python3.11/site-packages/airflow/example_dags/plugins/workday.py
[2024-04-26T05:37:19.823-0300] {processor.py:830} INFO - Processing file /home/athlon/projects/airflow/.venv/lib/python3.11/site-packages/airflow/example_dags/plugins/workday.py for tasks to queue
[2024-04-26T05:37:19.826-0300] {logging_mixin.py:188} INFO - [2024-04-26T05:37:19.825-0300] {dagbag.py:540} INFO - Filling up the DagBag from /home/athlon/projects/airflow/.venv/lib/python3.11/site-packages/airflow/example_dags/plugins/workday.py
[2024-04-26T05:37:19.830-0300] {logging_mixin.py:188} INFO - [2024-04-26T05:37:19.830-0300] {workday.py:41} WARNING - Could not import pandas. Holidays will not be considered.
[2024-04-26T05:37:19.831-0300] {processor.py:842} WARNING - No viable dags retrieved from /home/athlon/projects/airflow/.venv/lib/python3.11/site-packages/airflow/example_dags/plugins/workday.py
[2024-04-26T05:37:19.848-0300] {processor.py:183} INFO - Processing /home/athlon/projects/airflow/.venv/lib/python3.11/site-packages/airflow/example_dags/plugins/workday.py took 0.041 seconds
[2024-04-26T05:38:17.063-0300] {processor.py:161} INFO - Started process (PID=10141) to work on /home/athlon/projects/airflow/.venv/lib/python3.11/site-packages/airflow/example_dags/plugins/workday.py
[2024-04-26T05:38:17.068-0300] {processor.py:830} INFO - Processing file /home/athlon/projects/airflow/.venv/lib/python3.11/site-packages/airflow/example_dags/plugins/workday.py for tasks to queue
[2024-04-26T05:38:17.071-0300] {logging_mixin.py:188} INFO - [2024-04-26T05:38:17.070-0300] {dagbag.py:540} INFO - Filling up the DagBag from /home/athlon/projects/airflow/.venv/lib/python3.11/site-packages/airflow/example_dags/plugins/workday.py
[2024-04-26T05:38:17.074-0300] {logging_mixin.py:188} INFO - [2024-04-26T05:38:17.074-0300] {workday.py:41} WARNING - Could not import pandas. Holidays will not be considered.
[2024-04-26T05:38:17.075-0300] {processor.py:842} WARNING - No viable dags retrieved from /home/athlon/projects/airflow/.venv/lib/python3.11/site-packages/airflow/example_dags/plugins/workday.py
[2024-04-26T05:38:17.089-0300] {processor.py:183} INFO - Processing /home/athlon/projects/airflow/.venv/lib/python3.11/site-packages/airflow/example_dags/plugins/workday.py took 0.034 seconds
[2024-04-26T05:39:19.028-0300] {processor.py:161} INFO - Started process (PID=10226) to work on /home/athlon/projects/airflow/.venv/lib/python3.11/site-packages/airflow/example_dags/plugins/workday.py
[2024-04-26T05:39:19.033-0300] {processor.py:830} INFO - Processing file /home/athlon/projects/airflow/.venv/lib/python3.11/site-packages/airflow/example_dags/plugins/workday.py for tasks to queue
[2024-04-26T05:39:19.036-0300] {logging_mixin.py:188} INFO - [2024-04-26T05:39:19.035-0300] {dagbag.py:540} INFO - Filling up the DagBag from /home/athlon/projects/airflow/.venv/lib/python3.11/site-packages/airflow/example_dags/plugins/workday.py
[2024-04-26T05:39:19.040-0300] {logging_mixin.py:188} INFO - [2024-04-26T05:39:19.040-0300] {workday.py:41} WARNING - Could not import pandas. Holidays will not be considered.
[2024-04-26T05:39:19.041-0300] {processor.py:842} WARNING - No viable dags retrieved from /home/athlon/projects/airflow/.venv/lib/python3.11/site-packages/airflow/example_dags/plugins/workday.py
[2024-04-26T05:39:19.057-0300] {processor.py:183} INFO - Processing /home/athlon/projects/airflow/.venv/lib/python3.11/site-packages/airflow/example_dags/plugins/workday.py took 0.040 seconds
[2024-04-26T05:40:18.035-0300] {processor.py:161} INFO - Started process (PID=10282) to work on /home/athlon/projects/airflow/.venv/lib/python3.11/site-packages/airflow/example_dags/plugins/workday.py
[2024-04-26T05:40:18.041-0300] {processor.py:830} INFO - Processing file /home/athlon/projects/airflow/.venv/lib/python3.11/site-packages/airflow/example_dags/plugins/workday.py for tasks to queue
[2024-04-26T05:40:18.044-0300] {logging_mixin.py:188} INFO - [2024-04-26T05:40:18.043-0300] {dagbag.py:540} INFO - Filling up the DagBag from /home/athlon/projects/airflow/.venv/lib/python3.11/site-packages/airflow/example_dags/plugins/workday.py
[2024-04-26T05:40:18.048-0300] {logging_mixin.py:188} INFO - [2024-04-26T05:40:18.048-0300] {workday.py:41} WARNING - Could not import pandas. Holidays will not be considered.
[2024-04-26T05:40:18.049-0300] {processor.py:842} WARNING - No viable dags retrieved from /home/athlon/projects/airflow/.venv/lib/python3.11/site-packages/airflow/example_dags/plugins/workday.py
[2024-04-26T05:40:18.065-0300] {processor.py:183} INFO - Processing /home/athlon/projects/airflow/.venv/lib/python3.11/site-packages/airflow/example_dags/plugins/workday.py took 0.040 seconds
[2024-04-26T05:41:20.827-0300] {processor.py:161} INFO - Started process (PID=10336) to work on /home/athlon/projects/airflow/.venv/lib/python3.11/site-packages/airflow/example_dags/plugins/workday.py
[2024-04-26T05:41:20.833-0300] {processor.py:830} INFO - Processing file /home/athlon/projects/airflow/.venv/lib/python3.11/site-packages/airflow/example_dags/plugins/workday.py for tasks to queue
[2024-04-26T05:41:20.836-0300] {logging_mixin.py:188} INFO - [2024-04-26T05:41:20.835-0300] {dagbag.py:540} INFO - Filling up the DagBag from /home/athlon/projects/airflow/.venv/lib/python3.11/site-packages/airflow/example_dags/plugins/workday.py
[2024-04-26T05:41:20.840-0300] {logging_mixin.py:188} INFO - [2024-04-26T05:41:20.839-0300] {workday.py:41} WARNING - Could not import pandas. Holidays will not be considered.
[2024-04-26T05:41:20.841-0300] {processor.py:842} WARNING - No viable dags retrieved from /home/athlon/projects/airflow/.venv/lib/python3.11/site-packages/airflow/example_dags/plugins/workday.py
[2024-04-26T05:41:20.857-0300] {processor.py:183} INFO - Processing /home/athlon/projects/airflow/.venv/lib/python3.11/site-packages/airflow/example_dags/plugins/workday.py took 0.041 seconds
[2024-04-26T05:42:21.828-0300] {processor.py:161} INFO - Started process (PID=10389) to work on /home/athlon/projects/airflow/.venv/lib/python3.11/site-packages/airflow/example_dags/plugins/workday.py
[2024-04-26T05:42:21.835-0300] {processor.py:830} INFO - Processing file /home/athlon/projects/airflow/.venv/lib/python3.11/site-packages/airflow/example_dags/plugins/workday.py for tasks to queue
[2024-04-26T05:42:21.838-0300] {logging_mixin.py:188} INFO - [2024-04-26T05:42:21.837-0300] {dagbag.py:540} INFO - Filling up the DagBag from /home/athlon/projects/airflow/.venv/lib/python3.11/site-packages/airflow/example_dags/plugins/workday.py
[2024-04-26T05:42:21.842-0300] {logging_mixin.py:188} INFO - [2024-04-26T05:42:21.842-0300] {workday.py:41} WARNING - Could not import pandas. Holidays will not be considered.
[2024-04-26T05:42:21.843-0300] {processor.py:842} WARNING - No viable dags retrieved from /home/athlon/projects/airflow/.venv/lib/python3.11/site-packages/airflow/example_dags/plugins/workday.py
[2024-04-26T05:42:21.857-0300] {processor.py:183} INFO - Processing /home/athlon/projects/airflow/.venv/lib/python3.11/site-packages/airflow/example_dags/plugins/workday.py took 0.041 seconds
[2024-04-26T05:43:21.667-0300] {processor.py:161} INFO - Started process (PID=10441) to work on /home/athlon/projects/airflow/.venv/lib/python3.11/site-packages/airflow/example_dags/plugins/workday.py
[2024-04-26T05:43:21.672-0300] {processor.py:830} INFO - Processing file /home/athlon/projects/airflow/.venv/lib/python3.11/site-packages/airflow/example_dags/plugins/workday.py for tasks to queue
[2024-04-26T05:43:21.675-0300] {logging_mixin.py:188} INFO - [2024-04-26T05:43:21.674-0300] {dagbag.py:540} INFO - Filling up the DagBag from /home/athlon/projects/airflow/.venv/lib/python3.11/site-packages/airflow/example_dags/plugins/workday.py
[2024-04-26T05:43:21.679-0300] {logging_mixin.py:188} INFO - [2024-04-26T05:43:21.679-0300] {workday.py:41} WARNING - Could not import pandas. Holidays will not be considered.
[2024-04-26T05:43:21.680-0300] {processor.py:842} WARNING - No viable dags retrieved from /home/athlon/projects/airflow/.venv/lib/python3.11/site-packages/airflow/example_dags/plugins/workday.py
[2024-04-26T05:43:21.695-0300] {processor.py:183} INFO - Processing /home/athlon/projects/airflow/.venv/lib/python3.11/site-packages/airflow/example_dags/plugins/workday.py took 0.039 seconds
[2024-04-26T05:44:16.762-0300] {processor.py:161} INFO - Started process (PID=10495) to work on /home/athlon/projects/airflow/.venv/lib/python3.11/site-packages/airflow/example_dags/plugins/workday.py
[2024-04-26T05:44:16.768-0300] {processor.py:830} INFO - Processing file /home/athlon/projects/airflow/.venv/lib/python3.11/site-packages/airflow/example_dags/plugins/workday.py for tasks to queue
[2024-04-26T05:44:16.770-0300] {logging_mixin.py:188} INFO - [2024-04-26T05:44:16.770-0300] {dagbag.py:540} INFO - Filling up the DagBag from /home/athlon/projects/airflow/.venv/lib/python3.11/site-packages/airflow/example_dags/plugins/workday.py
[2024-04-26T05:44:16.774-0300] {logging_mixin.py:188} INFO - [2024-04-26T05:44:16.774-0300] {workday.py:41} WARNING - Could not import pandas. Holidays will not be considered.
[2024-04-26T05:44:16.775-0300] {processor.py:842} WARNING - No viable dags retrieved from /home/athlon/projects/airflow/.venv/lib/python3.11/site-packages/airflow/example_dags/plugins/workday.py
[2024-04-26T05:44:16.789-0300] {processor.py:183} INFO - Processing /home/athlon/projects/airflow/.venv/lib/python3.11/site-packages/airflow/example_dags/plugins/workday.py took 0.036 seconds
[2024-04-26T05:45:12.084-0300] {processor.py:161} INFO - Started process (PID=10544) to work on /home/athlon/projects/airflow/.venv/lib/python3.11/site-packages/airflow/example_dags/plugins/workday.py
[2024-04-26T05:45:12.090-0300] {processor.py:830} INFO - Processing file /home/athlon/projects/airflow/.venv/lib/python3.11/site-packages/airflow/example_dags/plugins/workday.py for tasks to queue
[2024-04-26T05:45:12.092-0300] {logging_mixin.py:188} INFO - [2024-04-26T05:45:12.092-0300] {dagbag.py:540} INFO - Filling up the DagBag from /home/athlon/projects/airflow/.venv/lib/python3.11/site-packages/airflow/example_dags/plugins/workday.py
[2024-04-26T05:45:12.097-0300] {logging_mixin.py:188} INFO - [2024-04-26T05:45:12.096-0300] {workday.py:41} WARNING - Could not import pandas. Holidays will not be considered.
[2024-04-26T05:45:12.098-0300] {processor.py:842} WARNING - No viable dags retrieved from /home/athlon/projects/airflow/.venv/lib/python3.11/site-packages/airflow/example_dags/plugins/workday.py
[2024-04-26T05:45:12.114-0300] {processor.py:183} INFO - Processing /home/athlon/projects/airflow/.venv/lib/python3.11/site-packages/airflow/example_dags/plugins/workday.py took 0.041 seconds
[2024-04-26T05:46:12.309-0300] {processor.py:161} INFO - Started process (PID=10599) to work on /home/athlon/projects/airflow/.venv/lib/python3.11/site-packages/airflow/example_dags/plugins/workday.py
[2024-04-26T05:46:12.312-0300] {processor.py:830} INFO - Processing file /home/athlon/projects/airflow/.venv/lib/python3.11/site-packages/airflow/example_dags/plugins/workday.py for tasks to queue
[2024-04-26T05:46:12.315-0300] {logging_mixin.py:188} INFO - [2024-04-26T05:46:12.314-0300] {dagbag.py:540} INFO - Filling up the DagBag from /home/athlon/projects/airflow/.venv/lib/python3.11/site-packages/airflow/example_dags/plugins/workday.py
[2024-04-26T05:46:12.319-0300] {logging_mixin.py:188} INFO - [2024-04-26T05:46:12.319-0300] {workday.py:41} WARNING - Could not import pandas. Holidays will not be considered.
[2024-04-26T05:46:12.320-0300] {processor.py:842} WARNING - No viable dags retrieved from /home/athlon/projects/airflow/.venv/lib/python3.11/site-packages/airflow/example_dags/plugins/workday.py
[2024-04-26T05:46:12.334-0300] {processor.py:183} INFO - Processing /home/athlon/projects/airflow/.venv/lib/python3.11/site-packages/airflow/example_dags/plugins/workday.py took 0.034 seconds
[2024-04-26T05:47:09.060-0300] {processor.py:161} INFO - Started process (PID=10665) to work on /home/athlon/projects/airflow/.venv/lib/python3.11/site-packages/airflow/example_dags/plugins/workday.py
[2024-04-26T05:47:09.068-0300] {processor.py:830} INFO - Processing file /home/athlon/projects/airflow/.venv/lib/python3.11/site-packages/airflow/example_dags/plugins/workday.py for tasks to queue
[2024-04-26T05:47:09.071-0300] {logging_mixin.py:188} INFO - [2024-04-26T05:47:09.070-0300] {dagbag.py:540} INFO - Filling up the DagBag from /home/athlon/projects/airflow/.venv/lib/python3.11/site-packages/airflow/example_dags/plugins/workday.py
[2024-04-26T05:47:09.075-0300] {logging_mixin.py:188} INFO - [2024-04-26T05:47:09.074-0300] {workday.py:41} WARNING - Could not import pandas. Holidays will not be considered.
[2024-04-26T05:47:09.075-0300] {processor.py:842} WARNING - No viable dags retrieved from /home/athlon/projects/airflow/.venv/lib/python3.11/site-packages/airflow/example_dags/plugins/workday.py
[2024-04-26T05:47:09.090-0300] {processor.py:183} INFO - Processing /home/athlon/projects/airflow/.venv/lib/python3.11/site-packages/airflow/example_dags/plugins/workday.py took 0.042 seconds
[2024-04-26T05:48:02.542-0300] {processor.py:161} INFO - Started process (PID=10736) to work on /home/athlon/projects/airflow/.venv/lib/python3.11/site-packages/airflow/example_dags/plugins/workday.py
[2024-04-26T05:48:02.547-0300] {processor.py:830} INFO - Processing file /home/athlon/projects/airflow/.venv/lib/python3.11/site-packages/airflow/example_dags/plugins/workday.py for tasks to queue
[2024-04-26T05:48:02.550-0300] {logging_mixin.py:188} INFO - [2024-04-26T05:48:02.549-0300] {dagbag.py:540} INFO - Filling up the DagBag from /home/athlon/projects/airflow/.venv/lib/python3.11/site-packages/airflow/example_dags/plugins/workday.py
[2024-04-26T05:48:02.556-0300] {logging_mixin.py:188} INFO - [2024-04-26T05:48:02.555-0300] {workday.py:41} WARNING - Could not import pandas. Holidays will not be considered.
[2024-04-26T05:48:02.557-0300] {processor.py:842} WARNING - No viable dags retrieved from /home/athlon/projects/airflow/.venv/lib/python3.11/site-packages/airflow/example_dags/plugins/workday.py
[2024-04-26T05:48:02.575-0300] {processor.py:183} INFO - Processing /home/athlon/projects/airflow/.venv/lib/python3.11/site-packages/airflow/example_dags/plugins/workday.py took 0.041 seconds
[2024-04-26T05:49:03.886-0300] {processor.py:161} INFO - Started process (PID=10821) to work on /home/athlon/projects/airflow/.venv/lib/python3.11/site-packages/airflow/example_dags/plugins/workday.py
[2024-04-26T05:49:03.892-0300] {processor.py:830} INFO - Processing file /home/athlon/projects/airflow/.venv/lib/python3.11/site-packages/airflow/example_dags/plugins/workday.py for tasks to queue
[2024-04-26T05:49:03.895-0300] {logging_mixin.py:188} INFO - [2024-04-26T05:49:03.894-0300] {dagbag.py:540} INFO - Filling up the DagBag from /home/athlon/projects/airflow/.venv/lib/python3.11/site-packages/airflow/example_dags/plugins/workday.py
[2024-04-26T05:49:03.900-0300] {logging_mixin.py:188} INFO - [2024-04-26T05:49:03.899-0300] {workday.py:41} WARNING - Could not import pandas. Holidays will not be considered.
[2024-04-26T05:49:03.900-0300] {processor.py:842} WARNING - No viable dags retrieved from /home/athlon/projects/airflow/.venv/lib/python3.11/site-packages/airflow/example_dags/plugins/workday.py
[2024-04-26T05:49:03.915-0300] {processor.py:183} INFO - Processing /home/athlon/projects/airflow/.venv/lib/python3.11/site-packages/airflow/example_dags/plugins/workday.py took 0.040 seconds
[2024-04-26T05:50:02.924-0300] {processor.py:161} INFO - Started process (PID=10904) to work on /home/athlon/projects/airflow/.venv/lib/python3.11/site-packages/airflow/example_dags/plugins/workday.py
[2024-04-26T05:50:02.930-0300] {processor.py:830} INFO - Processing file /home/athlon/projects/airflow/.venv/lib/python3.11/site-packages/airflow/example_dags/plugins/workday.py for tasks to queue
[2024-04-26T05:50:02.932-0300] {logging_mixin.py:188} INFO - [2024-04-26T05:50:02.932-0300] {dagbag.py:540} INFO - Filling up the DagBag from /home/athlon/projects/airflow/.venv/lib/python3.11/site-packages/airflow/example_dags/plugins/workday.py
[2024-04-26T05:50:02.937-0300] {logging_mixin.py:188} INFO - [2024-04-26T05:50:02.936-0300] {workday.py:41} WARNING - Could not import pandas. Holidays will not be considered.
[2024-04-26T05:50:02.937-0300] {processor.py:842} WARNING - No viable dags retrieved from /home/athlon/projects/airflow/.venv/lib/python3.11/site-packages/airflow/example_dags/plugins/workday.py
[2024-04-26T05:50:02.954-0300] {processor.py:183} INFO - Processing /home/athlon/projects/airflow/.venv/lib/python3.11/site-packages/airflow/example_dags/plugins/workday.py took 0.040 seconds
[2024-04-26T05:50:50.178-0300] {processor.py:161} INFO - Started process (PID=10951) to work on /home/athlon/projects/airflow/.venv/lib/python3.11/site-packages/airflow/example_dags/plugins/workday.py
[2024-04-26T05:50:50.184-0300] {processor.py:830} INFO - Processing file /home/athlon/projects/airflow/.venv/lib/python3.11/site-packages/airflow/example_dags/plugins/workday.py for tasks to queue
[2024-04-26T05:50:50.187-0300] {logging_mixin.py:188} INFO - [2024-04-26T05:50:50.186-0300] {dagbag.py:540} INFO - Filling up the DagBag from /home/athlon/projects/airflow/.venv/lib/python3.11/site-packages/airflow/example_dags/plugins/workday.py
[2024-04-26T05:50:50.193-0300] {logging_mixin.py:188} INFO - [2024-04-26T05:50:50.192-0300] {workday.py:41} WARNING - Could not import pandas. Holidays will not be considered.
[2024-04-26T05:50:50.194-0300] {processor.py:842} WARNING - No viable dags retrieved from /home/athlon/projects/airflow/.venv/lib/python3.11/site-packages/airflow/example_dags/plugins/workday.py
[2024-04-26T05:50:50.220-0300] {processor.py:183} INFO - Processing /home/athlon/projects/airflow/.venv/lib/python3.11/site-packages/airflow/example_dags/plugins/workday.py took 0.055 seconds
[2024-04-26T05:51:38.631-0300] {processor.py:161} INFO - Started process (PID=11000) to work on /home/athlon/projects/airflow/.venv/lib/python3.11/site-packages/airflow/example_dags/plugins/workday.py
[2024-04-26T05:51:38.632-0300] {processor.py:830} INFO - Processing file /home/athlon/projects/airflow/.venv/lib/python3.11/site-packages/airflow/example_dags/plugins/workday.py for tasks to queue
[2024-04-26T05:51:38.635-0300] {logging_mixin.py:188} INFO - [2024-04-26T05:51:38.634-0300] {dagbag.py:540} INFO - Filling up the DagBag from /home/athlon/projects/airflow/.venv/lib/python3.11/site-packages/airflow/example_dags/plugins/workday.py
[2024-04-26T05:51:38.642-0300] {logging_mixin.py:188} INFO - [2024-04-26T05:51:38.641-0300] {workday.py:41} WARNING - Could not import pandas. Holidays will not be considered.
[2024-04-26T05:51:38.644-0300] {processor.py:842} WARNING - No viable dags retrieved from /home/athlon/projects/airflow/.venv/lib/python3.11/site-packages/airflow/example_dags/plugins/workday.py
[2024-04-26T05:51:38.667-0300] {processor.py:183} INFO - Processing /home/athlon/projects/airflow/.venv/lib/python3.11/site-packages/airflow/example_dags/plugins/workday.py took 0.054 seconds
[2024-04-26T05:52:19.078-0300] {processor.py:161} INFO - Started process (PID=11036) to work on /home/athlon/projects/airflow/.venv/lib/python3.11/site-packages/airflow/example_dags/plugins/workday.py
[2024-04-26T05:52:19.085-0300] {processor.py:830} INFO - Processing file /home/athlon/projects/airflow/.venv/lib/python3.11/site-packages/airflow/example_dags/plugins/workday.py for tasks to queue
[2024-04-26T05:52:19.087-0300] {logging_mixin.py:188} INFO - [2024-04-26T05:52:19.086-0300] {dagbag.py:540} INFO - Filling up the DagBag from /home/athlon/projects/airflow/.venv/lib/python3.11/site-packages/airflow/example_dags/plugins/workday.py
[2024-04-26T05:52:19.091-0300] {logging_mixin.py:188} INFO - [2024-04-26T05:52:19.090-0300] {workday.py:41} WARNING - Could not import pandas. Holidays will not be considered.
[2024-04-26T05:52:19.091-0300] {processor.py:842} WARNING - No viable dags retrieved from /home/athlon/projects/airflow/.venv/lib/python3.11/site-packages/airflow/example_dags/plugins/workday.py
[2024-04-26T05:52:19.110-0300] {processor.py:183} INFO - Processing /home/athlon/projects/airflow/.venv/lib/python3.11/site-packages/airflow/example_dags/plugins/workday.py took 0.040 seconds
