[2024-04-26T21:25:30.414-0300] {processor.py:161} INFO - Started process (PID=17734) to work on /home/athlon/projects/airflow/.venv/lib/python3.11/site-packages/airflow/example_dags/example_nested_branch_dag.py
[2024-04-26T21:25:30.415-0300] {processor.py:830} INFO - Processing file /home/athlon/projects/airflow/.venv/lib/python3.11/site-packages/airflow/example_dags/example_nested_branch_dag.py for tasks to queue
[2024-04-26T21:25:30.417-0300] {logging_mixin.py:188} INFO - [2024-04-26T21:25:30.417-0300] {dagbag.py:540} INFO - Filling up the DagBag from /home/athlon/projects/airflow/.venv/lib/python3.11/site-packages/airflow/example_dags/example_nested_branch_dag.py
[2024-04-26T21:25:30.433-0300] {processor.py:840} INFO - DAG(s) 'example_nested_branch_dag' retrieved from /home/athlon/projects/airflow/.venv/lib/python3.11/site-packages/airflow/example_dags/example_nested_branch_dag.py
[2024-04-26T21:25:30.460-0300] {logging_mixin.py:188} INFO - [2024-04-26T21:25:30.460-0300] {dag.py:3096} INFO - Sync 1 DAGs
[2024-04-26T21:25:30.490-0300] {logging_mixin.py:188} INFO - [2024-04-26T21:25:30.490-0300] {dag.py:3954} INFO - Setting next_dagrun for example_nested_branch_dag to 2024-04-26 00:00:00+00:00, run_after=2024-04-27 00:00:00+00:00
[2024-04-26T21:25:30.524-0300] {processor.py:183} INFO - Processing /home/athlon/projects/airflow/.venv/lib/python3.11/site-packages/airflow/example_dags/example_nested_branch_dag.py took 0.118 seconds
[2024-04-26T21:26:28.425-0300] {processor.py:161} INFO - Started process (PID=17875) to work on /home/athlon/projects/airflow/.venv/lib/python3.11/site-packages/airflow/example_dags/example_nested_branch_dag.py
[2024-04-26T21:26:28.431-0300] {processor.py:830} INFO - Processing file /home/athlon/projects/airflow/.venv/lib/python3.11/site-packages/airflow/example_dags/example_nested_branch_dag.py for tasks to queue
[2024-04-26T21:26:28.434-0300] {logging_mixin.py:188} INFO - [2024-04-26T21:26:28.433-0300] {dagbag.py:540} INFO - Filling up the DagBag from /home/athlon/projects/airflow/.venv/lib/python3.11/site-packages/airflow/example_dags/example_nested_branch_dag.py
[2024-04-26T21:26:28.452-0300] {processor.py:840} INFO - DAG(s) 'example_nested_branch_dag' retrieved from /home/athlon/projects/airflow/.venv/lib/python3.11/site-packages/airflow/example_dags/example_nested_branch_dag.py
[2024-04-26T21:26:28.477-0300] {logging_mixin.py:188} INFO - [2024-04-26T21:26:28.477-0300] {dag.py:3096} INFO - Sync 1 DAGs
[2024-04-26T21:26:28.506-0300] {logging_mixin.py:188} INFO - [2024-04-26T21:26:28.506-0300] {dag.py:3954} INFO - Setting next_dagrun for example_nested_branch_dag to 2024-04-26 00:00:00+00:00, run_after=2024-04-27 00:00:00+00:00
[2024-04-26T21:26:28.536-0300] {processor.py:183} INFO - Processing /home/athlon/projects/airflow/.venv/lib/python3.11/site-packages/airflow/example_dags/example_nested_branch_dag.py took 0.122 seconds
[2024-04-26T21:27:24.717-0300] {processor.py:161} INFO - Started process (PID=17945) to work on /home/athlon/projects/airflow/.venv/lib/python3.11/site-packages/airflow/example_dags/example_nested_branch_dag.py
[2024-04-26T21:27:24.723-0300] {processor.py:830} INFO - Processing file /home/athlon/projects/airflow/.venv/lib/python3.11/site-packages/airflow/example_dags/example_nested_branch_dag.py for tasks to queue
[2024-04-26T21:27:24.725-0300] {logging_mixin.py:188} INFO - [2024-04-26T21:27:24.725-0300] {dagbag.py:540} INFO - Filling up the DagBag from /home/athlon/projects/airflow/.venv/lib/python3.11/site-packages/airflow/example_dags/example_nested_branch_dag.py
[2024-04-26T21:27:24.743-0300] {processor.py:840} INFO - DAG(s) 'example_nested_branch_dag' retrieved from /home/athlon/projects/airflow/.venv/lib/python3.11/site-packages/airflow/example_dags/example_nested_branch_dag.py
[2024-04-26T21:27:24.768-0300] {logging_mixin.py:188} INFO - [2024-04-26T21:27:24.768-0300] {dag.py:3096} INFO - Sync 1 DAGs
[2024-04-26T21:27:24.797-0300] {logging_mixin.py:188} INFO - [2024-04-26T21:27:24.796-0300] {dag.py:3954} INFO - Setting next_dagrun for example_nested_branch_dag to 2024-04-26 00:00:00+00:00, run_after=2024-04-27 00:00:00+00:00
[2024-04-26T21:27:24.825-0300] {processor.py:183} INFO - Processing /home/athlon/projects/airflow/.venv/lib/python3.11/site-packages/airflow/example_dags/example_nested_branch_dag.py took 0.118 seconds
[2024-04-26T21:28:25.197-0300] {processor.py:161} INFO - Started process (PID=18037) to work on /home/athlon/projects/airflow/.venv/lib/python3.11/site-packages/airflow/example_dags/example_nested_branch_dag.py
[2024-04-26T21:28:25.203-0300] {processor.py:830} INFO - Processing file /home/athlon/projects/airflow/.venv/lib/python3.11/site-packages/airflow/example_dags/example_nested_branch_dag.py for tasks to queue
[2024-04-26T21:28:25.206-0300] {logging_mixin.py:188} INFO - [2024-04-26T21:28:25.205-0300] {dagbag.py:540} INFO - Filling up the DagBag from /home/athlon/projects/airflow/.venv/lib/python3.11/site-packages/airflow/example_dags/example_nested_branch_dag.py
[2024-04-26T21:28:25.224-0300] {processor.py:840} INFO - DAG(s) 'example_nested_branch_dag' retrieved from /home/athlon/projects/airflow/.venv/lib/python3.11/site-packages/airflow/example_dags/example_nested_branch_dag.py
[2024-04-26T21:28:25.250-0300] {logging_mixin.py:188} INFO - [2024-04-26T21:28:25.249-0300] {dag.py:3096} INFO - Sync 1 DAGs
[2024-04-26T21:28:25.279-0300] {logging_mixin.py:188} INFO - [2024-04-26T21:28:25.278-0300] {dag.py:3954} INFO - Setting next_dagrun for example_nested_branch_dag to 2024-04-26 00:00:00+00:00, run_after=2024-04-27 00:00:00+00:00
[2024-04-26T21:28:25.307-0300] {processor.py:183} INFO - Processing /home/athlon/projects/airflow/.venv/lib/python3.11/site-packages/airflow/example_dags/example_nested_branch_dag.py took 0.121 seconds
[2024-04-26T21:29:24.034-0300] {processor.py:161} INFO - Started process (PID=18611) to work on /home/athlon/projects/airflow/.venv/lib/python3.11/site-packages/airflow/example_dags/example_nested_branch_dag.py
[2024-04-26T21:29:24.039-0300] {processor.py:830} INFO - Processing file /home/athlon/projects/airflow/.venv/lib/python3.11/site-packages/airflow/example_dags/example_nested_branch_dag.py for tasks to queue
[2024-04-26T21:29:24.042-0300] {logging_mixin.py:188} INFO - [2024-04-26T21:29:24.041-0300] {dagbag.py:540} INFO - Filling up the DagBag from /home/athlon/projects/airflow/.venv/lib/python3.11/site-packages/airflow/example_dags/example_nested_branch_dag.py
[2024-04-26T21:29:24.061-0300] {processor.py:840} INFO - DAG(s) 'example_nested_branch_dag' retrieved from /home/athlon/projects/airflow/.venv/lib/python3.11/site-packages/airflow/example_dags/example_nested_branch_dag.py
[2024-04-26T21:29:24.086-0300] {logging_mixin.py:188} INFO - [2024-04-26T21:29:24.086-0300] {dag.py:3096} INFO - Sync 1 DAGs
[2024-04-26T21:29:24.115-0300] {logging_mixin.py:188} INFO - [2024-04-26T21:29:24.115-0300] {dag.py:3954} INFO - Setting next_dagrun for example_nested_branch_dag to 2024-04-26 00:00:00+00:00, run_after=2024-04-27 00:00:00+00:00
[2024-04-26T21:29:24.144-0300] {processor.py:183} INFO - Processing /home/athlon/projects/airflow/.venv/lib/python3.11/site-packages/airflow/example_dags/example_nested_branch_dag.py took 0.121 seconds
[2024-04-26T21:30:31.003-0300] {processor.py:161} INFO - Started process (PID=18732) to work on /home/athlon/projects/airflow/.venv/lib/python3.11/site-packages/airflow/example_dags/example_nested_branch_dag.py
[2024-04-26T21:30:31.009-0300] {processor.py:830} INFO - Processing file /home/athlon/projects/airflow/.venv/lib/python3.11/site-packages/airflow/example_dags/example_nested_branch_dag.py for tasks to queue
[2024-04-26T21:30:31.012-0300] {logging_mixin.py:188} INFO - [2024-04-26T21:30:31.011-0300] {dagbag.py:540} INFO - Filling up the DagBag from /home/athlon/projects/airflow/.venv/lib/python3.11/site-packages/airflow/example_dags/example_nested_branch_dag.py
[2024-04-26T21:30:31.186-0300] {processor.py:840} INFO - DAG(s) 'example_nested_branch_dag' retrieved from /home/athlon/projects/airflow/.venv/lib/python3.11/site-packages/airflow/example_dags/example_nested_branch_dag.py
[2024-04-26T21:30:31.204-0300] {logging_mixin.py:188} INFO - [2024-04-26T21:30:31.203-0300] {dag.py:3096} INFO - Sync 1 DAGs
[2024-04-26T21:30:31.228-0300] {logging_mixin.py:188} INFO - [2024-04-26T21:30:31.228-0300] {dag.py:3954} INFO - Setting next_dagrun for example_nested_branch_dag to 2024-04-26 00:00:00+00:00, run_after=2024-04-27 00:00:00+00:00
[2024-04-26T21:30:31.261-0300] {processor.py:183} INFO - Processing /home/athlon/projects/airflow/.venv/lib/python3.11/site-packages/airflow/example_dags/example_nested_branch_dag.py took 0.269 seconds
[2024-04-26T21:31:32.510-0300] {processor.py:161} INFO - Started process (PID=18809) to work on /home/athlon/projects/airflow/.venv/lib/python3.11/site-packages/airflow/example_dags/example_nested_branch_dag.py
[2024-04-26T21:31:32.515-0300] {processor.py:830} INFO - Processing file /home/athlon/projects/airflow/.venv/lib/python3.11/site-packages/airflow/example_dags/example_nested_branch_dag.py for tasks to queue
[2024-04-26T21:31:32.518-0300] {logging_mixin.py:188} INFO - [2024-04-26T21:31:32.518-0300] {dagbag.py:540} INFO - Filling up the DagBag from /home/athlon/projects/airflow/.venv/lib/python3.11/site-packages/airflow/example_dags/example_nested_branch_dag.py
[2024-04-26T21:31:32.537-0300] {processor.py:840} INFO - DAG(s) 'example_nested_branch_dag' retrieved from /home/athlon/projects/airflow/.venv/lib/python3.11/site-packages/airflow/example_dags/example_nested_branch_dag.py
[2024-04-26T21:31:32.562-0300] {logging_mixin.py:188} INFO - [2024-04-26T21:31:32.562-0300] {dag.py:3096} INFO - Sync 1 DAGs
[2024-04-26T21:31:32.592-0300] {logging_mixin.py:188} INFO - [2024-04-26T21:31:32.591-0300] {dag.py:3954} INFO - Setting next_dagrun for example_nested_branch_dag to 2024-04-26 00:00:00+00:00, run_after=2024-04-27 00:00:00+00:00
[2024-04-26T21:31:32.620-0300] {processor.py:183} INFO - Processing /home/athlon/projects/airflow/.venv/lib/python3.11/site-packages/airflow/example_dags/example_nested_branch_dag.py took 0.122 seconds
[2024-04-26T21:32:31.544-0300] {processor.py:161} INFO - Started process (PID=18864) to work on /home/athlon/projects/airflow/.venv/lib/python3.11/site-packages/airflow/example_dags/example_nested_branch_dag.py
[2024-04-26T21:32:31.550-0300] {processor.py:830} INFO - Processing file /home/athlon/projects/airflow/.venv/lib/python3.11/site-packages/airflow/example_dags/example_nested_branch_dag.py for tasks to queue
[2024-04-26T21:32:31.553-0300] {logging_mixin.py:188} INFO - [2024-04-26T21:32:31.552-0300] {dagbag.py:540} INFO - Filling up the DagBag from /home/athlon/projects/airflow/.venv/lib/python3.11/site-packages/airflow/example_dags/example_nested_branch_dag.py
[2024-04-26T21:32:31.571-0300] {processor.py:840} INFO - DAG(s) 'example_nested_branch_dag' retrieved from /home/athlon/projects/airflow/.venv/lib/python3.11/site-packages/airflow/example_dags/example_nested_branch_dag.py
[2024-04-26T21:32:31.598-0300] {logging_mixin.py:188} INFO - [2024-04-26T21:32:31.597-0300] {dag.py:3096} INFO - Sync 1 DAGs
[2024-04-26T21:32:31.630-0300] {logging_mixin.py:188} INFO - [2024-04-26T21:32:31.629-0300] {dag.py:3954} INFO - Setting next_dagrun for example_nested_branch_dag to 2024-04-26 00:00:00+00:00, run_after=2024-04-27 00:00:00+00:00
[2024-04-26T21:32:31.659-0300] {processor.py:183} INFO - Processing /home/athlon/projects/airflow/.venv/lib/python3.11/site-packages/airflow/example_dags/example_nested_branch_dag.py took 0.125 seconds
[2024-04-26T21:33:27.751-0300] {processor.py:161} INFO - Started process (PID=18916) to work on /home/athlon/projects/airflow/.venv/lib/python3.11/site-packages/airflow/example_dags/example_nested_branch_dag.py
[2024-04-26T21:33:27.757-0300] {processor.py:830} INFO - Processing file /home/athlon/projects/airflow/.venv/lib/python3.11/site-packages/airflow/example_dags/example_nested_branch_dag.py for tasks to queue
[2024-04-26T21:33:27.759-0300] {logging_mixin.py:188} INFO - [2024-04-26T21:33:27.759-0300] {dagbag.py:540} INFO - Filling up the DagBag from /home/athlon/projects/airflow/.venv/lib/python3.11/site-packages/airflow/example_dags/example_nested_branch_dag.py
[2024-04-26T21:33:27.776-0300] {processor.py:840} INFO - DAG(s) 'example_nested_branch_dag' retrieved from /home/athlon/projects/airflow/.venv/lib/python3.11/site-packages/airflow/example_dags/example_nested_branch_dag.py
[2024-04-26T21:33:27.801-0300] {logging_mixin.py:188} INFO - [2024-04-26T21:33:27.800-0300] {dag.py:3096} INFO - Sync 1 DAGs
[2024-04-26T21:33:27.831-0300] {logging_mixin.py:188} INFO - [2024-04-26T21:33:27.831-0300] {dag.py:3954} INFO - Setting next_dagrun for example_nested_branch_dag to 2024-04-26 00:00:00+00:00, run_after=2024-04-27 00:00:00+00:00
[2024-04-26T21:33:27.860-0300] {processor.py:183} INFO - Processing /home/athlon/projects/airflow/.venv/lib/python3.11/site-packages/airflow/example_dags/example_nested_branch_dag.py took 0.119 seconds
[2024-04-26T21:34:30.885-0300] {processor.py:161} INFO - Started process (PID=19159) to work on /home/athlon/projects/airflow/.venv/lib/python3.11/site-packages/airflow/example_dags/example_nested_branch_dag.py
[2024-04-26T21:34:30.891-0300] {processor.py:830} INFO - Processing file /home/athlon/projects/airflow/.venv/lib/python3.11/site-packages/airflow/example_dags/example_nested_branch_dag.py for tasks to queue
[2024-04-26T21:34:30.893-0300] {logging_mixin.py:188} INFO - [2024-04-26T21:34:30.893-0300] {dagbag.py:540} INFO - Filling up the DagBag from /home/athlon/projects/airflow/.venv/lib/python3.11/site-packages/airflow/example_dags/example_nested_branch_dag.py
[2024-04-26T21:34:30.911-0300] {processor.py:840} INFO - DAG(s) 'example_nested_branch_dag' retrieved from /home/athlon/projects/airflow/.venv/lib/python3.11/site-packages/airflow/example_dags/example_nested_branch_dag.py
[2024-04-26T21:34:30.939-0300] {logging_mixin.py:188} INFO - [2024-04-26T21:34:30.939-0300] {dag.py:3096} INFO - Sync 1 DAGs
[2024-04-26T21:34:30.970-0300] {logging_mixin.py:188} INFO - [2024-04-26T21:34:30.970-0300] {dag.py:3954} INFO - Setting next_dagrun for example_nested_branch_dag to 2024-04-26 00:00:00+00:00, run_after=2024-04-27 00:00:00+00:00
[2024-04-26T21:34:31.000-0300] {processor.py:183} INFO - Processing /home/athlon/projects/airflow/.venv/lib/python3.11/site-packages/airflow/example_dags/example_nested_branch_dag.py took 0.126 seconds
[2024-04-26T21:35:43.086-0300] {processor.py:161} INFO - Started process (PID=19232) to work on /home/athlon/projects/airflow/.venv/lib/python3.11/site-packages/airflow/example_dags/example_nested_branch_dag.py
[2024-04-26T21:35:43.092-0300] {processor.py:830} INFO - Processing file /home/athlon/projects/airflow/.venv/lib/python3.11/site-packages/airflow/example_dags/example_nested_branch_dag.py for tasks to queue
[2024-04-26T21:35:43.094-0300] {logging_mixin.py:188} INFO - [2024-04-26T21:35:43.094-0300] {dagbag.py:540} INFO - Filling up the DagBag from /home/athlon/projects/airflow/.venv/lib/python3.11/site-packages/airflow/example_dags/example_nested_branch_dag.py
[2024-04-26T21:35:43.113-0300] {processor.py:840} INFO - DAG(s) 'example_nested_branch_dag' retrieved from /home/athlon/projects/airflow/.venv/lib/python3.11/site-packages/airflow/example_dags/example_nested_branch_dag.py
[2024-04-26T21:35:43.139-0300] {logging_mixin.py:188} INFO - [2024-04-26T21:35:43.138-0300] {dag.py:3096} INFO - Sync 1 DAGs
[2024-04-26T21:35:43.169-0300] {logging_mixin.py:188} INFO - [2024-04-26T21:35:43.168-0300] {dag.py:3954} INFO - Setting next_dagrun for example_nested_branch_dag to 2024-04-26 00:00:00+00:00, run_after=2024-04-27 00:00:00+00:00
[2024-04-26T21:35:43.200-0300] {processor.py:183} INFO - Processing /home/athlon/projects/airflow/.venv/lib/python3.11/site-packages/airflow/example_dags/example_nested_branch_dag.py took 0.124 seconds
[2024-04-26T21:36:41.801-0300] {processor.py:161} INFO - Started process (PID=19298) to work on /home/athlon/projects/airflow/.venv/lib/python3.11/site-packages/airflow/example_dags/example_nested_branch_dag.py
[2024-04-26T21:36:41.806-0300] {processor.py:830} INFO - Processing file /home/athlon/projects/airflow/.venv/lib/python3.11/site-packages/airflow/example_dags/example_nested_branch_dag.py for tasks to queue
[2024-04-26T21:36:41.809-0300] {logging_mixin.py:188} INFO - [2024-04-26T21:36:41.808-0300] {dagbag.py:540} INFO - Filling up the DagBag from /home/athlon/projects/airflow/.venv/lib/python3.11/site-packages/airflow/example_dags/example_nested_branch_dag.py
[2024-04-26T21:36:41.827-0300] {processor.py:840} INFO - DAG(s) 'example_nested_branch_dag' retrieved from /home/athlon/projects/airflow/.venv/lib/python3.11/site-packages/airflow/example_dags/example_nested_branch_dag.py
[2024-04-26T21:36:41.853-0300] {logging_mixin.py:188} INFO - [2024-04-26T21:36:41.852-0300] {dag.py:3096} INFO - Sync 1 DAGs
[2024-04-26T21:36:41.882-0300] {logging_mixin.py:188} INFO - [2024-04-26T21:36:41.882-0300] {dag.py:3954} INFO - Setting next_dagrun for example_nested_branch_dag to 2024-04-26 00:00:00+00:00, run_after=2024-04-27 00:00:00+00:00
[2024-04-26T21:36:41.912-0300] {processor.py:183} INFO - Processing /home/athlon/projects/airflow/.venv/lib/python3.11/site-packages/airflow/example_dags/example_nested_branch_dag.py took 0.122 seconds
[2024-04-26T21:37:41.573-0300] {processor.py:161} INFO - Started process (PID=19364) to work on /home/athlon/projects/airflow/.venv/lib/python3.11/site-packages/airflow/example_dags/example_nested_branch_dag.py
[2024-04-26T21:37:41.578-0300] {processor.py:830} INFO - Processing file /home/athlon/projects/airflow/.venv/lib/python3.11/site-packages/airflow/example_dags/example_nested_branch_dag.py for tasks to queue
[2024-04-26T21:37:41.581-0300] {logging_mixin.py:188} INFO - [2024-04-26T21:37:41.580-0300] {dagbag.py:540} INFO - Filling up the DagBag from /home/athlon/projects/airflow/.venv/lib/python3.11/site-packages/airflow/example_dags/example_nested_branch_dag.py
[2024-04-26T21:37:41.600-0300] {processor.py:840} INFO - DAG(s) 'example_nested_branch_dag' retrieved from /home/athlon/projects/airflow/.venv/lib/python3.11/site-packages/airflow/example_dags/example_nested_branch_dag.py
[2024-04-26T21:37:41.625-0300] {logging_mixin.py:188} INFO - [2024-04-26T21:37:41.625-0300] {dag.py:3096} INFO - Sync 1 DAGs
[2024-04-26T21:37:41.655-0300] {logging_mixin.py:188} INFO - [2024-04-26T21:37:41.655-0300] {dag.py:3954} INFO - Setting next_dagrun for example_nested_branch_dag to 2024-04-26 00:00:00+00:00, run_after=2024-04-27 00:00:00+00:00
[2024-04-26T21:37:41.685-0300] {processor.py:183} INFO - Processing /home/athlon/projects/airflow/.venv/lib/python3.11/site-packages/airflow/example_dags/example_nested_branch_dag.py took 0.122 seconds
[2024-04-26T21:38:39.451-0300] {processor.py:161} INFO - Started process (PID=19429) to work on /home/athlon/projects/airflow/.venv/lib/python3.11/site-packages/airflow/example_dags/example_nested_branch_dag.py
[2024-04-26T21:38:39.457-0300] {processor.py:830} INFO - Processing file /home/athlon/projects/airflow/.venv/lib/python3.11/site-packages/airflow/example_dags/example_nested_branch_dag.py for tasks to queue
[2024-04-26T21:38:39.460-0300] {logging_mixin.py:188} INFO - [2024-04-26T21:38:39.459-0300] {dagbag.py:540} INFO - Filling up the DagBag from /home/athlon/projects/airflow/.venv/lib/python3.11/site-packages/airflow/example_dags/example_nested_branch_dag.py
[2024-04-26T21:38:39.478-0300] {processor.py:840} INFO - DAG(s) 'example_nested_branch_dag' retrieved from /home/athlon/projects/airflow/.venv/lib/python3.11/site-packages/airflow/example_dags/example_nested_branch_dag.py
[2024-04-26T21:38:39.503-0300] {logging_mixin.py:188} INFO - [2024-04-26T21:38:39.503-0300] {dag.py:3096} INFO - Sync 1 DAGs
[2024-04-26T21:38:39.533-0300] {logging_mixin.py:188} INFO - [2024-04-26T21:38:39.533-0300] {dag.py:3954} INFO - Setting next_dagrun for example_nested_branch_dag to 2024-04-26 00:00:00+00:00, run_after=2024-04-27 00:00:00+00:00
[2024-04-26T21:38:39.562-0300] {processor.py:183} INFO - Processing /home/athlon/projects/airflow/.venv/lib/python3.11/site-packages/airflow/example_dags/example_nested_branch_dag.py took 0.121 seconds
[2024-04-26T21:39:39.924-0300] {processor.py:161} INFO - Started process (PID=19529) to work on /home/athlon/projects/airflow/.venv/lib/python3.11/site-packages/airflow/example_dags/example_nested_branch_dag.py
[2024-04-26T21:39:39.926-0300] {processor.py:830} INFO - Processing file /home/athlon/projects/airflow/.venv/lib/python3.11/site-packages/airflow/example_dags/example_nested_branch_dag.py for tasks to queue
[2024-04-26T21:39:39.929-0300] {logging_mixin.py:188} INFO - [2024-04-26T21:39:39.928-0300] {dagbag.py:540} INFO - Filling up the DagBag from /home/athlon/projects/airflow/.venv/lib/python3.11/site-packages/airflow/example_dags/example_nested_branch_dag.py
[2024-04-26T21:39:39.954-0300] {processor.py:840} INFO - DAG(s) 'example_nested_branch_dag' retrieved from /home/athlon/projects/airflow/.venv/lib/python3.11/site-packages/airflow/example_dags/example_nested_branch_dag.py
[2024-04-26T21:39:39.994-0300] {logging_mixin.py:188} INFO - [2024-04-26T21:39:39.993-0300] {dag.py:3096} INFO - Sync 1 DAGs
[2024-04-26T21:39:40.044-0300] {logging_mixin.py:188} INFO - [2024-04-26T21:39:40.043-0300] {dag.py:3954} INFO - Setting next_dagrun for example_nested_branch_dag to 2024-04-26 00:00:00+00:00, run_after=2024-04-27 00:00:00+00:00
[2024-04-26T21:39:40.093-0300] {processor.py:183} INFO - Processing /home/athlon/projects/airflow/.venv/lib/python3.11/site-packages/airflow/example_dags/example_nested_branch_dag.py took 0.182 seconds
[2024-04-26T21:40:40.420-0300] {processor.py:161} INFO - Started process (PID=19702) to work on /home/athlon/projects/airflow/.venv/lib/python3.11/site-packages/airflow/example_dags/example_nested_branch_dag.py
[2024-04-26T21:40:40.422-0300] {processor.py:830} INFO - Processing file /home/athlon/projects/airflow/.venv/lib/python3.11/site-packages/airflow/example_dags/example_nested_branch_dag.py for tasks to queue
[2024-04-26T21:40:40.430-0300] {logging_mixin.py:188} INFO - [2024-04-26T21:40:40.427-0300] {dagbag.py:540} INFO - Filling up the DagBag from /home/athlon/projects/airflow/.venv/lib/python3.11/site-packages/airflow/example_dags/example_nested_branch_dag.py
[2024-04-26T21:40:40.475-0300] {processor.py:840} INFO - DAG(s) 'example_nested_branch_dag' retrieved from /home/athlon/projects/airflow/.venv/lib/python3.11/site-packages/airflow/example_dags/example_nested_branch_dag.py
[2024-04-26T21:40:40.540-0300] {logging_mixin.py:188} INFO - [2024-04-26T21:40:40.539-0300] {dag.py:3096} INFO - Sync 1 DAGs
[2024-04-26T21:40:40.643-0300] {logging_mixin.py:188} INFO - [2024-04-26T21:40:40.643-0300] {dag.py:3954} INFO - Setting next_dagrun for example_nested_branch_dag to 2024-04-26 00:00:00+00:00, run_after=2024-04-27 00:00:00+00:00
[2024-04-26T21:40:40.721-0300] {processor.py:183} INFO - Processing /home/athlon/projects/airflow/.venv/lib/python3.11/site-packages/airflow/example_dags/example_nested_branch_dag.py took 0.326 seconds
[2024-04-26T21:41:37.534-0300] {processor.py:161} INFO - Started process (PID=19767) to work on /home/athlon/projects/airflow/.venv/lib/python3.11/site-packages/airflow/example_dags/example_nested_branch_dag.py
[2024-04-26T21:41:37.540-0300] {processor.py:830} INFO - Processing file /home/athlon/projects/airflow/.venv/lib/python3.11/site-packages/airflow/example_dags/example_nested_branch_dag.py for tasks to queue
[2024-04-26T21:41:37.543-0300] {logging_mixin.py:188} INFO - [2024-04-26T21:41:37.542-0300] {dagbag.py:540} INFO - Filling up the DagBag from /home/athlon/projects/airflow/.venv/lib/python3.11/site-packages/airflow/example_dags/example_nested_branch_dag.py
[2024-04-26T21:41:37.561-0300] {processor.py:840} INFO - DAG(s) 'example_nested_branch_dag' retrieved from /home/athlon/projects/airflow/.venv/lib/python3.11/site-packages/airflow/example_dags/example_nested_branch_dag.py
[2024-04-26T21:41:37.591-0300] {logging_mixin.py:188} INFO - [2024-04-26T21:41:37.590-0300] {dag.py:3096} INFO - Sync 1 DAGs
[2024-04-26T21:41:37.622-0300] {logging_mixin.py:188} INFO - [2024-04-26T21:41:37.621-0300] {dag.py:3954} INFO - Setting next_dagrun for example_nested_branch_dag to 2024-04-26 00:00:00+00:00, run_after=2024-04-27 00:00:00+00:00
[2024-04-26T21:41:37.652-0300] {processor.py:183} INFO - Processing /home/athlon/projects/airflow/.venv/lib/python3.11/site-packages/airflow/example_dags/example_nested_branch_dag.py took 0.128 seconds
[2024-04-26T21:42:34.850-0300] {processor.py:161} INFO - Started process (PID=19841) to work on /home/athlon/projects/airflow/.venv/lib/python3.11/site-packages/airflow/example_dags/example_nested_branch_dag.py
[2024-04-26T21:42:34.856-0300] {processor.py:830} INFO - Processing file /home/athlon/projects/airflow/.venv/lib/python3.11/site-packages/airflow/example_dags/example_nested_branch_dag.py for tasks to queue
[2024-04-26T21:42:34.859-0300] {logging_mixin.py:188} INFO - [2024-04-26T21:42:34.858-0300] {dagbag.py:540} INFO - Filling up the DagBag from /home/athlon/projects/airflow/.venv/lib/python3.11/site-packages/airflow/example_dags/example_nested_branch_dag.py
[2024-04-26T21:42:34.878-0300] {processor.py:840} INFO - DAG(s) 'example_nested_branch_dag' retrieved from /home/athlon/projects/airflow/.venv/lib/python3.11/site-packages/airflow/example_dags/example_nested_branch_dag.py
[2024-04-26T21:42:34.903-0300] {logging_mixin.py:188} INFO - [2024-04-26T21:42:34.903-0300] {dag.py:3096} INFO - Sync 1 DAGs
[2024-04-26T21:42:34.935-0300] {logging_mixin.py:188} INFO - [2024-04-26T21:42:34.934-0300] {dag.py:3954} INFO - Setting next_dagrun for example_nested_branch_dag to 2024-04-26 00:00:00+00:00, run_after=2024-04-27 00:00:00+00:00
[2024-04-26T21:42:34.965-0300] {processor.py:183} INFO - Processing /home/athlon/projects/airflow/.venv/lib/python3.11/site-packages/airflow/example_dags/example_nested_branch_dag.py took 0.125 seconds
[2024-04-26T21:43:36.376-0300] {processor.py:161} INFO - Started process (PID=19907) to work on /home/athlon/projects/airflow/.venv/lib/python3.11/site-packages/airflow/example_dags/example_nested_branch_dag.py
[2024-04-26T21:43:36.382-0300] {processor.py:830} INFO - Processing file /home/athlon/projects/airflow/.venv/lib/python3.11/site-packages/airflow/example_dags/example_nested_branch_dag.py for tasks to queue
[2024-04-26T21:43:36.384-0300] {logging_mixin.py:188} INFO - [2024-04-26T21:43:36.384-0300] {dagbag.py:540} INFO - Filling up the DagBag from /home/athlon/projects/airflow/.venv/lib/python3.11/site-packages/airflow/example_dags/example_nested_branch_dag.py
[2024-04-26T21:43:36.403-0300] {processor.py:840} INFO - DAG(s) 'example_nested_branch_dag' retrieved from /home/athlon/projects/airflow/.venv/lib/python3.11/site-packages/airflow/example_dags/example_nested_branch_dag.py
[2024-04-26T21:43:36.429-0300] {logging_mixin.py:188} INFO - [2024-04-26T21:43:36.429-0300] {dag.py:3096} INFO - Sync 1 DAGs
[2024-04-26T21:43:36.460-0300] {logging_mixin.py:188} INFO - [2024-04-26T21:43:36.460-0300] {dag.py:3954} INFO - Setting next_dagrun for example_nested_branch_dag to 2024-04-26 00:00:00+00:00, run_after=2024-04-27 00:00:00+00:00
[2024-04-26T21:43:36.492-0300] {processor.py:183} INFO - Processing /home/athlon/projects/airflow/.venv/lib/python3.11/site-packages/airflow/example_dags/example_nested_branch_dag.py took 0.127 seconds
[2024-04-26T21:44:31.167-0300] {processor.py:161} INFO - Started process (PID=19979) to work on /home/athlon/projects/airflow/.venv/lib/python3.11/site-packages/airflow/example_dags/example_nested_branch_dag.py
[2024-04-26T21:44:31.173-0300] {processor.py:830} INFO - Processing file /home/athlon/projects/airflow/.venv/lib/python3.11/site-packages/airflow/example_dags/example_nested_branch_dag.py for tasks to queue
[2024-04-26T21:44:31.176-0300] {logging_mixin.py:188} INFO - [2024-04-26T21:44:31.175-0300] {dagbag.py:540} INFO - Filling up the DagBag from /home/athlon/projects/airflow/.venv/lib/python3.11/site-packages/airflow/example_dags/example_nested_branch_dag.py
[2024-04-26T21:44:31.194-0300] {processor.py:840} INFO - DAG(s) 'example_nested_branch_dag' retrieved from /home/athlon/projects/airflow/.venv/lib/python3.11/site-packages/airflow/example_dags/example_nested_branch_dag.py
[2024-04-26T21:44:31.220-0300] {logging_mixin.py:188} INFO - [2024-04-26T21:44:31.219-0300] {dag.py:3096} INFO - Sync 1 DAGs
[2024-04-26T21:44:31.250-0300] {logging_mixin.py:188} INFO - [2024-04-26T21:44:31.250-0300] {dag.py:3954} INFO - Setting next_dagrun for example_nested_branch_dag to 2024-04-26 00:00:00+00:00, run_after=2024-04-27 00:00:00+00:00
[2024-04-26T21:44:31.280-0300] {processor.py:183} INFO - Processing /home/athlon/projects/airflow/.venv/lib/python3.11/site-packages/airflow/example_dags/example_nested_branch_dag.py took 0.123 seconds
[2024-04-26T21:45:23.851-0300] {processor.py:161} INFO - Started process (PID=20037) to work on /home/athlon/projects/airflow/.venv/lib/python3.11/site-packages/airflow/example_dags/example_nested_branch_dag.py
[2024-04-26T21:45:23.857-0300] {processor.py:830} INFO - Processing file /home/athlon/projects/airflow/.venv/lib/python3.11/site-packages/airflow/example_dags/example_nested_branch_dag.py for tasks to queue
[2024-04-26T21:45:23.860-0300] {logging_mixin.py:188} INFO - [2024-04-26T21:45:23.859-0300] {dagbag.py:540} INFO - Filling up the DagBag from /home/athlon/projects/airflow/.venv/lib/python3.11/site-packages/airflow/example_dags/example_nested_branch_dag.py
[2024-04-26T21:45:23.879-0300] {processor.py:840} INFO - DAG(s) 'example_nested_branch_dag' retrieved from /home/athlon/projects/airflow/.venv/lib/python3.11/site-packages/airflow/example_dags/example_nested_branch_dag.py
[2024-04-26T21:45:23.904-0300] {logging_mixin.py:188} INFO - [2024-04-26T21:45:23.904-0300] {dag.py:3096} INFO - Sync 1 DAGs
[2024-04-26T21:45:23.936-0300] {logging_mixin.py:188} INFO - [2024-04-26T21:45:23.935-0300] {dag.py:3954} INFO - Setting next_dagrun for example_nested_branch_dag to 2024-04-26 00:00:00+00:00, run_after=2024-04-27 00:00:00+00:00
[2024-04-26T21:45:23.966-0300] {processor.py:183} INFO - Processing /home/athlon/projects/airflow/.venv/lib/python3.11/site-packages/airflow/example_dags/example_nested_branch_dag.py took 0.125 seconds
[2024-04-26T21:46:21.377-0300] {processor.py:161} INFO - Started process (PID=20101) to work on /home/athlon/projects/airflow/.venv/lib/python3.11/site-packages/airflow/example_dags/example_nested_branch_dag.py
[2024-04-26T21:46:21.383-0300] {processor.py:830} INFO - Processing file /home/athlon/projects/airflow/.venv/lib/python3.11/site-packages/airflow/example_dags/example_nested_branch_dag.py for tasks to queue
[2024-04-26T21:46:21.386-0300] {logging_mixin.py:188} INFO - [2024-04-26T21:46:21.385-0300] {dagbag.py:540} INFO - Filling up the DagBag from /home/athlon/projects/airflow/.venv/lib/python3.11/site-packages/airflow/example_dags/example_nested_branch_dag.py
[2024-04-26T21:46:21.405-0300] {processor.py:840} INFO - DAG(s) 'example_nested_branch_dag' retrieved from /home/athlon/projects/airflow/.venv/lib/python3.11/site-packages/airflow/example_dags/example_nested_branch_dag.py
[2024-04-26T21:46:21.431-0300] {logging_mixin.py:188} INFO - [2024-04-26T21:46:21.431-0300] {dag.py:3096} INFO - Sync 1 DAGs
[2024-04-26T21:46:21.462-0300] {logging_mixin.py:188} INFO - [2024-04-26T21:46:21.462-0300] {dag.py:3954} INFO - Setting next_dagrun for example_nested_branch_dag to 2024-04-26 00:00:00+00:00, run_after=2024-04-27 00:00:00+00:00
[2024-04-26T21:46:21.492-0300] {processor.py:183} INFO - Processing /home/athlon/projects/airflow/.venv/lib/python3.11/site-packages/airflow/example_dags/example_nested_branch_dag.py took 0.125 seconds
[2024-04-26T21:47:19.338-0300] {processor.py:161} INFO - Started process (PID=20166) to work on /home/athlon/projects/airflow/.venv/lib/python3.11/site-packages/airflow/example_dags/example_nested_branch_dag.py
[2024-04-26T21:47:19.344-0300] {processor.py:830} INFO - Processing file /home/athlon/projects/airflow/.venv/lib/python3.11/site-packages/airflow/example_dags/example_nested_branch_dag.py for tasks to queue
[2024-04-26T21:47:19.346-0300] {logging_mixin.py:188} INFO - [2024-04-26T21:47:19.346-0300] {dagbag.py:540} INFO - Filling up the DagBag from /home/athlon/projects/airflow/.venv/lib/python3.11/site-packages/airflow/example_dags/example_nested_branch_dag.py
[2024-04-26T21:47:19.365-0300] {processor.py:840} INFO - DAG(s) 'example_nested_branch_dag' retrieved from /home/athlon/projects/airflow/.venv/lib/python3.11/site-packages/airflow/example_dags/example_nested_branch_dag.py
[2024-04-26T21:47:19.391-0300] {logging_mixin.py:188} INFO - [2024-04-26T21:47:19.391-0300] {dag.py:3096} INFO - Sync 1 DAGs
[2024-04-26T21:47:19.422-0300] {logging_mixin.py:188} INFO - [2024-04-26T21:47:19.421-0300] {dag.py:3954} INFO - Setting next_dagrun for example_nested_branch_dag to 2024-04-26 00:00:00+00:00, run_after=2024-04-27 00:00:00+00:00
[2024-04-26T21:47:19.452-0300] {processor.py:183} INFO - Processing /home/athlon/projects/airflow/.venv/lib/python3.11/site-packages/airflow/example_dags/example_nested_branch_dag.py took 0.124 seconds
[2024-04-26T21:48:15.659-0300] {processor.py:161} INFO - Started process (PID=20232) to work on /home/athlon/projects/airflow/.venv/lib/python3.11/site-packages/airflow/example_dags/example_nested_branch_dag.py
[2024-04-26T21:48:15.665-0300] {processor.py:830} INFO - Processing file /home/athlon/projects/airflow/.venv/lib/python3.11/site-packages/airflow/example_dags/example_nested_branch_dag.py for tasks to queue
[2024-04-26T21:48:15.668-0300] {logging_mixin.py:188} INFO - [2024-04-26T21:48:15.667-0300] {dagbag.py:540} INFO - Filling up the DagBag from /home/athlon/projects/airflow/.venv/lib/python3.11/site-packages/airflow/example_dags/example_nested_branch_dag.py
[2024-04-26T21:48:15.687-0300] {processor.py:840} INFO - DAG(s) 'example_nested_branch_dag' retrieved from /home/athlon/projects/airflow/.venv/lib/python3.11/site-packages/airflow/example_dags/example_nested_branch_dag.py
[2024-04-26T21:48:15.716-0300] {logging_mixin.py:188} INFO - [2024-04-26T21:48:15.715-0300] {dag.py:3096} INFO - Sync 1 DAGs
[2024-04-26T21:48:15.747-0300] {logging_mixin.py:188} INFO - [2024-04-26T21:48:15.747-0300] {dag.py:3954} INFO - Setting next_dagrun for example_nested_branch_dag to 2024-04-26 00:00:00+00:00, run_after=2024-04-27 00:00:00+00:00
[2024-04-26T21:48:15.780-0300] {processor.py:183} INFO - Processing /home/athlon/projects/airflow/.venv/lib/python3.11/site-packages/airflow/example_dags/example_nested_branch_dag.py took 0.132 seconds
[2024-04-26T21:49:11.243-0300] {processor.py:161} INFO - Started process (PID=20300) to work on /home/athlon/projects/airflow/.venv/lib/python3.11/site-packages/airflow/example_dags/example_nested_branch_dag.py
[2024-04-26T21:49:11.250-0300] {processor.py:830} INFO - Processing file /home/athlon/projects/airflow/.venv/lib/python3.11/site-packages/airflow/example_dags/example_nested_branch_dag.py for tasks to queue
[2024-04-26T21:49:11.253-0300] {logging_mixin.py:188} INFO - [2024-04-26T21:49:11.252-0300] {dagbag.py:540} INFO - Filling up the DagBag from /home/athlon/projects/airflow/.venv/lib/python3.11/site-packages/airflow/example_dags/example_nested_branch_dag.py
[2024-04-26T21:49:11.285-0300] {processor.py:840} INFO - DAG(s) 'example_nested_branch_dag' retrieved from /home/athlon/projects/airflow/.venv/lib/python3.11/site-packages/airflow/example_dags/example_nested_branch_dag.py
[2024-04-26T21:49:11.322-0300] {logging_mixin.py:188} INFO - [2024-04-26T21:49:11.322-0300] {dag.py:3096} INFO - Sync 1 DAGs
[2024-04-26T21:49:11.370-0300] {logging_mixin.py:188} INFO - [2024-04-26T21:49:11.369-0300] {dag.py:3954} INFO - Setting next_dagrun for example_nested_branch_dag to 2024-04-26 00:00:00+00:00, run_after=2024-04-27 00:00:00+00:00
[2024-04-26T21:49:11.419-0300] {processor.py:183} INFO - Processing /home/athlon/projects/airflow/.venv/lib/python3.11/site-packages/airflow/example_dags/example_nested_branch_dag.py took 0.191 seconds
[2024-04-26T21:50:05.978-0300] {processor.py:161} INFO - Started process (PID=20361) to work on /home/athlon/projects/airflow/.venv/lib/python3.11/site-packages/airflow/example_dags/example_nested_branch_dag.py
[2024-04-26T21:50:05.983-0300] {processor.py:830} INFO - Processing file /home/athlon/projects/airflow/.venv/lib/python3.11/site-packages/airflow/example_dags/example_nested_branch_dag.py for tasks to queue
[2024-04-26T21:50:05.986-0300] {logging_mixin.py:188} INFO - [2024-04-26T21:50:05.985-0300] {dagbag.py:540} INFO - Filling up the DagBag from /home/athlon/projects/airflow/.venv/lib/python3.11/site-packages/airflow/example_dags/example_nested_branch_dag.py
[2024-04-26T21:50:06.004-0300] {processor.py:840} INFO - DAG(s) 'example_nested_branch_dag' retrieved from /home/athlon/projects/airflow/.venv/lib/python3.11/site-packages/airflow/example_dags/example_nested_branch_dag.py
[2024-04-26T21:50:06.029-0300] {logging_mixin.py:188} INFO - [2024-04-26T21:50:06.029-0300] {dag.py:3096} INFO - Sync 1 DAGs
[2024-04-26T21:50:06.063-0300] {logging_mixin.py:188} INFO - [2024-04-26T21:50:06.062-0300] {dag.py:3954} INFO - Setting next_dagrun for example_nested_branch_dag to 2024-04-26 00:00:00+00:00, run_after=2024-04-27 00:00:00+00:00
[2024-04-26T21:50:06.092-0300] {processor.py:183} INFO - Processing /home/athlon/projects/airflow/.venv/lib/python3.11/site-packages/airflow/example_dags/example_nested_branch_dag.py took 0.125 seconds
[2024-04-26T21:51:03.037-0300] {processor.py:161} INFO - Started process (PID=20438) to work on /home/athlon/projects/airflow/.venv/lib/python3.11/site-packages/airflow/example_dags/example_nested_branch_dag.py
[2024-04-26T21:51:03.042-0300] {processor.py:830} INFO - Processing file /home/athlon/projects/airflow/.venv/lib/python3.11/site-packages/airflow/example_dags/example_nested_branch_dag.py for tasks to queue
[2024-04-26T21:51:03.045-0300] {logging_mixin.py:188} INFO - [2024-04-26T21:51:03.044-0300] {dagbag.py:540} INFO - Filling up the DagBag from /home/athlon/projects/airflow/.venv/lib/python3.11/site-packages/airflow/example_dags/example_nested_branch_dag.py
[2024-04-26T21:51:03.063-0300] {processor.py:840} INFO - DAG(s) 'example_nested_branch_dag' retrieved from /home/athlon/projects/airflow/.venv/lib/python3.11/site-packages/airflow/example_dags/example_nested_branch_dag.py
[2024-04-26T21:51:03.089-0300] {logging_mixin.py:188} INFO - [2024-04-26T21:51:03.089-0300] {dag.py:3096} INFO - Sync 1 DAGs
[2024-04-26T21:51:03.119-0300] {logging_mixin.py:188} INFO - [2024-04-26T21:51:03.119-0300] {dag.py:3954} INFO - Setting next_dagrun for example_nested_branch_dag to 2024-04-26 00:00:00+00:00, run_after=2024-04-27 00:00:00+00:00
[2024-04-26T21:51:03.150-0300] {processor.py:183} INFO - Processing /home/athlon/projects/airflow/.venv/lib/python3.11/site-packages/airflow/example_dags/example_nested_branch_dag.py took 0.123 seconds
[2024-04-26T21:51:58.779-0300] {processor.py:161} INFO - Started process (PID=20501) to work on /home/athlon/projects/airflow/.venv/lib/python3.11/site-packages/airflow/example_dags/example_nested_branch_dag.py
[2024-04-26T21:51:58.785-0300] {processor.py:830} INFO - Processing file /home/athlon/projects/airflow/.venv/lib/python3.11/site-packages/airflow/example_dags/example_nested_branch_dag.py for tasks to queue
[2024-04-26T21:51:58.788-0300] {logging_mixin.py:188} INFO - [2024-04-26T21:51:58.787-0300] {dagbag.py:540} INFO - Filling up the DagBag from /home/athlon/projects/airflow/.venv/lib/python3.11/site-packages/airflow/example_dags/example_nested_branch_dag.py
[2024-04-26T21:51:58.807-0300] {processor.py:840} INFO - DAG(s) 'example_nested_branch_dag' retrieved from /home/athlon/projects/airflow/.venv/lib/python3.11/site-packages/airflow/example_dags/example_nested_branch_dag.py
[2024-04-26T21:51:58.833-0300] {logging_mixin.py:188} INFO - [2024-04-26T21:51:58.833-0300] {dag.py:3096} INFO - Sync 1 DAGs
[2024-04-26T21:51:58.865-0300] {logging_mixin.py:188} INFO - [2024-04-26T21:51:58.865-0300] {dag.py:3954} INFO - Setting next_dagrun for example_nested_branch_dag to 2024-04-26 00:00:00+00:00, run_after=2024-04-27 00:00:00+00:00
[2024-04-26T21:51:58.895-0300] {processor.py:183} INFO - Processing /home/athlon/projects/airflow/.venv/lib/python3.11/site-packages/airflow/example_dags/example_nested_branch_dag.py took 0.126 seconds
[2024-04-26T21:52:56.008-0300] {processor.py:161} INFO - Started process (PID=20675) to work on /home/athlon/projects/airflow/.venv/lib/python3.11/site-packages/airflow/example_dags/example_nested_branch_dag.py
[2024-04-26T21:52:56.010-0300] {processor.py:830} INFO - Processing file /home/athlon/projects/airflow/.venv/lib/python3.11/site-packages/airflow/example_dags/example_nested_branch_dag.py for tasks to queue
[2024-04-26T21:52:56.012-0300] {logging_mixin.py:188} INFO - [2024-04-26T21:52:56.012-0300] {dagbag.py:540} INFO - Filling up the DagBag from /home/athlon/projects/airflow/.venv/lib/python3.11/site-packages/airflow/example_dags/example_nested_branch_dag.py
[2024-04-26T21:52:56.031-0300] {processor.py:840} INFO - DAG(s) 'example_nested_branch_dag' retrieved from /home/athlon/projects/airflow/.venv/lib/python3.11/site-packages/airflow/example_dags/example_nested_branch_dag.py
[2024-04-26T21:52:56.057-0300] {logging_mixin.py:188} INFO - [2024-04-26T21:52:56.056-0300] {dag.py:3096} INFO - Sync 1 DAGs
[2024-04-26T21:52:56.093-0300] {logging_mixin.py:188} INFO - [2024-04-26T21:52:56.093-0300] {dag.py:3954} INFO - Setting next_dagrun for example_nested_branch_dag to 2024-04-26 00:00:00+00:00, run_after=2024-04-27 00:00:00+00:00
[2024-04-26T21:52:56.134-0300] {processor.py:183} INFO - Processing /home/athlon/projects/airflow/.venv/lib/python3.11/site-packages/airflow/example_dags/example_nested_branch_dag.py took 0.136 seconds
[2024-04-26T21:53:53.902-0300] {processor.py:161} INFO - Started process (PID=20738) to work on /home/athlon/projects/airflow/.venv/lib/python3.11/site-packages/airflow/example_dags/example_nested_branch_dag.py
[2024-04-26T21:53:53.908-0300] {processor.py:830} INFO - Processing file /home/athlon/projects/airflow/.venv/lib/python3.11/site-packages/airflow/example_dags/example_nested_branch_dag.py for tasks to queue
[2024-04-26T21:53:53.911-0300] {logging_mixin.py:188} INFO - [2024-04-26T21:53:53.910-0300] {dagbag.py:540} INFO - Filling up the DagBag from /home/athlon/projects/airflow/.venv/lib/python3.11/site-packages/airflow/example_dags/example_nested_branch_dag.py
[2024-04-26T21:53:53.935-0300] {processor.py:840} INFO - DAG(s) 'example_nested_branch_dag' retrieved from /home/athlon/projects/airflow/.venv/lib/python3.11/site-packages/airflow/example_dags/example_nested_branch_dag.py
[2024-04-26T21:53:53.965-0300] {logging_mixin.py:188} INFO - [2024-04-26T21:53:53.964-0300] {dag.py:3096} INFO - Sync 1 DAGs
[2024-04-26T21:53:54.002-0300] {logging_mixin.py:188} INFO - [2024-04-26T21:53:54.001-0300] {dag.py:3954} INFO - Setting next_dagrun for example_nested_branch_dag to 2024-04-26 00:00:00+00:00, run_after=2024-04-27 00:00:00+00:00
[2024-04-26T21:53:54.033-0300] {processor.py:183} INFO - Processing /home/athlon/projects/airflow/.venv/lib/python3.11/site-packages/airflow/example_dags/example_nested_branch_dag.py took 0.143 seconds
[2024-04-26T21:55:03.941-0300] {processor.py:161} INFO - Started process (PID=21263) to work on /home/athlon/projects/airflow/.venv/lib/python3.11/site-packages/airflow/example_dags/example_nested_branch_dag.py
[2024-04-26T21:55:03.947-0300] {processor.py:830} INFO - Processing file /home/athlon/projects/airflow/.venv/lib/python3.11/site-packages/airflow/example_dags/example_nested_branch_dag.py for tasks to queue
[2024-04-26T21:55:03.952-0300] {logging_mixin.py:188} INFO - [2024-04-26T21:55:03.951-0300] {dagbag.py:540} INFO - Filling up the DagBag from /home/athlon/projects/airflow/.venv/lib/python3.11/site-packages/airflow/example_dags/example_nested_branch_dag.py
[2024-04-26T21:55:03.976-0300] {processor.py:840} INFO - DAG(s) 'example_nested_branch_dag' retrieved from /home/athlon/projects/airflow/.venv/lib/python3.11/site-packages/airflow/example_dags/example_nested_branch_dag.py
[2024-04-26T21:55:04.018-0300] {logging_mixin.py:188} INFO - [2024-04-26T21:55:04.018-0300] {dag.py:3096} INFO - Sync 1 DAGs
[2024-04-26T21:55:04.076-0300] {logging_mixin.py:188} INFO - [2024-04-26T21:55:04.076-0300] {dag.py:3954} INFO - Setting next_dagrun for example_nested_branch_dag to 2024-04-26 00:00:00+00:00, run_after=2024-04-27 00:00:00+00:00
[2024-04-26T21:55:04.132-0300] {processor.py:183} INFO - Processing /home/athlon/projects/airflow/.venv/lib/python3.11/site-packages/airflow/example_dags/example_nested_branch_dag.py took 0.204 seconds
[2024-04-26T21:56:17.656-0300] {processor.py:161} INFO - Started process (PID=21592) to work on /home/athlon/projects/airflow/.venv/lib/python3.11/site-packages/airflow/example_dags/example_nested_branch_dag.py
[2024-04-26T21:56:17.662-0300] {processor.py:830} INFO - Processing file /home/athlon/projects/airflow/.venv/lib/python3.11/site-packages/airflow/example_dags/example_nested_branch_dag.py for tasks to queue
[2024-04-26T21:56:17.665-0300] {logging_mixin.py:188} INFO - [2024-04-26T21:56:17.664-0300] {dagbag.py:540} INFO - Filling up the DagBag from /home/athlon/projects/airflow/.venv/lib/python3.11/site-packages/airflow/example_dags/example_nested_branch_dag.py
[2024-04-26T21:56:17.686-0300] {processor.py:840} INFO - DAG(s) 'example_nested_branch_dag' retrieved from /home/athlon/projects/airflow/.venv/lib/python3.11/site-packages/airflow/example_dags/example_nested_branch_dag.py
[2024-04-26T21:56:17.711-0300] {logging_mixin.py:188} INFO - [2024-04-26T21:56:17.711-0300] {dag.py:3096} INFO - Sync 1 DAGs
[2024-04-26T21:56:17.742-0300] {logging_mixin.py:188} INFO - [2024-04-26T21:56:17.742-0300] {dag.py:3954} INFO - Setting next_dagrun for example_nested_branch_dag to 2024-04-26 00:00:00+00:00, run_after=2024-04-27 00:00:00+00:00
[2024-04-26T21:56:17.772-0300] {processor.py:183} INFO - Processing /home/athlon/projects/airflow/.venv/lib/python3.11/site-packages/airflow/example_dags/example_nested_branch_dag.py took 0.128 seconds
[2024-04-26T21:57:17.664-0300] {processor.py:161} INFO - Started process (PID=21839) to work on /home/athlon/projects/airflow/.venv/lib/python3.11/site-packages/airflow/example_dags/example_nested_branch_dag.py
[2024-04-26T21:57:17.665-0300] {processor.py:830} INFO - Processing file /home/athlon/projects/airflow/.venv/lib/python3.11/site-packages/airflow/example_dags/example_nested_branch_dag.py for tasks to queue
[2024-04-26T21:57:17.668-0300] {logging_mixin.py:188} INFO - [2024-04-26T21:57:17.667-0300] {dagbag.py:540} INFO - Filling up the DagBag from /home/athlon/projects/airflow/.venv/lib/python3.11/site-packages/airflow/example_dags/example_nested_branch_dag.py
[2024-04-26T21:57:17.686-0300] {processor.py:840} INFO - DAG(s) 'example_nested_branch_dag' retrieved from /home/athlon/projects/airflow/.venv/lib/python3.11/site-packages/airflow/example_dags/example_nested_branch_dag.py
[2024-04-26T21:57:17.712-0300] {logging_mixin.py:188} INFO - [2024-04-26T21:57:17.712-0300] {dag.py:3096} INFO - Sync 1 DAGs
[2024-04-26T21:57:17.749-0300] {logging_mixin.py:188} INFO - [2024-04-26T21:57:17.748-0300] {dag.py:3954} INFO - Setting next_dagrun for example_nested_branch_dag to 2024-04-26 00:00:00+00:00, run_after=2024-04-27 00:00:00+00:00
[2024-04-26T21:57:17.782-0300] {processor.py:183} INFO - Processing /home/athlon/projects/airflow/.venv/lib/python3.11/site-packages/airflow/example_dags/example_nested_branch_dag.py took 0.127 seconds
[2024-04-26T21:58:17.398-0300] {processor.py:161} INFO - Started process (PID=21979) to work on /home/athlon/projects/airflow/.venv/lib/python3.11/site-packages/airflow/example_dags/example_nested_branch_dag.py
[2024-04-26T21:58:17.403-0300] {processor.py:830} INFO - Processing file /home/athlon/projects/airflow/.venv/lib/python3.11/site-packages/airflow/example_dags/example_nested_branch_dag.py for tasks to queue
[2024-04-26T21:58:17.406-0300] {logging_mixin.py:188} INFO - [2024-04-26T21:58:17.405-0300] {dagbag.py:540} INFO - Filling up the DagBag from /home/athlon/projects/airflow/.venv/lib/python3.11/site-packages/airflow/example_dags/example_nested_branch_dag.py
[2024-04-26T21:58:17.425-0300] {processor.py:840} INFO - DAG(s) 'example_nested_branch_dag' retrieved from /home/athlon/projects/airflow/.venv/lib/python3.11/site-packages/airflow/example_dags/example_nested_branch_dag.py
[2024-04-26T21:58:17.451-0300] {logging_mixin.py:188} INFO - [2024-04-26T21:58:17.451-0300] {dag.py:3096} INFO - Sync 1 DAGs
[2024-04-26T21:58:17.483-0300] {logging_mixin.py:188} INFO - [2024-04-26T21:58:17.483-0300] {dag.py:3954} INFO - Setting next_dagrun for example_nested_branch_dag to 2024-04-26 00:00:00+00:00, run_after=2024-04-27 00:00:00+00:00
[2024-04-26T21:58:17.513-0300] {processor.py:183} INFO - Processing /home/athlon/projects/airflow/.venv/lib/python3.11/site-packages/airflow/example_dags/example_nested_branch_dag.py took 0.126 seconds
[2024-04-26T21:59:14.455-0300] {processor.py:161} INFO - Started process (PID=22123) to work on /home/athlon/projects/airflow/.venv/lib/python3.11/site-packages/airflow/example_dags/example_nested_branch_dag.py
[2024-04-26T21:59:14.461-0300] {processor.py:830} INFO - Processing file /home/athlon/projects/airflow/.venv/lib/python3.11/site-packages/airflow/example_dags/example_nested_branch_dag.py for tasks to queue
[2024-04-26T21:59:14.464-0300] {logging_mixin.py:188} INFO - [2024-04-26T21:59:14.463-0300] {dagbag.py:540} INFO - Filling up the DagBag from /home/athlon/projects/airflow/.venv/lib/python3.11/site-packages/airflow/example_dags/example_nested_branch_dag.py
[2024-04-26T21:59:14.488-0300] {processor.py:840} INFO - DAG(s) 'example_nested_branch_dag' retrieved from /home/athlon/projects/airflow/.venv/lib/python3.11/site-packages/airflow/example_dags/example_nested_branch_dag.py
[2024-04-26T21:59:14.515-0300] {logging_mixin.py:188} INFO - [2024-04-26T21:59:14.515-0300] {dag.py:3096} INFO - Sync 1 DAGs
[2024-04-26T21:59:14.549-0300] {logging_mixin.py:188} INFO - [2024-04-26T21:59:14.548-0300] {dag.py:3954} INFO - Setting next_dagrun for example_nested_branch_dag to 2024-04-26 00:00:00+00:00, run_after=2024-04-27 00:00:00+00:00
[2024-04-26T21:59:14.581-0300] {processor.py:183} INFO - Processing /home/athlon/projects/airflow/.venv/lib/python3.11/site-packages/airflow/example_dags/example_nested_branch_dag.py took 0.137 seconds
[2024-04-26T22:00:11.387-0300] {processor.py:161} INFO - Started process (PID=22275) to work on /home/athlon/projects/airflow/.venv/lib/python3.11/site-packages/airflow/example_dags/example_nested_branch_dag.py
[2024-04-26T22:00:11.393-0300] {processor.py:830} INFO - Processing file /home/athlon/projects/airflow/.venv/lib/python3.11/site-packages/airflow/example_dags/example_nested_branch_dag.py for tasks to queue
[2024-04-26T22:00:11.396-0300] {logging_mixin.py:188} INFO - [2024-04-26T22:00:11.396-0300] {dagbag.py:540} INFO - Filling up the DagBag from /home/athlon/projects/airflow/.venv/lib/python3.11/site-packages/airflow/example_dags/example_nested_branch_dag.py
[2024-04-26T22:00:11.417-0300] {processor.py:840} INFO - DAG(s) 'example_nested_branch_dag' retrieved from /home/athlon/projects/airflow/.venv/lib/python3.11/site-packages/airflow/example_dags/example_nested_branch_dag.py
[2024-04-26T22:00:11.443-0300] {logging_mixin.py:188} INFO - [2024-04-26T22:00:11.442-0300] {dag.py:3096} INFO - Sync 1 DAGs
[2024-04-26T22:00:11.474-0300] {logging_mixin.py:188} INFO - [2024-04-26T22:00:11.474-0300] {dag.py:3954} INFO - Setting next_dagrun for example_nested_branch_dag to 2024-04-26 00:00:00+00:00, run_after=2024-04-27 00:00:00+00:00
[2024-04-26T22:00:11.505-0300] {processor.py:183} INFO - Processing /home/athlon/projects/airflow/.venv/lib/python3.11/site-packages/airflow/example_dags/example_nested_branch_dag.py took 0.130 seconds
[2024-04-26T22:01:14.895-0300] {processor.py:161} INFO - Started process (PID=22347) to work on /home/athlon/projects/airflow/.venv/lib/python3.11/site-packages/airflow/example_dags/example_nested_branch_dag.py
[2024-04-26T22:01:14.901-0300] {processor.py:830} INFO - Processing file /home/athlon/projects/airflow/.venv/lib/python3.11/site-packages/airflow/example_dags/example_nested_branch_dag.py for tasks to queue
[2024-04-26T22:01:14.904-0300] {logging_mixin.py:188} INFO - [2024-04-26T22:01:14.903-0300] {dagbag.py:540} INFO - Filling up the DagBag from /home/athlon/projects/airflow/.venv/lib/python3.11/site-packages/airflow/example_dags/example_nested_branch_dag.py
[2024-04-26T22:01:14.924-0300] {processor.py:840} INFO - DAG(s) 'example_nested_branch_dag' retrieved from /home/athlon/projects/airflow/.venv/lib/python3.11/site-packages/airflow/example_dags/example_nested_branch_dag.py
[2024-04-26T22:01:14.951-0300] {logging_mixin.py:188} INFO - [2024-04-26T22:01:14.950-0300] {dag.py:3096} INFO - Sync 1 DAGs
[2024-04-26T22:01:14.986-0300] {logging_mixin.py:188} INFO - [2024-04-26T22:01:14.985-0300] {dag.py:3954} INFO - Setting next_dagrun for example_nested_branch_dag to 2024-04-26 00:00:00+00:00, run_after=2024-04-27 00:00:00+00:00
[2024-04-26T22:01:15.018-0300] {processor.py:183} INFO - Processing /home/athlon/projects/airflow/.venv/lib/python3.11/site-packages/airflow/example_dags/example_nested_branch_dag.py took 0.133 seconds
[2024-04-26T22:02:15.050-0300] {processor.py:161} INFO - Started process (PID=22415) to work on /home/athlon/projects/airflow/.venv/lib/python3.11/site-packages/airflow/example_dags/example_nested_branch_dag.py
[2024-04-26T22:02:15.056-0300] {processor.py:830} INFO - Processing file /home/athlon/projects/airflow/.venv/lib/python3.11/site-packages/airflow/example_dags/example_nested_branch_dag.py for tasks to queue
[2024-04-26T22:02:15.059-0300] {logging_mixin.py:188} INFO - [2024-04-26T22:02:15.058-0300] {dagbag.py:540} INFO - Filling up the DagBag from /home/athlon/projects/airflow/.venv/lib/python3.11/site-packages/airflow/example_dags/example_nested_branch_dag.py
[2024-04-26T22:02:15.079-0300] {processor.py:840} INFO - DAG(s) 'example_nested_branch_dag' retrieved from /home/athlon/projects/airflow/.venv/lib/python3.11/site-packages/airflow/example_dags/example_nested_branch_dag.py
[2024-04-26T22:02:15.106-0300] {logging_mixin.py:188} INFO - [2024-04-26T22:02:15.105-0300] {dag.py:3096} INFO - Sync 1 DAGs
[2024-04-26T22:02:15.137-0300] {logging_mixin.py:188} INFO - [2024-04-26T22:02:15.137-0300] {dag.py:3954} INFO - Setting next_dagrun for example_nested_branch_dag to 2024-04-26 00:00:00+00:00, run_after=2024-04-27 00:00:00+00:00
[2024-04-26T22:02:15.168-0300] {processor.py:183} INFO - Processing /home/athlon/projects/airflow/.venv/lib/python3.11/site-packages/airflow/example_dags/example_nested_branch_dag.py took 0.129 seconds
[2024-04-26T22:03:21.770-0300] {processor.py:161} INFO - Started process (PID=22493) to work on /home/athlon/projects/airflow/.venv/lib/python3.11/site-packages/airflow/example_dags/example_nested_branch_dag.py
[2024-04-26T22:03:21.771-0300] {processor.py:830} INFO - Processing file /home/athlon/projects/airflow/.venv/lib/python3.11/site-packages/airflow/example_dags/example_nested_branch_dag.py for tasks to queue
[2024-04-26T22:03:21.774-0300] {logging_mixin.py:188} INFO - [2024-04-26T22:03:21.774-0300] {dagbag.py:540} INFO - Filling up the DagBag from /home/athlon/projects/airflow/.venv/lib/python3.11/site-packages/airflow/example_dags/example_nested_branch_dag.py
[2024-04-26T22:03:21.795-0300] {processor.py:840} INFO - DAG(s) 'example_nested_branch_dag' retrieved from /home/athlon/projects/airflow/.venv/lib/python3.11/site-packages/airflow/example_dags/example_nested_branch_dag.py
[2024-04-26T22:03:21.822-0300] {logging_mixin.py:188} INFO - [2024-04-26T22:03:21.821-0300] {dag.py:3096} INFO - Sync 1 DAGs
[2024-04-26T22:03:21.856-0300] {logging_mixin.py:188} INFO - [2024-04-26T22:03:21.855-0300] {dag.py:3954} INFO - Setting next_dagrun for example_nested_branch_dag to 2024-04-26 00:00:00+00:00, run_after=2024-04-27 00:00:00+00:00
[2024-04-26T22:03:21.885-0300] {processor.py:183} INFO - Processing /home/athlon/projects/airflow/.venv/lib/python3.11/site-packages/airflow/example_dags/example_nested_branch_dag.py took 0.127 seconds
[2024-04-26T22:04:19.378-0300] {processor.py:161} INFO - Started process (PID=22628) to work on /home/athlon/projects/airflow/.venv/lib/python3.11/site-packages/airflow/example_dags/example_nested_branch_dag.py
[2024-04-26T22:04:19.383-0300] {processor.py:830} INFO - Processing file /home/athlon/projects/airflow/.venv/lib/python3.11/site-packages/airflow/example_dags/example_nested_branch_dag.py for tasks to queue
[2024-04-26T22:04:19.387-0300] {logging_mixin.py:188} INFO - [2024-04-26T22:04:19.386-0300] {dagbag.py:540} INFO - Filling up the DagBag from /home/athlon/projects/airflow/.venv/lib/python3.11/site-packages/airflow/example_dags/example_nested_branch_dag.py
[2024-04-26T22:04:19.407-0300] {processor.py:840} INFO - DAG(s) 'example_nested_branch_dag' retrieved from /home/athlon/projects/airflow/.venv/lib/python3.11/site-packages/airflow/example_dags/example_nested_branch_dag.py
[2024-04-26T22:04:19.434-0300] {logging_mixin.py:188} INFO - [2024-04-26T22:04:19.434-0300] {dag.py:3096} INFO - Sync 1 DAGs
[2024-04-26T22:04:19.468-0300] {logging_mixin.py:188} INFO - [2024-04-26T22:04:19.467-0300] {dag.py:3954} INFO - Setting next_dagrun for example_nested_branch_dag to 2024-04-26 00:00:00+00:00, run_after=2024-04-27 00:00:00+00:00
[2024-04-26T22:04:19.498-0300] {processor.py:183} INFO - Processing /home/athlon/projects/airflow/.venv/lib/python3.11/site-packages/airflow/example_dags/example_nested_branch_dag.py took 0.132 seconds
[2024-04-26T22:05:15.058-0300] {processor.py:161} INFO - Started process (PID=22709) to work on /home/athlon/projects/airflow/.venv/lib/python3.11/site-packages/airflow/example_dags/example_nested_branch_dag.py
[2024-04-26T22:05:15.063-0300] {processor.py:830} INFO - Processing file /home/athlon/projects/airflow/.venv/lib/python3.11/site-packages/airflow/example_dags/example_nested_branch_dag.py for tasks to queue
[2024-04-26T22:05:15.067-0300] {logging_mixin.py:188} INFO - [2024-04-26T22:05:15.066-0300] {dagbag.py:540} INFO - Filling up the DagBag from /home/athlon/projects/airflow/.venv/lib/python3.11/site-packages/airflow/example_dags/example_nested_branch_dag.py
[2024-04-26T22:05:15.087-0300] {processor.py:840} INFO - DAG(s) 'example_nested_branch_dag' retrieved from /home/athlon/projects/airflow/.venv/lib/python3.11/site-packages/airflow/example_dags/example_nested_branch_dag.py
[2024-04-26T22:05:15.113-0300] {logging_mixin.py:188} INFO - [2024-04-26T22:05:15.113-0300] {dag.py:3096} INFO - Sync 1 DAGs
[2024-04-26T22:05:15.146-0300] {logging_mixin.py:188} INFO - [2024-04-26T22:05:15.145-0300] {dag.py:3954} INFO - Setting next_dagrun for example_nested_branch_dag to 2024-04-26 00:00:00+00:00, run_after=2024-04-27 00:00:00+00:00
[2024-04-26T22:05:15.177-0300] {processor.py:183} INFO - Processing /home/athlon/projects/airflow/.venv/lib/python3.11/site-packages/airflow/example_dags/example_nested_branch_dag.py took 0.131 seconds
[2024-04-26T22:06:14.417-0300] {processor.py:161} INFO - Started process (PID=22778) to work on /home/athlon/projects/airflow/.venv/lib/python3.11/site-packages/airflow/example_dags/example_nested_branch_dag.py
[2024-04-26T22:06:14.423-0300] {processor.py:830} INFO - Processing file /home/athlon/projects/airflow/.venv/lib/python3.11/site-packages/airflow/example_dags/example_nested_branch_dag.py for tasks to queue
[2024-04-26T22:06:14.426-0300] {logging_mixin.py:188} INFO - [2024-04-26T22:06:14.426-0300] {dagbag.py:540} INFO - Filling up the DagBag from /home/athlon/projects/airflow/.venv/lib/python3.11/site-packages/airflow/example_dags/example_nested_branch_dag.py
[2024-04-26T22:06:14.447-0300] {processor.py:840} INFO - DAG(s) 'example_nested_branch_dag' retrieved from /home/athlon/projects/airflow/.venv/lib/python3.11/site-packages/airflow/example_dags/example_nested_branch_dag.py
[2024-04-26T22:06:14.473-0300] {logging_mixin.py:188} INFO - [2024-04-26T22:06:14.473-0300] {dag.py:3096} INFO - Sync 1 DAGs
[2024-04-26T22:06:14.505-0300] {logging_mixin.py:188} INFO - [2024-04-26T22:06:14.504-0300] {dag.py:3954} INFO - Setting next_dagrun for example_nested_branch_dag to 2024-04-26 00:00:00+00:00, run_after=2024-04-27 00:00:00+00:00
[2024-04-26T22:06:14.535-0300] {processor.py:183} INFO - Processing /home/athlon/projects/airflow/.venv/lib/python3.11/site-packages/airflow/example_dags/example_nested_branch_dag.py took 0.129 seconds
[2024-04-26T22:07:15.445-0300] {processor.py:161} INFO - Started process (PID=22846) to work on /home/athlon/projects/airflow/.venv/lib/python3.11/site-packages/airflow/example_dags/example_nested_branch_dag.py
[2024-04-26T22:07:15.451-0300] {processor.py:830} INFO - Processing file /home/athlon/projects/airflow/.venv/lib/python3.11/site-packages/airflow/example_dags/example_nested_branch_dag.py for tasks to queue
[2024-04-26T22:07:15.454-0300] {logging_mixin.py:188} INFO - [2024-04-26T22:07:15.453-0300] {dagbag.py:540} INFO - Filling up the DagBag from /home/athlon/projects/airflow/.venv/lib/python3.11/site-packages/airflow/example_dags/example_nested_branch_dag.py
[2024-04-26T22:07:15.474-0300] {processor.py:840} INFO - DAG(s) 'example_nested_branch_dag' retrieved from /home/athlon/projects/airflow/.venv/lib/python3.11/site-packages/airflow/example_dags/example_nested_branch_dag.py
[2024-04-26T22:07:15.502-0300] {logging_mixin.py:188} INFO - [2024-04-26T22:07:15.501-0300] {dag.py:3096} INFO - Sync 1 DAGs
[2024-04-26T22:07:15.534-0300] {logging_mixin.py:188} INFO - [2024-04-26T22:07:15.533-0300] {dag.py:3954} INFO - Setting next_dagrun for example_nested_branch_dag to 2024-04-26 00:00:00+00:00, run_after=2024-04-27 00:00:00+00:00
[2024-04-26T22:07:15.565-0300] {processor.py:183} INFO - Processing /home/athlon/projects/airflow/.venv/lib/python3.11/site-packages/airflow/example_dags/example_nested_branch_dag.py took 0.131 seconds
[2024-04-26T22:08:19.757-0300] {processor.py:161} INFO - Started process (PID=22914) to work on /home/athlon/projects/airflow/.venv/lib/python3.11/site-packages/airflow/example_dags/example_nested_branch_dag.py
[2024-04-26T22:08:19.766-0300] {processor.py:830} INFO - Processing file /home/athlon/projects/airflow/.venv/lib/python3.11/site-packages/airflow/example_dags/example_nested_branch_dag.py for tasks to queue
[2024-04-26T22:08:19.769-0300] {logging_mixin.py:188} INFO - [2024-04-26T22:08:19.768-0300] {dagbag.py:540} INFO - Filling up the DagBag from /home/athlon/projects/airflow/.venv/lib/python3.11/site-packages/airflow/example_dags/example_nested_branch_dag.py
[2024-04-26T22:08:19.788-0300] {processor.py:840} INFO - DAG(s) 'example_nested_branch_dag' retrieved from /home/athlon/projects/airflow/.venv/lib/python3.11/site-packages/airflow/example_dags/example_nested_branch_dag.py
[2024-04-26T22:08:19.815-0300] {logging_mixin.py:188} INFO - [2024-04-26T22:08:19.814-0300] {dag.py:3096} INFO - Sync 1 DAGs
[2024-04-26T22:08:19.847-0300] {logging_mixin.py:188} INFO - [2024-04-26T22:08:19.846-0300] {dag.py:3954} INFO - Setting next_dagrun for example_nested_branch_dag to 2024-04-26 00:00:00+00:00, run_after=2024-04-27 00:00:00+00:00
[2024-04-26T22:08:19.877-0300] {processor.py:183} INFO - Processing /home/athlon/projects/airflow/.venv/lib/python3.11/site-packages/airflow/example_dags/example_nested_branch_dag.py took 0.131 seconds
[2024-04-26T22:09:17.102-0300] {processor.py:161} INFO - Started process (PID=23013) to work on /home/athlon/projects/airflow/.venv/lib/python3.11/site-packages/airflow/example_dags/example_nested_branch_dag.py
[2024-04-26T22:09:17.107-0300] {processor.py:830} INFO - Processing file /home/athlon/projects/airflow/.venv/lib/python3.11/site-packages/airflow/example_dags/example_nested_branch_dag.py for tasks to queue
[2024-04-26T22:09:17.111-0300] {logging_mixin.py:188} INFO - [2024-04-26T22:09:17.110-0300] {dagbag.py:540} INFO - Filling up the DagBag from /home/athlon/projects/airflow/.venv/lib/python3.11/site-packages/airflow/example_dags/example_nested_branch_dag.py
[2024-04-26T22:09:17.129-0300] {processor.py:840} INFO - DAG(s) 'example_nested_branch_dag' retrieved from /home/athlon/projects/airflow/.venv/lib/python3.11/site-packages/airflow/example_dags/example_nested_branch_dag.py
[2024-04-26T22:09:17.154-0300] {logging_mixin.py:188} INFO - [2024-04-26T22:09:17.154-0300] {dag.py:3096} INFO - Sync 1 DAGs
[2024-04-26T22:09:17.186-0300] {logging_mixin.py:188} INFO - [2024-04-26T22:09:17.185-0300] {dag.py:3954} INFO - Setting next_dagrun for example_nested_branch_dag to 2024-04-26 00:00:00+00:00, run_after=2024-04-27 00:00:00+00:00
[2024-04-26T22:09:17.217-0300] {processor.py:183} INFO - Processing /home/athlon/projects/airflow/.venv/lib/python3.11/site-packages/airflow/example_dags/example_nested_branch_dag.py took 0.127 seconds
[2024-04-26T22:10:19.840-0300] {processor.py:161} INFO - Started process (PID=23084) to work on /home/athlon/projects/airflow/.venv/lib/python3.11/site-packages/airflow/example_dags/example_nested_branch_dag.py
[2024-04-26T22:10:19.845-0300] {processor.py:830} INFO - Processing file /home/athlon/projects/airflow/.venv/lib/python3.11/site-packages/airflow/example_dags/example_nested_branch_dag.py for tasks to queue
[2024-04-26T22:10:19.848-0300] {logging_mixin.py:188} INFO - [2024-04-26T22:10:19.848-0300] {dagbag.py:540} INFO - Filling up the DagBag from /home/athlon/projects/airflow/.venv/lib/python3.11/site-packages/airflow/example_dags/example_nested_branch_dag.py
[2024-04-26T22:10:19.869-0300] {processor.py:840} INFO - DAG(s) 'example_nested_branch_dag' retrieved from /home/athlon/projects/airflow/.venv/lib/python3.11/site-packages/airflow/example_dags/example_nested_branch_dag.py
[2024-04-26T22:10:19.895-0300] {logging_mixin.py:188} INFO - [2024-04-26T22:10:19.895-0300] {dag.py:3096} INFO - Sync 1 DAGs
[2024-04-26T22:10:19.927-0300] {logging_mixin.py:188} INFO - [2024-04-26T22:10:19.926-0300] {dag.py:3954} INFO - Setting next_dagrun for example_nested_branch_dag to 2024-04-26 00:00:00+00:00, run_after=2024-04-27 00:00:00+00:00
[2024-04-26T22:10:19.958-0300] {processor.py:183} INFO - Processing /home/athlon/projects/airflow/.venv/lib/python3.11/site-packages/airflow/example_dags/example_nested_branch_dag.py took 0.130 seconds
[2024-04-26T22:11:20.873-0300] {processor.py:161} INFO - Started process (PID=23150) to work on /home/athlon/projects/airflow/.venv/lib/python3.11/site-packages/airflow/example_dags/example_nested_branch_dag.py
[2024-04-26T22:11:20.879-0300] {processor.py:830} INFO - Processing file /home/athlon/projects/airflow/.venv/lib/python3.11/site-packages/airflow/example_dags/example_nested_branch_dag.py for tasks to queue
[2024-04-26T22:11:20.882-0300] {logging_mixin.py:188} INFO - [2024-04-26T22:11:20.881-0300] {dagbag.py:540} INFO - Filling up the DagBag from /home/athlon/projects/airflow/.venv/lib/python3.11/site-packages/airflow/example_dags/example_nested_branch_dag.py
[2024-04-26T22:11:20.902-0300] {processor.py:840} INFO - DAG(s) 'example_nested_branch_dag' retrieved from /home/athlon/projects/airflow/.venv/lib/python3.11/site-packages/airflow/example_dags/example_nested_branch_dag.py
[2024-04-26T22:11:20.929-0300] {logging_mixin.py:188} INFO - [2024-04-26T22:11:20.928-0300] {dag.py:3096} INFO - Sync 1 DAGs
[2024-04-26T22:11:20.960-0300] {logging_mixin.py:188} INFO - [2024-04-26T22:11:20.960-0300] {dag.py:3954} INFO - Setting next_dagrun for example_nested_branch_dag to 2024-04-26 00:00:00+00:00, run_after=2024-04-27 00:00:00+00:00
[2024-04-26T22:11:20.990-0300] {processor.py:183} INFO - Processing /home/athlon/projects/airflow/.venv/lib/python3.11/site-packages/airflow/example_dags/example_nested_branch_dag.py took 0.129 seconds
[2024-04-26T22:12:22.837-0300] {processor.py:161} INFO - Started process (PID=23233) to work on /home/athlon/projects/airflow/.venv/lib/python3.11/site-packages/airflow/example_dags/example_nested_branch_dag.py
[2024-04-26T22:12:22.838-0300] {processor.py:830} INFO - Processing file /home/athlon/projects/airflow/.venv/lib/python3.11/site-packages/airflow/example_dags/example_nested_branch_dag.py for tasks to queue
[2024-04-26T22:12:22.841-0300] {logging_mixin.py:188} INFO - [2024-04-26T22:12:22.840-0300] {dagbag.py:540} INFO - Filling up the DagBag from /home/athlon/projects/airflow/.venv/lib/python3.11/site-packages/airflow/example_dags/example_nested_branch_dag.py
[2024-04-26T22:12:22.860-0300] {processor.py:840} INFO - DAG(s) 'example_nested_branch_dag' retrieved from /home/athlon/projects/airflow/.venv/lib/python3.11/site-packages/airflow/example_dags/example_nested_branch_dag.py
[2024-04-26T22:12:22.885-0300] {logging_mixin.py:188} INFO - [2024-04-26T22:12:22.884-0300] {dag.py:3096} INFO - Sync 1 DAGs
[2024-04-26T22:12:22.916-0300] {logging_mixin.py:188} INFO - [2024-04-26T22:12:22.916-0300] {dag.py:3954} INFO - Setting next_dagrun for example_nested_branch_dag to 2024-04-26 00:00:00+00:00, run_after=2024-04-27 00:00:00+00:00
[2024-04-26T22:12:22.946-0300] {processor.py:183} INFO - Processing /home/athlon/projects/airflow/.venv/lib/python3.11/site-packages/airflow/example_dags/example_nested_branch_dag.py took 0.120 seconds
[2024-04-26T22:13:23.554-0300] {processor.py:161} INFO - Started process (PID=23306) to work on /home/athlon/projects/airflow/.venv/lib/python3.11/site-packages/airflow/example_dags/example_nested_branch_dag.py
[2024-04-26T22:13:23.560-0300] {processor.py:830} INFO - Processing file /home/athlon/projects/airflow/.venv/lib/python3.11/site-packages/airflow/example_dags/example_nested_branch_dag.py for tasks to queue
[2024-04-26T22:13:23.563-0300] {logging_mixin.py:188} INFO - [2024-04-26T22:13:23.562-0300] {dagbag.py:540} INFO - Filling up the DagBag from /home/athlon/projects/airflow/.venv/lib/python3.11/site-packages/airflow/example_dags/example_nested_branch_dag.py
[2024-04-26T22:13:23.583-0300] {processor.py:840} INFO - DAG(s) 'example_nested_branch_dag' retrieved from /home/athlon/projects/airflow/.venv/lib/python3.11/site-packages/airflow/example_dags/example_nested_branch_dag.py
[2024-04-26T22:13:23.610-0300] {logging_mixin.py:188} INFO - [2024-04-26T22:13:23.610-0300] {dag.py:3096} INFO - Sync 1 DAGs
[2024-04-26T22:13:23.642-0300] {logging_mixin.py:188} INFO - [2024-04-26T22:13:23.641-0300] {dag.py:3954} INFO - Setting next_dagrun for example_nested_branch_dag to 2024-04-26 00:00:00+00:00, run_after=2024-04-27 00:00:00+00:00
[2024-04-26T22:13:23.672-0300] {processor.py:183} INFO - Processing /home/athlon/projects/airflow/.venv/lib/python3.11/site-packages/airflow/example_dags/example_nested_branch_dag.py took 0.129 seconds
[2024-04-26T22:14:22.855-0300] {processor.py:161} INFO - Started process (PID=23416) to work on /home/athlon/projects/airflow/.venv/lib/python3.11/site-packages/airflow/example_dags/example_nested_branch_dag.py
[2024-04-26T22:14:22.861-0300] {processor.py:830} INFO - Processing file /home/athlon/projects/airflow/.venv/lib/python3.11/site-packages/airflow/example_dags/example_nested_branch_dag.py for tasks to queue
[2024-04-26T22:14:22.864-0300] {logging_mixin.py:188} INFO - [2024-04-26T22:14:22.863-0300] {dagbag.py:540} INFO - Filling up the DagBag from /home/athlon/projects/airflow/.venv/lib/python3.11/site-packages/airflow/example_dags/example_nested_branch_dag.py
[2024-04-26T22:14:22.883-0300] {processor.py:840} INFO - DAG(s) 'example_nested_branch_dag' retrieved from /home/athlon/projects/airflow/.venv/lib/python3.11/site-packages/airflow/example_dags/example_nested_branch_dag.py
[2024-04-26T22:14:22.910-0300] {logging_mixin.py:188} INFO - [2024-04-26T22:14:22.909-0300] {dag.py:3096} INFO - Sync 1 DAGs
[2024-04-26T22:14:22.945-0300] {logging_mixin.py:188} INFO - [2024-04-26T22:14:22.944-0300] {dag.py:3954} INFO - Setting next_dagrun for example_nested_branch_dag to 2024-04-26 00:00:00+00:00, run_after=2024-04-27 00:00:00+00:00
[2024-04-26T22:14:22.975-0300] {processor.py:183} INFO - Processing /home/athlon/projects/airflow/.venv/lib/python3.11/site-packages/airflow/example_dags/example_nested_branch_dag.py took 0.130 seconds
[2024-04-26T22:15:27.889-0300] {processor.py:161} INFO - Started process (PID=23520) to work on /home/athlon/projects/airflow/.venv/lib/python3.11/site-packages/airflow/example_dags/example_nested_branch_dag.py
[2024-04-26T22:15:27.895-0300] {processor.py:830} INFO - Processing file /home/athlon/projects/airflow/.venv/lib/python3.11/site-packages/airflow/example_dags/example_nested_branch_dag.py for tasks to queue
[2024-04-26T22:15:27.898-0300] {logging_mixin.py:188} INFO - [2024-04-26T22:15:27.897-0300] {dagbag.py:540} INFO - Filling up the DagBag from /home/athlon/projects/airflow/.venv/lib/python3.11/site-packages/airflow/example_dags/example_nested_branch_dag.py
[2024-04-26T22:15:27.919-0300] {processor.py:840} INFO - DAG(s) 'example_nested_branch_dag' retrieved from /home/athlon/projects/airflow/.venv/lib/python3.11/site-packages/airflow/example_dags/example_nested_branch_dag.py
[2024-04-26T22:15:27.946-0300] {logging_mixin.py:188} INFO - [2024-04-26T22:15:27.945-0300] {dag.py:3096} INFO - Sync 1 DAGs
[2024-04-26T22:15:27.977-0300] {logging_mixin.py:188} INFO - [2024-04-26T22:15:27.977-0300] {dag.py:3954} INFO - Setting next_dagrun for example_nested_branch_dag to 2024-04-26 00:00:00+00:00, run_after=2024-04-27 00:00:00+00:00
[2024-04-26T22:15:28.013-0300] {processor.py:183} INFO - Processing /home/athlon/projects/airflow/.venv/lib/python3.11/site-packages/airflow/example_dags/example_nested_branch_dag.py took 0.136 seconds
[2024-04-26T22:16:32.952-0300] {processor.py:161} INFO - Started process (PID=23659) to work on /home/athlon/projects/airflow/.venv/lib/python3.11/site-packages/airflow/example_dags/example_nested_branch_dag.py
[2024-04-26T22:16:32.954-0300] {processor.py:830} INFO - Processing file /home/athlon/projects/airflow/.venv/lib/python3.11/site-packages/airflow/example_dags/example_nested_branch_dag.py for tasks to queue
[2024-04-26T22:16:32.957-0300] {logging_mixin.py:188} INFO - [2024-04-26T22:16:32.957-0300] {dagbag.py:540} INFO - Filling up the DagBag from /home/athlon/projects/airflow/.venv/lib/python3.11/site-packages/airflow/example_dags/example_nested_branch_dag.py
[2024-04-26T22:16:32.985-0300] {processor.py:840} INFO - DAG(s) 'example_nested_branch_dag' retrieved from /home/athlon/projects/airflow/.venv/lib/python3.11/site-packages/airflow/example_dags/example_nested_branch_dag.py
[2024-04-26T22:16:33.024-0300] {logging_mixin.py:188} INFO - [2024-04-26T22:16:33.024-0300] {dag.py:3096} INFO - Sync 1 DAGs
[2024-04-26T22:16:33.067-0300] {logging_mixin.py:188} INFO - [2024-04-26T22:16:33.067-0300] {dag.py:3954} INFO - Setting next_dagrun for example_nested_branch_dag to 2024-04-26 00:00:00+00:00, run_after=2024-04-27 00:00:00+00:00
[2024-04-26T22:16:33.106-0300] {processor.py:183} INFO - Processing /home/athlon/projects/airflow/.venv/lib/python3.11/site-packages/airflow/example_dags/example_nested_branch_dag.py took 0.167 seconds
[2024-04-26T22:17:31.913-0300] {processor.py:161} INFO - Started process (PID=23728) to work on /home/athlon/projects/airflow/.venv/lib/python3.11/site-packages/airflow/example_dags/example_nested_branch_dag.py
[2024-04-26T22:17:31.915-0300] {processor.py:830} INFO - Processing file /home/athlon/projects/airflow/.venv/lib/python3.11/site-packages/airflow/example_dags/example_nested_branch_dag.py for tasks to queue
[2024-04-26T22:17:31.917-0300] {logging_mixin.py:188} INFO - [2024-04-26T22:17:31.917-0300] {dagbag.py:540} INFO - Filling up the DagBag from /home/athlon/projects/airflow/.venv/lib/python3.11/site-packages/airflow/example_dags/example_nested_branch_dag.py
[2024-04-26T22:17:31.935-0300] {processor.py:840} INFO - DAG(s) 'example_nested_branch_dag' retrieved from /home/athlon/projects/airflow/.venv/lib/python3.11/site-packages/airflow/example_dags/example_nested_branch_dag.py
[2024-04-26T22:17:31.960-0300] {logging_mixin.py:188} INFO - [2024-04-26T22:17:31.960-0300] {dag.py:3096} INFO - Sync 1 DAGs
[2024-04-26T22:17:31.992-0300] {logging_mixin.py:188} INFO - [2024-04-26T22:17:31.992-0300] {dag.py:3954} INFO - Setting next_dagrun for example_nested_branch_dag to 2024-04-26 00:00:00+00:00, run_after=2024-04-27 00:00:00+00:00
[2024-04-26T22:17:32.021-0300] {processor.py:183} INFO - Processing /home/athlon/projects/airflow/.venv/lib/python3.11/site-packages/airflow/example_dags/example_nested_branch_dag.py took 0.117 seconds
[2024-04-26T22:18:32.281-0300] {processor.py:161} INFO - Started process (PID=23783) to work on /home/athlon/projects/airflow/.venv/lib/python3.11/site-packages/airflow/example_dags/example_nested_branch_dag.py
[2024-04-26T22:18:32.286-0300] {processor.py:830} INFO - Processing file /home/athlon/projects/airflow/.venv/lib/python3.11/site-packages/airflow/example_dags/example_nested_branch_dag.py for tasks to queue
[2024-04-26T22:18:32.290-0300] {logging_mixin.py:188} INFO - [2024-04-26T22:18:32.289-0300] {dagbag.py:540} INFO - Filling up the DagBag from /home/athlon/projects/airflow/.venv/lib/python3.11/site-packages/airflow/example_dags/example_nested_branch_dag.py
[2024-04-26T22:18:32.311-0300] {processor.py:840} INFO - DAG(s) 'example_nested_branch_dag' retrieved from /home/athlon/projects/airflow/.venv/lib/python3.11/site-packages/airflow/example_dags/example_nested_branch_dag.py
[2024-04-26T22:18:32.338-0300] {logging_mixin.py:188} INFO - [2024-04-26T22:18:32.338-0300] {dag.py:3096} INFO - Sync 1 DAGs
[2024-04-26T22:18:32.371-0300] {logging_mixin.py:188} INFO - [2024-04-26T22:18:32.370-0300] {dag.py:3954} INFO - Setting next_dagrun for example_nested_branch_dag to 2024-04-26 00:00:00+00:00, run_after=2024-04-27 00:00:00+00:00
[2024-04-26T22:18:32.401-0300] {processor.py:183} INFO - Processing /home/athlon/projects/airflow/.venv/lib/python3.11/site-packages/airflow/example_dags/example_nested_branch_dag.py took 0.132 seconds
[2024-04-26T22:19:31.131-0300] {processor.py:161} INFO - Started process (PID=23849) to work on /home/athlon/projects/airflow/.venv/lib/python3.11/site-packages/airflow/example_dags/example_nested_branch_dag.py
[2024-04-26T22:19:31.133-0300] {processor.py:830} INFO - Processing file /home/athlon/projects/airflow/.venv/lib/python3.11/site-packages/airflow/example_dags/example_nested_branch_dag.py for tasks to queue
[2024-04-26T22:19:31.136-0300] {logging_mixin.py:188} INFO - [2024-04-26T22:19:31.136-0300] {dagbag.py:540} INFO - Filling up the DagBag from /home/athlon/projects/airflow/.venv/lib/python3.11/site-packages/airflow/example_dags/example_nested_branch_dag.py
[2024-04-26T22:19:31.167-0300] {processor.py:840} INFO - DAG(s) 'example_nested_branch_dag' retrieved from /home/athlon/projects/airflow/.venv/lib/python3.11/site-packages/airflow/example_dags/example_nested_branch_dag.py
[2024-04-26T22:19:31.194-0300] {logging_mixin.py:188} INFO - [2024-04-26T22:19:31.194-0300] {dag.py:3096} INFO - Sync 1 DAGs
[2024-04-26T22:19:31.243-0300] {logging_mixin.py:188} INFO - [2024-04-26T22:19:31.243-0300] {dag.py:3954} INFO - Setting next_dagrun for example_nested_branch_dag to 2024-04-26 00:00:00+00:00, run_after=2024-04-27 00:00:00+00:00
[2024-04-26T22:19:31.278-0300] {processor.py:183} INFO - Processing /home/athlon/projects/airflow/.venv/lib/python3.11/site-packages/airflow/example_dags/example_nested_branch_dag.py took 0.161 seconds
[2024-04-26T22:20:30.874-0300] {processor.py:161} INFO - Started process (PID=23923) to work on /home/athlon/projects/airflow/.venv/lib/python3.11/site-packages/airflow/example_dags/example_nested_branch_dag.py
[2024-04-26T22:20:30.875-0300] {processor.py:830} INFO - Processing file /home/athlon/projects/airflow/.venv/lib/python3.11/site-packages/airflow/example_dags/example_nested_branch_dag.py for tasks to queue
[2024-04-26T22:20:30.878-0300] {logging_mixin.py:188} INFO - [2024-04-26T22:20:30.877-0300] {dagbag.py:540} INFO - Filling up the DagBag from /home/athlon/projects/airflow/.venv/lib/python3.11/site-packages/airflow/example_dags/example_nested_branch_dag.py
[2024-04-26T22:20:30.897-0300] {processor.py:840} INFO - DAG(s) 'example_nested_branch_dag' retrieved from /home/athlon/projects/airflow/.venv/lib/python3.11/site-packages/airflow/example_dags/example_nested_branch_dag.py
[2024-04-26T22:20:30.926-0300] {logging_mixin.py:188} INFO - [2024-04-26T22:20:30.926-0300] {dag.py:3096} INFO - Sync 1 DAGs
[2024-04-26T22:20:30.963-0300] {logging_mixin.py:188} INFO - [2024-04-26T22:20:30.962-0300] {dag.py:3954} INFO - Setting next_dagrun for example_nested_branch_dag to 2024-04-26 00:00:00+00:00, run_after=2024-04-27 00:00:00+00:00
[2024-04-26T22:20:30.999-0300] {processor.py:183} INFO - Processing /home/athlon/projects/airflow/.venv/lib/python3.11/site-packages/airflow/example_dags/example_nested_branch_dag.py took 0.136 seconds
