[2024-04-26T21:25:35.473-0300] {processor.py:161} INFO - Started process (PID=17740) to work on /home/athlon/projects/airflow/.venv/lib/python3.11/site-packages/airflow/example_dags/example_external_task_marker_dag.py
[2024-04-26T21:25:35.474-0300] {processor.py:830} INFO - Processing file /home/athlon/projects/airflow/.venv/lib/python3.11/site-packages/airflow/example_dags/example_external_task_marker_dag.py for tasks to queue
[2024-04-26T21:25:35.478-0300] {logging_mixin.py:188} INFO - [2024-04-26T21:25:35.477-0300] {dagbag.py:540} INFO - Filling up the DagBag from /home/athlon/projects/airflow/.venv/lib/python3.11/site-packages/airflow/example_dags/example_external_task_marker_dag.py
[2024-04-26T21:25:35.488-0300] {processor.py:840} INFO - DAG(s) 'example_external_task_marker_child', 'example_external_task_marker_parent' retrieved from /home/athlon/projects/airflow/.venv/lib/python3.11/site-packages/airflow/example_dags/example_external_task_marker_dag.py
[2024-04-26T21:25:35.514-0300] {logging_mixin.py:188} INFO - [2024-04-26T21:25:35.513-0300] {dag.py:3096} INFO - Sync 2 DAGs
[2024-04-26T21:25:35.530-0300] {logging_mixin.py:188} INFO - [2024-04-26T21:25:35.530-0300] {dag.py:3954} INFO - Setting next_dagrun for example_external_task_marker_child to None, run_after=None
[2024-04-26T21:25:35.535-0300] {logging_mixin.py:188} INFO - [2024-04-26T21:25:35.535-0300] {dag.py:3954} INFO - Setting next_dagrun for example_external_task_marker_parent to None, run_after=None
[2024-04-26T21:25:35.614-0300] {processor.py:183} INFO - Processing /home/athlon/projects/airflow/.venv/lib/python3.11/site-packages/airflow/example_dags/example_external_task_marker_dag.py took 0.153 seconds
[2024-04-26T21:26:32.430-0300] {processor.py:161} INFO - Started process (PID=17882) to work on /home/athlon/projects/airflow/.venv/lib/python3.11/site-packages/airflow/example_dags/example_external_task_marker_dag.py
[2024-04-26T21:26:32.436-0300] {processor.py:830} INFO - Processing file /home/athlon/projects/airflow/.venv/lib/python3.11/site-packages/airflow/example_dags/example_external_task_marker_dag.py for tasks to queue
[2024-04-26T21:26:32.439-0300] {logging_mixin.py:188} INFO - [2024-04-26T21:26:32.438-0300] {dagbag.py:540} INFO - Filling up the DagBag from /home/athlon/projects/airflow/.venv/lib/python3.11/site-packages/airflow/example_dags/example_external_task_marker_dag.py
[2024-04-26T21:26:32.449-0300] {processor.py:840} INFO - DAG(s) 'example_external_task_marker_parent', 'example_external_task_marker_child' retrieved from /home/athlon/projects/airflow/.venv/lib/python3.11/site-packages/airflow/example_dags/example_external_task_marker_dag.py
[2024-04-26T21:26:32.478-0300] {logging_mixin.py:188} INFO - [2024-04-26T21:26:32.478-0300] {dag.py:3096} INFO - Sync 2 DAGs
[2024-04-26T21:26:32.494-0300] {logging_mixin.py:188} INFO - [2024-04-26T21:26:32.494-0300] {dag.py:3954} INFO - Setting next_dagrun for example_external_task_marker_child to None, run_after=None
[2024-04-26T21:26:32.499-0300] {logging_mixin.py:188} INFO - [2024-04-26T21:26:32.499-0300] {dag.py:3954} INFO - Setting next_dagrun for example_external_task_marker_parent to None, run_after=None
[2024-04-26T21:26:32.525-0300] {processor.py:183} INFO - Processing /home/athlon/projects/airflow/.venv/lib/python3.11/site-packages/airflow/example_dags/example_external_task_marker_dag.py took 0.106 seconds
[2024-04-26T21:27:29.570-0300] {processor.py:161} INFO - Started process (PID=17949) to work on /home/athlon/projects/airflow/.venv/lib/python3.11/site-packages/airflow/example_dags/example_external_task_marker_dag.py
[2024-04-26T21:27:29.576-0300] {processor.py:830} INFO - Processing file /home/athlon/projects/airflow/.venv/lib/python3.11/site-packages/airflow/example_dags/example_external_task_marker_dag.py for tasks to queue
[2024-04-26T21:27:29.579-0300] {logging_mixin.py:188} INFO - [2024-04-26T21:27:29.578-0300] {dagbag.py:540} INFO - Filling up the DagBag from /home/athlon/projects/airflow/.venv/lib/python3.11/site-packages/airflow/example_dags/example_external_task_marker_dag.py
[2024-04-26T21:27:29.589-0300] {processor.py:840} INFO - DAG(s) 'example_external_task_marker_parent', 'example_external_task_marker_child' retrieved from /home/athlon/projects/airflow/.venv/lib/python3.11/site-packages/airflow/example_dags/example_external_task_marker_dag.py
[2024-04-26T21:27:29.617-0300] {logging_mixin.py:188} INFO - [2024-04-26T21:27:29.617-0300] {dag.py:3096} INFO - Sync 2 DAGs
[2024-04-26T21:27:29.633-0300] {logging_mixin.py:188} INFO - [2024-04-26T21:27:29.633-0300] {dag.py:3954} INFO - Setting next_dagrun for example_external_task_marker_child to None, run_after=None
[2024-04-26T21:27:29.638-0300] {logging_mixin.py:188} INFO - [2024-04-26T21:27:29.637-0300] {dag.py:3954} INFO - Setting next_dagrun for example_external_task_marker_parent to None, run_after=None
[2024-04-26T21:27:29.663-0300] {processor.py:183} INFO - Processing /home/athlon/projects/airflow/.venv/lib/python3.11/site-packages/airflow/example_dags/example_external_task_marker_dag.py took 0.103 seconds
[2024-04-26T21:28:30.115-0300] {processor.py:161} INFO - Started process (PID=18041) to work on /home/athlon/projects/airflow/.venv/lib/python3.11/site-packages/airflow/example_dags/example_external_task_marker_dag.py
[2024-04-26T21:28:30.121-0300] {processor.py:830} INFO - Processing file /home/athlon/projects/airflow/.venv/lib/python3.11/site-packages/airflow/example_dags/example_external_task_marker_dag.py for tasks to queue
[2024-04-26T21:28:30.124-0300] {logging_mixin.py:188} INFO - [2024-04-26T21:28:30.123-0300] {dagbag.py:540} INFO - Filling up the DagBag from /home/athlon/projects/airflow/.venv/lib/python3.11/site-packages/airflow/example_dags/example_external_task_marker_dag.py
[2024-04-26T21:28:30.134-0300] {processor.py:840} INFO - DAG(s) 'example_external_task_marker_child', 'example_external_task_marker_parent' retrieved from /home/athlon/projects/airflow/.venv/lib/python3.11/site-packages/airflow/example_dags/example_external_task_marker_dag.py
[2024-04-26T21:28:30.164-0300] {logging_mixin.py:188} INFO - [2024-04-26T21:28:30.164-0300] {dag.py:3096} INFO - Sync 2 DAGs
[2024-04-26T21:28:30.181-0300] {logging_mixin.py:188} INFO - [2024-04-26T21:28:30.180-0300] {dag.py:3954} INFO - Setting next_dagrun for example_external_task_marker_child to None, run_after=None
[2024-04-26T21:28:30.185-0300] {logging_mixin.py:188} INFO - [2024-04-26T21:28:30.185-0300] {dag.py:3954} INFO - Setting next_dagrun for example_external_task_marker_parent to None, run_after=None
[2024-04-26T21:28:30.212-0300] {processor.py:183} INFO - Processing /home/athlon/projects/airflow/.venv/lib/python3.11/site-packages/airflow/example_dags/example_external_task_marker_dag.py took 0.107 seconds
[2024-04-26T21:29:29.421-0300] {processor.py:161} INFO - Started process (PID=18651) to work on /home/athlon/projects/airflow/.venv/lib/python3.11/site-packages/airflow/example_dags/example_external_task_marker_dag.py
[2024-04-26T21:29:29.423-0300] {processor.py:830} INFO - Processing file /home/athlon/projects/airflow/.venv/lib/python3.11/site-packages/airflow/example_dags/example_external_task_marker_dag.py for tasks to queue
[2024-04-26T21:29:29.447-0300] {logging_mixin.py:188} INFO - [2024-04-26T21:29:29.445-0300] {dagbag.py:540} INFO - Filling up the DagBag from /home/athlon/projects/airflow/.venv/lib/python3.11/site-packages/airflow/example_dags/example_external_task_marker_dag.py
[2024-04-26T21:29:29.469-0300] {processor.py:840} INFO - DAG(s) 'example_external_task_marker_child', 'example_external_task_marker_parent' retrieved from /home/athlon/projects/airflow/.venv/lib/python3.11/site-packages/airflow/example_dags/example_external_task_marker_dag.py
[2024-04-26T21:29:29.505-0300] {logging_mixin.py:188} INFO - [2024-04-26T21:29:29.504-0300] {dag.py:3096} INFO - Sync 2 DAGs
[2024-04-26T21:29:29.524-0300] {logging_mixin.py:188} INFO - [2024-04-26T21:29:29.524-0300] {dag.py:3954} INFO - Setting next_dagrun for example_external_task_marker_child to None, run_after=None
[2024-04-26T21:29:29.530-0300] {logging_mixin.py:188} INFO - [2024-04-26T21:29:29.529-0300] {dag.py:3954} INFO - Setting next_dagrun for example_external_task_marker_parent to None, run_after=None
[2024-04-26T21:29:29.561-0300] {processor.py:183} INFO - Processing /home/athlon/projects/airflow/.venv/lib/python3.11/site-packages/airflow/example_dags/example_external_task_marker_dag.py took 0.203 seconds
[2024-04-26T21:30:36.181-0300] {processor.py:161} INFO - Started process (PID=18737) to work on /home/athlon/projects/airflow/.venv/lib/python3.11/site-packages/airflow/example_dags/example_external_task_marker_dag.py
[2024-04-26T21:30:36.187-0300] {processor.py:830} INFO - Processing file /home/athlon/projects/airflow/.venv/lib/python3.11/site-packages/airflow/example_dags/example_external_task_marker_dag.py for tasks to queue
[2024-04-26T21:30:36.190-0300] {logging_mixin.py:188} INFO - [2024-04-26T21:30:36.189-0300] {dagbag.py:540} INFO - Filling up the DagBag from /home/athlon/projects/airflow/.venv/lib/python3.11/site-packages/airflow/example_dags/example_external_task_marker_dag.py
[2024-04-26T21:30:36.200-0300] {processor.py:840} INFO - DAG(s) 'example_external_task_marker_parent', 'example_external_task_marker_child' retrieved from /home/athlon/projects/airflow/.venv/lib/python3.11/site-packages/airflow/example_dags/example_external_task_marker_dag.py
[2024-04-26T21:30:36.229-0300] {logging_mixin.py:188} INFO - [2024-04-26T21:30:36.228-0300] {dag.py:3096} INFO - Sync 2 DAGs
[2024-04-26T21:30:36.246-0300] {logging_mixin.py:188} INFO - [2024-04-26T21:30:36.245-0300] {dag.py:3954} INFO - Setting next_dagrun for example_external_task_marker_child to None, run_after=None
[2024-04-26T21:30:36.250-0300] {logging_mixin.py:188} INFO - [2024-04-26T21:30:36.250-0300] {dag.py:3954} INFO - Setting next_dagrun for example_external_task_marker_parent to None, run_after=None
[2024-04-26T21:30:36.278-0300] {processor.py:183} INFO - Processing /home/athlon/projects/airflow/.venv/lib/python3.11/site-packages/airflow/example_dags/example_external_task_marker_dag.py took 0.107 seconds
[2024-04-26T21:31:36.303-0300] {processor.py:161} INFO - Started process (PID=18813) to work on /home/athlon/projects/airflow/.venv/lib/python3.11/site-packages/airflow/example_dags/example_external_task_marker_dag.py
[2024-04-26T21:31:36.309-0300] {processor.py:830} INFO - Processing file /home/athlon/projects/airflow/.venv/lib/python3.11/site-packages/airflow/example_dags/example_external_task_marker_dag.py for tasks to queue
[2024-04-26T21:31:36.312-0300] {logging_mixin.py:188} INFO - [2024-04-26T21:31:36.311-0300] {dagbag.py:540} INFO - Filling up the DagBag from /home/athlon/projects/airflow/.venv/lib/python3.11/site-packages/airflow/example_dags/example_external_task_marker_dag.py
[2024-04-26T21:31:36.323-0300] {processor.py:840} INFO - DAG(s) 'example_external_task_marker_parent', 'example_external_task_marker_child' retrieved from /home/athlon/projects/airflow/.venv/lib/python3.11/site-packages/airflow/example_dags/example_external_task_marker_dag.py
[2024-04-26T21:31:36.350-0300] {logging_mixin.py:188} INFO - [2024-04-26T21:31:36.349-0300] {dag.py:3096} INFO - Sync 2 DAGs
[2024-04-26T21:31:36.366-0300] {logging_mixin.py:188} INFO - [2024-04-26T21:31:36.366-0300] {dag.py:3954} INFO - Setting next_dagrun for example_external_task_marker_child to None, run_after=None
[2024-04-26T21:31:36.371-0300] {logging_mixin.py:188} INFO - [2024-04-26T21:31:36.371-0300] {dag.py:3954} INFO - Setting next_dagrun for example_external_task_marker_parent to None, run_after=None
[2024-04-26T21:31:36.397-0300] {processor.py:183} INFO - Processing /home/athlon/projects/airflow/.venv/lib/python3.11/site-packages/airflow/example_dags/example_external_task_marker_dag.py took 0.105 seconds
[2024-04-26T21:32:35.876-0300] {processor.py:161} INFO - Started process (PID=18868) to work on /home/athlon/projects/airflow/.venv/lib/python3.11/site-packages/airflow/example_dags/example_external_task_marker_dag.py
[2024-04-26T21:32:35.881-0300] {processor.py:830} INFO - Processing file /home/athlon/projects/airflow/.venv/lib/python3.11/site-packages/airflow/example_dags/example_external_task_marker_dag.py for tasks to queue
[2024-04-26T21:32:35.884-0300] {logging_mixin.py:188} INFO - [2024-04-26T21:32:35.883-0300] {dagbag.py:540} INFO - Filling up the DagBag from /home/athlon/projects/airflow/.venv/lib/python3.11/site-packages/airflow/example_dags/example_external_task_marker_dag.py
[2024-04-26T21:32:35.895-0300] {processor.py:840} INFO - DAG(s) 'example_external_task_marker_child', 'example_external_task_marker_parent' retrieved from /home/athlon/projects/airflow/.venv/lib/python3.11/site-packages/airflow/example_dags/example_external_task_marker_dag.py
[2024-04-26T21:32:35.925-0300] {logging_mixin.py:188} INFO - [2024-04-26T21:32:35.924-0300] {dag.py:3096} INFO - Sync 2 DAGs
[2024-04-26T21:32:35.942-0300] {logging_mixin.py:188} INFO - [2024-04-26T21:32:35.941-0300] {dag.py:3954} INFO - Setting next_dagrun for example_external_task_marker_child to None, run_after=None
[2024-04-26T21:32:35.947-0300] {logging_mixin.py:188} INFO - [2024-04-26T21:32:35.947-0300] {dag.py:3954} INFO - Setting next_dagrun for example_external_task_marker_parent to None, run_after=None
[2024-04-26T21:32:35.974-0300] {processor.py:183} INFO - Processing /home/athlon/projects/airflow/.venv/lib/python3.11/site-packages/airflow/example_dags/example_external_task_marker_dag.py took 0.109 seconds
[2024-04-26T21:33:32.472-0300] {processor.py:161} INFO - Started process (PID=18993) to work on /home/athlon/projects/airflow/.venv/lib/python3.11/site-packages/airflow/example_dags/example_external_task_marker_dag.py
[2024-04-26T21:33:32.476-0300] {processor.py:830} INFO - Processing file /home/athlon/projects/airflow/.venv/lib/python3.11/site-packages/airflow/example_dags/example_external_task_marker_dag.py for tasks to queue
[2024-04-26T21:33:32.479-0300] {logging_mixin.py:188} INFO - [2024-04-26T21:33:32.478-0300] {dagbag.py:540} INFO - Filling up the DagBag from /home/athlon/projects/airflow/.venv/lib/python3.11/site-packages/airflow/example_dags/example_external_task_marker_dag.py
[2024-04-26T21:33:32.499-0300] {processor.py:840} INFO - DAG(s) 'example_external_task_marker_child', 'example_external_task_marker_parent' retrieved from /home/athlon/projects/airflow/.venv/lib/python3.11/site-packages/airflow/example_dags/example_external_task_marker_dag.py
[2024-04-26T21:33:32.552-0300] {logging_mixin.py:188} INFO - [2024-04-26T21:33:32.551-0300] {dag.py:3096} INFO - Sync 2 DAGs
[2024-04-26T21:33:32.579-0300] {logging_mixin.py:188} INFO - [2024-04-26T21:33:32.578-0300] {dag.py:3954} INFO - Setting next_dagrun for example_external_task_marker_child to None, run_after=None
[2024-04-26T21:33:32.587-0300] {logging_mixin.py:188} INFO - [2024-04-26T21:33:32.587-0300] {dag.py:3954} INFO - Setting next_dagrun for example_external_task_marker_parent to None, run_after=None
[2024-04-26T21:33:32.632-0300] {processor.py:183} INFO - Processing /home/athlon/projects/airflow/.venv/lib/python3.11/site-packages/airflow/example_dags/example_external_task_marker_dag.py took 0.176 seconds
[2024-04-26T21:34:35.902-0300] {processor.py:161} INFO - Started process (PID=19167) to work on /home/athlon/projects/airflow/.venv/lib/python3.11/site-packages/airflow/example_dags/example_external_task_marker_dag.py
[2024-04-26T21:34:35.908-0300] {processor.py:830} INFO - Processing file /home/athlon/projects/airflow/.venv/lib/python3.11/site-packages/airflow/example_dags/example_external_task_marker_dag.py for tasks to queue
[2024-04-26T21:34:35.911-0300] {logging_mixin.py:188} INFO - [2024-04-26T21:34:35.910-0300] {dagbag.py:540} INFO - Filling up the DagBag from /home/athlon/projects/airflow/.venv/lib/python3.11/site-packages/airflow/example_dags/example_external_task_marker_dag.py
[2024-04-26T21:34:35.921-0300] {processor.py:840} INFO - DAG(s) 'example_external_task_marker_child', 'example_external_task_marker_parent' retrieved from /home/athlon/projects/airflow/.venv/lib/python3.11/site-packages/airflow/example_dags/example_external_task_marker_dag.py
[2024-04-26T21:34:35.950-0300] {logging_mixin.py:188} INFO - [2024-04-26T21:34:35.949-0300] {dag.py:3096} INFO - Sync 2 DAGs
[2024-04-26T21:34:35.967-0300] {logging_mixin.py:188} INFO - [2024-04-26T21:34:35.967-0300] {dag.py:3954} INFO - Setting next_dagrun for example_external_task_marker_child to None, run_after=None
[2024-04-26T21:34:35.973-0300] {logging_mixin.py:188} INFO - [2024-04-26T21:34:35.972-0300] {dag.py:3954} INFO - Setting next_dagrun for example_external_task_marker_parent to None, run_after=None
[2024-04-26T21:34:35.999-0300] {processor.py:183} INFO - Processing /home/athlon/projects/airflow/.venv/lib/python3.11/site-packages/airflow/example_dags/example_external_task_marker_dag.py took 0.107 seconds
[2024-04-26T21:35:47.085-0300] {processor.py:161} INFO - Started process (PID=19236) to work on /home/athlon/projects/airflow/.venv/lib/python3.11/site-packages/airflow/example_dags/example_external_task_marker_dag.py
[2024-04-26T21:35:47.091-0300] {processor.py:830} INFO - Processing file /home/athlon/projects/airflow/.venv/lib/python3.11/site-packages/airflow/example_dags/example_external_task_marker_dag.py for tasks to queue
[2024-04-26T21:35:47.094-0300] {logging_mixin.py:188} INFO - [2024-04-26T21:35:47.093-0300] {dagbag.py:540} INFO - Filling up the DagBag from /home/athlon/projects/airflow/.venv/lib/python3.11/site-packages/airflow/example_dags/example_external_task_marker_dag.py
[2024-04-26T21:35:47.104-0300] {processor.py:840} INFO - DAG(s) 'example_external_task_marker_parent', 'example_external_task_marker_child' retrieved from /home/athlon/projects/airflow/.venv/lib/python3.11/site-packages/airflow/example_dags/example_external_task_marker_dag.py
[2024-04-26T21:35:47.133-0300] {logging_mixin.py:188} INFO - [2024-04-26T21:35:47.133-0300] {dag.py:3096} INFO - Sync 2 DAGs
[2024-04-26T21:35:47.149-0300] {logging_mixin.py:188} INFO - [2024-04-26T21:35:47.149-0300] {dag.py:3954} INFO - Setting next_dagrun for example_external_task_marker_child to None, run_after=None
[2024-04-26T21:35:47.154-0300] {logging_mixin.py:188} INFO - [2024-04-26T21:35:47.154-0300] {dag.py:3954} INFO - Setting next_dagrun for example_external_task_marker_parent to None, run_after=None
[2024-04-26T21:35:47.181-0300] {processor.py:183} INFO - Processing /home/athlon/projects/airflow/.venv/lib/python3.11/site-packages/airflow/example_dags/example_external_task_marker_dag.py took 0.106 seconds
[2024-04-26T21:36:46.870-0300] {processor.py:161} INFO - Started process (PID=19302) to work on /home/athlon/projects/airflow/.venv/lib/python3.11/site-packages/airflow/example_dags/example_external_task_marker_dag.py
[2024-04-26T21:36:46.876-0300] {processor.py:830} INFO - Processing file /home/athlon/projects/airflow/.venv/lib/python3.11/site-packages/airflow/example_dags/example_external_task_marker_dag.py for tasks to queue
[2024-04-26T21:36:46.878-0300] {logging_mixin.py:188} INFO - [2024-04-26T21:36:46.878-0300] {dagbag.py:540} INFO - Filling up the DagBag from /home/athlon/projects/airflow/.venv/lib/python3.11/site-packages/airflow/example_dags/example_external_task_marker_dag.py
[2024-04-26T21:36:46.889-0300] {processor.py:840} INFO - DAG(s) 'example_external_task_marker_parent', 'example_external_task_marker_child' retrieved from /home/athlon/projects/airflow/.venv/lib/python3.11/site-packages/airflow/example_dags/example_external_task_marker_dag.py
[2024-04-26T21:36:46.918-0300] {logging_mixin.py:188} INFO - [2024-04-26T21:36:46.917-0300] {dag.py:3096} INFO - Sync 2 DAGs
[2024-04-26T21:36:46.934-0300] {logging_mixin.py:188} INFO - [2024-04-26T21:36:46.934-0300] {dag.py:3954} INFO - Setting next_dagrun for example_external_task_marker_child to None, run_after=None
[2024-04-26T21:36:46.939-0300] {logging_mixin.py:188} INFO - [2024-04-26T21:36:46.939-0300] {dag.py:3954} INFO - Setting next_dagrun for example_external_task_marker_parent to None, run_after=None
[2024-04-26T21:36:46.964-0300] {processor.py:183} INFO - Processing /home/athlon/projects/airflow/.venv/lib/python3.11/site-packages/airflow/example_dags/example_external_task_marker_dag.py took 0.105 seconds
[2024-04-26T21:37:45.695-0300] {processor.py:161} INFO - Started process (PID=19368) to work on /home/athlon/projects/airflow/.venv/lib/python3.11/site-packages/airflow/example_dags/example_external_task_marker_dag.py
[2024-04-26T21:37:45.700-0300] {processor.py:830} INFO - Processing file /home/athlon/projects/airflow/.venv/lib/python3.11/site-packages/airflow/example_dags/example_external_task_marker_dag.py for tasks to queue
[2024-04-26T21:37:45.703-0300] {logging_mixin.py:188} INFO - [2024-04-26T21:37:45.702-0300] {dagbag.py:540} INFO - Filling up the DagBag from /home/athlon/projects/airflow/.venv/lib/python3.11/site-packages/airflow/example_dags/example_external_task_marker_dag.py
[2024-04-26T21:37:45.714-0300] {processor.py:840} INFO - DAG(s) 'example_external_task_marker_child', 'example_external_task_marker_parent' retrieved from /home/athlon/projects/airflow/.venv/lib/python3.11/site-packages/airflow/example_dags/example_external_task_marker_dag.py
[2024-04-26T21:37:45.742-0300] {logging_mixin.py:188} INFO - [2024-04-26T21:37:45.742-0300] {dag.py:3096} INFO - Sync 2 DAGs
[2024-04-26T21:37:45.759-0300] {logging_mixin.py:188} INFO - [2024-04-26T21:37:45.759-0300] {dag.py:3954} INFO - Setting next_dagrun for example_external_task_marker_child to None, run_after=None
[2024-04-26T21:37:45.764-0300] {logging_mixin.py:188} INFO - [2024-04-26T21:37:45.763-0300] {dag.py:3954} INFO - Setting next_dagrun for example_external_task_marker_parent to None, run_after=None
[2024-04-26T21:37:45.790-0300] {processor.py:183} INFO - Processing /home/athlon/projects/airflow/.venv/lib/python3.11/site-packages/airflow/example_dags/example_external_task_marker_dag.py took 0.105 seconds
[2024-04-26T21:38:43.792-0300] {processor.py:161} INFO - Started process (PID=19436) to work on /home/athlon/projects/airflow/.venv/lib/python3.11/site-packages/airflow/example_dags/example_external_task_marker_dag.py
[2024-04-26T21:38:43.798-0300] {processor.py:830} INFO - Processing file /home/athlon/projects/airflow/.venv/lib/python3.11/site-packages/airflow/example_dags/example_external_task_marker_dag.py for tasks to queue
[2024-04-26T21:38:43.800-0300] {logging_mixin.py:188} INFO - [2024-04-26T21:38:43.800-0300] {dagbag.py:540} INFO - Filling up the DagBag from /home/athlon/projects/airflow/.venv/lib/python3.11/site-packages/airflow/example_dags/example_external_task_marker_dag.py
[2024-04-26T21:38:43.811-0300] {processor.py:840} INFO - DAG(s) 'example_external_task_marker_parent', 'example_external_task_marker_child' retrieved from /home/athlon/projects/airflow/.venv/lib/python3.11/site-packages/airflow/example_dags/example_external_task_marker_dag.py
[2024-04-26T21:38:43.840-0300] {logging_mixin.py:188} INFO - [2024-04-26T21:38:43.839-0300] {dag.py:3096} INFO - Sync 2 DAGs
[2024-04-26T21:38:43.857-0300] {logging_mixin.py:188} INFO - [2024-04-26T21:38:43.856-0300] {dag.py:3954} INFO - Setting next_dagrun for example_external_task_marker_child to None, run_after=None
[2024-04-26T21:38:43.863-0300] {logging_mixin.py:188} INFO - [2024-04-26T21:38:43.863-0300] {dag.py:3954} INFO - Setting next_dagrun for example_external_task_marker_parent to None, run_after=None
[2024-04-26T21:38:43.890-0300] {processor.py:183} INFO - Processing /home/athlon/projects/airflow/.venv/lib/python3.11/site-packages/airflow/example_dags/example_external_task_marker_dag.py took 0.109 seconds
[2024-04-26T21:39:44.609-0300] {processor.py:161} INFO - Started process (PID=19536) to work on /home/athlon/projects/airflow/.venv/lib/python3.11/site-packages/airflow/example_dags/example_external_task_marker_dag.py
[2024-04-26T21:39:44.611-0300] {processor.py:830} INFO - Processing file /home/athlon/projects/airflow/.venv/lib/python3.11/site-packages/airflow/example_dags/example_external_task_marker_dag.py for tasks to queue
[2024-04-26T21:39:44.615-0300] {logging_mixin.py:188} INFO - [2024-04-26T21:39:44.614-0300] {dagbag.py:540} INFO - Filling up the DagBag from /home/athlon/projects/airflow/.venv/lib/python3.11/site-packages/airflow/example_dags/example_external_task_marker_dag.py
[2024-04-26T21:39:44.629-0300] {processor.py:840} INFO - DAG(s) 'example_external_task_marker_child', 'example_external_task_marker_parent' retrieved from /home/athlon/projects/airflow/.venv/lib/python3.11/site-packages/airflow/example_dags/example_external_task_marker_dag.py
[2024-04-26T21:39:44.670-0300] {logging_mixin.py:188} INFO - [2024-04-26T21:39:44.669-0300] {dag.py:3096} INFO - Sync 2 DAGs
[2024-04-26T21:39:44.699-0300] {logging_mixin.py:188} INFO - [2024-04-26T21:39:44.698-0300] {dag.py:3954} INFO - Setting next_dagrun for example_external_task_marker_child to None, run_after=None
[2024-04-26T21:39:44.707-0300] {logging_mixin.py:188} INFO - [2024-04-26T21:39:44.706-0300] {dag.py:3954} INFO - Setting next_dagrun for example_external_task_marker_parent to None, run_after=None
[2024-04-26T21:39:44.736-0300] {processor.py:183} INFO - Processing /home/athlon/projects/airflow/.venv/lib/python3.11/site-packages/airflow/example_dags/example_external_task_marker_dag.py took 0.140 seconds
[2024-04-26T21:40:44.352-0300] {processor.py:161} INFO - Started process (PID=19707) to work on /home/athlon/projects/airflow/.venv/lib/python3.11/site-packages/airflow/example_dags/example_external_task_marker_dag.py
[2024-04-26T21:40:44.358-0300] {processor.py:830} INFO - Processing file /home/athlon/projects/airflow/.venv/lib/python3.11/site-packages/airflow/example_dags/example_external_task_marker_dag.py for tasks to queue
[2024-04-26T21:40:44.360-0300] {logging_mixin.py:188} INFO - [2024-04-26T21:40:44.360-0300] {dagbag.py:540} INFO - Filling up the DagBag from /home/athlon/projects/airflow/.venv/lib/python3.11/site-packages/airflow/example_dags/example_external_task_marker_dag.py
[2024-04-26T21:40:44.371-0300] {processor.py:840} INFO - DAG(s) 'example_external_task_marker_child', 'example_external_task_marker_parent' retrieved from /home/athlon/projects/airflow/.venv/lib/python3.11/site-packages/airflow/example_dags/example_external_task_marker_dag.py
[2024-04-26T21:40:44.398-0300] {logging_mixin.py:188} INFO - [2024-04-26T21:40:44.397-0300] {dag.py:3096} INFO - Sync 2 DAGs
[2024-04-26T21:40:44.416-0300] {logging_mixin.py:188} INFO - [2024-04-26T21:40:44.416-0300] {dag.py:3954} INFO - Setting next_dagrun for example_external_task_marker_child to None, run_after=None
[2024-04-26T21:40:44.421-0300] {logging_mixin.py:188} INFO - [2024-04-26T21:40:44.421-0300] {dag.py:3954} INFO - Setting next_dagrun for example_external_task_marker_parent to None, run_after=None
[2024-04-26T21:40:44.448-0300] {processor.py:183} INFO - Processing /home/athlon/projects/airflow/.venv/lib/python3.11/site-packages/airflow/example_dags/example_external_task_marker_dag.py took 0.105 seconds
[2024-04-26T21:41:42.665-0300] {processor.py:161} INFO - Started process (PID=19775) to work on /home/athlon/projects/airflow/.venv/lib/python3.11/site-packages/airflow/example_dags/example_external_task_marker_dag.py
[2024-04-26T21:41:42.671-0300] {processor.py:830} INFO - Processing file /home/athlon/projects/airflow/.venv/lib/python3.11/site-packages/airflow/example_dags/example_external_task_marker_dag.py for tasks to queue
[2024-04-26T21:41:42.674-0300] {logging_mixin.py:188} INFO - [2024-04-26T21:41:42.673-0300] {dagbag.py:540} INFO - Filling up the DagBag from /home/athlon/projects/airflow/.venv/lib/python3.11/site-packages/airflow/example_dags/example_external_task_marker_dag.py
[2024-04-26T21:41:42.685-0300] {processor.py:840} INFO - DAG(s) 'example_external_task_marker_child', 'example_external_task_marker_parent' retrieved from /home/athlon/projects/airflow/.venv/lib/python3.11/site-packages/airflow/example_dags/example_external_task_marker_dag.py
[2024-04-26T21:41:42.714-0300] {logging_mixin.py:188} INFO - [2024-04-26T21:41:42.713-0300] {dag.py:3096} INFO - Sync 2 DAGs
[2024-04-26T21:41:42.731-0300] {logging_mixin.py:188} INFO - [2024-04-26T21:41:42.730-0300] {dag.py:3954} INFO - Setting next_dagrun for example_external_task_marker_child to None, run_after=None
[2024-04-26T21:41:42.736-0300] {logging_mixin.py:188} INFO - [2024-04-26T21:41:42.735-0300] {dag.py:3954} INFO - Setting next_dagrun for example_external_task_marker_parent to None, run_after=None
[2024-04-26T21:41:42.762-0300] {processor.py:183} INFO - Processing /home/athlon/projects/airflow/.venv/lib/python3.11/site-packages/airflow/example_dags/example_external_task_marker_dag.py took 0.108 seconds
[2024-04-26T21:42:39.883-0300] {processor.py:161} INFO - Started process (PID=19845) to work on /home/athlon/projects/airflow/.venv/lib/python3.11/site-packages/airflow/example_dags/example_external_task_marker_dag.py
[2024-04-26T21:42:39.888-0300] {processor.py:830} INFO - Processing file /home/athlon/projects/airflow/.venv/lib/python3.11/site-packages/airflow/example_dags/example_external_task_marker_dag.py for tasks to queue
[2024-04-26T21:42:39.891-0300] {logging_mixin.py:188} INFO - [2024-04-26T21:42:39.890-0300] {dagbag.py:540} INFO - Filling up the DagBag from /home/athlon/projects/airflow/.venv/lib/python3.11/site-packages/airflow/example_dags/example_external_task_marker_dag.py
[2024-04-26T21:42:39.902-0300] {processor.py:840} INFO - DAG(s) 'example_external_task_marker_parent', 'example_external_task_marker_child' retrieved from /home/athlon/projects/airflow/.venv/lib/python3.11/site-packages/airflow/example_dags/example_external_task_marker_dag.py
[2024-04-26T21:42:39.931-0300] {logging_mixin.py:188} INFO - [2024-04-26T21:42:39.930-0300] {dag.py:3096} INFO - Sync 2 DAGs
[2024-04-26T21:42:39.949-0300] {logging_mixin.py:188} INFO - [2024-04-26T21:42:39.948-0300] {dag.py:3954} INFO - Setting next_dagrun for example_external_task_marker_child to None, run_after=None
[2024-04-26T21:42:39.953-0300] {logging_mixin.py:188} INFO - [2024-04-26T21:42:39.953-0300] {dag.py:3954} INFO - Setting next_dagrun for example_external_task_marker_parent to None, run_after=None
[2024-04-26T21:42:39.980-0300] {processor.py:183} INFO - Processing /home/athlon/projects/airflow/.venv/lib/python3.11/site-packages/airflow/example_dags/example_external_task_marker_dag.py took 0.107 seconds
[2024-04-26T21:43:40.094-0300] {processor.py:161} INFO - Started process (PID=19911) to work on /home/athlon/projects/airflow/.venv/lib/python3.11/site-packages/airflow/example_dags/example_external_task_marker_dag.py
[2024-04-26T21:43:40.100-0300] {processor.py:830} INFO - Processing file /home/athlon/projects/airflow/.venv/lib/python3.11/site-packages/airflow/example_dags/example_external_task_marker_dag.py for tasks to queue
[2024-04-26T21:43:40.102-0300] {logging_mixin.py:188} INFO - [2024-04-26T21:43:40.102-0300] {dagbag.py:540} INFO - Filling up the DagBag from /home/athlon/projects/airflow/.venv/lib/python3.11/site-packages/airflow/example_dags/example_external_task_marker_dag.py
[2024-04-26T21:43:40.114-0300] {processor.py:840} INFO - DAG(s) 'example_external_task_marker_parent', 'example_external_task_marker_child' retrieved from /home/athlon/projects/airflow/.venv/lib/python3.11/site-packages/airflow/example_dags/example_external_task_marker_dag.py
[2024-04-26T21:43:40.143-0300] {logging_mixin.py:188} INFO - [2024-04-26T21:43:40.142-0300] {dag.py:3096} INFO - Sync 2 DAGs
[2024-04-26T21:43:40.166-0300] {logging_mixin.py:188} INFO - [2024-04-26T21:43:40.166-0300] {dag.py:3954} INFO - Setting next_dagrun for example_external_task_marker_child to None, run_after=None
[2024-04-26T21:43:40.175-0300] {logging_mixin.py:188} INFO - [2024-04-26T21:43:40.175-0300] {dag.py:3954} INFO - Setting next_dagrun for example_external_task_marker_parent to None, run_after=None
[2024-04-26T21:43:40.228-0300] {processor.py:183} INFO - Processing /home/athlon/projects/airflow/.venv/lib/python3.11/site-packages/airflow/example_dags/example_external_task_marker_dag.py took 0.145 seconds
[2024-04-26T21:44:35.168-0300] {processor.py:161} INFO - Started process (PID=19983) to work on /home/athlon/projects/airflow/.venv/lib/python3.11/site-packages/airflow/example_dags/example_external_task_marker_dag.py
[2024-04-26T21:44:35.173-0300] {processor.py:830} INFO - Processing file /home/athlon/projects/airflow/.venv/lib/python3.11/site-packages/airflow/example_dags/example_external_task_marker_dag.py for tasks to queue
[2024-04-26T21:44:35.176-0300] {logging_mixin.py:188} INFO - [2024-04-26T21:44:35.176-0300] {dagbag.py:540} INFO - Filling up the DagBag from /home/athlon/projects/airflow/.venv/lib/python3.11/site-packages/airflow/example_dags/example_external_task_marker_dag.py
[2024-04-26T21:44:35.187-0300] {processor.py:840} INFO - DAG(s) 'example_external_task_marker_parent', 'example_external_task_marker_child' retrieved from /home/athlon/projects/airflow/.venv/lib/python3.11/site-packages/airflow/example_dags/example_external_task_marker_dag.py
[2024-04-26T21:44:35.224-0300] {logging_mixin.py:188} INFO - [2024-04-26T21:44:35.224-0300] {dag.py:3096} INFO - Sync 2 DAGs
[2024-04-26T21:44:35.242-0300] {logging_mixin.py:188} INFO - [2024-04-26T21:44:35.241-0300] {dag.py:3954} INFO - Setting next_dagrun for example_external_task_marker_child to None, run_after=None
[2024-04-26T21:44:35.247-0300] {logging_mixin.py:188} INFO - [2024-04-26T21:44:35.246-0300] {dag.py:3954} INFO - Setting next_dagrun for example_external_task_marker_parent to None, run_after=None
[2024-04-26T21:44:35.273-0300] {processor.py:183} INFO - Processing /home/athlon/projects/airflow/.venv/lib/python3.11/site-packages/airflow/example_dags/example_external_task_marker_dag.py took 0.116 seconds
[2024-04-26T21:45:46.819-0300] {processor.py:161} INFO - Started process (PID=20064) to work on /home/athlon/projects/airflow/.venv/lib/python3.11/site-packages/airflow/example_dags/example_external_task_marker_dag.py
[2024-04-26T21:45:46.825-0300] {processor.py:830} INFO - Processing file /home/athlon/projects/airflow/.venv/lib/python3.11/site-packages/airflow/example_dags/example_external_task_marker_dag.py for tasks to queue
[2024-04-26T21:45:46.828-0300] {logging_mixin.py:188} INFO - [2024-04-26T21:45:46.827-0300] {dagbag.py:540} INFO - Filling up the DagBag from /home/athlon/projects/airflow/.venv/lib/python3.11/site-packages/airflow/example_dags/example_external_task_marker_dag.py
[2024-04-26T21:45:46.841-0300] {processor.py:840} INFO - DAG(s) 'example_external_task_marker_child', 'example_external_task_marker_parent' retrieved from /home/athlon/projects/airflow/.venv/lib/python3.11/site-packages/airflow/example_dags/example_external_task_marker_dag.py
[2024-04-26T21:45:46.869-0300] {logging_mixin.py:188} INFO - [2024-04-26T21:45:46.869-0300] {dag.py:3096} INFO - Sync 2 DAGs
[2024-04-26T21:45:46.887-0300] {logging_mixin.py:188} INFO - [2024-04-26T21:45:46.887-0300] {dag.py:3954} INFO - Setting next_dagrun for example_external_task_marker_child to None, run_after=None
[2024-04-26T21:45:46.892-0300] {logging_mixin.py:188} INFO - [2024-04-26T21:45:46.892-0300] {dag.py:3954} INFO - Setting next_dagrun for example_external_task_marker_parent to None, run_after=None
[2024-04-26T21:45:46.918-0300] {processor.py:183} INFO - Processing /home/athlon/projects/airflow/.venv/lib/python3.11/site-packages/airflow/example_dags/example_external_task_marker_dag.py took 0.110 seconds
[2024-04-26T21:46:46.012-0300] {processor.py:161} INFO - Started process (PID=20128) to work on /home/athlon/projects/airflow/.venv/lib/python3.11/site-packages/airflow/example_dags/example_external_task_marker_dag.py
[2024-04-26T21:46:46.017-0300] {processor.py:830} INFO - Processing file /home/athlon/projects/airflow/.venv/lib/python3.11/site-packages/airflow/example_dags/example_external_task_marker_dag.py for tasks to queue
[2024-04-26T21:46:46.020-0300] {logging_mixin.py:188} INFO - [2024-04-26T21:46:46.020-0300] {dagbag.py:540} INFO - Filling up the DagBag from /home/athlon/projects/airflow/.venv/lib/python3.11/site-packages/airflow/example_dags/example_external_task_marker_dag.py
[2024-04-26T21:46:46.032-0300] {processor.py:840} INFO - DAG(s) 'example_external_task_marker_parent', 'example_external_task_marker_child' retrieved from /home/athlon/projects/airflow/.venv/lib/python3.11/site-packages/airflow/example_dags/example_external_task_marker_dag.py
[2024-04-26T21:46:46.061-0300] {logging_mixin.py:188} INFO - [2024-04-26T21:46:46.061-0300] {dag.py:3096} INFO - Sync 2 DAGs
[2024-04-26T21:46:46.079-0300] {logging_mixin.py:188} INFO - [2024-04-26T21:46:46.079-0300] {dag.py:3954} INFO - Setting next_dagrun for example_external_task_marker_child to None, run_after=None
[2024-04-26T21:46:46.084-0300] {logging_mixin.py:188} INFO - [2024-04-26T21:46:46.084-0300] {dag.py:3954} INFO - Setting next_dagrun for example_external_task_marker_parent to None, run_after=None
[2024-04-26T21:46:46.111-0300] {processor.py:183} INFO - Processing /home/athlon/projects/airflow/.venv/lib/python3.11/site-packages/airflow/example_dags/example_external_task_marker_dag.py took 0.110 seconds
[2024-04-26T21:47:42.745-0300] {processor.py:161} INFO - Started process (PID=20195) to work on /home/athlon/projects/airflow/.venv/lib/python3.11/site-packages/airflow/example_dags/example_external_task_marker_dag.py
[2024-04-26T21:47:42.751-0300] {processor.py:830} INFO - Processing file /home/athlon/projects/airflow/.venv/lib/python3.11/site-packages/airflow/example_dags/example_external_task_marker_dag.py for tasks to queue
[2024-04-26T21:47:42.753-0300] {logging_mixin.py:188} INFO - [2024-04-26T21:47:42.753-0300] {dagbag.py:540} INFO - Filling up the DagBag from /home/athlon/projects/airflow/.venv/lib/python3.11/site-packages/airflow/example_dags/example_external_task_marker_dag.py
[2024-04-26T21:47:42.765-0300] {processor.py:840} INFO - DAG(s) 'example_external_task_marker_child', 'example_external_task_marker_parent' retrieved from /home/athlon/projects/airflow/.venv/lib/python3.11/site-packages/airflow/example_dags/example_external_task_marker_dag.py
[2024-04-26T21:47:42.793-0300] {logging_mixin.py:188} INFO - [2024-04-26T21:47:42.793-0300] {dag.py:3096} INFO - Sync 2 DAGs
[2024-04-26T21:47:42.813-0300] {logging_mixin.py:188} INFO - [2024-04-26T21:47:42.812-0300] {dag.py:3954} INFO - Setting next_dagrun for example_external_task_marker_child to None, run_after=None
[2024-04-26T21:47:42.818-0300] {logging_mixin.py:188} INFO - [2024-04-26T21:47:42.818-0300] {dag.py:3954} INFO - Setting next_dagrun for example_external_task_marker_parent to None, run_after=None
[2024-04-26T21:47:42.847-0300] {processor.py:183} INFO - Processing /home/athlon/projects/airflow/.venv/lib/python3.11/site-packages/airflow/example_dags/example_external_task_marker_dag.py took 0.113 seconds
[2024-04-26T21:48:38.593-0300] {processor.py:161} INFO - Started process (PID=20257) to work on /home/athlon/projects/airflow/.venv/lib/python3.11/site-packages/airflow/example_dags/example_external_task_marker_dag.py
[2024-04-26T21:48:38.599-0300] {processor.py:830} INFO - Processing file /home/athlon/projects/airflow/.venv/lib/python3.11/site-packages/airflow/example_dags/example_external_task_marker_dag.py for tasks to queue
[2024-04-26T21:48:38.602-0300] {logging_mixin.py:188} INFO - [2024-04-26T21:48:38.601-0300] {dagbag.py:540} INFO - Filling up the DagBag from /home/athlon/projects/airflow/.venv/lib/python3.11/site-packages/airflow/example_dags/example_external_task_marker_dag.py
[2024-04-26T21:48:38.613-0300] {processor.py:840} INFO - DAG(s) 'example_external_task_marker_parent', 'example_external_task_marker_child' retrieved from /home/athlon/projects/airflow/.venv/lib/python3.11/site-packages/airflow/example_dags/example_external_task_marker_dag.py
[2024-04-26T21:48:38.642-0300] {logging_mixin.py:188} INFO - [2024-04-26T21:48:38.642-0300] {dag.py:3096} INFO - Sync 2 DAGs
[2024-04-26T21:48:38.659-0300] {logging_mixin.py:188} INFO - [2024-04-26T21:48:38.659-0300] {dag.py:3954} INFO - Setting next_dagrun for example_external_task_marker_child to None, run_after=None
[2024-04-26T21:48:38.664-0300] {logging_mixin.py:188} INFO - [2024-04-26T21:48:38.664-0300] {dag.py:3954} INFO - Setting next_dagrun for example_external_task_marker_parent to None, run_after=None
[2024-04-26T21:48:38.691-0300] {processor.py:183} INFO - Processing /home/athlon/projects/airflow/.venv/lib/python3.11/site-packages/airflow/example_dags/example_external_task_marker_dag.py took 0.109 seconds
[2024-04-26T21:49:31.529-0300] {processor.py:161} INFO - Started process (PID=20324) to work on /home/athlon/projects/airflow/.venv/lib/python3.11/site-packages/airflow/example_dags/example_external_task_marker_dag.py
[2024-04-26T21:49:31.535-0300] {processor.py:830} INFO - Processing file /home/athlon/projects/airflow/.venv/lib/python3.11/site-packages/airflow/example_dags/example_external_task_marker_dag.py for tasks to queue
[2024-04-26T21:49:31.538-0300] {logging_mixin.py:188} INFO - [2024-04-26T21:49:31.537-0300] {dagbag.py:540} INFO - Filling up the DagBag from /home/athlon/projects/airflow/.venv/lib/python3.11/site-packages/airflow/example_dags/example_external_task_marker_dag.py
[2024-04-26T21:49:31.549-0300] {processor.py:840} INFO - DAG(s) 'example_external_task_marker_child', 'example_external_task_marker_parent' retrieved from /home/athlon/projects/airflow/.venv/lib/python3.11/site-packages/airflow/example_dags/example_external_task_marker_dag.py
[2024-04-26T21:49:31.579-0300] {logging_mixin.py:188} INFO - [2024-04-26T21:49:31.578-0300] {dag.py:3096} INFO - Sync 2 DAGs
[2024-04-26T21:49:31.596-0300] {logging_mixin.py:188} INFO - [2024-04-26T21:49:31.596-0300] {dag.py:3954} INFO - Setting next_dagrun for example_external_task_marker_child to None, run_after=None
[2024-04-26T21:49:31.601-0300] {logging_mixin.py:188} INFO - [2024-04-26T21:49:31.601-0300] {dag.py:3954} INFO - Setting next_dagrun for example_external_task_marker_parent to None, run_after=None
[2024-04-26T21:49:31.628-0300] {processor.py:183} INFO - Processing /home/athlon/projects/airflow/.venv/lib/python3.11/site-packages/airflow/example_dags/example_external_task_marker_dag.py took 0.109 seconds
[2024-04-26T21:50:29.351-0300] {processor.py:161} INFO - Started process (PID=20390) to work on /home/athlon/projects/airflow/.venv/lib/python3.11/site-packages/airflow/example_dags/example_external_task_marker_dag.py
[2024-04-26T21:50:29.357-0300] {processor.py:830} INFO - Processing file /home/athlon/projects/airflow/.venv/lib/python3.11/site-packages/airflow/example_dags/example_external_task_marker_dag.py for tasks to queue
[2024-04-26T21:50:29.359-0300] {logging_mixin.py:188} INFO - [2024-04-26T21:50:29.359-0300] {dagbag.py:540} INFO - Filling up the DagBag from /home/athlon/projects/airflow/.venv/lib/python3.11/site-packages/airflow/example_dags/example_external_task_marker_dag.py
[2024-04-26T21:50:29.373-0300] {processor.py:840} INFO - DAG(s) 'example_external_task_marker_child', 'example_external_task_marker_parent' retrieved from /home/athlon/projects/airflow/.venv/lib/python3.11/site-packages/airflow/example_dags/example_external_task_marker_dag.py
[2024-04-26T21:50:29.402-0300] {logging_mixin.py:188} INFO - [2024-04-26T21:50:29.402-0300] {dag.py:3096} INFO - Sync 2 DAGs
[2024-04-26T21:50:29.420-0300] {logging_mixin.py:188} INFO - [2024-04-26T21:50:29.420-0300] {dag.py:3954} INFO - Setting next_dagrun for example_external_task_marker_child to None, run_after=None
[2024-04-26T21:50:29.425-0300] {logging_mixin.py:188} INFO - [2024-04-26T21:50:29.425-0300] {dag.py:3954} INFO - Setting next_dagrun for example_external_task_marker_parent to None, run_after=None
[2024-04-26T21:50:29.453-0300] {processor.py:183} INFO - Processing /home/athlon/projects/airflow/.venv/lib/python3.11/site-packages/airflow/example_dags/example_external_task_marker_dag.py took 0.112 seconds
[2024-04-26T21:51:25.958-0300] {processor.py:161} INFO - Started process (PID=20463) to work on /home/athlon/projects/airflow/.venv/lib/python3.11/site-packages/airflow/example_dags/example_external_task_marker_dag.py
[2024-04-26T21:51:25.959-0300] {processor.py:830} INFO - Processing file /home/athlon/projects/airflow/.venv/lib/python3.11/site-packages/airflow/example_dags/example_external_task_marker_dag.py for tasks to queue
[2024-04-26T21:51:25.962-0300] {logging_mixin.py:188} INFO - [2024-04-26T21:51:25.961-0300] {dagbag.py:540} INFO - Filling up the DagBag from /home/athlon/projects/airflow/.venv/lib/python3.11/site-packages/airflow/example_dags/example_external_task_marker_dag.py
[2024-04-26T21:51:25.972-0300] {processor.py:840} INFO - DAG(s) 'example_external_task_marker_parent', 'example_external_task_marker_child' retrieved from /home/athlon/projects/airflow/.venv/lib/python3.11/site-packages/airflow/example_dags/example_external_task_marker_dag.py
[2024-04-26T21:51:26.010-0300] {logging_mixin.py:188} INFO - [2024-04-26T21:51:26.010-0300] {dag.py:3096} INFO - Sync 2 DAGs
[2024-04-26T21:51:26.029-0300] {logging_mixin.py:188} INFO - [2024-04-26T21:51:26.029-0300] {dag.py:3954} INFO - Setting next_dagrun for example_external_task_marker_child to None, run_after=None
[2024-04-26T21:51:26.036-0300] {logging_mixin.py:188} INFO - [2024-04-26T21:51:26.036-0300] {dag.py:3954} INFO - Setting next_dagrun for example_external_task_marker_parent to None, run_after=None
[2024-04-26T21:51:26.065-0300] {processor.py:183} INFO - Processing /home/athlon/projects/airflow/.venv/lib/python3.11/site-packages/airflow/example_dags/example_external_task_marker_dag.py took 0.115 seconds
[2024-04-26T21:52:21.855-0300] {processor.py:161} INFO - Started process (PID=20551) to work on /home/athlon/projects/airflow/.venv/lib/python3.11/site-packages/airflow/example_dags/example_external_task_marker_dag.py
[2024-04-26T21:52:21.859-0300] {processor.py:830} INFO - Processing file /home/athlon/projects/airflow/.venv/lib/python3.11/site-packages/airflow/example_dags/example_external_task_marker_dag.py for tasks to queue
[2024-04-26T21:52:21.862-0300] {logging_mixin.py:188} INFO - [2024-04-26T21:52:21.861-0300] {dagbag.py:540} INFO - Filling up the DagBag from /home/athlon/projects/airflow/.venv/lib/python3.11/site-packages/airflow/example_dags/example_external_task_marker_dag.py
[2024-04-26T21:52:21.880-0300] {processor.py:840} INFO - DAG(s) 'example_external_task_marker_parent', 'example_external_task_marker_child' retrieved from /home/athlon/projects/airflow/.venv/lib/python3.11/site-packages/airflow/example_dags/example_external_task_marker_dag.py
[2024-04-26T21:52:21.929-0300] {logging_mixin.py:188} INFO - [2024-04-26T21:52:21.929-0300] {dag.py:3096} INFO - Sync 2 DAGs
[2024-04-26T21:52:21.965-0300] {logging_mixin.py:188} INFO - [2024-04-26T21:52:21.965-0300] {dag.py:3954} INFO - Setting next_dagrun for example_external_task_marker_child to None, run_after=None
[2024-04-26T21:52:21.974-0300] {logging_mixin.py:188} INFO - [2024-04-26T21:52:21.974-0300] {dag.py:3954} INFO - Setting next_dagrun for example_external_task_marker_parent to None, run_after=None
[2024-04-26T21:52:22.035-0300] {processor.py:183} INFO - Processing /home/athlon/projects/airflow/.venv/lib/python3.11/site-packages/airflow/example_dags/example_external_task_marker_dag.py took 0.196 seconds
[2024-04-26T21:53:18.400-0300] {processor.py:161} INFO - Started process (PID=20702) to work on /home/athlon/projects/airflow/.venv/lib/python3.11/site-packages/airflow/example_dags/example_external_task_marker_dag.py
[2024-04-26T21:53:18.406-0300] {processor.py:830} INFO - Processing file /home/athlon/projects/airflow/.venv/lib/python3.11/site-packages/airflow/example_dags/example_external_task_marker_dag.py for tasks to queue
[2024-04-26T21:53:18.409-0300] {logging_mixin.py:188} INFO - [2024-04-26T21:53:18.408-0300] {dagbag.py:540} INFO - Filling up the DagBag from /home/athlon/projects/airflow/.venv/lib/python3.11/site-packages/airflow/example_dags/example_external_task_marker_dag.py
[2024-04-26T21:53:18.421-0300] {processor.py:840} INFO - DAG(s) 'example_external_task_marker_parent', 'example_external_task_marker_child' retrieved from /home/athlon/projects/airflow/.venv/lib/python3.11/site-packages/airflow/example_dags/example_external_task_marker_dag.py
[2024-04-26T21:53:18.450-0300] {logging_mixin.py:188} INFO - [2024-04-26T21:53:18.450-0300] {dag.py:3096} INFO - Sync 2 DAGs
[2024-04-26T21:53:18.468-0300] {logging_mixin.py:188} INFO - [2024-04-26T21:53:18.468-0300] {dag.py:3954} INFO - Setting next_dagrun for example_external_task_marker_child to None, run_after=None
[2024-04-26T21:53:18.473-0300] {logging_mixin.py:188} INFO - [2024-04-26T21:53:18.473-0300] {dag.py:3954} INFO - Setting next_dagrun for example_external_task_marker_parent to None, run_after=None
[2024-04-26T21:53:18.500-0300] {processor.py:183} INFO - Processing /home/athlon/projects/airflow/.venv/lib/python3.11/site-packages/airflow/example_dags/example_external_task_marker_dag.py took 0.111 seconds
[2024-04-26T21:54:15.574-0300] {processor.py:161} INFO - Started process (PID=20801) to work on /home/athlon/projects/airflow/.venv/lib/python3.11/site-packages/airflow/example_dags/example_external_task_marker_dag.py
[2024-04-26T21:54:15.580-0300] {processor.py:830} INFO - Processing file /home/athlon/projects/airflow/.venv/lib/python3.11/site-packages/airflow/example_dags/example_external_task_marker_dag.py for tasks to queue
[2024-04-26T21:54:15.583-0300] {logging_mixin.py:188} INFO - [2024-04-26T21:54:15.582-0300] {dagbag.py:540} INFO - Filling up the DagBag from /home/athlon/projects/airflow/.venv/lib/python3.11/site-packages/airflow/example_dags/example_external_task_marker_dag.py
[2024-04-26T21:54:15.595-0300] {processor.py:840} INFO - DAG(s) 'example_external_task_marker_child', 'example_external_task_marker_parent' retrieved from /home/athlon/projects/airflow/.venv/lib/python3.11/site-packages/airflow/example_dags/example_external_task_marker_dag.py
[2024-04-26T21:54:15.624-0300] {logging_mixin.py:188} INFO - [2024-04-26T21:54:15.624-0300] {dag.py:3096} INFO - Sync 2 DAGs
[2024-04-26T21:54:15.642-0300] {logging_mixin.py:188} INFO - [2024-04-26T21:54:15.642-0300] {dag.py:3954} INFO - Setting next_dagrun for example_external_task_marker_child to None, run_after=None
[2024-04-26T21:54:15.647-0300] {logging_mixin.py:188} INFO - [2024-04-26T21:54:15.647-0300] {dag.py:3954} INFO - Setting next_dagrun for example_external_task_marker_parent to None, run_after=None
[2024-04-26T21:54:15.674-0300] {processor.py:183} INFO - Processing /home/athlon/projects/airflow/.venv/lib/python3.11/site-packages/airflow/example_dags/example_external_task_marker_dag.py took 0.112 seconds
[2024-04-26T21:55:39.218-0300] {processor.py:161} INFO - Started process (PID=21548) to work on /home/athlon/projects/airflow/.venv/lib/python3.11/site-packages/airflow/example_dags/example_external_task_marker_dag.py
[2024-04-26T21:55:39.223-0300] {processor.py:830} INFO - Processing file /home/athlon/projects/airflow/.venv/lib/python3.11/site-packages/airflow/example_dags/example_external_task_marker_dag.py for tasks to queue
[2024-04-26T21:55:39.228-0300] {logging_mixin.py:188} INFO - [2024-04-26T21:55:39.227-0300] {dagbag.py:540} INFO - Filling up the DagBag from /home/athlon/projects/airflow/.venv/lib/python3.11/site-packages/airflow/example_dags/example_external_task_marker_dag.py
[2024-04-26T21:55:39.240-0300] {processor.py:840} INFO - DAG(s) 'example_external_task_marker_child', 'example_external_task_marker_parent' retrieved from /home/athlon/projects/airflow/.venv/lib/python3.11/site-packages/airflow/example_dags/example_external_task_marker_dag.py
[2024-04-26T21:55:39.269-0300] {logging_mixin.py:188} INFO - [2024-04-26T21:55:39.269-0300] {dag.py:3096} INFO - Sync 2 DAGs
[2024-04-26T21:55:39.287-0300] {logging_mixin.py:188} INFO - [2024-04-26T21:55:39.287-0300] {dag.py:3954} INFO - Setting next_dagrun for example_external_task_marker_child to None, run_after=None
[2024-04-26T21:55:39.292-0300] {logging_mixin.py:188} INFO - [2024-04-26T21:55:39.292-0300] {dag.py:3954} INFO - Setting next_dagrun for example_external_task_marker_parent to None, run_after=None
[2024-04-26T21:55:39.319-0300] {processor.py:183} INFO - Processing /home/athlon/projects/airflow/.venv/lib/python3.11/site-packages/airflow/example_dags/example_external_task_marker_dag.py took 0.113 seconds
[2024-04-26T21:56:41.173-0300] {processor.py:161} INFO - Started process (PID=21618) to work on /home/athlon/projects/airflow/.venv/lib/python3.11/site-packages/airflow/example_dags/example_external_task_marker_dag.py
[2024-04-26T21:56:41.175-0300] {processor.py:830} INFO - Processing file /home/athlon/projects/airflow/.venv/lib/python3.11/site-packages/airflow/example_dags/example_external_task_marker_dag.py for tasks to queue
[2024-04-26T21:56:41.180-0300] {logging_mixin.py:188} INFO - [2024-04-26T21:56:41.178-0300] {dagbag.py:540} INFO - Filling up the DagBag from /home/athlon/projects/airflow/.venv/lib/python3.11/site-packages/airflow/example_dags/example_external_task_marker_dag.py
[2024-04-26T21:56:41.201-0300] {processor.py:840} INFO - DAG(s) 'example_external_task_marker_parent', 'example_external_task_marker_child' retrieved from /home/athlon/projects/airflow/.venv/lib/python3.11/site-packages/airflow/example_dags/example_external_task_marker_dag.py
[2024-04-26T21:56:41.243-0300] {logging_mixin.py:188} INFO - [2024-04-26T21:56:41.242-0300] {dag.py:3096} INFO - Sync 2 DAGs
[2024-04-26T21:56:41.263-0300] {logging_mixin.py:188} INFO - [2024-04-26T21:56:41.263-0300] {dag.py:3954} INFO - Setting next_dagrun for example_external_task_marker_child to None, run_after=None
[2024-04-26T21:56:41.270-0300] {logging_mixin.py:188} INFO - [2024-04-26T21:56:41.269-0300] {dag.py:3954} INFO - Setting next_dagrun for example_external_task_marker_parent to None, run_after=None
[2024-04-26T21:56:41.314-0300] {processor.py:183} INFO - Processing /home/athlon/projects/airflow/.venv/lib/python3.11/site-packages/airflow/example_dags/example_external_task_marker_dag.py took 0.158 seconds
[2024-04-26T21:57:40.553-0300] {processor.py:161} INFO - Started process (PID=21864) to work on /home/athlon/projects/airflow/.venv/lib/python3.11/site-packages/airflow/example_dags/example_external_task_marker_dag.py
[2024-04-26T21:57:40.559-0300] {processor.py:830} INFO - Processing file /home/athlon/projects/airflow/.venv/lib/python3.11/site-packages/airflow/example_dags/example_external_task_marker_dag.py for tasks to queue
[2024-04-26T21:57:40.562-0300] {logging_mixin.py:188} INFO - [2024-04-26T21:57:40.562-0300] {dagbag.py:540} INFO - Filling up the DagBag from /home/athlon/projects/airflow/.venv/lib/python3.11/site-packages/airflow/example_dags/example_external_task_marker_dag.py
[2024-04-26T21:57:40.576-0300] {processor.py:840} INFO - DAG(s) 'example_external_task_marker_parent', 'example_external_task_marker_child' retrieved from /home/athlon/projects/airflow/.venv/lib/python3.11/site-packages/airflow/example_dags/example_external_task_marker_dag.py
[2024-04-26T21:57:40.608-0300] {logging_mixin.py:188} INFO - [2024-04-26T21:57:40.607-0300] {dag.py:3096} INFO - Sync 2 DAGs
[2024-04-26T21:57:40.628-0300] {logging_mixin.py:188} INFO - [2024-04-26T21:57:40.627-0300] {dag.py:3954} INFO - Setting next_dagrun for example_external_task_marker_child to None, run_after=None
[2024-04-26T21:57:40.633-0300] {logging_mixin.py:188} INFO - [2024-04-26T21:57:40.633-0300] {dag.py:3954} INFO - Setting next_dagrun for example_external_task_marker_parent to None, run_after=None
[2024-04-26T21:57:40.663-0300] {processor.py:183} INFO - Processing /home/athlon/projects/airflow/.venv/lib/python3.11/site-packages/airflow/example_dags/example_external_task_marker_dag.py took 0.121 seconds
[2024-04-26T21:58:39.395-0300] {processor.py:161} INFO - Started process (PID=22042) to work on /home/athlon/projects/airflow/.venv/lib/python3.11/site-packages/airflow/example_dags/example_external_task_marker_dag.py
[2024-04-26T21:58:39.400-0300] {processor.py:830} INFO - Processing file /home/athlon/projects/airflow/.venv/lib/python3.11/site-packages/airflow/example_dags/example_external_task_marker_dag.py for tasks to queue
[2024-04-26T21:58:39.404-0300] {logging_mixin.py:188} INFO - [2024-04-26T21:58:39.403-0300] {dagbag.py:540} INFO - Filling up the DagBag from /home/athlon/projects/airflow/.venv/lib/python3.11/site-packages/airflow/example_dags/example_external_task_marker_dag.py
[2024-04-26T21:58:39.416-0300] {processor.py:840} INFO - DAG(s) 'example_external_task_marker_parent', 'example_external_task_marker_child' retrieved from /home/athlon/projects/airflow/.venv/lib/python3.11/site-packages/airflow/example_dags/example_external_task_marker_dag.py
[2024-04-26T21:58:39.446-0300] {logging_mixin.py:188} INFO - [2024-04-26T21:58:39.446-0300] {dag.py:3096} INFO - Sync 2 DAGs
[2024-04-26T21:58:39.465-0300] {logging_mixin.py:188} INFO - [2024-04-26T21:58:39.464-0300] {dag.py:3954} INFO - Setting next_dagrun for example_external_task_marker_child to None, run_after=None
[2024-04-26T21:58:39.470-0300] {logging_mixin.py:188} INFO - [2024-04-26T21:58:39.470-0300] {dag.py:3954} INFO - Setting next_dagrun for example_external_task_marker_parent to None, run_after=None
[2024-04-26T21:58:39.498-0300] {processor.py:183} INFO - Processing /home/athlon/projects/airflow/.venv/lib/python3.11/site-packages/airflow/example_dags/example_external_task_marker_dag.py took 0.115 seconds
[2024-04-26T21:59:36.760-0300] {processor.py:161} INFO - Started process (PID=22228) to work on /home/athlon/projects/airflow/.venv/lib/python3.11/site-packages/airflow/example_dags/example_external_task_marker_dag.py
[2024-04-26T21:59:36.765-0300] {processor.py:830} INFO - Processing file /home/athlon/projects/airflow/.venv/lib/python3.11/site-packages/airflow/example_dags/example_external_task_marker_dag.py for tasks to queue
[2024-04-26T21:59:36.768-0300] {logging_mixin.py:188} INFO - [2024-04-26T21:59:36.767-0300] {dagbag.py:540} INFO - Filling up the DagBag from /home/athlon/projects/airflow/.venv/lib/python3.11/site-packages/airflow/example_dags/example_external_task_marker_dag.py
[2024-04-26T21:59:36.779-0300] {processor.py:840} INFO - DAG(s) 'example_external_task_marker_parent', 'example_external_task_marker_child' retrieved from /home/athlon/projects/airflow/.venv/lib/python3.11/site-packages/airflow/example_dags/example_external_task_marker_dag.py
[2024-04-26T21:59:36.809-0300] {logging_mixin.py:188} INFO - [2024-04-26T21:59:36.808-0300] {dag.py:3096} INFO - Sync 2 DAGs
[2024-04-26T21:59:36.828-0300] {logging_mixin.py:188} INFO - [2024-04-26T21:59:36.828-0300] {dag.py:3954} INFO - Setting next_dagrun for example_external_task_marker_child to None, run_after=None
[2024-04-26T21:59:36.834-0300] {logging_mixin.py:188} INFO - [2024-04-26T21:59:36.834-0300] {dag.py:3954} INFO - Setting next_dagrun for example_external_task_marker_parent to None, run_after=None
[2024-04-26T21:59:36.872-0300] {processor.py:183} INFO - Processing /home/athlon/projects/airflow/.venv/lib/python3.11/site-packages/airflow/example_dags/example_external_task_marker_dag.py took 0.123 seconds
[2024-04-26T22:00:38.519-0300] {processor.py:161} INFO - Started process (PID=22306) to work on /home/athlon/projects/airflow/.venv/lib/python3.11/site-packages/airflow/example_dags/example_external_task_marker_dag.py
[2024-04-26T22:00:38.525-0300] {processor.py:830} INFO - Processing file /home/athlon/projects/airflow/.venv/lib/python3.11/site-packages/airflow/example_dags/example_external_task_marker_dag.py for tasks to queue
[2024-04-26T22:00:38.529-0300] {logging_mixin.py:188} INFO - [2024-04-26T22:00:38.528-0300] {dagbag.py:540} INFO - Filling up the DagBag from /home/athlon/projects/airflow/.venv/lib/python3.11/site-packages/airflow/example_dags/example_external_task_marker_dag.py
[2024-04-26T22:00:38.539-0300] {processor.py:840} INFO - DAG(s) 'example_external_task_marker_parent', 'example_external_task_marker_child' retrieved from /home/athlon/projects/airflow/.venv/lib/python3.11/site-packages/airflow/example_dags/example_external_task_marker_dag.py
[2024-04-26T22:00:38.574-0300] {logging_mixin.py:188} INFO - [2024-04-26T22:00:38.573-0300] {dag.py:3096} INFO - Sync 2 DAGs
[2024-04-26T22:00:38.601-0300] {logging_mixin.py:188} INFO - [2024-04-26T22:00:38.600-0300] {dag.py:3954} INFO - Setting next_dagrun for example_external_task_marker_child to None, run_after=None
[2024-04-26T22:00:38.607-0300] {logging_mixin.py:188} INFO - [2024-04-26T22:00:38.607-0300] {dag.py:3954} INFO - Setting next_dagrun for example_external_task_marker_parent to None, run_after=None
[2024-04-26T22:00:38.640-0300] {processor.py:183} INFO - Processing /home/athlon/projects/airflow/.venv/lib/python3.11/site-packages/airflow/example_dags/example_external_task_marker_dag.py took 0.134 seconds
[2024-04-26T22:01:41.085-0300] {processor.py:161} INFO - Started process (PID=22376) to work on /home/athlon/projects/airflow/.venv/lib/python3.11/site-packages/airflow/example_dags/example_external_task_marker_dag.py
[2024-04-26T22:01:41.091-0300] {processor.py:830} INFO - Processing file /home/athlon/projects/airflow/.venv/lib/python3.11/site-packages/airflow/example_dags/example_external_task_marker_dag.py for tasks to queue
[2024-04-26T22:01:41.095-0300] {logging_mixin.py:188} INFO - [2024-04-26T22:01:41.094-0300] {dagbag.py:540} INFO - Filling up the DagBag from /home/athlon/projects/airflow/.venv/lib/python3.11/site-packages/airflow/example_dags/example_external_task_marker_dag.py
[2024-04-26T22:01:41.106-0300] {processor.py:840} INFO - DAG(s) 'example_external_task_marker_child', 'example_external_task_marker_parent' retrieved from /home/athlon/projects/airflow/.venv/lib/python3.11/site-packages/airflow/example_dags/example_external_task_marker_dag.py
[2024-04-26T22:01:41.134-0300] {logging_mixin.py:188} INFO - [2024-04-26T22:01:41.133-0300] {dag.py:3096} INFO - Sync 2 DAGs
[2024-04-26T22:01:41.152-0300] {logging_mixin.py:188} INFO - [2024-04-26T22:01:41.151-0300] {dag.py:3954} INFO - Setting next_dagrun for example_external_task_marker_child to None, run_after=None
[2024-04-26T22:01:41.157-0300] {logging_mixin.py:188} INFO - [2024-04-26T22:01:41.157-0300] {dag.py:3954} INFO - Setting next_dagrun for example_external_task_marker_parent to None, run_after=None
[2024-04-26T22:01:41.185-0300] {processor.py:183} INFO - Processing /home/athlon/projects/airflow/.venv/lib/python3.11/site-packages/airflow/example_dags/example_external_task_marker_dag.py took 0.111 seconds
[2024-04-26T22:02:45.589-0300] {processor.py:161} INFO - Started process (PID=22446) to work on /home/athlon/projects/airflow/.venv/lib/python3.11/site-packages/airflow/example_dags/example_external_task_marker_dag.py
[2024-04-26T22:02:45.595-0300] {processor.py:830} INFO - Processing file /home/athlon/projects/airflow/.venv/lib/python3.11/site-packages/airflow/example_dags/example_external_task_marker_dag.py for tasks to queue
[2024-04-26T22:02:45.599-0300] {logging_mixin.py:188} INFO - [2024-04-26T22:02:45.598-0300] {dagbag.py:540} INFO - Filling up the DagBag from /home/athlon/projects/airflow/.venv/lib/python3.11/site-packages/airflow/example_dags/example_external_task_marker_dag.py
[2024-04-26T22:02:45.613-0300] {processor.py:840} INFO - DAG(s) 'example_external_task_marker_child', 'example_external_task_marker_parent' retrieved from /home/athlon/projects/airflow/.venv/lib/python3.11/site-packages/airflow/example_dags/example_external_task_marker_dag.py
[2024-04-26T22:02:45.647-0300] {logging_mixin.py:188} INFO - [2024-04-26T22:02:45.646-0300] {dag.py:3096} INFO - Sync 2 DAGs
[2024-04-26T22:02:45.667-0300] {logging_mixin.py:188} INFO - [2024-04-26T22:02:45.667-0300] {dag.py:3954} INFO - Setting next_dagrun for example_external_task_marker_child to None, run_after=None
[2024-04-26T22:02:45.675-0300] {logging_mixin.py:188} INFO - [2024-04-26T22:02:45.675-0300] {dag.py:3954} INFO - Setting next_dagrun for example_external_task_marker_parent to None, run_after=None
[2024-04-26T22:02:45.710-0300] {processor.py:183} INFO - Processing /home/athlon/projects/airflow/.venv/lib/python3.11/site-packages/airflow/example_dags/example_external_task_marker_dag.py took 0.133 seconds
[2024-04-26T22:03:47.106-0300] {processor.py:161} INFO - Started process (PID=22525) to work on /home/athlon/projects/airflow/.venv/lib/python3.11/site-packages/airflow/example_dags/example_external_task_marker_dag.py
[2024-04-26T22:03:47.112-0300] {processor.py:830} INFO - Processing file /home/athlon/projects/airflow/.venv/lib/python3.11/site-packages/airflow/example_dags/example_external_task_marker_dag.py for tasks to queue
[2024-04-26T22:03:47.115-0300] {logging_mixin.py:188} INFO - [2024-04-26T22:03:47.114-0300] {dagbag.py:540} INFO - Filling up the DagBag from /home/athlon/projects/airflow/.venv/lib/python3.11/site-packages/airflow/example_dags/example_external_task_marker_dag.py
[2024-04-26T22:03:47.125-0300] {processor.py:840} INFO - DAG(s) 'example_external_task_marker_child', 'example_external_task_marker_parent' retrieved from /home/athlon/projects/airflow/.venv/lib/python3.11/site-packages/airflow/example_dags/example_external_task_marker_dag.py
[2024-04-26T22:03:47.152-0300] {logging_mixin.py:188} INFO - [2024-04-26T22:03:47.152-0300] {dag.py:3096} INFO - Sync 2 DAGs
[2024-04-26T22:03:47.171-0300] {logging_mixin.py:188} INFO - [2024-04-26T22:03:47.170-0300] {dag.py:3954} INFO - Setting next_dagrun for example_external_task_marker_child to None, run_after=None
[2024-04-26T22:03:47.176-0300] {logging_mixin.py:188} INFO - [2024-04-26T22:03:47.176-0300] {dag.py:3954} INFO - Setting next_dagrun for example_external_task_marker_parent to None, run_after=None
[2024-04-26T22:03:47.205-0300] {processor.py:183} INFO - Processing /home/athlon/projects/airflow/.venv/lib/python3.11/site-packages/airflow/example_dags/example_external_task_marker_dag.py took 0.107 seconds
[2024-04-26T22:04:43.997-0300] {processor.py:161} INFO - Started process (PID=22668) to work on /home/athlon/projects/airflow/.venv/lib/python3.11/site-packages/airflow/example_dags/example_external_task_marker_dag.py
[2024-04-26T22:04:44.002-0300] {processor.py:830} INFO - Processing file /home/athlon/projects/airflow/.venv/lib/python3.11/site-packages/airflow/example_dags/example_external_task_marker_dag.py for tasks to queue
[2024-04-26T22:04:44.007-0300] {logging_mixin.py:188} INFO - [2024-04-26T22:04:44.006-0300] {dagbag.py:540} INFO - Filling up the DagBag from /home/athlon/projects/airflow/.venv/lib/python3.11/site-packages/airflow/example_dags/example_external_task_marker_dag.py
[2024-04-26T22:04:44.018-0300] {processor.py:840} INFO - DAG(s) 'example_external_task_marker_parent', 'example_external_task_marker_child' retrieved from /home/athlon/projects/airflow/.venv/lib/python3.11/site-packages/airflow/example_dags/example_external_task_marker_dag.py
[2024-04-26T22:04:44.048-0300] {logging_mixin.py:188} INFO - [2024-04-26T22:04:44.047-0300] {dag.py:3096} INFO - Sync 2 DAGs
[2024-04-26T22:04:44.066-0300] {logging_mixin.py:188} INFO - [2024-04-26T22:04:44.065-0300] {dag.py:3954} INFO - Setting next_dagrun for example_external_task_marker_child to None, run_after=None
[2024-04-26T22:04:44.071-0300] {logging_mixin.py:188} INFO - [2024-04-26T22:04:44.070-0300] {dag.py:3954} INFO - Setting next_dagrun for example_external_task_marker_parent to None, run_after=None
[2024-04-26T22:04:44.098-0300] {processor.py:183} INFO - Processing /home/athlon/projects/airflow/.venv/lib/python3.11/site-packages/airflow/example_dags/example_external_task_marker_dag.py took 0.113 seconds
[2024-04-26T22:05:42.574-0300] {processor.py:161} INFO - Started process (PID=22739) to work on /home/athlon/projects/airflow/.venv/lib/python3.11/site-packages/airflow/example_dags/example_external_task_marker_dag.py
[2024-04-26T22:05:42.576-0300] {processor.py:830} INFO - Processing file /home/athlon/projects/airflow/.venv/lib/python3.11/site-packages/airflow/example_dags/example_external_task_marker_dag.py for tasks to queue
[2024-04-26T22:05:42.582-0300] {logging_mixin.py:188} INFO - [2024-04-26T22:05:42.581-0300] {dagbag.py:540} INFO - Filling up the DagBag from /home/athlon/projects/airflow/.venv/lib/python3.11/site-packages/airflow/example_dags/example_external_task_marker_dag.py
[2024-04-26T22:05:42.601-0300] {processor.py:840} INFO - DAG(s) 'example_external_task_marker_child', 'example_external_task_marker_parent' retrieved from /home/athlon/projects/airflow/.venv/lib/python3.11/site-packages/airflow/example_dags/example_external_task_marker_dag.py
[2024-04-26T22:05:42.639-0300] {logging_mixin.py:188} INFO - [2024-04-26T22:05:42.638-0300] {dag.py:3096} INFO - Sync 2 DAGs
[2024-04-26T22:05:42.659-0300] {logging_mixin.py:188} INFO - [2024-04-26T22:05:42.659-0300] {dag.py:3954} INFO - Setting next_dagrun for example_external_task_marker_child to None, run_after=None
[2024-04-26T22:05:42.664-0300] {logging_mixin.py:188} INFO - [2024-04-26T22:05:42.664-0300] {dag.py:3954} INFO - Setting next_dagrun for example_external_task_marker_parent to None, run_after=None
[2024-04-26T22:05:42.699-0300] {processor.py:183} INFO - Processing /home/athlon/projects/airflow/.venv/lib/python3.11/site-packages/airflow/example_dags/example_external_task_marker_dag.py took 0.141 seconds
[2024-04-26T22:06:42.190-0300] {processor.py:161} INFO - Started process (PID=22804) to work on /home/athlon/projects/airflow/.venv/lib/python3.11/site-packages/airflow/example_dags/example_external_task_marker_dag.py
[2024-04-26T22:06:42.195-0300] {processor.py:830} INFO - Processing file /home/athlon/projects/airflow/.venv/lib/python3.11/site-packages/airflow/example_dags/example_external_task_marker_dag.py for tasks to queue
[2024-04-26T22:06:42.200-0300] {logging_mixin.py:188} INFO - [2024-04-26T22:06:42.199-0300] {dagbag.py:540} INFO - Filling up the DagBag from /home/athlon/projects/airflow/.venv/lib/python3.11/site-packages/airflow/example_dags/example_external_task_marker_dag.py
[2024-04-26T22:06:42.211-0300] {processor.py:840} INFO - DAG(s) 'example_external_task_marker_child', 'example_external_task_marker_parent' retrieved from /home/athlon/projects/airflow/.venv/lib/python3.11/site-packages/airflow/example_dags/example_external_task_marker_dag.py
[2024-04-26T22:06:42.241-0300] {logging_mixin.py:188} INFO - [2024-04-26T22:06:42.241-0300] {dag.py:3096} INFO - Sync 2 DAGs
[2024-04-26T22:06:42.259-0300] {logging_mixin.py:188} INFO - [2024-04-26T22:06:42.259-0300] {dag.py:3954} INFO - Setting next_dagrun for example_external_task_marker_child to None, run_after=None
[2024-04-26T22:06:42.265-0300] {logging_mixin.py:188} INFO - [2024-04-26T22:06:42.264-0300] {dag.py:3954} INFO - Setting next_dagrun for example_external_task_marker_parent to None, run_after=None
[2024-04-26T22:06:42.293-0300] {processor.py:183} INFO - Processing /home/athlon/projects/airflow/.venv/lib/python3.11/site-packages/airflow/example_dags/example_external_task_marker_dag.py took 0.114 seconds
[2024-04-26T22:07:42.139-0300] {processor.py:161} INFO - Started process (PID=22871) to work on /home/athlon/projects/airflow/.venv/lib/python3.11/site-packages/airflow/example_dags/example_external_task_marker_dag.py
[2024-04-26T22:07:42.145-0300] {processor.py:830} INFO - Processing file /home/athlon/projects/airflow/.venv/lib/python3.11/site-packages/airflow/example_dags/example_external_task_marker_dag.py for tasks to queue
[2024-04-26T22:07:42.148-0300] {logging_mixin.py:188} INFO - [2024-04-26T22:07:42.148-0300] {dagbag.py:540} INFO - Filling up the DagBag from /home/athlon/projects/airflow/.venv/lib/python3.11/site-packages/airflow/example_dags/example_external_task_marker_dag.py
[2024-04-26T22:07:42.158-0300] {processor.py:840} INFO - DAG(s) 'example_external_task_marker_child', 'example_external_task_marker_parent' retrieved from /home/athlon/projects/airflow/.venv/lib/python3.11/site-packages/airflow/example_dags/example_external_task_marker_dag.py
[2024-04-26T22:07:42.184-0300] {logging_mixin.py:188} INFO - [2024-04-26T22:07:42.184-0300] {dag.py:3096} INFO - Sync 2 DAGs
[2024-04-26T22:07:42.202-0300] {logging_mixin.py:188} INFO - [2024-04-26T22:07:42.202-0300] {dag.py:3954} INFO - Setting next_dagrun for example_external_task_marker_child to None, run_after=None
[2024-04-26T22:07:42.207-0300] {logging_mixin.py:188} INFO - [2024-04-26T22:07:42.207-0300] {dag.py:3954} INFO - Setting next_dagrun for example_external_task_marker_parent to None, run_after=None
[2024-04-26T22:07:42.234-0300] {processor.py:183} INFO - Processing /home/athlon/projects/airflow/.venv/lib/python3.11/site-packages/airflow/example_dags/example_external_task_marker_dag.py took 0.105 seconds
[2024-04-26T22:08:42.735-0300] {processor.py:161} INFO - Started process (PID=22939) to work on /home/athlon/projects/airflow/.venv/lib/python3.11/site-packages/airflow/example_dags/example_external_task_marker_dag.py
[2024-04-26T22:08:42.737-0300] {processor.py:830} INFO - Processing file /home/athlon/projects/airflow/.venv/lib/python3.11/site-packages/airflow/example_dags/example_external_task_marker_dag.py for tasks to queue
[2024-04-26T22:08:42.743-0300] {logging_mixin.py:188} INFO - [2024-04-26T22:08:42.742-0300] {dagbag.py:540} INFO - Filling up the DagBag from /home/athlon/projects/airflow/.venv/lib/python3.11/site-packages/airflow/example_dags/example_external_task_marker_dag.py
[2024-04-26T22:08:42.760-0300] {processor.py:840} INFO - DAG(s) 'example_external_task_marker_child', 'example_external_task_marker_parent' retrieved from /home/athlon/projects/airflow/.venv/lib/python3.11/site-packages/airflow/example_dags/example_external_task_marker_dag.py
[2024-04-26T22:08:42.805-0300] {logging_mixin.py:188} INFO - [2024-04-26T22:08:42.804-0300] {dag.py:3096} INFO - Sync 2 DAGs
[2024-04-26T22:08:42.834-0300] {logging_mixin.py:188} INFO - [2024-04-26T22:08:42.834-0300] {dag.py:3954} INFO - Setting next_dagrun for example_external_task_marker_child to None, run_after=None
[2024-04-26T22:08:42.842-0300] {logging_mixin.py:188} INFO - [2024-04-26T22:08:42.841-0300] {dag.py:3954} INFO - Setting next_dagrun for example_external_task_marker_parent to None, run_after=None
[2024-04-26T22:08:42.883-0300] {processor.py:183} INFO - Processing /home/athlon/projects/airflow/.venv/lib/python3.11/site-packages/airflow/example_dags/example_external_task_marker_dag.py took 0.159 seconds
[2024-04-26T22:09:41.102-0300] {processor.py:161} INFO - Started process (PID=23037) to work on /home/athlon/projects/airflow/.venv/lib/python3.11/site-packages/airflow/example_dags/example_external_task_marker_dag.py
[2024-04-26T22:09:41.108-0300] {processor.py:830} INFO - Processing file /home/athlon/projects/airflow/.venv/lib/python3.11/site-packages/airflow/example_dags/example_external_task_marker_dag.py for tasks to queue
[2024-04-26T22:09:41.112-0300] {logging_mixin.py:188} INFO - [2024-04-26T22:09:41.111-0300] {dagbag.py:540} INFO - Filling up the DagBag from /home/athlon/projects/airflow/.venv/lib/python3.11/site-packages/airflow/example_dags/example_external_task_marker_dag.py
[2024-04-26T22:09:41.124-0300] {processor.py:840} INFO - DAG(s) 'example_external_task_marker_parent', 'example_external_task_marker_child' retrieved from /home/athlon/projects/airflow/.venv/lib/python3.11/site-packages/airflow/example_dags/example_external_task_marker_dag.py
[2024-04-26T22:09:41.153-0300] {logging_mixin.py:188} INFO - [2024-04-26T22:09:41.153-0300] {dag.py:3096} INFO - Sync 2 DAGs
[2024-04-26T22:09:41.172-0300] {logging_mixin.py:188} INFO - [2024-04-26T22:09:41.171-0300] {dag.py:3954} INFO - Setting next_dagrun for example_external_task_marker_child to None, run_after=None
[2024-04-26T22:09:41.177-0300] {logging_mixin.py:188} INFO - [2024-04-26T22:09:41.176-0300] {dag.py:3954} INFO - Setting next_dagrun for example_external_task_marker_parent to None, run_after=None
[2024-04-26T22:09:41.204-0300] {processor.py:183} INFO - Processing /home/athlon/projects/airflow/.venv/lib/python3.11/site-packages/airflow/example_dags/example_external_task_marker_dag.py took 0.113 seconds
[2024-04-26T22:10:43.388-0300] {processor.py:161} INFO - Started process (PID=23109) to work on /home/athlon/projects/airflow/.venv/lib/python3.11/site-packages/airflow/example_dags/example_external_task_marker_dag.py
[2024-04-26T22:10:43.394-0300] {processor.py:830} INFO - Processing file /home/athlon/projects/airflow/.venv/lib/python3.11/site-packages/airflow/example_dags/example_external_task_marker_dag.py for tasks to queue
[2024-04-26T22:10:43.400-0300] {logging_mixin.py:188} INFO - [2024-04-26T22:10:43.399-0300] {dagbag.py:540} INFO - Filling up the DagBag from /home/athlon/projects/airflow/.venv/lib/python3.11/site-packages/airflow/example_dags/example_external_task_marker_dag.py
[2024-04-26T22:10:43.416-0300] {processor.py:840} INFO - DAG(s) 'example_external_task_marker_child', 'example_external_task_marker_parent' retrieved from /home/athlon/projects/airflow/.venv/lib/python3.11/site-packages/airflow/example_dags/example_external_task_marker_dag.py
[2024-04-26T22:10:43.460-0300] {logging_mixin.py:188} INFO - [2024-04-26T22:10:43.459-0300] {dag.py:3096} INFO - Sync 2 DAGs
[2024-04-26T22:10:43.488-0300] {logging_mixin.py:188} INFO - [2024-04-26T22:10:43.488-0300] {dag.py:3954} INFO - Setting next_dagrun for example_external_task_marker_child to None, run_after=None
[2024-04-26T22:10:43.496-0300] {logging_mixin.py:188} INFO - [2024-04-26T22:10:43.496-0300] {dag.py:3954} INFO - Setting next_dagrun for example_external_task_marker_parent to None, run_after=None
[2024-04-26T22:10:43.543-0300] {processor.py:183} INFO - Processing /home/athlon/projects/airflow/.venv/lib/python3.11/site-packages/airflow/example_dags/example_external_task_marker_dag.py took 0.176 seconds
[2024-04-26T22:11:44.449-0300] {processor.py:161} INFO - Started process (PID=23178) to work on /home/athlon/projects/airflow/.venv/lib/python3.11/site-packages/airflow/example_dags/example_external_task_marker_dag.py
[2024-04-26T22:11:44.455-0300] {processor.py:830} INFO - Processing file /home/athlon/projects/airflow/.venv/lib/python3.11/site-packages/airflow/example_dags/example_external_task_marker_dag.py for tasks to queue
[2024-04-26T22:11:44.459-0300] {logging_mixin.py:188} INFO - [2024-04-26T22:11:44.458-0300] {dagbag.py:540} INFO - Filling up the DagBag from /home/athlon/projects/airflow/.venv/lib/python3.11/site-packages/airflow/example_dags/example_external_task_marker_dag.py
[2024-04-26T22:11:44.471-0300] {processor.py:840} INFO - DAG(s) 'example_external_task_marker_child', 'example_external_task_marker_parent' retrieved from /home/athlon/projects/airflow/.venv/lib/python3.11/site-packages/airflow/example_dags/example_external_task_marker_dag.py
[2024-04-26T22:11:44.500-0300] {logging_mixin.py:188} INFO - [2024-04-26T22:11:44.500-0300] {dag.py:3096} INFO - Sync 2 DAGs
[2024-04-26T22:11:44.518-0300] {logging_mixin.py:188} INFO - [2024-04-26T22:11:44.518-0300] {dag.py:3954} INFO - Setting next_dagrun for example_external_task_marker_child to None, run_after=None
[2024-04-26T22:11:44.523-0300] {logging_mixin.py:188} INFO - [2024-04-26T22:11:44.523-0300] {dag.py:3954} INFO - Setting next_dagrun for example_external_task_marker_parent to None, run_after=None
[2024-04-26T22:11:44.551-0300] {processor.py:183} INFO - Processing /home/athlon/projects/airflow/.venv/lib/python3.11/site-packages/airflow/example_dags/example_external_task_marker_dag.py took 0.113 seconds
[2024-04-26T22:12:44.900-0300] {processor.py:161} INFO - Started process (PID=23266) to work on /home/athlon/projects/airflow/.venv/lib/python3.11/site-packages/airflow/example_dags/example_external_task_marker_dag.py
[2024-04-26T22:12:44.906-0300] {processor.py:830} INFO - Processing file /home/athlon/projects/airflow/.venv/lib/python3.11/site-packages/airflow/example_dags/example_external_task_marker_dag.py for tasks to queue
[2024-04-26T22:12:44.908-0300] {logging_mixin.py:188} INFO - [2024-04-26T22:12:44.908-0300] {dagbag.py:540} INFO - Filling up the DagBag from /home/athlon/projects/airflow/.venv/lib/python3.11/site-packages/airflow/example_dags/example_external_task_marker_dag.py
[2024-04-26T22:12:44.920-0300] {processor.py:840} INFO - DAG(s) 'example_external_task_marker_parent', 'example_external_task_marker_child' retrieved from /home/athlon/projects/airflow/.venv/lib/python3.11/site-packages/airflow/example_dags/example_external_task_marker_dag.py
[2024-04-26T22:12:44.950-0300] {logging_mixin.py:188} INFO - [2024-04-26T22:12:44.950-0300] {dag.py:3096} INFO - Sync 2 DAGs
[2024-04-26T22:12:44.970-0300] {logging_mixin.py:188} INFO - [2024-04-26T22:12:44.969-0300] {dag.py:3954} INFO - Setting next_dagrun for example_external_task_marker_child to None, run_after=None
[2024-04-26T22:12:44.977-0300] {logging_mixin.py:188} INFO - [2024-04-26T22:12:44.977-0300] {dag.py:3954} INFO - Setting next_dagrun for example_external_task_marker_parent to None, run_after=None
[2024-04-26T22:12:45.006-0300] {processor.py:183} INFO - Processing /home/athlon/projects/airflow/.venv/lib/python3.11/site-packages/airflow/example_dags/example_external_task_marker_dag.py took 0.116 seconds
[2024-04-26T22:13:44.813-0300] {processor.py:161} INFO - Started process (PID=23333) to work on /home/athlon/projects/airflow/.venv/lib/python3.11/site-packages/airflow/example_dags/example_external_task_marker_dag.py
[2024-04-26T22:13:44.819-0300] {processor.py:830} INFO - Processing file /home/athlon/projects/airflow/.venv/lib/python3.11/site-packages/airflow/example_dags/example_external_task_marker_dag.py for tasks to queue
[2024-04-26T22:13:44.822-0300] {logging_mixin.py:188} INFO - [2024-04-26T22:13:44.822-0300] {dagbag.py:540} INFO - Filling up the DagBag from /home/athlon/projects/airflow/.venv/lib/python3.11/site-packages/airflow/example_dags/example_external_task_marker_dag.py
[2024-04-26T22:13:44.835-0300] {processor.py:840} INFO - DAG(s) 'example_external_task_marker_parent', 'example_external_task_marker_child' retrieved from /home/athlon/projects/airflow/.venv/lib/python3.11/site-packages/airflow/example_dags/example_external_task_marker_dag.py
[2024-04-26T22:13:44.864-0300] {logging_mixin.py:188} INFO - [2024-04-26T22:13:44.864-0300] {dag.py:3096} INFO - Sync 2 DAGs
[2024-04-26T22:13:44.882-0300] {logging_mixin.py:188} INFO - [2024-04-26T22:13:44.882-0300] {dag.py:3954} INFO - Setting next_dagrun for example_external_task_marker_child to None, run_after=None
[2024-04-26T22:13:44.887-0300] {logging_mixin.py:188} INFO - [2024-04-26T22:13:44.887-0300] {dag.py:3954} INFO - Setting next_dagrun for example_external_task_marker_parent to None, run_after=None
[2024-04-26T22:13:44.914-0300] {processor.py:183} INFO - Processing /home/athlon/projects/airflow/.venv/lib/python3.11/site-packages/airflow/example_dags/example_external_task_marker_dag.py took 0.112 seconds
[2024-04-26T22:14:45.366-0300] {processor.py:161} INFO - Started process (PID=23473) to work on /home/athlon/projects/airflow/.venv/lib/python3.11/site-packages/airflow/example_dags/example_external_task_marker_dag.py
[2024-04-26T22:14:45.368-0300] {processor.py:830} INFO - Processing file /home/athlon/projects/airflow/.venv/lib/python3.11/site-packages/airflow/example_dags/example_external_task_marker_dag.py for tasks to queue
[2024-04-26T22:14:45.372-0300] {logging_mixin.py:188} INFO - [2024-04-26T22:14:45.371-0300] {dagbag.py:540} INFO - Filling up the DagBag from /home/athlon/projects/airflow/.venv/lib/python3.11/site-packages/airflow/example_dags/example_external_task_marker_dag.py
[2024-04-26T22:14:45.387-0300] {processor.py:840} INFO - DAG(s) 'example_external_task_marker_child', 'example_external_task_marker_parent' retrieved from /home/athlon/projects/airflow/.venv/lib/python3.11/site-packages/airflow/example_dags/example_external_task_marker_dag.py
[2024-04-26T22:14:45.428-0300] {logging_mixin.py:188} INFO - [2024-04-26T22:14:45.428-0300] {dag.py:3096} INFO - Sync 2 DAGs
[2024-04-26T22:14:45.454-0300] {logging_mixin.py:188} INFO - [2024-04-26T22:14:45.453-0300] {dag.py:3954} INFO - Setting next_dagrun for example_external_task_marker_child to None, run_after=None
[2024-04-26T22:14:45.462-0300] {logging_mixin.py:188} INFO - [2024-04-26T22:14:45.462-0300] {dag.py:3954} INFO - Setting next_dagrun for example_external_task_marker_parent to None, run_after=None
[2024-04-26T22:14:45.503-0300] {processor.py:183} INFO - Processing /home/athlon/projects/airflow/.venv/lib/python3.11/site-packages/airflow/example_dags/example_external_task_marker_dag.py took 0.148 seconds
[2024-04-26T22:15:53.251-0300] {processor.py:161} INFO - Started process (PID=23546) to work on /home/athlon/projects/airflow/.venv/lib/python3.11/site-packages/airflow/example_dags/example_external_task_marker_dag.py
[2024-04-26T22:15:53.257-0300] {processor.py:830} INFO - Processing file /home/athlon/projects/airflow/.venv/lib/python3.11/site-packages/airflow/example_dags/example_external_task_marker_dag.py for tasks to queue
[2024-04-26T22:15:53.262-0300] {logging_mixin.py:188} INFO - [2024-04-26T22:15:53.261-0300] {dagbag.py:540} INFO - Filling up the DagBag from /home/athlon/projects/airflow/.venv/lib/python3.11/site-packages/airflow/example_dags/example_external_task_marker_dag.py
[2024-04-26T22:15:53.273-0300] {processor.py:840} INFO - DAG(s) 'example_external_task_marker_parent', 'example_external_task_marker_child' retrieved from /home/athlon/projects/airflow/.venv/lib/python3.11/site-packages/airflow/example_dags/example_external_task_marker_dag.py
[2024-04-26T22:15:53.306-0300] {logging_mixin.py:188} INFO - [2024-04-26T22:15:53.305-0300] {dag.py:3096} INFO - Sync 2 DAGs
[2024-04-26T22:15:53.327-0300] {logging_mixin.py:188} INFO - [2024-04-26T22:15:53.327-0300] {dag.py:3954} INFO - Setting next_dagrun for example_external_task_marker_child to None, run_after=None
[2024-04-26T22:15:53.332-0300] {logging_mixin.py:188} INFO - [2024-04-26T22:15:53.332-0300] {dag.py:3954} INFO - Setting next_dagrun for example_external_task_marker_parent to None, run_after=None
[2024-04-26T22:15:53.361-0300] {processor.py:183} INFO - Processing /home/athlon/projects/airflow/.venv/lib/python3.11/site-packages/airflow/example_dags/example_external_task_marker_dag.py took 0.120 seconds
[2024-04-26T22:16:55.309-0300] {processor.py:161} INFO - Started process (PID=23690) to work on /home/athlon/projects/airflow/.venv/lib/python3.11/site-packages/airflow/example_dags/example_external_task_marker_dag.py
[2024-04-26T22:16:55.311-0300] {processor.py:830} INFO - Processing file /home/athlon/projects/airflow/.venv/lib/python3.11/site-packages/airflow/example_dags/example_external_task_marker_dag.py for tasks to queue
[2024-04-26T22:16:55.314-0300] {logging_mixin.py:188} INFO - [2024-04-26T22:16:55.313-0300] {dagbag.py:540} INFO - Filling up the DagBag from /home/athlon/projects/airflow/.venv/lib/python3.11/site-packages/airflow/example_dags/example_external_task_marker_dag.py
[2024-04-26T22:16:55.327-0300] {processor.py:840} INFO - DAG(s) 'example_external_task_marker_parent', 'example_external_task_marker_child' retrieved from /home/athlon/projects/airflow/.venv/lib/python3.11/site-packages/airflow/example_dags/example_external_task_marker_dag.py
[2024-04-26T22:16:55.358-0300] {logging_mixin.py:188} INFO - [2024-04-26T22:16:55.358-0300] {dag.py:3096} INFO - Sync 2 DAGs
[2024-04-26T22:16:55.376-0300] {logging_mixin.py:188} INFO - [2024-04-26T22:16:55.375-0300] {dag.py:3954} INFO - Setting next_dagrun for example_external_task_marker_child to None, run_after=None
[2024-04-26T22:16:55.381-0300] {logging_mixin.py:188} INFO - [2024-04-26T22:16:55.381-0300] {dag.py:3954} INFO - Setting next_dagrun for example_external_task_marker_parent to None, run_after=None
[2024-04-26T22:16:55.409-0300] {processor.py:183} INFO - Processing /home/athlon/projects/airflow/.venv/lib/python3.11/site-packages/airflow/example_dags/example_external_task_marker_dag.py took 0.112 seconds
[2024-04-26T22:17:55.010-0300] {processor.py:161} INFO - Started process (PID=23748) to work on /home/athlon/projects/airflow/.venv/lib/python3.11/site-packages/airflow/example_dags/example_external_task_marker_dag.py
[2024-04-26T22:17:55.015-0300] {processor.py:830} INFO - Processing file /home/athlon/projects/airflow/.venv/lib/python3.11/site-packages/airflow/example_dags/example_external_task_marker_dag.py for tasks to queue
[2024-04-26T22:17:55.019-0300] {logging_mixin.py:188} INFO - [2024-04-26T22:17:55.018-0300] {dagbag.py:540} INFO - Filling up the DagBag from /home/athlon/projects/airflow/.venv/lib/python3.11/site-packages/airflow/example_dags/example_external_task_marker_dag.py
[2024-04-26T22:17:55.032-0300] {processor.py:840} INFO - DAG(s) 'example_external_task_marker_parent', 'example_external_task_marker_child' retrieved from /home/athlon/projects/airflow/.venv/lib/python3.11/site-packages/airflow/example_dags/example_external_task_marker_dag.py
[2024-04-26T22:17:55.061-0300] {logging_mixin.py:188} INFO - [2024-04-26T22:17:55.061-0300] {dag.py:3096} INFO - Sync 2 DAGs
[2024-04-26T22:17:55.080-0300] {logging_mixin.py:188} INFO - [2024-04-26T22:17:55.080-0300] {dag.py:3954} INFO - Setting next_dagrun for example_external_task_marker_child to None, run_after=None
[2024-04-26T22:17:55.085-0300] {logging_mixin.py:188} INFO - [2024-04-26T22:17:55.084-0300] {dag.py:3954} INFO - Setting next_dagrun for example_external_task_marker_parent to None, run_after=None
[2024-04-26T22:17:55.111-0300] {processor.py:183} INFO - Processing /home/athlon/projects/airflow/.venv/lib/python3.11/site-packages/airflow/example_dags/example_external_task_marker_dag.py took 0.113 seconds
[2024-04-26T22:18:55.022-0300] {processor.py:161} INFO - Started process (PID=23810) to work on /home/athlon/projects/airflow/.venv/lib/python3.11/site-packages/airflow/example_dags/example_external_task_marker_dag.py
[2024-04-26T22:18:55.023-0300] {processor.py:830} INFO - Processing file /home/athlon/projects/airflow/.venv/lib/python3.11/site-packages/airflow/example_dags/example_external_task_marker_dag.py for tasks to queue
[2024-04-26T22:18:55.026-0300] {logging_mixin.py:188} INFO - [2024-04-26T22:18:55.026-0300] {dagbag.py:540} INFO - Filling up the DagBag from /home/athlon/projects/airflow/.venv/lib/python3.11/site-packages/airflow/example_dags/example_external_task_marker_dag.py
[2024-04-26T22:18:55.039-0300] {processor.py:840} INFO - DAG(s) 'example_external_task_marker_child', 'example_external_task_marker_parent' retrieved from /home/athlon/projects/airflow/.venv/lib/python3.11/site-packages/airflow/example_dags/example_external_task_marker_dag.py
[2024-04-26T22:18:55.071-0300] {logging_mixin.py:188} INFO - [2024-04-26T22:18:55.070-0300] {dag.py:3096} INFO - Sync 2 DAGs
[2024-04-26T22:18:55.090-0300] {logging_mixin.py:188} INFO - [2024-04-26T22:18:55.089-0300] {dag.py:3954} INFO - Setting next_dagrun for example_external_task_marker_child to None, run_after=None
[2024-04-26T22:18:55.095-0300] {logging_mixin.py:188} INFO - [2024-04-26T22:18:55.095-0300] {dag.py:3954} INFO - Setting next_dagrun for example_external_task_marker_parent to None, run_after=None
[2024-04-26T22:18:55.127-0300] {processor.py:183} INFO - Processing /home/athlon/projects/airflow/.venv/lib/python3.11/site-packages/airflow/example_dags/example_external_task_marker_dag.py took 0.117 seconds
[2024-04-26T22:19:50.638-0300] {processor.py:161} INFO - Started process (PID=23869) to work on /home/athlon/projects/airflow/.venv/lib/python3.11/site-packages/airflow/example_dags/example_external_task_marker_dag.py
[2024-04-26T22:19:50.640-0300] {processor.py:830} INFO - Processing file /home/athlon/projects/airflow/.venv/lib/python3.11/site-packages/airflow/example_dags/example_external_task_marker_dag.py for tasks to queue
[2024-04-26T22:19:50.643-0300] {logging_mixin.py:188} INFO - [2024-04-26T22:19:50.642-0300] {dagbag.py:540} INFO - Filling up the DagBag from /home/athlon/projects/airflow/.venv/lib/python3.11/site-packages/airflow/example_dags/example_external_task_marker_dag.py
[2024-04-26T22:19:50.656-0300] {processor.py:840} INFO - DAG(s) 'example_external_task_marker_parent', 'example_external_task_marker_child' retrieved from /home/athlon/projects/airflow/.venv/lib/python3.11/site-packages/airflow/example_dags/example_external_task_marker_dag.py
[2024-04-26T22:19:50.684-0300] {logging_mixin.py:188} INFO - [2024-04-26T22:19:50.684-0300] {dag.py:3096} INFO - Sync 2 DAGs
[2024-04-26T22:19:50.703-0300] {logging_mixin.py:188} INFO - [2024-04-26T22:19:50.702-0300] {dag.py:3954} INFO - Setting next_dagrun for example_external_task_marker_child to None, run_after=None
[2024-04-26T22:19:50.708-0300] {logging_mixin.py:188} INFO - [2024-04-26T22:19:50.707-0300] {dag.py:3954} INFO - Setting next_dagrun for example_external_task_marker_parent to None, run_after=None
[2024-04-26T22:19:50.735-0300] {processor.py:183} INFO - Processing /home/athlon/projects/airflow/.venv/lib/python3.11/site-packages/airflow/example_dags/example_external_task_marker_dag.py took 0.108 seconds
[2024-04-26T22:20:57.614-0300] {processor.py:161} INFO - Started process (PID=24040) to work on /home/athlon/projects/airflow/.venv/lib/python3.11/site-packages/airflow/example_dags/example_external_task_marker_dag.py
[2024-04-26T22:20:57.616-0300] {processor.py:830} INFO - Processing file /home/athlon/projects/airflow/.venv/lib/python3.11/site-packages/airflow/example_dags/example_external_task_marker_dag.py for tasks to queue
[2024-04-26T22:20:57.620-0300] {logging_mixin.py:188} INFO - [2024-04-26T22:20:57.619-0300] {dagbag.py:540} INFO - Filling up the DagBag from /home/athlon/projects/airflow/.venv/lib/python3.11/site-packages/airflow/example_dags/example_external_task_marker_dag.py
[2024-04-26T22:20:57.632-0300] {processor.py:840} INFO - DAG(s) 'example_external_task_marker_child', 'example_external_task_marker_parent' retrieved from /home/athlon/projects/airflow/.venv/lib/python3.11/site-packages/airflow/example_dags/example_external_task_marker_dag.py
[2024-04-26T22:20:57.663-0300] {logging_mixin.py:188} INFO - [2024-04-26T22:20:57.662-0300] {dag.py:3096} INFO - Sync 2 DAGs
[2024-04-26T22:20:57.683-0300] {logging_mixin.py:188} INFO - [2024-04-26T22:20:57.683-0300] {dag.py:3954} INFO - Setting next_dagrun for example_external_task_marker_child to None, run_after=None
[2024-04-26T22:20:57.688-0300] {logging_mixin.py:188} INFO - [2024-04-26T22:20:57.688-0300] {dag.py:3954} INFO - Setting next_dagrun for example_external_task_marker_parent to None, run_after=None
[2024-04-26T22:20:57.720-0300] {processor.py:183} INFO - Processing /home/athlon/projects/airflow/.venv/lib/python3.11/site-packages/airflow/example_dags/example_external_task_marker_dag.py took 0.118 seconds
