[2024-04-26T21:25:26.953-0300] {processor.py:161} INFO - Started process (PID=17730) to work on /home/athlon/projects/airflow/.venv/lib/python3.11/site-packages/airflow/example_dags/example_latest_only_with_trigger.py
[2024-04-26T21:25:26.954-0300] {processor.py:830} INFO - Processing file /home/athlon/projects/airflow/.venv/lib/python3.11/site-packages/airflow/example_dags/example_latest_only_with_trigger.py for tasks to queue
[2024-04-26T21:25:26.956-0300] {logging_mixin.py:188} INFO - [2024-04-26T21:25:26.956-0300] {dagbag.py:540} INFO - Filling up the DagBag from /home/athlon/projects/airflow/.venv/lib/python3.11/site-packages/airflow/example_dags/example_latest_only_with_trigger.py
[2024-04-26T21:25:26.965-0300] {processor.py:840} INFO - DAG(s) 'latest_only_with_trigger' retrieved from /home/athlon/projects/airflow/.venv/lib/python3.11/site-packages/airflow/example_dags/example_latest_only_with_trigger.py
[2024-04-26T21:25:27.002-0300] {logging_mixin.py:188} INFO - [2024-04-26T21:25:27.001-0300] {dag.py:3096} INFO - Sync 1 DAGs
[2024-04-26T21:25:27.030-0300] {logging_mixin.py:188} INFO - [2024-04-26T21:25:27.029-0300] {dag.py:3954} INFO - Setting next_dagrun for latest_only_with_trigger to 2024-04-26 20:00:00+00:00, run_after=2024-04-27 00:00:00+00:00
[2024-04-26T21:25:27.063-0300] {processor.py:183} INFO - Processing /home/athlon/projects/airflow/.venv/lib/python3.11/site-packages/airflow/example_dags/example_latest_only_with_trigger.py took 0.118 seconds
[2024-04-26T21:26:24.090-0300] {processor.py:161} INFO - Started process (PID=17872) to work on /home/athlon/projects/airflow/.venv/lib/python3.11/site-packages/airflow/example_dags/example_latest_only_with_trigger.py
[2024-04-26T21:26:24.096-0300] {processor.py:830} INFO - Processing file /home/athlon/projects/airflow/.venv/lib/python3.11/site-packages/airflow/example_dags/example_latest_only_with_trigger.py for tasks to queue
[2024-04-26T21:26:24.098-0300] {logging_mixin.py:188} INFO - [2024-04-26T21:26:24.098-0300] {dagbag.py:540} INFO - Filling up the DagBag from /home/athlon/projects/airflow/.venv/lib/python3.11/site-packages/airflow/example_dags/example_latest_only_with_trigger.py
[2024-04-26T21:26:24.107-0300] {processor.py:840} INFO - DAG(s) 'latest_only_with_trigger' retrieved from /home/athlon/projects/airflow/.venv/lib/python3.11/site-packages/airflow/example_dags/example_latest_only_with_trigger.py
[2024-04-26T21:26:24.132-0300] {logging_mixin.py:188} INFO - [2024-04-26T21:26:24.132-0300] {dag.py:3096} INFO - Sync 1 DAGs
[2024-04-26T21:26:24.159-0300] {logging_mixin.py:188} INFO - [2024-04-26T21:26:24.159-0300] {dag.py:3954} INFO - Setting next_dagrun for latest_only_with_trigger to 2024-04-26 20:00:00+00:00, run_after=2024-04-27 00:00:00+00:00
[2024-04-26T21:26:24.187-0300] {processor.py:183} INFO - Processing /home/athlon/projects/airflow/.venv/lib/python3.11/site-packages/airflow/example_dags/example_latest_only_with_trigger.py took 0.107 seconds
[2024-04-26T21:27:21.430-0300] {processor.py:161} INFO - Started process (PID=17942) to work on /home/athlon/projects/airflow/.venv/lib/python3.11/site-packages/airflow/example_dags/example_latest_only_with_trigger.py
[2024-04-26T21:27:21.436-0300] {processor.py:830} INFO - Processing file /home/athlon/projects/airflow/.venv/lib/python3.11/site-packages/airflow/example_dags/example_latest_only_with_trigger.py for tasks to queue
[2024-04-26T21:27:21.438-0300] {logging_mixin.py:188} INFO - [2024-04-26T21:27:21.438-0300] {dagbag.py:540} INFO - Filling up the DagBag from /home/athlon/projects/airflow/.venv/lib/python3.11/site-packages/airflow/example_dags/example_latest_only_with_trigger.py
[2024-04-26T21:27:21.447-0300] {processor.py:840} INFO - DAG(s) 'latest_only_with_trigger' retrieved from /home/athlon/projects/airflow/.venv/lib/python3.11/site-packages/airflow/example_dags/example_latest_only_with_trigger.py
[2024-04-26T21:27:21.473-0300] {logging_mixin.py:188} INFO - [2024-04-26T21:27:21.472-0300] {dag.py:3096} INFO - Sync 1 DAGs
[2024-04-26T21:27:21.500-0300] {logging_mixin.py:188} INFO - [2024-04-26T21:27:21.499-0300] {dag.py:3954} INFO - Setting next_dagrun for latest_only_with_trigger to 2024-04-26 20:00:00+00:00, run_after=2024-04-27 00:00:00+00:00
[2024-04-26T21:27:21.528-0300] {processor.py:183} INFO - Processing /home/athlon/projects/airflow/.venv/lib/python3.11/site-packages/airflow/example_dags/example_latest_only_with_trigger.py took 0.109 seconds
[2024-04-26T21:28:21.666-0300] {processor.py:161} INFO - Started process (PID=18034) to work on /home/athlon/projects/airflow/.venv/lib/python3.11/site-packages/airflow/example_dags/example_latest_only_with_trigger.py
[2024-04-26T21:28:21.671-0300] {processor.py:830} INFO - Processing file /home/athlon/projects/airflow/.venv/lib/python3.11/site-packages/airflow/example_dags/example_latest_only_with_trigger.py for tasks to queue
[2024-04-26T21:28:21.674-0300] {logging_mixin.py:188} INFO - [2024-04-26T21:28:21.674-0300] {dagbag.py:540} INFO - Filling up the DagBag from /home/athlon/projects/airflow/.venv/lib/python3.11/site-packages/airflow/example_dags/example_latest_only_with_trigger.py
[2024-04-26T21:28:21.684-0300] {processor.py:840} INFO - DAG(s) 'latest_only_with_trigger' retrieved from /home/athlon/projects/airflow/.venv/lib/python3.11/site-packages/airflow/example_dags/example_latest_only_with_trigger.py
[2024-04-26T21:28:21.710-0300] {logging_mixin.py:188} INFO - [2024-04-26T21:28:21.709-0300] {dag.py:3096} INFO - Sync 1 DAGs
[2024-04-26T21:28:21.737-0300] {logging_mixin.py:188} INFO - [2024-04-26T21:28:21.736-0300] {dag.py:3954} INFO - Setting next_dagrun for latest_only_with_trigger to 2024-04-26 20:00:00+00:00, run_after=2024-04-27 00:00:00+00:00
[2024-04-26T21:28:21.766-0300] {processor.py:183} INFO - Processing /home/athlon/projects/airflow/.venv/lib/python3.11/site-packages/airflow/example_dags/example_latest_only_with_trigger.py took 0.112 seconds
[2024-04-26T21:29:19.568-0300] {processor.py:161} INFO - Started process (PID=18601) to work on /home/athlon/projects/airflow/.venv/lib/python3.11/site-packages/airflow/example_dags/example_latest_only_with_trigger.py
[2024-04-26T21:29:19.573-0300] {processor.py:830} INFO - Processing file /home/athlon/projects/airflow/.venv/lib/python3.11/site-packages/airflow/example_dags/example_latest_only_with_trigger.py for tasks to queue
[2024-04-26T21:29:19.576-0300] {logging_mixin.py:188} INFO - [2024-04-26T21:29:19.575-0300] {dagbag.py:540} INFO - Filling up the DagBag from /home/athlon/projects/airflow/.venv/lib/python3.11/site-packages/airflow/example_dags/example_latest_only_with_trigger.py
[2024-04-26T21:29:19.585-0300] {processor.py:840} INFO - DAG(s) 'latest_only_with_trigger' retrieved from /home/athlon/projects/airflow/.venv/lib/python3.11/site-packages/airflow/example_dags/example_latest_only_with_trigger.py
[2024-04-26T21:29:19.610-0300] {logging_mixin.py:188} INFO - [2024-04-26T21:29:19.610-0300] {dag.py:3096} INFO - Sync 1 DAGs
[2024-04-26T21:29:19.637-0300] {logging_mixin.py:188} INFO - [2024-04-26T21:29:19.637-0300] {dag.py:3954} INFO - Setting next_dagrun for latest_only_with_trigger to 2024-04-26 20:00:00+00:00, run_after=2024-04-27 00:00:00+00:00
[2024-04-26T21:29:19.666-0300] {processor.py:183} INFO - Processing /home/athlon/projects/airflow/.venv/lib/python3.11/site-packages/airflow/example_dags/example_latest_only_with_trigger.py took 0.108 seconds
[2024-04-26T21:30:27.051-0300] {processor.py:161} INFO - Started process (PID=18729) to work on /home/athlon/projects/airflow/.venv/lib/python3.11/site-packages/airflow/example_dags/example_latest_only_with_trigger.py
[2024-04-26T21:30:27.057-0300] {processor.py:830} INFO - Processing file /home/athlon/projects/airflow/.venv/lib/python3.11/site-packages/airflow/example_dags/example_latest_only_with_trigger.py for tasks to queue
[2024-04-26T21:30:27.060-0300] {logging_mixin.py:188} INFO - [2024-04-26T21:30:27.059-0300] {dagbag.py:540} INFO - Filling up the DagBag from /home/athlon/projects/airflow/.venv/lib/python3.11/site-packages/airflow/example_dags/example_latest_only_with_trigger.py
[2024-04-26T21:30:27.070-0300] {processor.py:840} INFO - DAG(s) 'latest_only_with_trigger' retrieved from /home/athlon/projects/airflow/.venv/lib/python3.11/site-packages/airflow/example_dags/example_latest_only_with_trigger.py
[2024-04-26T21:30:27.246-0300] {logging_mixin.py:188} INFO - [2024-04-26T21:30:27.246-0300] {dag.py:3096} INFO - Sync 1 DAGs
[2024-04-26T21:30:27.270-0300] {logging_mixin.py:188} INFO - [2024-04-26T21:30:27.269-0300] {dag.py:3954} INFO - Setting next_dagrun for latest_only_with_trigger to 2024-04-26 20:00:00+00:00, run_after=2024-04-27 00:00:00+00:00
[2024-04-26T21:30:27.302-0300] {processor.py:183} INFO - Processing /home/athlon/projects/airflow/.venv/lib/python3.11/site-packages/airflow/example_dags/example_latest_only_with_trigger.py took 0.262 seconds
[2024-04-26T21:31:28.492-0300] {processor.py:161} INFO - Started process (PID=18806) to work on /home/athlon/projects/airflow/.venv/lib/python3.11/site-packages/airflow/example_dags/example_latest_only_with_trigger.py
[2024-04-26T21:31:28.498-0300] {processor.py:830} INFO - Processing file /home/athlon/projects/airflow/.venv/lib/python3.11/site-packages/airflow/example_dags/example_latest_only_with_trigger.py for tasks to queue
[2024-04-26T21:31:28.500-0300] {logging_mixin.py:188} INFO - [2024-04-26T21:31:28.499-0300] {dagbag.py:540} INFO - Filling up the DagBag from /home/athlon/projects/airflow/.venv/lib/python3.11/site-packages/airflow/example_dags/example_latest_only_with_trigger.py
[2024-04-26T21:31:28.508-0300] {processor.py:840} INFO - DAG(s) 'latest_only_with_trigger' retrieved from /home/athlon/projects/airflow/.venv/lib/python3.11/site-packages/airflow/example_dags/example_latest_only_with_trigger.py
[2024-04-26T21:31:28.532-0300] {logging_mixin.py:188} INFO - [2024-04-26T21:31:28.531-0300] {dag.py:3096} INFO - Sync 1 DAGs
[2024-04-26T21:31:28.560-0300] {logging_mixin.py:188} INFO - [2024-04-26T21:31:28.559-0300] {dag.py:3954} INFO - Setting next_dagrun for latest_only_with_trigger to 2024-04-26 20:00:00+00:00, run_after=2024-04-27 00:00:00+00:00
[2024-04-26T21:31:28.589-0300] {processor.py:183} INFO - Processing /home/athlon/projects/airflow/.venv/lib/python3.11/site-packages/airflow/example_dags/example_latest_only_with_trigger.py took 0.105 seconds
[2024-04-26T21:32:27.391-0300] {processor.py:161} INFO - Started process (PID=18861) to work on /home/athlon/projects/airflow/.venv/lib/python3.11/site-packages/airflow/example_dags/example_latest_only_with_trigger.py
[2024-04-26T21:32:27.396-0300] {processor.py:830} INFO - Processing file /home/athlon/projects/airflow/.venv/lib/python3.11/site-packages/airflow/example_dags/example_latest_only_with_trigger.py for tasks to queue
[2024-04-26T21:32:27.399-0300] {logging_mixin.py:188} INFO - [2024-04-26T21:32:27.399-0300] {dagbag.py:540} INFO - Filling up the DagBag from /home/athlon/projects/airflow/.venv/lib/python3.11/site-packages/airflow/example_dags/example_latest_only_with_trigger.py
[2024-04-26T21:32:27.408-0300] {processor.py:840} INFO - DAG(s) 'latest_only_with_trigger' retrieved from /home/athlon/projects/airflow/.venv/lib/python3.11/site-packages/airflow/example_dags/example_latest_only_with_trigger.py
[2024-04-26T21:32:27.434-0300] {logging_mixin.py:188} INFO - [2024-04-26T21:32:27.434-0300] {dag.py:3096} INFO - Sync 1 DAGs
[2024-04-26T21:32:27.463-0300] {logging_mixin.py:188} INFO - [2024-04-26T21:32:27.463-0300] {dag.py:3954} INFO - Setting next_dagrun for latest_only_with_trigger to 2024-04-26 20:00:00+00:00, run_after=2024-04-27 00:00:00+00:00
[2024-04-26T21:32:27.492-0300] {processor.py:183} INFO - Processing /home/athlon/projects/airflow/.venv/lib/python3.11/site-packages/airflow/example_dags/example_latest_only_with_trigger.py took 0.111 seconds
[2024-04-26T21:33:23.746-0300] {processor.py:161} INFO - Started process (PID=18913) to work on /home/athlon/projects/airflow/.venv/lib/python3.11/site-packages/airflow/example_dags/example_latest_only_with_trigger.py
[2024-04-26T21:33:23.752-0300] {processor.py:830} INFO - Processing file /home/athlon/projects/airflow/.venv/lib/python3.11/site-packages/airflow/example_dags/example_latest_only_with_trigger.py for tasks to queue
[2024-04-26T21:33:23.755-0300] {logging_mixin.py:188} INFO - [2024-04-26T21:33:23.754-0300] {dagbag.py:540} INFO - Filling up the DagBag from /home/athlon/projects/airflow/.venv/lib/python3.11/site-packages/airflow/example_dags/example_latest_only_with_trigger.py
[2024-04-26T21:33:23.764-0300] {processor.py:840} INFO - DAG(s) 'latest_only_with_trigger' retrieved from /home/athlon/projects/airflow/.venv/lib/python3.11/site-packages/airflow/example_dags/example_latest_only_with_trigger.py
[2024-04-26T21:33:23.790-0300] {logging_mixin.py:188} INFO - [2024-04-26T21:33:23.789-0300] {dag.py:3096} INFO - Sync 1 DAGs
[2024-04-26T21:33:23.820-0300] {logging_mixin.py:188} INFO - [2024-04-26T21:33:23.820-0300] {dag.py:3954} INFO - Setting next_dagrun for latest_only_with_trigger to 2024-04-26 20:00:00+00:00, run_after=2024-04-27 00:00:00+00:00
[2024-04-26T21:33:23.849-0300] {processor.py:183} INFO - Processing /home/athlon/projects/airflow/.venv/lib/python3.11/site-packages/airflow/example_dags/example_latest_only_with_trigger.py took 0.113 seconds
[2024-04-26T21:34:27.659-0300] {processor.py:161} INFO - Started process (PID=19156) to work on /home/athlon/projects/airflow/.venv/lib/python3.11/site-packages/airflow/example_dags/example_latest_only_with_trigger.py
[2024-04-26T21:34:27.665-0300] {processor.py:830} INFO - Processing file /home/athlon/projects/airflow/.venv/lib/python3.11/site-packages/airflow/example_dags/example_latest_only_with_trigger.py for tasks to queue
[2024-04-26T21:34:27.667-0300] {logging_mixin.py:188} INFO - [2024-04-26T21:34:27.667-0300] {dagbag.py:540} INFO - Filling up the DagBag from /home/athlon/projects/airflow/.venv/lib/python3.11/site-packages/airflow/example_dags/example_latest_only_with_trigger.py
[2024-04-26T21:34:27.676-0300] {processor.py:840} INFO - DAG(s) 'latest_only_with_trigger' retrieved from /home/athlon/projects/airflow/.venv/lib/python3.11/site-packages/airflow/example_dags/example_latest_only_with_trigger.py
[2024-04-26T21:34:27.702-0300] {logging_mixin.py:188} INFO - [2024-04-26T21:34:27.701-0300] {dag.py:3096} INFO - Sync 1 DAGs
[2024-04-26T21:34:27.731-0300] {logging_mixin.py:188} INFO - [2024-04-26T21:34:27.731-0300] {dag.py:3954} INFO - Setting next_dagrun for latest_only_with_trigger to 2024-04-26 20:00:00+00:00, run_after=2024-04-27 00:00:00+00:00
[2024-04-26T21:34:27.762-0300] {processor.py:183} INFO - Processing /home/athlon/projects/airflow/.venv/lib/python3.11/site-packages/airflow/example_dags/example_latest_only_with_trigger.py took 0.114 seconds
[2024-04-26T21:35:38.875-0300] {processor.py:161} INFO - Started process (PID=19226) to work on /home/athlon/projects/airflow/.venv/lib/python3.11/site-packages/airflow/example_dags/example_latest_only_with_trigger.py
[2024-04-26T21:35:38.880-0300] {processor.py:830} INFO - Processing file /home/athlon/projects/airflow/.venv/lib/python3.11/site-packages/airflow/example_dags/example_latest_only_with_trigger.py for tasks to queue
[2024-04-26T21:35:38.883-0300] {logging_mixin.py:188} INFO - [2024-04-26T21:35:38.883-0300] {dagbag.py:540} INFO - Filling up the DagBag from /home/athlon/projects/airflow/.venv/lib/python3.11/site-packages/airflow/example_dags/example_latest_only_with_trigger.py
[2024-04-26T21:35:38.893-0300] {processor.py:840} INFO - DAG(s) 'latest_only_with_trigger' retrieved from /home/athlon/projects/airflow/.venv/lib/python3.11/site-packages/airflow/example_dags/example_latest_only_with_trigger.py
[2024-04-26T21:35:38.920-0300] {logging_mixin.py:188} INFO - [2024-04-26T21:35:38.919-0300] {dag.py:3096} INFO - Sync 1 DAGs
[2024-04-26T21:35:38.948-0300] {logging_mixin.py:188} INFO - [2024-04-26T21:35:38.948-0300] {dag.py:3954} INFO - Setting next_dagrun for latest_only_with_trigger to 2024-04-26 20:00:00+00:00, run_after=2024-04-27 00:00:00+00:00
[2024-04-26T21:35:38.979-0300] {processor.py:183} INFO - Processing /home/athlon/projects/airflow/.venv/lib/python3.11/site-packages/airflow/example_dags/example_latest_only_with_trigger.py took 0.115 seconds
[2024-04-26T21:36:38.591-0300] {processor.py:161} INFO - Started process (PID=19292) to work on /home/athlon/projects/airflow/.venv/lib/python3.11/site-packages/airflow/example_dags/example_latest_only_with_trigger.py
[2024-04-26T21:36:38.596-0300] {processor.py:830} INFO - Processing file /home/athlon/projects/airflow/.venv/lib/python3.11/site-packages/airflow/example_dags/example_latest_only_with_trigger.py for tasks to queue
[2024-04-26T21:36:38.599-0300] {logging_mixin.py:188} INFO - [2024-04-26T21:36:38.599-0300] {dagbag.py:540} INFO - Filling up the DagBag from /home/athlon/projects/airflow/.venv/lib/python3.11/site-packages/airflow/example_dags/example_latest_only_with_trigger.py
[2024-04-26T21:36:38.609-0300] {processor.py:840} INFO - DAG(s) 'latest_only_with_trigger' retrieved from /home/athlon/projects/airflow/.venv/lib/python3.11/site-packages/airflow/example_dags/example_latest_only_with_trigger.py
[2024-04-26T21:36:38.634-0300] {logging_mixin.py:188} INFO - [2024-04-26T21:36:38.634-0300] {dag.py:3096} INFO - Sync 1 DAGs
[2024-04-26T21:36:38.662-0300] {logging_mixin.py:188} INFO - [2024-04-26T21:36:38.662-0300] {dag.py:3954} INFO - Setting next_dagrun for latest_only_with_trigger to 2024-04-26 20:00:00+00:00, run_after=2024-04-27 00:00:00+00:00
[2024-04-26T21:36:38.692-0300] {processor.py:183} INFO - Processing /home/athlon/projects/airflow/.venv/lib/python3.11/site-packages/airflow/example_dags/example_latest_only_with_trigger.py took 0.112 seconds
[2024-04-26T21:37:37.887-0300] {processor.py:161} INFO - Started process (PID=19358) to work on /home/athlon/projects/airflow/.venv/lib/python3.11/site-packages/airflow/example_dags/example_latest_only_with_trigger.py
[2024-04-26T21:37:37.893-0300] {processor.py:830} INFO - Processing file /home/athlon/projects/airflow/.venv/lib/python3.11/site-packages/airflow/example_dags/example_latest_only_with_trigger.py for tasks to queue
[2024-04-26T21:37:37.896-0300] {logging_mixin.py:188} INFO - [2024-04-26T21:37:37.895-0300] {dagbag.py:540} INFO - Filling up the DagBag from /home/athlon/projects/airflow/.venv/lib/python3.11/site-packages/airflow/example_dags/example_latest_only_with_trigger.py
[2024-04-26T21:37:37.906-0300] {processor.py:840} INFO - DAG(s) 'latest_only_with_trigger' retrieved from /home/athlon/projects/airflow/.venv/lib/python3.11/site-packages/airflow/example_dags/example_latest_only_with_trigger.py
[2024-04-26T21:37:37.932-0300] {logging_mixin.py:188} INFO - [2024-04-26T21:37:37.931-0300] {dag.py:3096} INFO - Sync 1 DAGs
[2024-04-26T21:37:37.960-0300] {logging_mixin.py:188} INFO - [2024-04-26T21:37:37.960-0300] {dag.py:3954} INFO - Setting next_dagrun for latest_only_with_trigger to 2024-04-26 20:00:00+00:00, run_after=2024-04-27 00:00:00+00:00
[2024-04-26T21:37:37.989-0300] {processor.py:183} INFO - Processing /home/athlon/projects/airflow/.venv/lib/python3.11/site-packages/airflow/example_dags/example_latest_only_with_trigger.py took 0.113 seconds
[2024-04-26T21:38:35.451-0300] {processor.py:161} INFO - Started process (PID=19426) to work on /home/athlon/projects/airflow/.venv/lib/python3.11/site-packages/airflow/example_dags/example_latest_only_with_trigger.py
[2024-04-26T21:38:35.457-0300] {processor.py:830} INFO - Processing file /home/athlon/projects/airflow/.venv/lib/python3.11/site-packages/airflow/example_dags/example_latest_only_with_trigger.py for tasks to queue
[2024-04-26T21:38:35.460-0300] {logging_mixin.py:188} INFO - [2024-04-26T21:38:35.459-0300] {dagbag.py:540} INFO - Filling up the DagBag from /home/athlon/projects/airflow/.venv/lib/python3.11/site-packages/airflow/example_dags/example_latest_only_with_trigger.py
[2024-04-26T21:38:35.469-0300] {processor.py:840} INFO - DAG(s) 'latest_only_with_trigger' retrieved from /home/athlon/projects/airflow/.venv/lib/python3.11/site-packages/airflow/example_dags/example_latest_only_with_trigger.py
[2024-04-26T21:38:35.496-0300] {logging_mixin.py:188} INFO - [2024-04-26T21:38:35.495-0300] {dag.py:3096} INFO - Sync 1 DAGs
[2024-04-26T21:38:35.524-0300] {logging_mixin.py:188} INFO - [2024-04-26T21:38:35.523-0300] {dag.py:3954} INFO - Setting next_dagrun for latest_only_with_trigger to 2024-04-26 20:00:00+00:00, run_after=2024-04-27 00:00:00+00:00
[2024-04-26T21:38:35.552-0300] {processor.py:183} INFO - Processing /home/athlon/projects/airflow/.venv/lib/python3.11/site-packages/airflow/example_dags/example_latest_only_with_trigger.py took 0.111 seconds
[2024-04-26T21:39:35.762-0300] {processor.py:161} INFO - Started process (PID=19526) to work on /home/athlon/projects/airflow/.venv/lib/python3.11/site-packages/airflow/example_dags/example_latest_only_with_trigger.py
[2024-04-26T21:39:35.767-0300] {processor.py:830} INFO - Processing file /home/athlon/projects/airflow/.venv/lib/python3.11/site-packages/airflow/example_dags/example_latest_only_with_trigger.py for tasks to queue
[2024-04-26T21:39:35.770-0300] {logging_mixin.py:188} INFO - [2024-04-26T21:39:35.769-0300] {dagbag.py:540} INFO - Filling up the DagBag from /home/athlon/projects/airflow/.venv/lib/python3.11/site-packages/airflow/example_dags/example_latest_only_with_trigger.py
[2024-04-26T21:39:35.780-0300] {processor.py:840} INFO - DAG(s) 'latest_only_with_trigger' retrieved from /home/athlon/projects/airflow/.venv/lib/python3.11/site-packages/airflow/example_dags/example_latest_only_with_trigger.py
[2024-04-26T21:39:35.805-0300] {logging_mixin.py:188} INFO - [2024-04-26T21:39:35.805-0300] {dag.py:3096} INFO - Sync 1 DAGs
[2024-04-26T21:39:35.834-0300] {logging_mixin.py:188} INFO - [2024-04-26T21:39:35.833-0300] {dag.py:3954} INFO - Setting next_dagrun for latest_only_with_trigger to 2024-04-26 20:00:00+00:00, run_after=2024-04-27 00:00:00+00:00
[2024-04-26T21:39:35.862-0300] {processor.py:183} INFO - Processing /home/athlon/projects/airflow/.venv/lib/python3.11/site-packages/airflow/example_dags/example_latest_only_with_trigger.py took 0.111 seconds
[2024-04-26T21:40:36.409-0300] {processor.py:161} INFO - Started process (PID=19697) to work on /home/athlon/projects/airflow/.venv/lib/python3.11/site-packages/airflow/example_dags/example_latest_only_with_trigger.py
[2024-04-26T21:40:36.415-0300] {processor.py:830} INFO - Processing file /home/athlon/projects/airflow/.venv/lib/python3.11/site-packages/airflow/example_dags/example_latest_only_with_trigger.py for tasks to queue
[2024-04-26T21:40:36.418-0300] {logging_mixin.py:188} INFO - [2024-04-26T21:40:36.417-0300] {dagbag.py:540} INFO - Filling up the DagBag from /home/athlon/projects/airflow/.venv/lib/python3.11/site-packages/airflow/example_dags/example_latest_only_with_trigger.py
[2024-04-26T21:40:36.428-0300] {processor.py:840} INFO - DAG(s) 'latest_only_with_trigger' retrieved from /home/athlon/projects/airflow/.venv/lib/python3.11/site-packages/airflow/example_dags/example_latest_only_with_trigger.py
[2024-04-26T21:40:36.455-0300] {logging_mixin.py:188} INFO - [2024-04-26T21:40:36.454-0300] {dag.py:3096} INFO - Sync 1 DAGs
[2024-04-26T21:40:36.486-0300] {logging_mixin.py:188} INFO - [2024-04-26T21:40:36.485-0300] {dag.py:3954} INFO - Setting next_dagrun for latest_only_with_trigger to 2024-04-26 20:00:00+00:00, run_after=2024-04-27 00:00:00+00:00
[2024-04-26T21:40:36.518-0300] {processor.py:183} INFO - Processing /home/athlon/projects/airflow/.venv/lib/python3.11/site-packages/airflow/example_dags/example_latest_only_with_trigger.py took 0.120 seconds
[2024-04-26T21:41:33.562-0300] {processor.py:161} INFO - Started process (PID=19764) to work on /home/athlon/projects/airflow/.venv/lib/python3.11/site-packages/airflow/example_dags/example_latest_only_with_trigger.py
[2024-04-26T21:41:33.567-0300] {processor.py:830} INFO - Processing file /home/athlon/projects/airflow/.venv/lib/python3.11/site-packages/airflow/example_dags/example_latest_only_with_trigger.py for tasks to queue
[2024-04-26T21:41:33.570-0300] {logging_mixin.py:188} INFO - [2024-04-26T21:41:33.569-0300] {dagbag.py:540} INFO - Filling up the DagBag from /home/athlon/projects/airflow/.venv/lib/python3.11/site-packages/airflow/example_dags/example_latest_only_with_trigger.py
[2024-04-26T21:41:33.580-0300] {processor.py:840} INFO - DAG(s) 'latest_only_with_trigger' retrieved from /home/athlon/projects/airflow/.venv/lib/python3.11/site-packages/airflow/example_dags/example_latest_only_with_trigger.py
[2024-04-26T21:41:33.606-0300] {logging_mixin.py:188} INFO - [2024-04-26T21:41:33.606-0300] {dag.py:3096} INFO - Sync 1 DAGs
[2024-04-26T21:41:33.635-0300] {logging_mixin.py:188} INFO - [2024-04-26T21:41:33.635-0300] {dag.py:3954} INFO - Setting next_dagrun for latest_only_with_trigger to 2024-04-26 20:00:00+00:00, run_after=2024-04-27 00:00:00+00:00
[2024-04-26T21:41:33.667-0300] {processor.py:183} INFO - Processing /home/athlon/projects/airflow/.venv/lib/python3.11/site-packages/airflow/example_dags/example_latest_only_with_trigger.py took 0.116 seconds
[2024-04-26T21:42:31.341-0300] {processor.py:161} INFO - Started process (PID=19838) to work on /home/athlon/projects/airflow/.venv/lib/python3.11/site-packages/airflow/example_dags/example_latest_only_with_trigger.py
[2024-04-26T21:42:31.347-0300] {processor.py:830} INFO - Processing file /home/athlon/projects/airflow/.venv/lib/python3.11/site-packages/airflow/example_dags/example_latest_only_with_trigger.py for tasks to queue
[2024-04-26T21:42:31.350-0300] {logging_mixin.py:188} INFO - [2024-04-26T21:42:31.349-0300] {dagbag.py:540} INFO - Filling up the DagBag from /home/athlon/projects/airflow/.venv/lib/python3.11/site-packages/airflow/example_dags/example_latest_only_with_trigger.py
[2024-04-26T21:42:31.360-0300] {processor.py:840} INFO - DAG(s) 'latest_only_with_trigger' retrieved from /home/athlon/projects/airflow/.venv/lib/python3.11/site-packages/airflow/example_dags/example_latest_only_with_trigger.py
[2024-04-26T21:42:31.386-0300] {logging_mixin.py:188} INFO - [2024-04-26T21:42:31.385-0300] {dag.py:3096} INFO - Sync 1 DAGs
[2024-04-26T21:42:31.416-0300] {logging_mixin.py:188} INFO - [2024-04-26T21:42:31.415-0300] {dag.py:3954} INFO - Setting next_dagrun for latest_only_with_trigger to 2024-04-26 20:00:00+00:00, run_after=2024-04-27 00:00:00+00:00
[2024-04-26T21:42:31.445-0300] {processor.py:183} INFO - Processing /home/athlon/projects/airflow/.venv/lib/python3.11/site-packages/airflow/example_dags/example_latest_only_with_trigger.py took 0.114 seconds
[2024-04-26T21:43:32.246-0300] {processor.py:161} INFO - Started process (PID=19904) to work on /home/athlon/projects/airflow/.venv/lib/python3.11/site-packages/airflow/example_dags/example_latest_only_with_trigger.py
[2024-04-26T21:43:32.247-0300] {processor.py:830} INFO - Processing file /home/athlon/projects/airflow/.venv/lib/python3.11/site-packages/airflow/example_dags/example_latest_only_with_trigger.py for tasks to queue
[2024-04-26T21:43:32.250-0300] {logging_mixin.py:188} INFO - [2024-04-26T21:43:32.249-0300] {dagbag.py:540} INFO - Filling up the DagBag from /home/athlon/projects/airflow/.venv/lib/python3.11/site-packages/airflow/example_dags/example_latest_only_with_trigger.py
[2024-04-26T21:43:32.260-0300] {processor.py:840} INFO - DAG(s) 'latest_only_with_trigger' retrieved from /home/athlon/projects/airflow/.venv/lib/python3.11/site-packages/airflow/example_dags/example_latest_only_with_trigger.py
[2024-04-26T21:43:32.285-0300] {logging_mixin.py:188} INFO - [2024-04-26T21:43:32.285-0300] {dag.py:3096} INFO - Sync 1 DAGs
[2024-04-26T21:43:32.314-0300] {logging_mixin.py:188} INFO - [2024-04-26T21:43:32.313-0300] {dag.py:3954} INFO - Setting next_dagrun for latest_only_with_trigger to 2024-04-26 20:00:00+00:00, run_after=2024-04-27 00:00:00+00:00
[2024-04-26T21:43:32.343-0300] {processor.py:183} INFO - Processing /home/athlon/projects/airflow/.venv/lib/python3.11/site-packages/airflow/example_dags/example_latest_only_with_trigger.py took 0.109 seconds
[2024-04-26T21:44:28.113-0300] {processor.py:161} INFO - Started process (PID=19976) to work on /home/athlon/projects/airflow/.venv/lib/python3.11/site-packages/airflow/example_dags/example_latest_only_with_trigger.py
[2024-04-26T21:44:28.119-0300] {processor.py:830} INFO - Processing file /home/athlon/projects/airflow/.venv/lib/python3.11/site-packages/airflow/example_dags/example_latest_only_with_trigger.py for tasks to queue
[2024-04-26T21:44:28.122-0300] {logging_mixin.py:188} INFO - [2024-04-26T21:44:28.121-0300] {dagbag.py:540} INFO - Filling up the DagBag from /home/athlon/projects/airflow/.venv/lib/python3.11/site-packages/airflow/example_dags/example_latest_only_with_trigger.py
[2024-04-26T21:44:28.132-0300] {processor.py:840} INFO - DAG(s) 'latest_only_with_trigger' retrieved from /home/athlon/projects/airflow/.venv/lib/python3.11/site-packages/airflow/example_dags/example_latest_only_with_trigger.py
[2024-04-26T21:44:28.158-0300] {logging_mixin.py:188} INFO - [2024-04-26T21:44:28.158-0300] {dag.py:3096} INFO - Sync 1 DAGs
[2024-04-26T21:44:28.187-0300] {logging_mixin.py:188} INFO - [2024-04-26T21:44:28.187-0300] {dag.py:3954} INFO - Setting next_dagrun for latest_only_with_trigger to 2024-04-26 20:00:00+00:00, run_after=2024-04-27 00:00:00+00:00
[2024-04-26T21:44:28.218-0300] {processor.py:183} INFO - Processing /home/athlon/projects/airflow/.venv/lib/python3.11/site-packages/airflow/example_dags/example_latest_only_with_trigger.py took 0.115 seconds
[2024-04-26T21:45:20.029-0300] {processor.py:161} INFO - Started process (PID=20034) to work on /home/athlon/projects/airflow/.venv/lib/python3.11/site-packages/airflow/example_dags/example_latest_only_with_trigger.py
[2024-04-26T21:45:20.035-0300] {processor.py:830} INFO - Processing file /home/athlon/projects/airflow/.venv/lib/python3.11/site-packages/airflow/example_dags/example_latest_only_with_trigger.py for tasks to queue
[2024-04-26T21:45:20.037-0300] {logging_mixin.py:188} INFO - [2024-04-26T21:45:20.037-0300] {dagbag.py:540} INFO - Filling up the DagBag from /home/athlon/projects/airflow/.venv/lib/python3.11/site-packages/airflow/example_dags/example_latest_only_with_trigger.py
[2024-04-26T21:45:20.047-0300] {processor.py:840} INFO - DAG(s) 'latest_only_with_trigger' retrieved from /home/athlon/projects/airflow/.venv/lib/python3.11/site-packages/airflow/example_dags/example_latest_only_with_trigger.py
[2024-04-26T21:45:20.072-0300] {logging_mixin.py:188} INFO - [2024-04-26T21:45:20.072-0300] {dag.py:3096} INFO - Sync 1 DAGs
[2024-04-26T21:45:20.101-0300] {logging_mixin.py:188} INFO - [2024-04-26T21:45:20.101-0300] {dag.py:3954} INFO - Setting next_dagrun for latest_only_with_trigger to 2024-04-26 20:00:00+00:00, run_after=2024-04-27 00:00:00+00:00
[2024-04-26T21:45:20.134-0300] {processor.py:183} INFO - Processing /home/athlon/projects/airflow/.venv/lib/python3.11/site-packages/airflow/example_dags/example_latest_only_with_trigger.py took 0.114 seconds
[2024-04-26T21:46:17.227-0300] {processor.py:161} INFO - Started process (PID=20098) to work on /home/athlon/projects/airflow/.venv/lib/python3.11/site-packages/airflow/example_dags/example_latest_only_with_trigger.py
[2024-04-26T21:46:17.233-0300] {processor.py:830} INFO - Processing file /home/athlon/projects/airflow/.venv/lib/python3.11/site-packages/airflow/example_dags/example_latest_only_with_trigger.py for tasks to queue
[2024-04-26T21:46:17.236-0300] {logging_mixin.py:188} INFO - [2024-04-26T21:46:17.235-0300] {dagbag.py:540} INFO - Filling up the DagBag from /home/athlon/projects/airflow/.venv/lib/python3.11/site-packages/airflow/example_dags/example_latest_only_with_trigger.py
[2024-04-26T21:46:17.247-0300] {processor.py:840} INFO - DAG(s) 'latest_only_with_trigger' retrieved from /home/athlon/projects/airflow/.venv/lib/python3.11/site-packages/airflow/example_dags/example_latest_only_with_trigger.py
[2024-04-26T21:46:17.275-0300] {logging_mixin.py:188} INFO - [2024-04-26T21:46:17.275-0300] {dag.py:3096} INFO - Sync 1 DAGs
[2024-04-26T21:46:17.304-0300] {logging_mixin.py:188} INFO - [2024-04-26T21:46:17.303-0300] {dag.py:3954} INFO - Setting next_dagrun for latest_only_with_trigger to 2024-04-26 20:00:00+00:00, run_after=2024-04-27 00:00:00+00:00
[2024-04-26T21:46:17.333-0300] {processor.py:183} INFO - Processing /home/athlon/projects/airflow/.venv/lib/python3.11/site-packages/airflow/example_dags/example_latest_only_with_trigger.py took 0.116 seconds
[2024-04-26T21:47:15.514-0300] {processor.py:161} INFO - Started process (PID=20163) to work on /home/athlon/projects/airflow/.venv/lib/python3.11/site-packages/airflow/example_dags/example_latest_only_with_trigger.py
[2024-04-26T21:47:15.520-0300] {processor.py:830} INFO - Processing file /home/athlon/projects/airflow/.venv/lib/python3.11/site-packages/airflow/example_dags/example_latest_only_with_trigger.py for tasks to queue
[2024-04-26T21:47:15.523-0300] {logging_mixin.py:188} INFO - [2024-04-26T21:47:15.522-0300] {dagbag.py:540} INFO - Filling up the DagBag from /home/athlon/projects/airflow/.venv/lib/python3.11/site-packages/airflow/example_dags/example_latest_only_with_trigger.py
[2024-04-26T21:47:15.532-0300] {processor.py:840} INFO - DAG(s) 'latest_only_with_trigger' retrieved from /home/athlon/projects/airflow/.venv/lib/python3.11/site-packages/airflow/example_dags/example_latest_only_with_trigger.py
[2024-04-26T21:47:15.559-0300] {logging_mixin.py:188} INFO - [2024-04-26T21:47:15.558-0300] {dag.py:3096} INFO - Sync 1 DAGs
[2024-04-26T21:47:15.588-0300] {logging_mixin.py:188} INFO - [2024-04-26T21:47:15.588-0300] {dag.py:3954} INFO - Setting next_dagrun for latest_only_with_trigger to 2024-04-26 20:00:00+00:00, run_after=2024-04-27 00:00:00+00:00
[2024-04-26T21:47:15.616-0300] {processor.py:183} INFO - Processing /home/athlon/projects/airflow/.venv/lib/python3.11/site-packages/airflow/example_dags/example_latest_only_with_trigger.py took 0.113 seconds
[2024-04-26T21:48:12.814-0300] {processor.py:161} INFO - Started process (PID=20229) to work on /home/athlon/projects/airflow/.venv/lib/python3.11/site-packages/airflow/example_dags/example_latest_only_with_trigger.py
[2024-04-26T21:48:12.820-0300] {processor.py:830} INFO - Processing file /home/athlon/projects/airflow/.venv/lib/python3.11/site-packages/airflow/example_dags/example_latest_only_with_trigger.py for tasks to queue
[2024-04-26T21:48:12.823-0300] {logging_mixin.py:188} INFO - [2024-04-26T21:48:12.822-0300] {dagbag.py:540} INFO - Filling up the DagBag from /home/athlon/projects/airflow/.venv/lib/python3.11/site-packages/airflow/example_dags/example_latest_only_with_trigger.py
[2024-04-26T21:48:12.831-0300] {processor.py:840} INFO - DAG(s) 'latest_only_with_trigger' retrieved from /home/athlon/projects/airflow/.venv/lib/python3.11/site-packages/airflow/example_dags/example_latest_only_with_trigger.py
[2024-04-26T21:48:12.855-0300] {logging_mixin.py:188} INFO - [2024-04-26T21:48:12.855-0300] {dag.py:3096} INFO - Sync 1 DAGs
[2024-04-26T21:48:12.885-0300] {logging_mixin.py:188} INFO - [2024-04-26T21:48:12.884-0300] {dag.py:3954} INFO - Setting next_dagrun for latest_only_with_trigger to 2024-04-26 20:00:00+00:00, run_after=2024-04-27 00:00:00+00:00
[2024-04-26T21:48:12.916-0300] {processor.py:183} INFO - Processing /home/athlon/projects/airflow/.venv/lib/python3.11/site-packages/airflow/example_dags/example_latest_only_with_trigger.py took 0.112 seconds
[2024-04-26T21:49:07.850-0300] {processor.py:161} INFO - Started process (PID=20290) to work on /home/athlon/projects/airflow/.venv/lib/python3.11/site-packages/airflow/example_dags/example_latest_only_with_trigger.py
[2024-04-26T21:49:07.856-0300] {processor.py:830} INFO - Processing file /home/athlon/projects/airflow/.venv/lib/python3.11/site-packages/airflow/example_dags/example_latest_only_with_trigger.py for tasks to queue
[2024-04-26T21:49:07.859-0300] {logging_mixin.py:188} INFO - [2024-04-26T21:49:07.858-0300] {dagbag.py:540} INFO - Filling up the DagBag from /home/athlon/projects/airflow/.venv/lib/python3.11/site-packages/airflow/example_dags/example_latest_only_with_trigger.py
[2024-04-26T21:49:07.868-0300] {processor.py:840} INFO - DAG(s) 'latest_only_with_trigger' retrieved from /home/athlon/projects/airflow/.venv/lib/python3.11/site-packages/airflow/example_dags/example_latest_only_with_trigger.py
[2024-04-26T21:49:07.897-0300] {logging_mixin.py:188} INFO - [2024-04-26T21:49:07.897-0300] {dag.py:3096} INFO - Sync 1 DAGs
[2024-04-26T21:49:07.926-0300] {logging_mixin.py:188} INFO - [2024-04-26T21:49:07.926-0300] {dag.py:3954} INFO - Setting next_dagrun for latest_only_with_trigger to 2024-04-26 20:00:00+00:00, run_after=2024-04-27 00:00:00+00:00
[2024-04-26T21:49:07.959-0300] {processor.py:183} INFO - Processing /home/athlon/projects/airflow/.venv/lib/python3.11/site-packages/airflow/example_dags/example_latest_only_with_trigger.py took 0.120 seconds
[2024-04-26T21:50:01.989-0300] {processor.py:161} INFO - Started process (PID=20358) to work on /home/athlon/projects/airflow/.venv/lib/python3.11/site-packages/airflow/example_dags/example_latest_only_with_trigger.py
[2024-04-26T21:50:01.994-0300] {processor.py:830} INFO - Processing file /home/athlon/projects/airflow/.venv/lib/python3.11/site-packages/airflow/example_dags/example_latest_only_with_trigger.py for tasks to queue
[2024-04-26T21:50:01.997-0300] {logging_mixin.py:188} INFO - [2024-04-26T21:50:01.996-0300] {dagbag.py:540} INFO - Filling up the DagBag from /home/athlon/projects/airflow/.venv/lib/python3.11/site-packages/airflow/example_dags/example_latest_only_with_trigger.py
[2024-04-26T21:50:02.005-0300] {processor.py:840} INFO - DAG(s) 'latest_only_with_trigger' retrieved from /home/athlon/projects/airflow/.venv/lib/python3.11/site-packages/airflow/example_dags/example_latest_only_with_trigger.py
[2024-04-26T21:50:02.030-0300] {logging_mixin.py:188} INFO - [2024-04-26T21:50:02.030-0300] {dag.py:3096} INFO - Sync 1 DAGs
[2024-04-26T21:50:02.062-0300] {logging_mixin.py:188} INFO - [2024-04-26T21:50:02.061-0300] {dag.py:3954} INFO - Setting next_dagrun for latest_only_with_trigger to 2024-04-26 20:00:00+00:00, run_after=2024-04-27 00:00:00+00:00
[2024-04-26T21:50:02.097-0300] {processor.py:183} INFO - Processing /home/athlon/projects/airflow/.venv/lib/python3.11/site-packages/airflow/example_dags/example_latest_only_with_trigger.py took 0.118 seconds
[2024-04-26T21:50:58.900-0300] {processor.py:161} INFO - Started process (PID=20435) to work on /home/athlon/projects/airflow/.venv/lib/python3.11/site-packages/airflow/example_dags/example_latest_only_with_trigger.py
[2024-04-26T21:50:58.906-0300] {processor.py:830} INFO - Processing file /home/athlon/projects/airflow/.venv/lib/python3.11/site-packages/airflow/example_dags/example_latest_only_with_trigger.py for tasks to queue
[2024-04-26T21:50:58.908-0300] {logging_mixin.py:188} INFO - [2024-04-26T21:50:58.908-0300] {dagbag.py:540} INFO - Filling up the DagBag from /home/athlon/projects/airflow/.venv/lib/python3.11/site-packages/airflow/example_dags/example_latest_only_with_trigger.py
[2024-04-26T21:50:58.917-0300] {processor.py:840} INFO - DAG(s) 'latest_only_with_trigger' retrieved from /home/athlon/projects/airflow/.venv/lib/python3.11/site-packages/airflow/example_dags/example_latest_only_with_trigger.py
[2024-04-26T21:50:58.944-0300] {logging_mixin.py:188} INFO - [2024-04-26T21:50:58.943-0300] {dag.py:3096} INFO - Sync 1 DAGs
[2024-04-26T21:50:58.974-0300] {logging_mixin.py:188} INFO - [2024-04-26T21:50:58.974-0300] {dag.py:3954} INFO - Setting next_dagrun for latest_only_with_trigger to 2024-04-26 20:00:00+00:00, run_after=2024-04-27 00:00:00+00:00
[2024-04-26T21:50:59.004-0300] {processor.py:183} INFO - Processing /home/athlon/projects/airflow/.venv/lib/python3.11/site-packages/airflow/example_dags/example_latest_only_with_trigger.py took 0.114 seconds
[2024-04-26T21:51:55.055-0300] {processor.py:161} INFO - Started process (PID=20495) to work on /home/athlon/projects/airflow/.venv/lib/python3.11/site-packages/airflow/example_dags/example_latest_only_with_trigger.py
[2024-04-26T21:51:55.061-0300] {processor.py:830} INFO - Processing file /home/athlon/projects/airflow/.venv/lib/python3.11/site-packages/airflow/example_dags/example_latest_only_with_trigger.py for tasks to queue
[2024-04-26T21:51:55.064-0300] {logging_mixin.py:188} INFO - [2024-04-26T21:51:55.063-0300] {dagbag.py:540} INFO - Filling up the DagBag from /home/athlon/projects/airflow/.venv/lib/python3.11/site-packages/airflow/example_dags/example_latest_only_with_trigger.py
[2024-04-26T21:51:55.073-0300] {processor.py:840} INFO - DAG(s) 'latest_only_with_trigger' retrieved from /home/athlon/projects/airflow/.venv/lib/python3.11/site-packages/airflow/example_dags/example_latest_only_with_trigger.py
[2024-04-26T21:51:55.109-0300] {logging_mixin.py:188} INFO - [2024-04-26T21:51:55.109-0300] {dag.py:3096} INFO - Sync 1 DAGs
[2024-04-26T21:51:55.143-0300] {logging_mixin.py:188} INFO - [2024-04-26T21:51:55.143-0300] {dag.py:3954} INFO - Setting next_dagrun for latest_only_with_trigger to 2024-04-26 20:00:00+00:00, run_after=2024-04-27 00:00:00+00:00
[2024-04-26T21:51:55.173-0300] {processor.py:183} INFO - Processing /home/athlon/projects/airflow/.venv/lib/python3.11/site-packages/airflow/example_dags/example_latest_only_with_trigger.py took 0.129 seconds
[2024-04-26T21:52:52.704-0300] {processor.py:161} INFO - Started process (PID=20671) to work on /home/athlon/projects/airflow/.venv/lib/python3.11/site-packages/airflow/example_dags/example_latest_only_with_trigger.py
[2024-04-26T21:52:52.710-0300] {processor.py:830} INFO - Processing file /home/athlon/projects/airflow/.venv/lib/python3.11/site-packages/airflow/example_dags/example_latest_only_with_trigger.py for tasks to queue
[2024-04-26T21:52:52.713-0300] {logging_mixin.py:188} INFO - [2024-04-26T21:52:52.712-0300] {dagbag.py:540} INFO - Filling up the DagBag from /home/athlon/projects/airflow/.venv/lib/python3.11/site-packages/airflow/example_dags/example_latest_only_with_trigger.py
[2024-04-26T21:52:52.723-0300] {processor.py:840} INFO - DAG(s) 'latest_only_with_trigger' retrieved from /home/athlon/projects/airflow/.venv/lib/python3.11/site-packages/airflow/example_dags/example_latest_only_with_trigger.py
[2024-04-26T21:52:52.750-0300] {logging_mixin.py:188} INFO - [2024-04-26T21:52:52.750-0300] {dag.py:3096} INFO - Sync 1 DAGs
[2024-04-26T21:52:52.779-0300] {logging_mixin.py:188} INFO - [2024-04-26T21:52:52.779-0300] {dag.py:3954} INFO - Setting next_dagrun for latest_only_with_trigger to 2024-04-26 20:00:00+00:00, run_after=2024-04-27 00:00:00+00:00
[2024-04-26T21:52:52.809-0300] {processor.py:183} INFO - Processing /home/athlon/projects/airflow/.venv/lib/python3.11/site-packages/airflow/example_dags/example_latest_only_with_trigger.py took 0.117 seconds
[2024-04-26T21:53:50.649-0300] {processor.py:161} INFO - Started process (PID=20735) to work on /home/athlon/projects/airflow/.venv/lib/python3.11/site-packages/airflow/example_dags/example_latest_only_with_trigger.py
[2024-04-26T21:53:50.651-0300] {processor.py:830} INFO - Processing file /home/athlon/projects/airflow/.venv/lib/python3.11/site-packages/airflow/example_dags/example_latest_only_with_trigger.py for tasks to queue
[2024-04-26T21:53:50.654-0300] {logging_mixin.py:188} INFO - [2024-04-26T21:53:50.653-0300] {dagbag.py:540} INFO - Filling up the DagBag from /home/athlon/projects/airflow/.venv/lib/python3.11/site-packages/airflow/example_dags/example_latest_only_with_trigger.py
[2024-04-26T21:53:50.664-0300] {processor.py:840} INFO - DAG(s) 'latest_only_with_trigger' retrieved from /home/athlon/projects/airflow/.venv/lib/python3.11/site-packages/airflow/example_dags/example_latest_only_with_trigger.py
[2024-04-26T21:53:50.690-0300] {logging_mixin.py:188} INFO - [2024-04-26T21:53:50.690-0300] {dag.py:3096} INFO - Sync 1 DAGs
[2024-04-26T21:53:50.720-0300] {logging_mixin.py:188} INFO - [2024-04-26T21:53:50.720-0300] {dag.py:3954} INFO - Setting next_dagrun for latest_only_with_trigger to 2024-04-26 20:00:00+00:00, run_after=2024-04-27 00:00:00+00:00
[2024-04-26T21:53:50.750-0300] {processor.py:183} INFO - Processing /home/athlon/projects/airflow/.venv/lib/python3.11/site-packages/airflow/example_dags/example_latest_only_with_trigger.py took 0.113 seconds
[2024-04-26T21:54:49.335-0300] {processor.py:161} INFO - Started process (PID=20959) to work on /home/athlon/projects/airflow/.venv/lib/python3.11/site-packages/airflow/example_dags/example_latest_only_with_trigger.py
[2024-04-26T21:54:49.337-0300] {processor.py:830} INFO - Processing file /home/athlon/projects/airflow/.venv/lib/python3.11/site-packages/airflow/example_dags/example_latest_only_with_trigger.py for tasks to queue
[2024-04-26T21:54:49.341-0300] {logging_mixin.py:188} INFO - [2024-04-26T21:54:49.340-0300] {dagbag.py:540} INFO - Filling up the DagBag from /home/athlon/projects/airflow/.venv/lib/python3.11/site-packages/airflow/example_dags/example_latest_only_with_trigger.py
[2024-04-26T21:54:49.353-0300] {processor.py:840} INFO - DAG(s) 'latest_only_with_trigger' retrieved from /home/athlon/projects/airflow/.venv/lib/python3.11/site-packages/airflow/example_dags/example_latest_only_with_trigger.py
[2024-04-26T21:54:49.386-0300] {logging_mixin.py:188} INFO - [2024-04-26T21:54:49.386-0300] {dag.py:3096} INFO - Sync 1 DAGs
[2024-04-26T21:54:49.425-0300] {logging_mixin.py:188} INFO - [2024-04-26T21:54:49.425-0300] {dag.py:3954} INFO - Setting next_dagrun for latest_only_with_trigger to 2024-04-26 20:00:00+00:00, run_after=2024-04-27 00:00:00+00:00
[2024-04-26T21:54:49.467-0300] {processor.py:183} INFO - Processing /home/athlon/projects/airflow/.venv/lib/python3.11/site-packages/airflow/example_dags/example_latest_only_with_trigger.py took 0.145 seconds
[2024-04-26T21:56:13.141-0300] {processor.py:161} INFO - Started process (PID=21589) to work on /home/athlon/projects/airflow/.venv/lib/python3.11/site-packages/airflow/example_dags/example_latest_only_with_trigger.py
[2024-04-26T21:56:13.147-0300] {processor.py:830} INFO - Processing file /home/athlon/projects/airflow/.venv/lib/python3.11/site-packages/airflow/example_dags/example_latest_only_with_trigger.py for tasks to queue
[2024-04-26T21:56:13.150-0300] {logging_mixin.py:188} INFO - [2024-04-26T21:56:13.149-0300] {dagbag.py:540} INFO - Filling up the DagBag from /home/athlon/projects/airflow/.venv/lib/python3.11/site-packages/airflow/example_dags/example_latest_only_with_trigger.py
[2024-04-26T21:56:13.160-0300] {processor.py:840} INFO - DAG(s) 'latest_only_with_trigger' retrieved from /home/athlon/projects/airflow/.venv/lib/python3.11/site-packages/airflow/example_dags/example_latest_only_with_trigger.py
[2024-04-26T21:56:13.187-0300] {logging_mixin.py:188} INFO - [2024-04-26T21:56:13.187-0300] {dag.py:3096} INFO - Sync 1 DAGs
[2024-04-26T21:56:13.217-0300] {logging_mixin.py:188} INFO - [2024-04-26T21:56:13.217-0300] {dag.py:3954} INFO - Setting next_dagrun for latest_only_with_trigger to 2024-04-26 20:00:00+00:00, run_after=2024-04-27 00:00:00+00:00
[2024-04-26T21:56:13.248-0300] {processor.py:183} INFO - Processing /home/athlon/projects/airflow/.venv/lib/python3.11/site-packages/airflow/example_dags/example_latest_only_with_trigger.py took 0.118 seconds
[2024-04-26T21:57:13.381-0300] {processor.py:161} INFO - Started process (PID=21836) to work on /home/athlon/projects/airflow/.venv/lib/python3.11/site-packages/airflow/example_dags/example_latest_only_with_trigger.py
[2024-04-26T21:57:13.386-0300] {processor.py:830} INFO - Processing file /home/athlon/projects/airflow/.venv/lib/python3.11/site-packages/airflow/example_dags/example_latest_only_with_trigger.py for tasks to queue
[2024-04-26T21:57:13.389-0300] {logging_mixin.py:188} INFO - [2024-04-26T21:57:13.389-0300] {dagbag.py:540} INFO - Filling up the DagBag from /home/athlon/projects/airflow/.venv/lib/python3.11/site-packages/airflow/example_dags/example_latest_only_with_trigger.py
[2024-04-26T21:57:13.399-0300] {processor.py:840} INFO - DAG(s) 'latest_only_with_trigger' retrieved from /home/athlon/projects/airflow/.venv/lib/python3.11/site-packages/airflow/example_dags/example_latest_only_with_trigger.py
[2024-04-26T21:57:13.428-0300] {logging_mixin.py:188} INFO - [2024-04-26T21:57:13.428-0300] {dag.py:3096} INFO - Sync 1 DAGs
[2024-04-26T21:57:13.465-0300] {logging_mixin.py:188} INFO - [2024-04-26T21:57:13.464-0300] {dag.py:3954} INFO - Setting next_dagrun for latest_only_with_trigger to 2024-04-26 20:00:00+00:00, run_after=2024-04-27 00:00:00+00:00
[2024-04-26T21:57:13.501-0300] {processor.py:183} INFO - Processing /home/athlon/projects/airflow/.venv/lib/python3.11/site-packages/airflow/example_dags/example_latest_only_with_trigger.py took 0.129 seconds
[2024-04-26T21:58:13.399-0300] {processor.py:161} INFO - Started process (PID=21972) to work on /home/athlon/projects/airflow/.venv/lib/python3.11/site-packages/airflow/example_dags/example_latest_only_with_trigger.py
[2024-04-26T21:58:13.404-0300] {processor.py:830} INFO - Processing file /home/athlon/projects/airflow/.venv/lib/python3.11/site-packages/airflow/example_dags/example_latest_only_with_trigger.py for tasks to queue
[2024-04-26T21:58:13.408-0300] {logging_mixin.py:188} INFO - [2024-04-26T21:58:13.407-0300] {dagbag.py:540} INFO - Filling up the DagBag from /home/athlon/projects/airflow/.venv/lib/python3.11/site-packages/airflow/example_dags/example_latest_only_with_trigger.py
[2024-04-26T21:58:13.422-0300] {processor.py:840} INFO - DAG(s) 'latest_only_with_trigger' retrieved from /home/athlon/projects/airflow/.venv/lib/python3.11/site-packages/airflow/example_dags/example_latest_only_with_trigger.py
[2024-04-26T21:58:13.450-0300] {logging_mixin.py:188} INFO - [2024-04-26T21:58:13.450-0300] {dag.py:3096} INFO - Sync 1 DAGs
[2024-04-26T21:58:13.487-0300] {logging_mixin.py:188} INFO - [2024-04-26T21:58:13.487-0300] {dag.py:3954} INFO - Setting next_dagrun for latest_only_with_trigger to 2024-04-26 20:00:00+00:00, run_after=2024-04-27 00:00:00+00:00
[2024-04-26T21:58:13.520-0300] {processor.py:183} INFO - Processing /home/athlon/projects/airflow/.venv/lib/python3.11/site-packages/airflow/example_dags/example_latest_only_with_trigger.py took 0.133 seconds
[2024-04-26T21:59:10.788-0300] {processor.py:161} INFO - Started process (PID=22117) to work on /home/athlon/projects/airflow/.venv/lib/python3.11/site-packages/airflow/example_dags/example_latest_only_with_trigger.py
[2024-04-26T21:59:10.794-0300] {processor.py:830} INFO - Processing file /home/athlon/projects/airflow/.venv/lib/python3.11/site-packages/airflow/example_dags/example_latest_only_with_trigger.py for tasks to queue
[2024-04-26T21:59:10.797-0300] {logging_mixin.py:188} INFO - [2024-04-26T21:59:10.796-0300] {dagbag.py:540} INFO - Filling up the DagBag from /home/athlon/projects/airflow/.venv/lib/python3.11/site-packages/airflow/example_dags/example_latest_only_with_trigger.py
[2024-04-26T21:59:10.807-0300] {processor.py:840} INFO - DAG(s) 'latest_only_with_trigger' retrieved from /home/athlon/projects/airflow/.venv/lib/python3.11/site-packages/airflow/example_dags/example_latest_only_with_trigger.py
[2024-04-26T21:59:10.835-0300] {logging_mixin.py:188} INFO - [2024-04-26T21:59:10.835-0300] {dag.py:3096} INFO - Sync 1 DAGs
[2024-04-26T21:59:10.865-0300] {logging_mixin.py:188} INFO - [2024-04-26T21:59:10.865-0300] {dag.py:3954} INFO - Setting next_dagrun for latest_only_with_trigger to 2024-04-26 20:00:00+00:00, run_after=2024-04-27 00:00:00+00:00
[2024-04-26T21:59:10.895-0300] {processor.py:183} INFO - Processing /home/athlon/projects/airflow/.venv/lib/python3.11/site-packages/airflow/example_dags/example_latest_only_with_trigger.py took 0.119 seconds
[2024-04-26T22:00:07.998-0300] {processor.py:161} INFO - Started process (PID=22272) to work on /home/athlon/projects/airflow/.venv/lib/python3.11/site-packages/airflow/example_dags/example_latest_only_with_trigger.py
[2024-04-26T22:00:08.003-0300] {processor.py:830} INFO - Processing file /home/athlon/projects/airflow/.venv/lib/python3.11/site-packages/airflow/example_dags/example_latest_only_with_trigger.py for tasks to queue
[2024-04-26T22:00:08.006-0300] {logging_mixin.py:188} INFO - [2024-04-26T22:00:08.005-0300] {dagbag.py:540} INFO - Filling up the DagBag from /home/athlon/projects/airflow/.venv/lib/python3.11/site-packages/airflow/example_dags/example_latest_only_with_trigger.py
[2024-04-26T22:00:08.014-0300] {processor.py:840} INFO - DAG(s) 'latest_only_with_trigger' retrieved from /home/athlon/projects/airflow/.venv/lib/python3.11/site-packages/airflow/example_dags/example_latest_only_with_trigger.py
[2024-04-26T22:00:08.039-0300] {logging_mixin.py:188} INFO - [2024-04-26T22:00:08.038-0300] {dag.py:3096} INFO - Sync 1 DAGs
[2024-04-26T22:00:08.068-0300] {logging_mixin.py:188} INFO - [2024-04-26T22:00:08.068-0300] {dag.py:3954} INFO - Setting next_dagrun for latest_only_with_trigger to 2024-04-26 20:00:00+00:00, run_after=2024-04-27 00:00:00+00:00
[2024-04-26T22:00:08.100-0300] {processor.py:183} INFO - Processing /home/athlon/projects/airflow/.venv/lib/python3.11/site-packages/airflow/example_dags/example_latest_only_with_trigger.py took 0.111 seconds
[2024-04-26T22:01:11.060-0300] {processor.py:161} INFO - Started process (PID=22341) to work on /home/athlon/projects/airflow/.venv/lib/python3.11/site-packages/airflow/example_dags/example_latest_only_with_trigger.py
[2024-04-26T22:01:11.065-0300] {processor.py:830} INFO - Processing file /home/athlon/projects/airflow/.venv/lib/python3.11/site-packages/airflow/example_dags/example_latest_only_with_trigger.py for tasks to queue
[2024-04-26T22:01:11.069-0300] {logging_mixin.py:188} INFO - [2024-04-26T22:01:11.068-0300] {dagbag.py:540} INFO - Filling up the DagBag from /home/athlon/projects/airflow/.venv/lib/python3.11/site-packages/airflow/example_dags/example_latest_only_with_trigger.py
[2024-04-26T22:01:11.080-0300] {processor.py:840} INFO - DAG(s) 'latest_only_with_trigger' retrieved from /home/athlon/projects/airflow/.venv/lib/python3.11/site-packages/airflow/example_dags/example_latest_only_with_trigger.py
[2024-04-26T22:01:11.110-0300] {logging_mixin.py:188} INFO - [2024-04-26T22:01:11.109-0300] {dag.py:3096} INFO - Sync 1 DAGs
[2024-04-26T22:01:11.142-0300] {logging_mixin.py:188} INFO - [2024-04-26T22:01:11.141-0300] {dag.py:3954} INFO - Setting next_dagrun for latest_only_with_trigger to 2024-04-26 20:00:00+00:00, run_after=2024-04-27 00:00:00+00:00
[2024-04-26T22:01:11.174-0300] {processor.py:183} INFO - Processing /home/athlon/projects/airflow/.venv/lib/python3.11/site-packages/airflow/example_dags/example_latest_only_with_trigger.py took 0.126 seconds
[2024-04-26T22:02:11.060-0300] {processor.py:161} INFO - Started process (PID=22409) to work on /home/athlon/projects/airflow/.venv/lib/python3.11/site-packages/airflow/example_dags/example_latest_only_with_trigger.py
[2024-04-26T22:02:11.066-0300] {processor.py:830} INFO - Processing file /home/athlon/projects/airflow/.venv/lib/python3.11/site-packages/airflow/example_dags/example_latest_only_with_trigger.py for tasks to queue
[2024-04-26T22:02:11.069-0300] {logging_mixin.py:188} INFO - [2024-04-26T22:02:11.068-0300] {dagbag.py:540} INFO - Filling up the DagBag from /home/athlon/projects/airflow/.venv/lib/python3.11/site-packages/airflow/example_dags/example_latest_only_with_trigger.py
[2024-04-26T22:02:11.078-0300] {processor.py:840} INFO - DAG(s) 'latest_only_with_trigger' retrieved from /home/athlon/projects/airflow/.venv/lib/python3.11/site-packages/airflow/example_dags/example_latest_only_with_trigger.py
[2024-04-26T22:02:11.106-0300] {logging_mixin.py:188} INFO - [2024-04-26T22:02:11.106-0300] {dag.py:3096} INFO - Sync 1 DAGs
[2024-04-26T22:02:11.139-0300] {logging_mixin.py:188} INFO - [2024-04-26T22:02:11.138-0300] {dag.py:3954} INFO - Setting next_dagrun for latest_only_with_trigger to 2024-04-26 20:00:00+00:00, run_after=2024-04-27 00:00:00+00:00
[2024-04-26T22:02:11.171-0300] {processor.py:183} INFO - Processing /home/athlon/projects/airflow/.venv/lib/python3.11/site-packages/airflow/example_dags/example_latest_only_with_trigger.py took 0.121 seconds
[2024-04-26T22:03:17.567-0300] {processor.py:161} INFO - Started process (PID=22490) to work on /home/athlon/projects/airflow/.venv/lib/python3.11/site-packages/airflow/example_dags/example_latest_only_with_trigger.py
[2024-04-26T22:03:17.568-0300] {processor.py:830} INFO - Processing file /home/athlon/projects/airflow/.venv/lib/python3.11/site-packages/airflow/example_dags/example_latest_only_with_trigger.py for tasks to queue
[2024-04-26T22:03:17.571-0300] {logging_mixin.py:188} INFO - [2024-04-26T22:03:17.570-0300] {dagbag.py:540} INFO - Filling up the DagBag from /home/athlon/projects/airflow/.venv/lib/python3.11/site-packages/airflow/example_dags/example_latest_only_with_trigger.py
[2024-04-26T22:03:17.580-0300] {processor.py:840} INFO - DAG(s) 'latest_only_with_trigger' retrieved from /home/athlon/projects/airflow/.venv/lib/python3.11/site-packages/airflow/example_dags/example_latest_only_with_trigger.py
[2024-04-26T22:03:17.604-0300] {logging_mixin.py:188} INFO - [2024-04-26T22:03:17.604-0300] {dag.py:3096} INFO - Sync 1 DAGs
[2024-04-26T22:03:17.635-0300] {logging_mixin.py:188} INFO - [2024-04-26T22:03:17.634-0300] {dag.py:3954} INFO - Setting next_dagrun for latest_only_with_trigger to 2024-04-26 20:00:00+00:00, run_after=2024-04-27 00:00:00+00:00
[2024-04-26T22:03:17.665-0300] {processor.py:183} INFO - Processing /home/athlon/projects/airflow/.venv/lib/python3.11/site-packages/airflow/example_dags/example_latest_only_with_trigger.py took 0.107 seconds
[2024-04-26T22:04:15.058-0300] {processor.py:161} INFO - Started process (PID=22625) to work on /home/athlon/projects/airflow/.venv/lib/python3.11/site-packages/airflow/example_dags/example_latest_only_with_trigger.py
[2024-04-26T22:04:15.060-0300] {processor.py:830} INFO - Processing file /home/athlon/projects/airflow/.venv/lib/python3.11/site-packages/airflow/example_dags/example_latest_only_with_trigger.py for tasks to queue
[2024-04-26T22:04:15.064-0300] {logging_mixin.py:188} INFO - [2024-04-26T22:04:15.063-0300] {dagbag.py:540} INFO - Filling up the DagBag from /home/athlon/projects/airflow/.venv/lib/python3.11/site-packages/airflow/example_dags/example_latest_only_with_trigger.py
[2024-04-26T22:04:15.076-0300] {processor.py:840} INFO - DAG(s) 'latest_only_with_trigger' retrieved from /home/athlon/projects/airflow/.venv/lib/python3.11/site-packages/airflow/example_dags/example_latest_only_with_trigger.py
[2024-04-26T22:04:15.103-0300] {logging_mixin.py:188} INFO - [2024-04-26T22:04:15.103-0300] {dag.py:3096} INFO - Sync 1 DAGs
[2024-04-26T22:04:15.135-0300] {logging_mixin.py:188} INFO - [2024-04-26T22:04:15.135-0300] {dag.py:3954} INFO - Setting next_dagrun for latest_only_with_trigger to 2024-04-26 20:00:00+00:00, run_after=2024-04-27 00:00:00+00:00
[2024-04-26T22:04:15.166-0300] {processor.py:183} INFO - Processing /home/athlon/projects/airflow/.venv/lib/python3.11/site-packages/airflow/example_dags/example_latest_only_with_trigger.py took 0.120 seconds
[2024-04-26T22:05:11.621-0300] {processor.py:161} INFO - Started process (PID=22702) to work on /home/athlon/projects/airflow/.venv/lib/python3.11/site-packages/airflow/example_dags/example_latest_only_with_trigger.py
[2024-04-26T22:05:11.627-0300] {processor.py:830} INFO - Processing file /home/athlon/projects/airflow/.venv/lib/python3.11/site-packages/airflow/example_dags/example_latest_only_with_trigger.py for tasks to queue
[2024-04-26T22:05:11.630-0300] {logging_mixin.py:188} INFO - [2024-04-26T22:05:11.629-0300] {dagbag.py:540} INFO - Filling up the DagBag from /home/athlon/projects/airflow/.venv/lib/python3.11/site-packages/airflow/example_dags/example_latest_only_with_trigger.py
[2024-04-26T22:05:11.641-0300] {processor.py:840} INFO - DAG(s) 'latest_only_with_trigger' retrieved from /home/athlon/projects/airflow/.venv/lib/python3.11/site-packages/airflow/example_dags/example_latest_only_with_trigger.py
[2024-04-26T22:05:11.669-0300] {logging_mixin.py:188} INFO - [2024-04-26T22:05:11.668-0300] {dag.py:3096} INFO - Sync 1 DAGs
[2024-04-26T22:05:11.699-0300] {logging_mixin.py:188} INFO - [2024-04-26T22:05:11.699-0300] {dag.py:3954} INFO - Setting next_dagrun for latest_only_with_trigger to 2024-04-26 20:00:00+00:00, run_after=2024-04-27 00:00:00+00:00
[2024-04-26T22:05:11.729-0300] {processor.py:183} INFO - Processing /home/athlon/projects/airflow/.venv/lib/python3.11/site-packages/airflow/example_dags/example_latest_only_with_trigger.py took 0.120 seconds
[2024-04-26T22:06:10.145-0300] {processor.py:161} INFO - Started process (PID=22772) to work on /home/athlon/projects/airflow/.venv/lib/python3.11/site-packages/airflow/example_dags/example_latest_only_with_trigger.py
[2024-04-26T22:06:10.150-0300] {processor.py:830} INFO - Processing file /home/athlon/projects/airflow/.venv/lib/python3.11/site-packages/airflow/example_dags/example_latest_only_with_trigger.py for tasks to queue
[2024-04-26T22:06:10.153-0300] {logging_mixin.py:188} INFO - [2024-04-26T22:06:10.153-0300] {dagbag.py:540} INFO - Filling up the DagBag from /home/athlon/projects/airflow/.venv/lib/python3.11/site-packages/airflow/example_dags/example_latest_only_with_trigger.py
[2024-04-26T22:06:10.164-0300] {processor.py:840} INFO - DAG(s) 'latest_only_with_trigger' retrieved from /home/athlon/projects/airflow/.venv/lib/python3.11/site-packages/airflow/example_dags/example_latest_only_with_trigger.py
[2024-04-26T22:06:10.192-0300] {logging_mixin.py:188} INFO - [2024-04-26T22:06:10.191-0300] {dag.py:3096} INFO - Sync 1 DAGs
[2024-04-26T22:06:10.221-0300] {logging_mixin.py:188} INFO - [2024-04-26T22:06:10.221-0300] {dag.py:3954} INFO - Setting next_dagrun for latest_only_with_trigger to 2024-04-26 20:00:00+00:00, run_after=2024-04-27 00:00:00+00:00
[2024-04-26T22:06:10.251-0300] {processor.py:183} INFO - Processing /home/athlon/projects/airflow/.venv/lib/python3.11/site-packages/airflow/example_dags/example_latest_only_with_trigger.py took 0.118 seconds
[2024-04-26T22:07:11.899-0300] {processor.py:161} INFO - Started process (PID=22840) to work on /home/athlon/projects/airflow/.venv/lib/python3.11/site-packages/airflow/example_dags/example_latest_only_with_trigger.py
[2024-04-26T22:07:11.904-0300] {processor.py:830} INFO - Processing file /home/athlon/projects/airflow/.venv/lib/python3.11/site-packages/airflow/example_dags/example_latest_only_with_trigger.py for tasks to queue
[2024-04-26T22:07:11.907-0300] {logging_mixin.py:188} INFO - [2024-04-26T22:07:11.906-0300] {dagbag.py:540} INFO - Filling up the DagBag from /home/athlon/projects/airflow/.venv/lib/python3.11/site-packages/airflow/example_dags/example_latest_only_with_trigger.py
[2024-04-26T22:07:11.916-0300] {processor.py:840} INFO - DAG(s) 'latest_only_with_trigger' retrieved from /home/athlon/projects/airflow/.venv/lib/python3.11/site-packages/airflow/example_dags/example_latest_only_with_trigger.py
[2024-04-26T22:07:11.941-0300] {logging_mixin.py:188} INFO - [2024-04-26T22:07:11.941-0300] {dag.py:3096} INFO - Sync 1 DAGs
[2024-04-26T22:07:11.971-0300] {logging_mixin.py:188} INFO - [2024-04-26T22:07:11.971-0300] {dag.py:3954} INFO - Setting next_dagrun for latest_only_with_trigger to 2024-04-26 20:00:00+00:00, run_after=2024-04-27 00:00:00+00:00
[2024-04-26T22:07:12.001-0300] {processor.py:183} INFO - Processing /home/athlon/projects/airflow/.venv/lib/python3.11/site-packages/airflow/example_dags/example_latest_only_with_trigger.py took 0.111 seconds
[2024-04-26T22:08:16.345-0300] {processor.py:161} INFO - Started process (PID=22911) to work on /home/athlon/projects/airflow/.venv/lib/python3.11/site-packages/airflow/example_dags/example_latest_only_with_trigger.py
[2024-04-26T22:08:16.350-0300] {processor.py:830} INFO - Processing file /home/athlon/projects/airflow/.venv/lib/python3.11/site-packages/airflow/example_dags/example_latest_only_with_trigger.py for tasks to queue
[2024-04-26T22:08:16.353-0300] {logging_mixin.py:188} INFO - [2024-04-26T22:08:16.352-0300] {dagbag.py:540} INFO - Filling up the DagBag from /home/athlon/projects/airflow/.venv/lib/python3.11/site-packages/airflow/example_dags/example_latest_only_with_trigger.py
[2024-04-26T22:08:16.361-0300] {processor.py:840} INFO - DAG(s) 'latest_only_with_trigger' retrieved from /home/athlon/projects/airflow/.venv/lib/python3.11/site-packages/airflow/example_dags/example_latest_only_with_trigger.py
[2024-04-26T22:08:16.386-0300] {logging_mixin.py:188} INFO - [2024-04-26T22:08:16.385-0300] {dag.py:3096} INFO - Sync 1 DAGs
[2024-04-26T22:08:16.416-0300] {logging_mixin.py:188} INFO - [2024-04-26T22:08:16.416-0300] {dag.py:3954} INFO - Setting next_dagrun for latest_only_with_trigger to 2024-04-26 20:00:00+00:00, run_after=2024-04-27 00:00:00+00:00
[2024-04-26T22:08:16.445-0300] {processor.py:183} INFO - Processing /home/athlon/projects/airflow/.venv/lib/python3.11/site-packages/airflow/example_dags/example_latest_only_with_trigger.py took 0.109 seconds
[2024-04-26T22:09:13.700-0300] {processor.py:161} INFO - Started process (PID=23010) to work on /home/athlon/projects/airflow/.venv/lib/python3.11/site-packages/airflow/example_dags/example_latest_only_with_trigger.py
[2024-04-26T22:09:13.706-0300] {processor.py:830} INFO - Processing file /home/athlon/projects/airflow/.venv/lib/python3.11/site-packages/airflow/example_dags/example_latest_only_with_trigger.py for tasks to queue
[2024-04-26T22:09:13.709-0300] {logging_mixin.py:188} INFO - [2024-04-26T22:09:13.708-0300] {dagbag.py:540} INFO - Filling up the DagBag from /home/athlon/projects/airflow/.venv/lib/python3.11/site-packages/airflow/example_dags/example_latest_only_with_trigger.py
[2024-04-26T22:09:13.719-0300] {processor.py:840} INFO - DAG(s) 'latest_only_with_trigger' retrieved from /home/athlon/projects/airflow/.venv/lib/python3.11/site-packages/airflow/example_dags/example_latest_only_with_trigger.py
[2024-04-26T22:09:13.747-0300] {logging_mixin.py:188} INFO - [2024-04-26T22:09:13.747-0300] {dag.py:3096} INFO - Sync 1 DAGs
[2024-04-26T22:09:13.777-0300] {logging_mixin.py:188} INFO - [2024-04-26T22:09:13.776-0300] {dag.py:3954} INFO - Setting next_dagrun for latest_only_with_trigger to 2024-04-26 20:00:00+00:00, run_after=2024-04-27 00:00:00+00:00
[2024-04-26T22:09:13.808-0300] {processor.py:183} INFO - Processing /home/athlon/projects/airflow/.venv/lib/python3.11/site-packages/airflow/example_dags/example_latest_only_with_trigger.py took 0.120 seconds
[2024-04-26T22:10:16.246-0300] {processor.py:161} INFO - Started process (PID=23081) to work on /home/athlon/projects/airflow/.venv/lib/python3.11/site-packages/airflow/example_dags/example_latest_only_with_trigger.py
[2024-04-26T22:10:16.252-0300] {processor.py:830} INFO - Processing file /home/athlon/projects/airflow/.venv/lib/python3.11/site-packages/airflow/example_dags/example_latest_only_with_trigger.py for tasks to queue
[2024-04-26T22:10:16.255-0300] {logging_mixin.py:188} INFO - [2024-04-26T22:10:16.254-0300] {dagbag.py:540} INFO - Filling up the DagBag from /home/athlon/projects/airflow/.venv/lib/python3.11/site-packages/airflow/example_dags/example_latest_only_with_trigger.py
[2024-04-26T22:10:16.265-0300] {processor.py:840} INFO - DAG(s) 'latest_only_with_trigger' retrieved from /home/athlon/projects/airflow/.venv/lib/python3.11/site-packages/airflow/example_dags/example_latest_only_with_trigger.py
[2024-04-26T22:10:16.295-0300] {logging_mixin.py:188} INFO - [2024-04-26T22:10:16.295-0300] {dag.py:3096} INFO - Sync 1 DAGs
[2024-04-26T22:10:16.325-0300] {logging_mixin.py:188} INFO - [2024-04-26T22:10:16.325-0300] {dag.py:3954} INFO - Setting next_dagrun for latest_only_with_trigger to 2024-04-26 20:00:00+00:00, run_after=2024-04-27 00:00:00+00:00
[2024-04-26T22:10:16.355-0300] {processor.py:183} INFO - Processing /home/athlon/projects/airflow/.venv/lib/python3.11/site-packages/airflow/example_dags/example_latest_only_with_trigger.py took 0.120 seconds
[2024-04-26T22:11:16.818-0300] {processor.py:161} INFO - Started process (PID=23147) to work on /home/athlon/projects/airflow/.venv/lib/python3.11/site-packages/airflow/example_dags/example_latest_only_with_trigger.py
[2024-04-26T22:11:16.824-0300] {processor.py:830} INFO - Processing file /home/athlon/projects/airflow/.venv/lib/python3.11/site-packages/airflow/example_dags/example_latest_only_with_trigger.py for tasks to queue
[2024-04-26T22:11:16.827-0300] {logging_mixin.py:188} INFO - [2024-04-26T22:11:16.826-0300] {dagbag.py:540} INFO - Filling up the DagBag from /home/athlon/projects/airflow/.venv/lib/python3.11/site-packages/airflow/example_dags/example_latest_only_with_trigger.py
[2024-04-26T22:11:16.837-0300] {processor.py:840} INFO - DAG(s) 'latest_only_with_trigger' retrieved from /home/athlon/projects/airflow/.venv/lib/python3.11/site-packages/airflow/example_dags/example_latest_only_with_trigger.py
[2024-04-26T22:11:16.864-0300] {logging_mixin.py:188} INFO - [2024-04-26T22:11:16.864-0300] {dag.py:3096} INFO - Sync 1 DAGs
[2024-04-26T22:11:16.894-0300] {logging_mixin.py:188} INFO - [2024-04-26T22:11:16.893-0300] {dag.py:3954} INFO - Setting next_dagrun for latest_only_with_trigger to 2024-04-26 20:00:00+00:00, run_after=2024-04-27 00:00:00+00:00
[2024-04-26T22:11:16.924-0300] {processor.py:183} INFO - Processing /home/athlon/projects/airflow/.venv/lib/python3.11/site-packages/airflow/example_dags/example_latest_only_with_trigger.py took 0.117 seconds
[2024-04-26T22:12:20.113-0300] {processor.py:161} INFO - Started process (PID=23226) to work on /home/athlon/projects/airflow/.venv/lib/python3.11/site-packages/airflow/example_dags/example_latest_only_with_trigger.py
[2024-04-26T22:12:20.118-0300] {processor.py:830} INFO - Processing file /home/athlon/projects/airflow/.venv/lib/python3.11/site-packages/airflow/example_dags/example_latest_only_with_trigger.py for tasks to queue
[2024-04-26T22:12:20.122-0300] {logging_mixin.py:188} INFO - [2024-04-26T22:12:20.121-0300] {dagbag.py:540} INFO - Filling up the DagBag from /home/athlon/projects/airflow/.venv/lib/python3.11/site-packages/airflow/example_dags/example_latest_only_with_trigger.py
[2024-04-26T22:12:20.134-0300] {processor.py:840} INFO - DAG(s) 'latest_only_with_trigger' retrieved from /home/athlon/projects/airflow/.venv/lib/python3.11/site-packages/airflow/example_dags/example_latest_only_with_trigger.py
[2024-04-26T22:12:20.158-0300] {logging_mixin.py:188} INFO - [2024-04-26T22:12:20.158-0300] {dag.py:3096} INFO - Sync 1 DAGs
[2024-04-26T22:12:20.188-0300] {logging_mixin.py:188} INFO - [2024-04-26T22:12:20.188-0300] {dag.py:3954} INFO - Setting next_dagrun for latest_only_with_trigger to 2024-04-26 20:00:00+00:00, run_after=2024-04-27 00:00:00+00:00
[2024-04-26T22:12:20.219-0300] {processor.py:183} INFO - Processing /home/athlon/projects/airflow/.venv/lib/python3.11/site-packages/airflow/example_dags/example_latest_only_with_trigger.py took 0.117 seconds
[2024-04-26T22:13:19.942-0300] {processor.py:161} INFO - Started process (PID=23303) to work on /home/athlon/projects/airflow/.venv/lib/python3.11/site-packages/airflow/example_dags/example_latest_only_with_trigger.py
[2024-04-26T22:13:19.948-0300] {processor.py:830} INFO - Processing file /home/athlon/projects/airflow/.venv/lib/python3.11/site-packages/airflow/example_dags/example_latest_only_with_trigger.py for tasks to queue
[2024-04-26T22:13:19.951-0300] {logging_mixin.py:188} INFO - [2024-04-26T22:13:19.951-0300] {dagbag.py:540} INFO - Filling up the DagBag from /home/athlon/projects/airflow/.venv/lib/python3.11/site-packages/airflow/example_dags/example_latest_only_with_trigger.py
[2024-04-26T22:13:19.962-0300] {processor.py:840} INFO - DAG(s) 'latest_only_with_trigger' retrieved from /home/athlon/projects/airflow/.venv/lib/python3.11/site-packages/airflow/example_dags/example_latest_only_with_trigger.py
[2024-04-26T22:13:19.990-0300] {logging_mixin.py:188} INFO - [2024-04-26T22:13:19.989-0300] {dag.py:3096} INFO - Sync 1 DAGs
[2024-04-26T22:13:20.020-0300] {logging_mixin.py:188} INFO - [2024-04-26T22:13:20.020-0300] {dag.py:3954} INFO - Setting next_dagrun for latest_only_with_trigger to 2024-04-26 20:00:00+00:00, run_after=2024-04-27 00:00:00+00:00
[2024-04-26T22:13:20.050-0300] {processor.py:183} INFO - Processing /home/athlon/projects/airflow/.venv/lib/python3.11/site-packages/airflow/example_dags/example_latest_only_with_trigger.py took 0.119 seconds
[2024-04-26T22:14:18.230-0300] {processor.py:161} INFO - Started process (PID=23413) to work on /home/athlon/projects/airflow/.venv/lib/python3.11/site-packages/airflow/example_dags/example_latest_only_with_trigger.py
[2024-04-26T22:14:18.235-0300] {processor.py:830} INFO - Processing file /home/athlon/projects/airflow/.venv/lib/python3.11/site-packages/airflow/example_dags/example_latest_only_with_trigger.py for tasks to queue
[2024-04-26T22:14:18.238-0300] {logging_mixin.py:188} INFO - [2024-04-26T22:14:18.238-0300] {dagbag.py:540} INFO - Filling up the DagBag from /home/athlon/projects/airflow/.venv/lib/python3.11/site-packages/airflow/example_dags/example_latest_only_with_trigger.py
[2024-04-26T22:14:18.248-0300] {processor.py:840} INFO - DAG(s) 'latest_only_with_trigger' retrieved from /home/athlon/projects/airflow/.venv/lib/python3.11/site-packages/airflow/example_dags/example_latest_only_with_trigger.py
[2024-04-26T22:14:18.274-0300] {logging_mixin.py:188} INFO - [2024-04-26T22:14:18.274-0300] {dag.py:3096} INFO - Sync 1 DAGs
[2024-04-26T22:14:18.306-0300] {logging_mixin.py:188} INFO - [2024-04-26T22:14:18.305-0300] {dag.py:3954} INFO - Setting next_dagrun for latest_only_with_trigger to 2024-04-26 20:00:00+00:00, run_after=2024-04-27 00:00:00+00:00
[2024-04-26T22:14:18.336-0300] {processor.py:183} INFO - Processing /home/athlon/projects/airflow/.venv/lib/python3.11/site-packages/airflow/example_dags/example_latest_only_with_trigger.py took 0.117 seconds
[2024-04-26T22:15:22.898-0300] {processor.py:161} INFO - Started process (PID=23517) to work on /home/athlon/projects/airflow/.venv/lib/python3.11/site-packages/airflow/example_dags/example_latest_only_with_trigger.py
[2024-04-26T22:15:22.903-0300] {processor.py:830} INFO - Processing file /home/athlon/projects/airflow/.venv/lib/python3.11/site-packages/airflow/example_dags/example_latest_only_with_trigger.py for tasks to queue
[2024-04-26T22:15:22.907-0300] {logging_mixin.py:188} INFO - [2024-04-26T22:15:22.906-0300] {dagbag.py:540} INFO - Filling up the DagBag from /home/athlon/projects/airflow/.venv/lib/python3.11/site-packages/airflow/example_dags/example_latest_only_with_trigger.py
[2024-04-26T22:15:22.917-0300] {processor.py:840} INFO - DAG(s) 'latest_only_with_trigger' retrieved from /home/athlon/projects/airflow/.venv/lib/python3.11/site-packages/airflow/example_dags/example_latest_only_with_trigger.py
[2024-04-26T22:15:22.945-0300] {logging_mixin.py:188} INFO - [2024-04-26T22:15:22.945-0300] {dag.py:3096} INFO - Sync 1 DAGs
[2024-04-26T22:15:22.975-0300] {logging_mixin.py:188} INFO - [2024-04-26T22:15:22.975-0300] {dag.py:3954} INFO - Setting next_dagrun for latest_only_with_trigger to 2024-04-26 20:00:00+00:00, run_after=2024-04-27 00:00:00+00:00
[2024-04-26T22:15:23.007-0300] {processor.py:183} INFO - Processing /home/athlon/projects/airflow/.venv/lib/python3.11/site-packages/airflow/example_dags/example_latest_only_with_trigger.py took 0.121 seconds
[2024-04-26T22:16:29.028-0300] {processor.py:161} INFO - Started process (PID=23656) to work on /home/athlon/projects/airflow/.venv/lib/python3.11/site-packages/airflow/example_dags/example_latest_only_with_trigger.py
[2024-04-26T22:16:29.029-0300] {processor.py:830} INFO - Processing file /home/athlon/projects/airflow/.venv/lib/python3.11/site-packages/airflow/example_dags/example_latest_only_with_trigger.py for tasks to queue
[2024-04-26T22:16:29.032-0300] {logging_mixin.py:188} INFO - [2024-04-26T22:16:29.031-0300] {dagbag.py:540} INFO - Filling up the DagBag from /home/athlon/projects/airflow/.venv/lib/python3.11/site-packages/airflow/example_dags/example_latest_only_with_trigger.py
[2024-04-26T22:16:29.041-0300] {processor.py:840} INFO - DAG(s) 'latest_only_with_trigger' retrieved from /home/athlon/projects/airflow/.venv/lib/python3.11/site-packages/airflow/example_dags/example_latest_only_with_trigger.py
[2024-04-26T22:16:29.066-0300] {logging_mixin.py:188} INFO - [2024-04-26T22:16:29.066-0300] {dag.py:3096} INFO - Sync 1 DAGs
[2024-04-26T22:16:29.098-0300] {logging_mixin.py:188} INFO - [2024-04-26T22:16:29.097-0300] {dag.py:3954} INFO - Setting next_dagrun for latest_only_with_trigger to 2024-04-26 20:00:00+00:00, run_after=2024-04-27 00:00:00+00:00
[2024-04-26T22:16:29.129-0300] {processor.py:183} INFO - Processing /home/athlon/projects/airflow/.venv/lib/python3.11/site-packages/airflow/example_dags/example_latest_only_with_trigger.py took 0.110 seconds
[2024-04-26T22:17:28.505-0300] {processor.py:161} INFO - Started process (PID=23725) to work on /home/athlon/projects/airflow/.venv/lib/python3.11/site-packages/airflow/example_dags/example_latest_only_with_trigger.py
[2024-04-26T22:17:28.507-0300] {processor.py:830} INFO - Processing file /home/athlon/projects/airflow/.venv/lib/python3.11/site-packages/airflow/example_dags/example_latest_only_with_trigger.py for tasks to queue
[2024-04-26T22:17:28.510-0300] {logging_mixin.py:188} INFO - [2024-04-26T22:17:28.509-0300] {dagbag.py:540} INFO - Filling up the DagBag from /home/athlon/projects/airflow/.venv/lib/python3.11/site-packages/airflow/example_dags/example_latest_only_with_trigger.py
[2024-04-26T22:17:28.521-0300] {processor.py:840} INFO - DAG(s) 'latest_only_with_trigger' retrieved from /home/athlon/projects/airflow/.venv/lib/python3.11/site-packages/airflow/example_dags/example_latest_only_with_trigger.py
[2024-04-26T22:17:28.548-0300] {logging_mixin.py:188} INFO - [2024-04-26T22:17:28.547-0300] {dag.py:3096} INFO - Sync 1 DAGs
[2024-04-26T22:17:28.578-0300] {logging_mixin.py:188} INFO - [2024-04-26T22:17:28.577-0300] {dag.py:3954} INFO - Setting next_dagrun for latest_only_with_trigger to 2024-04-26 20:00:00+00:00, run_after=2024-04-27 00:00:00+00:00
[2024-04-26T22:17:28.607-0300] {processor.py:183} INFO - Processing /home/athlon/projects/airflow/.venv/lib/python3.11/site-packages/airflow/example_dags/example_latest_only_with_trigger.py took 0.113 seconds
[2024-04-26T22:18:28.234-0300] {processor.py:161} INFO - Started process (PID=23780) to work on /home/athlon/projects/airflow/.venv/lib/python3.11/site-packages/airflow/example_dags/example_latest_only_with_trigger.py
[2024-04-26T22:18:28.240-0300] {processor.py:830} INFO - Processing file /home/athlon/projects/airflow/.venv/lib/python3.11/site-packages/airflow/example_dags/example_latest_only_with_trigger.py for tasks to queue
[2024-04-26T22:18:28.243-0300] {logging_mixin.py:188} INFO - [2024-04-26T22:18:28.242-0300] {dagbag.py:540} INFO - Filling up the DagBag from /home/athlon/projects/airflow/.venv/lib/python3.11/site-packages/airflow/example_dags/example_latest_only_with_trigger.py
[2024-04-26T22:18:28.254-0300] {processor.py:840} INFO - DAG(s) 'latest_only_with_trigger' retrieved from /home/athlon/projects/airflow/.venv/lib/python3.11/site-packages/airflow/example_dags/example_latest_only_with_trigger.py
[2024-04-26T22:18:28.281-0300] {logging_mixin.py:188} INFO - [2024-04-26T22:18:28.281-0300] {dag.py:3096} INFO - Sync 1 DAGs
[2024-04-26T22:18:28.312-0300] {logging_mixin.py:188} INFO - [2024-04-26T22:18:28.311-0300] {dag.py:3954} INFO - Setting next_dagrun for latest_only_with_trigger to 2024-04-26 20:00:00+00:00, run_after=2024-04-27 00:00:00+00:00
[2024-04-26T22:18:28.342-0300] {processor.py:183} INFO - Processing /home/athlon/projects/airflow/.venv/lib/python3.11/site-packages/airflow/example_dags/example_latest_only_with_trigger.py took 0.120 seconds
[2024-04-26T22:19:27.589-0300] {processor.py:161} INFO - Started process (PID=23846) to work on /home/athlon/projects/airflow/.venv/lib/python3.11/site-packages/airflow/example_dags/example_latest_only_with_trigger.py
[2024-04-26T22:19:27.595-0300] {processor.py:830} INFO - Processing file /home/athlon/projects/airflow/.venv/lib/python3.11/site-packages/airflow/example_dags/example_latest_only_with_trigger.py for tasks to queue
[2024-04-26T22:19:27.598-0300] {logging_mixin.py:188} INFO - [2024-04-26T22:19:27.597-0300] {dagbag.py:540} INFO - Filling up the DagBag from /home/athlon/projects/airflow/.venv/lib/python3.11/site-packages/airflow/example_dags/example_latest_only_with_trigger.py
[2024-04-26T22:19:27.609-0300] {processor.py:840} INFO - DAG(s) 'latest_only_with_trigger' retrieved from /home/athlon/projects/airflow/.venv/lib/python3.11/site-packages/airflow/example_dags/example_latest_only_with_trigger.py
[2024-04-26T22:19:27.637-0300] {logging_mixin.py:188} INFO - [2024-04-26T22:19:27.637-0300] {dag.py:3096} INFO - Sync 1 DAGs
[2024-04-26T22:19:27.667-0300] {logging_mixin.py:188} INFO - [2024-04-26T22:19:27.667-0300] {dag.py:3954} INFO - Setting next_dagrun for latest_only_with_trigger to 2024-04-26 20:00:00+00:00, run_after=2024-04-27 00:00:00+00:00
[2024-04-26T22:19:27.700-0300] {processor.py:183} INFO - Processing /home/athlon/projects/airflow/.venv/lib/python3.11/site-packages/airflow/example_dags/example_latest_only_with_trigger.py took 0.122 seconds
[2024-04-26T22:20:26.236-0300] {processor.py:161} INFO - Started process (PID=23906) to work on /home/athlon/projects/airflow/.venv/lib/python3.11/site-packages/airflow/example_dags/example_latest_only_with_trigger.py
[2024-04-26T22:20:26.238-0300] {processor.py:830} INFO - Processing file /home/athlon/projects/airflow/.venv/lib/python3.11/site-packages/airflow/example_dags/example_latest_only_with_trigger.py for tasks to queue
[2024-04-26T22:20:26.242-0300] {logging_mixin.py:188} INFO - [2024-04-26T22:20:26.241-0300] {dagbag.py:540} INFO - Filling up the DagBag from /home/athlon/projects/airflow/.venv/lib/python3.11/site-packages/airflow/example_dags/example_latest_only_with_trigger.py
[2024-04-26T22:20:26.254-0300] {processor.py:840} INFO - DAG(s) 'latest_only_with_trigger' retrieved from /home/athlon/projects/airflow/.venv/lib/python3.11/site-packages/airflow/example_dags/example_latest_only_with_trigger.py
[2024-04-26T22:20:26.289-0300] {logging_mixin.py:188} INFO - [2024-04-26T22:20:26.288-0300] {dag.py:3096} INFO - Sync 1 DAGs
[2024-04-26T22:20:26.326-0300] {logging_mixin.py:188} INFO - [2024-04-26T22:20:26.325-0300] {dag.py:3954} INFO - Setting next_dagrun for latest_only_with_trigger to 2024-04-26 20:00:00+00:00, run_after=2024-04-27 00:00:00+00:00
[2024-04-26T22:20:26.361-0300] {processor.py:183} INFO - Processing /home/athlon/projects/airflow/.venv/lib/python3.11/site-packages/airflow/example_dags/example_latest_only_with_trigger.py took 0.136 seconds
[2024-04-26T22:22:03.571-0300] {processor.py:161} INFO - Started process (PID=24092) to work on /home/athlon/projects/airflow/.venv/lib/python3.11/site-packages/airflow/example_dags/example_latest_only_with_trigger.py
[2024-04-26T22:22:03.618-0300] {processor.py:830} INFO - Processing file /home/athlon/projects/airflow/.venv/lib/python3.11/site-packages/airflow/example_dags/example_latest_only_with_trigger.py for tasks to queue
[2024-04-26T22:22:03.634-0300] {logging_mixin.py:188} INFO - [2024-04-26T22:22:03.622-0300] {dagbag.py:540} INFO - Filling up the DagBag from /home/athlon/projects/airflow/.venv/lib/python3.11/site-packages/airflow/example_dags/example_latest_only_with_trigger.py
[2024-04-26T22:22:03.693-0300] {processor.py:840} INFO - DAG(s) 'latest_only_with_trigger' retrieved from /home/athlon/projects/airflow/.venv/lib/python3.11/site-packages/airflow/example_dags/example_latest_only_with_trigger.py
[2024-04-26T22:22:03.787-0300] {logging_mixin.py:188} INFO - [2024-04-26T22:22:03.777-0300] {dag.py:3096} INFO - Sync 1 DAGs
[2024-04-26T22:22:03.999-0300] {logging_mixin.py:188} INFO - [2024-04-26T22:22:03.985-0300] {dag.py:3954} INFO - Setting next_dagrun for latest_only_with_trigger to 2024-04-26 20:00:00+00:00, run_after=2024-04-27 00:00:00+00:00
[2024-04-26T22:22:04.184-0300] {processor.py:183} INFO - Processing /home/athlon/projects/airflow/.venv/lib/python3.11/site-packages/airflow/example_dags/example_latest_only_with_trigger.py took 0.704 seconds
