[2024-04-26T21:25:15.399-0300] {processor.py:161} INFO - Started process (PID=17720) to work on /home/athlon/projects/airflow/.venv/lib/python3.11/site-packages/airflow/example_dags/example_time_delta_sensor_async.py
[2024-04-26T21:25:15.400-0300] {processor.py:830} INFO - Processing file /home/athlon/projects/airflow/.venv/lib/python3.11/site-packages/airflow/example_dags/example_time_delta_sensor_async.py for tasks to queue
[2024-04-26T21:25:15.402-0300] {logging_mixin.py:188} INFO - [2024-04-26T21:25:15.401-0300] {dagbag.py:540} INFO - Filling up the DagBag from /home/athlon/projects/airflow/.venv/lib/python3.11/site-packages/airflow/example_dags/example_time_delta_sensor_async.py
[2024-04-26T21:25:15.409-0300] {processor.py:840} INFO - DAG(s) 'example_time_delta_sensor_async' retrieved from /home/athlon/projects/airflow/.venv/lib/python3.11/site-packages/airflow/example_dags/example_time_delta_sensor_async.py
[2024-04-26T21:25:15.441-0300] {logging_mixin.py:188} INFO - [2024-04-26T21:25:15.441-0300] {dag.py:3096} INFO - Sync 1 DAGs
[2024-04-26T21:25:15.458-0300] {logging_mixin.py:188} INFO - [2024-04-26T21:25:15.457-0300] {dag.py:3954} INFO - Setting next_dagrun for example_time_delta_sensor_async to None, run_after=None
[2024-04-26T21:25:15.488-0300] {processor.py:183} INFO - Processing /home/athlon/projects/airflow/.venv/lib/python3.11/site-packages/airflow/example_dags/example_time_delta_sensor_async.py took 0.098 seconds
[2024-04-26T21:26:13.349-0300] {processor.py:161} INFO - Started process (PID=17857) to work on /home/athlon/projects/airflow/.venv/lib/python3.11/site-packages/airflow/example_dags/example_time_delta_sensor_async.py
[2024-04-26T21:26:13.355-0300] {processor.py:830} INFO - Processing file /home/athlon/projects/airflow/.venv/lib/python3.11/site-packages/airflow/example_dags/example_time_delta_sensor_async.py for tasks to queue
[2024-04-26T21:26:13.358-0300] {logging_mixin.py:188} INFO - [2024-04-26T21:26:13.357-0300] {dagbag.py:540} INFO - Filling up the DagBag from /home/athlon/projects/airflow/.venv/lib/python3.11/site-packages/airflow/example_dags/example_time_delta_sensor_async.py
[2024-04-26T21:26:13.366-0300] {processor.py:840} INFO - DAG(s) 'example_time_delta_sensor_async' retrieved from /home/athlon/projects/airflow/.venv/lib/python3.11/site-packages/airflow/example_dags/example_time_delta_sensor_async.py
[2024-04-26T21:26:13.390-0300] {logging_mixin.py:188} INFO - [2024-04-26T21:26:13.390-0300] {dag.py:3096} INFO - Sync 1 DAGs
[2024-04-26T21:26:13.406-0300] {logging_mixin.py:188} INFO - [2024-04-26T21:26:13.406-0300] {dag.py:3954} INFO - Setting next_dagrun for example_time_delta_sensor_async to None, run_after=None
[2024-04-26T21:26:13.435-0300] {processor.py:183} INFO - Processing /home/athlon/projects/airflow/.venv/lib/python3.11/site-packages/airflow/example_dags/example_time_delta_sensor_async.py took 0.095 seconds
[2024-04-26T21:27:07.789-0300] {processor.py:161} INFO - Started process (PID=17930) to work on /home/athlon/projects/airflow/.venv/lib/python3.11/site-packages/airflow/example_dags/example_time_delta_sensor_async.py
[2024-04-26T21:27:07.795-0300] {processor.py:830} INFO - Processing file /home/athlon/projects/airflow/.venv/lib/python3.11/site-packages/airflow/example_dags/example_time_delta_sensor_async.py for tasks to queue
[2024-04-26T21:27:07.798-0300] {logging_mixin.py:188} INFO - [2024-04-26T21:27:07.797-0300] {dagbag.py:540} INFO - Filling up the DagBag from /home/athlon/projects/airflow/.venv/lib/python3.11/site-packages/airflow/example_dags/example_time_delta_sensor_async.py
[2024-04-26T21:27:07.805-0300] {processor.py:840} INFO - DAG(s) 'example_time_delta_sensor_async' retrieved from /home/athlon/projects/airflow/.venv/lib/python3.11/site-packages/airflow/example_dags/example_time_delta_sensor_async.py
[2024-04-26T21:27:07.830-0300] {logging_mixin.py:188} INFO - [2024-04-26T21:27:07.830-0300] {dag.py:3096} INFO - Sync 1 DAGs
[2024-04-26T21:27:07.846-0300] {logging_mixin.py:188} INFO - [2024-04-26T21:27:07.846-0300] {dag.py:3954} INFO - Setting next_dagrun for example_time_delta_sensor_async to None, run_after=None
[2024-04-26T21:27:07.875-0300] {processor.py:183} INFO - Processing /home/athlon/projects/airflow/.venv/lib/python3.11/site-packages/airflow/example_dags/example_time_delta_sensor_async.py took 0.096 seconds
[2024-04-26T21:28:06.269-0300] {processor.py:161} INFO - Started process (PID=18009) to work on /home/athlon/projects/airflow/.venv/lib/python3.11/site-packages/airflow/example_dags/example_time_delta_sensor_async.py
[2024-04-26T21:28:06.275-0300] {processor.py:830} INFO - Processing file /home/athlon/projects/airflow/.venv/lib/python3.11/site-packages/airflow/example_dags/example_time_delta_sensor_async.py for tasks to queue
[2024-04-26T21:28:06.277-0300] {logging_mixin.py:188} INFO - [2024-04-26T21:28:06.277-0300] {dagbag.py:540} INFO - Filling up the DagBag from /home/athlon/projects/airflow/.venv/lib/python3.11/site-packages/airflow/example_dags/example_time_delta_sensor_async.py
[2024-04-26T21:28:06.284-0300] {processor.py:840} INFO - DAG(s) 'example_time_delta_sensor_async' retrieved from /home/athlon/projects/airflow/.venv/lib/python3.11/site-packages/airflow/example_dags/example_time_delta_sensor_async.py
[2024-04-26T21:28:06.307-0300] {logging_mixin.py:188} INFO - [2024-04-26T21:28:06.306-0300] {dag.py:3096} INFO - Sync 1 DAGs
[2024-04-26T21:28:06.339-0300] {logging_mixin.py:188} INFO - [2024-04-26T21:28:06.339-0300] {dag.py:3954} INFO - Setting next_dagrun for example_time_delta_sensor_async to None, run_after=None
[2024-04-26T21:28:06.394-0300] {processor.py:183} INFO - Processing /home/athlon/projects/airflow/.venv/lib/python3.11/site-packages/airflow/example_dags/example_time_delta_sensor_async.py took 0.135 seconds
[2024-04-26T21:29:03.736-0300] {processor.py:161} INFO - Started process (PID=18384) to work on /home/athlon/projects/airflow/.venv/lib/python3.11/site-packages/airflow/example_dags/example_time_delta_sensor_async.py
[2024-04-26T21:29:03.738-0300] {processor.py:830} INFO - Processing file /home/athlon/projects/airflow/.venv/lib/python3.11/site-packages/airflow/example_dags/example_time_delta_sensor_async.py for tasks to queue
[2024-04-26T21:29:03.742-0300] {logging_mixin.py:188} INFO - [2024-04-26T21:29:03.741-0300] {dagbag.py:540} INFO - Filling up the DagBag from /home/athlon/projects/airflow/.venv/lib/python3.11/site-packages/airflow/example_dags/example_time_delta_sensor_async.py
[2024-04-26T21:29:03.751-0300] {processor.py:840} INFO - DAG(s) 'example_time_delta_sensor_async' retrieved from /home/athlon/projects/airflow/.venv/lib/python3.11/site-packages/airflow/example_dags/example_time_delta_sensor_async.py
[2024-04-26T21:29:03.777-0300] {logging_mixin.py:188} INFO - [2024-04-26T21:29:03.776-0300] {dag.py:3096} INFO - Sync 1 DAGs
[2024-04-26T21:29:03.797-0300] {logging_mixin.py:188} INFO - [2024-04-26T21:29:03.797-0300] {dag.py:3954} INFO - Setting next_dagrun for example_time_delta_sensor_async to None, run_after=None
[2024-04-26T21:29:03.834-0300] {processor.py:183} INFO - Processing /home/athlon/projects/airflow/.venv/lib/python3.11/site-packages/airflow/example_dags/example_time_delta_sensor_async.py took 0.109 seconds
[2024-04-26T21:30:05.010-0300] {processor.py:161} INFO - Started process (PID=18704) to work on /home/athlon/projects/airflow/.venv/lib/python3.11/site-packages/airflow/example_dags/example_time_delta_sensor_async.py
[2024-04-26T21:30:05.016-0300] {processor.py:830} INFO - Processing file /home/athlon/projects/airflow/.venv/lib/python3.11/site-packages/airflow/example_dags/example_time_delta_sensor_async.py for tasks to queue
[2024-04-26T21:30:05.019-0300] {logging_mixin.py:188} INFO - [2024-04-26T21:30:05.018-0300] {dagbag.py:540} INFO - Filling up the DagBag from /home/athlon/projects/airflow/.venv/lib/python3.11/site-packages/airflow/example_dags/example_time_delta_sensor_async.py
[2024-04-26T21:30:05.028-0300] {processor.py:840} INFO - DAG(s) 'example_time_delta_sensor_async' retrieved from /home/athlon/projects/airflow/.venv/lib/python3.11/site-packages/airflow/example_dags/example_time_delta_sensor_async.py
[2024-04-26T21:30:05.053-0300] {logging_mixin.py:188} INFO - [2024-04-26T21:30:05.053-0300] {dag.py:3096} INFO - Sync 1 DAGs
[2024-04-26T21:30:05.071-0300] {logging_mixin.py:188} INFO - [2024-04-26T21:30:05.071-0300] {dag.py:3954} INFO - Setting next_dagrun for example_time_delta_sensor_async to None, run_after=None
[2024-04-26T21:30:05.255-0300] {processor.py:183} INFO - Processing /home/athlon/projects/airflow/.venv/lib/python3.11/site-packages/airflow/example_dags/example_time_delta_sensor_async.py took 0.256 seconds
[2024-04-26T21:31:08.984-0300] {processor.py:161} INFO - Started process (PID=18784) to work on /home/athlon/projects/airflow/.venv/lib/python3.11/site-packages/airflow/example_dags/example_time_delta_sensor_async.py
[2024-04-26T21:31:08.991-0300] {processor.py:830} INFO - Processing file /home/athlon/projects/airflow/.venv/lib/python3.11/site-packages/airflow/example_dags/example_time_delta_sensor_async.py for tasks to queue
[2024-04-26T21:31:08.993-0300] {logging_mixin.py:188} INFO - [2024-04-26T21:31:08.993-0300] {dagbag.py:540} INFO - Filling up the DagBag from /home/athlon/projects/airflow/.venv/lib/python3.11/site-packages/airflow/example_dags/example_time_delta_sensor_async.py
[2024-04-26T21:31:09.001-0300] {processor.py:840} INFO - DAG(s) 'example_time_delta_sensor_async' retrieved from /home/athlon/projects/airflow/.venv/lib/python3.11/site-packages/airflow/example_dags/example_time_delta_sensor_async.py
[2024-04-26T21:31:09.024-0300] {logging_mixin.py:188} INFO - [2024-04-26T21:31:09.024-0300] {dag.py:3096} INFO - Sync 1 DAGs
[2024-04-26T21:31:09.041-0300] {logging_mixin.py:188} INFO - [2024-04-26T21:31:09.040-0300] {dag.py:3954} INFO - Setting next_dagrun for example_time_delta_sensor_async to None, run_after=None
[2024-04-26T21:31:09.071-0300] {processor.py:183} INFO - Processing /home/athlon/projects/airflow/.venv/lib/python3.11/site-packages/airflow/example_dags/example_time_delta_sensor_async.py took 0.097 seconds
[2024-04-26T21:32:09.385-0300] {processor.py:161} INFO - Started process (PID=18846) to work on /home/athlon/projects/airflow/.venv/lib/python3.11/site-packages/airflow/example_dags/example_time_delta_sensor_async.py
[2024-04-26T21:32:09.391-0300] {processor.py:830} INFO - Processing file /home/athlon/projects/airflow/.venv/lib/python3.11/site-packages/airflow/example_dags/example_time_delta_sensor_async.py for tasks to queue
[2024-04-26T21:32:09.393-0300] {logging_mixin.py:188} INFO - [2024-04-26T21:32:09.393-0300] {dagbag.py:540} INFO - Filling up the DagBag from /home/athlon/projects/airflow/.venv/lib/python3.11/site-packages/airflow/example_dags/example_time_delta_sensor_async.py
[2024-04-26T21:32:09.402-0300] {processor.py:840} INFO - DAG(s) 'example_time_delta_sensor_async' retrieved from /home/athlon/projects/airflow/.venv/lib/python3.11/site-packages/airflow/example_dags/example_time_delta_sensor_async.py
[2024-04-26T21:32:09.427-0300] {logging_mixin.py:188} INFO - [2024-04-26T21:32:09.426-0300] {dag.py:3096} INFO - Sync 1 DAGs
[2024-04-26T21:32:09.443-0300] {logging_mixin.py:188} INFO - [2024-04-26T21:32:09.443-0300] {dag.py:3954} INFO - Setting next_dagrun for example_time_delta_sensor_async to None, run_after=None
[2024-04-26T21:32:09.472-0300] {processor.py:183} INFO - Processing /home/athlon/projects/airflow/.venv/lib/python3.11/site-packages/airflow/example_dags/example_time_delta_sensor_async.py took 0.098 seconds
[2024-04-26T21:33:08.065-0300] {processor.py:161} INFO - Started process (PID=18899) to work on /home/athlon/projects/airflow/.venv/lib/python3.11/site-packages/airflow/example_dags/example_time_delta_sensor_async.py
[2024-04-26T21:33:08.066-0300] {processor.py:830} INFO - Processing file /home/athlon/projects/airflow/.venv/lib/python3.11/site-packages/airflow/example_dags/example_time_delta_sensor_async.py for tasks to queue
[2024-04-26T21:33:08.068-0300] {logging_mixin.py:188} INFO - [2024-04-26T21:33:08.068-0300] {dagbag.py:540} INFO - Filling up the DagBag from /home/athlon/projects/airflow/.venv/lib/python3.11/site-packages/airflow/example_dags/example_time_delta_sensor_async.py
[2024-04-26T21:33:08.078-0300] {processor.py:840} INFO - DAG(s) 'example_time_delta_sensor_async' retrieved from /home/athlon/projects/airflow/.venv/lib/python3.11/site-packages/airflow/example_dags/example_time_delta_sensor_async.py
[2024-04-26T21:33:08.100-0300] {logging_mixin.py:188} INFO - [2024-04-26T21:33:08.099-0300] {dag.py:3096} INFO - Sync 1 DAGs
[2024-04-26T21:33:08.116-0300] {logging_mixin.py:188} INFO - [2024-04-26T21:33:08.116-0300] {dag.py:3954} INFO - Setting next_dagrun for example_time_delta_sensor_async to None, run_after=None
[2024-04-26T21:33:08.145-0300] {processor.py:183} INFO - Processing /home/athlon/projects/airflow/.venv/lib/python3.11/site-packages/airflow/example_dags/example_time_delta_sensor_async.py took 0.089 seconds
[2024-04-26T21:34:09.375-0300] {processor.py:161} INFO - Started process (PID=19132) to work on /home/athlon/projects/airflow/.venv/lib/python3.11/site-packages/airflow/example_dags/example_time_delta_sensor_async.py
[2024-04-26T21:34:09.381-0300] {processor.py:830} INFO - Processing file /home/athlon/projects/airflow/.venv/lib/python3.11/site-packages/airflow/example_dags/example_time_delta_sensor_async.py for tasks to queue
[2024-04-26T21:34:09.384-0300] {logging_mixin.py:188} INFO - [2024-04-26T21:34:09.383-0300] {dagbag.py:540} INFO - Filling up the DagBag from /home/athlon/projects/airflow/.venv/lib/python3.11/site-packages/airflow/example_dags/example_time_delta_sensor_async.py
[2024-04-26T21:34:09.392-0300] {processor.py:840} INFO - DAG(s) 'example_time_delta_sensor_async' retrieved from /home/athlon/projects/airflow/.venv/lib/python3.11/site-packages/airflow/example_dags/example_time_delta_sensor_async.py
[2024-04-26T21:34:09.416-0300] {logging_mixin.py:188} INFO - [2024-04-26T21:34:09.416-0300] {dag.py:3096} INFO - Sync 1 DAGs
[2024-04-26T21:34:09.441-0300] {logging_mixin.py:188} INFO - [2024-04-26T21:34:09.441-0300] {dag.py:3954} INFO - Setting next_dagrun for example_time_delta_sensor_async to None, run_after=None
[2024-04-26T21:34:09.494-0300] {processor.py:183} INFO - Processing /home/athlon/projects/airflow/.venv/lib/python3.11/site-packages/airflow/example_dags/example_time_delta_sensor_async.py took 0.129 seconds
[2024-04-26T21:35:27.587-0300] {processor.py:161} INFO - Started process (PID=19216) to work on /home/athlon/projects/airflow/.venv/lib/python3.11/site-packages/airflow/example_dags/example_time_delta_sensor_async.py
[2024-04-26T21:35:27.592-0300] {processor.py:830} INFO - Processing file /home/athlon/projects/airflow/.venv/lib/python3.11/site-packages/airflow/example_dags/example_time_delta_sensor_async.py for tasks to queue
[2024-04-26T21:35:27.595-0300] {logging_mixin.py:188} INFO - [2024-04-26T21:35:27.594-0300] {dagbag.py:540} INFO - Filling up the DagBag from /home/athlon/projects/airflow/.venv/lib/python3.11/site-packages/airflow/example_dags/example_time_delta_sensor_async.py
[2024-04-26T21:35:27.604-0300] {processor.py:840} INFO - DAG(s) 'example_time_delta_sensor_async' retrieved from /home/athlon/projects/airflow/.venv/lib/python3.11/site-packages/airflow/example_dags/example_time_delta_sensor_async.py
[2024-04-26T21:35:27.628-0300] {logging_mixin.py:188} INFO - [2024-04-26T21:35:27.627-0300] {dag.py:3096} INFO - Sync 1 DAGs
[2024-04-26T21:35:27.646-0300] {logging_mixin.py:188} INFO - [2024-04-26T21:35:27.646-0300] {dag.py:3954} INFO - Setting next_dagrun for example_time_delta_sensor_async to None, run_after=None
[2024-04-26T21:35:27.676-0300] {processor.py:183} INFO - Processing /home/athlon/projects/airflow/.venv/lib/python3.11/site-packages/airflow/example_dags/example_time_delta_sensor_async.py took 0.100 seconds
[2024-04-26T21:36:27.003-0300] {processor.py:161} INFO - Started process (PID=19282) to work on /home/athlon/projects/airflow/.venv/lib/python3.11/site-packages/airflow/example_dags/example_time_delta_sensor_async.py
[2024-04-26T21:36:27.009-0300] {processor.py:830} INFO - Processing file /home/athlon/projects/airflow/.venv/lib/python3.11/site-packages/airflow/example_dags/example_time_delta_sensor_async.py for tasks to queue
[2024-04-26T21:36:27.012-0300] {logging_mixin.py:188} INFO - [2024-04-26T21:36:27.011-0300] {dagbag.py:540} INFO - Filling up the DagBag from /home/athlon/projects/airflow/.venv/lib/python3.11/site-packages/airflow/example_dags/example_time_delta_sensor_async.py
[2024-04-26T21:36:27.019-0300] {processor.py:840} INFO - DAG(s) 'example_time_delta_sensor_async' retrieved from /home/athlon/projects/airflow/.venv/lib/python3.11/site-packages/airflow/example_dags/example_time_delta_sensor_async.py
[2024-04-26T21:36:27.043-0300] {logging_mixin.py:188} INFO - [2024-04-26T21:36:27.043-0300] {dag.py:3096} INFO - Sync 1 DAGs
[2024-04-26T21:36:27.060-0300] {logging_mixin.py:188} INFO - [2024-04-26T21:36:27.059-0300] {dag.py:3954} INFO - Setting next_dagrun for example_time_delta_sensor_async to None, run_after=None
[2024-04-26T21:36:27.090-0300] {processor.py:183} INFO - Processing /home/athlon/projects/airflow/.venv/lib/python3.11/site-packages/airflow/example_dags/example_time_delta_sensor_async.py took 0.097 seconds
[2024-04-26T21:37:25.087-0300] {processor.py:161} INFO - Started process (PID=19347) to work on /home/athlon/projects/airflow/.venv/lib/python3.11/site-packages/airflow/example_dags/example_time_delta_sensor_async.py
[2024-04-26T21:37:25.089-0300] {processor.py:830} INFO - Processing file /home/athlon/projects/airflow/.venv/lib/python3.11/site-packages/airflow/example_dags/example_time_delta_sensor_async.py for tasks to queue
[2024-04-26T21:37:25.092-0300] {logging_mixin.py:188} INFO - [2024-04-26T21:37:25.091-0300] {dagbag.py:540} INFO - Filling up the DagBag from /home/athlon/projects/airflow/.venv/lib/python3.11/site-packages/airflow/example_dags/example_time_delta_sensor_async.py
[2024-04-26T21:37:25.102-0300] {processor.py:840} INFO - DAG(s) 'example_time_delta_sensor_async' retrieved from /home/athlon/projects/airflow/.venv/lib/python3.11/site-packages/airflow/example_dags/example_time_delta_sensor_async.py
[2024-04-26T21:37:25.124-0300] {logging_mixin.py:188} INFO - [2024-04-26T21:37:25.124-0300] {dag.py:3096} INFO - Sync 1 DAGs
[2024-04-26T21:37:25.141-0300] {logging_mixin.py:188} INFO - [2024-04-26T21:37:25.141-0300] {dag.py:3954} INFO - Setting next_dagrun for example_time_delta_sensor_async to None, run_after=None
[2024-04-26T21:37:25.172-0300] {processor.py:183} INFO - Processing /home/athlon/projects/airflow/.venv/lib/python3.11/site-packages/airflow/example_dags/example_time_delta_sensor_async.py took 0.094 seconds
[2024-04-26T21:38:24.855-0300] {processor.py:161} INFO - Started process (PID=19412) to work on /home/athlon/projects/airflow/.venv/lib/python3.11/site-packages/airflow/example_dags/example_time_delta_sensor_async.py
[2024-04-26T21:38:24.857-0300] {processor.py:830} INFO - Processing file /home/athlon/projects/airflow/.venv/lib/python3.11/site-packages/airflow/example_dags/example_time_delta_sensor_async.py for tasks to queue
[2024-04-26T21:38:24.860-0300] {logging_mixin.py:188} INFO - [2024-04-26T21:38:24.860-0300] {dagbag.py:540} INFO - Filling up the DagBag from /home/athlon/projects/airflow/.venv/lib/python3.11/site-packages/airflow/example_dags/example_time_delta_sensor_async.py
[2024-04-26T21:38:24.871-0300] {processor.py:840} INFO - DAG(s) 'example_time_delta_sensor_async' retrieved from /home/athlon/projects/airflow/.venv/lib/python3.11/site-packages/airflow/example_dags/example_time_delta_sensor_async.py
[2024-04-26T21:38:24.905-0300] {logging_mixin.py:188} INFO - [2024-04-26T21:38:24.904-0300] {dag.py:3096} INFO - Sync 1 DAGs
[2024-04-26T21:38:24.931-0300] {logging_mixin.py:188} INFO - [2024-04-26T21:38:24.931-0300] {dag.py:3954} INFO - Setting next_dagrun for example_time_delta_sensor_async to None, run_after=None
[2024-04-26T21:38:24.980-0300] {processor.py:183} INFO - Processing /home/athlon/projects/airflow/.venv/lib/python3.11/site-packages/airflow/example_dags/example_time_delta_sensor_async.py took 0.145 seconds
[2024-04-26T21:39:22.994-0300] {processor.py:161} INFO - Started process (PID=19513) to work on /home/athlon/projects/airflow/.venv/lib/python3.11/site-packages/airflow/example_dags/example_time_delta_sensor_async.py
[2024-04-26T21:39:23.000-0300] {processor.py:830} INFO - Processing file /home/athlon/projects/airflow/.venv/lib/python3.11/site-packages/airflow/example_dags/example_time_delta_sensor_async.py for tasks to queue
[2024-04-26T21:39:23.002-0300] {logging_mixin.py:188} INFO - [2024-04-26T21:39:23.002-0300] {dagbag.py:540} INFO - Filling up the DagBag from /home/athlon/projects/airflow/.venv/lib/python3.11/site-packages/airflow/example_dags/example_time_delta_sensor_async.py
[2024-04-26T21:39:23.010-0300] {processor.py:840} INFO - DAG(s) 'example_time_delta_sensor_async' retrieved from /home/athlon/projects/airflow/.venv/lib/python3.11/site-packages/airflow/example_dags/example_time_delta_sensor_async.py
[2024-04-26T21:39:23.035-0300] {logging_mixin.py:188} INFO - [2024-04-26T21:39:23.035-0300] {dag.py:3096} INFO - Sync 1 DAGs
[2024-04-26T21:39:23.052-0300] {logging_mixin.py:188} INFO - [2024-04-26T21:39:23.051-0300] {dag.py:3954} INFO - Setting next_dagrun for example_time_delta_sensor_async to None, run_after=None
[2024-04-26T21:39:23.081-0300] {processor.py:183} INFO - Processing /home/athlon/projects/airflow/.venv/lib/python3.11/site-packages/airflow/example_dags/example_time_delta_sensor_async.py took 0.097 seconds
[2024-04-26T21:40:25.806-0300] {processor.py:161} INFO - Started process (PID=19652) to work on /home/athlon/projects/airflow/.venv/lib/python3.11/site-packages/airflow/example_dags/example_time_delta_sensor_async.py
[2024-04-26T21:40:25.808-0300] {processor.py:830} INFO - Processing file /home/athlon/projects/airflow/.venv/lib/python3.11/site-packages/airflow/example_dags/example_time_delta_sensor_async.py for tasks to queue
[2024-04-26T21:40:25.811-0300] {logging_mixin.py:188} INFO - [2024-04-26T21:40:25.810-0300] {dagbag.py:540} INFO - Filling up the DagBag from /home/athlon/projects/airflow/.venv/lib/python3.11/site-packages/airflow/example_dags/example_time_delta_sensor_async.py
[2024-04-26T21:40:25.823-0300] {processor.py:840} INFO - DAG(s) 'example_time_delta_sensor_async' retrieved from /home/athlon/projects/airflow/.venv/lib/python3.11/site-packages/airflow/example_dags/example_time_delta_sensor_async.py
[2024-04-26T21:40:25.856-0300] {logging_mixin.py:188} INFO - [2024-04-26T21:40:25.856-0300] {dag.py:3096} INFO - Sync 1 DAGs
[2024-04-26T21:40:25.881-0300] {logging_mixin.py:188} INFO - [2024-04-26T21:40:25.881-0300] {dag.py:3954} INFO - Setting next_dagrun for example_time_delta_sensor_async to None, run_after=None
[2024-04-26T21:40:25.935-0300] {processor.py:183} INFO - Processing /home/athlon/projects/airflow/.venv/lib/python3.11/site-packages/airflow/example_dags/example_time_delta_sensor_async.py took 0.143 seconds
[2024-04-26T21:41:21.901-0300] {processor.py:161} INFO - Started process (PID=19750) to work on /home/athlon/projects/airflow/.venv/lib/python3.11/site-packages/airflow/example_dags/example_time_delta_sensor_async.py
[2024-04-26T21:41:21.906-0300] {processor.py:830} INFO - Processing file /home/athlon/projects/airflow/.venv/lib/python3.11/site-packages/airflow/example_dags/example_time_delta_sensor_async.py for tasks to queue
[2024-04-26T21:41:21.909-0300] {logging_mixin.py:188} INFO - [2024-04-26T21:41:21.908-0300] {dagbag.py:540} INFO - Filling up the DagBag from /home/athlon/projects/airflow/.venv/lib/python3.11/site-packages/airflow/example_dags/example_time_delta_sensor_async.py
[2024-04-26T21:41:21.916-0300] {processor.py:840} INFO - DAG(s) 'example_time_delta_sensor_async' retrieved from /home/athlon/projects/airflow/.venv/lib/python3.11/site-packages/airflow/example_dags/example_time_delta_sensor_async.py
[2024-04-26T21:41:21.941-0300] {logging_mixin.py:188} INFO - [2024-04-26T21:41:21.940-0300] {dag.py:3096} INFO - Sync 1 DAGs
[2024-04-26T21:41:21.958-0300] {logging_mixin.py:188} INFO - [2024-04-26T21:41:21.958-0300] {dag.py:3954} INFO - Setting next_dagrun for example_time_delta_sensor_async to None, run_after=None
[2024-04-26T21:41:21.992-0300] {processor.py:183} INFO - Processing /home/athlon/projects/airflow/.venv/lib/python3.11/site-packages/airflow/example_dags/example_time_delta_sensor_async.py took 0.101 seconds
[2024-04-26T21:42:19.435-0300] {processor.py:161} INFO - Started process (PID=19825) to work on /home/athlon/projects/airflow/.venv/lib/python3.11/site-packages/airflow/example_dags/example_time_delta_sensor_async.py
[2024-04-26T21:42:19.440-0300] {processor.py:830} INFO - Processing file /home/athlon/projects/airflow/.venv/lib/python3.11/site-packages/airflow/example_dags/example_time_delta_sensor_async.py for tasks to queue
[2024-04-26T21:42:19.443-0300] {logging_mixin.py:188} INFO - [2024-04-26T21:42:19.442-0300] {dagbag.py:540} INFO - Filling up the DagBag from /home/athlon/projects/airflow/.venv/lib/python3.11/site-packages/airflow/example_dags/example_time_delta_sensor_async.py
[2024-04-26T21:42:19.449-0300] {processor.py:840} INFO - DAG(s) 'example_time_delta_sensor_async' retrieved from /home/athlon/projects/airflow/.venv/lib/python3.11/site-packages/airflow/example_dags/example_time_delta_sensor_async.py
[2024-04-26T21:42:19.471-0300] {logging_mixin.py:188} INFO - [2024-04-26T21:42:19.471-0300] {dag.py:3096} INFO - Sync 1 DAGs
[2024-04-26T21:42:19.488-0300] {logging_mixin.py:188} INFO - [2024-04-26T21:42:19.487-0300] {dag.py:3954} INFO - Setting next_dagrun for example_time_delta_sensor_async to None, run_after=None
[2024-04-26T21:42:19.518-0300] {processor.py:183} INFO - Processing /home/athlon/projects/airflow/.venv/lib/python3.11/site-packages/airflow/example_dags/example_time_delta_sensor_async.py took 0.092 seconds
[2024-04-26T21:43:21.495-0300] {processor.py:161} INFO - Started process (PID=19891) to work on /home/athlon/projects/airflow/.venv/lib/python3.11/site-packages/airflow/example_dags/example_time_delta_sensor_async.py
[2024-04-26T21:43:21.501-0300] {processor.py:830} INFO - Processing file /home/athlon/projects/airflow/.venv/lib/python3.11/site-packages/airflow/example_dags/example_time_delta_sensor_async.py for tasks to queue
[2024-04-26T21:43:21.503-0300] {logging_mixin.py:188} INFO - [2024-04-26T21:43:21.503-0300] {dagbag.py:540} INFO - Filling up the DagBag from /home/athlon/projects/airflow/.venv/lib/python3.11/site-packages/airflow/example_dags/example_time_delta_sensor_async.py
[2024-04-26T21:43:21.511-0300] {processor.py:840} INFO - DAG(s) 'example_time_delta_sensor_async' retrieved from /home/athlon/projects/airflow/.venv/lib/python3.11/site-packages/airflow/example_dags/example_time_delta_sensor_async.py
[2024-04-26T21:43:21.536-0300] {logging_mixin.py:188} INFO - [2024-04-26T21:43:21.536-0300] {dag.py:3096} INFO - Sync 1 DAGs
[2024-04-26T21:43:21.553-0300] {logging_mixin.py:188} INFO - [2024-04-26T21:43:21.553-0300] {dag.py:3954} INFO - Setting next_dagrun for example_time_delta_sensor_async to None, run_after=None
[2024-04-26T21:43:21.585-0300] {processor.py:183} INFO - Processing /home/athlon/projects/airflow/.venv/lib/python3.11/site-packages/airflow/example_dags/example_time_delta_sensor_async.py took 0.101 seconds
[2024-04-26T21:44:17.722-0300] {processor.py:161} INFO - Started process (PID=19961) to work on /home/athlon/projects/airflow/.venv/lib/python3.11/site-packages/airflow/example_dags/example_time_delta_sensor_async.py
[2024-04-26T21:44:17.728-0300] {processor.py:830} INFO - Processing file /home/athlon/projects/airflow/.venv/lib/python3.11/site-packages/airflow/example_dags/example_time_delta_sensor_async.py for tasks to queue
[2024-04-26T21:44:17.730-0300] {logging_mixin.py:188} INFO - [2024-04-26T21:44:17.730-0300] {dagbag.py:540} INFO - Filling up the DagBag from /home/athlon/projects/airflow/.venv/lib/python3.11/site-packages/airflow/example_dags/example_time_delta_sensor_async.py
[2024-04-26T21:44:17.738-0300] {processor.py:840} INFO - DAG(s) 'example_time_delta_sensor_async' retrieved from /home/athlon/projects/airflow/.venv/lib/python3.11/site-packages/airflow/example_dags/example_time_delta_sensor_async.py
[2024-04-26T21:44:17.763-0300] {logging_mixin.py:188} INFO - [2024-04-26T21:44:17.763-0300] {dag.py:3096} INFO - Sync 1 DAGs
[2024-04-26T21:44:17.780-0300] {logging_mixin.py:188} INFO - [2024-04-26T21:44:17.780-0300] {dag.py:3954} INFO - Setting next_dagrun for example_time_delta_sensor_async to None, run_after=None
[2024-04-26T21:44:17.810-0300] {processor.py:183} INFO - Processing /home/athlon/projects/airflow/.venv/lib/python3.11/site-packages/airflow/example_dags/example_time_delta_sensor_async.py took 0.099 seconds
[2024-04-26T21:45:08.485-0300] {processor.py:161} INFO - Started process (PID=20021) to work on /home/athlon/projects/airflow/.venv/lib/python3.11/site-packages/airflow/example_dags/example_time_delta_sensor_async.py
[2024-04-26T21:45:08.487-0300] {processor.py:830} INFO - Processing file /home/athlon/projects/airflow/.venv/lib/python3.11/site-packages/airflow/example_dags/example_time_delta_sensor_async.py for tasks to queue
[2024-04-26T21:45:08.491-0300] {logging_mixin.py:188} INFO - [2024-04-26T21:45:08.490-0300] {dagbag.py:540} INFO - Filling up the DagBag from /home/athlon/projects/airflow/.venv/lib/python3.11/site-packages/airflow/example_dags/example_time_delta_sensor_async.py
[2024-04-26T21:45:08.501-0300] {processor.py:840} INFO - DAG(s) 'example_time_delta_sensor_async' retrieved from /home/athlon/projects/airflow/.venv/lib/python3.11/site-packages/airflow/example_dags/example_time_delta_sensor_async.py
[2024-04-26T21:45:08.525-0300] {logging_mixin.py:188} INFO - [2024-04-26T21:45:08.524-0300] {dag.py:3096} INFO - Sync 1 DAGs
[2024-04-26T21:45:08.542-0300] {logging_mixin.py:188} INFO - [2024-04-26T21:45:08.541-0300] {dag.py:3954} INFO - Setting next_dagrun for example_time_delta_sensor_async to None, run_after=None
[2024-04-26T21:45:08.572-0300] {processor.py:183} INFO - Processing /home/athlon/projects/airflow/.venv/lib/python3.11/site-packages/airflow/example_dags/example_time_delta_sensor_async.py took 0.099 seconds
[2024-04-26T21:46:06.186-0300] {processor.py:161} INFO - Started process (PID=20085) to work on /home/athlon/projects/airflow/.venv/lib/python3.11/site-packages/airflow/example_dags/example_time_delta_sensor_async.py
[2024-04-26T21:46:06.191-0300] {processor.py:830} INFO - Processing file /home/athlon/projects/airflow/.venv/lib/python3.11/site-packages/airflow/example_dags/example_time_delta_sensor_async.py for tasks to queue
[2024-04-26T21:46:06.194-0300] {logging_mixin.py:188} INFO - [2024-04-26T21:46:06.193-0300] {dagbag.py:540} INFO - Filling up the DagBag from /home/athlon/projects/airflow/.venv/lib/python3.11/site-packages/airflow/example_dags/example_time_delta_sensor_async.py
[2024-04-26T21:46:06.202-0300] {processor.py:840} INFO - DAG(s) 'example_time_delta_sensor_async' retrieved from /home/athlon/projects/airflow/.venv/lib/python3.11/site-packages/airflow/example_dags/example_time_delta_sensor_async.py
[2024-04-26T21:46:06.227-0300] {logging_mixin.py:188} INFO - [2024-04-26T21:46:06.227-0300] {dag.py:3096} INFO - Sync 1 DAGs
[2024-04-26T21:46:06.244-0300] {logging_mixin.py:188} INFO - [2024-04-26T21:46:06.244-0300] {dag.py:3954} INFO - Setting next_dagrun for example_time_delta_sensor_async to None, run_after=None
[2024-04-26T21:46:06.276-0300] {processor.py:183} INFO - Processing /home/athlon/projects/airflow/.venv/lib/python3.11/site-packages/airflow/example_dags/example_time_delta_sensor_async.py took 0.101 seconds
[2024-04-26T21:47:05.848-0300] {processor.py:161} INFO - Started process (PID=20150) to work on /home/athlon/projects/airflow/.venv/lib/python3.11/site-packages/airflow/example_dags/example_time_delta_sensor_async.py
[2024-04-26T21:47:05.854-0300] {processor.py:830} INFO - Processing file /home/athlon/projects/airflow/.venv/lib/python3.11/site-packages/airflow/example_dags/example_time_delta_sensor_async.py for tasks to queue
[2024-04-26T21:47:05.856-0300] {logging_mixin.py:188} INFO - [2024-04-26T21:47:05.856-0300] {dagbag.py:540} INFO - Filling up the DagBag from /home/athlon/projects/airflow/.venv/lib/python3.11/site-packages/airflow/example_dags/example_time_delta_sensor_async.py
[2024-04-26T21:47:05.864-0300] {processor.py:840} INFO - DAG(s) 'example_time_delta_sensor_async' retrieved from /home/athlon/projects/airflow/.venv/lib/python3.11/site-packages/airflow/example_dags/example_time_delta_sensor_async.py
[2024-04-26T21:47:05.890-0300] {logging_mixin.py:188} INFO - [2024-04-26T21:47:05.890-0300] {dag.py:3096} INFO - Sync 1 DAGs
[2024-04-26T21:47:05.908-0300] {logging_mixin.py:188} INFO - [2024-04-26T21:47:05.907-0300] {dag.py:3954} INFO - Setting next_dagrun for example_time_delta_sensor_async to None, run_after=None
[2024-04-26T21:47:05.939-0300] {processor.py:183} INFO - Processing /home/athlon/projects/airflow/.venv/lib/python3.11/site-packages/airflow/example_dags/example_time_delta_sensor_async.py took 0.102 seconds
[2024-04-26T21:48:02.347-0300] {processor.py:161} INFO - Started process (PID=20216) to work on /home/athlon/projects/airflow/.venv/lib/python3.11/site-packages/airflow/example_dags/example_time_delta_sensor_async.py
[2024-04-26T21:48:02.353-0300] {processor.py:830} INFO - Processing file /home/athlon/projects/airflow/.venv/lib/python3.11/site-packages/airflow/example_dags/example_time_delta_sensor_async.py for tasks to queue
[2024-04-26T21:48:02.355-0300] {logging_mixin.py:188} INFO - [2024-04-26T21:48:02.355-0300] {dagbag.py:540} INFO - Filling up the DagBag from /home/athlon/projects/airflow/.venv/lib/python3.11/site-packages/airflow/example_dags/example_time_delta_sensor_async.py
[2024-04-26T21:48:02.363-0300] {processor.py:840} INFO - DAG(s) 'example_time_delta_sensor_async' retrieved from /home/athlon/projects/airflow/.venv/lib/python3.11/site-packages/airflow/example_dags/example_time_delta_sensor_async.py
[2024-04-26T21:48:02.388-0300] {logging_mixin.py:188} INFO - [2024-04-26T21:48:02.388-0300] {dag.py:3096} INFO - Sync 1 DAGs
[2024-04-26T21:48:02.406-0300] {logging_mixin.py:188} INFO - [2024-04-26T21:48:02.405-0300] {dag.py:3954} INFO - Setting next_dagrun for example_time_delta_sensor_async to None, run_after=None
[2024-04-26T21:48:02.436-0300] {processor.py:183} INFO - Processing /home/athlon/projects/airflow/.venv/lib/python3.11/site-packages/airflow/example_dags/example_time_delta_sensor_async.py took 0.100 seconds
[2024-04-26T21:48:57.262-0300] {processor.py:161} INFO - Started process (PID=20280) to work on /home/athlon/projects/airflow/.venv/lib/python3.11/site-packages/airflow/example_dags/example_time_delta_sensor_async.py
[2024-04-26T21:48:57.268-0300] {processor.py:830} INFO - Processing file /home/athlon/projects/airflow/.venv/lib/python3.11/site-packages/airflow/example_dags/example_time_delta_sensor_async.py for tasks to queue
[2024-04-26T21:48:57.271-0300] {logging_mixin.py:188} INFO - [2024-04-26T21:48:57.270-0300] {dagbag.py:540} INFO - Filling up the DagBag from /home/athlon/projects/airflow/.venv/lib/python3.11/site-packages/airflow/example_dags/example_time_delta_sensor_async.py
[2024-04-26T21:48:57.279-0300] {processor.py:840} INFO - DAG(s) 'example_time_delta_sensor_async' retrieved from /home/athlon/projects/airflow/.venv/lib/python3.11/site-packages/airflow/example_dags/example_time_delta_sensor_async.py
[2024-04-26T21:48:57.304-0300] {logging_mixin.py:188} INFO - [2024-04-26T21:48:57.303-0300] {dag.py:3096} INFO - Sync 1 DAGs
[2024-04-26T21:48:57.321-0300] {logging_mixin.py:188} INFO - [2024-04-26T21:48:57.321-0300] {dag.py:3954} INFO - Setting next_dagrun for example_time_delta_sensor_async to None, run_after=None
[2024-04-26T21:48:57.352-0300] {processor.py:183} INFO - Processing /home/athlon/projects/airflow/.venv/lib/python3.11/site-packages/airflow/example_dags/example_time_delta_sensor_async.py took 0.100 seconds
[2024-04-26T21:49:51.365-0300] {processor.py:161} INFO - Started process (PID=20344) to work on /home/athlon/projects/airflow/.venv/lib/python3.11/site-packages/airflow/example_dags/example_time_delta_sensor_async.py
[2024-04-26T21:49:51.371-0300] {processor.py:830} INFO - Processing file /home/athlon/projects/airflow/.venv/lib/python3.11/site-packages/airflow/example_dags/example_time_delta_sensor_async.py for tasks to queue
[2024-04-26T21:49:51.374-0300] {logging_mixin.py:188} INFO - [2024-04-26T21:49:51.373-0300] {dagbag.py:540} INFO - Filling up the DagBag from /home/athlon/projects/airflow/.venv/lib/python3.11/site-packages/airflow/example_dags/example_time_delta_sensor_async.py
[2024-04-26T21:49:51.382-0300] {processor.py:840} INFO - DAG(s) 'example_time_delta_sensor_async' retrieved from /home/athlon/projects/airflow/.venv/lib/python3.11/site-packages/airflow/example_dags/example_time_delta_sensor_async.py
[2024-04-26T21:49:51.407-0300] {logging_mixin.py:188} INFO - [2024-04-26T21:49:51.407-0300] {dag.py:3096} INFO - Sync 1 DAGs
[2024-04-26T21:49:51.425-0300] {logging_mixin.py:188} INFO - [2024-04-26T21:49:51.424-0300] {dag.py:3954} INFO - Setting next_dagrun for example_time_delta_sensor_async to None, run_after=None
[2024-04-26T21:49:51.455-0300] {processor.py:183} INFO - Processing /home/athlon/projects/airflow/.venv/lib/python3.11/site-packages/airflow/example_dags/example_time_delta_sensor_async.py took 0.100 seconds
[2024-04-26T21:50:48.641-0300] {processor.py:161} INFO - Started process (PID=20421) to work on /home/athlon/projects/airflow/.venv/lib/python3.11/site-packages/airflow/example_dags/example_time_delta_sensor_async.py
[2024-04-26T21:50:48.647-0300] {processor.py:830} INFO - Processing file /home/athlon/projects/airflow/.venv/lib/python3.11/site-packages/airflow/example_dags/example_time_delta_sensor_async.py for tasks to queue
[2024-04-26T21:50:48.649-0300] {logging_mixin.py:188} INFO - [2024-04-26T21:50:48.649-0300] {dagbag.py:540} INFO - Filling up the DagBag from /home/athlon/projects/airflow/.venv/lib/python3.11/site-packages/airflow/example_dags/example_time_delta_sensor_async.py
[2024-04-26T21:50:48.657-0300] {processor.py:840} INFO - DAG(s) 'example_time_delta_sensor_async' retrieved from /home/athlon/projects/airflow/.venv/lib/python3.11/site-packages/airflow/example_dags/example_time_delta_sensor_async.py
[2024-04-26T21:50:48.683-0300] {logging_mixin.py:188} INFO - [2024-04-26T21:50:48.682-0300] {dag.py:3096} INFO - Sync 1 DAGs
[2024-04-26T21:50:48.700-0300] {logging_mixin.py:188} INFO - [2024-04-26T21:50:48.699-0300] {dag.py:3954} INFO - Setting next_dagrun for example_time_delta_sensor_async to None, run_after=None
[2024-04-26T21:50:48.733-0300] {processor.py:183} INFO - Processing /home/athlon/projects/airflow/.venv/lib/python3.11/site-packages/airflow/example_dags/example_time_delta_sensor_async.py took 0.103 seconds
[2024-04-26T21:51:44.067-0300] {processor.py:161} INFO - Started process (PID=20485) to work on /home/athlon/projects/airflow/.venv/lib/python3.11/site-packages/airflow/example_dags/example_time_delta_sensor_async.py
[2024-04-26T21:51:44.073-0300] {processor.py:830} INFO - Processing file /home/athlon/projects/airflow/.venv/lib/python3.11/site-packages/airflow/example_dags/example_time_delta_sensor_async.py for tasks to queue
[2024-04-26T21:51:44.076-0300] {logging_mixin.py:188} INFO - [2024-04-26T21:51:44.075-0300] {dagbag.py:540} INFO - Filling up the DagBag from /home/athlon/projects/airflow/.venv/lib/python3.11/site-packages/airflow/example_dags/example_time_delta_sensor_async.py
[2024-04-26T21:51:44.084-0300] {processor.py:840} INFO - DAG(s) 'example_time_delta_sensor_async' retrieved from /home/athlon/projects/airflow/.venv/lib/python3.11/site-packages/airflow/example_dags/example_time_delta_sensor_async.py
[2024-04-26T21:51:44.109-0300] {logging_mixin.py:188} INFO - [2024-04-26T21:51:44.108-0300] {dag.py:3096} INFO - Sync 1 DAGs
[2024-04-26T21:51:44.126-0300] {logging_mixin.py:188} INFO - [2024-04-26T21:51:44.125-0300] {dag.py:3954} INFO - Setting next_dagrun for example_time_delta_sensor_async to None, run_after=None
[2024-04-26T21:51:44.156-0300] {processor.py:183} INFO - Processing /home/athlon/projects/airflow/.venv/lib/python3.11/site-packages/airflow/example_dags/example_time_delta_sensor_async.py took 0.099 seconds
[2024-04-26T21:52:41.132-0300] {processor.py:161} INFO - Started process (PID=20658) to work on /home/athlon/projects/airflow/.venv/lib/python3.11/site-packages/airflow/example_dags/example_time_delta_sensor_async.py
[2024-04-26T21:52:41.139-0300] {processor.py:830} INFO - Processing file /home/athlon/projects/airflow/.venv/lib/python3.11/site-packages/airflow/example_dags/example_time_delta_sensor_async.py for tasks to queue
[2024-04-26T21:52:41.143-0300] {logging_mixin.py:188} INFO - [2024-04-26T21:52:41.142-0300] {dagbag.py:540} INFO - Filling up the DagBag from /home/athlon/projects/airflow/.venv/lib/python3.11/site-packages/airflow/example_dags/example_time_delta_sensor_async.py
[2024-04-26T21:52:41.160-0300] {processor.py:840} INFO - DAG(s) 'example_time_delta_sensor_async' retrieved from /home/athlon/projects/airflow/.venv/lib/python3.11/site-packages/airflow/example_dags/example_time_delta_sensor_async.py
[2024-04-26T21:52:41.201-0300] {logging_mixin.py:188} INFO - [2024-04-26T21:52:41.200-0300] {dag.py:3096} INFO - Sync 1 DAGs
[2024-04-26T21:52:41.228-0300] {logging_mixin.py:188} INFO - [2024-04-26T21:52:41.227-0300] {dag.py:3954} INFO - Setting next_dagrun for example_time_delta_sensor_async to None, run_after=None
[2024-04-26T21:52:41.278-0300] {processor.py:183} INFO - Processing /home/athlon/projects/airflow/.venv/lib/python3.11/site-packages/airflow/example_dags/example_time_delta_sensor_async.py took 0.159 seconds
[2024-04-26T21:53:38.160-0300] {processor.py:161} INFO - Started process (PID=20722) to work on /home/athlon/projects/airflow/.venv/lib/python3.11/site-packages/airflow/example_dags/example_time_delta_sensor_async.py
[2024-04-26T21:53:38.166-0300] {processor.py:830} INFO - Processing file /home/athlon/projects/airflow/.venv/lib/python3.11/site-packages/airflow/example_dags/example_time_delta_sensor_async.py for tasks to queue
[2024-04-26T21:53:38.169-0300] {logging_mixin.py:188} INFO - [2024-04-26T21:53:38.168-0300] {dagbag.py:540} INFO - Filling up the DagBag from /home/athlon/projects/airflow/.venv/lib/python3.11/site-packages/airflow/example_dags/example_time_delta_sensor_async.py
[2024-04-26T21:53:38.178-0300] {processor.py:840} INFO - DAG(s) 'example_time_delta_sensor_async' retrieved from /home/athlon/projects/airflow/.venv/lib/python3.11/site-packages/airflow/example_dags/example_time_delta_sensor_async.py
[2024-04-26T21:53:38.204-0300] {logging_mixin.py:188} INFO - [2024-04-26T21:53:38.203-0300] {dag.py:3096} INFO - Sync 1 DAGs
[2024-04-26T21:53:38.221-0300] {logging_mixin.py:188} INFO - [2024-04-26T21:53:38.221-0300] {dag.py:3954} INFO - Setting next_dagrun for example_time_delta_sensor_async to None, run_after=None
[2024-04-26T21:53:38.252-0300] {processor.py:183} INFO - Processing /home/athlon/projects/airflow/.venv/lib/python3.11/site-packages/airflow/example_dags/example_time_delta_sensor_async.py took 0.103 seconds
[2024-04-26T21:54:38.730-0300] {processor.py:161} INFO - Started process (PID=20844) to work on /home/athlon/projects/airflow/.venv/lib/python3.11/site-packages/airflow/example_dags/example_time_delta_sensor_async.py
[2024-04-26T21:54:38.736-0300] {processor.py:830} INFO - Processing file /home/athlon/projects/airflow/.venv/lib/python3.11/site-packages/airflow/example_dags/example_time_delta_sensor_async.py for tasks to queue
[2024-04-26T21:54:38.739-0300] {logging_mixin.py:188} INFO - [2024-04-26T21:54:38.738-0300] {dagbag.py:540} INFO - Filling up the DagBag from /home/athlon/projects/airflow/.venv/lib/python3.11/site-packages/airflow/example_dags/example_time_delta_sensor_async.py
[2024-04-26T21:54:38.746-0300] {processor.py:840} INFO - DAG(s) 'example_time_delta_sensor_async' retrieved from /home/athlon/projects/airflow/.venv/lib/python3.11/site-packages/airflow/example_dags/example_time_delta_sensor_async.py
[2024-04-26T21:54:38.769-0300] {logging_mixin.py:188} INFO - [2024-04-26T21:54:38.769-0300] {dag.py:3096} INFO - Sync 1 DAGs
[2024-04-26T21:54:38.787-0300] {logging_mixin.py:188} INFO - [2024-04-26T21:54:38.787-0300] {dag.py:3954} INFO - Setting next_dagrun for example_time_delta_sensor_async to None, run_after=None
[2024-04-26T21:54:38.818-0300] {processor.py:183} INFO - Processing /home/athlon/projects/airflow/.venv/lib/python3.11/site-packages/airflow/example_dags/example_time_delta_sensor_async.py took 0.097 seconds
[2024-04-26T21:55:32.528-0300] {processor.py:161} INFO - Started process (PID=21542) to work on /home/athlon/projects/airflow/.venv/lib/python3.11/site-packages/airflow/example_dags/example_time_delta_sensor_async.py
[2024-04-26T21:55:32.534-0300] {processor.py:830} INFO - Processing file /home/athlon/projects/airflow/.venv/lib/python3.11/site-packages/airflow/example_dags/example_time_delta_sensor_async.py for tasks to queue
[2024-04-26T21:55:32.538-0300] {logging_mixin.py:188} INFO - [2024-04-26T21:55:32.537-0300] {dagbag.py:540} INFO - Filling up the DagBag from /home/athlon/projects/airflow/.venv/lib/python3.11/site-packages/airflow/example_dags/example_time_delta_sensor_async.py
[2024-04-26T21:55:32.547-0300] {processor.py:840} INFO - DAG(s) 'example_time_delta_sensor_async' retrieved from /home/athlon/projects/airflow/.venv/lib/python3.11/site-packages/airflow/example_dags/example_time_delta_sensor_async.py
[2024-04-26T21:55:32.573-0300] {logging_mixin.py:188} INFO - [2024-04-26T21:55:32.573-0300] {dag.py:3096} INFO - Sync 1 DAGs
[2024-04-26T21:55:32.591-0300] {logging_mixin.py:188} INFO - [2024-04-26T21:55:32.590-0300] {dag.py:3954} INFO - Setting next_dagrun for example_time_delta_sensor_async to None, run_after=None
[2024-04-26T21:55:32.622-0300] {processor.py:183} INFO - Processing /home/athlon/projects/airflow/.venv/lib/python3.11/site-packages/airflow/example_dags/example_time_delta_sensor_async.py took 0.105 seconds
[2024-04-26T21:56:34.083-0300] {processor.py:161} INFO - Started process (PID=21610) to work on /home/athlon/projects/airflow/.venv/lib/python3.11/site-packages/airflow/example_dags/example_time_delta_sensor_async.py
[2024-04-26T21:56:34.089-0300] {processor.py:830} INFO - Processing file /home/athlon/projects/airflow/.venv/lib/python3.11/site-packages/airflow/example_dags/example_time_delta_sensor_async.py for tasks to queue
[2024-04-26T21:56:34.093-0300] {logging_mixin.py:188} INFO - [2024-04-26T21:56:34.092-0300] {dagbag.py:540} INFO - Filling up the DagBag from /home/athlon/projects/airflow/.venv/lib/python3.11/site-packages/airflow/example_dags/example_time_delta_sensor_async.py
[2024-04-26T21:56:34.102-0300] {processor.py:840} INFO - DAG(s) 'example_time_delta_sensor_async' retrieved from /home/athlon/projects/airflow/.venv/lib/python3.11/site-packages/airflow/example_dags/example_time_delta_sensor_async.py
[2024-04-26T21:56:34.128-0300] {logging_mixin.py:188} INFO - [2024-04-26T21:56:34.128-0300] {dag.py:3096} INFO - Sync 1 DAGs
[2024-04-26T21:56:34.146-0300] {logging_mixin.py:188} INFO - [2024-04-26T21:56:34.145-0300] {dag.py:3954} INFO - Setting next_dagrun for example_time_delta_sensor_async to None, run_after=None
[2024-04-26T21:56:34.176-0300] {processor.py:183} INFO - Processing /home/athlon/projects/airflow/.venv/lib/python3.11/site-packages/airflow/example_dags/example_time_delta_sensor_async.py took 0.104 seconds
[2024-04-26T21:57:33.961-0300] {processor.py:161} INFO - Started process (PID=21858) to work on /home/athlon/projects/airflow/.venv/lib/python3.11/site-packages/airflow/example_dags/example_time_delta_sensor_async.py
[2024-04-26T21:57:33.967-0300] {processor.py:830} INFO - Processing file /home/athlon/projects/airflow/.venv/lib/python3.11/site-packages/airflow/example_dags/example_time_delta_sensor_async.py for tasks to queue
[2024-04-26T21:57:33.970-0300] {logging_mixin.py:188} INFO - [2024-04-26T21:57:33.969-0300] {dagbag.py:540} INFO - Filling up the DagBag from /home/athlon/projects/airflow/.venv/lib/python3.11/site-packages/airflow/example_dags/example_time_delta_sensor_async.py
[2024-04-26T21:57:33.979-0300] {processor.py:840} INFO - DAG(s) 'example_time_delta_sensor_async' retrieved from /home/athlon/projects/airflow/.venv/lib/python3.11/site-packages/airflow/example_dags/example_time_delta_sensor_async.py
[2024-04-26T21:57:34.005-0300] {logging_mixin.py:188} INFO - [2024-04-26T21:57:34.005-0300] {dag.py:3096} INFO - Sync 1 DAGs
[2024-04-26T21:57:34.023-0300] {logging_mixin.py:188} INFO - [2024-04-26T21:57:34.023-0300] {dag.py:3954} INFO - Setting next_dagrun for example_time_delta_sensor_async to None, run_after=None
[2024-04-26T21:57:34.054-0300] {processor.py:183} INFO - Processing /home/athlon/projects/airflow/.venv/lib/python3.11/site-packages/airflow/example_dags/example_time_delta_sensor_async.py took 0.104 seconds
[2024-04-26T21:58:32.963-0300] {processor.py:161} INFO - Started process (PID=22031) to work on /home/athlon/projects/airflow/.venv/lib/python3.11/site-packages/airflow/example_dags/example_time_delta_sensor_async.py
[2024-04-26T21:58:32.968-0300] {processor.py:830} INFO - Processing file /home/athlon/projects/airflow/.venv/lib/python3.11/site-packages/airflow/example_dags/example_time_delta_sensor_async.py for tasks to queue
[2024-04-26T21:58:32.971-0300] {logging_mixin.py:188} INFO - [2024-04-26T21:58:32.971-0300] {dagbag.py:540} INFO - Filling up the DagBag from /home/athlon/projects/airflow/.venv/lib/python3.11/site-packages/airflow/example_dags/example_time_delta_sensor_async.py
[2024-04-26T21:58:32.982-0300] {processor.py:840} INFO - DAG(s) 'example_time_delta_sensor_async' retrieved from /home/athlon/projects/airflow/.venv/lib/python3.11/site-packages/airflow/example_dags/example_time_delta_sensor_async.py
[2024-04-26T21:58:33.011-0300] {logging_mixin.py:188} INFO - [2024-04-26T21:58:33.010-0300] {dag.py:3096} INFO - Sync 1 DAGs
[2024-04-26T21:58:33.034-0300] {logging_mixin.py:188} INFO - [2024-04-26T21:58:33.033-0300] {dag.py:3954} INFO - Setting next_dagrun for example_time_delta_sensor_async to None, run_after=None
[2024-04-26T21:58:33.070-0300] {processor.py:183} INFO - Processing /home/athlon/projects/airflow/.venv/lib/python3.11/site-packages/airflow/example_dags/example_time_delta_sensor_async.py took 0.119 seconds
[2024-04-26T21:59:29.129-0300] {processor.py:161} INFO - Started process (PID=22197) to work on /home/athlon/projects/airflow/.venv/lib/python3.11/site-packages/airflow/example_dags/example_time_delta_sensor_async.py
[2024-04-26T21:59:29.136-0300] {processor.py:830} INFO - Processing file /home/athlon/projects/airflow/.venv/lib/python3.11/site-packages/airflow/example_dags/example_time_delta_sensor_async.py for tasks to queue
[2024-04-26T21:59:29.140-0300] {logging_mixin.py:188} INFO - [2024-04-26T21:59:29.139-0300] {dagbag.py:540} INFO - Filling up the DagBag from /home/athlon/projects/airflow/.venv/lib/python3.11/site-packages/airflow/example_dags/example_time_delta_sensor_async.py
[2024-04-26T21:59:29.151-0300] {processor.py:840} INFO - DAG(s) 'example_time_delta_sensor_async' retrieved from /home/athlon/projects/airflow/.venv/lib/python3.11/site-packages/airflow/example_dags/example_time_delta_sensor_async.py
[2024-04-26T21:59:29.189-0300] {logging_mixin.py:188} INFO - [2024-04-26T21:59:29.188-0300] {dag.py:3096} INFO - Sync 1 DAGs
[2024-04-26T21:59:29.216-0300] {logging_mixin.py:188} INFO - [2024-04-26T21:59:29.215-0300] {dag.py:3954} INFO - Setting next_dagrun for example_time_delta_sensor_async to None, run_after=None
[2024-04-26T21:59:29.264-0300] {processor.py:183} INFO - Processing /home/athlon/projects/airflow/.venv/lib/python3.11/site-packages/airflow/example_dags/example_time_delta_sensor_async.py took 0.148 seconds
[2024-04-26T22:00:31.297-0300] {processor.py:161} INFO - Started process (PID=22300) to work on /home/athlon/projects/airflow/.venv/lib/python3.11/site-packages/airflow/example_dags/example_time_delta_sensor_async.py
[2024-04-26T22:00:31.303-0300] {processor.py:830} INFO - Processing file /home/athlon/projects/airflow/.venv/lib/python3.11/site-packages/airflow/example_dags/example_time_delta_sensor_async.py for tasks to queue
[2024-04-26T22:00:31.306-0300] {logging_mixin.py:188} INFO - [2024-04-26T22:00:31.305-0300] {dagbag.py:540} INFO - Filling up the DagBag from /home/athlon/projects/airflow/.venv/lib/python3.11/site-packages/airflow/example_dags/example_time_delta_sensor_async.py
[2024-04-26T22:00:31.314-0300] {processor.py:840} INFO - DAG(s) 'example_time_delta_sensor_async' retrieved from /home/athlon/projects/airflow/.venv/lib/python3.11/site-packages/airflow/example_dags/example_time_delta_sensor_async.py
[2024-04-26T22:00:31.338-0300] {logging_mixin.py:188} INFO - [2024-04-26T22:00:31.337-0300] {dag.py:3096} INFO - Sync 1 DAGs
[2024-04-26T22:00:31.359-0300] {logging_mixin.py:188} INFO - [2024-04-26T22:00:31.359-0300] {dag.py:3954} INFO - Setting next_dagrun for example_time_delta_sensor_async to None, run_after=None
[2024-04-26T22:00:31.391-0300] {processor.py:183} INFO - Processing /home/athlon/projects/airflow/.venv/lib/python3.11/site-packages/airflow/example_dags/example_time_delta_sensor_async.py took 0.103 seconds
[2024-04-26T22:01:34.494-0300] {processor.py:161} INFO - Started process (PID=22369) to work on /home/athlon/projects/airflow/.venv/lib/python3.11/site-packages/airflow/example_dags/example_time_delta_sensor_async.py
[2024-04-26T22:01:34.500-0300] {processor.py:830} INFO - Processing file /home/athlon/projects/airflow/.venv/lib/python3.11/site-packages/airflow/example_dags/example_time_delta_sensor_async.py for tasks to queue
[2024-04-26T22:01:34.503-0300] {logging_mixin.py:188} INFO - [2024-04-26T22:01:34.502-0300] {dagbag.py:540} INFO - Filling up the DagBag from /home/athlon/projects/airflow/.venv/lib/python3.11/site-packages/airflow/example_dags/example_time_delta_sensor_async.py
[2024-04-26T22:01:34.511-0300] {processor.py:840} INFO - DAG(s) 'example_time_delta_sensor_async' retrieved from /home/athlon/projects/airflow/.venv/lib/python3.11/site-packages/airflow/example_dags/example_time_delta_sensor_async.py
[2024-04-26T22:01:34.538-0300] {logging_mixin.py:188} INFO - [2024-04-26T22:01:34.538-0300] {dag.py:3096} INFO - Sync 1 DAGs
[2024-04-26T22:01:34.556-0300] {logging_mixin.py:188} INFO - [2024-04-26T22:01:34.555-0300] {dag.py:3954} INFO - Setting next_dagrun for example_time_delta_sensor_async to None, run_after=None
[2024-04-26T22:01:34.587-0300] {processor.py:183} INFO - Processing /home/athlon/projects/airflow/.venv/lib/python3.11/site-packages/airflow/example_dags/example_time_delta_sensor_async.py took 0.105 seconds
[2024-04-26T22:02:37.962-0300] {processor.py:161} INFO - Started process (PID=22436) to work on /home/athlon/projects/airflow/.venv/lib/python3.11/site-packages/airflow/example_dags/example_time_delta_sensor_async.py
[2024-04-26T22:02:37.968-0300] {processor.py:830} INFO - Processing file /home/athlon/projects/airflow/.venv/lib/python3.11/site-packages/airflow/example_dags/example_time_delta_sensor_async.py for tasks to queue
[2024-04-26T22:02:37.971-0300] {logging_mixin.py:188} INFO - [2024-04-26T22:02:37.970-0300] {dagbag.py:540} INFO - Filling up the DagBag from /home/athlon/projects/airflow/.venv/lib/python3.11/site-packages/airflow/example_dags/example_time_delta_sensor_async.py
[2024-04-26T22:02:37.980-0300] {processor.py:840} INFO - DAG(s) 'example_time_delta_sensor_async' retrieved from /home/athlon/projects/airflow/.venv/lib/python3.11/site-packages/airflow/example_dags/example_time_delta_sensor_async.py
[2024-04-26T22:02:38.007-0300] {logging_mixin.py:188} INFO - [2024-04-26T22:02:38.007-0300] {dag.py:3096} INFO - Sync 1 DAGs
[2024-04-26T22:02:38.025-0300] {logging_mixin.py:188} INFO - [2024-04-26T22:02:38.024-0300] {dag.py:3954} INFO - Setting next_dagrun for example_time_delta_sensor_async to None, run_after=None
[2024-04-26T22:02:38.055-0300] {processor.py:183} INFO - Processing /home/athlon/projects/airflow/.venv/lib/python3.11/site-packages/airflow/example_dags/example_time_delta_sensor_async.py took 0.104 seconds
[2024-04-26T22:03:41.142-0300] {processor.py:161} INFO - Started process (PID=22514) to work on /home/athlon/projects/airflow/.venv/lib/python3.11/site-packages/airflow/example_dags/example_time_delta_sensor_async.py
[2024-04-26T22:03:41.148-0300] {processor.py:830} INFO - Processing file /home/athlon/projects/airflow/.venv/lib/python3.11/site-packages/airflow/example_dags/example_time_delta_sensor_async.py for tasks to queue
[2024-04-26T22:03:41.151-0300] {logging_mixin.py:188} INFO - [2024-04-26T22:03:41.150-0300] {dagbag.py:540} INFO - Filling up the DagBag from /home/athlon/projects/airflow/.venv/lib/python3.11/site-packages/airflow/example_dags/example_time_delta_sensor_async.py
[2024-04-26T22:03:41.160-0300] {processor.py:840} INFO - DAG(s) 'example_time_delta_sensor_async' retrieved from /home/athlon/projects/airflow/.venv/lib/python3.11/site-packages/airflow/example_dags/example_time_delta_sensor_async.py
[2024-04-26T22:03:41.186-0300] {logging_mixin.py:188} INFO - [2024-04-26T22:03:41.186-0300] {dag.py:3096} INFO - Sync 1 DAGs
[2024-04-26T22:03:41.205-0300] {logging_mixin.py:188} INFO - [2024-04-26T22:03:41.204-0300] {dag.py:3954} INFO - Setting next_dagrun for example_time_delta_sensor_async to None, run_after=None
[2024-04-26T22:03:41.236-0300] {processor.py:183} INFO - Processing /home/athlon/projects/airflow/.venv/lib/python3.11/site-packages/airflow/example_dags/example_time_delta_sensor_async.py took 0.104 seconds
[2024-04-26T22:04:36.803-0300] {processor.py:161} INFO - Started process (PID=22655) to work on /home/athlon/projects/airflow/.venv/lib/python3.11/site-packages/airflow/example_dags/example_time_delta_sensor_async.py
[2024-04-26T22:04:36.810-0300] {processor.py:830} INFO - Processing file /home/athlon/projects/airflow/.venv/lib/python3.11/site-packages/airflow/example_dags/example_time_delta_sensor_async.py for tasks to queue
[2024-04-26T22:04:36.812-0300] {logging_mixin.py:188} INFO - [2024-04-26T22:04:36.812-0300] {dagbag.py:540} INFO - Filling up the DagBag from /home/athlon/projects/airflow/.venv/lib/python3.11/site-packages/airflow/example_dags/example_time_delta_sensor_async.py
[2024-04-26T22:04:36.823-0300] {processor.py:840} INFO - DAG(s) 'example_time_delta_sensor_async' retrieved from /home/athlon/projects/airflow/.venv/lib/python3.11/site-packages/airflow/example_dags/example_time_delta_sensor_async.py
[2024-04-26T22:04:36.860-0300] {logging_mixin.py:188} INFO - [2024-04-26T22:04:36.859-0300] {dag.py:3096} INFO - Sync 1 DAGs
[2024-04-26T22:04:36.885-0300] {logging_mixin.py:188} INFO - [2024-04-26T22:04:36.885-0300] {dag.py:3954} INFO - Setting next_dagrun for example_time_delta_sensor_async to None, run_after=None
[2024-04-26T22:04:36.929-0300] {processor.py:183} INFO - Processing /home/athlon/projects/airflow/.venv/lib/python3.11/site-packages/airflow/example_dags/example_time_delta_sensor_async.py took 0.137 seconds
[2024-04-26T22:05:35.969-0300] {processor.py:161} INFO - Started process (PID=22733) to work on /home/athlon/projects/airflow/.venv/lib/python3.11/site-packages/airflow/example_dags/example_time_delta_sensor_async.py
[2024-04-26T22:05:35.975-0300] {processor.py:830} INFO - Processing file /home/athlon/projects/airflow/.venv/lib/python3.11/site-packages/airflow/example_dags/example_time_delta_sensor_async.py for tasks to queue
[2024-04-26T22:05:35.978-0300] {logging_mixin.py:188} INFO - [2024-04-26T22:05:35.978-0300] {dagbag.py:540} INFO - Filling up the DagBag from /home/athlon/projects/airflow/.venv/lib/python3.11/site-packages/airflow/example_dags/example_time_delta_sensor_async.py
[2024-04-26T22:05:35.988-0300] {processor.py:840} INFO - DAG(s) 'example_time_delta_sensor_async' retrieved from /home/athlon/projects/airflow/.venv/lib/python3.11/site-packages/airflow/example_dags/example_time_delta_sensor_async.py
[2024-04-26T22:05:36.014-0300] {logging_mixin.py:188} INFO - [2024-04-26T22:05:36.013-0300] {dag.py:3096} INFO - Sync 1 DAGs
[2024-04-26T22:05:36.032-0300] {logging_mixin.py:188} INFO - [2024-04-26T22:05:36.032-0300] {dag.py:3954} INFO - Setting next_dagrun for example_time_delta_sensor_async to None, run_after=None
[2024-04-26T22:05:36.063-0300] {processor.py:183} INFO - Processing /home/athlon/projects/airflow/.venv/lib/python3.11/site-packages/airflow/example_dags/example_time_delta_sensor_async.py took 0.105 seconds
[2024-04-26T22:06:34.777-0300] {processor.py:161} INFO - Started process (PID=22798) to work on /home/athlon/projects/airflow/.venv/lib/python3.11/site-packages/airflow/example_dags/example_time_delta_sensor_async.py
[2024-04-26T22:06:34.783-0300] {processor.py:830} INFO - Processing file /home/athlon/projects/airflow/.venv/lib/python3.11/site-packages/airflow/example_dags/example_time_delta_sensor_async.py for tasks to queue
[2024-04-26T22:06:34.786-0300] {logging_mixin.py:188} INFO - [2024-04-26T22:06:34.786-0300] {dagbag.py:540} INFO - Filling up the DagBag from /home/athlon/projects/airflow/.venv/lib/python3.11/site-packages/airflow/example_dags/example_time_delta_sensor_async.py
[2024-04-26T22:06:34.794-0300] {processor.py:840} INFO - DAG(s) 'example_time_delta_sensor_async' retrieved from /home/athlon/projects/airflow/.venv/lib/python3.11/site-packages/airflow/example_dags/example_time_delta_sensor_async.py
[2024-04-26T22:06:34.817-0300] {logging_mixin.py:188} INFO - [2024-04-26T22:06:34.817-0300] {dag.py:3096} INFO - Sync 1 DAGs
[2024-04-26T22:06:34.835-0300] {logging_mixin.py:188} INFO - [2024-04-26T22:06:34.834-0300] {dag.py:3954} INFO - Setting next_dagrun for example_time_delta_sensor_async to None, run_after=None
[2024-04-26T22:06:34.866-0300] {processor.py:183} INFO - Processing /home/athlon/projects/airflow/.venv/lib/python3.11/site-packages/airflow/example_dags/example_time_delta_sensor_async.py took 0.100 seconds
[2024-04-26T22:07:34.455-0300] {processor.py:161} INFO - Started process (PID=22865) to work on /home/athlon/projects/airflow/.venv/lib/python3.11/site-packages/airflow/example_dags/example_time_delta_sensor_async.py
[2024-04-26T22:07:34.460-0300] {processor.py:830} INFO - Processing file /home/athlon/projects/airflow/.venv/lib/python3.11/site-packages/airflow/example_dags/example_time_delta_sensor_async.py for tasks to queue
[2024-04-26T22:07:34.463-0300] {logging_mixin.py:188} INFO - [2024-04-26T22:07:34.463-0300] {dagbag.py:540} INFO - Filling up the DagBag from /home/athlon/projects/airflow/.venv/lib/python3.11/site-packages/airflow/example_dags/example_time_delta_sensor_async.py
[2024-04-26T22:07:34.472-0300] {processor.py:840} INFO - DAG(s) 'example_time_delta_sensor_async' retrieved from /home/athlon/projects/airflow/.venv/lib/python3.11/site-packages/airflow/example_dags/example_time_delta_sensor_async.py
[2024-04-26T22:07:34.499-0300] {logging_mixin.py:188} INFO - [2024-04-26T22:07:34.499-0300] {dag.py:3096} INFO - Sync 1 DAGs
[2024-04-26T22:07:34.517-0300] {logging_mixin.py:188} INFO - [2024-04-26T22:07:34.517-0300] {dag.py:3954} INFO - Setting next_dagrun for example_time_delta_sensor_async to None, run_after=None
[2024-04-26T22:07:34.548-0300] {processor.py:183} INFO - Processing /home/athlon/projects/airflow/.venv/lib/python3.11/site-packages/airflow/example_dags/example_time_delta_sensor_async.py took 0.105 seconds
[2024-04-26T22:08:36.154-0300] {processor.py:161} INFO - Started process (PID=22933) to work on /home/athlon/projects/airflow/.venv/lib/python3.11/site-packages/airflow/example_dags/example_time_delta_sensor_async.py
[2024-04-26T22:08:36.160-0300] {processor.py:830} INFO - Processing file /home/athlon/projects/airflow/.venv/lib/python3.11/site-packages/airflow/example_dags/example_time_delta_sensor_async.py for tasks to queue
[2024-04-26T22:08:36.163-0300] {logging_mixin.py:188} INFO - [2024-04-26T22:08:36.163-0300] {dagbag.py:540} INFO - Filling up the DagBag from /home/athlon/projects/airflow/.venv/lib/python3.11/site-packages/airflow/example_dags/example_time_delta_sensor_async.py
[2024-04-26T22:08:36.172-0300] {processor.py:840} INFO - DAG(s) 'example_time_delta_sensor_async' retrieved from /home/athlon/projects/airflow/.venv/lib/python3.11/site-packages/airflow/example_dags/example_time_delta_sensor_async.py
[2024-04-26T22:08:36.198-0300] {logging_mixin.py:188} INFO - [2024-04-26T22:08:36.198-0300] {dag.py:3096} INFO - Sync 1 DAGs
[2024-04-26T22:08:36.216-0300] {logging_mixin.py:188} INFO - [2024-04-26T22:08:36.216-0300] {dag.py:3954} INFO - Setting next_dagrun for example_time_delta_sensor_async to None, run_after=None
[2024-04-26T22:08:36.246-0300] {processor.py:183} INFO - Processing /home/athlon/projects/airflow/.venv/lib/python3.11/site-packages/airflow/example_dags/example_time_delta_sensor_async.py took 0.103 seconds
[2024-04-26T22:09:33.446-0300] {processor.py:161} INFO - Started process (PID=23031) to work on /home/athlon/projects/airflow/.venv/lib/python3.11/site-packages/airflow/example_dags/example_time_delta_sensor_async.py
[2024-04-26T22:09:33.451-0300] {processor.py:830} INFO - Processing file /home/athlon/projects/airflow/.venv/lib/python3.11/site-packages/airflow/example_dags/example_time_delta_sensor_async.py for tasks to queue
[2024-04-26T22:09:33.455-0300] {logging_mixin.py:188} INFO - [2024-04-26T22:09:33.454-0300] {dagbag.py:540} INFO - Filling up the DagBag from /home/athlon/projects/airflow/.venv/lib/python3.11/site-packages/airflow/example_dags/example_time_delta_sensor_async.py
[2024-04-26T22:09:33.463-0300] {processor.py:840} INFO - DAG(s) 'example_time_delta_sensor_async' retrieved from /home/athlon/projects/airflow/.venv/lib/python3.11/site-packages/airflow/example_dags/example_time_delta_sensor_async.py
[2024-04-26T22:09:33.489-0300] {logging_mixin.py:188} INFO - [2024-04-26T22:09:33.489-0300] {dag.py:3096} INFO - Sync 1 DAGs
[2024-04-26T22:09:33.507-0300] {logging_mixin.py:188} INFO - [2024-04-26T22:09:33.507-0300] {dag.py:3954} INFO - Setting next_dagrun for example_time_delta_sensor_async to None, run_after=None
[2024-04-26T22:09:33.538-0300] {processor.py:183} INFO - Processing /home/athlon/projects/airflow/.venv/lib/python3.11/site-packages/airflow/example_dags/example_time_delta_sensor_async.py took 0.104 seconds
[2024-04-26T22:10:35.650-0300] {processor.py:161} INFO - Started process (PID=23101) to work on /home/athlon/projects/airflow/.venv/lib/python3.11/site-packages/airflow/example_dags/example_time_delta_sensor_async.py
[2024-04-26T22:10:35.656-0300] {processor.py:830} INFO - Processing file /home/athlon/projects/airflow/.venv/lib/python3.11/site-packages/airflow/example_dags/example_time_delta_sensor_async.py for tasks to queue
[2024-04-26T22:10:35.659-0300] {logging_mixin.py:188} INFO - [2024-04-26T22:10:35.658-0300] {dagbag.py:540} INFO - Filling up the DagBag from /home/athlon/projects/airflow/.venv/lib/python3.11/site-packages/airflow/example_dags/example_time_delta_sensor_async.py
[2024-04-26T22:10:35.668-0300] {processor.py:840} INFO - DAG(s) 'example_time_delta_sensor_async' retrieved from /home/athlon/projects/airflow/.venv/lib/python3.11/site-packages/airflow/example_dags/example_time_delta_sensor_async.py
[2024-04-26T22:10:35.694-0300] {logging_mixin.py:188} INFO - [2024-04-26T22:10:35.693-0300] {dag.py:3096} INFO - Sync 1 DAGs
[2024-04-26T22:10:35.711-0300] {logging_mixin.py:188} INFO - [2024-04-26T22:10:35.711-0300] {dag.py:3954} INFO - Setting next_dagrun for example_time_delta_sensor_async to None, run_after=None
[2024-04-26T22:10:35.743-0300] {processor.py:183} INFO - Processing /home/athlon/projects/airflow/.venv/lib/python3.11/site-packages/airflow/example_dags/example_time_delta_sensor_async.py took 0.105 seconds
[2024-04-26T22:11:37.400-0300] {processor.py:161} INFO - Started process (PID=23169) to work on /home/athlon/projects/airflow/.venv/lib/python3.11/site-packages/airflow/example_dags/example_time_delta_sensor_async.py
[2024-04-26T22:11:37.406-0300] {processor.py:830} INFO - Processing file /home/athlon/projects/airflow/.venv/lib/python3.11/site-packages/airflow/example_dags/example_time_delta_sensor_async.py for tasks to queue
[2024-04-26T22:11:37.409-0300] {logging_mixin.py:188} INFO - [2024-04-26T22:11:37.408-0300] {dagbag.py:540} INFO - Filling up the DagBag from /home/athlon/projects/airflow/.venv/lib/python3.11/site-packages/airflow/example_dags/example_time_delta_sensor_async.py
[2024-04-26T22:11:37.418-0300] {processor.py:840} INFO - DAG(s) 'example_time_delta_sensor_async' retrieved from /home/athlon/projects/airflow/.venv/lib/python3.11/site-packages/airflow/example_dags/example_time_delta_sensor_async.py
[2024-04-26T22:11:37.444-0300] {logging_mixin.py:188} INFO - [2024-04-26T22:11:37.443-0300] {dag.py:3096} INFO - Sync 1 DAGs
[2024-04-26T22:11:37.462-0300] {logging_mixin.py:188} INFO - [2024-04-26T22:11:37.461-0300] {dag.py:3954} INFO - Setting next_dagrun for example_time_delta_sensor_async to None, run_after=None
[2024-04-26T22:11:37.493-0300] {processor.py:183} INFO - Processing /home/athlon/projects/airflow/.venv/lib/python3.11/site-packages/airflow/example_dags/example_time_delta_sensor_async.py took 0.103 seconds
[2024-04-26T22:12:37.267-0300] {processor.py:161} INFO - Started process (PID=23253) to work on /home/athlon/projects/airflow/.venv/lib/python3.11/site-packages/airflow/example_dags/example_time_delta_sensor_async.py
[2024-04-26T22:12:37.273-0300] {processor.py:830} INFO - Processing file /home/athlon/projects/airflow/.venv/lib/python3.11/site-packages/airflow/example_dags/example_time_delta_sensor_async.py for tasks to queue
[2024-04-26T22:12:37.276-0300] {logging_mixin.py:188} INFO - [2024-04-26T22:12:37.275-0300] {dagbag.py:540} INFO - Filling up the DagBag from /home/athlon/projects/airflow/.venv/lib/python3.11/site-packages/airflow/example_dags/example_time_delta_sensor_async.py
[2024-04-26T22:12:37.286-0300] {processor.py:840} INFO - DAG(s) 'example_time_delta_sensor_async' retrieved from /home/athlon/projects/airflow/.venv/lib/python3.11/site-packages/airflow/example_dags/example_time_delta_sensor_async.py
[2024-04-26T22:12:37.312-0300] {logging_mixin.py:188} INFO - [2024-04-26T22:12:37.312-0300] {dag.py:3096} INFO - Sync 1 DAGs
[2024-04-26T22:12:37.335-0300] {logging_mixin.py:188} INFO - [2024-04-26T22:12:37.334-0300] {dag.py:3954} INFO - Setting next_dagrun for example_time_delta_sensor_async to None, run_after=None
[2024-04-26T22:12:37.373-0300] {processor.py:183} INFO - Processing /home/athlon/projects/airflow/.venv/lib/python3.11/site-packages/airflow/example_dags/example_time_delta_sensor_async.py took 0.116 seconds
[2024-04-26T22:13:37.554-0300] {processor.py:161} INFO - Started process (PID=23324) to work on /home/athlon/projects/airflow/.venv/lib/python3.11/site-packages/airflow/example_dags/example_time_delta_sensor_async.py
[2024-04-26T22:13:37.560-0300] {processor.py:830} INFO - Processing file /home/athlon/projects/airflow/.venv/lib/python3.11/site-packages/airflow/example_dags/example_time_delta_sensor_async.py for tasks to queue
[2024-04-26T22:13:37.563-0300] {logging_mixin.py:188} INFO - [2024-04-26T22:13:37.562-0300] {dagbag.py:540} INFO - Filling up the DagBag from /home/athlon/projects/airflow/.venv/lib/python3.11/site-packages/airflow/example_dags/example_time_delta_sensor_async.py
[2024-04-26T22:13:37.571-0300] {processor.py:840} INFO - DAG(s) 'example_time_delta_sensor_async' retrieved from /home/athlon/projects/airflow/.venv/lib/python3.11/site-packages/airflow/example_dags/example_time_delta_sensor_async.py
[2024-04-26T22:13:37.598-0300] {logging_mixin.py:188} INFO - [2024-04-26T22:13:37.598-0300] {dag.py:3096} INFO - Sync 1 DAGs
[2024-04-26T22:13:37.616-0300] {logging_mixin.py:188} INFO - [2024-04-26T22:13:37.615-0300] {dag.py:3954} INFO - Setting next_dagrun for example_time_delta_sensor_async to None, run_after=None
[2024-04-26T22:13:37.647-0300] {processor.py:183} INFO - Processing /home/athlon/projects/airflow/.venv/lib/python3.11/site-packages/airflow/example_dags/example_time_delta_sensor_async.py took 0.105 seconds
[2024-04-26T22:14:38.549-0300] {processor.py:161} INFO - Started process (PID=23435) to work on /home/athlon/projects/airflow/.venv/lib/python3.11/site-packages/airflow/example_dags/example_time_delta_sensor_async.py
[2024-04-26T22:14:38.554-0300] {processor.py:830} INFO - Processing file /home/athlon/projects/airflow/.venv/lib/python3.11/site-packages/airflow/example_dags/example_time_delta_sensor_async.py for tasks to queue
[2024-04-26T22:14:38.558-0300] {logging_mixin.py:188} INFO - [2024-04-26T22:14:38.557-0300] {dagbag.py:540} INFO - Filling up the DagBag from /home/athlon/projects/airflow/.venv/lib/python3.11/site-packages/airflow/example_dags/example_time_delta_sensor_async.py
[2024-04-26T22:14:38.567-0300] {processor.py:840} INFO - DAG(s) 'example_time_delta_sensor_async' retrieved from /home/athlon/projects/airflow/.venv/lib/python3.11/site-packages/airflow/example_dags/example_time_delta_sensor_async.py
[2024-04-26T22:14:38.596-0300] {logging_mixin.py:188} INFO - [2024-04-26T22:14:38.596-0300] {dag.py:3096} INFO - Sync 1 DAGs
[2024-04-26T22:14:38.617-0300] {logging_mixin.py:188} INFO - [2024-04-26T22:14:38.617-0300] {dag.py:3954} INFO - Setting next_dagrun for example_time_delta_sensor_async to None, run_after=None
[2024-04-26T22:14:38.655-0300] {processor.py:183} INFO - Processing /home/athlon/projects/airflow/.venv/lib/python3.11/site-packages/airflow/example_dags/example_time_delta_sensor_async.py took 0.118 seconds
[2024-04-26T22:15:45.609-0300] {processor.py:161} INFO - Started process (PID=23540) to work on /home/athlon/projects/airflow/.venv/lib/python3.11/site-packages/airflow/example_dags/example_time_delta_sensor_async.py
[2024-04-26T22:15:45.615-0300] {processor.py:830} INFO - Processing file /home/athlon/projects/airflow/.venv/lib/python3.11/site-packages/airflow/example_dags/example_time_delta_sensor_async.py for tasks to queue
[2024-04-26T22:15:45.618-0300] {logging_mixin.py:188} INFO - [2024-04-26T22:15:45.618-0300] {dagbag.py:540} INFO - Filling up the DagBag from /home/athlon/projects/airflow/.venv/lib/python3.11/site-packages/airflow/example_dags/example_time_delta_sensor_async.py
[2024-04-26T22:15:45.627-0300] {processor.py:840} INFO - DAG(s) 'example_time_delta_sensor_async' retrieved from /home/athlon/projects/airflow/.venv/lib/python3.11/site-packages/airflow/example_dags/example_time_delta_sensor_async.py
[2024-04-26T22:15:45.653-0300] {logging_mixin.py:188} INFO - [2024-04-26T22:15:45.653-0300] {dag.py:3096} INFO - Sync 1 DAGs
[2024-04-26T22:15:45.671-0300] {logging_mixin.py:188} INFO - [2024-04-26T22:15:45.670-0300] {dag.py:3954} INFO - Setting next_dagrun for example_time_delta_sensor_async to None, run_after=None
[2024-04-26T22:15:45.702-0300] {processor.py:183} INFO - Processing /home/athlon/projects/airflow/.venv/lib/python3.11/site-packages/airflow/example_dags/example_time_delta_sensor_async.py took 0.105 seconds
[2024-04-26T22:16:48.718-0300] {processor.py:161} INFO - Started process (PID=23684) to work on /home/athlon/projects/airflow/.venv/lib/python3.11/site-packages/airflow/example_dags/example_time_delta_sensor_async.py
[2024-04-26T22:16:48.720-0300] {processor.py:830} INFO - Processing file /home/athlon/projects/airflow/.venv/lib/python3.11/site-packages/airflow/example_dags/example_time_delta_sensor_async.py for tasks to queue
[2024-04-26T22:16:48.723-0300] {logging_mixin.py:188} INFO - [2024-04-26T22:16:48.722-0300] {dagbag.py:540} INFO - Filling up the DagBag from /home/athlon/projects/airflow/.venv/lib/python3.11/site-packages/airflow/example_dags/example_time_delta_sensor_async.py
[2024-04-26T22:16:48.733-0300] {processor.py:840} INFO - DAG(s) 'example_time_delta_sensor_async' retrieved from /home/athlon/projects/airflow/.venv/lib/python3.11/site-packages/airflow/example_dags/example_time_delta_sensor_async.py
[2024-04-26T22:16:48.758-0300] {logging_mixin.py:188} INFO - [2024-04-26T22:16:48.758-0300] {dag.py:3096} INFO - Sync 1 DAGs
[2024-04-26T22:16:48.776-0300] {logging_mixin.py:188} INFO - [2024-04-26T22:16:48.776-0300] {dag.py:3954} INFO - Setting next_dagrun for example_time_delta_sensor_async to None, run_after=None
[2024-04-26T22:16:48.807-0300] {processor.py:183} INFO - Processing /home/athlon/projects/airflow/.venv/lib/python3.11/site-packages/airflow/example_dags/example_time_delta_sensor_async.py took 0.100 seconds
[2024-04-26T22:17:47.290-0300] {processor.py:161} INFO - Started process (PID=23742) to work on /home/athlon/projects/airflow/.venv/lib/python3.11/site-packages/airflow/example_dags/example_time_delta_sensor_async.py
[2024-04-26T22:17:47.296-0300] {processor.py:830} INFO - Processing file /home/athlon/projects/airflow/.venv/lib/python3.11/site-packages/airflow/example_dags/example_time_delta_sensor_async.py for tasks to queue
[2024-04-26T22:17:47.299-0300] {logging_mixin.py:188} INFO - [2024-04-26T22:17:47.298-0300] {dagbag.py:540} INFO - Filling up the DagBag from /home/athlon/projects/airflow/.venv/lib/python3.11/site-packages/airflow/example_dags/example_time_delta_sensor_async.py
[2024-04-26T22:17:47.308-0300] {processor.py:840} INFO - DAG(s) 'example_time_delta_sensor_async' retrieved from /home/athlon/projects/airflow/.venv/lib/python3.11/site-packages/airflow/example_dags/example_time_delta_sensor_async.py
[2024-04-26T22:17:47.335-0300] {logging_mixin.py:188} INFO - [2024-04-26T22:17:47.335-0300] {dag.py:3096} INFO - Sync 1 DAGs
[2024-04-26T22:17:47.353-0300] {logging_mixin.py:188} INFO - [2024-04-26T22:17:47.353-0300] {dag.py:3954} INFO - Setting next_dagrun for example_time_delta_sensor_async to None, run_after=None
[2024-04-26T22:17:47.384-0300] {processor.py:183} INFO - Processing /home/athlon/projects/airflow/.venv/lib/python3.11/site-packages/airflow/example_dags/example_time_delta_sensor_async.py took 0.106 seconds
[2024-04-26T22:18:47.349-0300] {processor.py:161} INFO - Started process (PID=23797) to work on /home/athlon/projects/airflow/.venv/lib/python3.11/site-packages/airflow/example_dags/example_time_delta_sensor_async.py
[2024-04-26T22:18:47.355-0300] {processor.py:830} INFO - Processing file /home/athlon/projects/airflow/.venv/lib/python3.11/site-packages/airflow/example_dags/example_time_delta_sensor_async.py for tasks to queue
[2024-04-26T22:18:47.358-0300] {logging_mixin.py:188} INFO - [2024-04-26T22:18:47.358-0300] {dagbag.py:540} INFO - Filling up the DagBag from /home/athlon/projects/airflow/.venv/lib/python3.11/site-packages/airflow/example_dags/example_time_delta_sensor_async.py
[2024-04-26T22:18:47.367-0300] {processor.py:840} INFO - DAG(s) 'example_time_delta_sensor_async' retrieved from /home/athlon/projects/airflow/.venv/lib/python3.11/site-packages/airflow/example_dags/example_time_delta_sensor_async.py
[2024-04-26T22:18:47.395-0300] {logging_mixin.py:188} INFO - [2024-04-26T22:18:47.395-0300] {dag.py:3096} INFO - Sync 1 DAGs
[2024-04-26T22:18:47.413-0300] {logging_mixin.py:188} INFO - [2024-04-26T22:18:47.413-0300] {dag.py:3954} INFO - Setting next_dagrun for example_time_delta_sensor_async to None, run_after=None
[2024-04-26T22:18:47.444-0300] {processor.py:183} INFO - Processing /home/athlon/projects/airflow/.venv/lib/python3.11/site-packages/airflow/example_dags/example_time_delta_sensor_async.py took 0.106 seconds
[2024-04-26T22:19:44.610-0300] {processor.py:161} INFO - Started process (PID=23861) to work on /home/athlon/projects/airflow/.venv/lib/python3.11/site-packages/airflow/example_dags/example_time_delta_sensor_async.py
[2024-04-26T22:19:44.612-0300] {processor.py:830} INFO - Processing file /home/athlon/projects/airflow/.venv/lib/python3.11/site-packages/airflow/example_dags/example_time_delta_sensor_async.py for tasks to queue
[2024-04-26T22:19:44.615-0300] {logging_mixin.py:188} INFO - [2024-04-26T22:19:44.614-0300] {dagbag.py:540} INFO - Filling up the DagBag from /home/athlon/projects/airflow/.venv/lib/python3.11/site-packages/airflow/example_dags/example_time_delta_sensor_async.py
[2024-04-26T22:19:44.624-0300] {processor.py:840} INFO - DAG(s) 'example_time_delta_sensor_async' retrieved from /home/athlon/projects/airflow/.venv/lib/python3.11/site-packages/airflow/example_dags/example_time_delta_sensor_async.py
[2024-04-26T22:19:44.650-0300] {logging_mixin.py:188} INFO - [2024-04-26T22:19:44.650-0300] {dag.py:3096} INFO - Sync 1 DAGs
[2024-04-26T22:19:44.669-0300] {logging_mixin.py:188} INFO - [2024-04-26T22:19:44.668-0300] {dag.py:3954} INFO - Setting next_dagrun for example_time_delta_sensor_async to None, run_after=None
[2024-04-26T22:19:44.699-0300] {processor.py:183} INFO - Processing /home/athlon/projects/airflow/.venv/lib/python3.11/site-packages/airflow/example_dags/example_time_delta_sensor_async.py took 0.101 seconds
[2024-04-26T22:20:49.982-0300] {processor.py:161} INFO - Started process (PID=24033) to work on /home/athlon/projects/airflow/.venv/lib/python3.11/site-packages/airflow/example_dags/example_time_delta_sensor_async.py
[2024-04-26T22:20:49.984-0300] {processor.py:830} INFO - Processing file /home/athlon/projects/airflow/.venv/lib/python3.11/site-packages/airflow/example_dags/example_time_delta_sensor_async.py for tasks to queue
[2024-04-26T22:20:49.987-0300] {logging_mixin.py:188} INFO - [2024-04-26T22:20:49.986-0300] {dagbag.py:540} INFO - Filling up the DagBag from /home/athlon/projects/airflow/.venv/lib/python3.11/site-packages/airflow/example_dags/example_time_delta_sensor_async.py
[2024-04-26T22:20:49.996-0300] {processor.py:840} INFO - DAG(s) 'example_time_delta_sensor_async' retrieved from /home/athlon/projects/airflow/.venv/lib/python3.11/site-packages/airflow/example_dags/example_time_delta_sensor_async.py
[2024-04-26T22:20:50.021-0300] {logging_mixin.py:188} INFO - [2024-04-26T22:20:50.021-0300] {dag.py:3096} INFO - Sync 1 DAGs
[2024-04-26T22:20:50.039-0300] {logging_mixin.py:188} INFO - [2024-04-26T22:20:50.039-0300] {dag.py:3954} INFO - Setting next_dagrun for example_time_delta_sensor_async to None, run_after=None
[2024-04-26T22:20:50.070-0300] {processor.py:183} INFO - Processing /home/athlon/projects/airflow/.venv/lib/python3.11/site-packages/airflow/example_dags/example_time_delta_sensor_async.py took 0.100 seconds
[2024-04-26T22:21:44.534-0300] {processor.py:161} INFO - Started process (PID=24084) to work on /home/athlon/projects/airflow/.venv/lib/python3.11/site-packages/airflow/example_dags/example_time_delta_sensor_async.py
[2024-04-26T22:21:44.538-0300] {processor.py:830} INFO - Processing file /home/athlon/projects/airflow/.venv/lib/python3.11/site-packages/airflow/example_dags/example_time_delta_sensor_async.py for tasks to queue
[2024-04-26T22:21:44.547-0300] {logging_mixin.py:188} INFO - [2024-04-26T22:21:44.541-0300] {dagbag.py:540} INFO - Filling up the DagBag from /home/athlon/projects/airflow/.venv/lib/python3.11/site-packages/airflow/example_dags/example_time_delta_sensor_async.py
[2024-04-26T22:21:44.577-0300] {processor.py:840} INFO - DAG(s) 'example_time_delta_sensor_async' retrieved from /home/athlon/projects/airflow/.venv/lib/python3.11/site-packages/airflow/example_dags/example_time_delta_sensor_async.py
[2024-04-26T22:21:44.644-0300] {logging_mixin.py:188} INFO - [2024-04-26T22:21:44.643-0300] {dag.py:3096} INFO - Sync 1 DAGs
[2024-04-26T22:21:44.690-0300] {logging_mixin.py:188} INFO - [2024-04-26T22:21:44.689-0300] {dag.py:3954} INFO - Setting next_dagrun for example_time_delta_sensor_async to None, run_after=None
[2024-04-26T22:21:44.751-0300] {processor.py:183} INFO - Processing /home/athlon/projects/airflow/.venv/lib/python3.11/site-packages/airflow/example_dags/example_time_delta_sensor_async.py took 0.236 seconds
