[2024-04-26T21:25:19.417-0300] {processor.py:161} INFO - Started process (PID=17724) to work on /home/athlon/projects/airflow/.venv/lib/python3.11/site-packages/airflow/example_dags/example_trigger_target_dag.py
[2024-04-26T21:25:19.419-0300] {processor.py:830} INFO - Processing file /home/athlon/projects/airflow/.venv/lib/python3.11/site-packages/airflow/example_dags/example_trigger_target_dag.py for tasks to queue
[2024-04-26T21:25:19.423-0300] {logging_mixin.py:188} INFO - [2024-04-26T21:25:19.422-0300] {dagbag.py:540} INFO - Filling up the DagBag from /home/athlon/projects/airflow/.venv/lib/python3.11/site-packages/airflow/example_dags/example_trigger_target_dag.py
[2024-04-26T21:25:19.437-0300] {processor.py:840} INFO - DAG(s) 'example_trigger_target_dag' retrieved from /home/athlon/projects/airflow/.venv/lib/python3.11/site-packages/airflow/example_dags/example_trigger_target_dag.py
[2024-04-26T21:25:19.473-0300] {logging_mixin.py:188} INFO - [2024-04-26T21:25:19.472-0300] {dag.py:3096} INFO - Sync 1 DAGs
[2024-04-26T21:25:19.497-0300] {logging_mixin.py:188} INFO - [2024-04-26T21:25:19.497-0300] {dag.py:3954} INFO - Setting next_dagrun for example_trigger_target_dag to None, run_after=None
[2024-04-26T21:25:19.540-0300] {processor.py:183} INFO - Processing /home/athlon/projects/airflow/.venv/lib/python3.11/site-packages/airflow/example_dags/example_trigger_target_dag.py took 0.133 seconds
[2024-04-26T21:26:17.506-0300] {processor.py:161} INFO - Started process (PID=17865) to work on /home/athlon/projects/airflow/.venv/lib/python3.11/site-packages/airflow/example_dags/example_trigger_target_dag.py
[2024-04-26T21:26:17.512-0300] {processor.py:830} INFO - Processing file /home/athlon/projects/airflow/.venv/lib/python3.11/site-packages/airflow/example_dags/example_trigger_target_dag.py for tasks to queue
[2024-04-26T21:26:17.516-0300] {logging_mixin.py:188} INFO - [2024-04-26T21:26:17.515-0300] {dagbag.py:540} INFO - Filling up the DagBag from /home/athlon/projects/airflow/.venv/lib/python3.11/site-packages/airflow/example_dags/example_trigger_target_dag.py
[2024-04-26T21:26:17.525-0300] {processor.py:840} INFO - DAG(s) 'example_trigger_target_dag' retrieved from /home/athlon/projects/airflow/.venv/lib/python3.11/site-packages/airflow/example_dags/example_trigger_target_dag.py
[2024-04-26T21:26:17.547-0300] {logging_mixin.py:188} INFO - [2024-04-26T21:26:17.547-0300] {dag.py:3096} INFO - Sync 1 DAGs
[2024-04-26T21:26:17.563-0300] {logging_mixin.py:188} INFO - [2024-04-26T21:26:17.563-0300] {dag.py:3954} INFO - Setting next_dagrun for example_trigger_target_dag to None, run_after=None
[2024-04-26T21:26:17.591-0300] {processor.py:183} INFO - Processing /home/athlon/projects/airflow/.venv/lib/python3.11/site-packages/airflow/example_dags/example_trigger_target_dag.py took 0.094 seconds
[2024-04-26T21:27:12.420-0300] {processor.py:161} INFO - Started process (PID=17934) to work on /home/athlon/projects/airflow/.venv/lib/python3.11/site-packages/airflow/example_dags/example_trigger_target_dag.py
[2024-04-26T21:27:12.425-0300] {processor.py:830} INFO - Processing file /home/athlon/projects/airflow/.venv/lib/python3.11/site-packages/airflow/example_dags/example_trigger_target_dag.py for tasks to queue
[2024-04-26T21:27:12.428-0300] {logging_mixin.py:188} INFO - [2024-04-26T21:27:12.427-0300] {dagbag.py:540} INFO - Filling up the DagBag from /home/athlon/projects/airflow/.venv/lib/python3.11/site-packages/airflow/example_dags/example_trigger_target_dag.py
[2024-04-26T21:27:12.438-0300] {processor.py:840} INFO - DAG(s) 'example_trigger_target_dag' retrieved from /home/athlon/projects/airflow/.venv/lib/python3.11/site-packages/airflow/example_dags/example_trigger_target_dag.py
[2024-04-26T21:27:12.460-0300] {logging_mixin.py:188} INFO - [2024-04-26T21:27:12.459-0300] {dag.py:3096} INFO - Sync 1 DAGs
[2024-04-26T21:27:12.476-0300] {logging_mixin.py:188} INFO - [2024-04-26T21:27:12.476-0300] {dag.py:3954} INFO - Setting next_dagrun for example_trigger_target_dag to None, run_after=None
[2024-04-26T21:27:12.505-0300] {processor.py:183} INFO - Processing /home/athlon/projects/airflow/.venv/lib/python3.11/site-packages/airflow/example_dags/example_trigger_target_dag.py took 0.095 seconds
[2024-04-26T21:28:11.368-0300] {processor.py:161} INFO - Started process (PID=18018) to work on /home/athlon/projects/airflow/.venv/lib/python3.11/site-packages/airflow/example_dags/example_trigger_target_dag.py
[2024-04-26T21:28:11.374-0300] {processor.py:830} INFO - Processing file /home/athlon/projects/airflow/.venv/lib/python3.11/site-packages/airflow/example_dags/example_trigger_target_dag.py for tasks to queue
[2024-04-26T21:28:11.376-0300] {logging_mixin.py:188} INFO - [2024-04-26T21:28:11.376-0300] {dagbag.py:540} INFO - Filling up the DagBag from /home/athlon/projects/airflow/.venv/lib/python3.11/site-packages/airflow/example_dags/example_trigger_target_dag.py
[2024-04-26T21:28:11.386-0300] {processor.py:840} INFO - DAG(s) 'example_trigger_target_dag' retrieved from /home/athlon/projects/airflow/.venv/lib/python3.11/site-packages/airflow/example_dags/example_trigger_target_dag.py
[2024-04-26T21:28:11.412-0300] {logging_mixin.py:188} INFO - [2024-04-26T21:28:11.412-0300] {dag.py:3096} INFO - Sync 1 DAGs
[2024-04-26T21:28:11.429-0300] {logging_mixin.py:188} INFO - [2024-04-26T21:28:11.429-0300] {dag.py:3954} INFO - Setting next_dagrun for example_trigger_target_dag to None, run_after=None
[2024-04-26T21:28:11.459-0300] {processor.py:183} INFO - Processing /home/athlon/projects/airflow/.venv/lib/python3.11/site-packages/airflow/example_dags/example_trigger_target_dag.py took 0.099 seconds
[2024-04-26T21:29:07.992-0300] {processor.py:161} INFO - Started process (PID=18584) to work on /home/athlon/projects/airflow/.venv/lib/python3.11/site-packages/airflow/example_dags/example_trigger_target_dag.py
[2024-04-26T21:29:07.995-0300] {processor.py:830} INFO - Processing file /home/athlon/projects/airflow/.venv/lib/python3.11/site-packages/airflow/example_dags/example_trigger_target_dag.py for tasks to queue
[2024-04-26T21:29:08.003-0300] {logging_mixin.py:188} INFO - [2024-04-26T21:29:08.000-0300] {dagbag.py:540} INFO - Filling up the DagBag from /home/athlon/projects/airflow/.venv/lib/python3.11/site-packages/airflow/example_dags/example_trigger_target_dag.py
[2024-04-26T21:29:08.038-0300] {processor.py:840} INFO - DAG(s) 'example_trigger_target_dag' retrieved from /home/athlon/projects/airflow/.venv/lib/python3.11/site-packages/airflow/example_dags/example_trigger_target_dag.py
[2024-04-26T21:29:08.102-0300] {logging_mixin.py:188} INFO - [2024-04-26T21:29:08.101-0300] {dag.py:3096} INFO - Sync 1 DAGs
[2024-04-26T21:29:08.134-0300] {logging_mixin.py:188} INFO - [2024-04-26T21:29:08.134-0300] {dag.py:3954} INFO - Setting next_dagrun for example_trigger_target_dag to None, run_after=None
[2024-04-26T21:29:08.187-0300] {processor.py:183} INFO - Processing /home/athlon/projects/airflow/.venv/lib/python3.11/site-packages/airflow/example_dags/example_trigger_target_dag.py took 0.216 seconds
[2024-04-26T21:30:10.684-0300] {processor.py:161} INFO - Started process (PID=18712) to work on /home/athlon/projects/airflow/.venv/lib/python3.11/site-packages/airflow/example_dags/example_trigger_target_dag.py
[2024-04-26T21:30:10.689-0300] {processor.py:830} INFO - Processing file /home/athlon/projects/airflow/.venv/lib/python3.11/site-packages/airflow/example_dags/example_trigger_target_dag.py for tasks to queue
[2024-04-26T21:30:10.693-0300] {logging_mixin.py:188} INFO - [2024-04-26T21:30:10.692-0300] {dagbag.py:540} INFO - Filling up the DagBag from /home/athlon/projects/airflow/.venv/lib/python3.11/site-packages/airflow/example_dags/example_trigger_target_dag.py
[2024-04-26T21:30:10.704-0300] {processor.py:840} INFO - DAG(s) 'example_trigger_target_dag' retrieved from /home/athlon/projects/airflow/.venv/lib/python3.11/site-packages/airflow/example_dags/example_trigger_target_dag.py
[2024-04-26T21:30:10.729-0300] {logging_mixin.py:188} INFO - [2024-04-26T21:30:10.728-0300] {dag.py:3096} INFO - Sync 1 DAGs
[2024-04-26T21:30:10.894-0300] {logging_mixin.py:188} INFO - [2024-04-26T21:30:10.894-0300] {dag.py:3954} INFO - Setting next_dagrun for example_trigger_target_dag to None, run_after=None
[2024-04-26T21:30:10.926-0300] {processor.py:183} INFO - Processing /home/athlon/projects/airflow/.venv/lib/python3.11/site-packages/airflow/example_dags/example_trigger_target_dag.py took 0.254 seconds
[2024-04-26T21:31:14.135-0300] {processor.py:161} INFO - Started process (PID=18788) to work on /home/athlon/projects/airflow/.venv/lib/python3.11/site-packages/airflow/example_dags/example_trigger_target_dag.py
[2024-04-26T21:31:14.140-0300] {processor.py:830} INFO - Processing file /home/athlon/projects/airflow/.venv/lib/python3.11/site-packages/airflow/example_dags/example_trigger_target_dag.py for tasks to queue
[2024-04-26T21:31:14.143-0300] {logging_mixin.py:188} INFO - [2024-04-26T21:31:14.142-0300] {dagbag.py:540} INFO - Filling up the DagBag from /home/athlon/projects/airflow/.venv/lib/python3.11/site-packages/airflow/example_dags/example_trigger_target_dag.py
[2024-04-26T21:31:14.153-0300] {processor.py:840} INFO - DAG(s) 'example_trigger_target_dag' retrieved from /home/athlon/projects/airflow/.venv/lib/python3.11/site-packages/airflow/example_dags/example_trigger_target_dag.py
[2024-04-26T21:31:14.177-0300] {logging_mixin.py:188} INFO - [2024-04-26T21:31:14.176-0300] {dag.py:3096} INFO - Sync 1 DAGs
[2024-04-26T21:31:14.194-0300] {logging_mixin.py:188} INFO - [2024-04-26T21:31:14.194-0300] {dag.py:3954} INFO - Setting next_dagrun for example_trigger_target_dag to None, run_after=None
[2024-04-26T21:31:14.224-0300] {processor.py:183} INFO - Processing /home/athlon/projects/airflow/.venv/lib/python3.11/site-packages/airflow/example_dags/example_trigger_target_dag.py took 0.099 seconds
[2024-04-26T21:32:14.519-0300] {processor.py:161} INFO - Started process (PID=18850) to work on /home/athlon/projects/airflow/.venv/lib/python3.11/site-packages/airflow/example_dags/example_trigger_target_dag.py
[2024-04-26T21:32:14.525-0300] {processor.py:830} INFO - Processing file /home/athlon/projects/airflow/.venv/lib/python3.11/site-packages/airflow/example_dags/example_trigger_target_dag.py for tasks to queue
[2024-04-26T21:32:14.528-0300] {logging_mixin.py:188} INFO - [2024-04-26T21:32:14.527-0300] {dagbag.py:540} INFO - Filling up the DagBag from /home/athlon/projects/airflow/.venv/lib/python3.11/site-packages/airflow/example_dags/example_trigger_target_dag.py
[2024-04-26T21:32:14.537-0300] {processor.py:840} INFO - DAG(s) 'example_trigger_target_dag' retrieved from /home/athlon/projects/airflow/.venv/lib/python3.11/site-packages/airflow/example_dags/example_trigger_target_dag.py
[2024-04-26T21:32:14.562-0300] {logging_mixin.py:188} INFO - [2024-04-26T21:32:14.561-0300] {dag.py:3096} INFO - Sync 1 DAGs
[2024-04-26T21:32:14.579-0300] {logging_mixin.py:188} INFO - [2024-04-26T21:32:14.578-0300] {dag.py:3954} INFO - Setting next_dagrun for example_trigger_target_dag to None, run_after=None
[2024-04-26T21:32:14.609-0300] {processor.py:183} INFO - Processing /home/athlon/projects/airflow/.venv/lib/python3.11/site-packages/airflow/example_dags/example_trigger_target_dag.py took 0.103 seconds
[2024-04-26T21:33:12.094-0300] {processor.py:161} INFO - Started process (PID=18903) to work on /home/athlon/projects/airflow/.venv/lib/python3.11/site-packages/airflow/example_dags/example_trigger_target_dag.py
[2024-04-26T21:33:12.100-0300] {processor.py:830} INFO - Processing file /home/athlon/projects/airflow/.venv/lib/python3.11/site-packages/airflow/example_dags/example_trigger_target_dag.py for tasks to queue
[2024-04-26T21:33:12.104-0300] {logging_mixin.py:188} INFO - [2024-04-26T21:33:12.103-0300] {dagbag.py:540} INFO - Filling up the DagBag from /home/athlon/projects/airflow/.venv/lib/python3.11/site-packages/airflow/example_dags/example_trigger_target_dag.py
[2024-04-26T21:33:12.114-0300] {processor.py:840} INFO - DAG(s) 'example_trigger_target_dag' retrieved from /home/athlon/projects/airflow/.venv/lib/python3.11/site-packages/airflow/example_dags/example_trigger_target_dag.py
[2024-04-26T21:33:12.137-0300] {logging_mixin.py:188} INFO - [2024-04-26T21:33:12.137-0300] {dag.py:3096} INFO - Sync 1 DAGs
[2024-04-26T21:33:12.154-0300] {logging_mixin.py:188} INFO - [2024-04-26T21:33:12.154-0300] {dag.py:3954} INFO - Setting next_dagrun for example_trigger_target_dag to None, run_after=None
[2024-04-26T21:33:12.184-0300] {processor.py:183} INFO - Processing /home/athlon/projects/airflow/.venv/lib/python3.11/site-packages/airflow/example_dags/example_trigger_target_dag.py took 0.100 seconds
[2024-04-26T21:34:13.616-0300] {processor.py:161} INFO - Started process (PID=19141) to work on /home/athlon/projects/airflow/.venv/lib/python3.11/site-packages/airflow/example_dags/example_trigger_target_dag.py
[2024-04-26T21:34:13.622-0300] {processor.py:830} INFO - Processing file /home/athlon/projects/airflow/.venv/lib/python3.11/site-packages/airflow/example_dags/example_trigger_target_dag.py for tasks to queue
[2024-04-26T21:34:13.625-0300] {logging_mixin.py:188} INFO - [2024-04-26T21:34:13.625-0300] {dagbag.py:540} INFO - Filling up the DagBag from /home/athlon/projects/airflow/.venv/lib/python3.11/site-packages/airflow/example_dags/example_trigger_target_dag.py
[2024-04-26T21:34:13.635-0300] {processor.py:840} INFO - DAG(s) 'example_trigger_target_dag' retrieved from /home/athlon/projects/airflow/.venv/lib/python3.11/site-packages/airflow/example_dags/example_trigger_target_dag.py
[2024-04-26T21:34:13.660-0300] {logging_mixin.py:188} INFO - [2024-04-26T21:34:13.659-0300] {dag.py:3096} INFO - Sync 1 DAGs
[2024-04-26T21:34:13.677-0300] {logging_mixin.py:188} INFO - [2024-04-26T21:34:13.676-0300] {dag.py:3954} INFO - Setting next_dagrun for example_trigger_target_dag to None, run_after=None
[2024-04-26T21:34:13.707-0300] {processor.py:183} INFO - Processing /home/athlon/projects/airflow/.venv/lib/python3.11/site-packages/airflow/example_dags/example_trigger_target_dag.py took 0.102 seconds
[2024-04-26T21:35:32.731-0300] {processor.py:161} INFO - Started process (PID=19220) to work on /home/athlon/projects/airflow/.venv/lib/python3.11/site-packages/airflow/example_dags/example_trigger_target_dag.py
[2024-04-26T21:35:32.737-0300] {processor.py:830} INFO - Processing file /home/athlon/projects/airflow/.venv/lib/python3.11/site-packages/airflow/example_dags/example_trigger_target_dag.py for tasks to queue
[2024-04-26T21:35:32.740-0300] {logging_mixin.py:188} INFO - [2024-04-26T21:35:32.740-0300] {dagbag.py:540} INFO - Filling up the DagBag from /home/athlon/projects/airflow/.venv/lib/python3.11/site-packages/airflow/example_dags/example_trigger_target_dag.py
[2024-04-26T21:35:32.750-0300] {processor.py:840} INFO - DAG(s) 'example_trigger_target_dag' retrieved from /home/athlon/projects/airflow/.venv/lib/python3.11/site-packages/airflow/example_dags/example_trigger_target_dag.py
[2024-04-26T21:35:32.773-0300] {logging_mixin.py:188} INFO - [2024-04-26T21:35:32.773-0300] {dag.py:3096} INFO - Sync 1 DAGs
[2024-04-26T21:35:32.790-0300] {logging_mixin.py:188} INFO - [2024-04-26T21:35:32.790-0300] {dag.py:3954} INFO - Setting next_dagrun for example_trigger_target_dag to None, run_after=None
[2024-04-26T21:35:32.819-0300] {processor.py:183} INFO - Processing /home/athlon/projects/airflow/.venv/lib/python3.11/site-packages/airflow/example_dags/example_trigger_target_dag.py took 0.098 seconds
[2024-04-26T21:36:31.314-0300] {processor.py:161} INFO - Started process (PID=19286) to work on /home/athlon/projects/airflow/.venv/lib/python3.11/site-packages/airflow/example_dags/example_trigger_target_dag.py
[2024-04-26T21:36:31.320-0300] {processor.py:830} INFO - Processing file /home/athlon/projects/airflow/.venv/lib/python3.11/site-packages/airflow/example_dags/example_trigger_target_dag.py for tasks to queue
[2024-04-26T21:36:31.323-0300] {logging_mixin.py:188} INFO - [2024-04-26T21:36:31.322-0300] {dagbag.py:540} INFO - Filling up the DagBag from /home/athlon/projects/airflow/.venv/lib/python3.11/site-packages/airflow/example_dags/example_trigger_target_dag.py
[2024-04-26T21:36:31.333-0300] {processor.py:840} INFO - DAG(s) 'example_trigger_target_dag' retrieved from /home/athlon/projects/airflow/.venv/lib/python3.11/site-packages/airflow/example_dags/example_trigger_target_dag.py
[2024-04-26T21:36:31.356-0300] {logging_mixin.py:188} INFO - [2024-04-26T21:36:31.356-0300] {dag.py:3096} INFO - Sync 1 DAGs
[2024-04-26T21:36:31.373-0300] {logging_mixin.py:188} INFO - [2024-04-26T21:36:31.372-0300] {dag.py:3954} INFO - Setting next_dagrun for example_trigger_target_dag to None, run_after=None
[2024-04-26T21:36:31.402-0300] {processor.py:183} INFO - Processing /home/athlon/projects/airflow/.venv/lib/python3.11/site-packages/airflow/example_dags/example_trigger_target_dag.py took 0.098 seconds
[2024-04-26T21:37:30.138-0300] {processor.py:161} INFO - Started process (PID=19352) to work on /home/athlon/projects/airflow/.venv/lib/python3.11/site-packages/airflow/example_dags/example_trigger_target_dag.py
[2024-04-26T21:37:30.144-0300] {processor.py:830} INFO - Processing file /home/athlon/projects/airflow/.venv/lib/python3.11/site-packages/airflow/example_dags/example_trigger_target_dag.py for tasks to queue
[2024-04-26T21:37:30.146-0300] {logging_mixin.py:188} INFO - [2024-04-26T21:37:30.146-0300] {dagbag.py:540} INFO - Filling up the DagBag from /home/athlon/projects/airflow/.venv/lib/python3.11/site-packages/airflow/example_dags/example_trigger_target_dag.py
[2024-04-26T21:37:30.157-0300] {processor.py:840} INFO - DAG(s) 'example_trigger_target_dag' retrieved from /home/athlon/projects/airflow/.venv/lib/python3.11/site-packages/airflow/example_dags/example_trigger_target_dag.py
[2024-04-26T21:37:30.181-0300] {logging_mixin.py:188} INFO - [2024-04-26T21:37:30.180-0300] {dag.py:3096} INFO - Sync 1 DAGs
[2024-04-26T21:37:30.198-0300] {logging_mixin.py:188} INFO - [2024-04-26T21:37:30.197-0300] {dag.py:3954} INFO - Setting next_dagrun for example_trigger_target_dag to None, run_after=None
[2024-04-26T21:37:30.227-0300] {processor.py:183} INFO - Processing /home/athlon/projects/airflow/.venv/lib/python3.11/site-packages/airflow/example_dags/example_trigger_target_dag.py took 0.100 seconds
[2024-04-26T21:38:28.842-0300] {processor.py:161} INFO - Started process (PID=19419) to work on /home/athlon/projects/airflow/.venv/lib/python3.11/site-packages/airflow/example_dags/example_trigger_target_dag.py
[2024-04-26T21:38:28.848-0300] {processor.py:830} INFO - Processing file /home/athlon/projects/airflow/.venv/lib/python3.11/site-packages/airflow/example_dags/example_trigger_target_dag.py for tasks to queue
[2024-04-26T21:38:28.850-0300] {logging_mixin.py:188} INFO - [2024-04-26T21:38:28.850-0300] {dagbag.py:540} INFO - Filling up the DagBag from /home/athlon/projects/airflow/.venv/lib/python3.11/site-packages/airflow/example_dags/example_trigger_target_dag.py
[2024-04-26T21:38:28.861-0300] {processor.py:840} INFO - DAG(s) 'example_trigger_target_dag' retrieved from /home/athlon/projects/airflow/.venv/lib/python3.11/site-packages/airflow/example_dags/example_trigger_target_dag.py
[2024-04-26T21:38:28.884-0300] {logging_mixin.py:188} INFO - [2024-04-26T21:38:28.884-0300] {dag.py:3096} INFO - Sync 1 DAGs
[2024-04-26T21:38:28.901-0300] {logging_mixin.py:188} INFO - [2024-04-26T21:38:28.901-0300] {dag.py:3954} INFO - Setting next_dagrun for example_trigger_target_dag to None, run_after=None
[2024-04-26T21:38:28.932-0300] {processor.py:183} INFO - Processing /home/athlon/projects/airflow/.venv/lib/python3.11/site-packages/airflow/example_dags/example_trigger_target_dag.py took 0.101 seconds
[2024-04-26T21:39:28.053-0300] {processor.py:161} INFO - Started process (PID=19520) to work on /home/athlon/projects/airflow/.venv/lib/python3.11/site-packages/airflow/example_dags/example_trigger_target_dag.py
[2024-04-26T21:39:28.059-0300] {processor.py:830} INFO - Processing file /home/athlon/projects/airflow/.venv/lib/python3.11/site-packages/airflow/example_dags/example_trigger_target_dag.py for tasks to queue
[2024-04-26T21:39:28.061-0300] {logging_mixin.py:188} INFO - [2024-04-26T21:39:28.061-0300] {dagbag.py:540} INFO - Filling up the DagBag from /home/athlon/projects/airflow/.venv/lib/python3.11/site-packages/airflow/example_dags/example_trigger_target_dag.py
[2024-04-26T21:39:28.072-0300] {processor.py:840} INFO - DAG(s) 'example_trigger_target_dag' retrieved from /home/athlon/projects/airflow/.venv/lib/python3.11/site-packages/airflow/example_dags/example_trigger_target_dag.py
[2024-04-26T21:39:28.096-0300] {logging_mixin.py:188} INFO - [2024-04-26T21:39:28.095-0300] {dag.py:3096} INFO - Sync 1 DAGs
[2024-04-26T21:39:28.118-0300] {logging_mixin.py:188} INFO - [2024-04-26T21:39:28.117-0300] {dag.py:3954} INFO - Setting next_dagrun for example_trigger_target_dag to None, run_after=None
[2024-04-26T21:39:28.153-0300] {processor.py:183} INFO - Processing /home/athlon/projects/airflow/.venv/lib/python3.11/site-packages/airflow/example_dags/example_trigger_target_dag.py took 0.111 seconds
[2024-04-26T21:40:29.805-0300] {processor.py:161} INFO - Started process (PID=19659) to work on /home/athlon/projects/airflow/.venv/lib/python3.11/site-packages/airflow/example_dags/example_trigger_target_dag.py
[2024-04-26T21:40:29.811-0300] {processor.py:830} INFO - Processing file /home/athlon/projects/airflow/.venv/lib/python3.11/site-packages/airflow/example_dags/example_trigger_target_dag.py for tasks to queue
[2024-04-26T21:40:29.813-0300] {logging_mixin.py:188} INFO - [2024-04-26T21:40:29.813-0300] {dagbag.py:540} INFO - Filling up the DagBag from /home/athlon/projects/airflow/.venv/lib/python3.11/site-packages/airflow/example_dags/example_trigger_target_dag.py
[2024-04-26T21:40:29.824-0300] {processor.py:840} INFO - DAG(s) 'example_trigger_target_dag' retrieved from /home/athlon/projects/airflow/.venv/lib/python3.11/site-packages/airflow/example_dags/example_trigger_target_dag.py
[2024-04-26T21:40:29.848-0300] {logging_mixin.py:188} INFO - [2024-04-26T21:40:29.848-0300] {dag.py:3096} INFO - Sync 1 DAGs
[2024-04-26T21:40:29.865-0300] {logging_mixin.py:188} INFO - [2024-04-26T21:40:29.865-0300] {dag.py:3954} INFO - Setting next_dagrun for example_trigger_target_dag to None, run_after=None
[2024-04-26T21:40:29.894-0300] {processor.py:183} INFO - Processing /home/athlon/projects/airflow/.venv/lib/python3.11/site-packages/airflow/example_dags/example_trigger_target_dag.py took 0.100 seconds
[2024-04-26T21:41:26.935-0300] {processor.py:161} INFO - Started process (PID=19758) to work on /home/athlon/projects/airflow/.venv/lib/python3.11/site-packages/airflow/example_dags/example_trigger_target_dag.py
[2024-04-26T21:41:26.941-0300] {processor.py:830} INFO - Processing file /home/athlon/projects/airflow/.venv/lib/python3.11/site-packages/airflow/example_dags/example_trigger_target_dag.py for tasks to queue
[2024-04-26T21:41:26.943-0300] {logging_mixin.py:188} INFO - [2024-04-26T21:41:26.942-0300] {dagbag.py:540} INFO - Filling up the DagBag from /home/athlon/projects/airflow/.venv/lib/python3.11/site-packages/airflow/example_dags/example_trigger_target_dag.py
[2024-04-26T21:41:26.952-0300] {processor.py:840} INFO - DAG(s) 'example_trigger_target_dag' retrieved from /home/athlon/projects/airflow/.venv/lib/python3.11/site-packages/airflow/example_dags/example_trigger_target_dag.py
[2024-04-26T21:41:26.974-0300] {logging_mixin.py:188} INFO - [2024-04-26T21:41:26.974-0300] {dag.py:3096} INFO - Sync 1 DAGs
[2024-04-26T21:41:26.992-0300] {logging_mixin.py:188} INFO - [2024-04-26T21:41:26.992-0300] {dag.py:3954} INFO - Setting next_dagrun for example_trigger_target_dag to None, run_after=None
[2024-04-26T21:41:27.025-0300] {processor.py:183} INFO - Processing /home/athlon/projects/airflow/.venv/lib/python3.11/site-packages/airflow/example_dags/example_trigger_target_dag.py took 0.098 seconds
[2024-04-26T21:42:24.454-0300] {processor.py:161} INFO - Started process (PID=19829) to work on /home/athlon/projects/airflow/.venv/lib/python3.11/site-packages/airflow/example_dags/example_trigger_target_dag.py
[2024-04-26T21:42:24.460-0300] {processor.py:830} INFO - Processing file /home/athlon/projects/airflow/.venv/lib/python3.11/site-packages/airflow/example_dags/example_trigger_target_dag.py for tasks to queue
[2024-04-26T21:42:24.463-0300] {logging_mixin.py:188} INFO - [2024-04-26T21:42:24.462-0300] {dagbag.py:540} INFO - Filling up the DagBag from /home/athlon/projects/airflow/.venv/lib/python3.11/site-packages/airflow/example_dags/example_trigger_target_dag.py
[2024-04-26T21:42:24.474-0300] {processor.py:840} INFO - DAG(s) 'example_trigger_target_dag' retrieved from /home/athlon/projects/airflow/.venv/lib/python3.11/site-packages/airflow/example_dags/example_trigger_target_dag.py
[2024-04-26T21:42:24.497-0300] {logging_mixin.py:188} INFO - [2024-04-26T21:42:24.497-0300] {dag.py:3096} INFO - Sync 1 DAGs
[2024-04-26T21:42:24.514-0300] {logging_mixin.py:188} INFO - [2024-04-26T21:42:24.514-0300] {dag.py:3954} INFO - Setting next_dagrun for example_trigger_target_dag to None, run_after=None
[2024-04-26T21:42:24.544-0300] {processor.py:183} INFO - Processing /home/athlon/projects/airflow/.venv/lib/python3.11/site-packages/airflow/example_dags/example_trigger_target_dag.py took 0.100 seconds
[2024-04-26T21:43:26.622-0300] {processor.py:161} INFO - Started process (PID=19898) to work on /home/athlon/projects/airflow/.venv/lib/python3.11/site-packages/airflow/example_dags/example_trigger_target_dag.py
[2024-04-26T21:43:26.628-0300] {processor.py:830} INFO - Processing file /home/athlon/projects/airflow/.venv/lib/python3.11/site-packages/airflow/example_dags/example_trigger_target_dag.py for tasks to queue
[2024-04-26T21:43:26.630-0300] {logging_mixin.py:188} INFO - [2024-04-26T21:43:26.630-0300] {dagbag.py:540} INFO - Filling up the DagBag from /home/athlon/projects/airflow/.venv/lib/python3.11/site-packages/airflow/example_dags/example_trigger_target_dag.py
[2024-04-26T21:43:26.642-0300] {processor.py:840} INFO - DAG(s) 'example_trigger_target_dag' retrieved from /home/athlon/projects/airflow/.venv/lib/python3.11/site-packages/airflow/example_dags/example_trigger_target_dag.py
[2024-04-26T21:43:26.666-0300] {logging_mixin.py:188} INFO - [2024-04-26T21:43:26.665-0300] {dag.py:3096} INFO - Sync 1 DAGs
[2024-04-26T21:43:26.683-0300] {logging_mixin.py:188} INFO - [2024-04-26T21:43:26.683-0300] {dag.py:3954} INFO - Setting next_dagrun for example_trigger_target_dag to None, run_after=None
[2024-04-26T21:43:26.713-0300] {processor.py:183} INFO - Processing /home/athlon/projects/airflow/.venv/lib/python3.11/site-packages/airflow/example_dags/example_trigger_target_dag.py took 0.102 seconds
[2024-04-26T21:44:20.458-0300] {processor.py:161} INFO - Started process (PID=19965) to work on /home/athlon/projects/airflow/.venv/lib/python3.11/site-packages/airflow/example_dags/example_trigger_target_dag.py
[2024-04-26T21:44:20.464-0300] {processor.py:830} INFO - Processing file /home/athlon/projects/airflow/.venv/lib/python3.11/site-packages/airflow/example_dags/example_trigger_target_dag.py for tasks to queue
[2024-04-26T21:44:20.467-0300] {logging_mixin.py:188} INFO - [2024-04-26T21:44:20.466-0300] {dagbag.py:540} INFO - Filling up the DagBag from /home/athlon/projects/airflow/.venv/lib/python3.11/site-packages/airflow/example_dags/example_trigger_target_dag.py
[2024-04-26T21:44:20.478-0300] {processor.py:840} INFO - DAG(s) 'example_trigger_target_dag' retrieved from /home/athlon/projects/airflow/.venv/lib/python3.11/site-packages/airflow/example_dags/example_trigger_target_dag.py
[2024-04-26T21:44:20.501-0300] {logging_mixin.py:188} INFO - [2024-04-26T21:44:20.501-0300] {dag.py:3096} INFO - Sync 1 DAGs
[2024-04-26T21:44:20.519-0300] {logging_mixin.py:188} INFO - [2024-04-26T21:44:20.519-0300] {dag.py:3954} INFO - Setting next_dagrun for example_trigger_target_dag to None, run_after=None
[2024-04-26T21:44:20.550-0300] {processor.py:183} INFO - Processing /home/athlon/projects/airflow/.venv/lib/python3.11/site-packages/airflow/example_dags/example_trigger_target_dag.py took 0.103 seconds
[2024-04-26T21:45:13.110-0300] {processor.py:161} INFO - Started process (PID=20028) to work on /home/athlon/projects/airflow/.venv/lib/python3.11/site-packages/airflow/example_dags/example_trigger_target_dag.py
[2024-04-26T21:45:13.112-0300] {processor.py:830} INFO - Processing file /home/athlon/projects/airflow/.venv/lib/python3.11/site-packages/airflow/example_dags/example_trigger_target_dag.py for tasks to queue
[2024-04-26T21:45:13.114-0300] {logging_mixin.py:188} INFO - [2024-04-26T21:45:13.113-0300] {dagbag.py:540} INFO - Filling up the DagBag from /home/athlon/projects/airflow/.venv/lib/python3.11/site-packages/airflow/example_dags/example_trigger_target_dag.py
[2024-04-26T21:45:13.124-0300] {processor.py:840} INFO - DAG(s) 'example_trigger_target_dag' retrieved from /home/athlon/projects/airflow/.venv/lib/python3.11/site-packages/airflow/example_dags/example_trigger_target_dag.py
[2024-04-26T21:45:13.145-0300] {logging_mixin.py:188} INFO - [2024-04-26T21:45:13.145-0300] {dag.py:3096} INFO - Sync 1 DAGs
[2024-04-26T21:45:13.166-0300] {logging_mixin.py:188} INFO - [2024-04-26T21:45:13.166-0300] {dag.py:3954} INFO - Setting next_dagrun for example_trigger_target_dag to None, run_after=None
[2024-04-26T21:45:13.197-0300] {processor.py:183} INFO - Processing /home/athlon/projects/airflow/.venv/lib/python3.11/site-packages/airflow/example_dags/example_trigger_target_dag.py took 0.096 seconds
[2024-04-26T21:46:10.767-0300] {processor.py:161} INFO - Started process (PID=20091) to work on /home/athlon/projects/airflow/.venv/lib/python3.11/site-packages/airflow/example_dags/example_trigger_target_dag.py
[2024-04-26T21:46:10.778-0300] {processor.py:830} INFO - Processing file /home/athlon/projects/airflow/.venv/lib/python3.11/site-packages/airflow/example_dags/example_trigger_target_dag.py for tasks to queue
[2024-04-26T21:46:10.782-0300] {logging_mixin.py:188} INFO - [2024-04-26T21:46:10.781-0300] {dagbag.py:540} INFO - Filling up the DagBag from /home/athlon/projects/airflow/.venv/lib/python3.11/site-packages/airflow/example_dags/example_trigger_target_dag.py
[2024-04-26T21:46:10.797-0300] {processor.py:840} INFO - DAG(s) 'example_trigger_target_dag' retrieved from /home/athlon/projects/airflow/.venv/lib/python3.11/site-packages/airflow/example_dags/example_trigger_target_dag.py
[2024-04-26T21:46:10.833-0300] {logging_mixin.py:188} INFO - [2024-04-26T21:46:10.833-0300] {dag.py:3096} INFO - Sync 1 DAGs
[2024-04-26T21:46:10.866-0300] {logging_mixin.py:188} INFO - [2024-04-26T21:46:10.865-0300] {dag.py:3954} INFO - Setting next_dagrun for example_trigger_target_dag to None, run_after=None
[2024-04-26T21:46:10.925-0300] {processor.py:183} INFO - Processing /home/athlon/projects/airflow/.venv/lib/python3.11/site-packages/airflow/example_dags/example_trigger_target_dag.py took 0.168 seconds
[2024-04-26T21:47:08.997-0300] {processor.py:161} INFO - Started process (PID=20154) to work on /home/athlon/projects/airflow/.venv/lib/python3.11/site-packages/airflow/example_dags/example_trigger_target_dag.py
[2024-04-26T21:47:09.003-0300] {processor.py:830} INFO - Processing file /home/athlon/projects/airflow/.venv/lib/python3.11/site-packages/airflow/example_dags/example_trigger_target_dag.py for tasks to queue
[2024-04-26T21:47:09.006-0300] {logging_mixin.py:188} INFO - [2024-04-26T21:47:09.005-0300] {dagbag.py:540} INFO - Filling up the DagBag from /home/athlon/projects/airflow/.venv/lib/python3.11/site-packages/airflow/example_dags/example_trigger_target_dag.py
[2024-04-26T21:47:09.018-0300] {processor.py:840} INFO - DAG(s) 'example_trigger_target_dag' retrieved from /home/athlon/projects/airflow/.venv/lib/python3.11/site-packages/airflow/example_dags/example_trigger_target_dag.py
[2024-04-26T21:47:09.041-0300] {logging_mixin.py:188} INFO - [2024-04-26T21:47:09.040-0300] {dag.py:3096} INFO - Sync 1 DAGs
[2024-04-26T21:47:09.058-0300] {logging_mixin.py:188} INFO - [2024-04-26T21:47:09.058-0300] {dag.py:3954} INFO - Setting next_dagrun for example_trigger_target_dag to None, run_after=None
[2024-04-26T21:47:09.088-0300] {processor.py:183} INFO - Processing /home/athlon/projects/airflow/.venv/lib/python3.11/site-packages/airflow/example_dags/example_trigger_target_dag.py took 0.101 seconds
[2024-04-26T21:48:06.367-0300] {processor.py:161} INFO - Started process (PID=20220) to work on /home/athlon/projects/airflow/.venv/lib/python3.11/site-packages/airflow/example_dags/example_trigger_target_dag.py
[2024-04-26T21:48:06.373-0300] {processor.py:830} INFO - Processing file /home/athlon/projects/airflow/.venv/lib/python3.11/site-packages/airflow/example_dags/example_trigger_target_dag.py for tasks to queue
[2024-04-26T21:48:06.375-0300] {logging_mixin.py:188} INFO - [2024-04-26T21:48:06.375-0300] {dagbag.py:540} INFO - Filling up the DagBag from /home/athlon/projects/airflow/.venv/lib/python3.11/site-packages/airflow/example_dags/example_trigger_target_dag.py
[2024-04-26T21:48:06.386-0300] {processor.py:840} INFO - DAG(s) 'example_trigger_target_dag' retrieved from /home/athlon/projects/airflow/.venv/lib/python3.11/site-packages/airflow/example_dags/example_trigger_target_dag.py
[2024-04-26T21:48:06.413-0300] {logging_mixin.py:188} INFO - [2024-04-26T21:48:06.412-0300] {dag.py:3096} INFO - Sync 1 DAGs
[2024-04-26T21:48:06.431-0300] {logging_mixin.py:188} INFO - [2024-04-26T21:48:06.430-0300] {dag.py:3954} INFO - Setting next_dagrun for example_trigger_target_dag to None, run_after=None
[2024-04-26T21:48:06.460-0300] {processor.py:183} INFO - Processing /home/athlon/projects/airflow/.venv/lib/python3.11/site-packages/airflow/example_dags/example_trigger_target_dag.py took 0.104 seconds
[2024-04-26T21:49:01.452-0300] {processor.py:161} INFO - Started process (PID=20284) to work on /home/athlon/projects/airflow/.venv/lib/python3.11/site-packages/airflow/example_dags/example_trigger_target_dag.py
[2024-04-26T21:49:01.458-0300] {processor.py:830} INFO - Processing file /home/athlon/projects/airflow/.venv/lib/python3.11/site-packages/airflow/example_dags/example_trigger_target_dag.py for tasks to queue
[2024-04-26T21:49:01.460-0300] {logging_mixin.py:188} INFO - [2024-04-26T21:49:01.460-0300] {dagbag.py:540} INFO - Filling up the DagBag from /home/athlon/projects/airflow/.venv/lib/python3.11/site-packages/airflow/example_dags/example_trigger_target_dag.py
[2024-04-26T21:49:01.473-0300] {processor.py:840} INFO - DAG(s) 'example_trigger_target_dag' retrieved from /home/athlon/projects/airflow/.venv/lib/python3.11/site-packages/airflow/example_dags/example_trigger_target_dag.py
[2024-04-26T21:49:01.495-0300] {logging_mixin.py:188} INFO - [2024-04-26T21:49:01.495-0300] {dag.py:3096} INFO - Sync 1 DAGs
[2024-04-26T21:49:01.516-0300] {logging_mixin.py:188} INFO - [2024-04-26T21:49:01.516-0300] {dag.py:3954} INFO - Setting next_dagrun for example_trigger_target_dag to None, run_after=None
[2024-04-26T21:49:01.547-0300] {processor.py:183} INFO - Processing /home/athlon/projects/airflow/.venv/lib/python3.11/site-packages/airflow/example_dags/example_trigger_target_dag.py took 0.105 seconds
[2024-04-26T21:49:55.365-0300] {processor.py:161} INFO - Started process (PID=20348) to work on /home/athlon/projects/airflow/.venv/lib/python3.11/site-packages/airflow/example_dags/example_trigger_target_dag.py
[2024-04-26T21:49:55.371-0300] {processor.py:830} INFO - Processing file /home/athlon/projects/airflow/.venv/lib/python3.11/site-packages/airflow/example_dags/example_trigger_target_dag.py for tasks to queue
[2024-04-26T21:49:55.374-0300] {logging_mixin.py:188} INFO - [2024-04-26T21:49:55.373-0300] {dagbag.py:540} INFO - Filling up the DagBag from /home/athlon/projects/airflow/.venv/lib/python3.11/site-packages/airflow/example_dags/example_trigger_target_dag.py
[2024-04-26T21:49:55.385-0300] {processor.py:840} INFO - DAG(s) 'example_trigger_target_dag' retrieved from /home/athlon/projects/airflow/.venv/lib/python3.11/site-packages/airflow/example_dags/example_trigger_target_dag.py
[2024-04-26T21:49:55.408-0300] {logging_mixin.py:188} INFO - [2024-04-26T21:49:55.408-0300] {dag.py:3096} INFO - Sync 1 DAGs
[2024-04-26T21:49:55.426-0300] {logging_mixin.py:188} INFO - [2024-04-26T21:49:55.426-0300] {dag.py:3954} INFO - Setting next_dagrun for example_trigger_target_dag to None, run_after=None
[2024-04-26T21:49:55.456-0300] {processor.py:183} INFO - Processing /home/athlon/projects/airflow/.venv/lib/python3.11/site-packages/airflow/example_dags/example_trigger_target_dag.py took 0.102 seconds
[2024-04-26T21:50:53.251-0300] {processor.py:161} INFO - Started process (PID=20426) to work on /home/athlon/projects/airflow/.venv/lib/python3.11/site-packages/airflow/example_dags/example_trigger_target_dag.py
[2024-04-26T21:50:53.252-0300] {processor.py:830} INFO - Processing file /home/athlon/projects/airflow/.venv/lib/python3.11/site-packages/airflow/example_dags/example_trigger_target_dag.py for tasks to queue
[2024-04-26T21:50:53.255-0300] {logging_mixin.py:188} INFO - [2024-04-26T21:50:53.255-0300] {dagbag.py:540} INFO - Filling up the DagBag from /home/athlon/projects/airflow/.venv/lib/python3.11/site-packages/airflow/example_dags/example_trigger_target_dag.py
[2024-04-26T21:50:53.267-0300] {processor.py:840} INFO - DAG(s) 'example_trigger_target_dag' retrieved from /home/athlon/projects/airflow/.venv/lib/python3.11/site-packages/airflow/example_dags/example_trigger_target_dag.py
[2024-04-26T21:50:53.290-0300] {logging_mixin.py:188} INFO - [2024-04-26T21:50:53.289-0300] {dag.py:3096} INFO - Sync 1 DAGs
[2024-04-26T21:50:53.308-0300] {logging_mixin.py:188} INFO - [2024-04-26T21:50:53.307-0300] {dag.py:3954} INFO - Setting next_dagrun for example_trigger_target_dag to None, run_after=None
[2024-04-26T21:50:53.337-0300] {processor.py:183} INFO - Processing /home/athlon/projects/airflow/.venv/lib/python3.11/site-packages/airflow/example_dags/example_trigger_target_dag.py took 0.097 seconds
[2024-04-26T21:51:49.154-0300] {processor.py:161} INFO - Started process (PID=20489) to work on /home/athlon/projects/airflow/.venv/lib/python3.11/site-packages/airflow/example_dags/example_trigger_target_dag.py
[2024-04-26T21:51:49.160-0300] {processor.py:830} INFO - Processing file /home/athlon/projects/airflow/.venv/lib/python3.11/site-packages/airflow/example_dags/example_trigger_target_dag.py for tasks to queue
[2024-04-26T21:51:49.163-0300] {logging_mixin.py:188} INFO - [2024-04-26T21:51:49.162-0300] {dagbag.py:540} INFO - Filling up the DagBag from /home/athlon/projects/airflow/.venv/lib/python3.11/site-packages/airflow/example_dags/example_trigger_target_dag.py
[2024-04-26T21:51:49.174-0300] {processor.py:840} INFO - DAG(s) 'example_trigger_target_dag' retrieved from /home/athlon/projects/airflow/.venv/lib/python3.11/site-packages/airflow/example_dags/example_trigger_target_dag.py
[2024-04-26T21:51:49.202-0300] {logging_mixin.py:188} INFO - [2024-04-26T21:51:49.201-0300] {dag.py:3096} INFO - Sync 1 DAGs
[2024-04-26T21:51:49.221-0300] {logging_mixin.py:188} INFO - [2024-04-26T21:51:49.221-0300] {dag.py:3954} INFO - Setting next_dagrun for example_trigger_target_dag to None, run_after=None
[2024-04-26T21:51:49.253-0300] {processor.py:183} INFO - Processing /home/athlon/projects/airflow/.venv/lib/python3.11/site-packages/airflow/example_dags/example_trigger_target_dag.py took 0.110 seconds
[2024-04-26T21:52:45.556-0300] {processor.py:161} INFO - Started process (PID=20665) to work on /home/athlon/projects/airflow/.venv/lib/python3.11/site-packages/airflow/example_dags/example_trigger_target_dag.py
[2024-04-26T21:52:45.562-0300] {processor.py:830} INFO - Processing file /home/athlon/projects/airflow/.venv/lib/python3.11/site-packages/airflow/example_dags/example_trigger_target_dag.py for tasks to queue
[2024-04-26T21:52:45.565-0300] {logging_mixin.py:188} INFO - [2024-04-26T21:52:45.565-0300] {dagbag.py:540} INFO - Filling up the DagBag from /home/athlon/projects/airflow/.venv/lib/python3.11/site-packages/airflow/example_dags/example_trigger_target_dag.py
[2024-04-26T21:52:45.577-0300] {processor.py:840} INFO - DAG(s) 'example_trigger_target_dag' retrieved from /home/athlon/projects/airflow/.venv/lib/python3.11/site-packages/airflow/example_dags/example_trigger_target_dag.py
[2024-04-26T21:52:45.601-0300] {logging_mixin.py:188} INFO - [2024-04-26T21:52:45.601-0300] {dag.py:3096} INFO - Sync 1 DAGs
[2024-04-26T21:52:45.619-0300] {logging_mixin.py:188} INFO - [2024-04-26T21:52:45.619-0300] {dag.py:3954} INFO - Setting next_dagrun for example_trigger_target_dag to None, run_after=None
[2024-04-26T21:52:45.652-0300] {processor.py:183} INFO - Processing /home/athlon/projects/airflow/.venv/lib/python3.11/site-packages/airflow/example_dags/example_trigger_target_dag.py took 0.106 seconds
[2024-04-26T21:53:42.840-0300] {processor.py:161} INFO - Started process (PID=20729) to work on /home/athlon/projects/airflow/.venv/lib/python3.11/site-packages/airflow/example_dags/example_trigger_target_dag.py
[2024-04-26T21:53:42.846-0300] {processor.py:830} INFO - Processing file /home/athlon/projects/airflow/.venv/lib/python3.11/site-packages/airflow/example_dags/example_trigger_target_dag.py for tasks to queue
[2024-04-26T21:53:42.849-0300] {logging_mixin.py:188} INFO - [2024-04-26T21:53:42.848-0300] {dagbag.py:540} INFO - Filling up the DagBag from /home/athlon/projects/airflow/.venv/lib/python3.11/site-packages/airflow/example_dags/example_trigger_target_dag.py
[2024-04-26T21:53:42.861-0300] {processor.py:840} INFO - DAG(s) 'example_trigger_target_dag' retrieved from /home/athlon/projects/airflow/.venv/lib/python3.11/site-packages/airflow/example_dags/example_trigger_target_dag.py
[2024-04-26T21:53:42.885-0300] {logging_mixin.py:188} INFO - [2024-04-26T21:53:42.885-0300] {dag.py:3096} INFO - Sync 1 DAGs
[2024-04-26T21:53:42.903-0300] {logging_mixin.py:188} INFO - [2024-04-26T21:53:42.903-0300] {dag.py:3954} INFO - Setting next_dagrun for example_trigger_target_dag to None, run_after=None
[2024-04-26T21:53:42.934-0300] {processor.py:183} INFO - Processing /home/athlon/projects/airflow/.venv/lib/python3.11/site-packages/airflow/example_dags/example_trigger_target_dag.py took 0.106 seconds
[2024-04-26T21:54:43.418-0300] {processor.py:161} INFO - Started process (PID=20857) to work on /home/athlon/projects/airflow/.venv/lib/python3.11/site-packages/airflow/example_dags/example_trigger_target_dag.py
[2024-04-26T21:54:43.424-0300] {processor.py:830} INFO - Processing file /home/athlon/projects/airflow/.venv/lib/python3.11/site-packages/airflow/example_dags/example_trigger_target_dag.py for tasks to queue
[2024-04-26T21:54:43.427-0300] {logging_mixin.py:188} INFO - [2024-04-26T21:54:43.426-0300] {dagbag.py:540} INFO - Filling up the DagBag from /home/athlon/projects/airflow/.venv/lib/python3.11/site-packages/airflow/example_dags/example_trigger_target_dag.py
[2024-04-26T21:54:43.438-0300] {processor.py:840} INFO - DAG(s) 'example_trigger_target_dag' retrieved from /home/athlon/projects/airflow/.venv/lib/python3.11/site-packages/airflow/example_dags/example_trigger_target_dag.py
[2024-04-26T21:54:43.463-0300] {logging_mixin.py:188} INFO - [2024-04-26T21:54:43.463-0300] {dag.py:3096} INFO - Sync 1 DAGs
[2024-04-26T21:54:43.483-0300] {logging_mixin.py:188} INFO - [2024-04-26T21:54:43.483-0300] {dag.py:3954} INFO - Setting next_dagrun for example_trigger_target_dag to None, run_after=None
[2024-04-26T21:54:43.518-0300] {processor.py:183} INFO - Processing /home/athlon/projects/airflow/.venv/lib/python3.11/site-packages/airflow/example_dags/example_trigger_target_dag.py took 0.109 seconds
[2024-04-26T21:55:36.657-0300] {processor.py:161} INFO - Started process (PID=21546) to work on /home/athlon/projects/airflow/.venv/lib/python3.11/site-packages/airflow/example_dags/example_trigger_target_dag.py
[2024-04-26T21:55:36.663-0300] {processor.py:830} INFO - Processing file /home/athlon/projects/airflow/.venv/lib/python3.11/site-packages/airflow/example_dags/example_trigger_target_dag.py for tasks to queue
[2024-04-26T21:55:36.668-0300] {logging_mixin.py:188} INFO - [2024-04-26T21:55:36.667-0300] {dagbag.py:540} INFO - Filling up the DagBag from /home/athlon/projects/airflow/.venv/lib/python3.11/site-packages/airflow/example_dags/example_trigger_target_dag.py
[2024-04-26T21:55:36.679-0300] {processor.py:840} INFO - DAG(s) 'example_trigger_target_dag' retrieved from /home/athlon/projects/airflow/.venv/lib/python3.11/site-packages/airflow/example_dags/example_trigger_target_dag.py
[2024-04-26T21:55:36.703-0300] {logging_mixin.py:188} INFO - [2024-04-26T21:55:36.703-0300] {dag.py:3096} INFO - Sync 1 DAGs
[2024-04-26T21:55:36.720-0300] {logging_mixin.py:188} INFO - [2024-04-26T21:55:36.720-0300] {dag.py:3954} INFO - Setting next_dagrun for example_trigger_target_dag to None, run_after=None
[2024-04-26T21:55:36.751-0300] {processor.py:183} INFO - Processing /home/athlon/projects/airflow/.venv/lib/python3.11/site-packages/airflow/example_dags/example_trigger_target_dag.py took 0.105 seconds
[2024-04-26T21:56:38.637-0300] {processor.py:161} INFO - Started process (PID=21614) to work on /home/athlon/projects/airflow/.venv/lib/python3.11/site-packages/airflow/example_dags/example_trigger_target_dag.py
[2024-04-26T21:56:38.643-0300] {processor.py:830} INFO - Processing file /home/athlon/projects/airflow/.venv/lib/python3.11/site-packages/airflow/example_dags/example_trigger_target_dag.py for tasks to queue
[2024-04-26T21:56:38.646-0300] {logging_mixin.py:188} INFO - [2024-04-26T21:56:38.645-0300] {dagbag.py:540} INFO - Filling up the DagBag from /home/athlon/projects/airflow/.venv/lib/python3.11/site-packages/airflow/example_dags/example_trigger_target_dag.py
[2024-04-26T21:56:38.658-0300] {processor.py:840} INFO - DAG(s) 'example_trigger_target_dag' retrieved from /home/athlon/projects/airflow/.venv/lib/python3.11/site-packages/airflow/example_dags/example_trigger_target_dag.py
[2024-04-26T21:56:38.683-0300] {logging_mixin.py:188} INFO - [2024-04-26T21:56:38.682-0300] {dag.py:3096} INFO - Sync 1 DAGs
[2024-04-26T21:56:38.702-0300] {logging_mixin.py:188} INFO - [2024-04-26T21:56:38.701-0300] {dag.py:3954} INFO - Setting next_dagrun for example_trigger_target_dag to None, run_after=None
[2024-04-26T21:56:38.734-0300] {processor.py:183} INFO - Processing /home/athlon/projects/airflow/.venv/lib/python3.11/site-packages/airflow/example_dags/example_trigger_target_dag.py took 0.109 seconds
[2024-04-26T21:57:38.010-0300] {processor.py:161} INFO - Started process (PID=21862) to work on /home/athlon/projects/airflow/.venv/lib/python3.11/site-packages/airflow/example_dags/example_trigger_target_dag.py
[2024-04-26T21:57:38.016-0300] {processor.py:830} INFO - Processing file /home/athlon/projects/airflow/.venv/lib/python3.11/site-packages/airflow/example_dags/example_trigger_target_dag.py for tasks to queue
[2024-04-26T21:57:38.019-0300] {logging_mixin.py:188} INFO - [2024-04-26T21:57:38.018-0300] {dagbag.py:540} INFO - Filling up the DagBag from /home/athlon/projects/airflow/.venv/lib/python3.11/site-packages/airflow/example_dags/example_trigger_target_dag.py
[2024-04-26T21:57:38.030-0300] {processor.py:840} INFO - DAG(s) 'example_trigger_target_dag' retrieved from /home/athlon/projects/airflow/.venv/lib/python3.11/site-packages/airflow/example_dags/example_trigger_target_dag.py
[2024-04-26T21:57:38.054-0300] {logging_mixin.py:188} INFO - [2024-04-26T21:57:38.054-0300] {dag.py:3096} INFO - Sync 1 DAGs
[2024-04-26T21:57:38.072-0300] {logging_mixin.py:188} INFO - [2024-04-26T21:57:38.072-0300] {dag.py:3954} INFO - Setting next_dagrun for example_trigger_target_dag to None, run_after=None
[2024-04-26T21:57:38.106-0300] {processor.py:183} INFO - Processing /home/athlon/projects/airflow/.venv/lib/python3.11/site-packages/airflow/example_dags/example_trigger_target_dag.py took 0.107 seconds
[2024-04-26T21:58:37.360-0300] {processor.py:161} INFO - Started process (PID=22040) to work on /home/athlon/projects/airflow/.venv/lib/python3.11/site-packages/airflow/example_dags/example_trigger_target_dag.py
[2024-04-26T21:58:37.366-0300] {processor.py:830} INFO - Processing file /home/athlon/projects/airflow/.venv/lib/python3.11/site-packages/airflow/example_dags/example_trigger_target_dag.py for tasks to queue
[2024-04-26T21:58:37.369-0300] {logging_mixin.py:188} INFO - [2024-04-26T21:58:37.368-0300] {dagbag.py:540} INFO - Filling up the DagBag from /home/athlon/projects/airflow/.venv/lib/python3.11/site-packages/airflow/example_dags/example_trigger_target_dag.py
[2024-04-26T21:58:37.381-0300] {processor.py:840} INFO - DAG(s) 'example_trigger_target_dag' retrieved from /home/athlon/projects/airflow/.venv/lib/python3.11/site-packages/airflow/example_dags/example_trigger_target_dag.py
[2024-04-26T21:58:37.406-0300] {logging_mixin.py:188} INFO - [2024-04-26T21:58:37.406-0300] {dag.py:3096} INFO - Sync 1 DAGs
[2024-04-26T21:58:37.424-0300] {logging_mixin.py:188} INFO - [2024-04-26T21:58:37.424-0300] {dag.py:3954} INFO - Setting next_dagrun for example_trigger_target_dag to None, run_after=None
[2024-04-26T21:58:37.455-0300] {processor.py:183} INFO - Processing /home/athlon/projects/airflow/.venv/lib/python3.11/site-packages/airflow/example_dags/example_trigger_target_dag.py took 0.106 seconds
[2024-04-26T21:59:34.207-0300] {processor.py:161} INFO - Started process (PID=22226) to work on /home/athlon/projects/airflow/.venv/lib/python3.11/site-packages/airflow/example_dags/example_trigger_target_dag.py
[2024-04-26T21:59:34.212-0300] {processor.py:830} INFO - Processing file /home/athlon/projects/airflow/.venv/lib/python3.11/site-packages/airflow/example_dags/example_trigger_target_dag.py for tasks to queue
[2024-04-26T21:59:34.215-0300] {logging_mixin.py:188} INFO - [2024-04-26T21:59:34.215-0300] {dagbag.py:540} INFO - Filling up the DagBag from /home/athlon/projects/airflow/.venv/lib/python3.11/site-packages/airflow/example_dags/example_trigger_target_dag.py
[2024-04-26T21:59:34.227-0300] {processor.py:840} INFO - DAG(s) 'example_trigger_target_dag' retrieved from /home/athlon/projects/airflow/.venv/lib/python3.11/site-packages/airflow/example_dags/example_trigger_target_dag.py
[2024-04-26T21:59:34.253-0300] {logging_mixin.py:188} INFO - [2024-04-26T21:59:34.253-0300] {dag.py:3096} INFO - Sync 1 DAGs
[2024-04-26T21:59:34.279-0300] {logging_mixin.py:188} INFO - [2024-04-26T21:59:34.278-0300] {dag.py:3954} INFO - Setting next_dagrun for example_trigger_target_dag to None, run_after=None
[2024-04-26T21:59:34.322-0300] {processor.py:183} INFO - Processing /home/athlon/projects/airflow/.venv/lib/python3.11/site-packages/airflow/example_dags/example_trigger_target_dag.py took 0.127 seconds
[2024-04-26T22:00:36.050-0300] {processor.py:161} INFO - Started process (PID=22304) to work on /home/athlon/projects/airflow/.venv/lib/python3.11/site-packages/airflow/example_dags/example_trigger_target_dag.py
[2024-04-26T22:00:36.055-0300] {processor.py:830} INFO - Processing file /home/athlon/projects/airflow/.venv/lib/python3.11/site-packages/airflow/example_dags/example_trigger_target_dag.py for tasks to queue
[2024-04-26T22:00:36.059-0300] {logging_mixin.py:188} INFO - [2024-04-26T22:00:36.058-0300] {dagbag.py:540} INFO - Filling up the DagBag from /home/athlon/projects/airflow/.venv/lib/python3.11/site-packages/airflow/example_dags/example_trigger_target_dag.py
[2024-04-26T22:00:36.068-0300] {processor.py:840} INFO - DAG(s) 'example_trigger_target_dag' retrieved from /home/athlon/projects/airflow/.venv/lib/python3.11/site-packages/airflow/example_dags/example_trigger_target_dag.py
[2024-04-26T22:00:36.089-0300] {logging_mixin.py:188} INFO - [2024-04-26T22:00:36.089-0300] {dag.py:3096} INFO - Sync 1 DAGs
[2024-04-26T22:00:36.107-0300] {logging_mixin.py:188} INFO - [2024-04-26T22:00:36.107-0300] {dag.py:3954} INFO - Setting next_dagrun for example_trigger_target_dag to None, run_after=None
[2024-04-26T22:00:36.138-0300] {processor.py:183} INFO - Processing /home/athlon/projects/airflow/.venv/lib/python3.11/site-packages/airflow/example_dags/example_trigger_target_dag.py took 0.097 seconds
[2024-04-26T22:01:39.458-0300] {processor.py:161} INFO - Started process (PID=22373) to work on /home/athlon/projects/airflow/.venv/lib/python3.11/site-packages/airflow/example_dags/example_trigger_target_dag.py
[2024-04-26T22:01:39.464-0300] {processor.py:830} INFO - Processing file /home/athlon/projects/airflow/.venv/lib/python3.11/site-packages/airflow/example_dags/example_trigger_target_dag.py for tasks to queue
[2024-04-26T22:01:39.468-0300] {logging_mixin.py:188} INFO - [2024-04-26T22:01:39.466-0300] {dagbag.py:540} INFO - Filling up the DagBag from /home/athlon/projects/airflow/.venv/lib/python3.11/site-packages/airflow/example_dags/example_trigger_target_dag.py
[2024-04-26T22:01:39.479-0300] {processor.py:840} INFO - DAG(s) 'example_trigger_target_dag' retrieved from /home/athlon/projects/airflow/.venv/lib/python3.11/site-packages/airflow/example_dags/example_trigger_target_dag.py
[2024-04-26T22:01:39.503-0300] {logging_mixin.py:188} INFO - [2024-04-26T22:01:39.503-0300] {dag.py:3096} INFO - Sync 1 DAGs
[2024-04-26T22:01:39.521-0300] {logging_mixin.py:188} INFO - [2024-04-26T22:01:39.521-0300] {dag.py:3954} INFO - Setting next_dagrun for example_trigger_target_dag to None, run_after=None
[2024-04-26T22:01:39.555-0300] {processor.py:183} INFO - Processing /home/athlon/projects/airflow/.venv/lib/python3.11/site-packages/airflow/example_dags/example_trigger_target_dag.py took 0.108 seconds
[2024-04-26T22:02:43.042-0300] {processor.py:161} INFO - Started process (PID=22442) to work on /home/athlon/projects/airflow/.venv/lib/python3.11/site-packages/airflow/example_dags/example_trigger_target_dag.py
[2024-04-26T22:02:43.048-0300] {processor.py:830} INFO - Processing file /home/athlon/projects/airflow/.venv/lib/python3.11/site-packages/airflow/example_dags/example_trigger_target_dag.py for tasks to queue
[2024-04-26T22:02:43.052-0300] {logging_mixin.py:188} INFO - [2024-04-26T22:02:43.051-0300] {dagbag.py:540} INFO - Filling up the DagBag from /home/athlon/projects/airflow/.venv/lib/python3.11/site-packages/airflow/example_dags/example_trigger_target_dag.py
[2024-04-26T22:02:43.062-0300] {processor.py:840} INFO - DAG(s) 'example_trigger_target_dag' retrieved from /home/athlon/projects/airflow/.venv/lib/python3.11/site-packages/airflow/example_dags/example_trigger_target_dag.py
[2024-04-26T22:02:43.085-0300] {logging_mixin.py:188} INFO - [2024-04-26T22:02:43.085-0300] {dag.py:3096} INFO - Sync 1 DAGs
[2024-04-26T22:02:43.108-0300] {logging_mixin.py:188} INFO - [2024-04-26T22:02:43.107-0300] {dag.py:3954} INFO - Setting next_dagrun for example_trigger_target_dag to None, run_after=None
[2024-04-26T22:02:43.139-0300] {processor.py:183} INFO - Processing /home/athlon/projects/airflow/.venv/lib/python3.11/site-packages/airflow/example_dags/example_trigger_target_dag.py took 0.107 seconds
[2024-04-26T22:03:45.142-0300] {processor.py:161} INFO - Started process (PID=22523) to work on /home/athlon/projects/airflow/.venv/lib/python3.11/site-packages/airflow/example_dags/example_trigger_target_dag.py
[2024-04-26T22:03:45.148-0300] {processor.py:830} INFO - Processing file /home/athlon/projects/airflow/.venv/lib/python3.11/site-packages/airflow/example_dags/example_trigger_target_dag.py for tasks to queue
[2024-04-26T22:03:45.151-0300] {logging_mixin.py:188} INFO - [2024-04-26T22:03:45.150-0300] {dagbag.py:540} INFO - Filling up the DagBag from /home/athlon/projects/airflow/.venv/lib/python3.11/site-packages/airflow/example_dags/example_trigger_target_dag.py
[2024-04-26T22:03:45.164-0300] {processor.py:840} INFO - DAG(s) 'example_trigger_target_dag' retrieved from /home/athlon/projects/airflow/.venv/lib/python3.11/site-packages/airflow/example_dags/example_trigger_target_dag.py
[2024-04-26T22:03:45.188-0300] {logging_mixin.py:188} INFO - [2024-04-26T22:03:45.188-0300] {dag.py:3096} INFO - Sync 1 DAGs
[2024-04-26T22:03:45.206-0300] {logging_mixin.py:188} INFO - [2024-04-26T22:03:45.205-0300] {dag.py:3954} INFO - Setting next_dagrun for example_trigger_target_dag to None, run_after=None
[2024-04-26T22:03:45.237-0300] {processor.py:183} INFO - Processing /home/athlon/projects/airflow/.venv/lib/python3.11/site-packages/airflow/example_dags/example_trigger_target_dag.py took 0.106 seconds
[2024-04-26T22:04:41.436-0300] {processor.py:161} INFO - Started process (PID=22663) to work on /home/athlon/projects/airflow/.venv/lib/python3.11/site-packages/airflow/example_dags/example_trigger_target_dag.py
[2024-04-26T22:04:41.442-0300] {processor.py:830} INFO - Processing file /home/athlon/projects/airflow/.venv/lib/python3.11/site-packages/airflow/example_dags/example_trigger_target_dag.py for tasks to queue
[2024-04-26T22:04:41.444-0300] {logging_mixin.py:188} INFO - [2024-04-26T22:04:41.443-0300] {dagbag.py:540} INFO - Filling up the DagBag from /home/athlon/projects/airflow/.venv/lib/python3.11/site-packages/airflow/example_dags/example_trigger_target_dag.py
[2024-04-26T22:04:41.456-0300] {processor.py:840} INFO - DAG(s) 'example_trigger_target_dag' retrieved from /home/athlon/projects/airflow/.venv/lib/python3.11/site-packages/airflow/example_dags/example_trigger_target_dag.py
[2024-04-26T22:04:41.481-0300] {logging_mixin.py:188} INFO - [2024-04-26T22:04:41.480-0300] {dag.py:3096} INFO - Sync 1 DAGs
[2024-04-26T22:04:41.501-0300] {logging_mixin.py:188} INFO - [2024-04-26T22:04:41.500-0300] {dag.py:3954} INFO - Setting next_dagrun for example_trigger_target_dag to None, run_after=None
[2024-04-26T22:04:41.534-0300] {processor.py:183} INFO - Processing /home/athlon/projects/airflow/.venv/lib/python3.11/site-packages/airflow/example_dags/example_trigger_target_dag.py took 0.109 seconds
[2024-04-26T22:05:39.970-0300] {processor.py:161} INFO - Started process (PID=22737) to work on /home/athlon/projects/airflow/.venv/lib/python3.11/site-packages/airflow/example_dags/example_trigger_target_dag.py
[2024-04-26T22:05:39.975-0300] {processor.py:830} INFO - Processing file /home/athlon/projects/airflow/.venv/lib/python3.11/site-packages/airflow/example_dags/example_trigger_target_dag.py for tasks to queue
[2024-04-26T22:05:39.980-0300] {logging_mixin.py:188} INFO - [2024-04-26T22:05:39.979-0300] {dagbag.py:540} INFO - Filling up the DagBag from /home/athlon/projects/airflow/.venv/lib/python3.11/site-packages/airflow/example_dags/example_trigger_target_dag.py
[2024-04-26T22:05:39.991-0300] {processor.py:840} INFO - DAG(s) 'example_trigger_target_dag' retrieved from /home/athlon/projects/airflow/.venv/lib/python3.11/site-packages/airflow/example_dags/example_trigger_target_dag.py
[2024-04-26T22:05:40.015-0300] {logging_mixin.py:188} INFO - [2024-04-26T22:05:40.015-0300] {dag.py:3096} INFO - Sync 1 DAGs
[2024-04-26T22:05:40.034-0300] {logging_mixin.py:188} INFO - [2024-04-26T22:05:40.033-0300] {dag.py:3954} INFO - Setting next_dagrun for example_trigger_target_dag to None, run_after=None
[2024-04-26T22:05:40.064-0300] {processor.py:183} INFO - Processing /home/athlon/projects/airflow/.venv/lib/python3.11/site-packages/airflow/example_dags/example_trigger_target_dag.py took 0.106 seconds
[2024-04-26T22:06:39.625-0300] {processor.py:161} INFO - Started process (PID=22802) to work on /home/athlon/projects/airflow/.venv/lib/python3.11/site-packages/airflow/example_dags/example_trigger_target_dag.py
[2024-04-26T22:06:39.631-0300] {processor.py:830} INFO - Processing file /home/athlon/projects/airflow/.venv/lib/python3.11/site-packages/airflow/example_dags/example_trigger_target_dag.py for tasks to queue
[2024-04-26T22:06:39.636-0300] {logging_mixin.py:188} INFO - [2024-04-26T22:06:39.635-0300] {dagbag.py:540} INFO - Filling up the DagBag from /home/athlon/projects/airflow/.venv/lib/python3.11/site-packages/airflow/example_dags/example_trigger_target_dag.py
[2024-04-26T22:06:39.650-0300] {processor.py:840} INFO - DAG(s) 'example_trigger_target_dag' retrieved from /home/athlon/projects/airflow/.venv/lib/python3.11/site-packages/airflow/example_dags/example_trigger_target_dag.py
[2024-04-26T22:06:39.673-0300] {logging_mixin.py:188} INFO - [2024-04-26T22:06:39.673-0300] {dag.py:3096} INFO - Sync 1 DAGs
[2024-04-26T22:06:39.691-0300] {logging_mixin.py:188} INFO - [2024-04-26T22:06:39.690-0300] {dag.py:3954} INFO - Setting next_dagrun for example_trigger_target_dag to None, run_after=None
[2024-04-26T22:06:39.722-0300] {processor.py:183} INFO - Processing /home/athlon/projects/airflow/.venv/lib/python3.11/site-packages/airflow/example_dags/example_trigger_target_dag.py took 0.114 seconds
[2024-04-26T22:07:39.550-0300] {processor.py:161} INFO - Started process (PID=22869) to work on /home/athlon/projects/airflow/.venv/lib/python3.11/site-packages/airflow/example_dags/example_trigger_target_dag.py
[2024-04-26T22:07:39.556-0300] {processor.py:830} INFO - Processing file /home/athlon/projects/airflow/.venv/lib/python3.11/site-packages/airflow/example_dags/example_trigger_target_dag.py for tasks to queue
[2024-04-26T22:07:39.559-0300] {logging_mixin.py:188} INFO - [2024-04-26T22:07:39.559-0300] {dagbag.py:540} INFO - Filling up the DagBag from /home/athlon/projects/airflow/.venv/lib/python3.11/site-packages/airflow/example_dags/example_trigger_target_dag.py
[2024-04-26T22:07:39.571-0300] {processor.py:840} INFO - DAG(s) 'example_trigger_target_dag' retrieved from /home/athlon/projects/airflow/.venv/lib/python3.11/site-packages/airflow/example_dags/example_trigger_target_dag.py
[2024-04-26T22:07:39.596-0300] {logging_mixin.py:188} INFO - [2024-04-26T22:07:39.596-0300] {dag.py:3096} INFO - Sync 1 DAGs
[2024-04-26T22:07:39.614-0300] {logging_mixin.py:188} INFO - [2024-04-26T22:07:39.613-0300] {dag.py:3954} INFO - Setting next_dagrun for example_trigger_target_dag to None, run_after=None
[2024-04-26T22:07:39.644-0300] {processor.py:183} INFO - Processing /home/athlon/projects/airflow/.venv/lib/python3.11/site-packages/airflow/example_dags/example_trigger_target_dag.py took 0.105 seconds
[2024-04-26T22:08:41.298-0300] {processor.py:161} INFO - Started process (PID=22937) to work on /home/athlon/projects/airflow/.venv/lib/python3.11/site-packages/airflow/example_dags/example_trigger_target_dag.py
[2024-04-26T22:08:41.304-0300] {processor.py:830} INFO - Processing file /home/athlon/projects/airflow/.venv/lib/python3.11/site-packages/airflow/example_dags/example_trigger_target_dag.py for tasks to queue
[2024-04-26T22:08:41.307-0300] {logging_mixin.py:188} INFO - [2024-04-26T22:08:41.306-0300] {dagbag.py:540} INFO - Filling up the DagBag from /home/athlon/projects/airflow/.venv/lib/python3.11/site-packages/airflow/example_dags/example_trigger_target_dag.py
[2024-04-26T22:08:41.319-0300] {processor.py:840} INFO - DAG(s) 'example_trigger_target_dag' retrieved from /home/athlon/projects/airflow/.venv/lib/python3.11/site-packages/airflow/example_dags/example_trigger_target_dag.py
[2024-04-26T22:08:41.344-0300] {logging_mixin.py:188} INFO - [2024-04-26T22:08:41.344-0300] {dag.py:3096} INFO - Sync 1 DAGs
[2024-04-26T22:08:41.362-0300] {logging_mixin.py:188} INFO - [2024-04-26T22:08:41.362-0300] {dag.py:3954} INFO - Setting next_dagrun for example_trigger_target_dag to None, run_after=None
[2024-04-26T22:08:41.391-0300] {processor.py:183} INFO - Processing /home/athlon/projects/airflow/.venv/lib/python3.11/site-packages/airflow/example_dags/example_trigger_target_dag.py took 0.105 seconds
[2024-04-26T22:09:38.519-0300] {processor.py:161} INFO - Started process (PID=23035) to work on /home/athlon/projects/airflow/.venv/lib/python3.11/site-packages/airflow/example_dags/example_trigger_target_dag.py
[2024-04-26T22:09:38.524-0300] {processor.py:830} INFO - Processing file /home/athlon/projects/airflow/.venv/lib/python3.11/site-packages/airflow/example_dags/example_trigger_target_dag.py for tasks to queue
[2024-04-26T22:09:38.528-0300] {logging_mixin.py:188} INFO - [2024-04-26T22:09:38.527-0300] {dagbag.py:540} INFO - Filling up the DagBag from /home/athlon/projects/airflow/.venv/lib/python3.11/site-packages/airflow/example_dags/example_trigger_target_dag.py
[2024-04-26T22:09:38.540-0300] {processor.py:840} INFO - DAG(s) 'example_trigger_target_dag' retrieved from /home/athlon/projects/airflow/.venv/lib/python3.11/site-packages/airflow/example_dags/example_trigger_target_dag.py
[2024-04-26T22:09:38.564-0300] {logging_mixin.py:188} INFO - [2024-04-26T22:09:38.564-0300] {dag.py:3096} INFO - Sync 1 DAGs
[2024-04-26T22:09:38.583-0300] {logging_mixin.py:188} INFO - [2024-04-26T22:09:38.582-0300] {dag.py:3954} INFO - Setting next_dagrun for example_trigger_target_dag to None, run_after=None
[2024-04-26T22:09:38.614-0300] {processor.py:183} INFO - Processing /home/athlon/projects/airflow/.venv/lib/python3.11/site-packages/airflow/example_dags/example_trigger_target_dag.py took 0.107 seconds
[2024-04-26T22:10:40.797-0300] {processor.py:161} INFO - Started process (PID=23105) to work on /home/athlon/projects/airflow/.venv/lib/python3.11/site-packages/airflow/example_dags/example_trigger_target_dag.py
[2024-04-26T22:10:40.803-0300] {processor.py:830} INFO - Processing file /home/athlon/projects/airflow/.venv/lib/python3.11/site-packages/airflow/example_dags/example_trigger_target_dag.py for tasks to queue
[2024-04-26T22:10:40.806-0300] {logging_mixin.py:188} INFO - [2024-04-26T22:10:40.805-0300] {dagbag.py:540} INFO - Filling up the DagBag from /home/athlon/projects/airflow/.venv/lib/python3.11/site-packages/airflow/example_dags/example_trigger_target_dag.py
[2024-04-26T22:10:40.818-0300] {processor.py:840} INFO - DAG(s) 'example_trigger_target_dag' retrieved from /home/athlon/projects/airflow/.venv/lib/python3.11/site-packages/airflow/example_dags/example_trigger_target_dag.py
[2024-04-26T22:10:40.843-0300] {logging_mixin.py:188} INFO - [2024-04-26T22:10:40.842-0300] {dag.py:3096} INFO - Sync 1 DAGs
[2024-04-26T22:10:40.861-0300] {logging_mixin.py:188} INFO - [2024-04-26T22:10:40.860-0300] {dag.py:3954} INFO - Setting next_dagrun for example_trigger_target_dag to None, run_after=None
[2024-04-26T22:10:40.892-0300] {processor.py:183} INFO - Processing /home/athlon/projects/airflow/.venv/lib/python3.11/site-packages/airflow/example_dags/example_trigger_target_dag.py took 0.106 seconds
[2024-04-26T22:11:41.926-0300] {processor.py:161} INFO - Started process (PID=23173) to work on /home/athlon/projects/airflow/.venv/lib/python3.11/site-packages/airflow/example_dags/example_trigger_target_dag.py
[2024-04-26T22:11:41.932-0300] {processor.py:830} INFO - Processing file /home/athlon/projects/airflow/.venv/lib/python3.11/site-packages/airflow/example_dags/example_trigger_target_dag.py for tasks to queue
[2024-04-26T22:11:41.935-0300] {logging_mixin.py:188} INFO - [2024-04-26T22:11:41.934-0300] {dagbag.py:540} INFO - Filling up the DagBag from /home/athlon/projects/airflow/.venv/lib/python3.11/site-packages/airflow/example_dags/example_trigger_target_dag.py
[2024-04-26T22:11:41.947-0300] {processor.py:840} INFO - DAG(s) 'example_trigger_target_dag' retrieved from /home/athlon/projects/airflow/.venv/lib/python3.11/site-packages/airflow/example_dags/example_trigger_target_dag.py
[2024-04-26T22:11:41.972-0300] {logging_mixin.py:188} INFO - [2024-04-26T22:11:41.971-0300] {dag.py:3096} INFO - Sync 1 DAGs
[2024-04-26T22:11:41.990-0300] {logging_mixin.py:188} INFO - [2024-04-26T22:11:41.990-0300] {dag.py:3954} INFO - Setting next_dagrun for example_trigger_target_dag to None, run_after=None
[2024-04-26T22:11:42.021-0300] {processor.py:183} INFO - Processing /home/athlon/projects/airflow/.venv/lib/python3.11/site-packages/airflow/example_dags/example_trigger_target_dag.py took 0.106 seconds
[2024-04-26T22:12:42.313-0300] {processor.py:161} INFO - Started process (PID=23261) to work on /home/athlon/projects/airflow/.venv/lib/python3.11/site-packages/airflow/example_dags/example_trigger_target_dag.py
[2024-04-26T22:12:42.319-0300] {processor.py:830} INFO - Processing file /home/athlon/projects/airflow/.venv/lib/python3.11/site-packages/airflow/example_dags/example_trigger_target_dag.py for tasks to queue
[2024-04-26T22:12:42.322-0300] {logging_mixin.py:188} INFO - [2024-04-26T22:12:42.321-0300] {dagbag.py:540} INFO - Filling up the DagBag from /home/athlon/projects/airflow/.venv/lib/python3.11/site-packages/airflow/example_dags/example_trigger_target_dag.py
[2024-04-26T22:12:42.334-0300] {processor.py:840} INFO - DAG(s) 'example_trigger_target_dag' retrieved from /home/athlon/projects/airflow/.venv/lib/python3.11/site-packages/airflow/example_dags/example_trigger_target_dag.py
[2024-04-26T22:12:42.357-0300] {logging_mixin.py:188} INFO - [2024-04-26T22:12:42.357-0300] {dag.py:3096} INFO - Sync 1 DAGs
[2024-04-26T22:12:42.376-0300] {logging_mixin.py:188} INFO - [2024-04-26T22:12:42.376-0300] {dag.py:3954} INFO - Setting next_dagrun for example_trigger_target_dag to None, run_after=None
[2024-04-26T22:12:42.407-0300] {processor.py:183} INFO - Processing /home/athlon/projects/airflow/.venv/lib/python3.11/site-packages/airflow/example_dags/example_trigger_target_dag.py took 0.104 seconds
[2024-04-26T22:13:42.269-0300] {processor.py:161} INFO - Started process (PID=23328) to work on /home/athlon/projects/airflow/.venv/lib/python3.11/site-packages/airflow/example_dags/example_trigger_target_dag.py
[2024-04-26T22:13:42.275-0300] {processor.py:830} INFO - Processing file /home/athlon/projects/airflow/.venv/lib/python3.11/site-packages/airflow/example_dags/example_trigger_target_dag.py for tasks to queue
[2024-04-26T22:13:42.278-0300] {logging_mixin.py:188} INFO - [2024-04-26T22:13:42.277-0300] {dagbag.py:540} INFO - Filling up the DagBag from /home/athlon/projects/airflow/.venv/lib/python3.11/site-packages/airflow/example_dags/example_trigger_target_dag.py
[2024-04-26T22:13:42.290-0300] {processor.py:840} INFO - DAG(s) 'example_trigger_target_dag' retrieved from /home/athlon/projects/airflow/.venv/lib/python3.11/site-packages/airflow/example_dags/example_trigger_target_dag.py
[2024-04-26T22:13:42.315-0300] {logging_mixin.py:188} INFO - [2024-04-26T22:13:42.315-0300] {dag.py:3096} INFO - Sync 1 DAGs
[2024-04-26T22:13:42.333-0300] {logging_mixin.py:188} INFO - [2024-04-26T22:13:42.333-0300] {dag.py:3954} INFO - Setting next_dagrun for example_trigger_target_dag to None, run_after=None
[2024-04-26T22:13:42.363-0300] {processor.py:183} INFO - Processing /home/athlon/projects/airflow/.venv/lib/python3.11/site-packages/airflow/example_dags/example_trigger_target_dag.py took 0.106 seconds
[2024-04-26T22:14:42.865-0300] {processor.py:161} INFO - Started process (PID=23468) to work on /home/athlon/projects/airflow/.venv/lib/python3.11/site-packages/airflow/example_dags/example_trigger_target_dag.py
[2024-04-26T22:14:42.868-0300] {processor.py:830} INFO - Processing file /home/athlon/projects/airflow/.venv/lib/python3.11/site-packages/airflow/example_dags/example_trigger_target_dag.py for tasks to queue
[2024-04-26T22:14:42.876-0300] {logging_mixin.py:188} INFO - [2024-04-26T22:14:42.875-0300] {dagbag.py:540} INFO - Filling up the DagBag from /home/athlon/projects/airflow/.venv/lib/python3.11/site-packages/airflow/example_dags/example_trigger_target_dag.py
[2024-04-26T22:14:42.921-0300] {processor.py:840} INFO - DAG(s) 'example_trigger_target_dag' retrieved from /home/athlon/projects/airflow/.venv/lib/python3.11/site-packages/airflow/example_dags/example_trigger_target_dag.py
[2024-04-26T22:14:42.992-0300] {logging_mixin.py:188} INFO - [2024-04-26T22:14:42.991-0300] {dag.py:3096} INFO - Sync 1 DAGs
[2024-04-26T22:14:43.056-0300] {logging_mixin.py:188} INFO - [2024-04-26T22:14:43.056-0300] {dag.py:3954} INFO - Setting next_dagrun for example_trigger_target_dag to None, run_after=None
[2024-04-26T22:14:43.119-0300] {processor.py:183} INFO - Processing /home/athlon/projects/airflow/.venv/lib/python3.11/site-packages/airflow/example_dags/example_trigger_target_dag.py took 0.275 seconds
[2024-04-26T22:15:50.706-0300] {processor.py:161} INFO - Started process (PID=23544) to work on /home/athlon/projects/airflow/.venv/lib/python3.11/site-packages/airflow/example_dags/example_trigger_target_dag.py
[2024-04-26T22:15:50.708-0300] {processor.py:830} INFO - Processing file /home/athlon/projects/airflow/.venv/lib/python3.11/site-packages/airflow/example_dags/example_trigger_target_dag.py for tasks to queue
[2024-04-26T22:15:50.711-0300] {logging_mixin.py:188} INFO - [2024-04-26T22:15:50.710-0300] {dagbag.py:540} INFO - Filling up the DagBag from /home/athlon/projects/airflow/.venv/lib/python3.11/site-packages/airflow/example_dags/example_trigger_target_dag.py
[2024-04-26T22:15:50.724-0300] {processor.py:840} INFO - DAG(s) 'example_trigger_target_dag' retrieved from /home/athlon/projects/airflow/.venv/lib/python3.11/site-packages/airflow/example_dags/example_trigger_target_dag.py
[2024-04-26T22:15:50.747-0300] {logging_mixin.py:188} INFO - [2024-04-26T22:15:50.747-0300] {dag.py:3096} INFO - Sync 1 DAGs
[2024-04-26T22:15:50.766-0300] {logging_mixin.py:188} INFO - [2024-04-26T22:15:50.765-0300] {dag.py:3954} INFO - Setting next_dagrun for example_trigger_target_dag to None, run_after=None
[2024-04-26T22:15:50.796-0300] {processor.py:183} INFO - Processing /home/athlon/projects/airflow/.venv/lib/python3.11/site-packages/airflow/example_dags/example_trigger_target_dag.py took 0.102 seconds
[2024-04-26T22:16:53.514-0300] {processor.py:161} INFO - Started process (PID=23688) to work on /home/athlon/projects/airflow/.venv/lib/python3.11/site-packages/airflow/example_dags/example_trigger_target_dag.py
[2024-04-26T22:16:53.515-0300] {processor.py:830} INFO - Processing file /home/athlon/projects/airflow/.venv/lib/python3.11/site-packages/airflow/example_dags/example_trigger_target_dag.py for tasks to queue
[2024-04-26T22:16:53.519-0300] {logging_mixin.py:188} INFO - [2024-04-26T22:16:53.518-0300] {dagbag.py:540} INFO - Filling up the DagBag from /home/athlon/projects/airflow/.venv/lib/python3.11/site-packages/airflow/example_dags/example_trigger_target_dag.py
[2024-04-26T22:16:53.532-0300] {processor.py:840} INFO - DAG(s) 'example_trigger_target_dag' retrieved from /home/athlon/projects/airflow/.venv/lib/python3.11/site-packages/airflow/example_dags/example_trigger_target_dag.py
[2024-04-26T22:16:53.556-0300] {logging_mixin.py:188} INFO - [2024-04-26T22:16:53.555-0300] {dag.py:3096} INFO - Sync 1 DAGs
[2024-04-26T22:16:53.574-0300] {logging_mixin.py:188} INFO - [2024-04-26T22:16:53.573-0300] {dag.py:3954} INFO - Setting next_dagrun for example_trigger_target_dag to None, run_after=None
[2024-04-26T22:16:53.604-0300] {processor.py:183} INFO - Processing /home/athlon/projects/airflow/.venv/lib/python3.11/site-packages/airflow/example_dags/example_trigger_target_dag.py took 0.102 seconds
[2024-04-26T22:17:52.427-0300] {processor.py:161} INFO - Started process (PID=23746) to work on /home/athlon/projects/airflow/.venv/lib/python3.11/site-packages/airflow/example_dags/example_trigger_target_dag.py
[2024-04-26T22:17:52.433-0300] {processor.py:830} INFO - Processing file /home/athlon/projects/airflow/.venv/lib/python3.11/site-packages/airflow/example_dags/example_trigger_target_dag.py for tasks to queue
[2024-04-26T22:17:52.436-0300] {logging_mixin.py:188} INFO - [2024-04-26T22:17:52.435-0300] {dagbag.py:540} INFO - Filling up the DagBag from /home/athlon/projects/airflow/.venv/lib/python3.11/site-packages/airflow/example_dags/example_trigger_target_dag.py
[2024-04-26T22:17:52.448-0300] {processor.py:840} INFO - DAG(s) 'example_trigger_target_dag' retrieved from /home/athlon/projects/airflow/.venv/lib/python3.11/site-packages/airflow/example_dags/example_trigger_target_dag.py
[2024-04-26T22:17:52.473-0300] {logging_mixin.py:188} INFO - [2024-04-26T22:17:52.473-0300] {dag.py:3096} INFO - Sync 1 DAGs
[2024-04-26T22:17:52.491-0300] {logging_mixin.py:188} INFO - [2024-04-26T22:17:52.491-0300] {dag.py:3954} INFO - Setting next_dagrun for example_trigger_target_dag to None, run_after=None
[2024-04-26T22:17:52.522-0300] {processor.py:183} INFO - Processing /home/athlon/projects/airflow/.venv/lib/python3.11/site-packages/airflow/example_dags/example_trigger_target_dag.py took 0.107 seconds
[2024-04-26T22:18:52.465-0300] {processor.py:161} INFO - Started process (PID=23808) to work on /home/athlon/projects/airflow/.venv/lib/python3.11/site-packages/airflow/example_dags/example_trigger_target_dag.py
[2024-04-26T22:18:52.467-0300] {processor.py:830} INFO - Processing file /home/athlon/projects/airflow/.venv/lib/python3.11/site-packages/airflow/example_dags/example_trigger_target_dag.py for tasks to queue
[2024-04-26T22:18:52.470-0300] {logging_mixin.py:188} INFO - [2024-04-26T22:18:52.470-0300] {dagbag.py:540} INFO - Filling up the DagBag from /home/athlon/projects/airflow/.venv/lib/python3.11/site-packages/airflow/example_dags/example_trigger_target_dag.py
[2024-04-26T22:18:52.484-0300] {processor.py:840} INFO - DAG(s) 'example_trigger_target_dag' retrieved from /home/athlon/projects/airflow/.venv/lib/python3.11/site-packages/airflow/example_dags/example_trigger_target_dag.py
[2024-04-26T22:18:52.517-0300] {logging_mixin.py:188} INFO - [2024-04-26T22:18:52.516-0300] {dag.py:3096} INFO - Sync 1 DAGs
[2024-04-26T22:18:52.547-0300] {logging_mixin.py:188} INFO - [2024-04-26T22:18:52.546-0300] {dag.py:3954} INFO - Setting next_dagrun for example_trigger_target_dag to None, run_after=None
[2024-04-26T22:18:52.582-0300] {processor.py:183} INFO - Processing /home/athlon/projects/airflow/.venv/lib/python3.11/site-packages/airflow/example_dags/example_trigger_target_dag.py took 0.126 seconds
[2024-04-26T22:19:48.075-0300] {processor.py:161} INFO - Started process (PID=23865) to work on /home/athlon/projects/airflow/.venv/lib/python3.11/site-packages/airflow/example_dags/example_trigger_target_dag.py
[2024-04-26T22:19:48.076-0300] {processor.py:830} INFO - Processing file /home/athlon/projects/airflow/.venv/lib/python3.11/site-packages/airflow/example_dags/example_trigger_target_dag.py for tasks to queue
[2024-04-26T22:19:48.079-0300] {logging_mixin.py:188} INFO - [2024-04-26T22:19:48.079-0300] {dagbag.py:540} INFO - Filling up the DagBag from /home/athlon/projects/airflow/.venv/lib/python3.11/site-packages/airflow/example_dags/example_trigger_target_dag.py
[2024-04-26T22:19:48.092-0300] {processor.py:840} INFO - DAG(s) 'example_trigger_target_dag' retrieved from /home/athlon/projects/airflow/.venv/lib/python3.11/site-packages/airflow/example_dags/example_trigger_target_dag.py
[2024-04-26T22:19:48.117-0300] {logging_mixin.py:188} INFO - [2024-04-26T22:19:48.117-0300] {dag.py:3096} INFO - Sync 1 DAGs
[2024-04-26T22:19:48.136-0300] {logging_mixin.py:188} INFO - [2024-04-26T22:19:48.136-0300] {dag.py:3954} INFO - Setting next_dagrun for example_trigger_target_dag to None, run_after=None
[2024-04-26T22:19:48.167-0300] {processor.py:183} INFO - Processing /home/athlon/projects/airflow/.venv/lib/python3.11/site-packages/airflow/example_dags/example_trigger_target_dag.py took 0.104 seconds
[2024-04-26T22:20:55.077-0300] {processor.py:161} INFO - Started process (PID=24038) to work on /home/athlon/projects/airflow/.venv/lib/python3.11/site-packages/airflow/example_dags/example_trigger_target_dag.py
[2024-04-26T22:20:55.078-0300] {processor.py:830} INFO - Processing file /home/athlon/projects/airflow/.venv/lib/python3.11/site-packages/airflow/example_dags/example_trigger_target_dag.py for tasks to queue
[2024-04-26T22:20:55.081-0300] {logging_mixin.py:188} INFO - [2024-04-26T22:20:55.080-0300] {dagbag.py:540} INFO - Filling up the DagBag from /home/athlon/projects/airflow/.venv/lib/python3.11/site-packages/airflow/example_dags/example_trigger_target_dag.py
[2024-04-26T22:20:55.093-0300] {processor.py:840} INFO - DAG(s) 'example_trigger_target_dag' retrieved from /home/athlon/projects/airflow/.venv/lib/python3.11/site-packages/airflow/example_dags/example_trigger_target_dag.py
[2024-04-26T22:20:55.117-0300] {logging_mixin.py:188} INFO - [2024-04-26T22:20:55.116-0300] {dag.py:3096} INFO - Sync 1 DAGs
[2024-04-26T22:20:55.135-0300] {logging_mixin.py:188} INFO - [2024-04-26T22:20:55.135-0300] {dag.py:3954} INFO - Setting next_dagrun for example_trigger_target_dag to None, run_after=None
[2024-04-26T22:20:55.168-0300] {processor.py:183} INFO - Processing /home/athlon/projects/airflow/.venv/lib/python3.11/site-packages/airflow/example_dags/example_trigger_target_dag.py took 0.101 seconds
