[2024-04-26T21:25:16.695-0300] {processor.py:161} INFO - Started process (PID=17721) to work on /home/athlon/projects/airflow/.venv/lib/python3.11/site-packages/airflow/example_dags/example_trigger_controller_dag.py
[2024-04-26T21:25:16.696-0300] {processor.py:830} INFO - Processing file /home/athlon/projects/airflow/.venv/lib/python3.11/site-packages/airflow/example_dags/example_trigger_controller_dag.py for tasks to queue
[2024-04-26T21:25:16.698-0300] {logging_mixin.py:188} INFO - [2024-04-26T21:25:16.698-0300] {dagbag.py:540} INFO - Filling up the DagBag from /home/athlon/projects/airflow/.venv/lib/python3.11/site-packages/airflow/example_dags/example_trigger_controller_dag.py
[2024-04-26T21:25:16.705-0300] {processor.py:840} INFO - DAG(s) 'example_trigger_controller_dag' retrieved from /home/athlon/projects/airflow/.venv/lib/python3.11/site-packages/airflow/example_dags/example_trigger_controller_dag.py
[2024-04-26T21:25:16.729-0300] {logging_mixin.py:188} INFO - [2024-04-26T21:25:16.729-0300] {dag.py:3096} INFO - Sync 1 DAGs
[2024-04-26T21:25:16.755-0300] {logging_mixin.py:188} INFO - [2024-04-26T21:25:16.755-0300] {dag.py:3954} INFO - Setting next_dagrun for example_trigger_controller_dag to 2021-01-01 00:00:00+00:00, run_after=2021-01-01 00:00:00+00:00
[2024-04-26T21:25:16.783-0300] {processor.py:183} INFO - Processing /home/athlon/projects/airflow/.venv/lib/python3.11/site-packages/airflow/example_dags/example_trigger_controller_dag.py took 0.099 seconds
[2024-04-26T21:26:14.626-0300] {processor.py:161} INFO - Started process (PID=17861) to work on /home/athlon/projects/airflow/.venv/lib/python3.11/site-packages/airflow/example_dags/example_trigger_controller_dag.py
[2024-04-26T21:26:14.632-0300] {processor.py:830} INFO - Processing file /home/athlon/projects/airflow/.venv/lib/python3.11/site-packages/airflow/example_dags/example_trigger_controller_dag.py for tasks to queue
[2024-04-26T21:26:14.634-0300] {logging_mixin.py:188} INFO - [2024-04-26T21:26:14.634-0300] {dagbag.py:540} INFO - Filling up the DagBag from /home/athlon/projects/airflow/.venv/lib/python3.11/site-packages/airflow/example_dags/example_trigger_controller_dag.py
[2024-04-26T21:26:14.643-0300] {processor.py:840} INFO - DAG(s) 'example_trigger_controller_dag' retrieved from /home/athlon/projects/airflow/.venv/lib/python3.11/site-packages/airflow/example_dags/example_trigger_controller_dag.py
[2024-04-26T21:26:14.668-0300] {logging_mixin.py:188} INFO - [2024-04-26T21:26:14.668-0300] {dag.py:3096} INFO - Sync 1 DAGs
[2024-04-26T21:26:14.701-0300] {logging_mixin.py:188} INFO - [2024-04-26T21:26:14.700-0300] {dag.py:3954} INFO - Setting next_dagrun for example_trigger_controller_dag to 2021-01-01 00:00:00+00:00, run_after=2021-01-01 00:00:00+00:00
[2024-04-26T21:26:14.745-0300] {processor.py:183} INFO - Processing /home/athlon/projects/airflow/.venv/lib/python3.11/site-packages/airflow/example_dags/example_trigger_controller_dag.py took 0.128 seconds
[2024-04-26T21:27:09.068-0300] {processor.py:161} INFO - Started process (PID=17931) to work on /home/athlon/projects/airflow/.venv/lib/python3.11/site-packages/airflow/example_dags/example_trigger_controller_dag.py
[2024-04-26T21:27:09.073-0300] {processor.py:830} INFO - Processing file /home/athlon/projects/airflow/.venv/lib/python3.11/site-packages/airflow/example_dags/example_trigger_controller_dag.py for tasks to queue
[2024-04-26T21:27:09.076-0300] {logging_mixin.py:188} INFO - [2024-04-26T21:27:09.076-0300] {dagbag.py:540} INFO - Filling up the DagBag from /home/athlon/projects/airflow/.venv/lib/python3.11/site-packages/airflow/example_dags/example_trigger_controller_dag.py
[2024-04-26T21:27:09.085-0300] {processor.py:840} INFO - DAG(s) 'example_trigger_controller_dag' retrieved from /home/athlon/projects/airflow/.venv/lib/python3.11/site-packages/airflow/example_dags/example_trigger_controller_dag.py
[2024-04-26T21:27:09.107-0300] {logging_mixin.py:188} INFO - [2024-04-26T21:27:09.107-0300] {dag.py:3096} INFO - Sync 1 DAGs
[2024-04-26T21:27:09.133-0300] {logging_mixin.py:188} INFO - [2024-04-26T21:27:09.133-0300] {dag.py:3954} INFO - Setting next_dagrun for example_trigger_controller_dag to 2021-01-01 00:00:00+00:00, run_after=2021-01-01 00:00:00+00:00
[2024-04-26T21:27:09.161-0300] {processor.py:183} INFO - Processing /home/athlon/projects/airflow/.venv/lib/python3.11/site-packages/airflow/example_dags/example_trigger_controller_dag.py took 0.103 seconds
[2024-04-26T21:28:07.580-0300] {processor.py:161} INFO - Started process (PID=18014) to work on /home/athlon/projects/airflow/.venv/lib/python3.11/site-packages/airflow/example_dags/example_trigger_controller_dag.py
[2024-04-26T21:28:07.586-0300] {processor.py:830} INFO - Processing file /home/athlon/projects/airflow/.venv/lib/python3.11/site-packages/airflow/example_dags/example_trigger_controller_dag.py for tasks to queue
[2024-04-26T21:28:07.589-0300] {logging_mixin.py:188} INFO - [2024-04-26T21:28:07.588-0300] {dagbag.py:540} INFO - Filling up the DagBag from /home/athlon/projects/airflow/.venv/lib/python3.11/site-packages/airflow/example_dags/example_trigger_controller_dag.py
[2024-04-26T21:28:07.597-0300] {processor.py:840} INFO - DAG(s) 'example_trigger_controller_dag' retrieved from /home/athlon/projects/airflow/.venv/lib/python3.11/site-packages/airflow/example_dags/example_trigger_controller_dag.py
[2024-04-26T21:28:07.621-0300] {logging_mixin.py:188} INFO - [2024-04-26T21:28:07.621-0300] {dag.py:3096} INFO - Sync 1 DAGs
[2024-04-26T21:28:07.648-0300] {logging_mixin.py:188} INFO - [2024-04-26T21:28:07.648-0300] {dag.py:3954} INFO - Setting next_dagrun for example_trigger_controller_dag to 2021-01-01 00:00:00+00:00, run_after=2021-01-01 00:00:00+00:00
[2024-04-26T21:28:07.679-0300] {processor.py:183} INFO - Processing /home/athlon/projects/airflow/.venv/lib/python3.11/site-packages/airflow/example_dags/example_trigger_controller_dag.py took 0.109 seconds
[2024-04-26T21:29:04.073-0300] {processor.py:161} INFO - Started process (PID=18446) to work on /home/athlon/projects/airflow/.venv/lib/python3.11/site-packages/airflow/example_dags/example_trigger_controller_dag.py
[2024-04-26T21:29:04.082-0300] {processor.py:830} INFO - Processing file /home/athlon/projects/airflow/.venv/lib/python3.11/site-packages/airflow/example_dags/example_trigger_controller_dag.py for tasks to queue
[2024-04-26T21:29:04.086-0300] {logging_mixin.py:188} INFO - [2024-04-26T21:29:04.085-0300] {dagbag.py:540} INFO - Filling up the DagBag from /home/athlon/projects/airflow/.venv/lib/python3.11/site-packages/airflow/example_dags/example_trigger_controller_dag.py
[2024-04-26T21:29:04.096-0300] {processor.py:840} INFO - DAG(s) 'example_trigger_controller_dag' retrieved from /home/athlon/projects/airflow/.venv/lib/python3.11/site-packages/airflow/example_dags/example_trigger_controller_dag.py
[2024-04-26T21:29:04.127-0300] {logging_mixin.py:188} INFO - [2024-04-26T21:29:04.126-0300] {dag.py:3096} INFO - Sync 1 DAGs
[2024-04-26T21:29:04.170-0300] {logging_mixin.py:188} INFO - [2024-04-26T21:29:04.169-0300] {dag.py:3954} INFO - Setting next_dagrun for example_trigger_controller_dag to 2021-01-01 00:00:00+00:00, run_after=2021-01-01 00:00:00+00:00
[2024-04-26T21:29:04.214-0300] {processor.py:183} INFO - Processing /home/athlon/projects/airflow/.venv/lib/python3.11/site-packages/airflow/example_dags/example_trigger_controller_dag.py took 0.151 seconds
[2024-04-26T21:30:06.366-0300] {processor.py:161} INFO - Started process (PID=18705) to work on /home/athlon/projects/airflow/.venv/lib/python3.11/site-packages/airflow/example_dags/example_trigger_controller_dag.py
[2024-04-26T21:30:06.372-0300] {processor.py:830} INFO - Processing file /home/athlon/projects/airflow/.venv/lib/python3.11/site-packages/airflow/example_dags/example_trigger_controller_dag.py for tasks to queue
[2024-04-26T21:30:06.375-0300] {logging_mixin.py:188} INFO - [2024-04-26T21:30:06.375-0300] {dagbag.py:540} INFO - Filling up the DagBag from /home/athlon/projects/airflow/.venv/lib/python3.11/site-packages/airflow/example_dags/example_trigger_controller_dag.py
[2024-04-26T21:30:06.384-0300] {processor.py:840} INFO - DAG(s) 'example_trigger_controller_dag' retrieved from /home/athlon/projects/airflow/.venv/lib/python3.11/site-packages/airflow/example_dags/example_trigger_controller_dag.py
[2024-04-26T21:30:06.408-0300] {logging_mixin.py:188} INFO - [2024-04-26T21:30:06.408-0300] {dag.py:3096} INFO - Sync 1 DAGs
[2024-04-26T21:30:06.581-0300] {logging_mixin.py:188} INFO - [2024-04-26T21:30:06.581-0300] {dag.py:3954} INFO - Setting next_dagrun for example_trigger_controller_dag to 2021-01-01 00:00:00+00:00, run_after=2021-01-01 00:00:00+00:00
[2024-04-26T21:30:06.613-0300] {processor.py:183} INFO - Processing /home/athlon/projects/airflow/.venv/lib/python3.11/site-packages/airflow/example_dags/example_trigger_controller_dag.py took 0.258 seconds
[2024-04-26T21:31:10.267-0300] {processor.py:161} INFO - Started process (PID=18785) to work on /home/athlon/projects/airflow/.venv/lib/python3.11/site-packages/airflow/example_dags/example_trigger_controller_dag.py
[2024-04-26T21:31:10.272-0300] {processor.py:830} INFO - Processing file /home/athlon/projects/airflow/.venv/lib/python3.11/site-packages/airflow/example_dags/example_trigger_controller_dag.py for tasks to queue
[2024-04-26T21:31:10.276-0300] {logging_mixin.py:188} INFO - [2024-04-26T21:31:10.275-0300] {dagbag.py:540} INFO - Filling up the DagBag from /home/athlon/projects/airflow/.venv/lib/python3.11/site-packages/airflow/example_dags/example_trigger_controller_dag.py
[2024-04-26T21:31:10.285-0300] {processor.py:840} INFO - DAG(s) 'example_trigger_controller_dag' retrieved from /home/athlon/projects/airflow/.venv/lib/python3.11/site-packages/airflow/example_dags/example_trigger_controller_dag.py
[2024-04-26T21:31:10.308-0300] {logging_mixin.py:188} INFO - [2024-04-26T21:31:10.308-0300] {dag.py:3096} INFO - Sync 1 DAGs
[2024-04-26T21:31:10.337-0300] {logging_mixin.py:188} INFO - [2024-04-26T21:31:10.336-0300] {dag.py:3954} INFO - Setting next_dagrun for example_trigger_controller_dag to 2021-01-01 00:00:00+00:00, run_after=2021-01-01 00:00:00+00:00
[2024-04-26T21:31:10.367-0300] {processor.py:183} INFO - Processing /home/athlon/projects/airflow/.venv/lib/python3.11/site-packages/airflow/example_dags/example_trigger_controller_dag.py took 0.111 seconds
[2024-04-26T21:32:10.687-0300] {processor.py:161} INFO - Started process (PID=18847) to work on /home/athlon/projects/airflow/.venv/lib/python3.11/site-packages/airflow/example_dags/example_trigger_controller_dag.py
[2024-04-26T21:32:10.693-0300] {processor.py:830} INFO - Processing file /home/athlon/projects/airflow/.venv/lib/python3.11/site-packages/airflow/example_dags/example_trigger_controller_dag.py for tasks to queue
[2024-04-26T21:32:10.697-0300] {logging_mixin.py:188} INFO - [2024-04-26T21:32:10.696-0300] {dagbag.py:540} INFO - Filling up the DagBag from /home/athlon/projects/airflow/.venv/lib/python3.11/site-packages/airflow/example_dags/example_trigger_controller_dag.py
[2024-04-26T21:32:10.705-0300] {processor.py:840} INFO - DAG(s) 'example_trigger_controller_dag' retrieved from /home/athlon/projects/airflow/.venv/lib/python3.11/site-packages/airflow/example_dags/example_trigger_controller_dag.py
[2024-04-26T21:32:10.728-0300] {logging_mixin.py:188} INFO - [2024-04-26T21:32:10.728-0300] {dag.py:3096} INFO - Sync 1 DAGs
[2024-04-26T21:32:10.756-0300] {logging_mixin.py:188} INFO - [2024-04-26T21:32:10.755-0300] {dag.py:3954} INFO - Setting next_dagrun for example_trigger_controller_dag to 2021-01-01 00:00:00+00:00, run_after=2021-01-01 00:00:00+00:00
[2024-04-26T21:32:10.786-0300] {processor.py:183} INFO - Processing /home/athlon/projects/airflow/.venv/lib/python3.11/site-packages/airflow/example_dags/example_trigger_controller_dag.py took 0.109 seconds
[2024-04-26T21:33:09.230-0300] {processor.py:161} INFO - Started process (PID=18900) to work on /home/athlon/projects/airflow/.venv/lib/python3.11/site-packages/airflow/example_dags/example_trigger_controller_dag.py
[2024-04-26T21:33:09.236-0300] {processor.py:830} INFO - Processing file /home/athlon/projects/airflow/.venv/lib/python3.11/site-packages/airflow/example_dags/example_trigger_controller_dag.py for tasks to queue
[2024-04-26T21:33:09.239-0300] {logging_mixin.py:188} INFO - [2024-04-26T21:33:09.238-0300] {dagbag.py:540} INFO - Filling up the DagBag from /home/athlon/projects/airflow/.venv/lib/python3.11/site-packages/airflow/example_dags/example_trigger_controller_dag.py
[2024-04-26T21:33:09.247-0300] {processor.py:840} INFO - DAG(s) 'example_trigger_controller_dag' retrieved from /home/athlon/projects/airflow/.venv/lib/python3.11/site-packages/airflow/example_dags/example_trigger_controller_dag.py
[2024-04-26T21:33:09.270-0300] {logging_mixin.py:188} INFO - [2024-04-26T21:33:09.270-0300] {dag.py:3096} INFO - Sync 1 DAGs
[2024-04-26T21:33:09.301-0300] {logging_mixin.py:188} INFO - [2024-04-26T21:33:09.300-0300] {dag.py:3954} INFO - Setting next_dagrun for example_trigger_controller_dag to 2021-01-01 00:00:00+00:00, run_after=2021-01-01 00:00:00+00:00
[2024-04-26T21:33:09.339-0300] {processor.py:183} INFO - Processing /home/athlon/projects/airflow/.venv/lib/python3.11/site-packages/airflow/example_dags/example_trigger_controller_dag.py took 0.119 seconds
[2024-04-26T21:34:10.658-0300] {processor.py:161} INFO - Started process (PID=19137) to work on /home/athlon/projects/airflow/.venv/lib/python3.11/site-packages/airflow/example_dags/example_trigger_controller_dag.py
[2024-04-26T21:34:10.664-0300] {processor.py:830} INFO - Processing file /home/athlon/projects/airflow/.venv/lib/python3.11/site-packages/airflow/example_dags/example_trigger_controller_dag.py for tasks to queue
[2024-04-26T21:34:10.667-0300] {logging_mixin.py:188} INFO - [2024-04-26T21:34:10.666-0300] {dagbag.py:540} INFO - Filling up the DagBag from /home/athlon/projects/airflow/.venv/lib/python3.11/site-packages/airflow/example_dags/example_trigger_controller_dag.py
[2024-04-26T21:34:10.677-0300] {processor.py:840} INFO - DAG(s) 'example_trigger_controller_dag' retrieved from /home/athlon/projects/airflow/.venv/lib/python3.11/site-packages/airflow/example_dags/example_trigger_controller_dag.py
[2024-04-26T21:34:10.706-0300] {logging_mixin.py:188} INFO - [2024-04-26T21:34:10.705-0300] {dag.py:3096} INFO - Sync 1 DAGs
[2024-04-26T21:34:10.746-0300] {logging_mixin.py:188} INFO - [2024-04-26T21:34:10.745-0300] {dag.py:3954} INFO - Setting next_dagrun for example_trigger_controller_dag to 2021-01-01 00:00:00+00:00, run_after=2021-01-01 00:00:00+00:00
[2024-04-26T21:34:10.788-0300] {processor.py:183} INFO - Processing /home/athlon/projects/airflow/.venv/lib/python3.11/site-packages/airflow/example_dags/example_trigger_controller_dag.py took 0.142 seconds
[2024-04-26T21:35:28.866-0300] {processor.py:161} INFO - Started process (PID=19217) to work on /home/athlon/projects/airflow/.venv/lib/python3.11/site-packages/airflow/example_dags/example_trigger_controller_dag.py
[2024-04-26T21:35:28.872-0300] {processor.py:830} INFO - Processing file /home/athlon/projects/airflow/.venv/lib/python3.11/site-packages/airflow/example_dags/example_trigger_controller_dag.py for tasks to queue
[2024-04-26T21:35:28.875-0300] {logging_mixin.py:188} INFO - [2024-04-26T21:35:28.874-0300] {dagbag.py:540} INFO - Filling up the DagBag from /home/athlon/projects/airflow/.venv/lib/python3.11/site-packages/airflow/example_dags/example_trigger_controller_dag.py
[2024-04-26T21:35:28.884-0300] {processor.py:840} INFO - DAG(s) 'example_trigger_controller_dag' retrieved from /home/athlon/projects/airflow/.venv/lib/python3.11/site-packages/airflow/example_dags/example_trigger_controller_dag.py
[2024-04-26T21:35:28.907-0300] {logging_mixin.py:188} INFO - [2024-04-26T21:35:28.906-0300] {dag.py:3096} INFO - Sync 1 DAGs
[2024-04-26T21:35:28.935-0300] {logging_mixin.py:188} INFO - [2024-04-26T21:35:28.934-0300] {dag.py:3954} INFO - Setting next_dagrun for example_trigger_controller_dag to 2021-01-01 00:00:00+00:00, run_after=2021-01-01 00:00:00+00:00
[2024-04-26T21:35:28.963-0300] {processor.py:183} INFO - Processing /home/athlon/projects/airflow/.venv/lib/python3.11/site-packages/airflow/example_dags/example_trigger_controller_dag.py took 0.108 seconds
[2024-04-26T21:36:28.289-0300] {processor.py:161} INFO - Started process (PID=19283) to work on /home/athlon/projects/airflow/.venv/lib/python3.11/site-packages/airflow/example_dags/example_trigger_controller_dag.py
[2024-04-26T21:36:28.290-0300] {processor.py:830} INFO - Processing file /home/athlon/projects/airflow/.venv/lib/python3.11/site-packages/airflow/example_dags/example_trigger_controller_dag.py for tasks to queue
[2024-04-26T21:36:28.293-0300] {logging_mixin.py:188} INFO - [2024-04-26T21:36:28.292-0300] {dagbag.py:540} INFO - Filling up the DagBag from /home/athlon/projects/airflow/.venv/lib/python3.11/site-packages/airflow/example_dags/example_trigger_controller_dag.py
[2024-04-26T21:36:28.301-0300] {processor.py:840} INFO - DAG(s) 'example_trigger_controller_dag' retrieved from /home/athlon/projects/airflow/.venv/lib/python3.11/site-packages/airflow/example_dags/example_trigger_controller_dag.py
[2024-04-26T21:36:28.323-0300] {logging_mixin.py:188} INFO - [2024-04-26T21:36:28.323-0300] {dag.py:3096} INFO - Sync 1 DAGs
[2024-04-26T21:36:28.350-0300] {logging_mixin.py:188} INFO - [2024-04-26T21:36:28.350-0300] {dag.py:3954} INFO - Setting next_dagrun for example_trigger_controller_dag to 2021-01-01 00:00:00+00:00, run_after=2021-01-01 00:00:00+00:00
[2024-04-26T21:36:28.380-0300] {processor.py:183} INFO - Processing /home/athlon/projects/airflow/.venv/lib/python3.11/site-packages/airflow/example_dags/example_trigger_controller_dag.py took 0.102 seconds
[2024-04-26T21:37:26.270-0300] {processor.py:161} INFO - Started process (PID=19349) to work on /home/athlon/projects/airflow/.venv/lib/python3.11/site-packages/airflow/example_dags/example_trigger_controller_dag.py
[2024-04-26T21:37:26.276-0300] {processor.py:830} INFO - Processing file /home/athlon/projects/airflow/.venv/lib/python3.11/site-packages/airflow/example_dags/example_trigger_controller_dag.py for tasks to queue
[2024-04-26T21:37:26.278-0300] {logging_mixin.py:188} INFO - [2024-04-26T21:37:26.278-0300] {dagbag.py:540} INFO - Filling up the DagBag from /home/athlon/projects/airflow/.venv/lib/python3.11/site-packages/airflow/example_dags/example_trigger_controller_dag.py
[2024-04-26T21:37:26.287-0300] {processor.py:840} INFO - DAG(s) 'example_trigger_controller_dag' retrieved from /home/athlon/projects/airflow/.venv/lib/python3.11/site-packages/airflow/example_dags/example_trigger_controller_dag.py
[2024-04-26T21:37:26.311-0300] {logging_mixin.py:188} INFO - [2024-04-26T21:37:26.310-0300] {dag.py:3096} INFO - Sync 1 DAGs
[2024-04-26T21:37:26.342-0300] {logging_mixin.py:188} INFO - [2024-04-26T21:37:26.341-0300] {dag.py:3954} INFO - Setting next_dagrun for example_trigger_controller_dag to 2021-01-01 00:00:00+00:00, run_after=2021-01-01 00:00:00+00:00
[2024-04-26T21:37:26.371-0300] {processor.py:183} INFO - Processing /home/athlon/projects/airflow/.venv/lib/python3.11/site-packages/airflow/example_dags/example_trigger_controller_dag.py took 0.112 seconds
[2024-04-26T21:38:26.125-0300] {processor.py:161} INFO - Started process (PID=19416) to work on /home/athlon/projects/airflow/.venv/lib/python3.11/site-packages/airflow/example_dags/example_trigger_controller_dag.py
[2024-04-26T21:38:26.131-0300] {processor.py:830} INFO - Processing file /home/athlon/projects/airflow/.venv/lib/python3.11/site-packages/airflow/example_dags/example_trigger_controller_dag.py for tasks to queue
[2024-04-26T21:38:26.133-0300] {logging_mixin.py:188} INFO - [2024-04-26T21:38:26.133-0300] {dagbag.py:540} INFO - Filling up the DagBag from /home/athlon/projects/airflow/.venv/lib/python3.11/site-packages/airflow/example_dags/example_trigger_controller_dag.py
[2024-04-26T21:38:26.142-0300] {processor.py:840} INFO - DAG(s) 'example_trigger_controller_dag' retrieved from /home/athlon/projects/airflow/.venv/lib/python3.11/site-packages/airflow/example_dags/example_trigger_controller_dag.py
[2024-04-26T21:38:26.165-0300] {logging_mixin.py:188} INFO - [2024-04-26T21:38:26.165-0300] {dag.py:3096} INFO - Sync 1 DAGs
[2024-04-26T21:38:26.192-0300] {logging_mixin.py:188} INFO - [2024-04-26T21:38:26.192-0300] {dag.py:3954} INFO - Setting next_dagrun for example_trigger_controller_dag to 2021-01-01 00:00:00+00:00, run_after=2021-01-01 00:00:00+00:00
[2024-04-26T21:38:26.222-0300] {processor.py:183} INFO - Processing /home/athlon/projects/airflow/.venv/lib/python3.11/site-packages/airflow/example_dags/example_trigger_controller_dag.py took 0.108 seconds
[2024-04-26T21:39:24.250-0300] {processor.py:161} INFO - Started process (PID=19514) to work on /home/athlon/projects/airflow/.venv/lib/python3.11/site-packages/airflow/example_dags/example_trigger_controller_dag.py
[2024-04-26T21:39:24.256-0300] {processor.py:830} INFO - Processing file /home/athlon/projects/airflow/.venv/lib/python3.11/site-packages/airflow/example_dags/example_trigger_controller_dag.py for tasks to queue
[2024-04-26T21:39:24.258-0300] {logging_mixin.py:188} INFO - [2024-04-26T21:39:24.257-0300] {dagbag.py:540} INFO - Filling up the DagBag from /home/athlon/projects/airflow/.venv/lib/python3.11/site-packages/airflow/example_dags/example_trigger_controller_dag.py
[2024-04-26T21:39:24.267-0300] {processor.py:840} INFO - DAG(s) 'example_trigger_controller_dag' retrieved from /home/athlon/projects/airflow/.venv/lib/python3.11/site-packages/airflow/example_dags/example_trigger_controller_dag.py
[2024-04-26T21:39:24.291-0300] {logging_mixin.py:188} INFO - [2024-04-26T21:39:24.290-0300] {dag.py:3096} INFO - Sync 1 DAGs
[2024-04-26T21:39:24.319-0300] {logging_mixin.py:188} INFO - [2024-04-26T21:39:24.318-0300] {dag.py:3954} INFO - Setting next_dagrun for example_trigger_controller_dag to 2021-01-01 00:00:00+00:00, run_after=2021-01-01 00:00:00+00:00
[2024-04-26T21:39:24.348-0300] {processor.py:183} INFO - Processing /home/athlon/projects/airflow/.venv/lib/python3.11/site-packages/airflow/example_dags/example_trigger_controller_dag.py took 0.109 seconds
[2024-04-26T21:40:27.070-0300] {processor.py:161} INFO - Started process (PID=19654) to work on /home/athlon/projects/airflow/.venv/lib/python3.11/site-packages/airflow/example_dags/example_trigger_controller_dag.py
[2024-04-26T21:40:27.076-0300] {processor.py:830} INFO - Processing file /home/athlon/projects/airflow/.venv/lib/python3.11/site-packages/airflow/example_dags/example_trigger_controller_dag.py for tasks to queue
[2024-04-26T21:40:27.079-0300] {logging_mixin.py:188} INFO - [2024-04-26T21:40:27.078-0300] {dagbag.py:540} INFO - Filling up the DagBag from /home/athlon/projects/airflow/.venv/lib/python3.11/site-packages/airflow/example_dags/example_trigger_controller_dag.py
[2024-04-26T21:40:27.088-0300] {processor.py:840} INFO - DAG(s) 'example_trigger_controller_dag' retrieved from /home/athlon/projects/airflow/.venv/lib/python3.11/site-packages/airflow/example_dags/example_trigger_controller_dag.py
[2024-04-26T21:40:27.112-0300] {logging_mixin.py:188} INFO - [2024-04-26T21:40:27.111-0300] {dag.py:3096} INFO - Sync 1 DAGs
[2024-04-26T21:40:27.141-0300] {logging_mixin.py:188} INFO - [2024-04-26T21:40:27.141-0300] {dag.py:3954} INFO - Setting next_dagrun for example_trigger_controller_dag to 2021-01-01 00:00:00+00:00, run_after=2021-01-01 00:00:00+00:00
[2024-04-26T21:40:27.171-0300] {processor.py:183} INFO - Processing /home/athlon/projects/airflow/.venv/lib/python3.11/site-packages/airflow/example_dags/example_trigger_controller_dag.py took 0.112 seconds
[2024-04-26T21:41:23.203-0300] {processor.py:161} INFO - Started process (PID=19751) to work on /home/athlon/projects/airflow/.venv/lib/python3.11/site-packages/airflow/example_dags/example_trigger_controller_dag.py
[2024-04-26T21:41:23.209-0300] {processor.py:830} INFO - Processing file /home/athlon/projects/airflow/.venv/lib/python3.11/site-packages/airflow/example_dags/example_trigger_controller_dag.py for tasks to queue
[2024-04-26T21:41:23.212-0300] {logging_mixin.py:188} INFO - [2024-04-26T21:41:23.211-0300] {dagbag.py:540} INFO - Filling up the DagBag from /home/athlon/projects/airflow/.venv/lib/python3.11/site-packages/airflow/example_dags/example_trigger_controller_dag.py
[2024-04-26T21:41:23.221-0300] {processor.py:840} INFO - DAG(s) 'example_trigger_controller_dag' retrieved from /home/athlon/projects/airflow/.venv/lib/python3.11/site-packages/airflow/example_dags/example_trigger_controller_dag.py
[2024-04-26T21:41:23.244-0300] {logging_mixin.py:188} INFO - [2024-04-26T21:41:23.244-0300] {dag.py:3096} INFO - Sync 1 DAGs
[2024-04-26T21:41:23.273-0300] {logging_mixin.py:188} INFO - [2024-04-26T21:41:23.273-0300] {dag.py:3954} INFO - Setting next_dagrun for example_trigger_controller_dag to 2021-01-01 00:00:00+00:00, run_after=2021-01-01 00:00:00+00:00
[2024-04-26T21:41:23.303-0300] {processor.py:183} INFO - Processing /home/athlon/projects/airflow/.venv/lib/python3.11/site-packages/airflow/example_dags/example_trigger_controller_dag.py took 0.110 seconds
[2024-04-26T21:42:20.609-0300] {processor.py:161} INFO - Started process (PID=19826) to work on /home/athlon/projects/airflow/.venv/lib/python3.11/site-packages/airflow/example_dags/example_trigger_controller_dag.py
[2024-04-26T21:42:20.615-0300] {processor.py:830} INFO - Processing file /home/athlon/projects/airflow/.venv/lib/python3.11/site-packages/airflow/example_dags/example_trigger_controller_dag.py for tasks to queue
[2024-04-26T21:42:20.618-0300] {logging_mixin.py:188} INFO - [2024-04-26T21:42:20.617-0300] {dagbag.py:540} INFO - Filling up the DagBag from /home/athlon/projects/airflow/.venv/lib/python3.11/site-packages/airflow/example_dags/example_trigger_controller_dag.py
[2024-04-26T21:42:20.627-0300] {processor.py:840} INFO - DAG(s) 'example_trigger_controller_dag' retrieved from /home/athlon/projects/airflow/.venv/lib/python3.11/site-packages/airflow/example_dags/example_trigger_controller_dag.py
[2024-04-26T21:42:20.651-0300] {logging_mixin.py:188} INFO - [2024-04-26T21:42:20.650-0300] {dag.py:3096} INFO - Sync 1 DAGs
[2024-04-26T21:42:20.679-0300] {logging_mixin.py:188} INFO - [2024-04-26T21:42:20.679-0300] {dag.py:3954} INFO - Setting next_dagrun for example_trigger_controller_dag to 2021-01-01 00:00:00+00:00, run_after=2021-01-01 00:00:00+00:00
[2024-04-26T21:42:20.711-0300] {processor.py:183} INFO - Processing /home/athlon/projects/airflow/.venv/lib/python3.11/site-packages/airflow/example_dags/example_trigger_controller_dag.py took 0.112 seconds
[2024-04-26T21:43:22.798-0300] {processor.py:161} INFO - Started process (PID=19892) to work on /home/athlon/projects/airflow/.venv/lib/python3.11/site-packages/airflow/example_dags/example_trigger_controller_dag.py
[2024-04-26T21:43:22.804-0300] {processor.py:830} INFO - Processing file /home/athlon/projects/airflow/.venv/lib/python3.11/site-packages/airflow/example_dags/example_trigger_controller_dag.py for tasks to queue
[2024-04-26T21:43:22.807-0300] {logging_mixin.py:188} INFO - [2024-04-26T21:43:22.806-0300] {dagbag.py:540} INFO - Filling up the DagBag from /home/athlon/projects/airflow/.venv/lib/python3.11/site-packages/airflow/example_dags/example_trigger_controller_dag.py
[2024-04-26T21:43:22.815-0300] {processor.py:840} INFO - DAG(s) 'example_trigger_controller_dag' retrieved from /home/athlon/projects/airflow/.venv/lib/python3.11/site-packages/airflow/example_dags/example_trigger_controller_dag.py
[2024-04-26T21:43:22.840-0300] {logging_mixin.py:188} INFO - [2024-04-26T21:43:22.839-0300] {dag.py:3096} INFO - Sync 1 DAGs
[2024-04-26T21:43:22.869-0300] {logging_mixin.py:188} INFO - [2024-04-26T21:43:22.869-0300] {dag.py:3954} INFO - Setting next_dagrun for example_trigger_controller_dag to 2021-01-01 00:00:00+00:00, run_after=2021-01-01 00:00:00+00:00
[2024-04-26T21:43:22.899-0300] {processor.py:183} INFO - Processing /home/athlon/projects/airflow/.venv/lib/python3.11/site-packages/airflow/example_dags/example_trigger_controller_dag.py took 0.111 seconds
[2024-04-26T21:44:18.016-0300] {processor.py:161} INFO - Started process (PID=19962) to work on /home/athlon/projects/airflow/.venv/lib/python3.11/site-packages/airflow/example_dags/example_trigger_controller_dag.py
[2024-04-26T21:44:18.021-0300] {processor.py:830} INFO - Processing file /home/athlon/projects/airflow/.venv/lib/python3.11/site-packages/airflow/example_dags/example_trigger_controller_dag.py for tasks to queue
[2024-04-26T21:44:18.023-0300] {logging_mixin.py:188} INFO - [2024-04-26T21:44:18.023-0300] {dagbag.py:540} INFO - Filling up the DagBag from /home/athlon/projects/airflow/.venv/lib/python3.11/site-packages/airflow/example_dags/example_trigger_controller_dag.py
[2024-04-26T21:44:18.031-0300] {processor.py:840} INFO - DAG(s) 'example_trigger_controller_dag' retrieved from /home/athlon/projects/airflow/.venv/lib/python3.11/site-packages/airflow/example_dags/example_trigger_controller_dag.py
[2024-04-26T21:44:18.053-0300] {logging_mixin.py:188} INFO - [2024-04-26T21:44:18.053-0300] {dag.py:3096} INFO - Sync 1 DAGs
[2024-04-26T21:44:18.083-0300] {logging_mixin.py:188} INFO - [2024-04-26T21:44:18.082-0300] {dag.py:3954} INFO - Setting next_dagrun for example_trigger_controller_dag to 2021-01-01 00:00:00+00:00, run_after=2021-01-01 00:00:00+00:00
[2024-04-26T21:44:18.112-0300] {processor.py:183} INFO - Processing /home/athlon/projects/airflow/.venv/lib/python3.11/site-packages/airflow/example_dags/example_trigger_controller_dag.py took 0.105 seconds
[2024-04-26T21:45:09.742-0300] {processor.py:161} INFO - Started process (PID=20022) to work on /home/athlon/projects/airflow/.venv/lib/python3.11/site-packages/airflow/example_dags/example_trigger_controller_dag.py
[2024-04-26T21:45:09.748-0300] {processor.py:830} INFO - Processing file /home/athlon/projects/airflow/.venv/lib/python3.11/site-packages/airflow/example_dags/example_trigger_controller_dag.py for tasks to queue
[2024-04-26T21:45:09.751-0300] {logging_mixin.py:188} INFO - [2024-04-26T21:45:09.750-0300] {dagbag.py:540} INFO - Filling up the DagBag from /home/athlon/projects/airflow/.venv/lib/python3.11/site-packages/airflow/example_dags/example_trigger_controller_dag.py
[2024-04-26T21:45:09.758-0300] {processor.py:840} INFO - DAG(s) 'example_trigger_controller_dag' retrieved from /home/athlon/projects/airflow/.venv/lib/python3.11/site-packages/airflow/example_dags/example_trigger_controller_dag.py
[2024-04-26T21:45:09.781-0300] {logging_mixin.py:188} INFO - [2024-04-26T21:45:09.780-0300] {dag.py:3096} INFO - Sync 1 DAGs
[2024-04-26T21:45:09.810-0300] {logging_mixin.py:188} INFO - [2024-04-26T21:45:09.809-0300] {dag.py:3954} INFO - Setting next_dagrun for example_trigger_controller_dag to 2021-01-01 00:00:00+00:00, run_after=2021-01-01 00:00:00+00:00
[2024-04-26T21:45:09.842-0300] {processor.py:183} INFO - Processing /home/athlon/projects/airflow/.venv/lib/python3.11/site-packages/airflow/example_dags/example_trigger_controller_dag.py took 0.110 seconds
[2024-04-26T21:46:07.403-0300] {processor.py:161} INFO - Started process (PID=20086) to work on /home/athlon/projects/airflow/.venv/lib/python3.11/site-packages/airflow/example_dags/example_trigger_controller_dag.py
[2024-04-26T21:46:07.408-0300] {processor.py:830} INFO - Processing file /home/athlon/projects/airflow/.venv/lib/python3.11/site-packages/airflow/example_dags/example_trigger_controller_dag.py for tasks to queue
[2024-04-26T21:46:07.411-0300] {logging_mixin.py:188} INFO - [2024-04-26T21:46:07.410-0300] {dagbag.py:540} INFO - Filling up the DagBag from /home/athlon/projects/airflow/.venv/lib/python3.11/site-packages/airflow/example_dags/example_trigger_controller_dag.py
[2024-04-26T21:46:07.420-0300] {processor.py:840} INFO - DAG(s) 'example_trigger_controller_dag' retrieved from /home/athlon/projects/airflow/.venv/lib/python3.11/site-packages/airflow/example_dags/example_trigger_controller_dag.py
[2024-04-26T21:46:07.444-0300] {logging_mixin.py:188} INFO - [2024-04-26T21:46:07.443-0300] {dag.py:3096} INFO - Sync 1 DAGs
[2024-04-26T21:46:07.472-0300] {logging_mixin.py:188} INFO - [2024-04-26T21:46:07.472-0300] {dag.py:3954} INFO - Setting next_dagrun for example_trigger_controller_dag to 2021-01-01 00:00:00+00:00, run_after=2021-01-01 00:00:00+00:00
[2024-04-26T21:46:07.502-0300] {processor.py:183} INFO - Processing /home/athlon/projects/airflow/.venv/lib/python3.11/site-packages/airflow/example_dags/example_trigger_controller_dag.py took 0.111 seconds
[2024-04-26T21:47:06.827-0300] {processor.py:161} INFO - Started process (PID=20151) to work on /home/athlon/projects/airflow/.venv/lib/python3.11/site-packages/airflow/example_dags/example_trigger_controller_dag.py
[2024-04-26T21:47:06.833-0300] {processor.py:830} INFO - Processing file /home/athlon/projects/airflow/.venv/lib/python3.11/site-packages/airflow/example_dags/example_trigger_controller_dag.py for tasks to queue
[2024-04-26T21:47:06.836-0300] {logging_mixin.py:188} INFO - [2024-04-26T21:47:06.835-0300] {dagbag.py:540} INFO - Filling up the DagBag from /home/athlon/projects/airflow/.venv/lib/python3.11/site-packages/airflow/example_dags/example_trigger_controller_dag.py
[2024-04-26T21:47:06.845-0300] {processor.py:840} INFO - DAG(s) 'example_trigger_controller_dag' retrieved from /home/athlon/projects/airflow/.venv/lib/python3.11/site-packages/airflow/example_dags/example_trigger_controller_dag.py
[2024-04-26T21:47:06.868-0300] {logging_mixin.py:188} INFO - [2024-04-26T21:47:06.868-0300] {dag.py:3096} INFO - Sync 1 DAGs
[2024-04-26T21:47:06.896-0300] {logging_mixin.py:188} INFO - [2024-04-26T21:47:06.896-0300] {dag.py:3954} INFO - Setting next_dagrun for example_trigger_controller_dag to 2021-01-01 00:00:00+00:00, run_after=2021-01-01 00:00:00+00:00
[2024-04-26T21:47:06.926-0300] {processor.py:183} INFO - Processing /home/athlon/projects/airflow/.venv/lib/python3.11/site-packages/airflow/example_dags/example_trigger_controller_dag.py took 0.109 seconds
[2024-04-26T21:48:03.632-0300] {processor.py:161} INFO - Started process (PID=20217) to work on /home/athlon/projects/airflow/.venv/lib/python3.11/site-packages/airflow/example_dags/example_trigger_controller_dag.py
[2024-04-26T21:48:03.637-0300] {processor.py:830} INFO - Processing file /home/athlon/projects/airflow/.venv/lib/python3.11/site-packages/airflow/example_dags/example_trigger_controller_dag.py for tasks to queue
[2024-04-26T21:48:03.640-0300] {logging_mixin.py:188} INFO - [2024-04-26T21:48:03.640-0300] {dagbag.py:540} INFO - Filling up the DagBag from /home/athlon/projects/airflow/.venv/lib/python3.11/site-packages/airflow/example_dags/example_trigger_controller_dag.py
[2024-04-26T21:48:03.649-0300] {processor.py:840} INFO - DAG(s) 'example_trigger_controller_dag' retrieved from /home/athlon/projects/airflow/.venv/lib/python3.11/site-packages/airflow/example_dags/example_trigger_controller_dag.py
[2024-04-26T21:48:03.673-0300] {logging_mixin.py:188} INFO - [2024-04-26T21:48:03.673-0300] {dag.py:3096} INFO - Sync 1 DAGs
[2024-04-26T21:48:03.701-0300] {logging_mixin.py:188} INFO - [2024-04-26T21:48:03.701-0300] {dag.py:3954} INFO - Setting next_dagrun for example_trigger_controller_dag to 2021-01-01 00:00:00+00:00, run_after=2021-01-01 00:00:00+00:00
[2024-04-26T21:48:03.732-0300] {processor.py:183} INFO - Processing /home/athlon/projects/airflow/.venv/lib/python3.11/site-packages/airflow/example_dags/example_trigger_controller_dag.py took 0.111 seconds
[2024-04-26T21:48:57.591-0300] {processor.py:161} INFO - Started process (PID=20281) to work on /home/athlon/projects/airflow/.venv/lib/python3.11/site-packages/airflow/example_dags/example_trigger_controller_dag.py
[2024-04-26T21:48:57.596-0300] {processor.py:830} INFO - Processing file /home/athlon/projects/airflow/.venv/lib/python3.11/site-packages/airflow/example_dags/example_trigger_controller_dag.py for tasks to queue
[2024-04-26T21:48:57.599-0300] {logging_mixin.py:188} INFO - [2024-04-26T21:48:57.598-0300] {dagbag.py:540} INFO - Filling up the DagBag from /home/athlon/projects/airflow/.venv/lib/python3.11/site-packages/airflow/example_dags/example_trigger_controller_dag.py
[2024-04-26T21:48:57.608-0300] {processor.py:840} INFO - DAG(s) 'example_trigger_controller_dag' retrieved from /home/athlon/projects/airflow/.venv/lib/python3.11/site-packages/airflow/example_dags/example_trigger_controller_dag.py
[2024-04-26T21:48:57.631-0300] {logging_mixin.py:188} INFO - [2024-04-26T21:48:57.631-0300] {dag.py:3096} INFO - Sync 1 DAGs
[2024-04-26T21:48:57.659-0300] {logging_mixin.py:188} INFO - [2024-04-26T21:48:57.659-0300] {dag.py:3954} INFO - Setting next_dagrun for example_trigger_controller_dag to 2021-01-01 00:00:00+00:00, run_after=2021-01-01 00:00:00+00:00
[2024-04-26T21:48:57.688-0300] {processor.py:183} INFO - Processing /home/athlon/projects/airflow/.venv/lib/python3.11/site-packages/airflow/example_dags/example_trigger_controller_dag.py took 0.108 seconds
[2024-04-26T21:49:52.643-0300] {processor.py:161} INFO - Started process (PID=20345) to work on /home/athlon/projects/airflow/.venv/lib/python3.11/site-packages/airflow/example_dags/example_trigger_controller_dag.py
[2024-04-26T21:49:52.649-0300] {processor.py:830} INFO - Processing file /home/athlon/projects/airflow/.venv/lib/python3.11/site-packages/airflow/example_dags/example_trigger_controller_dag.py for tasks to queue
[2024-04-26T21:49:52.652-0300] {logging_mixin.py:188} INFO - [2024-04-26T21:49:52.651-0300] {dagbag.py:540} INFO - Filling up the DagBag from /home/athlon/projects/airflow/.venv/lib/python3.11/site-packages/airflow/example_dags/example_trigger_controller_dag.py
[2024-04-26T21:49:52.661-0300] {processor.py:840} INFO - DAG(s) 'example_trigger_controller_dag' retrieved from /home/athlon/projects/airflow/.venv/lib/python3.11/site-packages/airflow/example_dags/example_trigger_controller_dag.py
[2024-04-26T21:49:52.684-0300] {logging_mixin.py:188} INFO - [2024-04-26T21:49:52.684-0300] {dag.py:3096} INFO - Sync 1 DAGs
[2024-04-26T21:49:52.713-0300] {logging_mixin.py:188} INFO - [2024-04-26T21:49:52.712-0300] {dag.py:3954} INFO - Setting next_dagrun for example_trigger_controller_dag to 2021-01-01 00:00:00+00:00, run_after=2021-01-01 00:00:00+00:00
[2024-04-26T21:49:52.743-0300] {processor.py:183} INFO - Processing /home/athlon/projects/airflow/.venv/lib/python3.11/site-packages/airflow/example_dags/example_trigger_controller_dag.py took 0.110 seconds
[2024-04-26T21:50:49.902-0300] {processor.py:161} INFO - Started process (PID=20422) to work on /home/athlon/projects/airflow/.venv/lib/python3.11/site-packages/airflow/example_dags/example_trigger_controller_dag.py
[2024-04-26T21:50:49.908-0300] {processor.py:830} INFO - Processing file /home/athlon/projects/airflow/.venv/lib/python3.11/site-packages/airflow/example_dags/example_trigger_controller_dag.py for tasks to queue
[2024-04-26T21:50:49.911-0300] {logging_mixin.py:188} INFO - [2024-04-26T21:50:49.911-0300] {dagbag.py:540} INFO - Filling up the DagBag from /home/athlon/projects/airflow/.venv/lib/python3.11/site-packages/airflow/example_dags/example_trigger_controller_dag.py
[2024-04-26T21:50:49.922-0300] {processor.py:840} INFO - DAG(s) 'example_trigger_controller_dag' retrieved from /home/athlon/projects/airflow/.venv/lib/python3.11/site-packages/airflow/example_dags/example_trigger_controller_dag.py
[2024-04-26T21:50:49.948-0300] {logging_mixin.py:188} INFO - [2024-04-26T21:50:49.948-0300] {dag.py:3096} INFO - Sync 1 DAGs
[2024-04-26T21:50:49.980-0300] {logging_mixin.py:188} INFO - [2024-04-26T21:50:49.980-0300] {dag.py:3954} INFO - Setting next_dagrun for example_trigger_controller_dag to 2021-01-01 00:00:00+00:00, run_after=2021-01-01 00:00:00+00:00
[2024-04-26T21:50:50.028-0300] {processor.py:183} INFO - Processing /home/athlon/projects/airflow/.venv/lib/python3.11/site-packages/airflow/example_dags/example_trigger_controller_dag.py took 0.138 seconds
[2024-04-26T21:51:45.335-0300] {processor.py:161} INFO - Started process (PID=20486) to work on /home/athlon/projects/airflow/.venv/lib/python3.11/site-packages/airflow/example_dags/example_trigger_controller_dag.py
[2024-04-26T21:51:45.340-0300] {processor.py:830} INFO - Processing file /home/athlon/projects/airflow/.venv/lib/python3.11/site-packages/airflow/example_dags/example_trigger_controller_dag.py for tasks to queue
[2024-04-26T21:51:45.343-0300] {logging_mixin.py:188} INFO - [2024-04-26T21:51:45.342-0300] {dagbag.py:540} INFO - Filling up the DagBag from /home/athlon/projects/airflow/.venv/lib/python3.11/site-packages/airflow/example_dags/example_trigger_controller_dag.py
[2024-04-26T21:51:45.350-0300] {processor.py:840} INFO - DAG(s) 'example_trigger_controller_dag' retrieved from /home/athlon/projects/airflow/.venv/lib/python3.11/site-packages/airflow/example_dags/example_trigger_controller_dag.py
[2024-04-26T21:51:45.371-0300] {logging_mixin.py:188} INFO - [2024-04-26T21:51:45.370-0300] {dag.py:3096} INFO - Sync 1 DAGs
[2024-04-26T21:51:45.399-0300] {logging_mixin.py:188} INFO - [2024-04-26T21:51:45.398-0300] {dag.py:3954} INFO - Setting next_dagrun for example_trigger_controller_dag to 2021-01-01 00:00:00+00:00, run_after=2021-01-01 00:00:00+00:00
[2024-04-26T21:51:45.429-0300] {processor.py:183} INFO - Processing /home/athlon/projects/airflow/.venv/lib/python3.11/site-packages/airflow/example_dags/example_trigger_controller_dag.py took 0.103 seconds
[2024-04-26T21:52:42.398-0300] {processor.py:161} INFO - Started process (PID=20662) to work on /home/athlon/projects/airflow/.venv/lib/python3.11/site-packages/airflow/example_dags/example_trigger_controller_dag.py
[2024-04-26T21:52:42.404-0300] {processor.py:830} INFO - Processing file /home/athlon/projects/airflow/.venv/lib/python3.11/site-packages/airflow/example_dags/example_trigger_controller_dag.py for tasks to queue
[2024-04-26T21:52:42.406-0300] {logging_mixin.py:188} INFO - [2024-04-26T21:52:42.406-0300] {dagbag.py:540} INFO - Filling up the DagBag from /home/athlon/projects/airflow/.venv/lib/python3.11/site-packages/airflow/example_dags/example_trigger_controller_dag.py
[2024-04-26T21:52:42.415-0300] {processor.py:840} INFO - DAG(s) 'example_trigger_controller_dag' retrieved from /home/athlon/projects/airflow/.venv/lib/python3.11/site-packages/airflow/example_dags/example_trigger_controller_dag.py
[2024-04-26T21:52:42.437-0300] {logging_mixin.py:188} INFO - [2024-04-26T21:52:42.436-0300] {dag.py:3096} INFO - Sync 1 DAGs
[2024-04-26T21:52:42.465-0300] {logging_mixin.py:188} INFO - [2024-04-26T21:52:42.465-0300] {dag.py:3954} INFO - Setting next_dagrun for example_trigger_controller_dag to 2021-01-01 00:00:00+00:00, run_after=2021-01-01 00:00:00+00:00
[2024-04-26T21:52:42.496-0300] {processor.py:183} INFO - Processing /home/athlon/projects/airflow/.venv/lib/python3.11/site-packages/airflow/example_dags/example_trigger_controller_dag.py took 0.107 seconds
[2024-04-26T21:53:39.440-0300] {processor.py:161} INFO - Started process (PID=20723) to work on /home/athlon/projects/airflow/.venv/lib/python3.11/site-packages/airflow/example_dags/example_trigger_controller_dag.py
[2024-04-26T21:53:39.446-0300] {processor.py:830} INFO - Processing file /home/athlon/projects/airflow/.venv/lib/python3.11/site-packages/airflow/example_dags/example_trigger_controller_dag.py for tasks to queue
[2024-04-26T21:53:39.449-0300] {logging_mixin.py:188} INFO - [2024-04-26T21:53:39.448-0300] {dagbag.py:540} INFO - Filling up the DagBag from /home/athlon/projects/airflow/.venv/lib/python3.11/site-packages/airflow/example_dags/example_trigger_controller_dag.py
[2024-04-26T21:53:39.458-0300] {processor.py:840} INFO - DAG(s) 'example_trigger_controller_dag' retrieved from /home/athlon/projects/airflow/.venv/lib/python3.11/site-packages/airflow/example_dags/example_trigger_controller_dag.py
[2024-04-26T21:53:39.483-0300] {logging_mixin.py:188} INFO - [2024-04-26T21:53:39.482-0300] {dag.py:3096} INFO - Sync 1 DAGs
[2024-04-26T21:53:39.511-0300] {logging_mixin.py:188} INFO - [2024-04-26T21:53:39.511-0300] {dag.py:3954} INFO - Setting next_dagrun for example_trigger_controller_dag to 2021-01-01 00:00:00+00:00, run_after=2021-01-01 00:00:00+00:00
[2024-04-26T21:53:39.542-0300] {processor.py:183} INFO - Processing /home/athlon/projects/airflow/.venv/lib/python3.11/site-packages/airflow/example_dags/example_trigger_controller_dag.py took 0.113 seconds
[2024-04-26T21:54:40.036-0300] {processor.py:161} INFO - Started process (PID=20845) to work on /home/athlon/projects/airflow/.venv/lib/python3.11/site-packages/airflow/example_dags/example_trigger_controller_dag.py
[2024-04-26T21:54:40.042-0300] {processor.py:830} INFO - Processing file /home/athlon/projects/airflow/.venv/lib/python3.11/site-packages/airflow/example_dags/example_trigger_controller_dag.py for tasks to queue
[2024-04-26T21:54:40.045-0300] {logging_mixin.py:188} INFO - [2024-04-26T21:54:40.044-0300] {dagbag.py:540} INFO - Filling up the DagBag from /home/athlon/projects/airflow/.venv/lib/python3.11/site-packages/airflow/example_dags/example_trigger_controller_dag.py
[2024-04-26T21:54:40.054-0300] {processor.py:840} INFO - DAG(s) 'example_trigger_controller_dag' retrieved from /home/athlon/projects/airflow/.venv/lib/python3.11/site-packages/airflow/example_dags/example_trigger_controller_dag.py
[2024-04-26T21:54:40.078-0300] {logging_mixin.py:188} INFO - [2024-04-26T21:54:40.078-0300] {dag.py:3096} INFO - Sync 1 DAGs
[2024-04-26T21:54:40.107-0300] {logging_mixin.py:188} INFO - [2024-04-26T21:54:40.107-0300] {dag.py:3954} INFO - Setting next_dagrun for example_trigger_controller_dag to 2021-01-01 00:00:00+00:00, run_after=2021-01-01 00:00:00+00:00
[2024-04-26T21:54:40.138-0300] {processor.py:183} INFO - Processing /home/athlon/projects/airflow/.venv/lib/python3.11/site-packages/airflow/example_dags/example_trigger_controller_dag.py took 0.113 seconds
[2024-04-26T21:55:33.096-0300] {processor.py:161} INFO - Started process (PID=21543) to work on /home/athlon/projects/airflow/.venv/lib/python3.11/site-packages/airflow/example_dags/example_trigger_controller_dag.py
[2024-04-26T21:55:33.102-0300] {processor.py:830} INFO - Processing file /home/athlon/projects/airflow/.venv/lib/python3.11/site-packages/airflow/example_dags/example_trigger_controller_dag.py for tasks to queue
[2024-04-26T21:55:33.105-0300] {logging_mixin.py:188} INFO - [2024-04-26T21:55:33.104-0300] {dagbag.py:540} INFO - Filling up the DagBag from /home/athlon/projects/airflow/.venv/lib/python3.11/site-packages/airflow/example_dags/example_trigger_controller_dag.py
[2024-04-26T21:55:33.115-0300] {processor.py:840} INFO - DAG(s) 'example_trigger_controller_dag' retrieved from /home/athlon/projects/airflow/.venv/lib/python3.11/site-packages/airflow/example_dags/example_trigger_controller_dag.py
[2024-04-26T21:55:33.139-0300] {logging_mixin.py:188} INFO - [2024-04-26T21:55:33.138-0300] {dag.py:3096} INFO - Sync 1 DAGs
[2024-04-26T21:55:33.167-0300] {logging_mixin.py:188} INFO - [2024-04-26T21:55:33.166-0300] {dag.py:3954} INFO - Setting next_dagrun for example_trigger_controller_dag to 2021-01-01 00:00:00+00:00, run_after=2021-01-01 00:00:00+00:00
[2024-04-26T21:55:33.198-0300] {processor.py:183} INFO - Processing /home/athlon/projects/airflow/.venv/lib/python3.11/site-packages/airflow/example_dags/example_trigger_controller_dag.py took 0.111 seconds
[2024-04-26T21:56:35.058-0300] {processor.py:161} INFO - Started process (PID=21611) to work on /home/athlon/projects/airflow/.venv/lib/python3.11/site-packages/airflow/example_dags/example_trigger_controller_dag.py
[2024-04-26T21:56:35.065-0300] {processor.py:830} INFO - Processing file /home/athlon/projects/airflow/.venv/lib/python3.11/site-packages/airflow/example_dags/example_trigger_controller_dag.py for tasks to queue
[2024-04-26T21:56:35.067-0300] {logging_mixin.py:188} INFO - [2024-04-26T21:56:35.067-0300] {dagbag.py:540} INFO - Filling up the DagBag from /home/athlon/projects/airflow/.venv/lib/python3.11/site-packages/airflow/example_dags/example_trigger_controller_dag.py
[2024-04-26T21:56:35.077-0300] {processor.py:840} INFO - DAG(s) 'example_trigger_controller_dag' retrieved from /home/athlon/projects/airflow/.venv/lib/python3.11/site-packages/airflow/example_dags/example_trigger_controller_dag.py
[2024-04-26T21:56:35.101-0300] {logging_mixin.py:188} INFO - [2024-04-26T21:56:35.101-0300] {dag.py:3096} INFO - Sync 1 DAGs
[2024-04-26T21:56:35.131-0300] {logging_mixin.py:188} INFO - [2024-04-26T21:56:35.131-0300] {dag.py:3954} INFO - Setting next_dagrun for example_trigger_controller_dag to 2021-01-01 00:00:00+00:00, run_after=2021-01-01 00:00:00+00:00
[2024-04-26T21:56:35.163-0300] {processor.py:183} INFO - Processing /home/athlon/projects/airflow/.venv/lib/python3.11/site-packages/airflow/example_dags/example_trigger_controller_dag.py took 0.116 seconds
[2024-04-26T21:57:35.106-0300] {processor.py:161} INFO - Started process (PID=21859) to work on /home/athlon/projects/airflow/.venv/lib/python3.11/site-packages/airflow/example_dags/example_trigger_controller_dag.py
[2024-04-26T21:57:35.112-0300] {processor.py:830} INFO - Processing file /home/athlon/projects/airflow/.venv/lib/python3.11/site-packages/airflow/example_dags/example_trigger_controller_dag.py for tasks to queue
[2024-04-26T21:57:35.116-0300] {logging_mixin.py:188} INFO - [2024-04-26T21:57:35.115-0300] {dagbag.py:540} INFO - Filling up the DagBag from /home/athlon/projects/airflow/.venv/lib/python3.11/site-packages/airflow/example_dags/example_trigger_controller_dag.py
[2024-04-26T21:57:35.127-0300] {processor.py:840} INFO - DAG(s) 'example_trigger_controller_dag' retrieved from /home/athlon/projects/airflow/.venv/lib/python3.11/site-packages/airflow/example_dags/example_trigger_controller_dag.py
[2024-04-26T21:57:35.152-0300] {logging_mixin.py:188} INFO - [2024-04-26T21:57:35.151-0300] {dag.py:3096} INFO - Sync 1 DAGs
[2024-04-26T21:57:35.181-0300] {logging_mixin.py:188} INFO - [2024-04-26T21:57:35.180-0300] {dag.py:3954} INFO - Setting next_dagrun for example_trigger_controller_dag to 2021-01-01 00:00:00+00:00, run_after=2021-01-01 00:00:00+00:00
[2024-04-26T21:57:35.210-0300] {processor.py:183} INFO - Processing /home/athlon/projects/airflow/.venv/lib/python3.11/site-packages/airflow/example_dags/example_trigger_controller_dag.py took 0.116 seconds
[2024-04-26T21:58:34.226-0300] {processor.py:161} INFO - Started process (PID=22037) to work on /home/athlon/projects/airflow/.venv/lib/python3.11/site-packages/airflow/example_dags/example_trigger_controller_dag.py
[2024-04-26T21:58:34.227-0300] {processor.py:830} INFO - Processing file /home/athlon/projects/airflow/.venv/lib/python3.11/site-packages/airflow/example_dags/example_trigger_controller_dag.py for tasks to queue
[2024-04-26T21:58:34.229-0300] {logging_mixin.py:188} INFO - [2024-04-26T21:58:34.229-0300] {dagbag.py:540} INFO - Filling up the DagBag from /home/athlon/projects/airflow/.venv/lib/python3.11/site-packages/airflow/example_dags/example_trigger_controller_dag.py
[2024-04-26T21:58:34.238-0300] {processor.py:840} INFO - DAG(s) 'example_trigger_controller_dag' retrieved from /home/athlon/projects/airflow/.venv/lib/python3.11/site-packages/airflow/example_dags/example_trigger_controller_dag.py
[2024-04-26T21:58:34.262-0300] {logging_mixin.py:188} INFO - [2024-04-26T21:58:34.262-0300] {dag.py:3096} INFO - Sync 1 DAGs
[2024-04-26T21:58:34.299-0300] {logging_mixin.py:188} INFO - [2024-04-26T21:58:34.298-0300] {dag.py:3954} INFO - Setting next_dagrun for example_trigger_controller_dag to 2021-01-01 00:00:00+00:00, run_after=2021-01-01 00:00:00+00:00
[2024-04-26T21:58:34.333-0300] {processor.py:183} INFO - Processing /home/athlon/projects/airflow/.venv/lib/python3.11/site-packages/airflow/example_dags/example_trigger_controller_dag.py took 0.117 seconds
[2024-04-26T21:59:30.392-0300] {processor.py:161} INFO - Started process (PID=22199) to work on /home/athlon/projects/airflow/.venv/lib/python3.11/site-packages/airflow/example_dags/example_trigger_controller_dag.py
[2024-04-26T21:59:30.398-0300] {processor.py:830} INFO - Processing file /home/athlon/projects/airflow/.venv/lib/python3.11/site-packages/airflow/example_dags/example_trigger_controller_dag.py for tasks to queue
[2024-04-26T21:59:30.401-0300] {logging_mixin.py:188} INFO - [2024-04-26T21:59:30.400-0300] {dagbag.py:540} INFO - Filling up the DagBag from /home/athlon/projects/airflow/.venv/lib/python3.11/site-packages/airflow/example_dags/example_trigger_controller_dag.py
[2024-04-26T21:59:30.414-0300] {processor.py:840} INFO - DAG(s) 'example_trigger_controller_dag' retrieved from /home/athlon/projects/airflow/.venv/lib/python3.11/site-packages/airflow/example_dags/example_trigger_controller_dag.py
[2024-04-26T21:59:30.440-0300] {logging_mixin.py:188} INFO - [2024-04-26T21:59:30.440-0300] {dag.py:3096} INFO - Sync 1 DAGs
[2024-04-26T21:59:30.476-0300] {logging_mixin.py:188} INFO - [2024-04-26T21:59:30.475-0300] {dag.py:3954} INFO - Setting next_dagrun for example_trigger_controller_dag to 2021-01-01 00:00:00+00:00, run_after=2021-01-01 00:00:00+00:00
[2024-04-26T21:59:30.518-0300] {processor.py:183} INFO - Processing /home/athlon/projects/airflow/.venv/lib/python3.11/site-packages/airflow/example_dags/example_trigger_controller_dag.py took 0.135 seconds
[2024-04-26T22:00:32.237-0300] {processor.py:161} INFO - Started process (PID=22301) to work on /home/athlon/projects/airflow/.venv/lib/python3.11/site-packages/airflow/example_dags/example_trigger_controller_dag.py
[2024-04-26T22:00:32.243-0300] {processor.py:830} INFO - Processing file /home/athlon/projects/airflow/.venv/lib/python3.11/site-packages/airflow/example_dags/example_trigger_controller_dag.py for tasks to queue
[2024-04-26T22:00:32.246-0300] {logging_mixin.py:188} INFO - [2024-04-26T22:00:32.245-0300] {dagbag.py:540} INFO - Filling up the DagBag from /home/athlon/projects/airflow/.venv/lib/python3.11/site-packages/airflow/example_dags/example_trigger_controller_dag.py
[2024-04-26T22:00:32.257-0300] {processor.py:840} INFO - DAG(s) 'example_trigger_controller_dag' retrieved from /home/athlon/projects/airflow/.venv/lib/python3.11/site-packages/airflow/example_dags/example_trigger_controller_dag.py
[2024-04-26T22:00:32.281-0300] {logging_mixin.py:188} INFO - [2024-04-26T22:00:32.281-0300] {dag.py:3096} INFO - Sync 1 DAGs
[2024-04-26T22:00:32.311-0300] {logging_mixin.py:188} INFO - [2024-04-26T22:00:32.310-0300] {dag.py:3954} INFO - Setting next_dagrun for example_trigger_controller_dag to 2021-01-01 00:00:00+00:00, run_after=2021-01-01 00:00:00+00:00
[2024-04-26T22:00:32.339-0300] {processor.py:183} INFO - Processing /home/athlon/projects/airflow/.venv/lib/python3.11/site-packages/airflow/example_dags/example_trigger_controller_dag.py took 0.113 seconds
[2024-04-26T22:01:35.801-0300] {processor.py:161} INFO - Started process (PID=22370) to work on /home/athlon/projects/airflow/.venv/lib/python3.11/site-packages/airflow/example_dags/example_trigger_controller_dag.py
[2024-04-26T22:01:35.807-0300] {processor.py:830} INFO - Processing file /home/athlon/projects/airflow/.venv/lib/python3.11/site-packages/airflow/example_dags/example_trigger_controller_dag.py for tasks to queue
[2024-04-26T22:01:35.811-0300] {logging_mixin.py:188} INFO - [2024-04-26T22:01:35.810-0300] {dagbag.py:540} INFO - Filling up the DagBag from /home/athlon/projects/airflow/.venv/lib/python3.11/site-packages/airflow/example_dags/example_trigger_controller_dag.py
[2024-04-26T22:01:35.820-0300] {processor.py:840} INFO - DAG(s) 'example_trigger_controller_dag' retrieved from /home/athlon/projects/airflow/.venv/lib/python3.11/site-packages/airflow/example_dags/example_trigger_controller_dag.py
[2024-04-26T22:01:35.846-0300] {logging_mixin.py:188} INFO - [2024-04-26T22:01:35.845-0300] {dag.py:3096} INFO - Sync 1 DAGs
[2024-04-26T22:01:35.878-0300] {logging_mixin.py:188} INFO - [2024-04-26T22:01:35.878-0300] {dag.py:3954} INFO - Setting next_dagrun for example_trigger_controller_dag to 2021-01-01 00:00:00+00:00, run_after=2021-01-01 00:00:00+00:00
[2024-04-26T22:01:35.913-0300] {processor.py:183} INFO - Processing /home/athlon/projects/airflow/.venv/lib/python3.11/site-packages/airflow/example_dags/example_trigger_controller_dag.py took 0.123 seconds
[2024-04-26T22:02:39.255-0300] {processor.py:161} INFO - Started process (PID=22437) to work on /home/athlon/projects/airflow/.venv/lib/python3.11/site-packages/airflow/example_dags/example_trigger_controller_dag.py
[2024-04-26T22:02:39.261-0300] {processor.py:830} INFO - Processing file /home/athlon/projects/airflow/.venv/lib/python3.11/site-packages/airflow/example_dags/example_trigger_controller_dag.py for tasks to queue
[2024-04-26T22:02:39.264-0300] {logging_mixin.py:188} INFO - [2024-04-26T22:02:39.263-0300] {dagbag.py:540} INFO - Filling up the DagBag from /home/athlon/projects/airflow/.venv/lib/python3.11/site-packages/airflow/example_dags/example_trigger_controller_dag.py
[2024-04-26T22:02:39.273-0300] {processor.py:840} INFO - DAG(s) 'example_trigger_controller_dag' retrieved from /home/athlon/projects/airflow/.venv/lib/python3.11/site-packages/airflow/example_dags/example_trigger_controller_dag.py
[2024-04-26T22:02:39.299-0300] {logging_mixin.py:188} INFO - [2024-04-26T22:02:39.298-0300] {dag.py:3096} INFO - Sync 1 DAGs
[2024-04-26T22:02:39.336-0300] {logging_mixin.py:188} INFO - [2024-04-26T22:02:39.336-0300] {dag.py:3954} INFO - Setting next_dagrun for example_trigger_controller_dag to 2021-01-01 00:00:00+00:00, run_after=2021-01-01 00:00:00+00:00
[2024-04-26T22:02:39.374-0300] {processor.py:183} INFO - Processing /home/athlon/projects/airflow/.venv/lib/python3.11/site-packages/airflow/example_dags/example_trigger_controller_dag.py took 0.133 seconds
[2024-04-26T22:03:41.477-0300] {processor.py:161} INFO - Started process (PID=22515) to work on /home/athlon/projects/airflow/.venv/lib/python3.11/site-packages/airflow/example_dags/example_trigger_controller_dag.py
[2024-04-26T22:03:41.483-0300] {processor.py:830} INFO - Processing file /home/athlon/projects/airflow/.venv/lib/python3.11/site-packages/airflow/example_dags/example_trigger_controller_dag.py for tasks to queue
[2024-04-26T22:03:41.486-0300] {logging_mixin.py:188} INFO - [2024-04-26T22:03:41.486-0300] {dagbag.py:540} INFO - Filling up the DagBag from /home/athlon/projects/airflow/.venv/lib/python3.11/site-packages/airflow/example_dags/example_trigger_controller_dag.py
[2024-04-26T22:03:41.496-0300] {processor.py:840} INFO - DAG(s) 'example_trigger_controller_dag' retrieved from /home/athlon/projects/airflow/.venv/lib/python3.11/site-packages/airflow/example_dags/example_trigger_controller_dag.py
[2024-04-26T22:03:41.521-0300] {logging_mixin.py:188} INFO - [2024-04-26T22:03:41.520-0300] {dag.py:3096} INFO - Sync 1 DAGs
[2024-04-26T22:03:41.550-0300] {logging_mixin.py:188} INFO - [2024-04-26T22:03:41.550-0300] {dag.py:3954} INFO - Setting next_dagrun for example_trigger_controller_dag to 2021-01-01 00:00:00+00:00, run_after=2021-01-01 00:00:00+00:00
[2024-04-26T22:03:41.582-0300] {processor.py:183} INFO - Processing /home/athlon/projects/airflow/.venv/lib/python3.11/site-packages/airflow/example_dags/example_trigger_controller_dag.py took 0.116 seconds
[2024-04-26T22:04:37.611-0300] {processor.py:161} INFO - Started process (PID=22656) to work on /home/athlon/projects/airflow/.venv/lib/python3.11/site-packages/airflow/example_dags/example_trigger_controller_dag.py
[2024-04-26T22:04:37.613-0300] {processor.py:830} INFO - Processing file /home/athlon/projects/airflow/.venv/lib/python3.11/site-packages/airflow/example_dags/example_trigger_controller_dag.py for tasks to queue
[2024-04-26T22:04:37.616-0300] {logging_mixin.py:188} INFO - [2024-04-26T22:04:37.615-0300] {dagbag.py:540} INFO - Filling up the DagBag from /home/athlon/projects/airflow/.venv/lib/python3.11/site-packages/airflow/example_dags/example_trigger_controller_dag.py
[2024-04-26T22:04:37.626-0300] {processor.py:840} INFO - DAG(s) 'example_trigger_controller_dag' retrieved from /home/athlon/projects/airflow/.venv/lib/python3.11/site-packages/airflow/example_dags/example_trigger_controller_dag.py
[2024-04-26T22:04:37.650-0300] {logging_mixin.py:188} INFO - [2024-04-26T22:04:37.649-0300] {dag.py:3096} INFO - Sync 1 DAGs
[2024-04-26T22:04:37.679-0300] {logging_mixin.py:188} INFO - [2024-04-26T22:04:37.679-0300] {dag.py:3954} INFO - Setting next_dagrun for example_trigger_controller_dag to 2021-01-01 00:00:00+00:00, run_after=2021-01-01 00:00:00+00:00
[2024-04-26T22:04:37.711-0300] {processor.py:183} INFO - Processing /home/athlon/projects/airflow/.venv/lib/python3.11/site-packages/airflow/example_dags/example_trigger_controller_dag.py took 0.112 seconds
[2024-04-26T22:05:37.225-0300] {processor.py:161} INFO - Started process (PID=22734) to work on /home/athlon/projects/airflow/.venv/lib/python3.11/site-packages/airflow/example_dags/example_trigger_controller_dag.py
[2024-04-26T22:05:37.227-0300] {processor.py:830} INFO - Processing file /home/athlon/projects/airflow/.venv/lib/python3.11/site-packages/airflow/example_dags/example_trigger_controller_dag.py for tasks to queue
[2024-04-26T22:05:37.230-0300] {logging_mixin.py:188} INFO - [2024-04-26T22:05:37.229-0300] {dagbag.py:540} INFO - Filling up the DagBag from /home/athlon/projects/airflow/.venv/lib/python3.11/site-packages/airflow/example_dags/example_trigger_controller_dag.py
[2024-04-26T22:05:37.240-0300] {processor.py:840} INFO - DAG(s) 'example_trigger_controller_dag' retrieved from /home/athlon/projects/airflow/.venv/lib/python3.11/site-packages/airflow/example_dags/example_trigger_controller_dag.py
[2024-04-26T22:05:37.263-0300] {logging_mixin.py:188} INFO - [2024-04-26T22:05:37.263-0300] {dag.py:3096} INFO - Sync 1 DAGs
[2024-04-26T22:05:37.293-0300] {logging_mixin.py:188} INFO - [2024-04-26T22:05:37.292-0300] {dag.py:3954} INFO - Setting next_dagrun for example_trigger_controller_dag to 2021-01-01 00:00:00+00:00, run_after=2021-01-01 00:00:00+00:00
[2024-04-26T22:05:37.322-0300] {processor.py:183} INFO - Processing /home/athlon/projects/airflow/.venv/lib/python3.11/site-packages/airflow/example_dags/example_trigger_controller_dag.py took 0.108 seconds
[2024-04-26T22:06:36.033-0300] {processor.py:161} INFO - Started process (PID=22799) to work on /home/athlon/projects/airflow/.venv/lib/python3.11/site-packages/airflow/example_dags/example_trigger_controller_dag.py
[2024-04-26T22:06:36.039-0300] {processor.py:830} INFO - Processing file /home/athlon/projects/airflow/.venv/lib/python3.11/site-packages/airflow/example_dags/example_trigger_controller_dag.py for tasks to queue
[2024-04-26T22:06:36.042-0300] {logging_mixin.py:188} INFO - [2024-04-26T22:06:36.041-0300] {dagbag.py:540} INFO - Filling up the DagBag from /home/athlon/projects/airflow/.venv/lib/python3.11/site-packages/airflow/example_dags/example_trigger_controller_dag.py
[2024-04-26T22:06:36.052-0300] {processor.py:840} INFO - DAG(s) 'example_trigger_controller_dag' retrieved from /home/athlon/projects/airflow/.venv/lib/python3.11/site-packages/airflow/example_dags/example_trigger_controller_dag.py
[2024-04-26T22:06:36.077-0300] {logging_mixin.py:188} INFO - [2024-04-26T22:06:36.077-0300] {dag.py:3096} INFO - Sync 1 DAGs
[2024-04-26T22:06:36.106-0300] {logging_mixin.py:188} INFO - [2024-04-26T22:06:36.105-0300] {dag.py:3954} INFO - Setting next_dagrun for example_trigger_controller_dag to 2021-01-01 00:00:00+00:00, run_after=2021-01-01 00:00:00+00:00
[2024-04-26T22:06:36.137-0300] {processor.py:183} INFO - Processing /home/athlon/projects/airflow/.venv/lib/python3.11/site-packages/airflow/example_dags/example_trigger_controller_dag.py took 0.115 seconds
[2024-04-26T22:07:35.708-0300] {processor.py:161} INFO - Started process (PID=22866) to work on /home/athlon/projects/airflow/.venv/lib/python3.11/site-packages/airflow/example_dags/example_trigger_controller_dag.py
[2024-04-26T22:07:35.714-0300] {processor.py:830} INFO - Processing file /home/athlon/projects/airflow/.venv/lib/python3.11/site-packages/airflow/example_dags/example_trigger_controller_dag.py for tasks to queue
[2024-04-26T22:07:35.717-0300] {logging_mixin.py:188} INFO - [2024-04-26T22:07:35.716-0300] {dagbag.py:540} INFO - Filling up the DagBag from /home/athlon/projects/airflow/.venv/lib/python3.11/site-packages/airflow/example_dags/example_trigger_controller_dag.py
[2024-04-26T22:07:35.726-0300] {processor.py:840} INFO - DAG(s) 'example_trigger_controller_dag' retrieved from /home/athlon/projects/airflow/.venv/lib/python3.11/site-packages/airflow/example_dags/example_trigger_controller_dag.py
[2024-04-26T22:07:35.750-0300] {logging_mixin.py:188} INFO - [2024-04-26T22:07:35.749-0300] {dag.py:3096} INFO - Sync 1 DAGs
[2024-04-26T22:07:35.779-0300] {logging_mixin.py:188} INFO - [2024-04-26T22:07:35.778-0300] {dag.py:3954} INFO - Setting next_dagrun for example_trigger_controller_dag to 2021-01-01 00:00:00+00:00, run_after=2021-01-01 00:00:00+00:00
[2024-04-26T22:07:35.809-0300] {processor.py:183} INFO - Processing /home/athlon/projects/airflow/.venv/lib/python3.11/site-packages/airflow/example_dags/example_trigger_controller_dag.py took 0.111 seconds
[2024-04-26T22:08:37.434-0300] {processor.py:161} INFO - Started process (PID=22934) to work on /home/athlon/projects/airflow/.venv/lib/python3.11/site-packages/airflow/example_dags/example_trigger_controller_dag.py
[2024-04-26T22:08:37.440-0300] {processor.py:830} INFO - Processing file /home/athlon/projects/airflow/.venv/lib/python3.11/site-packages/airflow/example_dags/example_trigger_controller_dag.py for tasks to queue
[2024-04-26T22:08:37.443-0300] {logging_mixin.py:188} INFO - [2024-04-26T22:08:37.442-0300] {dagbag.py:540} INFO - Filling up the DagBag from /home/athlon/projects/airflow/.venv/lib/python3.11/site-packages/airflow/example_dags/example_trigger_controller_dag.py
[2024-04-26T22:08:37.453-0300] {processor.py:840} INFO - DAG(s) 'example_trigger_controller_dag' retrieved from /home/athlon/projects/airflow/.venv/lib/python3.11/site-packages/airflow/example_dags/example_trigger_controller_dag.py
[2024-04-26T22:08:37.477-0300] {logging_mixin.py:188} INFO - [2024-04-26T22:08:37.477-0300] {dag.py:3096} INFO - Sync 1 DAGs
[2024-04-26T22:08:37.508-0300] {logging_mixin.py:188} INFO - [2024-04-26T22:08:37.508-0300] {dag.py:3954} INFO - Setting next_dagrun for example_trigger_controller_dag to 2021-01-01 00:00:00+00:00, run_after=2021-01-01 00:00:00+00:00
[2024-04-26T22:08:37.539-0300] {processor.py:183} INFO - Processing /home/athlon/projects/airflow/.venv/lib/python3.11/site-packages/airflow/example_dags/example_trigger_controller_dag.py took 0.116 seconds
[2024-04-26T22:09:34.646-0300] {processor.py:161} INFO - Started process (PID=23032) to work on /home/athlon/projects/airflow/.venv/lib/python3.11/site-packages/airflow/example_dags/example_trigger_controller_dag.py
[2024-04-26T22:09:34.652-0300] {processor.py:830} INFO - Processing file /home/athlon/projects/airflow/.venv/lib/python3.11/site-packages/airflow/example_dags/example_trigger_controller_dag.py for tasks to queue
[2024-04-26T22:09:34.654-0300] {logging_mixin.py:188} INFO - [2024-04-26T22:09:34.654-0300] {dagbag.py:540} INFO - Filling up the DagBag from /home/athlon/projects/airflow/.venv/lib/python3.11/site-packages/airflow/example_dags/example_trigger_controller_dag.py
[2024-04-26T22:09:34.662-0300] {processor.py:840} INFO - DAG(s) 'example_trigger_controller_dag' retrieved from /home/athlon/projects/airflow/.venv/lib/python3.11/site-packages/airflow/example_dags/example_trigger_controller_dag.py
[2024-04-26T22:09:34.684-0300] {logging_mixin.py:188} INFO - [2024-04-26T22:09:34.684-0300] {dag.py:3096} INFO - Sync 1 DAGs
[2024-04-26T22:09:34.714-0300] {logging_mixin.py:188} INFO - [2024-04-26T22:09:34.713-0300] {dag.py:3954} INFO - Setting next_dagrun for example_trigger_controller_dag to 2021-01-01 00:00:00+00:00, run_after=2021-01-01 00:00:00+00:00
[2024-04-26T22:09:34.743-0300] {processor.py:183} INFO - Processing /home/athlon/projects/airflow/.venv/lib/python3.11/site-packages/airflow/example_dags/example_trigger_controller_dag.py took 0.106 seconds
[2024-04-26T22:10:36.929-0300] {processor.py:161} INFO - Started process (PID=23102) to work on /home/athlon/projects/airflow/.venv/lib/python3.11/site-packages/airflow/example_dags/example_trigger_controller_dag.py
[2024-04-26T22:10:36.935-0300] {processor.py:830} INFO - Processing file /home/athlon/projects/airflow/.venv/lib/python3.11/site-packages/airflow/example_dags/example_trigger_controller_dag.py for tasks to queue
[2024-04-26T22:10:36.938-0300] {logging_mixin.py:188} INFO - [2024-04-26T22:10:36.937-0300] {dagbag.py:540} INFO - Filling up the DagBag from /home/athlon/projects/airflow/.venv/lib/python3.11/site-packages/airflow/example_dags/example_trigger_controller_dag.py
[2024-04-26T22:10:36.948-0300] {processor.py:840} INFO - DAG(s) 'example_trigger_controller_dag' retrieved from /home/athlon/projects/airflow/.venv/lib/python3.11/site-packages/airflow/example_dags/example_trigger_controller_dag.py
[2024-04-26T22:10:36.972-0300] {logging_mixin.py:188} INFO - [2024-04-26T22:10:36.972-0300] {dag.py:3096} INFO - Sync 1 DAGs
[2024-04-26T22:10:37.003-0300] {logging_mixin.py:188} INFO - [2024-04-26T22:10:37.002-0300] {dag.py:3954} INFO - Setting next_dagrun for example_trigger_controller_dag to 2021-01-01 00:00:00+00:00, run_after=2021-01-01 00:00:00+00:00
[2024-04-26T22:10:37.033-0300] {processor.py:183} INFO - Processing /home/athlon/projects/airflow/.venv/lib/python3.11/site-packages/airflow/example_dags/example_trigger_controller_dag.py took 0.115 seconds
[2024-04-26T22:11:38.654-0300] {processor.py:161} INFO - Started process (PID=23170) to work on /home/athlon/projects/airflow/.venv/lib/python3.11/site-packages/airflow/example_dags/example_trigger_controller_dag.py
[2024-04-26T22:11:38.660-0300] {processor.py:830} INFO - Processing file /home/athlon/projects/airflow/.venv/lib/python3.11/site-packages/airflow/example_dags/example_trigger_controller_dag.py for tasks to queue
[2024-04-26T22:11:38.663-0300] {logging_mixin.py:188} INFO - [2024-04-26T22:11:38.662-0300] {dagbag.py:540} INFO - Filling up the DagBag from /home/athlon/projects/airflow/.venv/lib/python3.11/site-packages/airflow/example_dags/example_trigger_controller_dag.py
[2024-04-26T22:11:38.673-0300] {processor.py:840} INFO - DAG(s) 'example_trigger_controller_dag' retrieved from /home/athlon/projects/airflow/.venv/lib/python3.11/site-packages/airflow/example_dags/example_trigger_controller_dag.py
[2024-04-26T22:11:38.698-0300] {logging_mixin.py:188} INFO - [2024-04-26T22:11:38.697-0300] {dag.py:3096} INFO - Sync 1 DAGs
[2024-04-26T22:11:38.727-0300] {logging_mixin.py:188} INFO - [2024-04-26T22:11:38.726-0300] {dag.py:3954} INFO - Setting next_dagrun for example_trigger_controller_dag to 2021-01-01 00:00:00+00:00, run_after=2021-01-01 00:00:00+00:00
[2024-04-26T22:11:38.756-0300] {processor.py:183} INFO - Processing /home/athlon/projects/airflow/.venv/lib/python3.11/site-packages/airflow/example_dags/example_trigger_controller_dag.py took 0.113 seconds
[2024-04-26T22:12:38.531-0300] {processor.py:161} INFO - Started process (PID=23254) to work on /home/athlon/projects/airflow/.venv/lib/python3.11/site-packages/airflow/example_dags/example_trigger_controller_dag.py
[2024-04-26T22:12:38.537-0300] {processor.py:830} INFO - Processing file /home/athlon/projects/airflow/.venv/lib/python3.11/site-packages/airflow/example_dags/example_trigger_controller_dag.py for tasks to queue
[2024-04-26T22:12:38.540-0300] {logging_mixin.py:188} INFO - [2024-04-26T22:12:38.539-0300] {dagbag.py:540} INFO - Filling up the DagBag from /home/athlon/projects/airflow/.venv/lib/python3.11/site-packages/airflow/example_dags/example_trigger_controller_dag.py
[2024-04-26T22:12:38.550-0300] {processor.py:840} INFO - DAG(s) 'example_trigger_controller_dag' retrieved from /home/athlon/projects/airflow/.venv/lib/python3.11/site-packages/airflow/example_dags/example_trigger_controller_dag.py
[2024-04-26T22:12:38.574-0300] {logging_mixin.py:188} INFO - [2024-04-26T22:12:38.573-0300] {dag.py:3096} INFO - Sync 1 DAGs
[2024-04-26T22:12:38.608-0300] {logging_mixin.py:188} INFO - [2024-04-26T22:12:38.607-0300] {dag.py:3954} INFO - Setting next_dagrun for example_trigger_controller_dag to 2021-01-01 00:00:00+00:00, run_after=2021-01-01 00:00:00+00:00
[2024-04-26T22:12:38.651-0300] {processor.py:183} INFO - Processing /home/athlon/projects/airflow/.venv/lib/python3.11/site-packages/airflow/example_dags/example_trigger_controller_dag.py took 0.130 seconds
[2024-04-26T22:13:38.578-0300] {processor.py:161} INFO - Started process (PID=23325) to work on /home/athlon/projects/airflow/.venv/lib/python3.11/site-packages/airflow/example_dags/example_trigger_controller_dag.py
[2024-04-26T22:13:38.584-0300] {processor.py:830} INFO - Processing file /home/athlon/projects/airflow/.venv/lib/python3.11/site-packages/airflow/example_dags/example_trigger_controller_dag.py for tasks to queue
[2024-04-26T22:13:38.587-0300] {logging_mixin.py:188} INFO - [2024-04-26T22:13:38.587-0300] {dagbag.py:540} INFO - Filling up the DagBag from /home/athlon/projects/airflow/.venv/lib/python3.11/site-packages/airflow/example_dags/example_trigger_controller_dag.py
[2024-04-26T22:13:38.597-0300] {processor.py:840} INFO - DAG(s) 'example_trigger_controller_dag' retrieved from /home/athlon/projects/airflow/.venv/lib/python3.11/site-packages/airflow/example_dags/example_trigger_controller_dag.py
[2024-04-26T22:13:38.622-0300] {logging_mixin.py:188} INFO - [2024-04-26T22:13:38.621-0300] {dag.py:3096} INFO - Sync 1 DAGs
[2024-04-26T22:13:38.651-0300] {logging_mixin.py:188} INFO - [2024-04-26T22:13:38.650-0300] {dag.py:3954} INFO - Setting next_dagrun for example_trigger_controller_dag to 2021-01-01 00:00:00+00:00, run_after=2021-01-01 00:00:00+00:00
[2024-04-26T22:13:38.680-0300] {processor.py:183} INFO - Processing /home/athlon/projects/airflow/.venv/lib/python3.11/site-packages/airflow/example_dags/example_trigger_controller_dag.py took 0.113 seconds
[2024-04-26T22:14:38.824-0300] {processor.py:161} INFO - Started process (PID=23436) to work on /home/athlon/projects/airflow/.venv/lib/python3.11/site-packages/airflow/example_dags/example_trigger_controller_dag.py
[2024-04-26T22:14:38.826-0300] {processor.py:830} INFO - Processing file /home/athlon/projects/airflow/.venv/lib/python3.11/site-packages/airflow/example_dags/example_trigger_controller_dag.py for tasks to queue
[2024-04-26T22:14:38.829-0300] {logging_mixin.py:188} INFO - [2024-04-26T22:14:38.828-0300] {dagbag.py:540} INFO - Filling up the DagBag from /home/athlon/projects/airflow/.venv/lib/python3.11/site-packages/airflow/example_dags/example_trigger_controller_dag.py
[2024-04-26T22:14:38.839-0300] {processor.py:840} INFO - DAG(s) 'example_trigger_controller_dag' retrieved from /home/athlon/projects/airflow/.venv/lib/python3.11/site-packages/airflow/example_dags/example_trigger_controller_dag.py
[2024-04-26T22:14:38.864-0300] {logging_mixin.py:188} INFO - [2024-04-26T22:14:38.864-0300] {dag.py:3096} INFO - Sync 1 DAGs
[2024-04-26T22:14:38.897-0300] {logging_mixin.py:188} INFO - [2024-04-26T22:14:38.897-0300] {dag.py:3954} INFO - Setting next_dagrun for example_trigger_controller_dag to 2021-01-01 00:00:00+00:00, run_after=2021-01-01 00:00:00+00:00
[2024-04-26T22:14:38.931-0300] {processor.py:183} INFO - Processing /home/athlon/projects/airflow/.venv/lib/python3.11/site-packages/airflow/example_dags/example_trigger_controller_dag.py took 0.118 seconds
[2024-04-26T22:15:46.868-0300] {processor.py:161} INFO - Started process (PID=23541) to work on /home/athlon/projects/airflow/.venv/lib/python3.11/site-packages/airflow/example_dags/example_trigger_controller_dag.py
[2024-04-26T22:15:46.874-0300] {processor.py:830} INFO - Processing file /home/athlon/projects/airflow/.venv/lib/python3.11/site-packages/airflow/example_dags/example_trigger_controller_dag.py for tasks to queue
[2024-04-26T22:15:46.877-0300] {logging_mixin.py:188} INFO - [2024-04-26T22:15:46.876-0300] {dagbag.py:540} INFO - Filling up the DagBag from /home/athlon/projects/airflow/.venv/lib/python3.11/site-packages/airflow/example_dags/example_trigger_controller_dag.py
[2024-04-26T22:15:46.885-0300] {processor.py:840} INFO - DAG(s) 'example_trigger_controller_dag' retrieved from /home/athlon/projects/airflow/.venv/lib/python3.11/site-packages/airflow/example_dags/example_trigger_controller_dag.py
[2024-04-26T22:15:46.909-0300] {logging_mixin.py:188} INFO - [2024-04-26T22:15:46.909-0300] {dag.py:3096} INFO - Sync 1 DAGs
[2024-04-26T22:15:46.942-0300] {logging_mixin.py:188} INFO - [2024-04-26T22:15:46.941-0300] {dag.py:3954} INFO - Setting next_dagrun for example_trigger_controller_dag to 2021-01-01 00:00:00+00:00, run_after=2021-01-01 00:00:00+00:00
[2024-04-26T22:15:46.974-0300] {processor.py:183} INFO - Processing /home/athlon/projects/airflow/.venv/lib/python3.11/site-packages/airflow/example_dags/example_trigger_controller_dag.py took 0.115 seconds
[2024-04-26T22:16:50.002-0300] {processor.py:161} INFO - Started process (PID=23685) to work on /home/athlon/projects/airflow/.venv/lib/python3.11/site-packages/airflow/example_dags/example_trigger_controller_dag.py
[2024-04-26T22:16:50.004-0300] {processor.py:830} INFO - Processing file /home/athlon/projects/airflow/.venv/lib/python3.11/site-packages/airflow/example_dags/example_trigger_controller_dag.py for tasks to queue
[2024-04-26T22:16:50.007-0300] {logging_mixin.py:188} INFO - [2024-04-26T22:16:50.006-0300] {dagbag.py:540} INFO - Filling up the DagBag from /home/athlon/projects/airflow/.venv/lib/python3.11/site-packages/airflow/example_dags/example_trigger_controller_dag.py
[2024-04-26T22:16:50.017-0300] {processor.py:840} INFO - DAG(s) 'example_trigger_controller_dag' retrieved from /home/athlon/projects/airflow/.venv/lib/python3.11/site-packages/airflow/example_dags/example_trigger_controller_dag.py
[2024-04-26T22:16:50.041-0300] {logging_mixin.py:188} INFO - [2024-04-26T22:16:50.040-0300] {dag.py:3096} INFO - Sync 1 DAGs
[2024-04-26T22:16:50.070-0300] {logging_mixin.py:188} INFO - [2024-04-26T22:16:50.069-0300] {dag.py:3954} INFO - Setting next_dagrun for example_trigger_controller_dag to 2021-01-01 00:00:00+00:00, run_after=2021-01-01 00:00:00+00:00
[2024-04-26T22:16:50.101-0300] {processor.py:183} INFO - Processing /home/athlon/projects/airflow/.venv/lib/python3.11/site-packages/airflow/example_dags/example_trigger_controller_dag.py took 0.110 seconds
[2024-04-26T22:17:48.585-0300] {processor.py:161} INFO - Started process (PID=23743) to work on /home/athlon/projects/airflow/.venv/lib/python3.11/site-packages/airflow/example_dags/example_trigger_controller_dag.py
[2024-04-26T22:17:48.591-0300] {processor.py:830} INFO - Processing file /home/athlon/projects/airflow/.venv/lib/python3.11/site-packages/airflow/example_dags/example_trigger_controller_dag.py for tasks to queue
[2024-04-26T22:17:48.594-0300] {logging_mixin.py:188} INFO - [2024-04-26T22:17:48.593-0300] {dagbag.py:540} INFO - Filling up the DagBag from /home/athlon/projects/airflow/.venv/lib/python3.11/site-packages/airflow/example_dags/example_trigger_controller_dag.py
[2024-04-26T22:17:48.605-0300] {processor.py:840} INFO - DAG(s) 'example_trigger_controller_dag' retrieved from /home/athlon/projects/airflow/.venv/lib/python3.11/site-packages/airflow/example_dags/example_trigger_controller_dag.py
[2024-04-26T22:17:48.630-0300] {logging_mixin.py:188} INFO - [2024-04-26T22:17:48.629-0300] {dag.py:3096} INFO - Sync 1 DAGs
[2024-04-26T22:17:48.659-0300] {logging_mixin.py:188} INFO - [2024-04-26T22:17:48.659-0300] {dag.py:3954} INFO - Setting next_dagrun for example_trigger_controller_dag to 2021-01-01 00:00:00+00:00, run_after=2021-01-01 00:00:00+00:00
[2024-04-26T22:17:48.689-0300] {processor.py:183} INFO - Processing /home/athlon/projects/airflow/.venv/lib/python3.11/site-packages/airflow/example_dags/example_trigger_controller_dag.py took 0.116 seconds
[2024-04-26T22:18:48.629-0300] {processor.py:161} INFO - Started process (PID=23798) to work on /home/athlon/projects/airflow/.venv/lib/python3.11/site-packages/airflow/example_dags/example_trigger_controller_dag.py
[2024-04-26T22:18:48.635-0300] {processor.py:830} INFO - Processing file /home/athlon/projects/airflow/.venv/lib/python3.11/site-packages/airflow/example_dags/example_trigger_controller_dag.py for tasks to queue
[2024-04-26T22:18:48.638-0300] {logging_mixin.py:188} INFO - [2024-04-26T22:18:48.637-0300] {dagbag.py:540} INFO - Filling up the DagBag from /home/athlon/projects/airflow/.venv/lib/python3.11/site-packages/airflow/example_dags/example_trigger_controller_dag.py
[2024-04-26T22:18:48.648-0300] {processor.py:840} INFO - DAG(s) 'example_trigger_controller_dag' retrieved from /home/athlon/projects/airflow/.venv/lib/python3.11/site-packages/airflow/example_dags/example_trigger_controller_dag.py
[2024-04-26T22:18:48.674-0300] {logging_mixin.py:188} INFO - [2024-04-26T22:18:48.673-0300] {dag.py:3096} INFO - Sync 1 DAGs
[2024-04-26T22:18:48.703-0300] {logging_mixin.py:188} INFO - [2024-04-26T22:18:48.702-0300] {dag.py:3954} INFO - Setting next_dagrun for example_trigger_controller_dag to 2021-01-01 00:00:00+00:00, run_after=2021-01-01 00:00:00+00:00
[2024-04-26T22:18:48.733-0300] {processor.py:183} INFO - Processing /home/athlon/projects/airflow/.venv/lib/python3.11/site-packages/airflow/example_dags/example_trigger_controller_dag.py took 0.116 seconds
[2024-04-26T22:19:45.121-0300] {processor.py:161} INFO - Started process (PID=23862) to work on /home/athlon/projects/airflow/.venv/lib/python3.11/site-packages/airflow/example_dags/example_trigger_controller_dag.py
[2024-04-26T22:19:45.123-0300] {processor.py:830} INFO - Processing file /home/athlon/projects/airflow/.venv/lib/python3.11/site-packages/airflow/example_dags/example_trigger_controller_dag.py for tasks to queue
[2024-04-26T22:19:45.126-0300] {logging_mixin.py:188} INFO - [2024-04-26T22:19:45.125-0300] {dagbag.py:540} INFO - Filling up the DagBag from /home/athlon/projects/airflow/.venv/lib/python3.11/site-packages/airflow/example_dags/example_trigger_controller_dag.py
[2024-04-26T22:19:45.136-0300] {processor.py:840} INFO - DAG(s) 'example_trigger_controller_dag' retrieved from /home/athlon/projects/airflow/.venv/lib/python3.11/site-packages/airflow/example_dags/example_trigger_controller_dag.py
[2024-04-26T22:19:45.159-0300] {logging_mixin.py:188} INFO - [2024-04-26T22:19:45.159-0300] {dag.py:3096} INFO - Sync 1 DAGs
[2024-04-26T22:19:45.188-0300] {logging_mixin.py:188} INFO - [2024-04-26T22:19:45.188-0300] {dag.py:3954} INFO - Setting next_dagrun for example_trigger_controller_dag to 2021-01-01 00:00:00+00:00, run_after=2021-01-01 00:00:00+00:00
[2024-04-26T22:19:45.218-0300] {processor.py:183} INFO - Processing /home/athlon/projects/airflow/.venv/lib/python3.11/site-packages/airflow/example_dags/example_trigger_controller_dag.py took 0.108 seconds
[2024-04-26T22:20:51.289-0300] {processor.py:161} INFO - Started process (PID=24034) to work on /home/athlon/projects/airflow/.venv/lib/python3.11/site-packages/airflow/example_dags/example_trigger_controller_dag.py
[2024-04-26T22:20:51.291-0300] {processor.py:830} INFO - Processing file /home/athlon/projects/airflow/.venv/lib/python3.11/site-packages/airflow/example_dags/example_trigger_controller_dag.py for tasks to queue
[2024-04-26T22:20:51.294-0300] {logging_mixin.py:188} INFO - [2024-04-26T22:20:51.293-0300] {dagbag.py:540} INFO - Filling up the DagBag from /home/athlon/projects/airflow/.venv/lib/python3.11/site-packages/airflow/example_dags/example_trigger_controller_dag.py
[2024-04-26T22:20:51.304-0300] {processor.py:840} INFO - DAG(s) 'example_trigger_controller_dag' retrieved from /home/athlon/projects/airflow/.venv/lib/python3.11/site-packages/airflow/example_dags/example_trigger_controller_dag.py
[2024-04-26T22:20:51.329-0300] {logging_mixin.py:188} INFO - [2024-04-26T22:20:51.329-0300] {dag.py:3096} INFO - Sync 1 DAGs
[2024-04-26T22:20:51.360-0300] {logging_mixin.py:188} INFO - [2024-04-26T22:20:51.360-0300] {dag.py:3954} INFO - Setting next_dagrun for example_trigger_controller_dag to 2021-01-01 00:00:00+00:00, run_after=2021-01-01 00:00:00+00:00
[2024-04-26T22:20:51.390-0300] {processor.py:183} INFO - Processing /home/athlon/projects/airflow/.venv/lib/python3.11/site-packages/airflow/example_dags/example_trigger_controller_dag.py took 0.113 seconds
[2024-04-26T22:21:46.125-0300] {processor.py:161} INFO - Started process (PID=24086) to work on /home/athlon/projects/airflow/.venv/lib/python3.11/site-packages/airflow/example_dags/example_trigger_controller_dag.py
[2024-04-26T22:21:46.134-0300] {processor.py:830} INFO - Processing file /home/athlon/projects/airflow/.venv/lib/python3.11/site-packages/airflow/example_dags/example_trigger_controller_dag.py for tasks to queue
[2024-04-26T22:21:46.147-0300] {logging_mixin.py:188} INFO - [2024-04-26T22:21:46.137-0300] {dagbag.py:540} INFO - Filling up the DagBag from /home/athlon/projects/airflow/.venv/lib/python3.11/site-packages/airflow/example_dags/example_trigger_controller_dag.py
[2024-04-26T22:21:46.227-0300] {processor.py:840} INFO - DAG(s) 'example_trigger_controller_dag' retrieved from /home/athlon/projects/airflow/.venv/lib/python3.11/site-packages/airflow/example_dags/example_trigger_controller_dag.py
[2024-04-26T22:21:46.528-0300] {logging_mixin.py:188} INFO - [2024-04-26T22:21:46.510-0300] {dag.py:3096} INFO - Sync 1 DAGs
[2024-04-26T22:21:46.655-0300] {logging_mixin.py:188} INFO - [2024-04-26T22:21:46.653-0300] {dag.py:3954} INFO - Setting next_dagrun for example_trigger_controller_dag to 2021-01-01 00:00:00+00:00, run_after=2021-01-01 00:00:00+00:00
[2024-04-26T22:21:47.010-0300] {processor.py:183} INFO - Processing /home/athlon/projects/airflow/.venv/lib/python3.11/site-packages/airflow/example_dags/example_trigger_controller_dag.py took 0.901 seconds
