[2024-04-26T21:25:44.050-0300] {processor.py:161} INFO - Started process (PID=17798) to work on /home/athlon/projects/airflow/.venv/lib/python3.11/site-packages/airflow/example_dags/example_branch_operator.py
[2024-04-26T21:25:44.051-0300] {processor.py:830} INFO - Processing file /home/athlon/projects/airflow/.venv/lib/python3.11/site-packages/airflow/example_dags/example_branch_operator.py for tasks to queue
[2024-04-26T21:25:44.055-0300] {logging_mixin.py:188} INFO - [2024-04-26T21:25:44.054-0300] {dagbag.py:540} INFO - Filling up the DagBag from /home/athlon/projects/airflow/.venv/lib/python3.11/site-packages/airflow/example_dags/example_branch_operator.py
[2024-04-26T21:25:44.063-0300] {processor.py:842} WARNING - No viable dags retrieved from /home/athlon/projects/airflow/.venv/lib/python3.11/site-packages/airflow/example_dags/example_branch_operator.py
[2024-04-26T21:25:44.085-0300] {processor.py:183} INFO - Processing /home/athlon/projects/airflow/.venv/lib/python3.11/site-packages/airflow/example_dags/example_branch_operator.py took 0.048 seconds
[2024-04-26T21:26:42.721-0300] {processor.py:161} INFO - Started process (PID=17894) to work on /home/athlon/projects/airflow/.venv/lib/python3.11/site-packages/airflow/example_dags/example_branch_operator.py
[2024-04-26T21:26:42.727-0300] {processor.py:830} INFO - Processing file /home/athlon/projects/airflow/.venv/lib/python3.11/site-packages/airflow/example_dags/example_branch_operator.py for tasks to queue
[2024-04-26T21:26:42.729-0300] {logging_mixin.py:188} INFO - [2024-04-26T21:26:42.729-0300] {dagbag.py:540} INFO - Filling up the DagBag from /home/athlon/projects/airflow/.venv/lib/python3.11/site-packages/airflow/example_dags/example_branch_operator.py
[2024-04-26T21:26:42.733-0300] {processor.py:842} WARNING - No viable dags retrieved from /home/athlon/projects/airflow/.venv/lib/python3.11/site-packages/airflow/example_dags/example_branch_operator.py
[2024-04-26T21:26:42.749-0300] {processor.py:183} INFO - Processing /home/athlon/projects/airflow/.venv/lib/python3.11/site-packages/airflow/example_dags/example_branch_operator.py took 0.037 seconds
[2024-04-26T21:27:39.369-0300] {processor.py:161} INFO - Started process (PID=17957) to work on /home/athlon/projects/airflow/.venv/lib/python3.11/site-packages/airflow/example_dags/example_branch_operator.py
[2024-04-26T21:27:39.374-0300] {processor.py:830} INFO - Processing file /home/athlon/projects/airflow/.venv/lib/python3.11/site-packages/airflow/example_dags/example_branch_operator.py for tasks to queue
[2024-04-26T21:27:39.377-0300] {logging_mixin.py:188} INFO - [2024-04-26T21:27:39.376-0300] {dagbag.py:540} INFO - Filling up the DagBag from /home/athlon/projects/airflow/.venv/lib/python3.11/site-packages/airflow/example_dags/example_branch_operator.py
[2024-04-26T21:27:39.381-0300] {processor.py:842} WARNING - No viable dags retrieved from /home/athlon/projects/airflow/.venv/lib/python3.11/site-packages/airflow/example_dags/example_branch_operator.py
[2024-04-26T21:27:39.397-0300] {processor.py:183} INFO - Processing /home/athlon/projects/airflow/.venv/lib/python3.11/site-packages/airflow/example_dags/example_branch_operator.py took 0.039 seconds
[2024-04-26T21:28:39.223-0300] {processor.py:161} INFO - Started process (PID=18049) to work on /home/athlon/projects/airflow/.venv/lib/python3.11/site-packages/airflow/example_dags/example_branch_operator.py
[2024-04-26T21:28:39.229-0300] {processor.py:830} INFO - Processing file /home/athlon/projects/airflow/.venv/lib/python3.11/site-packages/airflow/example_dags/example_branch_operator.py for tasks to queue
[2024-04-26T21:28:39.232-0300] {logging_mixin.py:188} INFO - [2024-04-26T21:28:39.231-0300] {dagbag.py:540} INFO - Filling up the DagBag from /home/athlon/projects/airflow/.venv/lib/python3.11/site-packages/airflow/example_dags/example_branch_operator.py
[2024-04-26T21:28:39.237-0300] {processor.py:842} WARNING - No viable dags retrieved from /home/athlon/projects/airflow/.venv/lib/python3.11/site-packages/airflow/example_dags/example_branch_operator.py
[2024-04-26T21:28:39.254-0300] {processor.py:183} INFO - Processing /home/athlon/projects/airflow/.venv/lib/python3.11/site-packages/airflow/example_dags/example_branch_operator.py took 0.041 seconds
[2024-04-26T21:29:39.375-0300] {processor.py:161} INFO - Started process (PID=18671) to work on /home/athlon/projects/airflow/.venv/lib/python3.11/site-packages/airflow/example_dags/example_branch_operator.py
[2024-04-26T21:29:39.376-0300] {processor.py:830} INFO - Processing file /home/athlon/projects/airflow/.venv/lib/python3.11/site-packages/airflow/example_dags/example_branch_operator.py for tasks to queue
[2024-04-26T21:29:39.380-0300] {logging_mixin.py:188} INFO - [2024-04-26T21:29:39.379-0300] {dagbag.py:540} INFO - Filling up the DagBag from /home/athlon/projects/airflow/.venv/lib/python3.11/site-packages/airflow/example_dags/example_branch_operator.py
[2024-04-26T21:29:39.386-0300] {processor.py:842} WARNING - No viable dags retrieved from /home/athlon/projects/airflow/.venv/lib/python3.11/site-packages/airflow/example_dags/example_branch_operator.py
[2024-04-26T21:29:39.408-0300] {processor.py:183} INFO - Processing /home/athlon/projects/airflow/.venv/lib/python3.11/site-packages/airflow/example_dags/example_branch_operator.py took 0.046 seconds
[2024-04-26T21:30:45.473-0300] {processor.py:161} INFO - Started process (PID=18748) to work on /home/athlon/projects/airflow/.venv/lib/python3.11/site-packages/airflow/example_dags/example_branch_operator.py
[2024-04-26T21:30:45.478-0300] {processor.py:830} INFO - Processing file /home/athlon/projects/airflow/.venv/lib/python3.11/site-packages/airflow/example_dags/example_branch_operator.py for tasks to queue
[2024-04-26T21:30:45.481-0300] {logging_mixin.py:188} INFO - [2024-04-26T21:30:45.480-0300] {dagbag.py:540} INFO - Filling up the DagBag from /home/athlon/projects/airflow/.venv/lib/python3.11/site-packages/airflow/example_dags/example_branch_operator.py
[2024-04-26T21:30:45.486-0300] {processor.py:842} WARNING - No viable dags retrieved from /home/athlon/projects/airflow/.venv/lib/python3.11/site-packages/airflow/example_dags/example_branch_operator.py
[2024-04-26T21:30:45.502-0300] {processor.py:183} INFO - Processing /home/athlon/projects/airflow/.venv/lib/python3.11/site-packages/airflow/example_dags/example_branch_operator.py took 0.040 seconds
[2024-04-26T21:31:46.598-0300] {processor.py:161} INFO - Started process (PID=18822) to work on /home/athlon/projects/airflow/.venv/lib/python3.11/site-packages/airflow/example_dags/example_branch_operator.py
[2024-04-26T21:31:46.603-0300] {processor.py:830} INFO - Processing file /home/athlon/projects/airflow/.venv/lib/python3.11/site-packages/airflow/example_dags/example_branch_operator.py for tasks to queue
[2024-04-26T21:31:46.606-0300] {logging_mixin.py:188} INFO - [2024-04-26T21:31:46.605-0300] {dagbag.py:540} INFO - Filling up the DagBag from /home/athlon/projects/airflow/.venv/lib/python3.11/site-packages/airflow/example_dags/example_branch_operator.py
[2024-04-26T21:31:46.610-0300] {processor.py:842} WARNING - No viable dags retrieved from /home/athlon/projects/airflow/.venv/lib/python3.11/site-packages/airflow/example_dags/example_branch_operator.py
[2024-04-26T21:31:46.627-0300] {processor.py:183} INFO - Processing /home/athlon/projects/airflow/.venv/lib/python3.11/site-packages/airflow/example_dags/example_branch_operator.py took 0.041 seconds
[2024-04-26T21:32:45.763-0300] {processor.py:161} INFO - Started process (PID=18876) to work on /home/athlon/projects/airflow/.venv/lib/python3.11/site-packages/airflow/example_dags/example_branch_operator.py
[2024-04-26T21:32:45.769-0300] {processor.py:830} INFO - Processing file /home/athlon/projects/airflow/.venv/lib/python3.11/site-packages/airflow/example_dags/example_branch_operator.py for tasks to queue
[2024-04-26T21:32:45.772-0300] {logging_mixin.py:188} INFO - [2024-04-26T21:32:45.771-0300] {dagbag.py:540} INFO - Filling up the DagBag from /home/athlon/projects/airflow/.venv/lib/python3.11/site-packages/airflow/example_dags/example_branch_operator.py
[2024-04-26T21:32:45.776-0300] {processor.py:842} WARNING - No viable dags retrieved from /home/athlon/projects/airflow/.venv/lib/python3.11/site-packages/airflow/example_dags/example_branch_operator.py
[2024-04-26T21:32:45.794-0300] {processor.py:183} INFO - Processing /home/athlon/projects/airflow/.venv/lib/python3.11/site-packages/airflow/example_dags/example_branch_operator.py took 0.041 seconds
[2024-04-26T21:33:42.061-0300] {processor.py:161} INFO - Started process (PID=19092) to work on /home/athlon/projects/airflow/.venv/lib/python3.11/site-packages/airflow/example_dags/example_branch_operator.py
[2024-04-26T21:33:42.090-0300] {processor.py:830} INFO - Processing file /home/athlon/projects/airflow/.venv/lib/python3.11/site-packages/airflow/example_dags/example_branch_operator.py for tasks to queue
[2024-04-26T21:33:42.093-0300] {logging_mixin.py:188} INFO - [2024-04-26T21:33:42.093-0300] {dagbag.py:540} INFO - Filling up the DagBag from /home/athlon/projects/airflow/.venv/lib/python3.11/site-packages/airflow/example_dags/example_branch_operator.py
[2024-04-26T21:33:42.098-0300] {processor.py:842} WARNING - No viable dags retrieved from /home/athlon/projects/airflow/.venv/lib/python3.11/site-packages/airflow/example_dags/example_branch_operator.py
[2024-04-26T21:33:42.138-0300] {processor.py:183} INFO - Processing /home/athlon/projects/airflow/.venv/lib/python3.11/site-packages/airflow/example_dags/example_branch_operator.py took 0.087 seconds
[2024-04-26T21:34:50.269-0300] {processor.py:161} INFO - Started process (PID=19180) to work on /home/athlon/projects/airflow/.venv/lib/python3.11/site-packages/airflow/example_dags/example_branch_operator.py
[2024-04-26T21:34:50.277-0300] {processor.py:830} INFO - Processing file /home/athlon/projects/airflow/.venv/lib/python3.11/site-packages/airflow/example_dags/example_branch_operator.py for tasks to queue
[2024-04-26T21:34:50.280-0300] {logging_mixin.py:188} INFO - [2024-04-26T21:34:50.279-0300] {dagbag.py:540} INFO - Filling up the DagBag from /home/athlon/projects/airflow/.venv/lib/python3.11/site-packages/airflow/example_dags/example_branch_operator.py
[2024-04-26T21:34:50.285-0300] {processor.py:842} WARNING - No viable dags retrieved from /home/athlon/projects/airflow/.venv/lib/python3.11/site-packages/airflow/example_dags/example_branch_operator.py
[2024-04-26T21:34:50.301-0300] {processor.py:183} INFO - Processing /home/athlon/projects/airflow/.venv/lib/python3.11/site-packages/airflow/example_dags/example_branch_operator.py took 0.042 seconds
[2024-04-26T21:36:16.837-0300] {processor.py:161} INFO - Started process (PID=19270) to work on /home/athlon/projects/airflow/.venv/lib/python3.11/site-packages/airflow/example_dags/example_branch_operator.py
[2024-04-26T21:36:16.843-0300] {processor.py:830} INFO - Processing file /home/athlon/projects/airflow/.venv/lib/python3.11/site-packages/airflow/example_dags/example_branch_operator.py for tasks to queue
[2024-04-26T21:36:16.846-0300] {logging_mixin.py:188} INFO - [2024-04-26T21:36:16.845-0300] {dagbag.py:540} INFO - Filling up the DagBag from /home/athlon/projects/airflow/.venv/lib/python3.11/site-packages/airflow/example_dags/example_branch_operator.py
[2024-04-26T21:36:16.850-0300] {processor.py:842} WARNING - No viable dags retrieved from /home/athlon/projects/airflow/.venv/lib/python3.11/site-packages/airflow/example_dags/example_branch_operator.py
[2024-04-26T21:36:16.868-0300] {processor.py:183} INFO - Processing /home/athlon/projects/airflow/.venv/lib/python3.11/site-packages/airflow/example_dags/example_branch_operator.py took 0.043 seconds
[2024-04-26T21:37:14.868-0300] {processor.py:161} INFO - Started process (PID=19335) to work on /home/athlon/projects/airflow/.venv/lib/python3.11/site-packages/airflow/example_dags/example_branch_operator.py
[2024-04-26T21:37:14.874-0300] {processor.py:830} INFO - Processing file /home/athlon/projects/airflow/.venv/lib/python3.11/site-packages/airflow/example_dags/example_branch_operator.py for tasks to queue
[2024-04-26T21:37:14.877-0300] {logging_mixin.py:188} INFO - [2024-04-26T21:37:14.876-0300] {dagbag.py:540} INFO - Filling up the DagBag from /home/athlon/projects/airflow/.venv/lib/python3.11/site-packages/airflow/example_dags/example_branch_operator.py
[2024-04-26T21:37:14.881-0300] {processor.py:842} WARNING - No viable dags retrieved from /home/athlon/projects/airflow/.venv/lib/python3.11/site-packages/airflow/example_dags/example_branch_operator.py
[2024-04-26T21:37:14.897-0300] {processor.py:183} INFO - Processing /home/athlon/projects/airflow/.venv/lib/python3.11/site-packages/airflow/example_dags/example_branch_operator.py took 0.039 seconds
[2024-04-26T21:38:12.046-0300] {processor.py:161} INFO - Started process (PID=19401) to work on /home/athlon/projects/airflow/.venv/lib/python3.11/site-packages/airflow/example_dags/example_branch_operator.py
[2024-04-26T21:38:12.052-0300] {processor.py:830} INFO - Processing file /home/athlon/projects/airflow/.venv/lib/python3.11/site-packages/airflow/example_dags/example_branch_operator.py for tasks to queue
[2024-04-26T21:38:12.054-0300] {logging_mixin.py:188} INFO - [2024-04-26T21:38:12.054-0300] {dagbag.py:540} INFO - Filling up the DagBag from /home/athlon/projects/airflow/.venv/lib/python3.11/site-packages/airflow/example_dags/example_branch_operator.py
[2024-04-26T21:38:12.059-0300] {processor.py:842} WARNING - No viable dags retrieved from /home/athlon/projects/airflow/.venv/lib/python3.11/site-packages/airflow/example_dags/example_branch_operator.py
[2024-04-26T21:38:12.075-0300] {processor.py:183} INFO - Processing /home/athlon/projects/airflow/.venv/lib/python3.11/site-packages/airflow/example_dags/example_branch_operator.py took 0.039 seconds
[2024-04-26T21:39:09.918-0300] {processor.py:161} INFO - Started process (PID=19497) to work on /home/athlon/projects/airflow/.venv/lib/python3.11/site-packages/airflow/example_dags/example_branch_operator.py
[2024-04-26T21:39:09.920-0300] {processor.py:830} INFO - Processing file /home/athlon/projects/airflow/.venv/lib/python3.11/site-packages/airflow/example_dags/example_branch_operator.py for tasks to queue
[2024-04-26T21:39:09.923-0300] {logging_mixin.py:188} INFO - [2024-04-26T21:39:09.922-0300] {dagbag.py:540} INFO - Filling up the DagBag from /home/athlon/projects/airflow/.venv/lib/python3.11/site-packages/airflow/example_dags/example_branch_operator.py
[2024-04-26T21:39:09.929-0300] {processor.py:842} WARNING - No viable dags retrieved from /home/athlon/projects/airflow/.venv/lib/python3.11/site-packages/airflow/example_dags/example_branch_operator.py
[2024-04-26T21:39:09.950-0300] {processor.py:183} INFO - Processing /home/athlon/projects/airflow/.venv/lib/python3.11/site-packages/airflow/example_dags/example_branch_operator.py took 0.045 seconds
[2024-04-26T21:40:09.792-0300] {processor.py:161} INFO - Started process (PID=19615) to work on /home/athlon/projects/airflow/.venv/lib/python3.11/site-packages/airflow/example_dags/example_branch_operator.py
[2024-04-26T21:40:09.798-0300] {processor.py:830} INFO - Processing file /home/athlon/projects/airflow/.venv/lib/python3.11/site-packages/airflow/example_dags/example_branch_operator.py for tasks to queue
[2024-04-26T21:40:09.801-0300] {logging_mixin.py:188} INFO - [2024-04-26T21:40:09.800-0300] {dagbag.py:540} INFO - Filling up the DagBag from /home/athlon/projects/airflow/.venv/lib/python3.11/site-packages/airflow/example_dags/example_branch_operator.py
[2024-04-26T21:40:09.806-0300] {processor.py:842} WARNING - No viable dags retrieved from /home/athlon/projects/airflow/.venv/lib/python3.11/site-packages/airflow/example_dags/example_branch_operator.py
[2024-04-26T21:40:09.824-0300] {processor.py:183} INFO - Processing /home/athlon/projects/airflow/.venv/lib/python3.11/site-packages/airflow/example_dags/example_branch_operator.py took 0.042 seconds
[2024-04-26T21:41:06.645-0300] {processor.py:161} INFO - Started process (PID=19734) to work on /home/athlon/projects/airflow/.venv/lib/python3.11/site-packages/airflow/example_dags/example_branch_operator.py
[2024-04-26T21:41:06.651-0300] {processor.py:830} INFO - Processing file /home/athlon/projects/airflow/.venv/lib/python3.11/site-packages/airflow/example_dags/example_branch_operator.py for tasks to queue
[2024-04-26T21:41:06.654-0300] {logging_mixin.py:188} INFO - [2024-04-26T21:41:06.654-0300] {dagbag.py:540} INFO - Filling up the DagBag from /home/athlon/projects/airflow/.venv/lib/python3.11/site-packages/airflow/example_dags/example_branch_operator.py
[2024-04-26T21:41:06.659-0300] {processor.py:842} WARNING - No viable dags retrieved from /home/athlon/projects/airflow/.venv/lib/python3.11/site-packages/airflow/example_dags/example_branch_operator.py
[2024-04-26T21:41:06.675-0300] {processor.py:183} INFO - Processing /home/athlon/projects/airflow/.venv/lib/python3.11/site-packages/airflow/example_dags/example_branch_operator.py took 0.040 seconds
[2024-04-26T21:42:06.546-0300] {processor.py:161} INFO - Started process (PID=19809) to work on /home/athlon/projects/airflow/.venv/lib/python3.11/site-packages/airflow/example_dags/example_branch_operator.py
[2024-04-26T21:42:06.551-0300] {processor.py:830} INFO - Processing file /home/athlon/projects/airflow/.venv/lib/python3.11/site-packages/airflow/example_dags/example_branch_operator.py for tasks to queue
[2024-04-26T21:42:06.554-0300] {logging_mixin.py:188} INFO - [2024-04-26T21:42:06.554-0300] {dagbag.py:540} INFO - Filling up the DagBag from /home/athlon/projects/airflow/.venv/lib/python3.11/site-packages/airflow/example_dags/example_branch_operator.py
[2024-04-26T21:42:06.559-0300] {processor.py:842} WARNING - No viable dags retrieved from /home/athlon/projects/airflow/.venv/lib/python3.11/site-packages/airflow/example_dags/example_branch_operator.py
[2024-04-26T21:42:06.575-0300] {processor.py:183} INFO - Processing /home/athlon/projects/airflow/.venv/lib/python3.11/site-packages/airflow/example_dags/example_branch_operator.py took 0.040 seconds
[2024-04-26T21:43:06.738-0300] {processor.py:161} INFO - Started process (PID=19875) to work on /home/athlon/projects/airflow/.venv/lib/python3.11/site-packages/airflow/example_dags/example_branch_operator.py
[2024-04-26T21:43:06.744-0300] {processor.py:830} INFO - Processing file /home/athlon/projects/airflow/.venv/lib/python3.11/site-packages/airflow/example_dags/example_branch_operator.py for tasks to queue
[2024-04-26T21:43:06.746-0300] {logging_mixin.py:188} INFO - [2024-04-26T21:43:06.746-0300] {dagbag.py:540} INFO - Filling up the DagBag from /home/athlon/projects/airflow/.venv/lib/python3.11/site-packages/airflow/example_dags/example_branch_operator.py
[2024-04-26T21:43:06.751-0300] {processor.py:842} WARNING - No viable dags retrieved from /home/athlon/projects/airflow/.venv/lib/python3.11/site-packages/airflow/example_dags/example_branch_operator.py
[2024-04-26T21:43:06.768-0300] {processor.py:183} INFO - Processing /home/athlon/projects/airflow/.venv/lib/python3.11/site-packages/airflow/example_dags/example_branch_operator.py took 0.041 seconds
[2024-04-26T21:44:03.634-0300] {processor.py:161} INFO - Started process (PID=19942) to work on /home/athlon/projects/airflow/.venv/lib/python3.11/site-packages/airflow/example_dags/example_branch_operator.py
[2024-04-26T21:44:03.639-0300] {processor.py:830} INFO - Processing file /home/athlon/projects/airflow/.venv/lib/python3.11/site-packages/airflow/example_dags/example_branch_operator.py for tasks to queue
[2024-04-26T21:44:03.642-0300] {logging_mixin.py:188} INFO - [2024-04-26T21:44:03.642-0300] {dagbag.py:540} INFO - Filling up the DagBag from /home/athlon/projects/airflow/.venv/lib/python3.11/site-packages/airflow/example_dags/example_branch_operator.py
[2024-04-26T21:44:03.647-0300] {processor.py:842} WARNING - No viable dags retrieved from /home/athlon/projects/airflow/.venv/lib/python3.11/site-packages/airflow/example_dags/example_branch_operator.py
[2024-04-26T21:44:03.663-0300] {processor.py:183} INFO - Processing /home/athlon/projects/airflow/.venv/lib/python3.11/site-packages/airflow/example_dags/example_branch_operator.py took 0.040 seconds
[2024-04-26T21:44:57.475-0300] {processor.py:161} INFO - Started process (PID=20010) to work on /home/athlon/projects/airflow/.venv/lib/python3.11/site-packages/airflow/example_dags/example_branch_operator.py
[2024-04-26T21:44:57.480-0300] {processor.py:830} INFO - Processing file /home/athlon/projects/airflow/.venv/lib/python3.11/site-packages/airflow/example_dags/example_branch_operator.py for tasks to queue
[2024-04-26T21:44:57.483-0300] {logging_mixin.py:188} INFO - [2024-04-26T21:44:57.482-0300] {dagbag.py:540} INFO - Filling up the DagBag from /home/athlon/projects/airflow/.venv/lib/python3.11/site-packages/airflow/example_dags/example_branch_operator.py
[2024-04-26T21:44:57.487-0300] {processor.py:842} WARNING - No viable dags retrieved from /home/athlon/projects/airflow/.venv/lib/python3.11/site-packages/airflow/example_dags/example_branch_operator.py
[2024-04-26T21:44:57.503-0300] {processor.py:183} INFO - Processing /home/athlon/projects/airflow/.venv/lib/python3.11/site-packages/airflow/example_dags/example_branch_operator.py took 0.038 seconds
[2024-04-26T21:45:56.242-0300] {processor.py:161} INFO - Started process (PID=20075) to work on /home/athlon/projects/airflow/.venv/lib/python3.11/site-packages/airflow/example_dags/example_branch_operator.py
[2024-04-26T21:45:56.248-0300] {processor.py:830} INFO - Processing file /home/athlon/projects/airflow/.venv/lib/python3.11/site-packages/airflow/example_dags/example_branch_operator.py for tasks to queue
[2024-04-26T21:45:56.251-0300] {logging_mixin.py:188} INFO - [2024-04-26T21:45:56.250-0300] {dagbag.py:540} INFO - Filling up the DagBag from /home/athlon/projects/airflow/.venv/lib/python3.11/site-packages/airflow/example_dags/example_branch_operator.py
[2024-04-26T21:45:56.256-0300] {processor.py:842} WARNING - No viable dags retrieved from /home/athlon/projects/airflow/.venv/lib/python3.11/site-packages/airflow/example_dags/example_branch_operator.py
[2024-04-26T21:45:56.273-0300] {processor.py:183} INFO - Processing /home/athlon/projects/airflow/.venv/lib/python3.11/site-packages/airflow/example_dags/example_branch_operator.py took 0.043 seconds
[2024-04-26T21:46:55.034-0300] {processor.py:161} INFO - Started process (PID=20137) to work on /home/athlon/projects/airflow/.venv/lib/python3.11/site-packages/airflow/example_dags/example_branch_operator.py
[2024-04-26T21:46:55.040-0300] {processor.py:830} INFO - Processing file /home/athlon/projects/airflow/.venv/lib/python3.11/site-packages/airflow/example_dags/example_branch_operator.py for tasks to queue
[2024-04-26T21:46:55.043-0300] {logging_mixin.py:188} INFO - [2024-04-26T21:46:55.042-0300] {dagbag.py:540} INFO - Filling up the DagBag from /home/athlon/projects/airflow/.venv/lib/python3.11/site-packages/airflow/example_dags/example_branch_operator.py
[2024-04-26T21:46:55.047-0300] {processor.py:842} WARNING - No viable dags retrieved from /home/athlon/projects/airflow/.venv/lib/python3.11/site-packages/airflow/example_dags/example_branch_operator.py
[2024-04-26T21:46:55.064-0300] {processor.py:183} INFO - Processing /home/athlon/projects/airflow/.venv/lib/python3.11/site-packages/airflow/example_dags/example_branch_operator.py took 0.040 seconds
[2024-04-26T21:47:52.914-0300] {processor.py:161} INFO - Started process (PID=20204) to work on /home/athlon/projects/airflow/.venv/lib/python3.11/site-packages/airflow/example_dags/example_branch_operator.py
[2024-04-26T21:47:52.920-0300] {processor.py:830} INFO - Processing file /home/athlon/projects/airflow/.venv/lib/python3.11/site-packages/airflow/example_dags/example_branch_operator.py for tasks to queue
[2024-04-26T21:47:52.923-0300] {logging_mixin.py:188} INFO - [2024-04-26T21:47:52.922-0300] {dagbag.py:540} INFO - Filling up the DagBag from /home/athlon/projects/airflow/.venv/lib/python3.11/site-packages/airflow/example_dags/example_branch_operator.py
[2024-04-26T21:47:52.927-0300] {processor.py:842} WARNING - No viable dags retrieved from /home/athlon/projects/airflow/.venv/lib/python3.11/site-packages/airflow/example_dags/example_branch_operator.py
[2024-04-26T21:47:52.944-0300] {processor.py:183} INFO - Processing /home/athlon/projects/airflow/.venv/lib/python3.11/site-packages/airflow/example_dags/example_branch_operator.py took 0.040 seconds
[2024-04-26T21:48:48.292-0300] {processor.py:161} INFO - Started process (PID=20268) to work on /home/athlon/projects/airflow/.venv/lib/python3.11/site-packages/airflow/example_dags/example_branch_operator.py
[2024-04-26T21:48:48.294-0300] {processor.py:830} INFO - Processing file /home/athlon/projects/airflow/.venv/lib/python3.11/site-packages/airflow/example_dags/example_branch_operator.py for tasks to queue
[2024-04-26T21:48:48.297-0300] {logging_mixin.py:188} INFO - [2024-04-26T21:48:48.296-0300] {dagbag.py:540} INFO - Filling up the DagBag from /home/athlon/projects/airflow/.venv/lib/python3.11/site-packages/airflow/example_dags/example_branch_operator.py
[2024-04-26T21:48:48.302-0300] {processor.py:842} WARNING - No viable dags retrieved from /home/athlon/projects/airflow/.venv/lib/python3.11/site-packages/airflow/example_dags/example_branch_operator.py
[2024-04-26T21:48:48.319-0300] {processor.py:183} INFO - Processing /home/athlon/projects/airflow/.venv/lib/python3.11/site-packages/airflow/example_dags/example_branch_operator.py took 0.037 seconds
[2024-04-26T21:49:42.069-0300] {processor.py:161} INFO - Started process (PID=20336) to work on /home/athlon/projects/airflow/.venv/lib/python3.11/site-packages/airflow/example_dags/example_branch_operator.py
[2024-04-26T21:49:42.075-0300] {processor.py:830} INFO - Processing file /home/athlon/projects/airflow/.venv/lib/python3.11/site-packages/airflow/example_dags/example_branch_operator.py for tasks to queue
[2024-04-26T21:49:42.078-0300] {logging_mixin.py:188} INFO - [2024-04-26T21:49:42.077-0300] {dagbag.py:540} INFO - Filling up the DagBag from /home/athlon/projects/airflow/.venv/lib/python3.11/site-packages/airflow/example_dags/example_branch_operator.py
[2024-04-26T21:49:42.082-0300] {processor.py:842} WARNING - No viable dags retrieved from /home/athlon/projects/airflow/.venv/lib/python3.11/site-packages/airflow/example_dags/example_branch_operator.py
[2024-04-26T21:49:42.099-0300] {processor.py:183} INFO - Processing /home/athlon/projects/airflow/.venv/lib/python3.11/site-packages/airflow/example_dags/example_branch_operator.py took 0.041 seconds
[2024-04-26T21:50:39.185-0300] {processor.py:161} INFO - Started process (PID=20398) to work on /home/athlon/projects/airflow/.venv/lib/python3.11/site-packages/airflow/example_dags/example_branch_operator.py
[2024-04-26T21:50:39.191-0300] {processor.py:830} INFO - Processing file /home/athlon/projects/airflow/.venv/lib/python3.11/site-packages/airflow/example_dags/example_branch_operator.py for tasks to queue
[2024-04-26T21:50:39.193-0300] {logging_mixin.py:188} INFO - [2024-04-26T21:50:39.193-0300] {dagbag.py:540} INFO - Filling up the DagBag from /home/athlon/projects/airflow/.venv/lib/python3.11/site-packages/airflow/example_dags/example_branch_operator.py
[2024-04-26T21:50:39.197-0300] {processor.py:842} WARNING - No viable dags retrieved from /home/athlon/projects/airflow/.venv/lib/python3.11/site-packages/airflow/example_dags/example_branch_operator.py
[2024-04-26T21:50:39.212-0300] {processor.py:183} INFO - Processing /home/athlon/projects/airflow/.venv/lib/python3.11/site-packages/airflow/example_dags/example_branch_operator.py took 0.037 seconds
[2024-04-26T21:51:35.107-0300] {processor.py:161} INFO - Started process (PID=20474) to work on /home/athlon/projects/airflow/.venv/lib/python3.11/site-packages/airflow/example_dags/example_branch_operator.py
[2024-04-26T21:51:35.112-0300] {processor.py:830} INFO - Processing file /home/athlon/projects/airflow/.venv/lib/python3.11/site-packages/airflow/example_dags/example_branch_operator.py for tasks to queue
[2024-04-26T21:51:35.115-0300] {logging_mixin.py:188} INFO - [2024-04-26T21:51:35.115-0300] {dagbag.py:540} INFO - Filling up the DagBag from /home/athlon/projects/airflow/.venv/lib/python3.11/site-packages/airflow/example_dags/example_branch_operator.py
[2024-04-26T21:51:35.120-0300] {processor.py:842} WARNING - No viable dags retrieved from /home/athlon/projects/airflow/.venv/lib/python3.11/site-packages/airflow/example_dags/example_branch_operator.py
[2024-04-26T21:51:35.136-0300] {processor.py:183} INFO - Processing /home/athlon/projects/airflow/.venv/lib/python3.11/site-packages/airflow/example_dags/example_branch_operator.py took 0.040 seconds
[2024-04-26T21:52:32.137-0300] {processor.py:161} INFO - Started process (PID=20647) to work on /home/athlon/projects/airflow/.venv/lib/python3.11/site-packages/airflow/example_dags/example_branch_operator.py
[2024-04-26T21:52:32.143-0300] {processor.py:830} INFO - Processing file /home/athlon/projects/airflow/.venv/lib/python3.11/site-packages/airflow/example_dags/example_branch_operator.py for tasks to queue
[2024-04-26T21:52:32.147-0300] {logging_mixin.py:188} INFO - [2024-04-26T21:52:32.146-0300] {dagbag.py:540} INFO - Filling up the DagBag from /home/athlon/projects/airflow/.venv/lib/python3.11/site-packages/airflow/example_dags/example_branch_operator.py
[2024-04-26T21:52:32.154-0300] {processor.py:842} WARNING - No viable dags retrieved from /home/athlon/projects/airflow/.venv/lib/python3.11/site-packages/airflow/example_dags/example_branch_operator.py
[2024-04-26T21:52:32.172-0300] {processor.py:183} INFO - Processing /home/athlon/projects/airflow/.venv/lib/python3.11/site-packages/airflow/example_dags/example_branch_operator.py took 0.046 seconds
[2024-04-26T21:53:27.816-0300] {processor.py:161} INFO - Started process (PID=20713) to work on /home/athlon/projects/airflow/.venv/lib/python3.11/site-packages/airflow/example_dags/example_branch_operator.py
[2024-04-26T21:53:27.822-0300] {processor.py:830} INFO - Processing file /home/athlon/projects/airflow/.venv/lib/python3.11/site-packages/airflow/example_dags/example_branch_operator.py for tasks to queue
[2024-04-26T21:53:27.825-0300] {logging_mixin.py:188} INFO - [2024-04-26T21:53:27.824-0300] {dagbag.py:540} INFO - Filling up the DagBag from /home/athlon/projects/airflow/.venv/lib/python3.11/site-packages/airflow/example_dags/example_branch_operator.py
[2024-04-26T21:53:27.829-0300] {processor.py:842} WARNING - No viable dags retrieved from /home/athlon/projects/airflow/.venv/lib/python3.11/site-packages/airflow/example_dags/example_branch_operator.py
[2024-04-26T21:53:27.846-0300] {processor.py:183} INFO - Processing /home/athlon/projects/airflow/.venv/lib/python3.11/site-packages/airflow/example_dags/example_branch_operator.py took 0.042 seconds
[2024-04-26T21:54:25.618-0300] {processor.py:161} INFO - Started process (PID=20823) to work on /home/athlon/projects/airflow/.venv/lib/python3.11/site-packages/airflow/example_dags/example_branch_operator.py
[2024-04-26T21:54:25.624-0300] {processor.py:830} INFO - Processing file /home/athlon/projects/airflow/.venv/lib/python3.11/site-packages/airflow/example_dags/example_branch_operator.py for tasks to queue
[2024-04-26T21:54:25.627-0300] {logging_mixin.py:188} INFO - [2024-04-26T21:54:25.627-0300] {dagbag.py:540} INFO - Filling up the DagBag from /home/athlon/projects/airflow/.venv/lib/python3.11/site-packages/airflow/example_dags/example_branch_operator.py
[2024-04-26T21:54:25.632-0300] {processor.py:842} WARNING - No viable dags retrieved from /home/athlon/projects/airflow/.venv/lib/python3.11/site-packages/airflow/example_dags/example_branch_operator.py
[2024-04-26T21:54:25.651-0300] {processor.py:183} INFO - Processing /home/athlon/projects/airflow/.venv/lib/python3.11/site-packages/airflow/example_dags/example_branch_operator.py took 0.045 seconds
[2024-04-26T21:55:49.625-0300] {processor.py:161} INFO - Started process (PID=21561) to work on /home/athlon/projects/airflow/.venv/lib/python3.11/site-packages/airflow/example_dags/example_branch_operator.py
[2024-04-26T21:55:49.631-0300] {processor.py:830} INFO - Processing file /home/athlon/projects/airflow/.venv/lib/python3.11/site-packages/airflow/example_dags/example_branch_operator.py for tasks to queue
[2024-04-26T21:55:49.634-0300] {logging_mixin.py:188} INFO - [2024-04-26T21:55:49.633-0300] {dagbag.py:540} INFO - Filling up the DagBag from /home/athlon/projects/airflow/.venv/lib/python3.11/site-packages/airflow/example_dags/example_branch_operator.py
[2024-04-26T21:55:49.639-0300] {processor.py:842} WARNING - No viable dags retrieved from /home/athlon/projects/airflow/.venv/lib/python3.11/site-packages/airflow/example_dags/example_branch_operator.py
[2024-04-26T21:55:49.655-0300] {processor.py:183} INFO - Processing /home/athlon/projects/airflow/.venv/lib/python3.11/site-packages/airflow/example_dags/example_branch_operator.py took 0.041 seconds
[2024-04-26T21:56:50.650-0300] {processor.py:161} INFO - Started process (PID=21756) to work on /home/athlon/projects/airflow/.venv/lib/python3.11/site-packages/airflow/example_dags/example_branch_operator.py
[2024-04-26T21:56:50.651-0300] {processor.py:830} INFO - Processing file /home/athlon/projects/airflow/.venv/lib/python3.11/site-packages/airflow/example_dags/example_branch_operator.py for tasks to queue
[2024-04-26T21:56:50.656-0300] {logging_mixin.py:188} INFO - [2024-04-26T21:56:50.655-0300] {dagbag.py:540} INFO - Filling up the DagBag from /home/athlon/projects/airflow/.venv/lib/python3.11/site-packages/airflow/example_dags/example_branch_operator.py
[2024-04-26T21:56:50.661-0300] {processor.py:842} WARNING - No viable dags retrieved from /home/athlon/projects/airflow/.venv/lib/python3.11/site-packages/airflow/example_dags/example_branch_operator.py
[2024-04-26T21:56:50.680-0300] {processor.py:183} INFO - Processing /home/athlon/projects/airflow/.venv/lib/python3.11/site-packages/airflow/example_dags/example_branch_operator.py took 0.040 seconds
[2024-04-26T21:57:50.409-0300] {processor.py:161} INFO - Started process (PID=21943) to work on /home/athlon/projects/airflow/.venv/lib/python3.11/site-packages/airflow/example_dags/example_branch_operator.py
[2024-04-26T21:57:50.415-0300] {processor.py:830} INFO - Processing file /home/athlon/projects/airflow/.venv/lib/python3.11/site-packages/airflow/example_dags/example_branch_operator.py for tasks to queue
[2024-04-26T21:57:50.417-0300] {logging_mixin.py:188} INFO - [2024-04-26T21:57:50.417-0300] {dagbag.py:540} INFO - Filling up the DagBag from /home/athlon/projects/airflow/.venv/lib/python3.11/site-packages/airflow/example_dags/example_branch_operator.py
[2024-04-26T21:57:50.422-0300] {processor.py:842} WARNING - No viable dags retrieved from /home/athlon/projects/airflow/.venv/lib/python3.11/site-packages/airflow/example_dags/example_branch_operator.py
[2024-04-26T21:57:50.438-0300] {processor.py:183} INFO - Processing /home/athlon/projects/airflow/.venv/lib/python3.11/site-packages/airflow/example_dags/example_branch_operator.py took 0.040 seconds
[2024-04-26T21:58:49.665-0300] {processor.py:161} INFO - Started process (PID=22086) to work on /home/athlon/projects/airflow/.venv/lib/python3.11/site-packages/airflow/example_dags/example_branch_operator.py
[2024-04-26T21:58:49.671-0300] {processor.py:830} INFO - Processing file /home/athlon/projects/airflow/.venv/lib/python3.11/site-packages/airflow/example_dags/example_branch_operator.py for tasks to queue
[2024-04-26T21:58:49.674-0300] {logging_mixin.py:188} INFO - [2024-04-26T21:58:49.673-0300] {dagbag.py:540} INFO - Filling up the DagBag from /home/athlon/projects/airflow/.venv/lib/python3.11/site-packages/airflow/example_dags/example_branch_operator.py
[2024-04-26T21:58:49.679-0300] {processor.py:842} WARNING - No viable dags retrieved from /home/athlon/projects/airflow/.venv/lib/python3.11/site-packages/airflow/example_dags/example_branch_operator.py
[2024-04-26T21:58:49.698-0300] {processor.py:183} INFO - Processing /home/athlon/projects/airflow/.venv/lib/python3.11/site-packages/airflow/example_dags/example_branch_operator.py took 0.044 seconds
[2024-04-26T21:59:45.826-0300] {processor.py:161} INFO - Started process (PID=22242) to work on /home/athlon/projects/airflow/.venv/lib/python3.11/site-packages/airflow/example_dags/example_branch_operator.py
[2024-04-26T21:59:45.832-0300] {processor.py:830} INFO - Processing file /home/athlon/projects/airflow/.venv/lib/python3.11/site-packages/airflow/example_dags/example_branch_operator.py for tasks to queue
[2024-04-26T21:59:45.836-0300] {logging_mixin.py:188} INFO - [2024-04-26T21:59:45.835-0300] {dagbag.py:540} INFO - Filling up the DagBag from /home/athlon/projects/airflow/.venv/lib/python3.11/site-packages/airflow/example_dags/example_branch_operator.py
[2024-04-26T21:59:45.840-0300] {processor.py:842} WARNING - No viable dags retrieved from /home/athlon/projects/airflow/.venv/lib/python3.11/site-packages/airflow/example_dags/example_branch_operator.py
[2024-04-26T21:59:45.860-0300] {processor.py:183} INFO - Processing /home/athlon/projects/airflow/.venv/lib/python3.11/site-packages/airflow/example_dags/example_branch_operator.py took 0.044 seconds
[2024-04-26T22:00:49.054-0300] {processor.py:161} INFO - Started process (PID=22318) to work on /home/athlon/projects/airflow/.venv/lib/python3.11/site-packages/airflow/example_dags/example_branch_operator.py
[2024-04-26T22:00:49.060-0300] {processor.py:830} INFO - Processing file /home/athlon/projects/airflow/.venv/lib/python3.11/site-packages/airflow/example_dags/example_branch_operator.py for tasks to queue
[2024-04-26T22:00:49.063-0300] {logging_mixin.py:188} INFO - [2024-04-26T22:00:49.062-0300] {dagbag.py:540} INFO - Filling up the DagBag from /home/athlon/projects/airflow/.venv/lib/python3.11/site-packages/airflow/example_dags/example_branch_operator.py
[2024-04-26T22:00:49.066-0300] {processor.py:842} WARNING - No viable dags retrieved from /home/athlon/projects/airflow/.venv/lib/python3.11/site-packages/airflow/example_dags/example_branch_operator.py
[2024-04-26T22:00:49.081-0300] {processor.py:183} INFO - Processing /home/athlon/projects/airflow/.venv/lib/python3.11/site-packages/airflow/example_dags/example_branch_operator.py took 0.038 seconds
[2024-04-26T22:01:51.493-0300] {processor.py:161} INFO - Started process (PID=22387) to work on /home/athlon/projects/airflow/.venv/lib/python3.11/site-packages/airflow/example_dags/example_branch_operator.py
[2024-04-26T22:01:51.499-0300] {processor.py:830} INFO - Processing file /home/athlon/projects/airflow/.venv/lib/python3.11/site-packages/airflow/example_dags/example_branch_operator.py for tasks to queue
[2024-04-26T22:01:51.502-0300] {logging_mixin.py:188} INFO - [2024-04-26T22:01:51.501-0300] {dagbag.py:540} INFO - Filling up the DagBag from /home/athlon/projects/airflow/.venv/lib/python3.11/site-packages/airflow/example_dags/example_branch_operator.py
[2024-04-26T22:01:51.506-0300] {processor.py:842} WARNING - No viable dags retrieved from /home/athlon/projects/airflow/.venv/lib/python3.11/site-packages/airflow/example_dags/example_branch_operator.py
[2024-04-26T22:01:51.523-0300] {processor.py:183} INFO - Processing /home/athlon/projects/airflow/.venv/lib/python3.11/site-packages/airflow/example_dags/example_branch_operator.py took 0.041 seconds
[2024-04-26T22:02:55.781-0300] {processor.py:161} INFO - Started process (PID=22455) to work on /home/athlon/projects/airflow/.venv/lib/python3.11/site-packages/airflow/example_dags/example_branch_operator.py
[2024-04-26T22:02:55.783-0300] {processor.py:830} INFO - Processing file /home/athlon/projects/airflow/.venv/lib/python3.11/site-packages/airflow/example_dags/example_branch_operator.py for tasks to queue
[2024-04-26T22:02:55.786-0300] {logging_mixin.py:188} INFO - [2024-04-26T22:02:55.785-0300] {dagbag.py:540} INFO - Filling up the DagBag from /home/athlon/projects/airflow/.venv/lib/python3.11/site-packages/airflow/example_dags/example_branch_operator.py
[2024-04-26T22:02:55.790-0300] {processor.py:842} WARNING - No viable dags retrieved from /home/athlon/projects/airflow/.venv/lib/python3.11/site-packages/airflow/example_dags/example_branch_operator.py
[2024-04-26T22:02:55.806-0300] {processor.py:183} INFO - Processing /home/athlon/projects/airflow/.venv/lib/python3.11/site-packages/airflow/example_dags/example_branch_operator.py took 0.036 seconds
[2024-04-26T22:03:56.124-0300] {processor.py:161} INFO - Started process (PID=22533) to work on /home/athlon/projects/airflow/.venv/lib/python3.11/site-packages/airflow/example_dags/example_branch_operator.py
[2024-04-26T22:03:56.130-0300] {processor.py:830} INFO - Processing file /home/athlon/projects/airflow/.venv/lib/python3.11/site-packages/airflow/example_dags/example_branch_operator.py for tasks to queue
[2024-04-26T22:03:56.134-0300] {logging_mixin.py:188} INFO - [2024-04-26T22:03:56.133-0300] {dagbag.py:540} INFO - Filling up the DagBag from /home/athlon/projects/airflow/.venv/lib/python3.11/site-packages/airflow/example_dags/example_branch_operator.py
[2024-04-26T22:03:56.140-0300] {processor.py:842} WARNING - No viable dags retrieved from /home/athlon/projects/airflow/.venv/lib/python3.11/site-packages/airflow/example_dags/example_branch_operator.py
[2024-04-26T22:03:56.159-0300] {processor.py:183} INFO - Processing /home/athlon/projects/airflow/.venv/lib/python3.11/site-packages/airflow/example_dags/example_branch_operator.py took 0.047 seconds
[2024-04-26T22:04:54.393-0300] {processor.py:161} INFO - Started process (PID=22677) to work on /home/athlon/projects/airflow/.venv/lib/python3.11/site-packages/airflow/example_dags/example_branch_operator.py
[2024-04-26T22:04:54.399-0300] {processor.py:830} INFO - Processing file /home/athlon/projects/airflow/.venv/lib/python3.11/site-packages/airflow/example_dags/example_branch_operator.py for tasks to queue
[2024-04-26T22:04:54.402-0300] {logging_mixin.py:188} INFO - [2024-04-26T22:04:54.401-0300] {dagbag.py:540} INFO - Filling up the DagBag from /home/athlon/projects/airflow/.venv/lib/python3.11/site-packages/airflow/example_dags/example_branch_operator.py
[2024-04-26T22:04:54.407-0300] {processor.py:842} WARNING - No viable dags retrieved from /home/athlon/projects/airflow/.venv/lib/python3.11/site-packages/airflow/example_dags/example_branch_operator.py
[2024-04-26T22:04:54.424-0300] {processor.py:183} INFO - Processing /home/athlon/projects/airflow/.venv/lib/python3.11/site-packages/airflow/example_dags/example_branch_operator.py took 0.042 seconds
[2024-04-26T22:05:51.862-0300] {processor.py:161} INFO - Started process (PID=22752) to work on /home/athlon/projects/airflow/.venv/lib/python3.11/site-packages/airflow/example_dags/example_branch_operator.py
[2024-04-26T22:05:51.869-0300] {processor.py:830} INFO - Processing file /home/athlon/projects/airflow/.venv/lib/python3.11/site-packages/airflow/example_dags/example_branch_operator.py for tasks to queue
[2024-04-26T22:05:51.873-0300] {logging_mixin.py:188} INFO - [2024-04-26T22:05:51.872-0300] {dagbag.py:540} INFO - Filling up the DagBag from /home/athlon/projects/airflow/.venv/lib/python3.11/site-packages/airflow/example_dags/example_branch_operator.py
[2024-04-26T22:05:51.880-0300] {processor.py:842} WARNING - No viable dags retrieved from /home/athlon/projects/airflow/.venv/lib/python3.11/site-packages/airflow/example_dags/example_branch_operator.py
[2024-04-26T22:05:51.896-0300] {processor.py:183} INFO - Processing /home/athlon/projects/airflow/.venv/lib/python3.11/site-packages/airflow/example_dags/example_branch_operator.py took 0.050 seconds
[2024-04-26T22:06:51.036-0300] {processor.py:161} INFO - Started process (PID=22818) to work on /home/athlon/projects/airflow/.venv/lib/python3.11/site-packages/airflow/example_dags/example_branch_operator.py
[2024-04-26T22:06:51.042-0300] {processor.py:830} INFO - Processing file /home/athlon/projects/airflow/.venv/lib/python3.11/site-packages/airflow/example_dags/example_branch_operator.py for tasks to queue
[2024-04-26T22:06:51.045-0300] {logging_mixin.py:188} INFO - [2024-04-26T22:06:51.044-0300] {dagbag.py:540} INFO - Filling up the DagBag from /home/athlon/projects/airflow/.venv/lib/python3.11/site-packages/airflow/example_dags/example_branch_operator.py
[2024-04-26T22:06:51.050-0300] {processor.py:842} WARNING - No viable dags retrieved from /home/athlon/projects/airflow/.venv/lib/python3.11/site-packages/airflow/example_dags/example_branch_operator.py
[2024-04-26T22:06:51.067-0300] {processor.py:183} INFO - Processing /home/athlon/projects/airflow/.venv/lib/python3.11/site-packages/airflow/example_dags/example_branch_operator.py took 0.042 seconds
[2024-04-26T22:07:52.326-0300] {processor.py:161} INFO - Started process (PID=22884) to work on /home/athlon/projects/airflow/.venv/lib/python3.11/site-packages/airflow/example_dags/example_branch_operator.py
[2024-04-26T22:07:52.331-0300] {processor.py:830} INFO - Processing file /home/athlon/projects/airflow/.venv/lib/python3.11/site-packages/airflow/example_dags/example_branch_operator.py for tasks to queue
[2024-04-26T22:07:52.334-0300] {logging_mixin.py:188} INFO - [2024-04-26T22:07:52.334-0300] {dagbag.py:540} INFO - Filling up the DagBag from /home/athlon/projects/airflow/.venv/lib/python3.11/site-packages/airflow/example_dags/example_branch_operator.py
[2024-04-26T22:07:52.339-0300] {processor.py:842} WARNING - No viable dags retrieved from /home/athlon/projects/airflow/.venv/lib/python3.11/site-packages/airflow/example_dags/example_branch_operator.py
[2024-04-26T22:07:52.355-0300] {processor.py:183} INFO - Processing /home/athlon/projects/airflow/.venv/lib/python3.11/site-packages/airflow/example_dags/example_branch_operator.py took 0.041 seconds
[2024-04-26T22:08:52.536-0300] {processor.py:161} INFO - Started process (PID=22951) to work on /home/athlon/projects/airflow/.venv/lib/python3.11/site-packages/airflow/example_dags/example_branch_operator.py
[2024-04-26T22:08:52.542-0300] {processor.py:830} INFO - Processing file /home/athlon/projects/airflow/.venv/lib/python3.11/site-packages/airflow/example_dags/example_branch_operator.py for tasks to queue
[2024-04-26T22:08:52.545-0300] {logging_mixin.py:188} INFO - [2024-04-26T22:08:52.544-0300] {dagbag.py:540} INFO - Filling up the DagBag from /home/athlon/projects/airflow/.venv/lib/python3.11/site-packages/airflow/example_dags/example_branch_operator.py
[2024-04-26T22:08:52.549-0300] {processor.py:842} WARNING - No viable dags retrieved from /home/athlon/projects/airflow/.venv/lib/python3.11/site-packages/airflow/example_dags/example_branch_operator.py
[2024-04-26T22:08:52.564-0300] {processor.py:183} INFO - Processing /home/athlon/projects/airflow/.venv/lib/python3.11/site-packages/airflow/example_dags/example_branch_operator.py took 0.038 seconds
[2024-04-26T22:09:51.413-0300] {processor.py:161} INFO - Started process (PID=23049) to work on /home/athlon/projects/airflow/.venv/lib/python3.11/site-packages/airflow/example_dags/example_branch_operator.py
[2024-04-26T22:09:51.419-0300] {processor.py:830} INFO - Processing file /home/athlon/projects/airflow/.venv/lib/python3.11/site-packages/airflow/example_dags/example_branch_operator.py for tasks to queue
[2024-04-26T22:09:51.421-0300] {logging_mixin.py:188} INFO - [2024-04-26T22:09:51.421-0300] {dagbag.py:540} INFO - Filling up the DagBag from /home/athlon/projects/airflow/.venv/lib/python3.11/site-packages/airflow/example_dags/example_branch_operator.py
[2024-04-26T22:09:51.425-0300] {processor.py:842} WARNING - No viable dags retrieved from /home/athlon/projects/airflow/.venv/lib/python3.11/site-packages/airflow/example_dags/example_branch_operator.py
[2024-04-26T22:09:51.442-0300] {processor.py:183} INFO - Processing /home/athlon/projects/airflow/.venv/lib/python3.11/site-packages/airflow/example_dags/example_branch_operator.py took 0.037 seconds
[2024-04-26T22:10:52.696-0300] {processor.py:161} INFO - Started process (PID=23118) to work on /home/athlon/projects/airflow/.venv/lib/python3.11/site-packages/airflow/example_dags/example_branch_operator.py
[2024-04-26T22:10:52.702-0300] {processor.py:830} INFO - Processing file /home/athlon/projects/airflow/.venv/lib/python3.11/site-packages/airflow/example_dags/example_branch_operator.py for tasks to queue
[2024-04-26T22:10:52.706-0300] {logging_mixin.py:188} INFO - [2024-04-26T22:10:52.705-0300] {dagbag.py:540} INFO - Filling up the DagBag from /home/athlon/projects/airflow/.venv/lib/python3.11/site-packages/airflow/example_dags/example_branch_operator.py
[2024-04-26T22:10:52.710-0300] {processor.py:842} WARNING - No viable dags retrieved from /home/athlon/projects/airflow/.venv/lib/python3.11/site-packages/airflow/example_dags/example_branch_operator.py
[2024-04-26T22:10:52.727-0300] {processor.py:183} INFO - Processing /home/athlon/projects/airflow/.venv/lib/python3.11/site-packages/airflow/example_dags/example_branch_operator.py took 0.042 seconds
[2024-04-26T22:11:55.262-0300] {processor.py:161} INFO - Started process (PID=23186) to work on /home/athlon/projects/airflow/.venv/lib/python3.11/site-packages/airflow/example_dags/example_branch_operator.py
[2024-04-26T22:11:55.268-0300] {processor.py:830} INFO - Processing file /home/athlon/projects/airflow/.venv/lib/python3.11/site-packages/airflow/example_dags/example_branch_operator.py for tasks to queue
[2024-04-26T22:11:55.272-0300] {logging_mixin.py:188} INFO - [2024-04-26T22:11:55.271-0300] {dagbag.py:540} INFO - Filling up the DagBag from /home/athlon/projects/airflow/.venv/lib/python3.11/site-packages/airflow/example_dags/example_branch_operator.py
[2024-04-26T22:11:55.277-0300] {processor.py:842} WARNING - No viable dags retrieved from /home/athlon/projects/airflow/.venv/lib/python3.11/site-packages/airflow/example_dags/example_branch_operator.py
[2024-04-26T22:11:55.293-0300] {processor.py:183} INFO - Processing /home/athlon/projects/airflow/.venv/lib/python3.11/site-packages/airflow/example_dags/example_branch_operator.py took 0.042 seconds
[2024-04-26T22:12:55.141-0300] {processor.py:161} INFO - Started process (PID=23274) to work on /home/athlon/projects/airflow/.venv/lib/python3.11/site-packages/airflow/example_dags/example_branch_operator.py
[2024-04-26T22:12:55.147-0300] {processor.py:830} INFO - Processing file /home/athlon/projects/airflow/.venv/lib/python3.11/site-packages/airflow/example_dags/example_branch_operator.py for tasks to queue
[2024-04-26T22:12:55.150-0300] {logging_mixin.py:188} INFO - [2024-04-26T22:12:55.149-0300] {dagbag.py:540} INFO - Filling up the DagBag from /home/athlon/projects/airflow/.venv/lib/python3.11/site-packages/airflow/example_dags/example_branch_operator.py
[2024-04-26T22:12:55.154-0300] {processor.py:842} WARNING - No viable dags retrieved from /home/athlon/projects/airflow/.venv/lib/python3.11/site-packages/airflow/example_dags/example_branch_operator.py
[2024-04-26T22:12:55.171-0300] {processor.py:183} INFO - Processing /home/athlon/projects/airflow/.venv/lib/python3.11/site-packages/airflow/example_dags/example_branch_operator.py took 0.041 seconds
[2024-04-26T22:13:54.113-0300] {processor.py:161} INFO - Started process (PID=23347) to work on /home/athlon/projects/airflow/.venv/lib/python3.11/site-packages/airflow/example_dags/example_branch_operator.py
[2024-04-26T22:13:54.118-0300] {processor.py:830} INFO - Processing file /home/athlon/projects/airflow/.venv/lib/python3.11/site-packages/airflow/example_dags/example_branch_operator.py for tasks to queue
[2024-04-26T22:13:54.122-0300] {logging_mixin.py:188} INFO - [2024-04-26T22:13:54.121-0300] {dagbag.py:540} INFO - Filling up the DagBag from /home/athlon/projects/airflow/.venv/lib/python3.11/site-packages/airflow/example_dags/example_branch_operator.py
[2024-04-26T22:13:54.126-0300] {processor.py:842} WARNING - No viable dags retrieved from /home/athlon/projects/airflow/.venv/lib/python3.11/site-packages/airflow/example_dags/example_branch_operator.py
[2024-04-26T22:13:54.143-0300] {processor.py:183} INFO - Processing /home/athlon/projects/airflow/.venv/lib/python3.11/site-packages/airflow/example_dags/example_branch_operator.py took 0.044 seconds
[2024-04-26T22:14:55.770-0300] {processor.py:161} INFO - Started process (PID=23483) to work on /home/athlon/projects/airflow/.venv/lib/python3.11/site-packages/airflow/example_dags/example_branch_operator.py
[2024-04-26T22:14:55.772-0300] {processor.py:830} INFO - Processing file /home/athlon/projects/airflow/.venv/lib/python3.11/site-packages/airflow/example_dags/example_branch_operator.py for tasks to queue
[2024-04-26T22:14:55.776-0300] {logging_mixin.py:188} INFO - [2024-04-26T22:14:55.775-0300] {dagbag.py:540} INFO - Filling up the DagBag from /home/athlon/projects/airflow/.venv/lib/python3.11/site-packages/airflow/example_dags/example_branch_operator.py
[2024-04-26T22:14:55.782-0300] {processor.py:842} WARNING - No viable dags retrieved from /home/athlon/projects/airflow/.venv/lib/python3.11/site-packages/airflow/example_dags/example_branch_operator.py
[2024-04-26T22:14:55.800-0300] {processor.py:183} INFO - Processing /home/athlon/projects/airflow/.venv/lib/python3.11/site-packages/airflow/example_dags/example_branch_operator.py took 0.044 seconds
[2024-04-26T22:16:02.533-0300] {processor.py:161} INFO - Started process (PID=23629) to work on /home/athlon/projects/airflow/.venv/lib/python3.11/site-packages/airflow/example_dags/example_branch_operator.py
[2024-04-26T22:16:02.539-0300] {processor.py:830} INFO - Processing file /home/athlon/projects/airflow/.venv/lib/python3.11/site-packages/airflow/example_dags/example_branch_operator.py for tasks to queue
[2024-04-26T22:16:02.542-0300] {logging_mixin.py:188} INFO - [2024-04-26T22:16:02.541-0300] {dagbag.py:540} INFO - Filling up the DagBag from /home/athlon/projects/airflow/.venv/lib/python3.11/site-packages/airflow/example_dags/example_branch_operator.py
[2024-04-26T22:16:02.547-0300] {processor.py:842} WARNING - No viable dags retrieved from /home/athlon/projects/airflow/.venv/lib/python3.11/site-packages/airflow/example_dags/example_branch_operator.py
[2024-04-26T22:16:02.561-0300] {processor.py:183} INFO - Processing /home/athlon/projects/airflow/.venv/lib/python3.11/site-packages/airflow/example_dags/example_branch_operator.py took 0.037 seconds
[2024-04-26T22:17:05.070-0300] {processor.py:161} INFO - Started process (PID=23703) to work on /home/athlon/projects/airflow/.venv/lib/python3.11/site-packages/airflow/example_dags/example_branch_operator.py
[2024-04-26T22:17:05.072-0300] {processor.py:830} INFO - Processing file /home/athlon/projects/airflow/.venv/lib/python3.11/site-packages/airflow/example_dags/example_branch_operator.py for tasks to queue
[2024-04-26T22:17:05.075-0300] {logging_mixin.py:188} INFO - [2024-04-26T22:17:05.075-0300] {dagbag.py:540} INFO - Filling up the DagBag from /home/athlon/projects/airflow/.venv/lib/python3.11/site-packages/airflow/example_dags/example_branch_operator.py
[2024-04-26T22:17:05.080-0300] {processor.py:842} WARNING - No viable dags retrieved from /home/athlon/projects/airflow/.venv/lib/python3.11/site-packages/airflow/example_dags/example_branch_operator.py
[2024-04-26T22:17:05.097-0300] {processor.py:183} INFO - Processing /home/athlon/projects/airflow/.venv/lib/python3.11/site-packages/airflow/example_dags/example_branch_operator.py took 0.039 seconds
[2024-04-26T22:18:05.302-0300] {processor.py:161} INFO - Started process (PID=23757) to work on /home/athlon/projects/airflow/.venv/lib/python3.11/site-packages/airflow/example_dags/example_branch_operator.py
[2024-04-26T22:18:05.307-0300] {processor.py:830} INFO - Processing file /home/athlon/projects/airflow/.venv/lib/python3.11/site-packages/airflow/example_dags/example_branch_operator.py for tasks to queue
[2024-04-26T22:18:05.311-0300] {logging_mixin.py:188} INFO - [2024-04-26T22:18:05.310-0300] {dagbag.py:540} INFO - Filling up the DagBag from /home/athlon/projects/airflow/.venv/lib/python3.11/site-packages/airflow/example_dags/example_branch_operator.py
[2024-04-26T22:18:05.315-0300] {processor.py:842} WARNING - No viable dags retrieved from /home/athlon/projects/airflow/.venv/lib/python3.11/site-packages/airflow/example_dags/example_branch_operator.py
[2024-04-26T22:18:05.333-0300] {processor.py:183} INFO - Processing /home/athlon/projects/airflow/.venv/lib/python3.11/site-packages/airflow/example_dags/example_branch_operator.py took 0.043 seconds
[2024-04-26T22:19:05.116-0300] {processor.py:161} INFO - Started process (PID=23819) to work on /home/athlon/projects/airflow/.venv/lib/python3.11/site-packages/airflow/example_dags/example_branch_operator.py
[2024-04-26T22:19:05.117-0300] {processor.py:830} INFO - Processing file /home/athlon/projects/airflow/.venv/lib/python3.11/site-packages/airflow/example_dags/example_branch_operator.py for tasks to queue
[2024-04-26T22:19:05.120-0300] {logging_mixin.py:188} INFO - [2024-04-26T22:19:05.119-0300] {dagbag.py:540} INFO - Filling up the DagBag from /home/athlon/projects/airflow/.venv/lib/python3.11/site-packages/airflow/example_dags/example_branch_operator.py
[2024-04-26T22:19:05.124-0300] {processor.py:842} WARNING - No viable dags retrieved from /home/athlon/projects/airflow/.venv/lib/python3.11/site-packages/airflow/example_dags/example_branch_operator.py
[2024-04-26T22:19:05.139-0300] {processor.py:183} INFO - Processing /home/athlon/projects/airflow/.venv/lib/python3.11/site-packages/airflow/example_dags/example_branch_operator.py took 0.033 seconds
[2024-04-26T22:20:00.417-0300] {processor.py:161} INFO - Started process (PID=23878) to work on /home/athlon/projects/airflow/.venv/lib/python3.11/site-packages/airflow/example_dags/example_branch_operator.py
[2024-04-26T22:20:00.419-0300] {processor.py:830} INFO - Processing file /home/athlon/projects/airflow/.venv/lib/python3.11/site-packages/airflow/example_dags/example_branch_operator.py for tasks to queue
[2024-04-26T22:20:00.422-0300] {logging_mixin.py:188} INFO - [2024-04-26T22:20:00.421-0300] {dagbag.py:540} INFO - Filling up the DagBag from /home/athlon/projects/airflow/.venv/lib/python3.11/site-packages/airflow/example_dags/example_branch_operator.py
[2024-04-26T22:20:00.427-0300] {processor.py:842} WARNING - No viable dags retrieved from /home/athlon/projects/airflow/.venv/lib/python3.11/site-packages/airflow/example_dags/example_branch_operator.py
[2024-04-26T22:20:00.444-0300] {processor.py:183} INFO - Processing /home/athlon/projects/airflow/.venv/lib/python3.11/site-packages/airflow/example_dags/example_branch_operator.py took 0.038 seconds
[2024-04-26T22:21:08.845-0300] {processor.py:161} INFO - Started process (PID=24052) to work on /home/athlon/projects/airflow/.venv/lib/python3.11/site-packages/airflow/example_dags/example_branch_operator.py
[2024-04-26T22:21:08.847-0300] {processor.py:830} INFO - Processing file /home/athlon/projects/airflow/.venv/lib/python3.11/site-packages/airflow/example_dags/example_branch_operator.py for tasks to queue
[2024-04-26T22:21:08.849-0300] {logging_mixin.py:188} INFO - [2024-04-26T22:21:08.849-0300] {dagbag.py:540} INFO - Filling up the DagBag from /home/athlon/projects/airflow/.venv/lib/python3.11/site-packages/airflow/example_dags/example_branch_operator.py
[2024-04-26T22:21:08.856-0300] {processor.py:842} WARNING - No viable dags retrieved from /home/athlon/projects/airflow/.venv/lib/python3.11/site-packages/airflow/example_dags/example_branch_operator.py
[2024-04-26T22:21:08.870-0300] {processor.py:183} INFO - Processing /home/athlon/projects/airflow/.venv/lib/python3.11/site-packages/airflow/example_dags/example_branch_operator.py took 0.034 seconds
