[2024-04-26T21:25:34.197-0300] {processor.py:161} INFO - Started process (PID=17739) to work on /home/athlon/projects/airflow/.venv/lib/python3.11/site-packages/airflow/example_dags/example_setup_teardown.py
[2024-04-26T21:25:34.198-0300] {processor.py:830} INFO - Processing file /home/athlon/projects/airflow/.venv/lib/python3.11/site-packages/airflow/example_dags/example_setup_teardown.py for tasks to queue
[2024-04-26T21:25:34.200-0300] {logging_mixin.py:188} INFO - [2024-04-26T21:25:34.200-0300] {dagbag.py:540} INFO - Filling up the DagBag from /home/athlon/projects/airflow/.venv/lib/python3.11/site-packages/airflow/example_dags/example_setup_teardown.py
[2024-04-26T21:25:34.210-0300] {processor.py:840} INFO - DAG(s) 'example_setup_teardown' retrieved from /home/athlon/projects/airflow/.venv/lib/python3.11/site-packages/airflow/example_dags/example_setup_teardown.py
[2024-04-26T21:25:34.239-0300] {logging_mixin.py:188} INFO - [2024-04-26T21:25:34.238-0300] {dag.py:3096} INFO - Sync 1 DAGs
[2024-04-26T21:25:34.269-0300] {logging_mixin.py:188} INFO - [2024-04-26T21:25:34.269-0300] {dag.py:3954} INFO - Setting next_dagrun for example_setup_teardown to 2024-04-26 00:00:00+00:00, run_after=2024-04-27 00:00:00+00:00
[2024-04-26T21:25:34.302-0300] {processor.py:183} INFO - Processing /home/athlon/projects/airflow/.venv/lib/python3.11/site-packages/airflow/example_dags/example_setup_teardown.py took 0.114 seconds
[2024-04-26T21:26:31.534-0300] {processor.py:161} INFO - Started process (PID=17881) to work on /home/athlon/projects/airflow/.venv/lib/python3.11/site-packages/airflow/example_dags/example_setup_teardown.py
[2024-04-26T21:26:31.540-0300] {processor.py:830} INFO - Processing file /home/athlon/projects/airflow/.venv/lib/python3.11/site-packages/airflow/example_dags/example_setup_teardown.py for tasks to queue
[2024-04-26T21:26:31.544-0300] {logging_mixin.py:188} INFO - [2024-04-26T21:26:31.543-0300] {dagbag.py:540} INFO - Filling up the DagBag from /home/athlon/projects/airflow/.venv/lib/python3.11/site-packages/airflow/example_dags/example_setup_teardown.py
[2024-04-26T21:26:31.557-0300] {processor.py:840} INFO - DAG(s) 'example_setup_teardown' retrieved from /home/athlon/projects/airflow/.venv/lib/python3.11/site-packages/airflow/example_dags/example_setup_teardown.py
[2024-04-26T21:26:31.582-0300] {logging_mixin.py:188} INFO - [2024-04-26T21:26:31.582-0300] {dag.py:3096} INFO - Sync 1 DAGs
[2024-04-26T21:26:31.609-0300] {logging_mixin.py:188} INFO - [2024-04-26T21:26:31.609-0300] {dag.py:3954} INFO - Setting next_dagrun for example_setup_teardown to 2024-04-26 00:00:00+00:00, run_after=2024-04-27 00:00:00+00:00
[2024-04-26T21:26:31.639-0300] {processor.py:183} INFO - Processing /home/athlon/projects/airflow/.venv/lib/python3.11/site-packages/airflow/example_dags/example_setup_teardown.py took 0.115 seconds
[2024-04-26T21:27:28.554-0300] {processor.py:161} INFO - Started process (PID=17948) to work on /home/athlon/projects/airflow/.venv/lib/python3.11/site-packages/airflow/example_dags/example_setup_teardown.py
[2024-04-26T21:27:28.560-0300] {processor.py:830} INFO - Processing file /home/athlon/projects/airflow/.venv/lib/python3.11/site-packages/airflow/example_dags/example_setup_teardown.py for tasks to queue
[2024-04-26T21:27:28.563-0300] {logging_mixin.py:188} INFO - [2024-04-26T21:27:28.562-0300] {dagbag.py:540} INFO - Filling up the DagBag from /home/athlon/projects/airflow/.venv/lib/python3.11/site-packages/airflow/example_dags/example_setup_teardown.py
[2024-04-26T21:27:28.574-0300] {processor.py:840} INFO - DAG(s) 'example_setup_teardown' retrieved from /home/athlon/projects/airflow/.venv/lib/python3.11/site-packages/airflow/example_dags/example_setup_teardown.py
[2024-04-26T21:27:28.598-0300] {logging_mixin.py:188} INFO - [2024-04-26T21:27:28.598-0300] {dag.py:3096} INFO - Sync 1 DAGs
[2024-04-26T21:27:28.625-0300] {logging_mixin.py:188} INFO - [2024-04-26T21:27:28.625-0300] {dag.py:3954} INFO - Setting next_dagrun for example_setup_teardown to 2024-04-26 00:00:00+00:00, run_after=2024-04-27 00:00:00+00:00
[2024-04-26T21:27:28.652-0300] {processor.py:183} INFO - Processing /home/athlon/projects/airflow/.venv/lib/python3.11/site-packages/airflow/example_dags/example_setup_teardown.py took 0.108 seconds
[2024-04-26T21:28:28.835-0300] {processor.py:161} INFO - Started process (PID=18040) to work on /home/athlon/projects/airflow/.venv/lib/python3.11/site-packages/airflow/example_dags/example_setup_teardown.py
[2024-04-26T21:28:28.841-0300] {processor.py:830} INFO - Processing file /home/athlon/projects/airflow/.venv/lib/python3.11/site-packages/airflow/example_dags/example_setup_teardown.py for tasks to queue
[2024-04-26T21:28:28.843-0300] {logging_mixin.py:188} INFO - [2024-04-26T21:28:28.843-0300] {dagbag.py:540} INFO - Filling up the DagBag from /home/athlon/projects/airflow/.venv/lib/python3.11/site-packages/airflow/example_dags/example_setup_teardown.py
[2024-04-26T21:28:28.855-0300] {processor.py:840} INFO - DAG(s) 'example_setup_teardown' retrieved from /home/athlon/projects/airflow/.venv/lib/python3.11/site-packages/airflow/example_dags/example_setup_teardown.py
[2024-04-26T21:28:28.881-0300] {logging_mixin.py:188} INFO - [2024-04-26T21:28:28.881-0300] {dag.py:3096} INFO - Sync 1 DAGs
[2024-04-26T21:28:28.908-0300] {logging_mixin.py:188} INFO - [2024-04-26T21:28:28.908-0300] {dag.py:3954} INFO - Setting next_dagrun for example_setup_teardown to 2024-04-26 00:00:00+00:00, run_after=2024-04-27 00:00:00+00:00
[2024-04-26T21:28:28.936-0300] {processor.py:183} INFO - Processing /home/athlon/projects/airflow/.venv/lib/python3.11/site-packages/airflow/example_dags/example_setup_teardown.py took 0.112 seconds
[2024-04-26T21:29:27.813-0300] {processor.py:161} INFO - Started process (PID=18643) to work on /home/athlon/projects/airflow/.venv/lib/python3.11/site-packages/airflow/example_dags/example_setup_teardown.py
[2024-04-26T21:29:27.815-0300] {processor.py:830} INFO - Processing file /home/athlon/projects/airflow/.venv/lib/python3.11/site-packages/airflow/example_dags/example_setup_teardown.py for tasks to queue
[2024-04-26T21:29:27.823-0300] {logging_mixin.py:188} INFO - [2024-04-26T21:29:27.822-0300] {dagbag.py:540} INFO - Filling up the DagBag from /home/athlon/projects/airflow/.venv/lib/python3.11/site-packages/airflow/example_dags/example_setup_teardown.py
[2024-04-26T21:29:27.844-0300] {processor.py:840} INFO - DAG(s) 'example_setup_teardown' retrieved from /home/athlon/projects/airflow/.venv/lib/python3.11/site-packages/airflow/example_dags/example_setup_teardown.py
[2024-04-26T21:29:28.017-0300] {logging_mixin.py:188} INFO - [2024-04-26T21:29:28.016-0300] {dag.py:3096} INFO - Sync 1 DAGs
[2024-04-26T21:29:28.134-0300] {logging_mixin.py:188} INFO - [2024-04-26T21:29:28.133-0300] {dag.py:3954} INFO - Setting next_dagrun for example_setup_teardown to 2024-04-26 00:00:00+00:00, run_after=2024-04-27 00:00:00+00:00
[2024-04-26T21:29:28.200-0300] {processor.py:183} INFO - Processing /home/athlon/projects/airflow/.venv/lib/python3.11/site-packages/airflow/example_dags/example_setup_teardown.py took 0.410 seconds
[2024-04-26T21:30:34.874-0300] {processor.py:161} INFO - Started process (PID=18736) to work on /home/athlon/projects/airflow/.venv/lib/python3.11/site-packages/airflow/example_dags/example_setup_teardown.py
[2024-04-26T21:30:34.880-0300] {processor.py:830} INFO - Processing file /home/athlon/projects/airflow/.venv/lib/python3.11/site-packages/airflow/example_dags/example_setup_teardown.py for tasks to queue
[2024-04-26T21:30:34.883-0300] {logging_mixin.py:188} INFO - [2024-04-26T21:30:34.882-0300] {dagbag.py:540} INFO - Filling up the DagBag from /home/athlon/projects/airflow/.venv/lib/python3.11/site-packages/airflow/example_dags/example_setup_teardown.py
[2024-04-26T21:30:34.894-0300] {processor.py:840} INFO - DAG(s) 'example_setup_teardown' retrieved from /home/athlon/projects/airflow/.venv/lib/python3.11/site-packages/airflow/example_dags/example_setup_teardown.py
[2024-04-26T21:30:34.920-0300] {logging_mixin.py:188} INFO - [2024-04-26T21:30:34.919-0300] {dag.py:3096} INFO - Sync 1 DAGs
[2024-04-26T21:30:34.948-0300] {logging_mixin.py:188} INFO - [2024-04-26T21:30:34.948-0300] {dag.py:3954} INFO - Setting next_dagrun for example_setup_teardown to 2024-04-26 00:00:00+00:00, run_after=2024-04-27 00:00:00+00:00
[2024-04-26T21:30:34.976-0300] {processor.py:183} INFO - Processing /home/athlon/projects/airflow/.venv/lib/python3.11/site-packages/airflow/example_dags/example_setup_teardown.py took 0.112 seconds
[2024-04-26T21:31:36.017-0300] {processor.py:161} INFO - Started process (PID=18812) to work on /home/athlon/projects/airflow/.venv/lib/python3.11/site-packages/airflow/example_dags/example_setup_teardown.py
[2024-04-26T21:31:36.023-0300] {processor.py:830} INFO - Processing file /home/athlon/projects/airflow/.venv/lib/python3.11/site-packages/airflow/example_dags/example_setup_teardown.py for tasks to queue
[2024-04-26T21:31:36.025-0300] {logging_mixin.py:188} INFO - [2024-04-26T21:31:36.025-0300] {dagbag.py:540} INFO - Filling up the DagBag from /home/athlon/projects/airflow/.venv/lib/python3.11/site-packages/airflow/example_dags/example_setup_teardown.py
[2024-04-26T21:31:36.037-0300] {processor.py:840} INFO - DAG(s) 'example_setup_teardown' retrieved from /home/athlon/projects/airflow/.venv/lib/python3.11/site-packages/airflow/example_dags/example_setup_teardown.py
[2024-04-26T21:31:36.064-0300] {logging_mixin.py:188} INFO - [2024-04-26T21:31:36.064-0300] {dag.py:3096} INFO - Sync 1 DAGs
[2024-04-26T21:31:36.092-0300] {logging_mixin.py:188} INFO - [2024-04-26T21:31:36.092-0300] {dag.py:3954} INFO - Setting next_dagrun for example_setup_teardown to 2024-04-26 00:00:00+00:00, run_after=2024-04-27 00:00:00+00:00
[2024-04-26T21:31:36.121-0300] {processor.py:183} INFO - Processing /home/athlon/projects/airflow/.venv/lib/python3.11/site-packages/airflow/example_dags/example_setup_teardown.py took 0.114 seconds
[2024-04-26T21:32:35.378-0300] {processor.py:161} INFO - Started process (PID=18867) to work on /home/athlon/projects/airflow/.venv/lib/python3.11/site-packages/airflow/example_dags/example_setup_teardown.py
[2024-04-26T21:32:35.384-0300] {processor.py:830} INFO - Processing file /home/athlon/projects/airflow/.venv/lib/python3.11/site-packages/airflow/example_dags/example_setup_teardown.py for tasks to queue
[2024-04-26T21:32:35.387-0300] {logging_mixin.py:188} INFO - [2024-04-26T21:32:35.386-0300] {dagbag.py:540} INFO - Filling up the DagBag from /home/athlon/projects/airflow/.venv/lib/python3.11/site-packages/airflow/example_dags/example_setup_teardown.py
[2024-04-26T21:32:35.398-0300] {processor.py:840} INFO - DAG(s) 'example_setup_teardown' retrieved from /home/athlon/projects/airflow/.venv/lib/python3.11/site-packages/airflow/example_dags/example_setup_teardown.py
[2024-04-26T21:32:35.424-0300] {logging_mixin.py:188} INFO - [2024-04-26T21:32:35.423-0300] {dag.py:3096} INFO - Sync 1 DAGs
[2024-04-26T21:32:35.452-0300] {logging_mixin.py:188} INFO - [2024-04-26T21:32:35.452-0300] {dag.py:3954} INFO - Setting next_dagrun for example_setup_teardown to 2024-04-26 00:00:00+00:00, run_after=2024-04-27 00:00:00+00:00
[2024-04-26T21:32:35.482-0300] {processor.py:183} INFO - Processing /home/athlon/projects/airflow/.venv/lib/python3.11/site-packages/airflow/example_dags/example_setup_teardown.py took 0.114 seconds
[2024-04-26T21:33:31.072-0300] {processor.py:161} INFO - Started process (PID=18963) to work on /home/athlon/projects/airflow/.venv/lib/python3.11/site-packages/airflow/example_dags/example_setup_teardown.py
[2024-04-26T21:33:31.082-0300] {processor.py:830} INFO - Processing file /home/athlon/projects/airflow/.venv/lib/python3.11/site-packages/airflow/example_dags/example_setup_teardown.py for tasks to queue
[2024-04-26T21:33:31.086-0300] {logging_mixin.py:188} INFO - [2024-04-26T21:33:31.085-0300] {dagbag.py:540} INFO - Filling up the DagBag from /home/athlon/projects/airflow/.venv/lib/python3.11/site-packages/airflow/example_dags/example_setup_teardown.py
[2024-04-26T21:33:31.109-0300] {processor.py:840} INFO - DAG(s) 'example_setup_teardown' retrieved from /home/athlon/projects/airflow/.venv/lib/python3.11/site-packages/airflow/example_dags/example_setup_teardown.py
[2024-04-26T21:33:31.154-0300] {logging_mixin.py:188} INFO - [2024-04-26T21:33:31.153-0300] {dag.py:3096} INFO - Sync 1 DAGs
[2024-04-26T21:33:31.215-0300] {logging_mixin.py:188} INFO - [2024-04-26T21:33:31.215-0300] {dag.py:3954} INFO - Setting next_dagrun for example_setup_teardown to 2024-04-26 00:00:00+00:00, run_after=2024-04-27 00:00:00+00:00
[2024-04-26T21:33:31.282-0300] {processor.py:183} INFO - Processing /home/athlon/projects/airflow/.venv/lib/python3.11/site-packages/airflow/example_dags/example_setup_teardown.py took 0.221 seconds
[2024-04-26T21:34:34.617-0300] {processor.py:161} INFO - Started process (PID=19166) to work on /home/athlon/projects/airflow/.venv/lib/python3.11/site-packages/airflow/example_dags/example_setup_teardown.py
[2024-04-26T21:34:34.622-0300] {processor.py:830} INFO - Processing file /home/athlon/projects/airflow/.venv/lib/python3.11/site-packages/airflow/example_dags/example_setup_teardown.py for tasks to queue
[2024-04-26T21:34:34.625-0300] {logging_mixin.py:188} INFO - [2024-04-26T21:34:34.624-0300] {dagbag.py:540} INFO - Filling up the DagBag from /home/athlon/projects/airflow/.venv/lib/python3.11/site-packages/airflow/example_dags/example_setup_teardown.py
[2024-04-26T21:34:34.635-0300] {processor.py:840} INFO - DAG(s) 'example_setup_teardown' retrieved from /home/athlon/projects/airflow/.venv/lib/python3.11/site-packages/airflow/example_dags/example_setup_teardown.py
[2024-04-26T21:34:34.659-0300] {logging_mixin.py:188} INFO - [2024-04-26T21:34:34.659-0300] {dag.py:3096} INFO - Sync 1 DAGs
[2024-04-26T21:34:34.688-0300] {logging_mixin.py:188} INFO - [2024-04-26T21:34:34.688-0300] {dag.py:3954} INFO - Setting next_dagrun for example_setup_teardown to 2024-04-26 00:00:00+00:00, run_after=2024-04-27 00:00:00+00:00
[2024-04-26T21:34:34.717-0300] {processor.py:183} INFO - Processing /home/athlon/projects/airflow/.venv/lib/python3.11/site-packages/airflow/example_dags/example_setup_teardown.py took 0.108 seconds
[2024-04-26T21:35:46.170-0300] {processor.py:161} INFO - Started process (PID=19235) to work on /home/athlon/projects/airflow/.venv/lib/python3.11/site-packages/airflow/example_dags/example_setup_teardown.py
[2024-04-26T21:35:46.176-0300] {processor.py:830} INFO - Processing file /home/athlon/projects/airflow/.venv/lib/python3.11/site-packages/airflow/example_dags/example_setup_teardown.py for tasks to queue
[2024-04-26T21:35:46.179-0300] {logging_mixin.py:188} INFO - [2024-04-26T21:35:46.178-0300] {dagbag.py:540} INFO - Filling up the DagBag from /home/athlon/projects/airflow/.venv/lib/python3.11/site-packages/airflow/example_dags/example_setup_teardown.py
[2024-04-26T21:35:46.189-0300] {processor.py:840} INFO - DAG(s) 'example_setup_teardown' retrieved from /home/athlon/projects/airflow/.venv/lib/python3.11/site-packages/airflow/example_dags/example_setup_teardown.py
[2024-04-26T21:35:46.214-0300] {logging_mixin.py:188} INFO - [2024-04-26T21:35:46.213-0300] {dag.py:3096} INFO - Sync 1 DAGs
[2024-04-26T21:35:46.243-0300] {logging_mixin.py:188} INFO - [2024-04-26T21:35:46.242-0300] {dag.py:3954} INFO - Setting next_dagrun for example_setup_teardown to 2024-04-26 00:00:00+00:00, run_after=2024-04-27 00:00:00+00:00
[2024-04-26T21:35:46.271-0300] {processor.py:183} INFO - Processing /home/athlon/projects/airflow/.venv/lib/python3.11/site-packages/airflow/example_dags/example_setup_teardown.py took 0.110 seconds
[2024-04-26T21:36:45.589-0300] {processor.py:161} INFO - Started process (PID=19301) to work on /home/athlon/projects/airflow/.venv/lib/python3.11/site-packages/airflow/example_dags/example_setup_teardown.py
[2024-04-26T21:36:45.595-0300] {processor.py:830} INFO - Processing file /home/athlon/projects/airflow/.venv/lib/python3.11/site-packages/airflow/example_dags/example_setup_teardown.py for tasks to queue
[2024-04-26T21:36:45.598-0300] {logging_mixin.py:188} INFO - [2024-04-26T21:36:45.597-0300] {dagbag.py:540} INFO - Filling up the DagBag from /home/athlon/projects/airflow/.venv/lib/python3.11/site-packages/airflow/example_dags/example_setup_teardown.py
[2024-04-26T21:36:45.609-0300] {processor.py:840} INFO - DAG(s) 'example_setup_teardown' retrieved from /home/athlon/projects/airflow/.venv/lib/python3.11/site-packages/airflow/example_dags/example_setup_teardown.py
[2024-04-26T21:36:45.635-0300] {logging_mixin.py:188} INFO - [2024-04-26T21:36:45.634-0300] {dag.py:3096} INFO - Sync 1 DAGs
[2024-04-26T21:36:45.663-0300] {logging_mixin.py:188} INFO - [2024-04-26T21:36:45.662-0300] {dag.py:3954} INFO - Setting next_dagrun for example_setup_teardown to 2024-04-26 00:00:00+00:00, run_after=2024-04-27 00:00:00+00:00
[2024-04-26T21:36:45.692-0300] {processor.py:183} INFO - Processing /home/athlon/projects/airflow/.venv/lib/python3.11/site-packages/airflow/example_dags/example_setup_teardown.py took 0.114 seconds
[2024-04-26T21:37:44.438-0300] {processor.py:161} INFO - Started process (PID=19367) to work on /home/athlon/projects/airflow/.venv/lib/python3.11/site-packages/airflow/example_dags/example_setup_teardown.py
[2024-04-26T21:37:44.444-0300] {processor.py:830} INFO - Processing file /home/athlon/projects/airflow/.venv/lib/python3.11/site-packages/airflow/example_dags/example_setup_teardown.py for tasks to queue
[2024-04-26T21:37:44.446-0300] {logging_mixin.py:188} INFO - [2024-04-26T21:37:44.445-0300] {dagbag.py:540} INFO - Filling up the DagBag from /home/athlon/projects/airflow/.venv/lib/python3.11/site-packages/airflow/example_dags/example_setup_teardown.py
[2024-04-26T21:37:44.461-0300] {processor.py:840} INFO - DAG(s) 'example_setup_teardown' retrieved from /home/athlon/projects/airflow/.venv/lib/python3.11/site-packages/airflow/example_dags/example_setup_teardown.py
[2024-04-26T21:37:44.486-0300] {logging_mixin.py:188} INFO - [2024-04-26T21:37:44.486-0300] {dag.py:3096} INFO - Sync 1 DAGs
[2024-04-26T21:37:44.516-0300] {logging_mixin.py:188} INFO - [2024-04-26T21:37:44.515-0300] {dag.py:3954} INFO - Setting next_dagrun for example_setup_teardown to 2024-04-26 00:00:00+00:00, run_after=2024-04-27 00:00:00+00:00
[2024-04-26T21:37:44.565-0300] {processor.py:183} INFO - Processing /home/athlon/projects/airflow/.venv/lib/python3.11/site-packages/airflow/example_dags/example_setup_teardown.py took 0.138 seconds
[2024-04-26T21:38:42.510-0300] {processor.py:161} INFO - Started process (PID=19435) to work on /home/athlon/projects/airflow/.venv/lib/python3.11/site-packages/airflow/example_dags/example_setup_teardown.py
[2024-04-26T21:38:42.515-0300] {processor.py:830} INFO - Processing file /home/athlon/projects/airflow/.venv/lib/python3.11/site-packages/airflow/example_dags/example_setup_teardown.py for tasks to queue
[2024-04-26T21:38:42.518-0300] {logging_mixin.py:188} INFO - [2024-04-26T21:38:42.518-0300] {dagbag.py:540} INFO - Filling up the DagBag from /home/athlon/projects/airflow/.venv/lib/python3.11/site-packages/airflow/example_dags/example_setup_teardown.py
[2024-04-26T21:38:42.530-0300] {processor.py:840} INFO - DAG(s) 'example_setup_teardown' retrieved from /home/athlon/projects/airflow/.venv/lib/python3.11/site-packages/airflow/example_dags/example_setup_teardown.py
[2024-04-26T21:38:42.555-0300] {logging_mixin.py:188} INFO - [2024-04-26T21:38:42.555-0300] {dag.py:3096} INFO - Sync 1 DAGs
[2024-04-26T21:38:42.584-0300] {logging_mixin.py:188} INFO - [2024-04-26T21:38:42.583-0300] {dag.py:3954} INFO - Setting next_dagrun for example_setup_teardown to 2024-04-26 00:00:00+00:00, run_after=2024-04-27 00:00:00+00:00
[2024-04-26T21:38:42.612-0300] {processor.py:183} INFO - Processing /home/athlon/projects/airflow/.venv/lib/python3.11/site-packages/airflow/example_dags/example_setup_teardown.py took 0.113 seconds
[2024-04-26T21:39:43.333-0300] {processor.py:161} INFO - Started process (PID=19535) to work on /home/athlon/projects/airflow/.venv/lib/python3.11/site-packages/airflow/example_dags/example_setup_teardown.py
[2024-04-26T21:39:43.338-0300] {processor.py:830} INFO - Processing file /home/athlon/projects/airflow/.venv/lib/python3.11/site-packages/airflow/example_dags/example_setup_teardown.py for tasks to queue
[2024-04-26T21:39:43.341-0300] {logging_mixin.py:188} INFO - [2024-04-26T21:39:43.340-0300] {dagbag.py:540} INFO - Filling up the DagBag from /home/athlon/projects/airflow/.venv/lib/python3.11/site-packages/airflow/example_dags/example_setup_teardown.py
[2024-04-26T21:39:43.352-0300] {processor.py:840} INFO - DAG(s) 'example_setup_teardown' retrieved from /home/athlon/projects/airflow/.venv/lib/python3.11/site-packages/airflow/example_dags/example_setup_teardown.py
[2024-04-26T21:39:43.378-0300] {logging_mixin.py:188} INFO - [2024-04-26T21:39:43.377-0300] {dag.py:3096} INFO - Sync 1 DAGs
[2024-04-26T21:39:43.409-0300] {logging_mixin.py:188} INFO - [2024-04-26T21:39:43.408-0300] {dag.py:3954} INFO - Setting next_dagrun for example_setup_teardown to 2024-04-26 00:00:00+00:00, run_after=2024-04-27 00:00:00+00:00
[2024-04-26T21:39:43.442-0300] {processor.py:183} INFO - Processing /home/athlon/projects/airflow/.venv/lib/python3.11/site-packages/airflow/example_dags/example_setup_teardown.py took 0.119 seconds
[2024-04-26T21:40:43.501-0300] {processor.py:161} INFO - Started process (PID=19706) to work on /home/athlon/projects/airflow/.venv/lib/python3.11/site-packages/airflow/example_dags/example_setup_teardown.py
[2024-04-26T21:40:43.507-0300] {processor.py:830} INFO - Processing file /home/athlon/projects/airflow/.venv/lib/python3.11/site-packages/airflow/example_dags/example_setup_teardown.py for tasks to queue
[2024-04-26T21:40:43.510-0300] {logging_mixin.py:188} INFO - [2024-04-26T21:40:43.509-0300] {dagbag.py:540} INFO - Filling up the DagBag from /home/athlon/projects/airflow/.venv/lib/python3.11/site-packages/airflow/example_dags/example_setup_teardown.py
[2024-04-26T21:40:43.522-0300] {processor.py:840} INFO - DAG(s) 'example_setup_teardown' retrieved from /home/athlon/projects/airflow/.venv/lib/python3.11/site-packages/airflow/example_dags/example_setup_teardown.py
[2024-04-26T21:40:43.548-0300] {logging_mixin.py:188} INFO - [2024-04-26T21:40:43.548-0300] {dag.py:3096} INFO - Sync 1 DAGs
[2024-04-26T21:40:43.577-0300] {logging_mixin.py:188} INFO - [2024-04-26T21:40:43.577-0300] {dag.py:3954} INFO - Setting next_dagrun for example_setup_teardown to 2024-04-26 00:00:00+00:00, run_after=2024-04-27 00:00:00+00:00
[2024-04-26T21:40:43.606-0300] {processor.py:183} INFO - Processing /home/athlon/projects/airflow/.venv/lib/python3.11/site-packages/airflow/example_dags/example_setup_teardown.py took 0.115 seconds
[2024-04-26T21:41:41.398-0300] {processor.py:161} INFO - Started process (PID=19774) to work on /home/athlon/projects/airflow/.venv/lib/python3.11/site-packages/airflow/example_dags/example_setup_teardown.py
[2024-04-26T21:41:41.403-0300] {processor.py:830} INFO - Processing file /home/athlon/projects/airflow/.venv/lib/python3.11/site-packages/airflow/example_dags/example_setup_teardown.py for tasks to queue
[2024-04-26T21:41:41.405-0300] {logging_mixin.py:188} INFO - [2024-04-26T21:41:41.405-0300] {dagbag.py:540} INFO - Filling up the DagBag from /home/athlon/projects/airflow/.venv/lib/python3.11/site-packages/airflow/example_dags/example_setup_teardown.py
[2024-04-26T21:41:41.416-0300] {processor.py:840} INFO - DAG(s) 'example_setup_teardown' retrieved from /home/athlon/projects/airflow/.venv/lib/python3.11/site-packages/airflow/example_dags/example_setup_teardown.py
[2024-04-26T21:41:41.439-0300] {logging_mixin.py:188} INFO - [2024-04-26T21:41:41.439-0300] {dag.py:3096} INFO - Sync 1 DAGs
[2024-04-26T21:41:41.469-0300] {logging_mixin.py:188} INFO - [2024-04-26T21:41:41.469-0300] {dag.py:3954} INFO - Setting next_dagrun for example_setup_teardown to 2024-04-26 00:00:00+00:00, run_after=2024-04-27 00:00:00+00:00
[2024-04-26T21:41:41.499-0300] {processor.py:183} INFO - Processing /home/athlon/projects/airflow/.venv/lib/python3.11/site-packages/airflow/example_dags/example_setup_teardown.py took 0.113 seconds
[2024-04-26T21:42:38.599-0300] {processor.py:161} INFO - Started process (PID=19844) to work on /home/athlon/projects/airflow/.venv/lib/python3.11/site-packages/airflow/example_dags/example_setup_teardown.py
[2024-04-26T21:42:38.604-0300] {processor.py:830} INFO - Processing file /home/athlon/projects/airflow/.venv/lib/python3.11/site-packages/airflow/example_dags/example_setup_teardown.py for tasks to queue
[2024-04-26T21:42:38.607-0300] {logging_mixin.py:188} INFO - [2024-04-26T21:42:38.607-0300] {dagbag.py:540} INFO - Filling up the DagBag from /home/athlon/projects/airflow/.venv/lib/python3.11/site-packages/airflow/example_dags/example_setup_teardown.py
[2024-04-26T21:42:38.619-0300] {processor.py:840} INFO - DAG(s) 'example_setup_teardown' retrieved from /home/athlon/projects/airflow/.venv/lib/python3.11/site-packages/airflow/example_dags/example_setup_teardown.py
[2024-04-26T21:42:38.644-0300] {logging_mixin.py:188} INFO - [2024-04-26T21:42:38.644-0300] {dag.py:3096} INFO - Sync 1 DAGs
[2024-04-26T21:42:38.674-0300] {logging_mixin.py:188} INFO - [2024-04-26T21:42:38.673-0300] {dag.py:3954} INFO - Setting next_dagrun for example_setup_teardown to 2024-04-26 00:00:00+00:00, run_after=2024-04-27 00:00:00+00:00
[2024-04-26T21:42:38.703-0300] {processor.py:183} INFO - Processing /home/athlon/projects/airflow/.venv/lib/python3.11/site-packages/airflow/example_dags/example_setup_teardown.py took 0.115 seconds
[2024-04-26T21:43:38.815-0300] {processor.py:161} INFO - Started process (PID=19910) to work on /home/athlon/projects/airflow/.venv/lib/python3.11/site-packages/airflow/example_dags/example_setup_teardown.py
[2024-04-26T21:43:38.821-0300] {processor.py:830} INFO - Processing file /home/athlon/projects/airflow/.venv/lib/python3.11/site-packages/airflow/example_dags/example_setup_teardown.py for tasks to queue
[2024-04-26T21:43:38.823-0300] {logging_mixin.py:188} INFO - [2024-04-26T21:43:38.823-0300] {dagbag.py:540} INFO - Filling up the DagBag from /home/athlon/projects/airflow/.venv/lib/python3.11/site-packages/airflow/example_dags/example_setup_teardown.py
[2024-04-26T21:43:38.836-0300] {processor.py:840} INFO - DAG(s) 'example_setup_teardown' retrieved from /home/athlon/projects/airflow/.venv/lib/python3.11/site-packages/airflow/example_dags/example_setup_teardown.py
[2024-04-26T21:43:38.861-0300] {logging_mixin.py:188} INFO - [2024-04-26T21:43:38.861-0300] {dag.py:3096} INFO - Sync 1 DAGs
[2024-04-26T21:43:38.891-0300] {logging_mixin.py:188} INFO - [2024-04-26T21:43:38.891-0300] {dag.py:3954} INFO - Setting next_dagrun for example_setup_teardown to 2024-04-26 00:00:00+00:00, run_after=2024-04-27 00:00:00+00:00
[2024-04-26T21:43:38.921-0300] {processor.py:183} INFO - Processing /home/athlon/projects/airflow/.venv/lib/python3.11/site-packages/airflow/example_dags/example_setup_teardown.py took 0.117 seconds
[2024-04-26T21:44:34.580-0300] {processor.py:161} INFO - Started process (PID=19982) to work on /home/athlon/projects/airflow/.venv/lib/python3.11/site-packages/airflow/example_dags/example_setup_teardown.py
[2024-04-26T21:44:34.586-0300] {processor.py:830} INFO - Processing file /home/athlon/projects/airflow/.venv/lib/python3.11/site-packages/airflow/example_dags/example_setup_teardown.py for tasks to queue
[2024-04-26T21:44:34.588-0300] {logging_mixin.py:188} INFO - [2024-04-26T21:44:34.588-0300] {dagbag.py:540} INFO - Filling up the DagBag from /home/athlon/projects/airflow/.venv/lib/python3.11/site-packages/airflow/example_dags/example_setup_teardown.py
[2024-04-26T21:44:34.598-0300] {processor.py:840} INFO - DAG(s) 'example_setup_teardown' retrieved from /home/athlon/projects/airflow/.venv/lib/python3.11/site-packages/airflow/example_dags/example_setup_teardown.py
[2024-04-26T21:44:34.621-0300] {logging_mixin.py:188} INFO - [2024-04-26T21:44:34.621-0300] {dag.py:3096} INFO - Sync 1 DAGs
[2024-04-26T21:44:34.651-0300] {logging_mixin.py:188} INFO - [2024-04-26T21:44:34.651-0300] {dag.py:3954} INFO - Setting next_dagrun for example_setup_teardown to 2024-04-26 00:00:00+00:00, run_after=2024-04-27 00:00:00+00:00
[2024-04-26T21:44:34.682-0300] {processor.py:183} INFO - Processing /home/athlon/projects/airflow/.venv/lib/python3.11/site-packages/airflow/example_dags/example_setup_teardown.py took 0.109 seconds
[2024-04-26T21:45:27.691-0300] {processor.py:161} INFO - Started process (PID=20043) to work on /home/athlon/projects/airflow/.venv/lib/python3.11/site-packages/airflow/example_dags/example_setup_teardown.py
[2024-04-26T21:45:27.697-0300] {processor.py:830} INFO - Processing file /home/athlon/projects/airflow/.venv/lib/python3.11/site-packages/airflow/example_dags/example_setup_teardown.py for tasks to queue
[2024-04-26T21:45:27.701-0300] {logging_mixin.py:188} INFO - [2024-04-26T21:45:27.700-0300] {dagbag.py:540} INFO - Filling up the DagBag from /home/athlon/projects/airflow/.venv/lib/python3.11/site-packages/airflow/example_dags/example_setup_teardown.py
[2024-04-26T21:45:27.714-0300] {processor.py:840} INFO - DAG(s) 'example_setup_teardown' retrieved from /home/athlon/projects/airflow/.venv/lib/python3.11/site-packages/airflow/example_dags/example_setup_teardown.py
[2024-04-26T21:45:27.739-0300] {logging_mixin.py:188} INFO - [2024-04-26T21:45:27.739-0300] {dag.py:3096} INFO - Sync 1 DAGs
[2024-04-26T21:45:27.767-0300] {logging_mixin.py:188} INFO - [2024-04-26T21:45:27.767-0300] {dag.py:3954} INFO - Setting next_dagrun for example_setup_teardown to 2024-04-26 00:00:00+00:00, run_after=2024-04-27 00:00:00+00:00
[2024-04-26T21:45:27.796-0300] {processor.py:183} INFO - Processing /home/athlon/projects/airflow/.venv/lib/python3.11/site-packages/airflow/example_dags/example_setup_teardown.py took 0.116 seconds
[2024-04-26T21:46:24.347-0300] {processor.py:161} INFO - Started process (PID=20104) to work on /home/athlon/projects/airflow/.venv/lib/python3.11/site-packages/airflow/example_dags/example_setup_teardown.py
[2024-04-26T21:46:24.349-0300] {processor.py:830} INFO - Processing file /home/athlon/projects/airflow/.venv/lib/python3.11/site-packages/airflow/example_dags/example_setup_teardown.py for tasks to queue
[2024-04-26T21:46:24.352-0300] {logging_mixin.py:188} INFO - [2024-04-26T21:46:24.351-0300] {dagbag.py:540} INFO - Filling up the DagBag from /home/athlon/projects/airflow/.venv/lib/python3.11/site-packages/airflow/example_dags/example_setup_teardown.py
[2024-04-26T21:46:24.364-0300] {processor.py:840} INFO - DAG(s) 'example_setup_teardown' retrieved from /home/athlon/projects/airflow/.venv/lib/python3.11/site-packages/airflow/example_dags/example_setup_teardown.py
[2024-04-26T21:46:24.389-0300] {logging_mixin.py:188} INFO - [2024-04-26T21:46:24.388-0300] {dag.py:3096} INFO - Sync 1 DAGs
[2024-04-26T21:46:24.418-0300] {logging_mixin.py:188} INFO - [2024-04-26T21:46:24.418-0300] {dag.py:3954} INFO - Setting next_dagrun for example_setup_teardown to 2024-04-26 00:00:00+00:00, run_after=2024-04-27 00:00:00+00:00
[2024-04-26T21:46:24.446-0300] {processor.py:183} INFO - Processing /home/athlon/projects/airflow/.venv/lib/python3.11/site-packages/airflow/example_dags/example_setup_teardown.py took 0.110 seconds
[2024-04-26T21:47:22.415-0300] {processor.py:161} INFO - Started process (PID=20169) to work on /home/athlon/projects/airflow/.venv/lib/python3.11/site-packages/airflow/example_dags/example_setup_teardown.py
[2024-04-26T21:47:22.421-0300] {processor.py:830} INFO - Processing file /home/athlon/projects/airflow/.venv/lib/python3.11/site-packages/airflow/example_dags/example_setup_teardown.py for tasks to queue
[2024-04-26T21:47:22.424-0300] {logging_mixin.py:188} INFO - [2024-04-26T21:47:22.423-0300] {dagbag.py:540} INFO - Filling up the DagBag from /home/athlon/projects/airflow/.venv/lib/python3.11/site-packages/airflow/example_dags/example_setup_teardown.py
[2024-04-26T21:47:22.436-0300] {processor.py:840} INFO - DAG(s) 'example_setup_teardown' retrieved from /home/athlon/projects/airflow/.venv/lib/python3.11/site-packages/airflow/example_dags/example_setup_teardown.py
[2024-04-26T21:47:22.462-0300] {logging_mixin.py:188} INFO - [2024-04-26T21:47:22.462-0300] {dag.py:3096} INFO - Sync 1 DAGs
[2024-04-26T21:47:22.493-0300] {logging_mixin.py:188} INFO - [2024-04-26T21:47:22.493-0300] {dag.py:3954} INFO - Setting next_dagrun for example_setup_teardown to 2024-04-26 00:00:00+00:00, run_after=2024-04-27 00:00:00+00:00
[2024-04-26T21:47:22.523-0300] {processor.py:183} INFO - Processing /home/athlon/projects/airflow/.venv/lib/python3.11/site-packages/airflow/example_dags/example_setup_teardown.py took 0.119 seconds
[2024-04-26T21:48:19.462-0300] {processor.py:161} INFO - Started process (PID=20235) to work on /home/athlon/projects/airflow/.venv/lib/python3.11/site-packages/airflow/example_dags/example_setup_teardown.py
[2024-04-26T21:48:19.468-0300] {processor.py:830} INFO - Processing file /home/athlon/projects/airflow/.venv/lib/python3.11/site-packages/airflow/example_dags/example_setup_teardown.py for tasks to queue
[2024-04-26T21:48:19.470-0300] {logging_mixin.py:188} INFO - [2024-04-26T21:48:19.469-0300] {dagbag.py:540} INFO - Filling up the DagBag from /home/athlon/projects/airflow/.venv/lib/python3.11/site-packages/airflow/example_dags/example_setup_teardown.py
[2024-04-26T21:48:19.480-0300] {processor.py:840} INFO - DAG(s) 'example_setup_teardown' retrieved from /home/athlon/projects/airflow/.venv/lib/python3.11/site-packages/airflow/example_dags/example_setup_teardown.py
[2024-04-26T21:48:19.503-0300] {logging_mixin.py:188} INFO - [2024-04-26T21:48:19.502-0300] {dag.py:3096} INFO - Sync 1 DAGs
[2024-04-26T21:48:19.533-0300] {logging_mixin.py:188} INFO - [2024-04-26T21:48:19.533-0300] {dag.py:3954} INFO - Setting next_dagrun for example_setup_teardown to 2024-04-26 00:00:00+00:00, run_after=2024-04-27 00:00:00+00:00
[2024-04-26T21:48:19.563-0300] {processor.py:183} INFO - Processing /home/athlon/projects/airflow/.venv/lib/python3.11/site-packages/airflow/example_dags/example_setup_teardown.py took 0.109 seconds
[2024-04-26T21:49:14.453-0300] {processor.py:161} INFO - Started process (PID=20305) to work on /home/athlon/projects/airflow/.venv/lib/python3.11/site-packages/airflow/example_dags/example_setup_teardown.py
[2024-04-26T21:49:14.459-0300] {processor.py:830} INFO - Processing file /home/athlon/projects/airflow/.venv/lib/python3.11/site-packages/airflow/example_dags/example_setup_teardown.py for tasks to queue
[2024-04-26T21:49:14.462-0300] {logging_mixin.py:188} INFO - [2024-04-26T21:49:14.461-0300] {dagbag.py:540} INFO - Filling up the DagBag from /home/athlon/projects/airflow/.venv/lib/python3.11/site-packages/airflow/example_dags/example_setup_teardown.py
[2024-04-26T21:49:14.474-0300] {processor.py:840} INFO - DAG(s) 'example_setup_teardown' retrieved from /home/athlon/projects/airflow/.venv/lib/python3.11/site-packages/airflow/example_dags/example_setup_teardown.py
[2024-04-26T21:49:14.499-0300] {logging_mixin.py:188} INFO - [2024-04-26T21:49:14.499-0300] {dag.py:3096} INFO - Sync 1 DAGs
[2024-04-26T21:49:14.528-0300] {logging_mixin.py:188} INFO - [2024-04-26T21:49:14.528-0300] {dag.py:3954} INFO - Setting next_dagrun for example_setup_teardown to 2024-04-26 00:00:00+00:00, run_after=2024-04-27 00:00:00+00:00
[2024-04-26T21:49:14.557-0300] {processor.py:183} INFO - Processing /home/athlon/projects/airflow/.venv/lib/python3.11/site-packages/airflow/example_dags/example_setup_teardown.py took 0.114 seconds
[2024-04-26T21:50:08.627-0300] {processor.py:161} INFO - Started process (PID=20364) to work on /home/athlon/projects/airflow/.venv/lib/python3.11/site-packages/airflow/example_dags/example_setup_teardown.py
[2024-04-26T21:50:08.628-0300] {processor.py:830} INFO - Processing file /home/athlon/projects/airflow/.venv/lib/python3.11/site-packages/airflow/example_dags/example_setup_teardown.py for tasks to queue
[2024-04-26T21:50:08.631-0300] {logging_mixin.py:188} INFO - [2024-04-26T21:50:08.630-0300] {dagbag.py:540} INFO - Filling up the DagBag from /home/athlon/projects/airflow/.venv/lib/python3.11/site-packages/airflow/example_dags/example_setup_teardown.py
[2024-04-26T21:50:08.642-0300] {processor.py:840} INFO - DAG(s) 'example_setup_teardown' retrieved from /home/athlon/projects/airflow/.venv/lib/python3.11/site-packages/airflow/example_dags/example_setup_teardown.py
[2024-04-26T21:50:08.665-0300] {logging_mixin.py:188} INFO - [2024-04-26T21:50:08.665-0300] {dag.py:3096} INFO - Sync 1 DAGs
[2024-04-26T21:50:08.694-0300] {logging_mixin.py:188} INFO - [2024-04-26T21:50:08.694-0300] {dag.py:3954} INFO - Setting next_dagrun for example_setup_teardown to 2024-04-26 00:00:00+00:00, run_after=2024-04-27 00:00:00+00:00
[2024-04-26T21:50:08.724-0300] {processor.py:183} INFO - Processing /home/athlon/projects/airflow/.venv/lib/python3.11/site-packages/airflow/example_dags/example_setup_teardown.py took 0.105 seconds
[2024-04-26T21:51:06.382-0300] {processor.py:161} INFO - Started process (PID=20441) to work on /home/athlon/projects/airflow/.venv/lib/python3.11/site-packages/airflow/example_dags/example_setup_teardown.py
[2024-04-26T21:51:06.387-0300] {processor.py:830} INFO - Processing file /home/athlon/projects/airflow/.venv/lib/python3.11/site-packages/airflow/example_dags/example_setup_teardown.py for tasks to queue
[2024-04-26T21:51:06.390-0300] {logging_mixin.py:188} INFO - [2024-04-26T21:51:06.389-0300] {dagbag.py:540} INFO - Filling up the DagBag from /home/athlon/projects/airflow/.venv/lib/python3.11/site-packages/airflow/example_dags/example_setup_teardown.py
[2024-04-26T21:51:06.400-0300] {processor.py:840} INFO - DAG(s) 'example_setup_teardown' retrieved from /home/athlon/projects/airflow/.venv/lib/python3.11/site-packages/airflow/example_dags/example_setup_teardown.py
[2024-04-26T21:51:06.423-0300] {logging_mixin.py:188} INFO - [2024-04-26T21:51:06.423-0300] {dag.py:3096} INFO - Sync 1 DAGs
[2024-04-26T21:51:06.452-0300] {logging_mixin.py:188} INFO - [2024-04-26T21:51:06.452-0300] {dag.py:3954} INFO - Setting next_dagrun for example_setup_teardown to 2024-04-26 00:00:00+00:00, run_after=2024-04-27 00:00:00+00:00
[2024-04-26T21:51:06.481-0300] {processor.py:183} INFO - Processing /home/athlon/projects/airflow/.venv/lib/python3.11/site-packages/airflow/example_dags/example_setup_teardown.py took 0.108 seconds
[2024-04-26T21:52:01.198-0300] {processor.py:161} INFO - Started process (PID=20504) to work on /home/athlon/projects/airflow/.venv/lib/python3.11/site-packages/airflow/example_dags/example_setup_teardown.py
[2024-04-26T21:52:01.203-0300] {processor.py:830} INFO - Processing file /home/athlon/projects/airflow/.venv/lib/python3.11/site-packages/airflow/example_dags/example_setup_teardown.py for tasks to queue
[2024-04-26T21:52:01.206-0300] {logging_mixin.py:188} INFO - [2024-04-26T21:52:01.206-0300] {dagbag.py:540} INFO - Filling up the DagBag from /home/athlon/projects/airflow/.venv/lib/python3.11/site-packages/airflow/example_dags/example_setup_teardown.py
[2024-04-26T21:52:01.219-0300] {processor.py:840} INFO - DAG(s) 'example_setup_teardown' retrieved from /home/athlon/projects/airflow/.venv/lib/python3.11/site-packages/airflow/example_dags/example_setup_teardown.py
[2024-04-26T21:52:01.244-0300] {logging_mixin.py:188} INFO - [2024-04-26T21:52:01.244-0300] {dag.py:3096} INFO - Sync 1 DAGs
[2024-04-26T21:52:01.273-0300] {logging_mixin.py:188} INFO - [2024-04-26T21:52:01.273-0300] {dag.py:3954} INFO - Setting next_dagrun for example_setup_teardown to 2024-04-26 00:00:00+00:00, run_after=2024-04-27 00:00:00+00:00
[2024-04-26T21:52:01.302-0300] {processor.py:183} INFO - Processing /home/athlon/projects/airflow/.venv/lib/python3.11/site-packages/airflow/example_dags/example_setup_teardown.py took 0.115 seconds
[2024-04-26T21:52:59.864-0300] {processor.py:161} INFO - Started process (PID=20681) to work on /home/athlon/projects/airflow/.venv/lib/python3.11/site-packages/airflow/example_dags/example_setup_teardown.py
[2024-04-26T21:52:59.870-0300] {processor.py:830} INFO - Processing file /home/athlon/projects/airflow/.venv/lib/python3.11/site-packages/airflow/example_dags/example_setup_teardown.py for tasks to queue
[2024-04-26T21:52:59.873-0300] {logging_mixin.py:188} INFO - [2024-04-26T21:52:59.872-0300] {dagbag.py:540} INFO - Filling up the DagBag from /home/athlon/projects/airflow/.venv/lib/python3.11/site-packages/airflow/example_dags/example_setup_teardown.py
[2024-04-26T21:52:59.886-0300] {processor.py:840} INFO - DAG(s) 'example_setup_teardown' retrieved from /home/athlon/projects/airflow/.venv/lib/python3.11/site-packages/airflow/example_dags/example_setup_teardown.py
[2024-04-26T21:52:59.916-0300] {logging_mixin.py:188} INFO - [2024-04-26T21:52:59.916-0300] {dag.py:3096} INFO - Sync 1 DAGs
[2024-04-26T21:52:59.945-0300] {logging_mixin.py:188} INFO - [2024-04-26T21:52:59.945-0300] {dag.py:3954} INFO - Setting next_dagrun for example_setup_teardown to 2024-04-26 00:00:00+00:00, run_after=2024-04-27 00:00:00+00:00
[2024-04-26T21:52:59.976-0300] {processor.py:183} INFO - Processing /home/athlon/projects/airflow/.venv/lib/python3.11/site-packages/airflow/example_dags/example_setup_teardown.py took 0.123 seconds
[2024-04-26T21:53:57.244-0300] {processor.py:161} INFO - Started process (PID=20744) to work on /home/athlon/projects/airflow/.venv/lib/python3.11/site-packages/airflow/example_dags/example_setup_teardown.py
[2024-04-26T21:53:57.252-0300] {processor.py:830} INFO - Processing file /home/athlon/projects/airflow/.venv/lib/python3.11/site-packages/airflow/example_dags/example_setup_teardown.py for tasks to queue
[2024-04-26T21:53:57.257-0300] {logging_mixin.py:188} INFO - [2024-04-26T21:53:57.256-0300] {dagbag.py:540} INFO - Filling up the DagBag from /home/athlon/projects/airflow/.venv/lib/python3.11/site-packages/airflow/example_dags/example_setup_teardown.py
[2024-04-26T21:53:57.274-0300] {processor.py:840} INFO - DAG(s) 'example_setup_teardown' retrieved from /home/athlon/projects/airflow/.venv/lib/python3.11/site-packages/airflow/example_dags/example_setup_teardown.py
[2024-04-26T21:53:57.312-0300] {logging_mixin.py:188} INFO - [2024-04-26T21:53:57.312-0300] {dag.py:3096} INFO - Sync 1 DAGs
[2024-04-26T21:53:57.363-0300] {logging_mixin.py:188} INFO - [2024-04-26T21:53:57.362-0300] {dag.py:3954} INFO - Setting next_dagrun for example_setup_teardown to 2024-04-26 00:00:00+00:00, run_after=2024-04-27 00:00:00+00:00
[2024-04-26T21:53:57.454-0300] {processor.py:183} INFO - Processing /home/athlon/projects/airflow/.venv/lib/python3.11/site-packages/airflow/example_dags/example_setup_teardown.py took 0.229 seconds
[2024-04-26T21:55:07.931-0300] {processor.py:161} INFO - Started process (PID=21482) to work on /home/athlon/projects/airflow/.venv/lib/python3.11/site-packages/airflow/example_dags/example_setup_teardown.py
[2024-04-26T21:55:07.936-0300] {processor.py:830} INFO - Processing file /home/athlon/projects/airflow/.venv/lib/python3.11/site-packages/airflow/example_dags/example_setup_teardown.py for tasks to queue
[2024-04-26T21:55:07.940-0300] {logging_mixin.py:188} INFO - [2024-04-26T21:55:07.939-0300] {dagbag.py:540} INFO - Filling up the DagBag from /home/athlon/projects/airflow/.venv/lib/python3.11/site-packages/airflow/example_dags/example_setup_teardown.py
[2024-04-26T21:55:07.959-0300] {processor.py:840} INFO - DAG(s) 'example_setup_teardown' retrieved from /home/athlon/projects/airflow/.venv/lib/python3.11/site-packages/airflow/example_dags/example_setup_teardown.py
[2024-04-26T21:55:08.002-0300] {logging_mixin.py:188} INFO - [2024-04-26T21:55:08.002-0300] {dag.py:3096} INFO - Sync 1 DAGs
[2024-04-26T21:55:08.052-0300] {logging_mixin.py:188} INFO - [2024-04-26T21:55:08.052-0300] {dag.py:3954} INFO - Setting next_dagrun for example_setup_teardown to 2024-04-26 00:00:00+00:00, run_after=2024-04-27 00:00:00+00:00
[2024-04-26T21:55:08.102-0300] {processor.py:183} INFO - Processing /home/athlon/projects/airflow/.venv/lib/python3.11/site-packages/airflow/example_dags/example_setup_teardown.py took 0.187 seconds
[2024-04-26T21:56:21.362-0300] {processor.py:161} INFO - Started process (PID=21595) to work on /home/athlon/projects/airflow/.venv/lib/python3.11/site-packages/airflow/example_dags/example_setup_teardown.py
[2024-04-26T21:56:21.368-0300] {processor.py:830} INFO - Processing file /home/athlon/projects/airflow/.venv/lib/python3.11/site-packages/airflow/example_dags/example_setup_teardown.py for tasks to queue
[2024-04-26T21:56:21.371-0300] {logging_mixin.py:188} INFO - [2024-04-26T21:56:21.370-0300] {dagbag.py:540} INFO - Filling up the DagBag from /home/athlon/projects/airflow/.venv/lib/python3.11/site-packages/airflow/example_dags/example_setup_teardown.py
[2024-04-26T21:56:21.384-0300] {processor.py:840} INFO - DAG(s) 'example_setup_teardown' retrieved from /home/athlon/projects/airflow/.venv/lib/python3.11/site-packages/airflow/example_dags/example_setup_teardown.py
[2024-04-26T21:56:21.411-0300] {logging_mixin.py:188} INFO - [2024-04-26T21:56:21.410-0300] {dag.py:3096} INFO - Sync 1 DAGs
[2024-04-26T21:56:21.440-0300] {logging_mixin.py:188} INFO - [2024-04-26T21:56:21.440-0300] {dag.py:3954} INFO - Setting next_dagrun for example_setup_teardown to 2024-04-26 00:00:00+00:00, run_after=2024-04-27 00:00:00+00:00
[2024-04-26T21:56:21.471-0300] {processor.py:183} INFO - Processing /home/athlon/projects/airflow/.venv/lib/python3.11/site-packages/airflow/example_dags/example_setup_teardown.py took 0.121 seconds
[2024-04-26T21:57:21.117-0300] {processor.py:161} INFO - Started process (PID=21842) to work on /home/athlon/projects/airflow/.venv/lib/python3.11/site-packages/airflow/example_dags/example_setup_teardown.py
[2024-04-26T21:57:21.123-0300] {processor.py:830} INFO - Processing file /home/athlon/projects/airflow/.venv/lib/python3.11/site-packages/airflow/example_dags/example_setup_teardown.py for tasks to queue
[2024-04-26T21:57:21.126-0300] {logging_mixin.py:188} INFO - [2024-04-26T21:57:21.125-0300] {dagbag.py:540} INFO - Filling up the DagBag from /home/athlon/projects/airflow/.venv/lib/python3.11/site-packages/airflow/example_dags/example_setup_teardown.py
[2024-04-26T21:57:21.139-0300] {processor.py:840} INFO - DAG(s) 'example_setup_teardown' retrieved from /home/athlon/projects/airflow/.venv/lib/python3.11/site-packages/airflow/example_dags/example_setup_teardown.py
[2024-04-26T21:57:21.166-0300] {logging_mixin.py:188} INFO - [2024-04-26T21:57:21.166-0300] {dag.py:3096} INFO - Sync 1 DAGs
[2024-04-26T21:57:21.196-0300] {logging_mixin.py:188} INFO - [2024-04-26T21:57:21.196-0300] {dag.py:3954} INFO - Setting next_dagrun for example_setup_teardown to 2024-04-26 00:00:00+00:00, run_after=2024-04-27 00:00:00+00:00
[2024-04-26T21:57:21.226-0300] {processor.py:183} INFO - Processing /home/athlon/projects/airflow/.venv/lib/python3.11/site-packages/airflow/example_dags/example_setup_teardown.py took 0.121 seconds
[2024-04-26T21:58:20.354-0300] {processor.py:161} INFO - Started process (PID=21982) to work on /home/athlon/projects/airflow/.venv/lib/python3.11/site-packages/airflow/example_dags/example_setup_teardown.py
[2024-04-26T21:58:20.360-0300] {processor.py:830} INFO - Processing file /home/athlon/projects/airflow/.venv/lib/python3.11/site-packages/airflow/example_dags/example_setup_teardown.py for tasks to queue
[2024-04-26T21:58:20.365-0300] {logging_mixin.py:188} INFO - [2024-04-26T21:58:20.364-0300] {dagbag.py:540} INFO - Filling up the DagBag from /home/athlon/projects/airflow/.venv/lib/python3.11/site-packages/airflow/example_dags/example_setup_teardown.py
[2024-04-26T21:58:20.383-0300] {processor.py:840} INFO - DAG(s) 'example_setup_teardown' retrieved from /home/athlon/projects/airflow/.venv/lib/python3.11/site-packages/airflow/example_dags/example_setup_teardown.py
[2024-04-26T21:58:20.419-0300] {logging_mixin.py:188} INFO - [2024-04-26T21:58:20.418-0300] {dag.py:3096} INFO - Sync 1 DAGs
[2024-04-26T21:58:20.458-0300] {logging_mixin.py:188} INFO - [2024-04-26T21:58:20.458-0300] {dag.py:3954} INFO - Setting next_dagrun for example_setup_teardown to 2024-04-26 00:00:00+00:00, run_after=2024-04-27 00:00:00+00:00
[2024-04-26T21:58:20.493-0300] {processor.py:183} INFO - Processing /home/athlon/projects/airflow/.venv/lib/python3.11/site-packages/airflow/example_dags/example_setup_teardown.py took 0.159 seconds
[2024-04-26T21:59:17.333-0300] {processor.py:161} INFO - Started process (PID=22133) to work on /home/athlon/projects/airflow/.venv/lib/python3.11/site-packages/airflow/example_dags/example_setup_teardown.py
[2024-04-26T21:59:17.339-0300] {processor.py:830} INFO - Processing file /home/athlon/projects/airflow/.venv/lib/python3.11/site-packages/airflow/example_dags/example_setup_teardown.py for tasks to queue
[2024-04-26T21:59:17.343-0300] {logging_mixin.py:188} INFO - [2024-04-26T21:59:17.342-0300] {dagbag.py:540} INFO - Filling up the DagBag from /home/athlon/projects/airflow/.venv/lib/python3.11/site-packages/airflow/example_dags/example_setup_teardown.py
[2024-04-26T21:59:17.361-0300] {processor.py:840} INFO - DAG(s) 'example_setup_teardown' retrieved from /home/athlon/projects/airflow/.venv/lib/python3.11/site-packages/airflow/example_dags/example_setup_teardown.py
[2024-04-26T21:59:17.400-0300] {logging_mixin.py:188} INFO - [2024-04-26T21:59:17.399-0300] {dag.py:3096} INFO - Sync 1 DAGs
[2024-04-26T21:59:17.453-0300] {logging_mixin.py:188} INFO - [2024-04-26T21:59:17.452-0300] {dag.py:3954} INFO - Setting next_dagrun for example_setup_teardown to 2024-04-26 00:00:00+00:00, run_after=2024-04-27 00:00:00+00:00
[2024-04-26T21:59:17.503-0300] {processor.py:183} INFO - Processing /home/athlon/projects/airflow/.venv/lib/python3.11/site-packages/airflow/example_dags/example_setup_teardown.py took 0.185 seconds
[2024-04-26T22:00:15.344-0300] {processor.py:161} INFO - Started process (PID=22281) to work on /home/athlon/projects/airflow/.venv/lib/python3.11/site-packages/airflow/example_dags/example_setup_teardown.py
[2024-04-26T22:00:15.345-0300] {processor.py:830} INFO - Processing file /home/athlon/projects/airflow/.venv/lib/python3.11/site-packages/airflow/example_dags/example_setup_teardown.py for tasks to queue
[2024-04-26T22:00:15.348-0300] {logging_mixin.py:188} INFO - [2024-04-26T22:00:15.347-0300] {dagbag.py:540} INFO - Filling up the DagBag from /home/athlon/projects/airflow/.venv/lib/python3.11/site-packages/airflow/example_dags/example_setup_teardown.py
[2024-04-26T22:00:15.361-0300] {processor.py:840} INFO - DAG(s) 'example_setup_teardown' retrieved from /home/athlon/projects/airflow/.venv/lib/python3.11/site-packages/airflow/example_dags/example_setup_teardown.py
[2024-04-26T22:00:15.387-0300] {logging_mixin.py:188} INFO - [2024-04-26T22:00:15.386-0300] {dag.py:3096} INFO - Sync 1 DAGs
[2024-04-26T22:00:15.418-0300] {logging_mixin.py:188} INFO - [2024-04-26T22:00:15.418-0300] {dag.py:3954} INFO - Setting next_dagrun for example_setup_teardown to 2024-04-26 00:00:00+00:00, run_after=2024-04-27 00:00:00+00:00
[2024-04-26T22:00:15.460-0300] {processor.py:183} INFO - Processing /home/athlon/projects/airflow/.venv/lib/python3.11/site-packages/airflow/example_dags/example_setup_teardown.py took 0.126 seconds
[2024-04-26T22:01:18.692-0300] {processor.py:161} INFO - Started process (PID=22350) to work on /home/athlon/projects/airflow/.venv/lib/python3.11/site-packages/airflow/example_dags/example_setup_teardown.py
[2024-04-26T22:01:18.698-0300] {processor.py:830} INFO - Processing file /home/athlon/projects/airflow/.venv/lib/python3.11/site-packages/airflow/example_dags/example_setup_teardown.py for tasks to queue
[2024-04-26T22:01:18.701-0300] {logging_mixin.py:188} INFO - [2024-04-26T22:01:18.701-0300] {dagbag.py:540} INFO - Filling up the DagBag from /home/athlon/projects/airflow/.venv/lib/python3.11/site-packages/airflow/example_dags/example_setup_teardown.py
[2024-04-26T22:01:18.714-0300] {processor.py:840} INFO - DAG(s) 'example_setup_teardown' retrieved from /home/athlon/projects/airflow/.venv/lib/python3.11/site-packages/airflow/example_dags/example_setup_teardown.py
[2024-04-26T22:01:18.741-0300] {logging_mixin.py:188} INFO - [2024-04-26T22:01:18.741-0300] {dag.py:3096} INFO - Sync 1 DAGs
[2024-04-26T22:01:18.771-0300] {logging_mixin.py:188} INFO - [2024-04-26T22:01:18.770-0300] {dag.py:3954} INFO - Setting next_dagrun for example_setup_teardown to 2024-04-26 00:00:00+00:00, run_after=2024-04-27 00:00:00+00:00
[2024-04-26T22:01:18.802-0300] {processor.py:183} INFO - Processing /home/athlon/projects/airflow/.venv/lib/python3.11/site-packages/airflow/example_dags/example_setup_teardown.py took 0.120 seconds
[2024-04-26T22:02:18.895-0300] {processor.py:161} INFO - Started process (PID=22418) to work on /home/athlon/projects/airflow/.venv/lib/python3.11/site-packages/airflow/example_dags/example_setup_teardown.py
[2024-04-26T22:02:18.901-0300] {processor.py:830} INFO - Processing file /home/athlon/projects/airflow/.venv/lib/python3.11/site-packages/airflow/example_dags/example_setup_teardown.py for tasks to queue
[2024-04-26T22:02:18.904-0300] {logging_mixin.py:188} INFO - [2024-04-26T22:02:18.903-0300] {dagbag.py:540} INFO - Filling up the DagBag from /home/athlon/projects/airflow/.venv/lib/python3.11/site-packages/airflow/example_dags/example_setup_teardown.py
[2024-04-26T22:02:18.917-0300] {processor.py:840} INFO - DAG(s) 'example_setup_teardown' retrieved from /home/athlon/projects/airflow/.venv/lib/python3.11/site-packages/airflow/example_dags/example_setup_teardown.py
[2024-04-26T22:02:18.942-0300] {logging_mixin.py:188} INFO - [2024-04-26T22:02:18.942-0300] {dag.py:3096} INFO - Sync 1 DAGs
[2024-04-26T22:02:18.974-0300] {logging_mixin.py:188} INFO - [2024-04-26T22:02:18.973-0300] {dag.py:3954} INFO - Setting next_dagrun for example_setup_teardown to 2024-04-26 00:00:00+00:00, run_after=2024-04-27 00:00:00+00:00
[2024-04-26T22:02:19.004-0300] {processor.py:183} INFO - Processing /home/athlon/projects/airflow/.venv/lib/python3.11/site-packages/airflow/example_dags/example_setup_teardown.py took 0.120 seconds
[2024-04-26T22:03:25.297-0300] {processor.py:161} INFO - Started process (PID=22496) to work on /home/athlon/projects/airflow/.venv/lib/python3.11/site-packages/airflow/example_dags/example_setup_teardown.py
[2024-04-26T22:03:25.302-0300] {processor.py:830} INFO - Processing file /home/athlon/projects/airflow/.venv/lib/python3.11/site-packages/airflow/example_dags/example_setup_teardown.py for tasks to queue
[2024-04-26T22:03:25.306-0300] {logging_mixin.py:188} INFO - [2024-04-26T22:03:25.305-0300] {dagbag.py:540} INFO - Filling up the DagBag from /home/athlon/projects/airflow/.venv/lib/python3.11/site-packages/airflow/example_dags/example_setup_teardown.py
[2024-04-26T22:03:25.319-0300] {processor.py:840} INFO - DAG(s) 'example_setup_teardown' retrieved from /home/athlon/projects/airflow/.venv/lib/python3.11/site-packages/airflow/example_dags/example_setup_teardown.py
[2024-04-26T22:03:25.347-0300] {logging_mixin.py:188} INFO - [2024-04-26T22:03:25.346-0300] {dag.py:3096} INFO - Sync 1 DAGs
[2024-04-26T22:03:25.376-0300] {logging_mixin.py:188} INFO - [2024-04-26T22:03:25.376-0300] {dag.py:3954} INFO - Setting next_dagrun for example_setup_teardown to 2024-04-26 00:00:00+00:00, run_after=2024-04-27 00:00:00+00:00
[2024-04-26T22:03:25.409-0300] {processor.py:183} INFO - Processing /home/athlon/projects/airflow/.venv/lib/python3.11/site-packages/airflow/example_dags/example_setup_teardown.py took 0.124 seconds
[2024-04-26T22:04:22.893-0300] {processor.py:161} INFO - Started process (PID=22631) to work on /home/athlon/projects/airflow/.venv/lib/python3.11/site-packages/airflow/example_dags/example_setup_teardown.py
[2024-04-26T22:04:22.898-0300] {processor.py:830} INFO - Processing file /home/athlon/projects/airflow/.venv/lib/python3.11/site-packages/airflow/example_dags/example_setup_teardown.py for tasks to queue
[2024-04-26T22:04:22.902-0300] {logging_mixin.py:188} INFO - [2024-04-26T22:04:22.901-0300] {dagbag.py:540} INFO - Filling up the DagBag from /home/athlon/projects/airflow/.venv/lib/python3.11/site-packages/airflow/example_dags/example_setup_teardown.py
[2024-04-26T22:04:22.914-0300] {processor.py:840} INFO - DAG(s) 'example_setup_teardown' retrieved from /home/athlon/projects/airflow/.venv/lib/python3.11/site-packages/airflow/example_dags/example_setup_teardown.py
[2024-04-26T22:04:22.939-0300] {logging_mixin.py:188} INFO - [2024-04-26T22:04:22.939-0300] {dag.py:3096} INFO - Sync 1 DAGs
[2024-04-26T22:04:22.970-0300] {logging_mixin.py:188} INFO - [2024-04-26T22:04:22.969-0300] {dag.py:3954} INFO - Setting next_dagrun for example_setup_teardown to 2024-04-26 00:00:00+00:00, run_after=2024-04-27 00:00:00+00:00
[2024-04-26T22:04:23.000-0300] {processor.py:183} INFO - Processing /home/athlon/projects/airflow/.venv/lib/python3.11/site-packages/airflow/example_dags/example_setup_teardown.py took 0.118 seconds
[2024-04-26T22:05:18.853-0300] {processor.py:161} INFO - Started process (PID=22712) to work on /home/athlon/projects/airflow/.venv/lib/python3.11/site-packages/airflow/example_dags/example_setup_teardown.py
[2024-04-26T22:05:18.859-0300] {processor.py:830} INFO - Processing file /home/athlon/projects/airflow/.venv/lib/python3.11/site-packages/airflow/example_dags/example_setup_teardown.py for tasks to queue
[2024-04-26T22:05:18.862-0300] {logging_mixin.py:188} INFO - [2024-04-26T22:05:18.862-0300] {dagbag.py:540} INFO - Filling up the DagBag from /home/athlon/projects/airflow/.venv/lib/python3.11/site-packages/airflow/example_dags/example_setup_teardown.py
[2024-04-26T22:05:18.876-0300] {processor.py:840} INFO - DAG(s) 'example_setup_teardown' retrieved from /home/athlon/projects/airflow/.venv/lib/python3.11/site-packages/airflow/example_dags/example_setup_teardown.py
[2024-04-26T22:05:18.902-0300] {logging_mixin.py:188} INFO - [2024-04-26T22:05:18.902-0300] {dag.py:3096} INFO - Sync 1 DAGs
[2024-04-26T22:05:18.932-0300] {logging_mixin.py:188} INFO - [2024-04-26T22:05:18.932-0300] {dag.py:3954} INFO - Setting next_dagrun for example_setup_teardown to 2024-04-26 00:00:00+00:00, run_after=2024-04-27 00:00:00+00:00
[2024-04-26T22:05:18.965-0300] {processor.py:183} INFO - Processing /home/athlon/projects/airflow/.venv/lib/python3.11/site-packages/airflow/example_dags/example_setup_teardown.py took 0.122 seconds
[2024-04-26T22:06:17.843-0300] {processor.py:161} INFO - Started process (PID=22781) to work on /home/athlon/projects/airflow/.venv/lib/python3.11/site-packages/airflow/example_dags/example_setup_teardown.py
[2024-04-26T22:06:17.849-0300] {processor.py:830} INFO - Processing file /home/athlon/projects/airflow/.venv/lib/python3.11/site-packages/airflow/example_dags/example_setup_teardown.py for tasks to queue
[2024-04-26T22:06:17.852-0300] {logging_mixin.py:188} INFO - [2024-04-26T22:06:17.851-0300] {dagbag.py:540} INFO - Filling up the DagBag from /home/athlon/projects/airflow/.venv/lib/python3.11/site-packages/airflow/example_dags/example_setup_teardown.py
[2024-04-26T22:06:17.865-0300] {processor.py:840} INFO - DAG(s) 'example_setup_teardown' retrieved from /home/athlon/projects/airflow/.venv/lib/python3.11/site-packages/airflow/example_dags/example_setup_teardown.py
[2024-04-26T22:06:17.892-0300] {logging_mixin.py:188} INFO - [2024-04-26T22:06:17.891-0300] {dag.py:3096} INFO - Sync 1 DAGs
[2024-04-26T22:06:17.921-0300] {logging_mixin.py:188} INFO - [2024-04-26T22:06:17.921-0300] {dag.py:3954} INFO - Setting next_dagrun for example_setup_teardown to 2024-04-26 00:00:00+00:00, run_after=2024-04-27 00:00:00+00:00
[2024-04-26T22:06:17.951-0300] {processor.py:183} INFO - Processing /home/athlon/projects/airflow/.venv/lib/python3.11/site-packages/airflow/example_dags/example_setup_teardown.py took 0.119 seconds
[2024-04-26T22:07:19.295-0300] {processor.py:161} INFO - Started process (PID=22849) to work on /home/athlon/projects/airflow/.venv/lib/python3.11/site-packages/airflow/example_dags/example_setup_teardown.py
[2024-04-26T22:07:19.300-0300] {processor.py:830} INFO - Processing file /home/athlon/projects/airflow/.venv/lib/python3.11/site-packages/airflow/example_dags/example_setup_teardown.py for tasks to queue
[2024-04-26T22:07:19.303-0300] {logging_mixin.py:188} INFO - [2024-04-26T22:07:19.303-0300] {dagbag.py:540} INFO - Filling up the DagBag from /home/athlon/projects/airflow/.venv/lib/python3.11/site-packages/airflow/example_dags/example_setup_teardown.py
[2024-04-26T22:07:19.317-0300] {processor.py:840} INFO - DAG(s) 'example_setup_teardown' retrieved from /home/athlon/projects/airflow/.venv/lib/python3.11/site-packages/airflow/example_dags/example_setup_teardown.py
[2024-04-26T22:07:19.343-0300] {logging_mixin.py:188} INFO - [2024-04-26T22:07:19.342-0300] {dag.py:3096} INFO - Sync 1 DAGs
[2024-04-26T22:07:19.372-0300] {logging_mixin.py:188} INFO - [2024-04-26T22:07:19.372-0300] {dag.py:3954} INFO - Setting next_dagrun for example_setup_teardown to 2024-04-26 00:00:00+00:00, run_after=2024-04-27 00:00:00+00:00
[2024-04-26T22:07:19.402-0300] {processor.py:183} INFO - Processing /home/athlon/projects/airflow/.venv/lib/python3.11/site-packages/airflow/example_dags/example_setup_teardown.py took 0.118 seconds
[2024-04-26T22:08:21.969-0300] {processor.py:161} INFO - Started process (PID=22917) to work on /home/athlon/projects/airflow/.venv/lib/python3.11/site-packages/airflow/example_dags/example_setup_teardown.py
[2024-04-26T22:08:21.975-0300] {processor.py:830} INFO - Processing file /home/athlon/projects/airflow/.venv/lib/python3.11/site-packages/airflow/example_dags/example_setup_teardown.py for tasks to queue
[2024-04-26T22:08:21.978-0300] {logging_mixin.py:188} INFO - [2024-04-26T22:08:21.977-0300] {dagbag.py:540} INFO - Filling up the DagBag from /home/athlon/projects/airflow/.venv/lib/python3.11/site-packages/airflow/example_dags/example_setup_teardown.py
[2024-04-26T22:08:21.990-0300] {processor.py:840} INFO - DAG(s) 'example_setup_teardown' retrieved from /home/athlon/projects/airflow/.venv/lib/python3.11/site-packages/airflow/example_dags/example_setup_teardown.py
[2024-04-26T22:08:22.016-0300] {logging_mixin.py:188} INFO - [2024-04-26T22:08:22.016-0300] {dag.py:3096} INFO - Sync 1 DAGs
[2024-04-26T22:08:22.046-0300] {logging_mixin.py:188} INFO - [2024-04-26T22:08:22.046-0300] {dag.py:3954} INFO - Setting next_dagrun for example_setup_teardown to 2024-04-26 00:00:00+00:00, run_after=2024-04-27 00:00:00+00:00
[2024-04-26T22:08:22.076-0300] {processor.py:183} INFO - Processing /home/athlon/projects/airflow/.venv/lib/python3.11/site-packages/airflow/example_dags/example_setup_teardown.py took 0.117 seconds
[2024-04-26T22:09:20.593-0300] {processor.py:161} INFO - Started process (PID=23016) to work on /home/athlon/projects/airflow/.venv/lib/python3.11/site-packages/airflow/example_dags/example_setup_teardown.py
[2024-04-26T22:09:20.598-0300] {processor.py:830} INFO - Processing file /home/athlon/projects/airflow/.venv/lib/python3.11/site-packages/airflow/example_dags/example_setup_teardown.py for tasks to queue
[2024-04-26T22:09:20.601-0300] {logging_mixin.py:188} INFO - [2024-04-26T22:09:20.600-0300] {dagbag.py:540} INFO - Filling up the DagBag from /home/athlon/projects/airflow/.venv/lib/python3.11/site-packages/airflow/example_dags/example_setup_teardown.py
[2024-04-26T22:09:20.613-0300] {processor.py:840} INFO - DAG(s) 'example_setup_teardown' retrieved from /home/athlon/projects/airflow/.venv/lib/python3.11/site-packages/airflow/example_dags/example_setup_teardown.py
[2024-04-26T22:09:20.637-0300] {logging_mixin.py:188} INFO - [2024-04-26T22:09:20.637-0300] {dag.py:3096} INFO - Sync 1 DAGs
[2024-04-26T22:09:20.668-0300] {logging_mixin.py:188} INFO - [2024-04-26T22:09:20.668-0300] {dag.py:3954} INFO - Setting next_dagrun for example_setup_teardown to 2024-04-26 00:00:00+00:00, run_after=2024-04-27 00:00:00+00:00
[2024-04-26T22:09:20.698-0300] {processor.py:183} INFO - Processing /home/athlon/projects/airflow/.venv/lib/python3.11/site-packages/airflow/example_dags/example_setup_teardown.py took 0.116 seconds
[2024-04-26T22:10:22.793-0300] {processor.py:161} INFO - Started process (PID=23087) to work on /home/athlon/projects/airflow/.venv/lib/python3.11/site-packages/airflow/example_dags/example_setup_teardown.py
[2024-04-26T22:10:22.799-0300] {processor.py:830} INFO - Processing file /home/athlon/projects/airflow/.venv/lib/python3.11/site-packages/airflow/example_dags/example_setup_teardown.py for tasks to queue
[2024-04-26T22:10:22.802-0300] {logging_mixin.py:188} INFO - [2024-04-26T22:10:22.801-0300] {dagbag.py:540} INFO - Filling up the DagBag from /home/athlon/projects/airflow/.venv/lib/python3.11/site-packages/airflow/example_dags/example_setup_teardown.py
[2024-04-26T22:10:22.815-0300] {processor.py:840} INFO - DAG(s) 'example_setup_teardown' retrieved from /home/athlon/projects/airflow/.venv/lib/python3.11/site-packages/airflow/example_dags/example_setup_teardown.py
[2024-04-26T22:10:22.842-0300] {logging_mixin.py:188} INFO - [2024-04-26T22:10:22.842-0300] {dag.py:3096} INFO - Sync 1 DAGs
[2024-04-26T22:10:22.872-0300] {logging_mixin.py:188} INFO - [2024-04-26T22:10:22.872-0300] {dag.py:3954} INFO - Setting next_dagrun for example_setup_teardown to 2024-04-26 00:00:00+00:00, run_after=2024-04-27 00:00:00+00:00
[2024-04-26T22:10:22.904-0300] {processor.py:183} INFO - Processing /home/athlon/projects/airflow/.venv/lib/python3.11/site-packages/airflow/example_dags/example_setup_teardown.py took 0.123 seconds
[2024-04-26T22:11:24.715-0300] {processor.py:161} INFO - Started process (PID=23153) to work on /home/athlon/projects/airflow/.venv/lib/python3.11/site-packages/airflow/example_dags/example_setup_teardown.py
[2024-04-26T22:11:24.721-0300] {processor.py:830} INFO - Processing file /home/athlon/projects/airflow/.venv/lib/python3.11/site-packages/airflow/example_dags/example_setup_teardown.py for tasks to queue
[2024-04-26T22:11:24.724-0300] {logging_mixin.py:188} INFO - [2024-04-26T22:11:24.723-0300] {dagbag.py:540} INFO - Filling up the DagBag from /home/athlon/projects/airflow/.venv/lib/python3.11/site-packages/airflow/example_dags/example_setup_teardown.py
[2024-04-26T22:11:24.737-0300] {processor.py:840} INFO - DAG(s) 'example_setup_teardown' retrieved from /home/athlon/projects/airflow/.venv/lib/python3.11/site-packages/airflow/example_dags/example_setup_teardown.py
[2024-04-26T22:11:24.763-0300] {logging_mixin.py:188} INFO - [2024-04-26T22:11:24.763-0300] {dag.py:3096} INFO - Sync 1 DAGs
[2024-04-26T22:11:24.793-0300] {logging_mixin.py:188} INFO - [2024-04-26T22:11:24.793-0300] {dag.py:3954} INFO - Setting next_dagrun for example_setup_teardown to 2024-04-26 00:00:00+00:00, run_after=2024-04-27 00:00:00+00:00
[2024-04-26T22:11:24.824-0300] {processor.py:183} INFO - Processing /home/athlon/projects/airflow/.venv/lib/python3.11/site-packages/airflow/example_dags/example_setup_teardown.py took 0.121 seconds
[2024-04-26T22:12:26.683-0300] {processor.py:161} INFO - Started process (PID=23236) to work on /home/athlon/projects/airflow/.venv/lib/python3.11/site-packages/airflow/example_dags/example_setup_teardown.py
[2024-04-26T22:12:26.688-0300] {processor.py:830} INFO - Processing file /home/athlon/projects/airflow/.venv/lib/python3.11/site-packages/airflow/example_dags/example_setup_teardown.py for tasks to queue
[2024-04-26T22:12:26.691-0300] {logging_mixin.py:188} INFO - [2024-04-26T22:12:26.691-0300] {dagbag.py:540} INFO - Filling up the DagBag from /home/athlon/projects/airflow/.venv/lib/python3.11/site-packages/airflow/example_dags/example_setup_teardown.py
[2024-04-26T22:12:26.705-0300] {processor.py:840} INFO - DAG(s) 'example_setup_teardown' retrieved from /home/athlon/projects/airflow/.venv/lib/python3.11/site-packages/airflow/example_dags/example_setup_teardown.py
[2024-04-26T22:12:26.731-0300] {logging_mixin.py:188} INFO - [2024-04-26T22:12:26.731-0300] {dag.py:3096} INFO - Sync 1 DAGs
[2024-04-26T22:12:26.761-0300] {logging_mixin.py:188} INFO - [2024-04-26T22:12:26.761-0300] {dag.py:3954} INFO - Setting next_dagrun for example_setup_teardown to 2024-04-26 00:00:00+00:00, run_after=2024-04-27 00:00:00+00:00
[2024-04-26T22:12:26.792-0300] {processor.py:183} INFO - Processing /home/athlon/projects/airflow/.venv/lib/python3.11/site-packages/airflow/example_dags/example_setup_teardown.py took 0.120 seconds
[2024-04-26T22:13:26.550-0300] {processor.py:161} INFO - Started process (PID=23309) to work on /home/athlon/projects/airflow/.venv/lib/python3.11/site-packages/airflow/example_dags/example_setup_teardown.py
[2024-04-26T22:13:26.556-0300] {processor.py:830} INFO - Processing file /home/athlon/projects/airflow/.venv/lib/python3.11/site-packages/airflow/example_dags/example_setup_teardown.py for tasks to queue
[2024-04-26T22:13:26.559-0300] {logging_mixin.py:188} INFO - [2024-04-26T22:13:26.558-0300] {dagbag.py:540} INFO - Filling up the DagBag from /home/athlon/projects/airflow/.venv/lib/python3.11/site-packages/airflow/example_dags/example_setup_teardown.py
[2024-04-26T22:13:26.572-0300] {processor.py:840} INFO - DAG(s) 'example_setup_teardown' retrieved from /home/athlon/projects/airflow/.venv/lib/python3.11/site-packages/airflow/example_dags/example_setup_teardown.py
[2024-04-26T22:13:26.599-0300] {logging_mixin.py:188} INFO - [2024-04-26T22:13:26.598-0300] {dag.py:3096} INFO - Sync 1 DAGs
[2024-04-26T22:13:26.628-0300] {logging_mixin.py:188} INFO - [2024-04-26T22:13:26.628-0300] {dag.py:3954} INFO - Setting next_dagrun for example_setup_teardown to 2024-04-26 00:00:00+00:00, run_after=2024-04-27 00:00:00+00:00
[2024-04-26T22:13:26.658-0300] {processor.py:183} INFO - Processing /home/athlon/projects/airflow/.venv/lib/python3.11/site-packages/airflow/example_dags/example_setup_teardown.py took 0.119 seconds
[2024-04-26T22:14:25.791-0300] {processor.py:161} INFO - Started process (PID=23419) to work on /home/athlon/projects/airflow/.venv/lib/python3.11/site-packages/airflow/example_dags/example_setup_teardown.py
[2024-04-26T22:14:25.797-0300] {processor.py:830} INFO - Processing file /home/athlon/projects/airflow/.venv/lib/python3.11/site-packages/airflow/example_dags/example_setup_teardown.py for tasks to queue
[2024-04-26T22:14:25.800-0300] {logging_mixin.py:188} INFO - [2024-04-26T22:14:25.799-0300] {dagbag.py:540} INFO - Filling up the DagBag from /home/athlon/projects/airflow/.venv/lib/python3.11/site-packages/airflow/example_dags/example_setup_teardown.py
[2024-04-26T22:14:25.812-0300] {processor.py:840} INFO - DAG(s) 'example_setup_teardown' retrieved from /home/athlon/projects/airflow/.venv/lib/python3.11/site-packages/airflow/example_dags/example_setup_teardown.py
[2024-04-26T22:14:25.839-0300] {logging_mixin.py:188} INFO - [2024-04-26T22:14:25.839-0300] {dag.py:3096} INFO - Sync 1 DAGs
[2024-04-26T22:14:25.873-0300] {logging_mixin.py:188} INFO - [2024-04-26T22:14:25.873-0300] {dag.py:3954} INFO - Setting next_dagrun for example_setup_teardown to 2024-04-26 00:00:00+00:00, run_after=2024-04-27 00:00:00+00:00
[2024-04-26T22:14:25.909-0300] {processor.py:183} INFO - Processing /home/athlon/projects/airflow/.venv/lib/python3.11/site-packages/airflow/example_dags/example_setup_teardown.py took 0.129 seconds
[2024-04-26T22:15:31.685-0300] {processor.py:161} INFO - Started process (PID=23526) to work on /home/athlon/projects/airflow/.venv/lib/python3.11/site-packages/airflow/example_dags/example_setup_teardown.py
[2024-04-26T22:15:31.687-0300] {processor.py:830} INFO - Processing file /home/athlon/projects/airflow/.venv/lib/python3.11/site-packages/airflow/example_dags/example_setup_teardown.py for tasks to queue
[2024-04-26T22:15:31.690-0300] {logging_mixin.py:188} INFO - [2024-04-26T22:15:31.690-0300] {dagbag.py:540} INFO - Filling up the DagBag from /home/athlon/projects/airflow/.venv/lib/python3.11/site-packages/airflow/example_dags/example_setup_teardown.py
[2024-04-26T22:15:31.704-0300] {processor.py:840} INFO - DAG(s) 'example_setup_teardown' retrieved from /home/athlon/projects/airflow/.venv/lib/python3.11/site-packages/airflow/example_dags/example_setup_teardown.py
[2024-04-26T22:15:31.729-0300] {logging_mixin.py:188} INFO - [2024-04-26T22:15:31.729-0300] {dag.py:3096} INFO - Sync 1 DAGs
[2024-04-26T22:15:31.760-0300] {logging_mixin.py:188} INFO - [2024-04-26T22:15:31.760-0300] {dag.py:3954} INFO - Setting next_dagrun for example_setup_teardown to 2024-04-26 00:00:00+00:00, run_after=2024-04-27 00:00:00+00:00
[2024-04-26T22:15:31.790-0300] {processor.py:183} INFO - Processing /home/athlon/projects/airflow/.venv/lib/python3.11/site-packages/airflow/example_dags/example_setup_teardown.py took 0.116 seconds
[2024-04-26T22:16:36.998-0300] {processor.py:161} INFO - Started process (PID=23674) to work on /home/athlon/projects/airflow/.venv/lib/python3.11/site-packages/airflow/example_dags/example_setup_teardown.py
[2024-04-26T22:16:36.999-0300] {processor.py:830} INFO - Processing file /home/athlon/projects/airflow/.venv/lib/python3.11/site-packages/airflow/example_dags/example_setup_teardown.py for tasks to queue
[2024-04-26T22:16:37.002-0300] {logging_mixin.py:188} INFO - [2024-04-26T22:16:37.001-0300] {dagbag.py:540} INFO - Filling up the DagBag from /home/athlon/projects/airflow/.venv/lib/python3.11/site-packages/airflow/example_dags/example_setup_teardown.py
[2024-04-26T22:16:37.015-0300] {processor.py:840} INFO - DAG(s) 'example_setup_teardown' retrieved from /home/athlon/projects/airflow/.venv/lib/python3.11/site-packages/airflow/example_dags/example_setup_teardown.py
[2024-04-26T22:16:37.039-0300] {logging_mixin.py:188} INFO - [2024-04-26T22:16:37.039-0300] {dag.py:3096} INFO - Sync 1 DAGs
[2024-04-26T22:16:37.083-0300] {logging_mixin.py:188} INFO - [2024-04-26T22:16:37.083-0300] {dag.py:3954} INFO - Setting next_dagrun for example_setup_teardown to 2024-04-26 00:00:00+00:00, run_after=2024-04-27 00:00:00+00:00
[2024-04-26T22:16:37.120-0300] {processor.py:183} INFO - Processing /home/athlon/projects/airflow/.venv/lib/python3.11/site-packages/airflow/example_dags/example_setup_teardown.py took 0.132 seconds
[2024-04-26T22:17:35.754-0300] {processor.py:161} INFO - Started process (PID=23731) to work on /home/athlon/projects/airflow/.venv/lib/python3.11/site-packages/airflow/example_dags/example_setup_teardown.py
[2024-04-26T22:17:35.756-0300] {processor.py:830} INFO - Processing file /home/athlon/projects/airflow/.venv/lib/python3.11/site-packages/airflow/example_dags/example_setup_teardown.py for tasks to queue
[2024-04-26T22:17:35.759-0300] {logging_mixin.py:188} INFO - [2024-04-26T22:17:35.758-0300] {dagbag.py:540} INFO - Filling up the DagBag from /home/athlon/projects/airflow/.venv/lib/python3.11/site-packages/airflow/example_dags/example_setup_teardown.py
[2024-04-26T22:17:35.773-0300] {processor.py:840} INFO - DAG(s) 'example_setup_teardown' retrieved from /home/athlon/projects/airflow/.venv/lib/python3.11/site-packages/airflow/example_dags/example_setup_teardown.py
[2024-04-26T22:17:35.799-0300] {logging_mixin.py:188} INFO - [2024-04-26T22:17:35.799-0300] {dag.py:3096} INFO - Sync 1 DAGs
[2024-04-26T22:17:35.829-0300] {logging_mixin.py:188} INFO - [2024-04-26T22:17:35.829-0300] {dag.py:3954} INFO - Setting next_dagrun for example_setup_teardown to 2024-04-26 00:00:00+00:00, run_after=2024-04-27 00:00:00+00:00
[2024-04-26T22:17:35.860-0300] {processor.py:183} INFO - Processing /home/athlon/projects/airflow/.venv/lib/python3.11/site-packages/airflow/example_dags/example_setup_teardown.py took 0.117 seconds
[2024-04-26T22:18:35.802-0300] {processor.py:161} INFO - Started process (PID=23786) to work on /home/athlon/projects/airflow/.venv/lib/python3.11/site-packages/airflow/example_dags/example_setup_teardown.py
[2024-04-26T22:18:35.807-0300] {processor.py:830} INFO - Processing file /home/athlon/projects/airflow/.venv/lib/python3.11/site-packages/airflow/example_dags/example_setup_teardown.py for tasks to queue
[2024-04-26T22:18:35.811-0300] {logging_mixin.py:188} INFO - [2024-04-26T22:18:35.810-0300] {dagbag.py:540} INFO - Filling up the DagBag from /home/athlon/projects/airflow/.venv/lib/python3.11/site-packages/airflow/example_dags/example_setup_teardown.py
[2024-04-26T22:18:35.824-0300] {processor.py:840} INFO - DAG(s) 'example_setup_teardown' retrieved from /home/athlon/projects/airflow/.venv/lib/python3.11/site-packages/airflow/example_dags/example_setup_teardown.py
[2024-04-26T22:18:35.851-0300] {logging_mixin.py:188} INFO - [2024-04-26T22:18:35.851-0300] {dag.py:3096} INFO - Sync 1 DAGs
[2024-04-26T22:18:35.881-0300] {logging_mixin.py:188} INFO - [2024-04-26T22:18:35.881-0300] {dag.py:3954} INFO - Setting next_dagrun for example_setup_teardown to 2024-04-26 00:00:00+00:00, run_after=2024-04-27 00:00:00+00:00
[2024-04-26T22:18:35.911-0300] {processor.py:183} INFO - Processing /home/athlon/projects/airflow/.venv/lib/python3.11/site-packages/airflow/example_dags/example_setup_teardown.py took 0.121 seconds
[2024-04-26T22:19:34.167-0300] {processor.py:161} INFO - Started process (PID=23852) to work on /home/athlon/projects/airflow/.venv/lib/python3.11/site-packages/airflow/example_dags/example_setup_teardown.py
[2024-04-26T22:19:34.169-0300] {processor.py:830} INFO - Processing file /home/athlon/projects/airflow/.venv/lib/python3.11/site-packages/airflow/example_dags/example_setup_teardown.py for tasks to queue
[2024-04-26T22:19:34.172-0300] {logging_mixin.py:188} INFO - [2024-04-26T22:19:34.171-0300] {dagbag.py:540} INFO - Filling up the DagBag from /home/athlon/projects/airflow/.venv/lib/python3.11/site-packages/airflow/example_dags/example_setup_teardown.py
[2024-04-26T22:19:34.186-0300] {processor.py:840} INFO - DAG(s) 'example_setup_teardown' retrieved from /home/athlon/projects/airflow/.venv/lib/python3.11/site-packages/airflow/example_dags/example_setup_teardown.py
[2024-04-26T22:19:34.212-0300] {logging_mixin.py:188} INFO - [2024-04-26T22:19:34.212-0300] {dag.py:3096} INFO - Sync 1 DAGs
[2024-04-26T22:19:34.243-0300] {logging_mixin.py:188} INFO - [2024-04-26T22:19:34.243-0300] {dag.py:3954} INFO - Setting next_dagrun for example_setup_teardown to 2024-04-26 00:00:00+00:00, run_after=2024-04-27 00:00:00+00:00
[2024-04-26T22:19:34.274-0300] {processor.py:183} INFO - Processing /home/athlon/projects/airflow/.venv/lib/python3.11/site-packages/airflow/example_dags/example_setup_teardown.py took 0.119 seconds
[2024-04-26T22:20:34.687-0300] {processor.py:161} INFO - Started process (PID=23930) to work on /home/athlon/projects/airflow/.venv/lib/python3.11/site-packages/airflow/example_dags/example_setup_teardown.py
[2024-04-26T22:20:34.688-0300] {processor.py:830} INFO - Processing file /home/athlon/projects/airflow/.venv/lib/python3.11/site-packages/airflow/example_dags/example_setup_teardown.py for tasks to queue
[2024-04-26T22:20:34.691-0300] {logging_mixin.py:188} INFO - [2024-04-26T22:20:34.690-0300] {dagbag.py:540} INFO - Filling up the DagBag from /home/athlon/projects/airflow/.venv/lib/python3.11/site-packages/airflow/example_dags/example_setup_teardown.py
[2024-04-26T22:20:34.704-0300] {processor.py:840} INFO - DAG(s) 'example_setup_teardown' retrieved from /home/athlon/projects/airflow/.venv/lib/python3.11/site-packages/airflow/example_dags/example_setup_teardown.py
[2024-04-26T22:20:34.732-0300] {logging_mixin.py:188} INFO - [2024-04-26T22:20:34.732-0300] {dag.py:3096} INFO - Sync 1 DAGs
[2024-04-26T22:20:34.794-0300] {logging_mixin.py:188} INFO - [2024-04-26T22:20:34.793-0300] {dag.py:3954} INFO - Setting next_dagrun for example_setup_teardown to 2024-04-26 00:00:00+00:00, run_after=2024-04-27 00:00:00+00:00
[2024-04-26T22:20:34.843-0300] {processor.py:183} INFO - Processing /home/athlon/projects/airflow/.venv/lib/python3.11/site-packages/airflow/example_dags/example_setup_teardown.py took 0.164 seconds
