[2024-04-26T21:25:20.676-0300] {processor.py:161} INFO - Started process (PID=17725) to work on /home/athlon/projects/airflow/.venv/lib/python3.11/site-packages/airflow/example_dags/example_task_group.py
[2024-04-26T21:25:20.678-0300] {processor.py:830} INFO - Processing file /home/athlon/projects/airflow/.venv/lib/python3.11/site-packages/airflow/example_dags/example_task_group.py for tasks to queue
[2024-04-26T21:25:20.680-0300] {logging_mixin.py:188} INFO - [2024-04-26T21:25:20.680-0300] {dagbag.py:540} INFO - Filling up the DagBag from /home/athlon/projects/airflow/.venv/lib/python3.11/site-packages/airflow/example_dags/example_task_group.py
[2024-04-26T21:25:20.693-0300] {processor.py:840} INFO - DAG(s) 'example_task_group' retrieved from /home/athlon/projects/airflow/.venv/lib/python3.11/site-packages/airflow/example_dags/example_task_group.py
[2024-04-26T21:25:20.722-0300] {logging_mixin.py:188} INFO - [2024-04-26T21:25:20.721-0300] {dag.py:3096} INFO - Sync 1 DAGs
[2024-04-26T21:25:20.748-0300] {logging_mixin.py:188} INFO - [2024-04-26T21:25:20.748-0300] {dag.py:3954} INFO - Setting next_dagrun for example_task_group to 2024-04-26 00:00:00+00:00, run_after=2024-04-27 00:00:00+00:00
[2024-04-26T21:25:20.776-0300] {processor.py:183} INFO - Processing /home/athlon/projects/airflow/.venv/lib/python3.11/site-packages/airflow/example_dags/example_task_group.py took 0.110 seconds
[2024-04-26T21:26:18.649-0300] {processor.py:161} INFO - Started process (PID=17866) to work on /home/athlon/projects/airflow/.venv/lib/python3.11/site-packages/airflow/example_dags/example_task_group.py
[2024-04-26T21:26:18.655-0300] {processor.py:830} INFO - Processing file /home/athlon/projects/airflow/.venv/lib/python3.11/site-packages/airflow/example_dags/example_task_group.py for tasks to queue
[2024-04-26T21:26:18.658-0300] {logging_mixin.py:188} INFO - [2024-04-26T21:26:18.657-0300] {dagbag.py:540} INFO - Filling up the DagBag from /home/athlon/projects/airflow/.venv/lib/python3.11/site-packages/airflow/example_dags/example_task_group.py
[2024-04-26T21:26:18.670-0300] {processor.py:840} INFO - DAG(s) 'example_task_group' retrieved from /home/athlon/projects/airflow/.venv/lib/python3.11/site-packages/airflow/example_dags/example_task_group.py
[2024-04-26T21:26:18.709-0300] {logging_mixin.py:188} INFO - [2024-04-26T21:26:18.708-0300] {dag.py:3096} INFO - Sync 1 DAGs
[2024-04-26T21:26:18.752-0300] {logging_mixin.py:188} INFO - [2024-04-26T21:26:18.752-0300] {dag.py:3954} INFO - Setting next_dagrun for example_task_group to 2024-04-26 00:00:00+00:00, run_after=2024-04-27 00:00:00+00:00
[2024-04-26T21:26:18.788-0300] {processor.py:183} INFO - Processing /home/athlon/projects/airflow/.venv/lib/python3.11/site-packages/airflow/example_dags/example_task_group.py took 0.149 seconds
[2024-04-26T21:27:13.697-0300] {processor.py:161} INFO - Started process (PID=17935) to work on /home/athlon/projects/airflow/.venv/lib/python3.11/site-packages/airflow/example_dags/example_task_group.py
[2024-04-26T21:27:13.699-0300] {processor.py:830} INFO - Processing file /home/athlon/projects/airflow/.venv/lib/python3.11/site-packages/airflow/example_dags/example_task_group.py for tasks to queue
[2024-04-26T21:27:13.701-0300] {logging_mixin.py:188} INFO - [2024-04-26T21:27:13.701-0300] {dagbag.py:540} INFO - Filling up the DagBag from /home/athlon/projects/airflow/.venv/lib/python3.11/site-packages/airflow/example_dags/example_task_group.py
[2024-04-26T21:27:13.714-0300] {processor.py:840} INFO - DAG(s) 'example_task_group' retrieved from /home/athlon/projects/airflow/.venv/lib/python3.11/site-packages/airflow/example_dags/example_task_group.py
[2024-04-26T21:27:13.740-0300] {logging_mixin.py:188} INFO - [2024-04-26T21:27:13.740-0300] {dag.py:3096} INFO - Sync 1 DAGs
[2024-04-26T21:27:13.767-0300] {logging_mixin.py:188} INFO - [2024-04-26T21:27:13.767-0300] {dag.py:3954} INFO - Setting next_dagrun for example_task_group to 2024-04-26 00:00:00+00:00, run_after=2024-04-27 00:00:00+00:00
[2024-04-26T21:27:13.796-0300] {processor.py:183} INFO - Processing /home/athlon/projects/airflow/.venv/lib/python3.11/site-packages/airflow/example_dags/example_task_group.py took 0.110 seconds
[2024-04-26T21:28:12.655-0300] {processor.py:161} INFO - Started process (PID=18019) to work on /home/athlon/projects/airflow/.venv/lib/python3.11/site-packages/airflow/example_dags/example_task_group.py
[2024-04-26T21:28:12.660-0300] {processor.py:830} INFO - Processing file /home/athlon/projects/airflow/.venv/lib/python3.11/site-packages/airflow/example_dags/example_task_group.py for tasks to queue
[2024-04-26T21:28:12.663-0300] {logging_mixin.py:188} INFO - [2024-04-26T21:28:12.662-0300] {dagbag.py:540} INFO - Filling up the DagBag from /home/athlon/projects/airflow/.venv/lib/python3.11/site-packages/airflow/example_dags/example_task_group.py
[2024-04-26T21:28:12.674-0300] {processor.py:840} INFO - DAG(s) 'example_task_group' retrieved from /home/athlon/projects/airflow/.venv/lib/python3.11/site-packages/airflow/example_dags/example_task_group.py
[2024-04-26T21:28:12.699-0300] {logging_mixin.py:188} INFO - [2024-04-26T21:28:12.698-0300] {dag.py:3096} INFO - Sync 1 DAGs
[2024-04-26T21:28:12.728-0300] {logging_mixin.py:188} INFO - [2024-04-26T21:28:12.728-0300] {dag.py:3954} INFO - Setting next_dagrun for example_task_group to 2024-04-26 00:00:00+00:00, run_after=2024-04-27 00:00:00+00:00
[2024-04-26T21:28:12.758-0300] {processor.py:183} INFO - Processing /home/athlon/projects/airflow/.venv/lib/python3.11/site-packages/airflow/example_dags/example_task_group.py took 0.111 seconds
[2024-04-26T21:29:09.334-0300] {processor.py:161} INFO - Started process (PID=18593) to work on /home/athlon/projects/airflow/.venv/lib/python3.11/site-packages/airflow/example_dags/example_task_group.py
[2024-04-26T21:29:09.336-0300] {processor.py:830} INFO - Processing file /home/athlon/projects/airflow/.venv/lib/python3.11/site-packages/airflow/example_dags/example_task_group.py for tasks to queue
[2024-04-26T21:29:09.339-0300] {logging_mixin.py:188} INFO - [2024-04-26T21:29:09.338-0300] {dagbag.py:540} INFO - Filling up the DagBag from /home/athlon/projects/airflow/.venv/lib/python3.11/site-packages/airflow/example_dags/example_task_group.py
[2024-04-26T21:29:09.357-0300] {processor.py:840} INFO - DAG(s) 'example_task_group' retrieved from /home/athlon/projects/airflow/.venv/lib/python3.11/site-packages/airflow/example_dags/example_task_group.py
[2024-04-26T21:29:09.394-0300] {logging_mixin.py:188} INFO - [2024-04-26T21:29:09.393-0300] {dag.py:3096} INFO - Sync 1 DAGs
[2024-04-26T21:29:09.437-0300] {logging_mixin.py:188} INFO - [2024-04-26T21:29:09.436-0300] {dag.py:3954} INFO - Setting next_dagrun for example_task_group to 2024-04-26 00:00:00+00:00, run_after=2024-04-27 00:00:00+00:00
[2024-04-26T21:29:09.467-0300] {processor.py:183} INFO - Processing /home/athlon/projects/airflow/.venv/lib/python3.11/site-packages/airflow/example_dags/example_task_group.py took 0.146 seconds
[2024-04-26T21:30:12.048-0300] {processor.py:161} INFO - Started process (PID=18713) to work on /home/athlon/projects/airflow/.venv/lib/python3.11/site-packages/airflow/example_dags/example_task_group.py
[2024-04-26T21:30:12.054-0300] {processor.py:830} INFO - Processing file /home/athlon/projects/airflow/.venv/lib/python3.11/site-packages/airflow/example_dags/example_task_group.py for tasks to queue
[2024-04-26T21:30:12.057-0300] {logging_mixin.py:188} INFO - [2024-04-26T21:30:12.056-0300] {dagbag.py:540} INFO - Filling up the DagBag from /home/athlon/projects/airflow/.venv/lib/python3.11/site-packages/airflow/example_dags/example_task_group.py
[2024-04-26T21:30:12.071-0300] {processor.py:840} INFO - DAG(s) 'example_task_group' retrieved from /home/athlon/projects/airflow/.venv/lib/python3.11/site-packages/airflow/example_dags/example_task_group.py
[2024-04-26T21:30:12.098-0300] {logging_mixin.py:188} INFO - [2024-04-26T21:30:12.098-0300] {dag.py:3096} INFO - Sync 1 DAGs
[2024-04-26T21:30:12.276-0300] {logging_mixin.py:188} INFO - [2024-04-26T21:30:12.276-0300] {dag.py:3954} INFO - Setting next_dagrun for example_task_group to 2024-04-26 00:00:00+00:00, run_after=2024-04-27 00:00:00+00:00
[2024-04-26T21:30:12.308-0300] {processor.py:183} INFO - Processing /home/athlon/projects/airflow/.venv/lib/python3.11/site-packages/airflow/example_dags/example_task_group.py took 0.271 seconds
[2024-04-26T21:31:15.415-0300] {processor.py:161} INFO - Started process (PID=18789) to work on /home/athlon/projects/airflow/.venv/lib/python3.11/site-packages/airflow/example_dags/example_task_group.py
[2024-04-26T21:31:15.421-0300] {processor.py:830} INFO - Processing file /home/athlon/projects/airflow/.venv/lib/python3.11/site-packages/airflow/example_dags/example_task_group.py for tasks to queue
[2024-04-26T21:31:15.423-0300] {logging_mixin.py:188} INFO - [2024-04-26T21:31:15.423-0300] {dagbag.py:540} INFO - Filling up the DagBag from /home/athlon/projects/airflow/.venv/lib/python3.11/site-packages/airflow/example_dags/example_task_group.py
[2024-04-26T21:31:15.436-0300] {processor.py:840} INFO - DAG(s) 'example_task_group' retrieved from /home/athlon/projects/airflow/.venv/lib/python3.11/site-packages/airflow/example_dags/example_task_group.py
[2024-04-26T21:31:15.463-0300] {logging_mixin.py:188} INFO - [2024-04-26T21:31:15.462-0300] {dag.py:3096} INFO - Sync 1 DAGs
[2024-04-26T21:31:15.491-0300] {logging_mixin.py:188} INFO - [2024-04-26T21:31:15.491-0300] {dag.py:3954} INFO - Setting next_dagrun for example_task_group to 2024-04-26 00:00:00+00:00, run_after=2024-04-27 00:00:00+00:00
[2024-04-26T21:31:15.520-0300] {processor.py:183} INFO - Processing /home/athlon/projects/airflow/.venv/lib/python3.11/site-packages/airflow/example_dags/example_task_group.py took 0.115 seconds
[2024-04-26T21:32:15.823-0300] {processor.py:161} INFO - Started process (PID=18851) to work on /home/athlon/projects/airflow/.venv/lib/python3.11/site-packages/airflow/example_dags/example_task_group.py
[2024-04-26T21:32:15.829-0300] {processor.py:830} INFO - Processing file /home/athlon/projects/airflow/.venv/lib/python3.11/site-packages/airflow/example_dags/example_task_group.py for tasks to queue
[2024-04-26T21:32:15.832-0300] {logging_mixin.py:188} INFO - [2024-04-26T21:32:15.831-0300] {dagbag.py:540} INFO - Filling up the DagBag from /home/athlon/projects/airflow/.venv/lib/python3.11/site-packages/airflow/example_dags/example_task_group.py
[2024-04-26T21:32:15.844-0300] {processor.py:840} INFO - DAG(s) 'example_task_group' retrieved from /home/athlon/projects/airflow/.venv/lib/python3.11/site-packages/airflow/example_dags/example_task_group.py
[2024-04-26T21:32:15.870-0300] {logging_mixin.py:188} INFO - [2024-04-26T21:32:15.870-0300] {dag.py:3096} INFO - Sync 1 DAGs
[2024-04-26T21:32:15.899-0300] {logging_mixin.py:188} INFO - [2024-04-26T21:32:15.899-0300] {dag.py:3954} INFO - Setting next_dagrun for example_task_group to 2024-04-26 00:00:00+00:00, run_after=2024-04-27 00:00:00+00:00
[2024-04-26T21:32:15.927-0300] {processor.py:183} INFO - Processing /home/athlon/projects/airflow/.venv/lib/python3.11/site-packages/airflow/example_dags/example_task_group.py took 0.116 seconds
[2024-04-26T21:33:13.395-0300] {processor.py:161} INFO - Started process (PID=18904) to work on /home/athlon/projects/airflow/.venv/lib/python3.11/site-packages/airflow/example_dags/example_task_group.py
[2024-04-26T21:33:13.402-0300] {processor.py:830} INFO - Processing file /home/athlon/projects/airflow/.venv/lib/python3.11/site-packages/airflow/example_dags/example_task_group.py for tasks to queue
[2024-04-26T21:33:13.405-0300] {logging_mixin.py:188} INFO - [2024-04-26T21:33:13.404-0300] {dagbag.py:540} INFO - Filling up the DagBag from /home/athlon/projects/airflow/.venv/lib/python3.11/site-packages/airflow/example_dags/example_task_group.py
[2024-04-26T21:33:13.417-0300] {processor.py:840} INFO - DAG(s) 'example_task_group' retrieved from /home/athlon/projects/airflow/.venv/lib/python3.11/site-packages/airflow/example_dags/example_task_group.py
[2024-04-26T21:33:13.444-0300] {logging_mixin.py:188} INFO - [2024-04-26T21:33:13.443-0300] {dag.py:3096} INFO - Sync 1 DAGs
[2024-04-26T21:33:13.472-0300] {logging_mixin.py:188} INFO - [2024-04-26T21:33:13.472-0300] {dag.py:3954} INFO - Setting next_dagrun for example_task_group to 2024-04-26 00:00:00+00:00, run_after=2024-04-27 00:00:00+00:00
[2024-04-26T21:33:13.504-0300] {processor.py:183} INFO - Processing /home/athlon/projects/airflow/.venv/lib/python3.11/site-packages/airflow/example_dags/example_task_group.py took 0.119 seconds
[2024-04-26T21:34:14.897-0300] {processor.py:161} INFO - Started process (PID=19142) to work on /home/athlon/projects/airflow/.venv/lib/python3.11/site-packages/airflow/example_dags/example_task_group.py
[2024-04-26T21:34:14.904-0300] {processor.py:830} INFO - Processing file /home/athlon/projects/airflow/.venv/lib/python3.11/site-packages/airflow/example_dags/example_task_group.py for tasks to queue
[2024-04-26T21:34:14.906-0300] {logging_mixin.py:188} INFO - [2024-04-26T21:34:14.906-0300] {dagbag.py:540} INFO - Filling up the DagBag from /home/athlon/projects/airflow/.venv/lib/python3.11/site-packages/airflow/example_dags/example_task_group.py
[2024-04-26T21:34:14.919-0300] {processor.py:840} INFO - DAG(s) 'example_task_group' retrieved from /home/athlon/projects/airflow/.venv/lib/python3.11/site-packages/airflow/example_dags/example_task_group.py
[2024-04-26T21:34:14.946-0300] {logging_mixin.py:188} INFO - [2024-04-26T21:34:14.945-0300] {dag.py:3096} INFO - Sync 1 DAGs
[2024-04-26T21:34:14.973-0300] {logging_mixin.py:188} INFO - [2024-04-26T21:34:14.973-0300] {dag.py:3954} INFO - Setting next_dagrun for example_task_group to 2024-04-26 00:00:00+00:00, run_after=2024-04-27 00:00:00+00:00
[2024-04-26T21:34:15.005-0300] {processor.py:183} INFO - Processing /home/athlon/projects/airflow/.venv/lib/python3.11/site-packages/airflow/example_dags/example_task_group.py took 0.119 seconds
[2024-04-26T21:35:34.013-0300] {processor.py:161} INFO - Started process (PID=19221) to work on /home/athlon/projects/airflow/.venv/lib/python3.11/site-packages/airflow/example_dags/example_task_group.py
[2024-04-26T21:35:34.019-0300] {processor.py:830} INFO - Processing file /home/athlon/projects/airflow/.venv/lib/python3.11/site-packages/airflow/example_dags/example_task_group.py for tasks to queue
[2024-04-26T21:35:34.023-0300] {logging_mixin.py:188} INFO - [2024-04-26T21:35:34.022-0300] {dagbag.py:540} INFO - Filling up the DagBag from /home/athlon/projects/airflow/.venv/lib/python3.11/site-packages/airflow/example_dags/example_task_group.py
[2024-04-26T21:35:34.035-0300] {processor.py:840} INFO - DAG(s) 'example_task_group' retrieved from /home/athlon/projects/airflow/.venv/lib/python3.11/site-packages/airflow/example_dags/example_task_group.py
[2024-04-26T21:35:34.061-0300] {logging_mixin.py:188} INFO - [2024-04-26T21:35:34.061-0300] {dag.py:3096} INFO - Sync 1 DAGs
[2024-04-26T21:35:34.089-0300] {logging_mixin.py:188} INFO - [2024-04-26T21:35:34.089-0300] {dag.py:3954} INFO - Setting next_dagrun for example_task_group to 2024-04-26 00:00:00+00:00, run_after=2024-04-27 00:00:00+00:00
[2024-04-26T21:35:34.117-0300] {processor.py:183} INFO - Processing /home/athlon/projects/airflow/.venv/lib/python3.11/site-packages/airflow/example_dags/example_task_group.py took 0.114 seconds
[2024-04-26T21:36:32.595-0300] {processor.py:161} INFO - Started process (PID=19287) to work on /home/athlon/projects/airflow/.venv/lib/python3.11/site-packages/airflow/example_dags/example_task_group.py
[2024-04-26T21:36:32.600-0300] {processor.py:830} INFO - Processing file /home/athlon/projects/airflow/.venv/lib/python3.11/site-packages/airflow/example_dags/example_task_group.py for tasks to queue
[2024-04-26T21:36:32.603-0300] {logging_mixin.py:188} INFO - [2024-04-26T21:36:32.602-0300] {dagbag.py:540} INFO - Filling up the DagBag from /home/athlon/projects/airflow/.venv/lib/python3.11/site-packages/airflow/example_dags/example_task_group.py
[2024-04-26T21:36:32.616-0300] {processor.py:840} INFO - DAG(s) 'example_task_group' retrieved from /home/athlon/projects/airflow/.venv/lib/python3.11/site-packages/airflow/example_dags/example_task_group.py
[2024-04-26T21:36:32.643-0300] {logging_mixin.py:188} INFO - [2024-04-26T21:36:32.642-0300] {dag.py:3096} INFO - Sync 1 DAGs
[2024-04-26T21:36:32.671-0300] {logging_mixin.py:188} INFO - [2024-04-26T21:36:32.670-0300] {dag.py:3954} INFO - Setting next_dagrun for example_task_group to 2024-04-26 00:00:00+00:00, run_after=2024-04-27 00:00:00+00:00
[2024-04-26T21:36:32.700-0300] {processor.py:183} INFO - Processing /home/athlon/projects/airflow/.venv/lib/python3.11/site-packages/airflow/example_dags/example_task_group.py took 0.116 seconds
[2024-04-26T21:37:31.421-0300] {processor.py:161} INFO - Started process (PID=19353) to work on /home/athlon/projects/airflow/.venv/lib/python3.11/site-packages/airflow/example_dags/example_task_group.py
[2024-04-26T21:37:31.427-0300] {processor.py:830} INFO - Processing file /home/athlon/projects/airflow/.venv/lib/python3.11/site-packages/airflow/example_dags/example_task_group.py for tasks to queue
[2024-04-26T21:37:31.429-0300] {logging_mixin.py:188} INFO - [2024-04-26T21:37:31.429-0300] {dagbag.py:540} INFO - Filling up the DagBag from /home/athlon/projects/airflow/.venv/lib/python3.11/site-packages/airflow/example_dags/example_task_group.py
[2024-04-26T21:37:31.442-0300] {processor.py:840} INFO - DAG(s) 'example_task_group' retrieved from /home/athlon/projects/airflow/.venv/lib/python3.11/site-packages/airflow/example_dags/example_task_group.py
[2024-04-26T21:37:31.469-0300] {logging_mixin.py:188} INFO - [2024-04-26T21:37:31.469-0300] {dag.py:3096} INFO - Sync 1 DAGs
[2024-04-26T21:37:31.497-0300] {logging_mixin.py:188} INFO - [2024-04-26T21:37:31.497-0300] {dag.py:3954} INFO - Setting next_dagrun for example_task_group to 2024-04-26 00:00:00+00:00, run_after=2024-04-27 00:00:00+00:00
[2024-04-26T21:37:31.526-0300] {processor.py:183} INFO - Processing /home/athlon/projects/airflow/.venv/lib/python3.11/site-packages/airflow/example_dags/example_task_group.py took 0.115 seconds
[2024-04-26T21:38:30.141-0300] {processor.py:161} INFO - Started process (PID=19420) to work on /home/athlon/projects/airflow/.venv/lib/python3.11/site-packages/airflow/example_dags/example_task_group.py
[2024-04-26T21:38:30.147-0300] {processor.py:830} INFO - Processing file /home/athlon/projects/airflow/.venv/lib/python3.11/site-packages/airflow/example_dags/example_task_group.py for tasks to queue
[2024-04-26T21:38:30.150-0300] {logging_mixin.py:188} INFO - [2024-04-26T21:38:30.149-0300] {dagbag.py:540} INFO - Filling up the DagBag from /home/athlon/projects/airflow/.venv/lib/python3.11/site-packages/airflow/example_dags/example_task_group.py
[2024-04-26T21:38:30.164-0300] {processor.py:840} INFO - DAG(s) 'example_task_group' retrieved from /home/athlon/projects/airflow/.venv/lib/python3.11/site-packages/airflow/example_dags/example_task_group.py
[2024-04-26T21:38:30.190-0300] {logging_mixin.py:188} INFO - [2024-04-26T21:38:30.190-0300] {dag.py:3096} INFO - Sync 1 DAGs
[2024-04-26T21:38:30.219-0300] {logging_mixin.py:188} INFO - [2024-04-26T21:38:30.219-0300] {dag.py:3954} INFO - Setting next_dagrun for example_task_group to 2024-04-26 00:00:00+00:00, run_after=2024-04-27 00:00:00+00:00
[2024-04-26T21:38:30.248-0300] {processor.py:183} INFO - Processing /home/athlon/projects/airflow/.venv/lib/python3.11/site-packages/airflow/example_dags/example_task_group.py took 0.118 seconds
[2024-04-26T21:39:29.339-0300] {processor.py:161} INFO - Started process (PID=19521) to work on /home/athlon/projects/airflow/.venv/lib/python3.11/site-packages/airflow/example_dags/example_task_group.py
[2024-04-26T21:39:29.344-0300] {processor.py:830} INFO - Processing file /home/athlon/projects/airflow/.venv/lib/python3.11/site-packages/airflow/example_dags/example_task_group.py for tasks to queue
[2024-04-26T21:39:29.347-0300] {logging_mixin.py:188} INFO - [2024-04-26T21:39:29.346-0300] {dagbag.py:540} INFO - Filling up the DagBag from /home/athlon/projects/airflow/.venv/lib/python3.11/site-packages/airflow/example_dags/example_task_group.py
[2024-04-26T21:39:29.360-0300] {processor.py:840} INFO - DAG(s) 'example_task_group' retrieved from /home/athlon/projects/airflow/.venv/lib/python3.11/site-packages/airflow/example_dags/example_task_group.py
[2024-04-26T21:39:29.387-0300] {logging_mixin.py:188} INFO - [2024-04-26T21:39:29.386-0300] {dag.py:3096} INFO - Sync 1 DAGs
[2024-04-26T21:39:29.414-0300] {logging_mixin.py:188} INFO - [2024-04-26T21:39:29.414-0300] {dag.py:3954} INFO - Setting next_dagrun for example_task_group to 2024-04-26 00:00:00+00:00, run_after=2024-04-27 00:00:00+00:00
[2024-04-26T21:39:29.443-0300] {processor.py:183} INFO - Processing /home/athlon/projects/airflow/.venv/lib/python3.11/site-packages/airflow/example_dags/example_task_group.py took 0.114 seconds
[2024-04-26T21:40:31.103-0300] {processor.py:161} INFO - Started process (PID=19660) to work on /home/athlon/projects/airflow/.venv/lib/python3.11/site-packages/airflow/example_dags/example_task_group.py
[2024-04-26T21:40:31.108-0300] {processor.py:830} INFO - Processing file /home/athlon/projects/airflow/.venv/lib/python3.11/site-packages/airflow/example_dags/example_task_group.py for tasks to queue
[2024-04-26T21:40:31.111-0300] {logging_mixin.py:188} INFO - [2024-04-26T21:40:31.111-0300] {dagbag.py:540} INFO - Filling up the DagBag from /home/athlon/projects/airflow/.venv/lib/python3.11/site-packages/airflow/example_dags/example_task_group.py
[2024-04-26T21:40:31.127-0300] {processor.py:840} INFO - DAG(s) 'example_task_group' retrieved from /home/athlon/projects/airflow/.venv/lib/python3.11/site-packages/airflow/example_dags/example_task_group.py
[2024-04-26T21:40:31.155-0300] {logging_mixin.py:188} INFO - [2024-04-26T21:40:31.155-0300] {dag.py:3096} INFO - Sync 1 DAGs
[2024-04-26T21:40:31.187-0300] {logging_mixin.py:188} INFO - [2024-04-26T21:40:31.186-0300] {dag.py:3954} INFO - Setting next_dagrun for example_task_group to 2024-04-26 00:00:00+00:00, run_after=2024-04-27 00:00:00+00:00
[2024-04-26T21:40:31.219-0300] {processor.py:183} INFO - Processing /home/athlon/projects/airflow/.venv/lib/python3.11/site-packages/airflow/example_dags/example_task_group.py took 0.127 seconds
[2024-04-26T21:41:28.248-0300] {processor.py:161} INFO - Started process (PID=19759) to work on /home/athlon/projects/airflow/.venv/lib/python3.11/site-packages/airflow/example_dags/example_task_group.py
[2024-04-26T21:41:28.250-0300] {processor.py:830} INFO - Processing file /home/athlon/projects/airflow/.venv/lib/python3.11/site-packages/airflow/example_dags/example_task_group.py for tasks to queue
[2024-04-26T21:41:28.252-0300] {logging_mixin.py:188} INFO - [2024-04-26T21:41:28.252-0300] {dagbag.py:540} INFO - Filling up the DagBag from /home/athlon/projects/airflow/.venv/lib/python3.11/site-packages/airflow/example_dags/example_task_group.py
[2024-04-26T21:41:28.265-0300] {processor.py:840} INFO - DAG(s) 'example_task_group' retrieved from /home/athlon/projects/airflow/.venv/lib/python3.11/site-packages/airflow/example_dags/example_task_group.py
[2024-04-26T21:41:28.289-0300] {logging_mixin.py:188} INFO - [2024-04-26T21:41:28.289-0300] {dag.py:3096} INFO - Sync 1 DAGs
[2024-04-26T21:41:28.318-0300] {logging_mixin.py:188} INFO - [2024-04-26T21:41:28.318-0300] {dag.py:3954} INFO - Setting next_dagrun for example_task_group to 2024-04-26 00:00:00+00:00, run_after=2024-04-27 00:00:00+00:00
[2024-04-26T21:41:28.347-0300] {processor.py:183} INFO - Processing /home/athlon/projects/airflow/.venv/lib/python3.11/site-packages/airflow/example_dags/example_task_group.py took 0.109 seconds
[2024-04-26T21:42:25.755-0300] {processor.py:161} INFO - Started process (PID=19832) to work on /home/athlon/projects/airflow/.venv/lib/python3.11/site-packages/airflow/example_dags/example_task_group.py
[2024-04-26T21:42:25.759-0300] {processor.py:830} INFO - Processing file /home/athlon/projects/airflow/.venv/lib/python3.11/site-packages/airflow/example_dags/example_task_group.py for tasks to queue
[2024-04-26T21:42:25.763-0300] {logging_mixin.py:188} INFO - [2024-04-26T21:42:25.762-0300] {dagbag.py:540} INFO - Filling up the DagBag from /home/athlon/projects/airflow/.venv/lib/python3.11/site-packages/airflow/example_dags/example_task_group.py
[2024-04-26T21:42:25.784-0300] {processor.py:840} INFO - DAG(s) 'example_task_group' retrieved from /home/athlon/projects/airflow/.venv/lib/python3.11/site-packages/airflow/example_dags/example_task_group.py
[2024-04-26T21:42:25.825-0300] {logging_mixin.py:188} INFO - [2024-04-26T21:42:25.824-0300] {dag.py:3096} INFO - Sync 1 DAGs
[2024-04-26T21:42:25.872-0300] {logging_mixin.py:188} INFO - [2024-04-26T21:42:25.871-0300] {dag.py:3954} INFO - Setting next_dagrun for example_task_group to 2024-04-26 00:00:00+00:00, run_after=2024-04-27 00:00:00+00:00
[2024-04-26T21:42:25.917-0300] {processor.py:183} INFO - Processing /home/athlon/projects/airflow/.venv/lib/python3.11/site-packages/airflow/example_dags/example_task_group.py took 0.175 seconds
[2024-04-26T21:43:27.239-0300] {processor.py:161} INFO - Started process (PID=19899) to work on /home/athlon/projects/airflow/.venv/lib/python3.11/site-packages/airflow/example_dags/example_task_group.py
[2024-04-26T21:43:27.245-0300] {processor.py:830} INFO - Processing file /home/athlon/projects/airflow/.venv/lib/python3.11/site-packages/airflow/example_dags/example_task_group.py for tasks to queue
[2024-04-26T21:43:27.248-0300] {logging_mixin.py:188} INFO - [2024-04-26T21:43:27.247-0300] {dagbag.py:540} INFO - Filling up the DagBag from /home/athlon/projects/airflow/.venv/lib/python3.11/site-packages/airflow/example_dags/example_task_group.py
[2024-04-26T21:43:27.261-0300] {processor.py:840} INFO - DAG(s) 'example_task_group' retrieved from /home/athlon/projects/airflow/.venv/lib/python3.11/site-packages/airflow/example_dags/example_task_group.py
[2024-04-26T21:43:27.288-0300] {logging_mixin.py:188} INFO - [2024-04-26T21:43:27.288-0300] {dag.py:3096} INFO - Sync 1 DAGs
[2024-04-26T21:43:27.317-0300] {logging_mixin.py:188} INFO - [2024-04-26T21:43:27.317-0300] {dag.py:3954} INFO - Setting next_dagrun for example_task_group to 2024-04-26 00:00:00+00:00, run_after=2024-04-27 00:00:00+00:00
[2024-04-26T21:43:27.346-0300] {processor.py:183} INFO - Processing /home/athlon/projects/airflow/.venv/lib/python3.11/site-packages/airflow/example_dags/example_task_group.py took 0.117 seconds
[2024-04-26T21:44:21.725-0300] {processor.py:161} INFO - Started process (PID=19967) to work on /home/athlon/projects/airflow/.venv/lib/python3.11/site-packages/airflow/example_dags/example_task_group.py
[2024-04-26T21:44:21.727-0300] {processor.py:830} INFO - Processing file /home/athlon/projects/airflow/.venv/lib/python3.11/site-packages/airflow/example_dags/example_task_group.py for tasks to queue
[2024-04-26T21:44:21.730-0300] {logging_mixin.py:188} INFO - [2024-04-26T21:44:21.730-0300] {dagbag.py:540} INFO - Filling up the DagBag from /home/athlon/projects/airflow/.venv/lib/python3.11/site-packages/airflow/example_dags/example_task_group.py
[2024-04-26T21:44:21.748-0300] {processor.py:840} INFO - DAG(s) 'example_task_group' retrieved from /home/athlon/projects/airflow/.venv/lib/python3.11/site-packages/airflow/example_dags/example_task_group.py
[2024-04-26T21:44:21.775-0300] {logging_mixin.py:188} INFO - [2024-04-26T21:44:21.775-0300] {dag.py:3096} INFO - Sync 1 DAGs
[2024-04-26T21:44:21.804-0300] {logging_mixin.py:188} INFO - [2024-04-26T21:44:21.803-0300] {dag.py:3954} INFO - Setting next_dagrun for example_task_group to 2024-04-26 00:00:00+00:00, run_after=2024-04-27 00:00:00+00:00
[2024-04-26T21:44:21.832-0300] {processor.py:183} INFO - Processing /home/athlon/projects/airflow/.venv/lib/python3.11/site-packages/airflow/example_dags/example_task_group.py took 0.117 seconds
[2024-04-26T21:45:14.394-0300] {processor.py:161} INFO - Started process (PID=20029) to work on /home/athlon/projects/airflow/.venv/lib/python3.11/site-packages/airflow/example_dags/example_task_group.py
[2024-04-26T21:45:14.400-0300] {processor.py:830} INFO - Processing file /home/athlon/projects/airflow/.venv/lib/python3.11/site-packages/airflow/example_dags/example_task_group.py for tasks to queue
[2024-04-26T21:45:14.403-0300] {logging_mixin.py:188} INFO - [2024-04-26T21:45:14.402-0300] {dagbag.py:540} INFO - Filling up the DagBag from /home/athlon/projects/airflow/.venv/lib/python3.11/site-packages/airflow/example_dags/example_task_group.py
[2024-04-26T21:45:14.416-0300] {processor.py:840} INFO - DAG(s) 'example_task_group' retrieved from /home/athlon/projects/airflow/.venv/lib/python3.11/site-packages/airflow/example_dags/example_task_group.py
[2024-04-26T21:45:14.443-0300] {logging_mixin.py:188} INFO - [2024-04-26T21:45:14.443-0300] {dag.py:3096} INFO - Sync 1 DAGs
[2024-04-26T21:45:14.471-0300] {logging_mixin.py:188} INFO - [2024-04-26T21:45:14.471-0300] {dag.py:3954} INFO - Setting next_dagrun for example_task_group to 2024-04-26 00:00:00+00:00, run_after=2024-04-27 00:00:00+00:00
[2024-04-26T21:45:14.500-0300] {processor.py:183} INFO - Processing /home/athlon/projects/airflow/.venv/lib/python3.11/site-packages/airflow/example_dags/example_task_group.py took 0.117 seconds
[2024-04-26T21:46:11.522-0300] {processor.py:161} INFO - Started process (PID=20093) to work on /home/athlon/projects/airflow/.venv/lib/python3.11/site-packages/airflow/example_dags/example_task_group.py
[2024-04-26T21:46:11.528-0300] {processor.py:830} INFO - Processing file /home/athlon/projects/airflow/.venv/lib/python3.11/site-packages/airflow/example_dags/example_task_group.py for tasks to queue
[2024-04-26T21:46:11.531-0300] {logging_mixin.py:188} INFO - [2024-04-26T21:46:11.530-0300] {dagbag.py:540} INFO - Filling up the DagBag from /home/athlon/projects/airflow/.venv/lib/python3.11/site-packages/airflow/example_dags/example_task_group.py
[2024-04-26T21:46:11.545-0300] {processor.py:840} INFO - DAG(s) 'example_task_group' retrieved from /home/athlon/projects/airflow/.venv/lib/python3.11/site-packages/airflow/example_dags/example_task_group.py
[2024-04-26T21:46:11.571-0300] {logging_mixin.py:188} INFO - [2024-04-26T21:46:11.571-0300] {dag.py:3096} INFO - Sync 1 DAGs
[2024-04-26T21:46:11.601-0300] {logging_mixin.py:188} INFO - [2024-04-26T21:46:11.601-0300] {dag.py:3954} INFO - Setting next_dagrun for example_task_group to 2024-04-26 00:00:00+00:00, run_after=2024-04-27 00:00:00+00:00
[2024-04-26T21:46:11.631-0300] {processor.py:183} INFO - Processing /home/athlon/projects/airflow/.venv/lib/python3.11/site-packages/airflow/example_dags/example_task_group.py took 0.119 seconds
[2024-04-26T21:47:10.278-0300] {processor.py:161} INFO - Started process (PID=20155) to work on /home/athlon/projects/airflow/.venv/lib/python3.11/site-packages/airflow/example_dags/example_task_group.py
[2024-04-26T21:47:10.284-0300] {processor.py:830} INFO - Processing file /home/athlon/projects/airflow/.venv/lib/python3.11/site-packages/airflow/example_dags/example_task_group.py for tasks to queue
[2024-04-26T21:47:10.287-0300] {logging_mixin.py:188} INFO - [2024-04-26T21:47:10.286-0300] {dagbag.py:540} INFO - Filling up the DagBag from /home/athlon/projects/airflow/.venv/lib/python3.11/site-packages/airflow/example_dags/example_task_group.py
[2024-04-26T21:47:10.300-0300] {processor.py:840} INFO - DAG(s) 'example_task_group' retrieved from /home/athlon/projects/airflow/.venv/lib/python3.11/site-packages/airflow/example_dags/example_task_group.py
[2024-04-26T21:47:10.327-0300] {logging_mixin.py:188} INFO - [2024-04-26T21:47:10.327-0300] {dag.py:3096} INFO - Sync 1 DAGs
[2024-04-26T21:47:10.355-0300] {logging_mixin.py:188} INFO - [2024-04-26T21:47:10.355-0300] {dag.py:3954} INFO - Setting next_dagrun for example_task_group to 2024-04-26 00:00:00+00:00, run_after=2024-04-27 00:00:00+00:00
[2024-04-26T21:47:10.395-0300] {processor.py:183} INFO - Processing /home/athlon/projects/airflow/.venv/lib/python3.11/site-packages/airflow/example_dags/example_task_group.py took 0.128 seconds
[2024-04-26T21:48:06.912-0300] {processor.py:161} INFO - Started process (PID=20221) to work on /home/athlon/projects/airflow/.venv/lib/python3.11/site-packages/airflow/example_dags/example_task_group.py
[2024-04-26T21:48:06.917-0300] {processor.py:830} INFO - Processing file /home/athlon/projects/airflow/.venv/lib/python3.11/site-packages/airflow/example_dags/example_task_group.py for tasks to queue
[2024-04-26T21:48:06.920-0300] {logging_mixin.py:188} INFO - [2024-04-26T21:48:06.919-0300] {dagbag.py:540} INFO - Filling up the DagBag from /home/athlon/projects/airflow/.venv/lib/python3.11/site-packages/airflow/example_dags/example_task_group.py
[2024-04-26T21:48:06.934-0300] {processor.py:840} INFO - DAG(s) 'example_task_group' retrieved from /home/athlon/projects/airflow/.venv/lib/python3.11/site-packages/airflow/example_dags/example_task_group.py
[2024-04-26T21:48:06.960-0300] {logging_mixin.py:188} INFO - [2024-04-26T21:48:06.959-0300] {dag.py:3096} INFO - Sync 1 DAGs
[2024-04-26T21:48:06.988-0300] {logging_mixin.py:188} INFO - [2024-04-26T21:48:06.988-0300] {dag.py:3954} INFO - Setting next_dagrun for example_task_group to 2024-04-26 00:00:00+00:00, run_after=2024-04-27 00:00:00+00:00
[2024-04-26T21:48:07.018-0300] {processor.py:183} INFO - Processing /home/athlon/projects/airflow/.venv/lib/python3.11/site-packages/airflow/example_dags/example_task_group.py took 0.117 seconds
[2024-04-26T21:49:02.734-0300] {processor.py:161} INFO - Started process (PID=20285) to work on /home/athlon/projects/airflow/.venv/lib/python3.11/site-packages/airflow/example_dags/example_task_group.py
[2024-04-26T21:49:02.740-0300] {processor.py:830} INFO - Processing file /home/athlon/projects/airflow/.venv/lib/python3.11/site-packages/airflow/example_dags/example_task_group.py for tasks to queue
[2024-04-26T21:49:02.743-0300] {logging_mixin.py:188} INFO - [2024-04-26T21:49:02.742-0300] {dagbag.py:540} INFO - Filling up the DagBag from /home/athlon/projects/airflow/.venv/lib/python3.11/site-packages/airflow/example_dags/example_task_group.py
[2024-04-26T21:49:02.756-0300] {processor.py:840} INFO - DAG(s) 'example_task_group' retrieved from /home/athlon/projects/airflow/.venv/lib/python3.11/site-packages/airflow/example_dags/example_task_group.py
[2024-04-26T21:49:02.785-0300] {logging_mixin.py:188} INFO - [2024-04-26T21:49:02.785-0300] {dag.py:3096} INFO - Sync 1 DAGs
[2024-04-26T21:49:02.815-0300] {logging_mixin.py:188} INFO - [2024-04-26T21:49:02.815-0300] {dag.py:3954} INFO - Setting next_dagrun for example_task_group to 2024-04-26 00:00:00+00:00, run_after=2024-04-27 00:00:00+00:00
[2024-04-26T21:49:02.845-0300] {processor.py:183} INFO - Processing /home/athlon/projects/airflow/.venv/lib/python3.11/site-packages/airflow/example_dags/example_task_group.py took 0.121 seconds
[2024-04-26T21:49:56.677-0300] {processor.py:161} INFO - Started process (PID=20352) to work on /home/athlon/projects/airflow/.venv/lib/python3.11/site-packages/airflow/example_dags/example_task_group.py
[2024-04-26T21:49:56.683-0300] {processor.py:830} INFO - Processing file /home/athlon/projects/airflow/.venv/lib/python3.11/site-packages/airflow/example_dags/example_task_group.py for tasks to queue
[2024-04-26T21:49:56.686-0300] {logging_mixin.py:188} INFO - [2024-04-26T21:49:56.685-0300] {dagbag.py:540} INFO - Filling up the DagBag from /home/athlon/projects/airflow/.venv/lib/python3.11/site-packages/airflow/example_dags/example_task_group.py
[2024-04-26T21:49:56.699-0300] {processor.py:840} INFO - DAG(s) 'example_task_group' retrieved from /home/athlon/projects/airflow/.venv/lib/python3.11/site-packages/airflow/example_dags/example_task_group.py
[2024-04-26T21:49:56.726-0300] {logging_mixin.py:188} INFO - [2024-04-26T21:49:56.726-0300] {dag.py:3096} INFO - Sync 1 DAGs
[2024-04-26T21:49:56.755-0300] {logging_mixin.py:188} INFO - [2024-04-26T21:49:56.755-0300] {dag.py:3954} INFO - Setting next_dagrun for example_task_group to 2024-04-26 00:00:00+00:00, run_after=2024-04-27 00:00:00+00:00
[2024-04-26T21:49:56.785-0300] {processor.py:183} INFO - Processing /home/athlon/projects/airflow/.venv/lib/python3.11/site-packages/airflow/example_dags/example_task_group.py took 0.118 seconds
[2024-04-26T21:50:54.374-0300] {processor.py:161} INFO - Started process (PID=20427) to work on /home/athlon/projects/airflow/.venv/lib/python3.11/site-packages/airflow/example_dags/example_task_group.py
[2024-04-26T21:50:54.380-0300] {processor.py:830} INFO - Processing file /home/athlon/projects/airflow/.venv/lib/python3.11/site-packages/airflow/example_dags/example_task_group.py for tasks to queue
[2024-04-26T21:50:54.383-0300] {logging_mixin.py:188} INFO - [2024-04-26T21:50:54.382-0300] {dagbag.py:540} INFO - Filling up the DagBag from /home/athlon/projects/airflow/.venv/lib/python3.11/site-packages/airflow/example_dags/example_task_group.py
[2024-04-26T21:50:54.397-0300] {processor.py:840} INFO - DAG(s) 'example_task_group' retrieved from /home/athlon/projects/airflow/.venv/lib/python3.11/site-packages/airflow/example_dags/example_task_group.py
[2024-04-26T21:50:54.424-0300] {logging_mixin.py:188} INFO - [2024-04-26T21:50:54.423-0300] {dag.py:3096} INFO - Sync 1 DAGs
[2024-04-26T21:50:54.457-0300] {logging_mixin.py:188} INFO - [2024-04-26T21:50:54.456-0300] {dag.py:3954} INFO - Setting next_dagrun for example_task_group to 2024-04-26 00:00:00+00:00, run_after=2024-04-27 00:00:00+00:00
[2024-04-26T21:50:54.487-0300] {processor.py:183} INFO - Processing /home/athlon/projects/airflow/.venv/lib/python3.11/site-packages/airflow/example_dags/example_task_group.py took 0.124 seconds
[2024-04-26T21:51:50.045-0300] {processor.py:161} INFO - Started process (PID=20490) to work on /home/athlon/projects/airflow/.venv/lib/python3.11/site-packages/airflow/example_dags/example_task_group.py
[2024-04-26T21:51:50.051-0300] {processor.py:830} INFO - Processing file /home/athlon/projects/airflow/.venv/lib/python3.11/site-packages/airflow/example_dags/example_task_group.py for tasks to queue
[2024-04-26T21:51:50.053-0300] {logging_mixin.py:188} INFO - [2024-04-26T21:51:50.053-0300] {dagbag.py:540} INFO - Filling up the DagBag from /home/athlon/projects/airflow/.venv/lib/python3.11/site-packages/airflow/example_dags/example_task_group.py
[2024-04-26T21:51:50.066-0300] {processor.py:840} INFO - DAG(s) 'example_task_group' retrieved from /home/athlon/projects/airflow/.venv/lib/python3.11/site-packages/airflow/example_dags/example_task_group.py
[2024-04-26T21:51:50.092-0300] {logging_mixin.py:188} INFO - [2024-04-26T21:51:50.091-0300] {dag.py:3096} INFO - Sync 1 DAGs
[2024-04-26T21:51:50.121-0300] {logging_mixin.py:188} INFO - [2024-04-26T21:51:50.120-0300] {dag.py:3954} INFO - Setting next_dagrun for example_task_group to 2024-04-26 00:00:00+00:00, run_after=2024-04-27 00:00:00+00:00
[2024-04-26T21:51:50.153-0300] {processor.py:183} INFO - Processing /home/athlon/projects/airflow/.venv/lib/python3.11/site-packages/airflow/example_dags/example_task_group.py took 0.117 seconds
[2024-04-26T21:52:46.834-0300] {processor.py:161} INFO - Started process (PID=20666) to work on /home/athlon/projects/airflow/.venv/lib/python3.11/site-packages/airflow/example_dags/example_task_group.py
[2024-04-26T21:52:46.840-0300] {processor.py:830} INFO - Processing file /home/athlon/projects/airflow/.venv/lib/python3.11/site-packages/airflow/example_dags/example_task_group.py for tasks to queue
[2024-04-26T21:52:46.843-0300] {logging_mixin.py:188} INFO - [2024-04-26T21:52:46.842-0300] {dagbag.py:540} INFO - Filling up the DagBag from /home/athlon/projects/airflow/.venv/lib/python3.11/site-packages/airflow/example_dags/example_task_group.py
[2024-04-26T21:52:46.858-0300] {processor.py:840} INFO - DAG(s) 'example_task_group' retrieved from /home/athlon/projects/airflow/.venv/lib/python3.11/site-packages/airflow/example_dags/example_task_group.py
[2024-04-26T21:52:46.885-0300] {logging_mixin.py:188} INFO - [2024-04-26T21:52:46.885-0300] {dag.py:3096} INFO - Sync 1 DAGs
[2024-04-26T21:52:46.914-0300] {logging_mixin.py:188} INFO - [2024-04-26T21:52:46.914-0300] {dag.py:3954} INFO - Setting next_dagrun for example_task_group to 2024-04-26 00:00:00+00:00, run_after=2024-04-27 00:00:00+00:00
[2024-04-26T21:52:46.945-0300] {processor.py:183} INFO - Processing /home/athlon/projects/airflow/.venv/lib/python3.11/site-packages/airflow/example_dags/example_task_group.py took 0.122 seconds
[2024-04-26T21:53:44.885-0300] {processor.py:161} INFO - Started process (PID=20730) to work on /home/athlon/projects/airflow/.venv/lib/python3.11/site-packages/airflow/example_dags/example_task_group.py
[2024-04-26T21:53:44.891-0300] {processor.py:830} INFO - Processing file /home/athlon/projects/airflow/.venv/lib/python3.11/site-packages/airflow/example_dags/example_task_group.py for tasks to queue
[2024-04-26T21:53:44.893-0300] {logging_mixin.py:188} INFO - [2024-04-26T21:53:44.893-0300] {dagbag.py:540} INFO - Filling up the DagBag from /home/athlon/projects/airflow/.venv/lib/python3.11/site-packages/airflow/example_dags/example_task_group.py
[2024-04-26T21:53:44.905-0300] {processor.py:840} INFO - DAG(s) 'example_task_group' retrieved from /home/athlon/projects/airflow/.venv/lib/python3.11/site-packages/airflow/example_dags/example_task_group.py
[2024-04-26T21:53:44.930-0300] {logging_mixin.py:188} INFO - [2024-04-26T21:53:44.929-0300] {dag.py:3096} INFO - Sync 1 DAGs
[2024-04-26T21:53:44.959-0300] {logging_mixin.py:188} INFO - [2024-04-26T21:53:44.959-0300] {dag.py:3954} INFO - Setting next_dagrun for example_task_group to 2024-04-26 00:00:00+00:00, run_after=2024-04-27 00:00:00+00:00
[2024-04-26T21:53:44.989-0300] {processor.py:183} INFO - Processing /home/athlon/projects/airflow/.venv/lib/python3.11/site-packages/airflow/example_dags/example_task_group.py took 0.113 seconds
[2024-04-26T21:54:44.044-0300] {processor.py:161} INFO - Started process (PID=20858) to work on /home/athlon/projects/airflow/.venv/lib/python3.11/site-packages/airflow/example_dags/example_task_group.py
[2024-04-26T21:54:44.050-0300] {processor.py:830} INFO - Processing file /home/athlon/projects/airflow/.venv/lib/python3.11/site-packages/airflow/example_dags/example_task_group.py for tasks to queue
[2024-04-26T21:54:44.054-0300] {logging_mixin.py:188} INFO - [2024-04-26T21:54:44.053-0300] {dagbag.py:540} INFO - Filling up the DagBag from /home/athlon/projects/airflow/.venv/lib/python3.11/site-packages/airflow/example_dags/example_task_group.py
[2024-04-26T21:54:44.070-0300] {processor.py:840} INFO - DAG(s) 'example_task_group' retrieved from /home/athlon/projects/airflow/.venv/lib/python3.11/site-packages/airflow/example_dags/example_task_group.py
[2024-04-26T21:54:44.100-0300] {logging_mixin.py:188} INFO - [2024-04-26T21:54:44.099-0300] {dag.py:3096} INFO - Sync 1 DAGs
[2024-04-26T21:54:44.134-0300] {logging_mixin.py:188} INFO - [2024-04-26T21:54:44.134-0300] {dag.py:3954} INFO - Setting next_dagrun for example_task_group to 2024-04-26 00:00:00+00:00, run_after=2024-04-27 00:00:00+00:00
[2024-04-26T21:54:44.170-0300] {processor.py:183} INFO - Processing /home/athlon/projects/airflow/.venv/lib/python3.11/site-packages/airflow/example_dags/example_task_group.py took 0.139 seconds
[2024-04-26T21:55:37.938-0300] {processor.py:161} INFO - Started process (PID=21547) to work on /home/athlon/projects/airflow/.venv/lib/python3.11/site-packages/airflow/example_dags/example_task_group.py
[2024-04-26T21:55:37.944-0300] {processor.py:830} INFO - Processing file /home/athlon/projects/airflow/.venv/lib/python3.11/site-packages/airflow/example_dags/example_task_group.py for tasks to queue
[2024-04-26T21:55:37.948-0300] {logging_mixin.py:188} INFO - [2024-04-26T21:55:37.947-0300] {dagbag.py:540} INFO - Filling up the DagBag from /home/athlon/projects/airflow/.venv/lib/python3.11/site-packages/airflow/example_dags/example_task_group.py
[2024-04-26T21:55:37.962-0300] {processor.py:840} INFO - DAG(s) 'example_task_group' retrieved from /home/athlon/projects/airflow/.venv/lib/python3.11/site-packages/airflow/example_dags/example_task_group.py
[2024-04-26T21:55:37.988-0300] {logging_mixin.py:188} INFO - [2024-04-26T21:55:37.988-0300] {dag.py:3096} INFO - Sync 1 DAGs
[2024-04-26T21:55:38.018-0300] {logging_mixin.py:188} INFO - [2024-04-26T21:55:38.018-0300] {dag.py:3954} INFO - Setting next_dagrun for example_task_group to 2024-04-26 00:00:00+00:00, run_after=2024-04-27 00:00:00+00:00
[2024-04-26T21:55:38.049-0300] {processor.py:183} INFO - Processing /home/athlon/projects/airflow/.venv/lib/python3.11/site-packages/airflow/example_dags/example_task_group.py took 0.122 seconds
[2024-04-26T21:56:39.913-0300] {processor.py:161} INFO - Started process (PID=21615) to work on /home/athlon/projects/airflow/.venv/lib/python3.11/site-packages/airflow/example_dags/example_task_group.py
[2024-04-26T21:56:39.920-0300] {processor.py:830} INFO - Processing file /home/athlon/projects/airflow/.venv/lib/python3.11/site-packages/airflow/example_dags/example_task_group.py for tasks to queue
[2024-04-26T21:56:39.923-0300] {logging_mixin.py:188} INFO - [2024-04-26T21:56:39.922-0300] {dagbag.py:540} INFO - Filling up the DagBag from /home/athlon/projects/airflow/.venv/lib/python3.11/site-packages/airflow/example_dags/example_task_group.py
[2024-04-26T21:56:39.942-0300] {processor.py:840} INFO - DAG(s) 'example_task_group' retrieved from /home/athlon/projects/airflow/.venv/lib/python3.11/site-packages/airflow/example_dags/example_task_group.py
[2024-04-26T21:56:39.970-0300] {logging_mixin.py:188} INFO - [2024-04-26T21:56:39.970-0300] {dag.py:3096} INFO - Sync 1 DAGs
[2024-04-26T21:56:40.003-0300] {logging_mixin.py:188} INFO - [2024-04-26T21:56:40.003-0300] {dag.py:3954} INFO - Setting next_dagrun for example_task_group to 2024-04-26 00:00:00+00:00, run_after=2024-04-27 00:00:00+00:00
[2024-04-26T21:56:40.037-0300] {processor.py:183} INFO - Processing /home/athlon/projects/airflow/.venv/lib/python3.11/site-packages/airflow/example_dags/example_task_group.py took 0.136 seconds
[2024-04-26T21:57:39.301-0300] {processor.py:161} INFO - Started process (PID=21863) to work on /home/athlon/projects/airflow/.venv/lib/python3.11/site-packages/airflow/example_dags/example_task_group.py
[2024-04-26T21:57:39.303-0300] {processor.py:830} INFO - Processing file /home/athlon/projects/airflow/.venv/lib/python3.11/site-packages/airflow/example_dags/example_task_group.py for tasks to queue
[2024-04-26T21:57:39.307-0300] {logging_mixin.py:188} INFO - [2024-04-26T21:57:39.306-0300] {dagbag.py:540} INFO - Filling up the DagBag from /home/athlon/projects/airflow/.venv/lib/python3.11/site-packages/airflow/example_dags/example_task_group.py
[2024-04-26T21:57:39.323-0300] {processor.py:840} INFO - DAG(s) 'example_task_group' retrieved from /home/athlon/projects/airflow/.venv/lib/python3.11/site-packages/airflow/example_dags/example_task_group.py
[2024-04-26T21:57:39.358-0300] {logging_mixin.py:188} INFO - [2024-04-26T21:57:39.357-0300] {dag.py:3096} INFO - Sync 1 DAGs
[2024-04-26T21:57:39.401-0300] {logging_mixin.py:188} INFO - [2024-04-26T21:57:39.400-0300] {dag.py:3954} INFO - Setting next_dagrun for example_task_group to 2024-04-26 00:00:00+00:00, run_after=2024-04-27 00:00:00+00:00
[2024-04-26T21:57:39.443-0300] {processor.py:183} INFO - Processing /home/athlon/projects/airflow/.venv/lib/python3.11/site-packages/airflow/example_dags/example_task_group.py took 0.157 seconds
[2024-04-26T21:58:38.086-0300] {processor.py:161} INFO - Started process (PID=22041) to work on /home/athlon/projects/airflow/.venv/lib/python3.11/site-packages/airflow/example_dags/example_task_group.py
[2024-04-26T21:58:38.092-0300] {processor.py:830} INFO - Processing file /home/athlon/projects/airflow/.venv/lib/python3.11/site-packages/airflow/example_dags/example_task_group.py for tasks to queue
[2024-04-26T21:58:38.095-0300] {logging_mixin.py:188} INFO - [2024-04-26T21:58:38.094-0300] {dagbag.py:540} INFO - Filling up the DagBag from /home/athlon/projects/airflow/.venv/lib/python3.11/site-packages/airflow/example_dags/example_task_group.py
[2024-04-26T21:58:38.108-0300] {processor.py:840} INFO - DAG(s) 'example_task_group' retrieved from /home/athlon/projects/airflow/.venv/lib/python3.11/site-packages/airflow/example_dags/example_task_group.py
[2024-04-26T21:58:38.134-0300] {logging_mixin.py:188} INFO - [2024-04-26T21:58:38.133-0300] {dag.py:3096} INFO - Sync 1 DAGs
[2024-04-26T21:58:38.165-0300] {logging_mixin.py:188} INFO - [2024-04-26T21:58:38.165-0300] {dag.py:3954} INFO - Setting next_dagrun for example_task_group to 2024-04-26 00:00:00+00:00, run_after=2024-04-27 00:00:00+00:00
[2024-04-26T21:58:38.197-0300] {processor.py:183} INFO - Processing /home/athlon/projects/airflow/.venv/lib/python3.11/site-packages/airflow/example_dags/example_task_group.py took 0.120 seconds
[2024-04-26T21:59:35.468-0300] {processor.py:161} INFO - Started process (PID=22227) to work on /home/athlon/projects/airflow/.venv/lib/python3.11/site-packages/airflow/example_dags/example_task_group.py
[2024-04-26T21:59:35.474-0300] {processor.py:830} INFO - Processing file /home/athlon/projects/airflow/.venv/lib/python3.11/site-packages/airflow/example_dags/example_task_group.py for tasks to queue
[2024-04-26T21:59:35.476-0300] {logging_mixin.py:188} INFO - [2024-04-26T21:59:35.476-0300] {dagbag.py:540} INFO - Filling up the DagBag from /home/athlon/projects/airflow/.venv/lib/python3.11/site-packages/airflow/example_dags/example_task_group.py
[2024-04-26T21:59:35.491-0300] {processor.py:840} INFO - DAG(s) 'example_task_group' retrieved from /home/athlon/projects/airflow/.venv/lib/python3.11/site-packages/airflow/example_dags/example_task_group.py
[2024-04-26T21:59:35.518-0300] {logging_mixin.py:188} INFO - [2024-04-26T21:59:35.518-0300] {dag.py:3096} INFO - Sync 1 DAGs
[2024-04-26T21:59:35.552-0300] {logging_mixin.py:188} INFO - [2024-04-26T21:59:35.552-0300] {dag.py:3954} INFO - Setting next_dagrun for example_task_group to 2024-04-26 00:00:00+00:00, run_after=2024-04-27 00:00:00+00:00
[2024-04-26T21:59:35.588-0300] {processor.py:183} INFO - Processing /home/athlon/projects/airflow/.venv/lib/python3.11/site-packages/airflow/example_dags/example_task_group.py took 0.130 seconds
[2024-04-26T22:00:37.311-0300] {processor.py:161} INFO - Started process (PID=22305) to work on /home/athlon/projects/airflow/.venv/lib/python3.11/site-packages/airflow/example_dags/example_task_group.py
[2024-04-26T22:00:37.317-0300] {processor.py:830} INFO - Processing file /home/athlon/projects/airflow/.venv/lib/python3.11/site-packages/airflow/example_dags/example_task_group.py for tasks to queue
[2024-04-26T22:00:37.322-0300] {logging_mixin.py:188} INFO - [2024-04-26T22:00:37.321-0300] {dagbag.py:540} INFO - Filling up the DagBag from /home/athlon/projects/airflow/.venv/lib/python3.11/site-packages/airflow/example_dags/example_task_group.py
[2024-04-26T22:00:37.335-0300] {processor.py:840} INFO - DAG(s) 'example_task_group' retrieved from /home/athlon/projects/airflow/.venv/lib/python3.11/site-packages/airflow/example_dags/example_task_group.py
[2024-04-26T22:00:37.362-0300] {logging_mixin.py:188} INFO - [2024-04-26T22:00:37.361-0300] {dag.py:3096} INFO - Sync 1 DAGs
[2024-04-26T22:00:37.392-0300] {logging_mixin.py:188} INFO - [2024-04-26T22:00:37.392-0300] {dag.py:3954} INFO - Setting next_dagrun for example_task_group to 2024-04-26 00:00:00+00:00, run_after=2024-04-27 00:00:00+00:00
[2024-04-26T22:00:37.422-0300] {processor.py:183} INFO - Processing /home/athlon/projects/airflow/.venv/lib/python3.11/site-packages/airflow/example_dags/example_task_group.py took 0.122 seconds
[2024-04-26T22:01:39.798-0300] {processor.py:161} INFO - Started process (PID=22375) to work on /home/athlon/projects/airflow/.venv/lib/python3.11/site-packages/airflow/example_dags/example_task_group.py
[2024-04-26T22:01:39.804-0300] {processor.py:830} INFO - Processing file /home/athlon/projects/airflow/.venv/lib/python3.11/site-packages/airflow/example_dags/example_task_group.py for tasks to queue
[2024-04-26T22:01:39.808-0300] {logging_mixin.py:188} INFO - [2024-04-26T22:01:39.807-0300] {dagbag.py:540} INFO - Filling up the DagBag from /home/athlon/projects/airflow/.venv/lib/python3.11/site-packages/airflow/example_dags/example_task_group.py
[2024-04-26T22:01:39.821-0300] {processor.py:840} INFO - DAG(s) 'example_task_group' retrieved from /home/athlon/projects/airflow/.venv/lib/python3.11/site-packages/airflow/example_dags/example_task_group.py
[2024-04-26T22:01:39.848-0300] {logging_mixin.py:188} INFO - [2024-04-26T22:01:39.847-0300] {dag.py:3096} INFO - Sync 1 DAGs
[2024-04-26T22:01:39.877-0300] {logging_mixin.py:188} INFO - [2024-04-26T22:01:39.877-0300] {dag.py:3954} INFO - Setting next_dagrun for example_task_group to 2024-04-26 00:00:00+00:00, run_after=2024-04-27 00:00:00+00:00
[2024-04-26T22:01:39.908-0300] {processor.py:183} INFO - Processing /home/athlon/projects/airflow/.venv/lib/python3.11/site-packages/airflow/example_dags/example_task_group.py took 0.120 seconds
[2024-04-26T22:02:44.303-0300] {processor.py:161} INFO - Started process (PID=22445) to work on /home/athlon/projects/airflow/.venv/lib/python3.11/site-packages/airflow/example_dags/example_task_group.py
[2024-04-26T22:02:44.309-0300] {processor.py:830} INFO - Processing file /home/athlon/projects/airflow/.venv/lib/python3.11/site-packages/airflow/example_dags/example_task_group.py for tasks to queue
[2024-04-26T22:02:44.313-0300] {logging_mixin.py:188} INFO - [2024-04-26T22:02:44.312-0300] {dagbag.py:540} INFO - Filling up the DagBag from /home/athlon/projects/airflow/.venv/lib/python3.11/site-packages/airflow/example_dags/example_task_group.py
[2024-04-26T22:02:44.325-0300] {processor.py:840} INFO - DAG(s) 'example_task_group' retrieved from /home/athlon/projects/airflow/.venv/lib/python3.11/site-packages/airflow/example_dags/example_task_group.py
[2024-04-26T22:02:44.352-0300] {logging_mixin.py:188} INFO - [2024-04-26T22:02:44.352-0300] {dag.py:3096} INFO - Sync 1 DAGs
[2024-04-26T22:02:44.389-0300] {logging_mixin.py:188} INFO - [2024-04-26T22:02:44.388-0300] {dag.py:3954} INFO - Setting next_dagrun for example_task_group to 2024-04-26 00:00:00+00:00, run_after=2024-04-27 00:00:00+00:00
[2024-04-26T22:02:44.426-0300] {processor.py:183} INFO - Processing /home/athlon/projects/airflow/.venv/lib/python3.11/site-packages/airflow/example_dags/example_task_group.py took 0.132 seconds
[2024-04-26T22:03:45.859-0300] {processor.py:161} INFO - Started process (PID=22524) to work on /home/athlon/projects/airflow/.venv/lib/python3.11/site-packages/airflow/example_dags/example_task_group.py
[2024-04-26T22:03:45.864-0300] {processor.py:830} INFO - Processing file /home/athlon/projects/airflow/.venv/lib/python3.11/site-packages/airflow/example_dags/example_task_group.py for tasks to queue
[2024-04-26T22:03:45.868-0300] {logging_mixin.py:188} INFO - [2024-04-26T22:03:45.868-0300] {dagbag.py:540} INFO - Filling up the DagBag from /home/athlon/projects/airflow/.venv/lib/python3.11/site-packages/airflow/example_dags/example_task_group.py
[2024-04-26T22:03:45.882-0300] {processor.py:840} INFO - DAG(s) 'example_task_group' retrieved from /home/athlon/projects/airflow/.venv/lib/python3.11/site-packages/airflow/example_dags/example_task_group.py
[2024-04-26T22:03:45.909-0300] {logging_mixin.py:188} INFO - [2024-04-26T22:03:45.909-0300] {dag.py:3096} INFO - Sync 1 DAGs
[2024-04-26T22:03:45.939-0300] {logging_mixin.py:188} INFO - [2024-04-26T22:03:45.939-0300] {dag.py:3954} INFO - Setting next_dagrun for example_task_group to 2024-04-26 00:00:00+00:00, run_after=2024-04-27 00:00:00+00:00
[2024-04-26T22:03:45.975-0300] {processor.py:183} INFO - Processing /home/athlon/projects/airflow/.venv/lib/python3.11/site-packages/airflow/example_dags/example_task_group.py took 0.128 seconds
[2024-04-26T22:04:42.702-0300] {processor.py:161} INFO - Started process (PID=22666) to work on /home/athlon/projects/airflow/.venv/lib/python3.11/site-packages/airflow/example_dags/example_task_group.py
[2024-04-26T22:04:42.704-0300] {processor.py:830} INFO - Processing file /home/athlon/projects/airflow/.venv/lib/python3.11/site-packages/airflow/example_dags/example_task_group.py for tasks to queue
[2024-04-26T22:04:42.708-0300] {logging_mixin.py:188} INFO - [2024-04-26T22:04:42.707-0300] {dagbag.py:540} INFO - Filling up the DagBag from /home/athlon/projects/airflow/.venv/lib/python3.11/site-packages/airflow/example_dags/example_task_group.py
[2024-04-26T22:04:42.724-0300] {processor.py:840} INFO - DAG(s) 'example_task_group' retrieved from /home/athlon/projects/airflow/.venv/lib/python3.11/site-packages/airflow/example_dags/example_task_group.py
[2024-04-26T22:04:42.749-0300] {logging_mixin.py:188} INFO - [2024-04-26T22:04:42.749-0300] {dag.py:3096} INFO - Sync 1 DAGs
[2024-04-26T22:04:42.779-0300] {logging_mixin.py:188} INFO - [2024-04-26T22:04:42.779-0300] {dag.py:3954} INFO - Setting next_dagrun for example_task_group to 2024-04-26 00:00:00+00:00, run_after=2024-04-27 00:00:00+00:00
[2024-04-26T22:04:42.811-0300] {processor.py:183} INFO - Processing /home/athlon/projects/airflow/.venv/lib/python3.11/site-packages/airflow/example_dags/example_task_group.py took 0.123 seconds
[2024-04-26T22:05:41.276-0300] {processor.py:161} INFO - Started process (PID=22738) to work on /home/athlon/projects/airflow/.venv/lib/python3.11/site-packages/airflow/example_dags/example_task_group.py
[2024-04-26T22:05:41.282-0300] {processor.py:830} INFO - Processing file /home/athlon/projects/airflow/.venv/lib/python3.11/site-packages/airflow/example_dags/example_task_group.py for tasks to queue
[2024-04-26T22:05:41.286-0300] {logging_mixin.py:188} INFO - [2024-04-26T22:05:41.286-0300] {dagbag.py:540} INFO - Filling up the DagBag from /home/athlon/projects/airflow/.venv/lib/python3.11/site-packages/airflow/example_dags/example_task_group.py
[2024-04-26T22:05:41.300-0300] {processor.py:840} INFO - DAG(s) 'example_task_group' retrieved from /home/athlon/projects/airflow/.venv/lib/python3.11/site-packages/airflow/example_dags/example_task_group.py
[2024-04-26T22:05:41.328-0300] {logging_mixin.py:188} INFO - [2024-04-26T22:05:41.327-0300] {dag.py:3096} INFO - Sync 1 DAGs
[2024-04-26T22:05:41.358-0300] {logging_mixin.py:188} INFO - [2024-04-26T22:05:41.357-0300] {dag.py:3954} INFO - Setting next_dagrun for example_task_group to 2024-04-26 00:00:00+00:00, run_after=2024-04-27 00:00:00+00:00
[2024-04-26T22:05:41.388-0300] {processor.py:183} INFO - Processing /home/athlon/projects/airflow/.venv/lib/python3.11/site-packages/airflow/example_dags/example_task_group.py took 0.123 seconds
[2024-04-26T22:06:40.909-0300] {processor.py:161} INFO - Started process (PID=22803) to work on /home/athlon/projects/airflow/.venv/lib/python3.11/site-packages/airflow/example_dags/example_task_group.py
[2024-04-26T22:06:40.915-0300] {processor.py:830} INFO - Processing file /home/athlon/projects/airflow/.venv/lib/python3.11/site-packages/airflow/example_dags/example_task_group.py for tasks to queue
[2024-04-26T22:06:40.918-0300] {logging_mixin.py:188} INFO - [2024-04-26T22:06:40.917-0300] {dagbag.py:540} INFO - Filling up the DagBag from /home/athlon/projects/airflow/.venv/lib/python3.11/site-packages/airflow/example_dags/example_task_group.py
[2024-04-26T22:06:40.933-0300] {processor.py:840} INFO - DAG(s) 'example_task_group' retrieved from /home/athlon/projects/airflow/.venv/lib/python3.11/site-packages/airflow/example_dags/example_task_group.py
[2024-04-26T22:06:40.960-0300] {logging_mixin.py:188} INFO - [2024-04-26T22:06:40.960-0300] {dag.py:3096} INFO - Sync 1 DAGs
[2024-04-26T22:06:40.990-0300] {logging_mixin.py:188} INFO - [2024-04-26T22:06:40.989-0300] {dag.py:3954} INFO - Setting next_dagrun for example_task_group to 2024-04-26 00:00:00+00:00, run_after=2024-04-27 00:00:00+00:00
[2024-04-26T22:06:41.022-0300] {processor.py:183} INFO - Processing /home/athlon/projects/airflow/.venv/lib/python3.11/site-packages/airflow/example_dags/example_task_group.py took 0.124 seconds
[2024-04-26T22:07:40.832-0300] {processor.py:161} INFO - Started process (PID=22870) to work on /home/athlon/projects/airflow/.venv/lib/python3.11/site-packages/airflow/example_dags/example_task_group.py
[2024-04-26T22:07:40.838-0300] {processor.py:830} INFO - Processing file /home/athlon/projects/airflow/.venv/lib/python3.11/site-packages/airflow/example_dags/example_task_group.py for tasks to queue
[2024-04-26T22:07:40.841-0300] {logging_mixin.py:188} INFO - [2024-04-26T22:07:40.840-0300] {dagbag.py:540} INFO - Filling up the DagBag from /home/athlon/projects/airflow/.venv/lib/python3.11/site-packages/airflow/example_dags/example_task_group.py
[2024-04-26T22:07:40.856-0300] {processor.py:840} INFO - DAG(s) 'example_task_group' retrieved from /home/athlon/projects/airflow/.venv/lib/python3.11/site-packages/airflow/example_dags/example_task_group.py
[2024-04-26T22:07:40.883-0300] {logging_mixin.py:188} INFO - [2024-04-26T22:07:40.883-0300] {dag.py:3096} INFO - Sync 1 DAGs
[2024-04-26T22:07:40.914-0300] {logging_mixin.py:188} INFO - [2024-04-26T22:07:40.914-0300] {dag.py:3954} INFO - Setting next_dagrun for example_task_group to 2024-04-26 00:00:00+00:00, run_after=2024-04-27 00:00:00+00:00
[2024-04-26T22:07:40.945-0300] {processor.py:183} INFO - Processing /home/athlon/projects/airflow/.venv/lib/python3.11/site-packages/airflow/example_dags/example_task_group.py took 0.124 seconds
[2024-04-26T22:08:42.249-0300] {processor.py:161} INFO - Started process (PID=22938) to work on /home/athlon/projects/airflow/.venv/lib/python3.11/site-packages/airflow/example_dags/example_task_group.py
[2024-04-26T22:08:42.255-0300] {processor.py:830} INFO - Processing file /home/athlon/projects/airflow/.venv/lib/python3.11/site-packages/airflow/example_dags/example_task_group.py for tasks to queue
[2024-04-26T22:08:42.259-0300] {logging_mixin.py:188} INFO - [2024-04-26T22:08:42.258-0300] {dagbag.py:540} INFO - Filling up the DagBag from /home/athlon/projects/airflow/.venv/lib/python3.11/site-packages/airflow/example_dags/example_task_group.py
[2024-04-26T22:08:42.273-0300] {processor.py:840} INFO - DAG(s) 'example_task_group' retrieved from /home/athlon/projects/airflow/.venv/lib/python3.11/site-packages/airflow/example_dags/example_task_group.py
[2024-04-26T22:08:42.301-0300] {logging_mixin.py:188} INFO - [2024-04-26T22:08:42.301-0300] {dag.py:3096} INFO - Sync 1 DAGs
[2024-04-26T22:08:42.330-0300] {logging_mixin.py:188} INFO - [2024-04-26T22:08:42.330-0300] {dag.py:3954} INFO - Setting next_dagrun for example_task_group to 2024-04-26 00:00:00+00:00, run_after=2024-04-27 00:00:00+00:00
[2024-04-26T22:08:42.360-0300] {processor.py:183} INFO - Processing /home/athlon/projects/airflow/.venv/lib/python3.11/site-packages/airflow/example_dags/example_task_group.py took 0.122 seconds
[2024-04-26T22:09:39.800-0300] {processor.py:161} INFO - Started process (PID=23036) to work on /home/athlon/projects/airflow/.venv/lib/python3.11/site-packages/airflow/example_dags/example_task_group.py
[2024-04-26T22:09:39.806-0300] {processor.py:830} INFO - Processing file /home/athlon/projects/airflow/.venv/lib/python3.11/site-packages/airflow/example_dags/example_task_group.py for tasks to queue
[2024-04-26T22:09:39.809-0300] {logging_mixin.py:188} INFO - [2024-04-26T22:09:39.809-0300] {dagbag.py:540} INFO - Filling up the DagBag from /home/athlon/projects/airflow/.venv/lib/python3.11/site-packages/airflow/example_dags/example_task_group.py
[2024-04-26T22:09:39.824-0300] {processor.py:840} INFO - DAG(s) 'example_task_group' retrieved from /home/athlon/projects/airflow/.venv/lib/python3.11/site-packages/airflow/example_dags/example_task_group.py
[2024-04-26T22:09:39.852-0300] {logging_mixin.py:188} INFO - [2024-04-26T22:09:39.852-0300] {dag.py:3096} INFO - Sync 1 DAGs
[2024-04-26T22:09:39.883-0300] {logging_mixin.py:188} INFO - [2024-04-26T22:09:39.883-0300] {dag.py:3954} INFO - Setting next_dagrun for example_task_group to 2024-04-26 00:00:00+00:00, run_after=2024-04-27 00:00:00+00:00
[2024-04-26T22:09:39.913-0300] {processor.py:183} INFO - Processing /home/athlon/projects/airflow/.venv/lib/python3.11/site-packages/airflow/example_dags/example_task_group.py took 0.124 seconds
[2024-04-26T22:10:42.078-0300] {processor.py:161} INFO - Started process (PID=23106) to work on /home/athlon/projects/airflow/.venv/lib/python3.11/site-packages/airflow/example_dags/example_task_group.py
[2024-04-26T22:10:42.079-0300] {processor.py:830} INFO - Processing file /home/athlon/projects/airflow/.venv/lib/python3.11/site-packages/airflow/example_dags/example_task_group.py for tasks to queue
[2024-04-26T22:10:42.083-0300] {logging_mixin.py:188} INFO - [2024-04-26T22:10:42.082-0300] {dagbag.py:540} INFO - Filling up the DagBag from /home/athlon/projects/airflow/.venv/lib/python3.11/site-packages/airflow/example_dags/example_task_group.py
[2024-04-26T22:10:42.097-0300] {processor.py:840} INFO - DAG(s) 'example_task_group' retrieved from /home/athlon/projects/airflow/.venv/lib/python3.11/site-packages/airflow/example_dags/example_task_group.py
[2024-04-26T22:10:42.124-0300] {logging_mixin.py:188} INFO - [2024-04-26T22:10:42.124-0300] {dag.py:3096} INFO - Sync 1 DAGs
[2024-04-26T22:10:42.155-0300] {logging_mixin.py:188} INFO - [2024-04-26T22:10:42.154-0300] {dag.py:3954} INFO - Setting next_dagrun for example_task_group to 2024-04-26 00:00:00+00:00, run_after=2024-04-27 00:00:00+00:00
[2024-04-26T22:10:42.185-0300] {processor.py:183} INFO - Processing /home/athlon/projects/airflow/.venv/lib/python3.11/site-packages/airflow/example_dags/example_task_group.py took 0.119 seconds
[2024-04-26T22:11:43.172-0300] {processor.py:161} INFO - Started process (PID=23176) to work on /home/athlon/projects/airflow/.venv/lib/python3.11/site-packages/airflow/example_dags/example_task_group.py
[2024-04-26T22:11:43.179-0300] {processor.py:830} INFO - Processing file /home/athlon/projects/airflow/.venv/lib/python3.11/site-packages/airflow/example_dags/example_task_group.py for tasks to queue
[2024-04-26T22:11:43.184-0300] {logging_mixin.py:188} INFO - [2024-04-26T22:11:43.183-0300] {dagbag.py:540} INFO - Filling up the DagBag from /home/athlon/projects/airflow/.venv/lib/python3.11/site-packages/airflow/example_dags/example_task_group.py
[2024-04-26T22:11:43.205-0300] {processor.py:840} INFO - DAG(s) 'example_task_group' retrieved from /home/athlon/projects/airflow/.venv/lib/python3.11/site-packages/airflow/example_dags/example_task_group.py
[2024-04-26T22:11:43.247-0300] {logging_mixin.py:188} INFO - [2024-04-26T22:11:43.247-0300] {dag.py:3096} INFO - Sync 1 DAGs
[2024-04-26T22:11:43.296-0300] {logging_mixin.py:188} INFO - [2024-04-26T22:11:43.296-0300] {dag.py:3954} INFO - Setting next_dagrun for example_task_group to 2024-04-26 00:00:00+00:00, run_after=2024-04-27 00:00:00+00:00
[2024-04-26T22:11:43.351-0300] {processor.py:183} INFO - Processing /home/athlon/projects/airflow/.venv/lib/python3.11/site-packages/airflow/example_dags/example_task_group.py took 0.188 seconds
[2024-04-26T22:12:43.594-0300] {processor.py:161} INFO - Started process (PID=23264) to work on /home/athlon/projects/airflow/.venv/lib/python3.11/site-packages/airflow/example_dags/example_task_group.py
[2024-04-26T22:12:43.601-0300] {processor.py:830} INFO - Processing file /home/athlon/projects/airflow/.venv/lib/python3.11/site-packages/airflow/example_dags/example_task_group.py for tasks to queue
[2024-04-26T22:12:43.605-0300] {logging_mixin.py:188} INFO - [2024-04-26T22:12:43.604-0300] {dagbag.py:540} INFO - Filling up the DagBag from /home/athlon/projects/airflow/.venv/lib/python3.11/site-packages/airflow/example_dags/example_task_group.py
[2024-04-26T22:12:43.625-0300] {processor.py:840} INFO - DAG(s) 'example_task_group' retrieved from /home/athlon/projects/airflow/.venv/lib/python3.11/site-packages/airflow/example_dags/example_task_group.py
[2024-04-26T22:12:43.666-0300] {logging_mixin.py:188} INFO - [2024-04-26T22:12:43.666-0300] {dag.py:3096} INFO - Sync 1 DAGs
[2024-04-26T22:12:43.714-0300] {logging_mixin.py:188} INFO - [2024-04-26T22:12:43.714-0300] {dag.py:3954} INFO - Setting next_dagrun for example_task_group to 2024-04-26 00:00:00+00:00, run_after=2024-04-27 00:00:00+00:00
[2024-04-26T22:12:43.769-0300] {processor.py:183} INFO - Processing /home/athlon/projects/airflow/.venv/lib/python3.11/site-packages/airflow/example_dags/example_task_group.py took 0.189 seconds
[2024-04-26T22:13:43.549-0300] {processor.py:161} INFO - Started process (PID=23331) to work on /home/athlon/projects/airflow/.venv/lib/python3.11/site-packages/airflow/example_dags/example_task_group.py
[2024-04-26T22:13:43.550-0300] {processor.py:830} INFO - Processing file /home/athlon/projects/airflow/.venv/lib/python3.11/site-packages/airflow/example_dags/example_task_group.py for tasks to queue
[2024-04-26T22:13:43.554-0300] {logging_mixin.py:188} INFO - [2024-04-26T22:13:43.553-0300] {dagbag.py:540} INFO - Filling up the DagBag from /home/athlon/projects/airflow/.venv/lib/python3.11/site-packages/airflow/example_dags/example_task_group.py
[2024-04-26T22:13:43.571-0300] {processor.py:840} INFO - DAG(s) 'example_task_group' retrieved from /home/athlon/projects/airflow/.venv/lib/python3.11/site-packages/airflow/example_dags/example_task_group.py
[2024-04-26T22:13:43.609-0300] {logging_mixin.py:188} INFO - [2024-04-26T22:13:43.609-0300] {dag.py:3096} INFO - Sync 1 DAGs
[2024-04-26T22:13:43.647-0300] {logging_mixin.py:188} INFO - [2024-04-26T22:13:43.646-0300] {dag.py:3954} INFO - Setting next_dagrun for example_task_group to 2024-04-26 00:00:00+00:00, run_after=2024-04-27 00:00:00+00:00
[2024-04-26T22:13:43.679-0300] {processor.py:183} INFO - Processing /home/athlon/projects/airflow/.venv/lib/python3.11/site-packages/airflow/example_dags/example_task_group.py took 0.143 seconds
[2024-04-26T22:14:44.108-0300] {processor.py:161} INFO - Started process (PID=23472) to work on /home/athlon/projects/airflow/.venv/lib/python3.11/site-packages/airflow/example_dags/example_task_group.py
[2024-04-26T22:14:44.110-0300] {processor.py:830} INFO - Processing file /home/athlon/projects/airflow/.venv/lib/python3.11/site-packages/airflow/example_dags/example_task_group.py for tasks to queue
[2024-04-26T22:14:44.113-0300] {logging_mixin.py:188} INFO - [2024-04-26T22:14:44.113-0300] {dagbag.py:540} INFO - Filling up the DagBag from /home/athlon/projects/airflow/.venv/lib/python3.11/site-packages/airflow/example_dags/example_task_group.py
[2024-04-26T22:14:44.134-0300] {processor.py:840} INFO - DAG(s) 'example_task_group' retrieved from /home/athlon/projects/airflow/.venv/lib/python3.11/site-packages/airflow/example_dags/example_task_group.py
[2024-04-26T22:14:44.176-0300] {logging_mixin.py:188} INFO - [2024-04-26T22:14:44.175-0300] {dag.py:3096} INFO - Sync 1 DAGs
[2024-04-26T22:14:44.233-0300] {logging_mixin.py:188} INFO - [2024-04-26T22:14:44.233-0300] {dag.py:3954} INFO - Setting next_dagrun for example_task_group to 2024-04-26 00:00:00+00:00, run_after=2024-04-27 00:00:00+00:00
[2024-04-26T22:14:44.271-0300] {processor.py:183} INFO - Processing /home/athlon/projects/airflow/.venv/lib/python3.11/site-packages/airflow/example_dags/example_task_group.py took 0.178 seconds
[2024-04-26T22:15:51.976-0300] {processor.py:161} INFO - Started process (PID=23545) to work on /home/athlon/projects/airflow/.venv/lib/python3.11/site-packages/airflow/example_dags/example_task_group.py
[2024-04-26T22:15:51.978-0300] {processor.py:830} INFO - Processing file /home/athlon/projects/airflow/.venv/lib/python3.11/site-packages/airflow/example_dags/example_task_group.py for tasks to queue
[2024-04-26T22:15:51.981-0300] {logging_mixin.py:188} INFO - [2024-04-26T22:15:51.980-0300] {dagbag.py:540} INFO - Filling up the DagBag from /home/athlon/projects/airflow/.venv/lib/python3.11/site-packages/airflow/example_dags/example_task_group.py
[2024-04-26T22:15:51.994-0300] {processor.py:840} INFO - DAG(s) 'example_task_group' retrieved from /home/athlon/projects/airflow/.venv/lib/python3.11/site-packages/airflow/example_dags/example_task_group.py
[2024-04-26T22:15:52.022-0300] {logging_mixin.py:188} INFO - [2024-04-26T22:15:52.021-0300] {dag.py:3096} INFO - Sync 1 DAGs
[2024-04-26T22:15:52.055-0300] {logging_mixin.py:188} INFO - [2024-04-26T22:15:52.054-0300] {dag.py:3954} INFO - Setting next_dagrun for example_task_group to 2024-04-26 00:00:00+00:00, run_after=2024-04-27 00:00:00+00:00
[2024-04-26T22:15:52.087-0300] {processor.py:183} INFO - Processing /home/athlon/projects/airflow/.venv/lib/python3.11/site-packages/airflow/example_dags/example_task_group.py took 0.121 seconds
[2024-04-26T22:16:54.806-0300] {processor.py:161} INFO - Started process (PID=23689) to work on /home/athlon/projects/airflow/.venv/lib/python3.11/site-packages/airflow/example_dags/example_task_group.py
[2024-04-26T22:16:54.807-0300] {processor.py:830} INFO - Processing file /home/athlon/projects/airflow/.venv/lib/python3.11/site-packages/airflow/example_dags/example_task_group.py for tasks to queue
[2024-04-26T22:16:54.811-0300] {logging_mixin.py:188} INFO - [2024-04-26T22:16:54.810-0300] {dagbag.py:540} INFO - Filling up the DagBag from /home/athlon/projects/airflow/.venv/lib/python3.11/site-packages/airflow/example_dags/example_task_group.py
[2024-04-26T22:16:54.826-0300] {processor.py:840} INFO - DAG(s) 'example_task_group' retrieved from /home/athlon/projects/airflow/.venv/lib/python3.11/site-packages/airflow/example_dags/example_task_group.py
[2024-04-26T22:16:54.853-0300] {logging_mixin.py:188} INFO - [2024-04-26T22:16:54.853-0300] {dag.py:3096} INFO - Sync 1 DAGs
[2024-04-26T22:16:54.883-0300] {logging_mixin.py:188} INFO - [2024-04-26T22:16:54.883-0300] {dag.py:3954} INFO - Setting next_dagrun for example_task_group to 2024-04-26 00:00:00+00:00, run_after=2024-04-27 00:00:00+00:00
[2024-04-26T22:16:54.914-0300] {processor.py:183} INFO - Processing /home/athlon/projects/airflow/.venv/lib/python3.11/site-packages/airflow/example_dags/example_task_group.py took 0.120 seconds
[2024-04-26T22:17:53.733-0300] {processor.py:161} INFO - Started process (PID=23747) to work on /home/athlon/projects/airflow/.venv/lib/python3.11/site-packages/airflow/example_dags/example_task_group.py
[2024-04-26T22:17:53.738-0300] {processor.py:830} INFO - Processing file /home/athlon/projects/airflow/.venv/lib/python3.11/site-packages/airflow/example_dags/example_task_group.py for tasks to queue
[2024-04-26T22:17:53.742-0300] {logging_mixin.py:188} INFO - [2024-04-26T22:17:53.741-0300] {dagbag.py:540} INFO - Filling up the DagBag from /home/athlon/projects/airflow/.venv/lib/python3.11/site-packages/airflow/example_dags/example_task_group.py
[2024-04-26T22:17:53.757-0300] {processor.py:840} INFO - DAG(s) 'example_task_group' retrieved from /home/athlon/projects/airflow/.venv/lib/python3.11/site-packages/airflow/example_dags/example_task_group.py
[2024-04-26T22:17:53.785-0300] {logging_mixin.py:188} INFO - [2024-04-26T22:17:53.784-0300] {dag.py:3096} INFO - Sync 1 DAGs
[2024-04-26T22:17:53.814-0300] {logging_mixin.py:188} INFO - [2024-04-26T22:17:53.814-0300] {dag.py:3954} INFO - Setting next_dagrun for example_task_group to 2024-04-26 00:00:00+00:00, run_after=2024-04-27 00:00:00+00:00
[2024-04-26T22:17:53.845-0300] {processor.py:183} INFO - Processing /home/athlon/projects/airflow/.venv/lib/python3.11/site-packages/airflow/example_dags/example_task_group.py took 0.124 seconds
[2024-04-26T22:18:53.752-0300] {processor.py:161} INFO - Started process (PID=23809) to work on /home/athlon/projects/airflow/.venv/lib/python3.11/site-packages/airflow/example_dags/example_task_group.py
[2024-04-26T22:18:53.755-0300] {processor.py:830} INFO - Processing file /home/athlon/projects/airflow/.venv/lib/python3.11/site-packages/airflow/example_dags/example_task_group.py for tasks to queue
[2024-04-26T22:18:53.758-0300] {logging_mixin.py:188} INFO - [2024-04-26T22:18:53.757-0300] {dagbag.py:540} INFO - Filling up the DagBag from /home/athlon/projects/airflow/.venv/lib/python3.11/site-packages/airflow/example_dags/example_task_group.py
[2024-04-26T22:18:53.772-0300] {processor.py:840} INFO - DAG(s) 'example_task_group' retrieved from /home/athlon/projects/airflow/.venv/lib/python3.11/site-packages/airflow/example_dags/example_task_group.py
[2024-04-26T22:18:53.822-0300] {logging_mixin.py:188} INFO - [2024-04-26T22:18:53.822-0300] {dag.py:3096} INFO - Sync 1 DAGs
[2024-04-26T22:18:53.873-0300] {logging_mixin.py:188} INFO - [2024-04-26T22:18:53.872-0300] {dag.py:3954} INFO - Setting next_dagrun for example_task_group to 2024-04-26 00:00:00+00:00, run_after=2024-04-27 00:00:00+00:00
[2024-04-26T22:18:53.908-0300] {processor.py:183} INFO - Processing /home/athlon/projects/airflow/.venv/lib/python3.11/site-packages/airflow/example_dags/example_task_group.py took 0.169 seconds
[2024-04-26T22:19:49.348-0300] {processor.py:161} INFO - Started process (PID=23868) to work on /home/athlon/projects/airflow/.venv/lib/python3.11/site-packages/airflow/example_dags/example_task_group.py
[2024-04-26T22:19:49.350-0300] {processor.py:830} INFO - Processing file /home/athlon/projects/airflow/.venv/lib/python3.11/site-packages/airflow/example_dags/example_task_group.py for tasks to queue
[2024-04-26T22:19:49.352-0300] {logging_mixin.py:188} INFO - [2024-04-26T22:19:49.352-0300] {dagbag.py:540} INFO - Filling up the DagBag from /home/athlon/projects/airflow/.venv/lib/python3.11/site-packages/airflow/example_dags/example_task_group.py
[2024-04-26T22:19:49.365-0300] {processor.py:840} INFO - DAG(s) 'example_task_group' retrieved from /home/athlon/projects/airflow/.venv/lib/python3.11/site-packages/airflow/example_dags/example_task_group.py
[2024-04-26T22:19:49.390-0300] {logging_mixin.py:188} INFO - [2024-04-26T22:19:49.390-0300] {dag.py:3096} INFO - Sync 1 DAGs
[2024-04-26T22:19:49.421-0300] {logging_mixin.py:188} INFO - [2024-04-26T22:19:49.421-0300] {dag.py:3954} INFO - Setting next_dagrun for example_task_group to 2024-04-26 00:00:00+00:00, run_after=2024-04-27 00:00:00+00:00
[2024-04-26T22:19:49.449-0300] {processor.py:183} INFO - Processing /home/athlon/projects/airflow/.venv/lib/python3.11/site-packages/airflow/example_dags/example_task_group.py took 0.110 seconds
[2024-04-26T22:20:56.336-0300] {processor.py:161} INFO - Started process (PID=24039) to work on /home/athlon/projects/airflow/.venv/lib/python3.11/site-packages/airflow/example_dags/example_task_group.py
[2024-04-26T22:20:56.337-0300] {processor.py:830} INFO - Processing file /home/athlon/projects/airflow/.venv/lib/python3.11/site-packages/airflow/example_dags/example_task_group.py for tasks to queue
[2024-04-26T22:20:56.341-0300] {logging_mixin.py:188} INFO - [2024-04-26T22:20:56.340-0300] {dagbag.py:540} INFO - Filling up the DagBag from /home/athlon/projects/airflow/.venv/lib/python3.11/site-packages/airflow/example_dags/example_task_group.py
[2024-04-26T22:20:56.353-0300] {processor.py:840} INFO - DAG(s) 'example_task_group' retrieved from /home/athlon/projects/airflow/.venv/lib/python3.11/site-packages/airflow/example_dags/example_task_group.py
[2024-04-26T22:20:56.378-0300] {logging_mixin.py:188} INFO - [2024-04-26T22:20:56.377-0300] {dag.py:3096} INFO - Sync 1 DAGs
[2024-04-26T22:20:56.409-0300] {logging_mixin.py:188} INFO - [2024-04-26T22:20:56.409-0300] {dag.py:3954} INFO - Setting next_dagrun for example_task_group to 2024-04-26 00:00:00+00:00, run_after=2024-04-27 00:00:00+00:00
[2024-04-26T22:20:56.442-0300] {processor.py:183} INFO - Processing /home/athlon/projects/airflow/.venv/lib/python3.11/site-packages/airflow/example_dags/example_task_group.py took 0.115 seconds
