[2024-04-26T21:25:42.148-0300] {processor.py:161} INFO - Started process (PID=17750) to work on /home/athlon/projects/airflow/.venv/lib/python3.11/site-packages/airflow/example_dags/example_display_name.py
[2024-04-26T21:25:42.150-0300] {processor.py:830} INFO - Processing file /home/athlon/projects/airflow/.venv/lib/python3.11/site-packages/airflow/example_dags/example_display_name.py for tasks to queue
[2024-04-26T21:25:42.152-0300] {logging_mixin.py:188} INFO - [2024-04-26T21:25:42.152-0300] {dagbag.py:540} INFO - Filling up the DagBag from /home/athlon/projects/airflow/.venv/lib/python3.11/site-packages/airflow/example_dags/example_display_name.py
[2024-04-26T21:25:42.162-0300] {processor.py:840} INFO - DAG(s) 'example_display_name' retrieved from /home/athlon/projects/airflow/.venv/lib/python3.11/site-packages/airflow/example_dags/example_display_name.py
[2024-04-26T21:25:42.184-0300] {logging_mixin.py:188} INFO - [2024-04-26T21:25:42.184-0300] {dag.py:3096} INFO - Sync 1 DAGs
[2024-04-26T21:25:42.200-0300] {logging_mixin.py:188} INFO - [2024-04-26T21:25:42.200-0300] {dag.py:3954} INFO - Setting next_dagrun for example_display_name to None, run_after=None
[2024-04-26T21:25:42.231-0300] {processor.py:183} INFO - Processing /home/athlon/projects/airflow/.venv/lib/python3.11/site-packages/airflow/example_dags/example_display_name.py took 0.092 seconds
[2024-04-26T21:26:40.293-0300] {processor.py:161} INFO - Started process (PID=17892) to work on /home/athlon/projects/airflow/.venv/lib/python3.11/site-packages/airflow/example_dags/example_display_name.py
[2024-04-26T21:26:40.294-0300] {processor.py:830} INFO - Processing file /home/athlon/projects/airflow/.venv/lib/python3.11/site-packages/airflow/example_dags/example_display_name.py for tasks to queue
[2024-04-26T21:26:40.297-0300] {logging_mixin.py:188} INFO - [2024-04-26T21:26:40.296-0300] {dagbag.py:540} INFO - Filling up the DagBag from /home/athlon/projects/airflow/.venv/lib/python3.11/site-packages/airflow/example_dags/example_display_name.py
[2024-04-26T21:26:40.305-0300] {processor.py:840} INFO - DAG(s) 'example_display_name' retrieved from /home/athlon/projects/airflow/.venv/lib/python3.11/site-packages/airflow/example_dags/example_display_name.py
[2024-04-26T21:26:40.326-0300] {logging_mixin.py:188} INFO - [2024-04-26T21:26:40.325-0300] {dag.py:3096} INFO - Sync 1 DAGs
[2024-04-26T21:26:40.342-0300] {logging_mixin.py:188} INFO - [2024-04-26T21:26:40.342-0300] {dag.py:3954} INFO - Setting next_dagrun for example_display_name to None, run_after=None
[2024-04-26T21:26:40.372-0300] {processor.py:183} INFO - Processing /home/athlon/projects/airflow/.venv/lib/python3.11/site-packages/airflow/example_dags/example_display_name.py took 0.087 seconds
[2024-04-26T21:27:36.799-0300] {processor.py:161} INFO - Started process (PID=17955) to work on /home/athlon/projects/airflow/.venv/lib/python3.11/site-packages/airflow/example_dags/example_display_name.py
[2024-04-26T21:27:36.805-0300] {processor.py:830} INFO - Processing file /home/athlon/projects/airflow/.venv/lib/python3.11/site-packages/airflow/example_dags/example_display_name.py for tasks to queue
[2024-04-26T21:27:36.809-0300] {logging_mixin.py:188} INFO - [2024-04-26T21:27:36.808-0300] {dagbag.py:540} INFO - Filling up the DagBag from /home/athlon/projects/airflow/.venv/lib/python3.11/site-packages/airflow/example_dags/example_display_name.py
[2024-04-26T21:27:36.820-0300] {processor.py:840} INFO - DAG(s) 'example_display_name' retrieved from /home/athlon/projects/airflow/.venv/lib/python3.11/site-packages/airflow/example_dags/example_display_name.py
[2024-04-26T21:27:36.843-0300] {logging_mixin.py:188} INFO - [2024-04-26T21:27:36.842-0300] {dag.py:3096} INFO - Sync 1 DAGs
[2024-04-26T21:27:36.859-0300] {logging_mixin.py:188} INFO - [2024-04-26T21:27:36.859-0300] {dag.py:3954} INFO - Setting next_dagrun for example_display_name to None, run_after=None
[2024-04-26T21:27:36.887-0300] {processor.py:183} INFO - Processing /home/athlon/projects/airflow/.venv/lib/python3.11/site-packages/airflow/example_dags/example_display_name.py took 0.098 seconds
[2024-04-26T21:28:36.661-0300] {processor.py:161} INFO - Started process (PID=18047) to work on /home/athlon/projects/airflow/.venv/lib/python3.11/site-packages/airflow/example_dags/example_display_name.py
[2024-04-26T21:28:36.667-0300] {processor.py:830} INFO - Processing file /home/athlon/projects/airflow/.venv/lib/python3.11/site-packages/airflow/example_dags/example_display_name.py for tasks to queue
[2024-04-26T21:28:36.669-0300] {logging_mixin.py:188} INFO - [2024-04-26T21:28:36.669-0300] {dagbag.py:540} INFO - Filling up the DagBag from /home/athlon/projects/airflow/.venv/lib/python3.11/site-packages/airflow/example_dags/example_display_name.py
[2024-04-26T21:28:36.679-0300] {processor.py:840} INFO - DAG(s) 'example_display_name' retrieved from /home/athlon/projects/airflow/.venv/lib/python3.11/site-packages/airflow/example_dags/example_display_name.py
[2024-04-26T21:28:36.702-0300] {logging_mixin.py:188} INFO - [2024-04-26T21:28:36.702-0300] {dag.py:3096} INFO - Sync 1 DAGs
[2024-04-26T21:28:36.720-0300] {logging_mixin.py:188} INFO - [2024-04-26T21:28:36.720-0300] {dag.py:3954} INFO - Setting next_dagrun for example_display_name to None, run_after=None
[2024-04-26T21:28:36.748-0300] {processor.py:183} INFO - Processing /home/athlon/projects/airflow/.venv/lib/python3.11/site-packages/airflow/example_dags/example_display_name.py took 0.098 seconds
[2024-04-26T21:29:36.814-0300] {processor.py:161} INFO - Started process (PID=18666) to work on /home/athlon/projects/airflow/.venv/lib/python3.11/site-packages/airflow/example_dags/example_display_name.py
[2024-04-26T21:29:36.816-0300] {processor.py:830} INFO - Processing file /home/athlon/projects/airflow/.venv/lib/python3.11/site-packages/airflow/example_dags/example_display_name.py for tasks to queue
[2024-04-26T21:29:36.819-0300] {logging_mixin.py:188} INFO - [2024-04-26T21:29:36.818-0300] {dagbag.py:540} INFO - Filling up the DagBag from /home/athlon/projects/airflow/.venv/lib/python3.11/site-packages/airflow/example_dags/example_display_name.py
[2024-04-26T21:29:36.830-0300] {processor.py:840} INFO - DAG(s) 'example_display_name' retrieved from /home/athlon/projects/airflow/.venv/lib/python3.11/site-packages/airflow/example_dags/example_display_name.py
[2024-04-26T21:29:36.861-0300] {logging_mixin.py:188} INFO - [2024-04-26T21:29:36.860-0300] {dag.py:3096} INFO - Sync 1 DAGs
[2024-04-26T21:29:36.885-0300] {logging_mixin.py:188} INFO - [2024-04-26T21:29:36.885-0300] {dag.py:3954} INFO - Setting next_dagrun for example_display_name to None, run_after=None
[2024-04-26T21:29:36.915-0300] {processor.py:183} INFO - Processing /home/athlon/projects/airflow/.venv/lib/python3.11/site-packages/airflow/example_dags/example_display_name.py took 0.112 seconds
[2024-04-26T21:30:43.999-0300] {processor.py:161} INFO - Started process (PID=18746) to work on /home/athlon/projects/airflow/.venv/lib/python3.11/site-packages/airflow/example_dags/example_display_name.py
[2024-04-26T21:30:44.005-0300] {processor.py:830} INFO - Processing file /home/athlon/projects/airflow/.venv/lib/python3.11/site-packages/airflow/example_dags/example_display_name.py for tasks to queue
[2024-04-26T21:30:44.008-0300] {logging_mixin.py:188} INFO - [2024-04-26T21:30:44.007-0300] {dagbag.py:540} INFO - Filling up the DagBag from /home/athlon/projects/airflow/.venv/lib/python3.11/site-packages/airflow/example_dags/example_display_name.py
[2024-04-26T21:30:44.018-0300] {processor.py:840} INFO - DAG(s) 'example_display_name' retrieved from /home/athlon/projects/airflow/.venv/lib/python3.11/site-packages/airflow/example_dags/example_display_name.py
[2024-04-26T21:30:44.041-0300] {logging_mixin.py:188} INFO - [2024-04-26T21:30:44.041-0300] {dag.py:3096} INFO - Sync 1 DAGs
[2024-04-26T21:30:44.058-0300] {logging_mixin.py:188} INFO - [2024-04-26T21:30:44.058-0300] {dag.py:3954} INFO - Setting next_dagrun for example_display_name to None, run_after=None
[2024-04-26T21:30:44.099-0300] {processor.py:183} INFO - Processing /home/athlon/projects/airflow/.venv/lib/python3.11/site-packages/airflow/example_dags/example_display_name.py took 0.110 seconds
[2024-04-26T21:31:44.293-0300] {processor.py:161} INFO - Started process (PID=18820) to work on /home/athlon/projects/airflow/.venv/lib/python3.11/site-packages/airflow/example_dags/example_display_name.py
[2024-04-26T21:31:44.294-0300] {processor.py:830} INFO - Processing file /home/athlon/projects/airflow/.venv/lib/python3.11/site-packages/airflow/example_dags/example_display_name.py for tasks to queue
[2024-04-26T21:31:44.296-0300] {logging_mixin.py:188} INFO - [2024-04-26T21:31:44.296-0300] {dagbag.py:540} INFO - Filling up the DagBag from /home/athlon/projects/airflow/.venv/lib/python3.11/site-packages/airflow/example_dags/example_display_name.py
[2024-04-26T21:31:44.304-0300] {processor.py:840} INFO - DAG(s) 'example_display_name' retrieved from /home/athlon/projects/airflow/.venv/lib/python3.11/site-packages/airflow/example_dags/example_display_name.py
[2024-04-26T21:31:44.325-0300] {logging_mixin.py:188} INFO - [2024-04-26T21:31:44.324-0300] {dag.py:3096} INFO - Sync 1 DAGs
[2024-04-26T21:31:44.341-0300] {logging_mixin.py:188} INFO - [2024-04-26T21:31:44.341-0300] {dag.py:3954} INFO - Setting next_dagrun for example_display_name to None, run_after=None
[2024-04-26T21:31:44.370-0300] {processor.py:183} INFO - Processing /home/athlon/projects/airflow/.venv/lib/python3.11/site-packages/airflow/example_dags/example_display_name.py took 0.085 seconds
[2024-04-26T21:32:43.246-0300] {processor.py:161} INFO - Started process (PID=18874) to work on /home/athlon/projects/airflow/.venv/lib/python3.11/site-packages/airflow/example_dags/example_display_name.py
[2024-04-26T21:32:43.252-0300] {processor.py:830} INFO - Processing file /home/athlon/projects/airflow/.venv/lib/python3.11/site-packages/airflow/example_dags/example_display_name.py for tasks to queue
[2024-04-26T21:32:43.256-0300] {logging_mixin.py:188} INFO - [2024-04-26T21:32:43.255-0300] {dagbag.py:540} INFO - Filling up the DagBag from /home/athlon/projects/airflow/.venv/lib/python3.11/site-packages/airflow/example_dags/example_display_name.py
[2024-04-26T21:32:43.268-0300] {processor.py:840} INFO - DAG(s) 'example_display_name' retrieved from /home/athlon/projects/airflow/.venv/lib/python3.11/site-packages/airflow/example_dags/example_display_name.py
[2024-04-26T21:32:43.291-0300] {logging_mixin.py:188} INFO - [2024-04-26T21:32:43.291-0300] {dag.py:3096} INFO - Sync 1 DAGs
[2024-04-26T21:32:43.308-0300] {logging_mixin.py:188} INFO - [2024-04-26T21:32:43.308-0300] {dag.py:3954} INFO - Setting next_dagrun for example_display_name to None, run_after=None
[2024-04-26T21:32:43.337-0300] {processor.py:183} INFO - Processing /home/athlon/projects/airflow/.venv/lib/python3.11/site-packages/airflow/example_dags/example_display_name.py took 0.101 seconds
[2024-04-26T21:33:38.935-0300] {processor.py:161} INFO - Started process (PID=19079) to work on /home/athlon/projects/airflow/.venv/lib/python3.11/site-packages/airflow/example_dags/example_display_name.py
[2024-04-26T21:33:38.948-0300] {processor.py:830} INFO - Processing file /home/athlon/projects/airflow/.venv/lib/python3.11/site-packages/airflow/example_dags/example_display_name.py for tasks to queue
[2024-04-26T21:33:38.950-0300] {logging_mixin.py:188} INFO - [2024-04-26T21:33:38.950-0300] {dagbag.py:540} INFO - Filling up the DagBag from /home/athlon/projects/airflow/.venv/lib/python3.11/site-packages/airflow/example_dags/example_display_name.py
[2024-04-26T21:33:38.959-0300] {processor.py:840} INFO - DAG(s) 'example_display_name' retrieved from /home/athlon/projects/airflow/.venv/lib/python3.11/site-packages/airflow/example_dags/example_display_name.py
[2024-04-26T21:33:38.985-0300] {logging_mixin.py:188} INFO - [2024-04-26T21:33:38.984-0300] {dag.py:3096} INFO - Sync 1 DAGs
[2024-04-26T21:33:39.009-0300] {logging_mixin.py:188} INFO - [2024-04-26T21:33:39.009-0300] {dag.py:3954} INFO - Setting next_dagrun for example_display_name to None, run_after=None
[2024-04-26T21:33:39.252-0300] {processor.py:183} INFO - Processing /home/athlon/projects/airflow/.venv/lib/python3.11/site-packages/airflow/example_dags/example_display_name.py took 0.324 seconds
[2024-04-26T21:34:48.409-0300] {processor.py:161} INFO - Started process (PID=19178) to work on /home/athlon/projects/airflow/.venv/lib/python3.11/site-packages/airflow/example_dags/example_display_name.py
[2024-04-26T21:34:48.470-0300] {processor.py:830} INFO - Processing file /home/athlon/projects/airflow/.venv/lib/python3.11/site-packages/airflow/example_dags/example_display_name.py for tasks to queue
[2024-04-26T21:34:48.473-0300] {logging_mixin.py:188} INFO - [2024-04-26T21:34:48.472-0300] {dagbag.py:540} INFO - Filling up the DagBag from /home/athlon/projects/airflow/.venv/lib/python3.11/site-packages/airflow/example_dags/example_display_name.py
[2024-04-26T21:34:48.483-0300] {processor.py:840} INFO - DAG(s) 'example_display_name' retrieved from /home/athlon/projects/airflow/.venv/lib/python3.11/site-packages/airflow/example_dags/example_display_name.py
[2024-04-26T21:34:48.509-0300] {logging_mixin.py:188} INFO - [2024-04-26T21:34:48.509-0300] {dag.py:3096} INFO - Sync 1 DAGs
[2024-04-26T21:34:48.528-0300] {logging_mixin.py:188} INFO - [2024-04-26T21:34:48.527-0300] {dag.py:3954} INFO - Setting next_dagrun for example_display_name to None, run_after=None
[2024-04-26T21:34:48.695-0300] {processor.py:183} INFO - Processing /home/athlon/projects/airflow/.venv/lib/python3.11/site-packages/airflow/example_dags/example_display_name.py took 0.296 seconds
[2024-04-26T21:36:14.446-0300] {processor.py:161} INFO - Started process (PID=19268) to work on /home/athlon/projects/airflow/.venv/lib/python3.11/site-packages/airflow/example_dags/example_display_name.py
[2024-04-26T21:36:14.452-0300] {processor.py:830} INFO - Processing file /home/athlon/projects/airflow/.venv/lib/python3.11/site-packages/airflow/example_dags/example_display_name.py for tasks to queue
[2024-04-26T21:36:14.454-0300] {logging_mixin.py:188} INFO - [2024-04-26T21:36:14.454-0300] {dagbag.py:540} INFO - Filling up the DagBag from /home/athlon/projects/airflow/.venv/lib/python3.11/site-packages/airflow/example_dags/example_display_name.py
[2024-04-26T21:36:14.464-0300] {processor.py:840} INFO - DAG(s) 'example_display_name' retrieved from /home/athlon/projects/airflow/.venv/lib/python3.11/site-packages/airflow/example_dags/example_display_name.py
[2024-04-26T21:36:14.497-0300] {logging_mixin.py:188} INFO - [2024-04-26T21:36:14.497-0300] {dag.py:3096} INFO - Sync 1 DAGs
[2024-04-26T21:36:14.517-0300] {logging_mixin.py:188} INFO - [2024-04-26T21:36:14.517-0300] {dag.py:3954} INFO - Setting next_dagrun for example_display_name to None, run_after=None
[2024-04-26T21:36:14.547-0300] {processor.py:183} INFO - Processing /home/athlon/projects/airflow/.venv/lib/python3.11/site-packages/airflow/example_dags/example_display_name.py took 0.112 seconds
[2024-04-26T21:37:12.317-0300] {processor.py:161} INFO - Started process (PID=19333) to work on /home/athlon/projects/airflow/.venv/lib/python3.11/site-packages/airflow/example_dags/example_display_name.py
[2024-04-26T21:37:12.322-0300] {processor.py:830} INFO - Processing file /home/athlon/projects/airflow/.venv/lib/python3.11/site-packages/airflow/example_dags/example_display_name.py for tasks to queue
[2024-04-26T21:37:12.325-0300] {logging_mixin.py:188} INFO - [2024-04-26T21:37:12.324-0300] {dagbag.py:540} INFO - Filling up the DagBag from /home/athlon/projects/airflow/.venv/lib/python3.11/site-packages/airflow/example_dags/example_display_name.py
[2024-04-26T21:37:12.335-0300] {processor.py:840} INFO - DAG(s) 'example_display_name' retrieved from /home/athlon/projects/airflow/.venv/lib/python3.11/site-packages/airflow/example_dags/example_display_name.py
[2024-04-26T21:37:12.359-0300] {logging_mixin.py:188} INFO - [2024-04-26T21:37:12.359-0300] {dag.py:3096} INFO - Sync 1 DAGs
[2024-04-26T21:37:12.376-0300] {logging_mixin.py:188} INFO - [2024-04-26T21:37:12.376-0300] {dag.py:3954} INFO - Setting next_dagrun for example_display_name to None, run_after=None
[2024-04-26T21:37:12.406-0300] {processor.py:183} INFO - Processing /home/athlon/projects/airflow/.venv/lib/python3.11/site-packages/airflow/example_dags/example_display_name.py took 0.100 seconds
[2024-04-26T21:38:09.837-0300] {processor.py:161} INFO - Started process (PID=19393) to work on /home/athlon/projects/airflow/.venv/lib/python3.11/site-packages/airflow/example_dags/example_display_name.py
[2024-04-26T21:38:09.838-0300] {processor.py:830} INFO - Processing file /home/athlon/projects/airflow/.venv/lib/python3.11/site-packages/airflow/example_dags/example_display_name.py for tasks to queue
[2024-04-26T21:38:09.841-0300] {logging_mixin.py:188} INFO - [2024-04-26T21:38:09.840-0300] {dagbag.py:540} INFO - Filling up the DagBag from /home/athlon/projects/airflow/.venv/lib/python3.11/site-packages/airflow/example_dags/example_display_name.py
[2024-04-26T21:38:09.854-0300] {processor.py:840} INFO - DAG(s) 'example_display_name' retrieved from /home/athlon/projects/airflow/.venv/lib/python3.11/site-packages/airflow/example_dags/example_display_name.py
[2024-04-26T21:38:09.886-0300] {logging_mixin.py:188} INFO - [2024-04-26T21:38:09.886-0300] {dag.py:3096} INFO - Sync 1 DAGs
[2024-04-26T21:38:09.914-0300] {logging_mixin.py:188} INFO - [2024-04-26T21:38:09.914-0300] {dag.py:3954} INFO - Setting next_dagrun for example_display_name to None, run_after=None
[2024-04-26T21:38:09.963-0300] {processor.py:183} INFO - Processing /home/athlon/projects/airflow/.venv/lib/python3.11/site-packages/airflow/example_dags/example_display_name.py took 0.140 seconds
[2024-04-26T21:39:07.351-0300] {processor.py:161} INFO - Started process (PID=19495) to work on /home/athlon/projects/airflow/.venv/lib/python3.11/site-packages/airflow/example_dags/example_display_name.py
[2024-04-26T21:39:07.353-0300] {processor.py:830} INFO - Processing file /home/athlon/projects/airflow/.venv/lib/python3.11/site-packages/airflow/example_dags/example_display_name.py for tasks to queue
[2024-04-26T21:39:07.355-0300] {logging_mixin.py:188} INFO - [2024-04-26T21:39:07.354-0300] {dagbag.py:540} INFO - Filling up the DagBag from /home/athlon/projects/airflow/.venv/lib/python3.11/site-packages/airflow/example_dags/example_display_name.py
[2024-04-26T21:39:07.363-0300] {processor.py:840} INFO - DAG(s) 'example_display_name' retrieved from /home/athlon/projects/airflow/.venv/lib/python3.11/site-packages/airflow/example_dags/example_display_name.py
[2024-04-26T21:39:07.385-0300] {logging_mixin.py:188} INFO - [2024-04-26T21:39:07.384-0300] {dag.py:3096} INFO - Sync 1 DAGs
[2024-04-26T21:39:07.411-0300] {logging_mixin.py:188} INFO - [2024-04-26T21:39:07.410-0300] {dag.py:3954} INFO - Setting next_dagrun for example_display_name to None, run_after=None
[2024-04-26T21:39:07.445-0300] {processor.py:183} INFO - Processing /home/athlon/projects/airflow/.venv/lib/python3.11/site-packages/airflow/example_dags/example_display_name.py took 0.102 seconds
[2024-04-26T21:40:07.293-0300] {processor.py:161} INFO - Started process (PID=19613) to work on /home/athlon/projects/airflow/.venv/lib/python3.11/site-packages/airflow/example_dags/example_display_name.py
[2024-04-26T21:40:07.298-0300] {processor.py:830} INFO - Processing file /home/athlon/projects/airflow/.venv/lib/python3.11/site-packages/airflow/example_dags/example_display_name.py for tasks to queue
[2024-04-26T21:40:07.300-0300] {logging_mixin.py:188} INFO - [2024-04-26T21:40:07.300-0300] {dagbag.py:540} INFO - Filling up the DagBag from /home/athlon/projects/airflow/.venv/lib/python3.11/site-packages/airflow/example_dags/example_display_name.py
[2024-04-26T21:40:07.310-0300] {processor.py:840} INFO - DAG(s) 'example_display_name' retrieved from /home/athlon/projects/airflow/.venv/lib/python3.11/site-packages/airflow/example_dags/example_display_name.py
[2024-04-26T21:40:07.331-0300] {logging_mixin.py:188} INFO - [2024-04-26T21:40:07.331-0300] {dag.py:3096} INFO - Sync 1 DAGs
[2024-04-26T21:40:07.349-0300] {logging_mixin.py:188} INFO - [2024-04-26T21:40:07.348-0300] {dag.py:3954} INFO - Setting next_dagrun for example_display_name to None, run_after=None
[2024-04-26T21:40:07.382-0300] {processor.py:183} INFO - Processing /home/athlon/projects/airflow/.venv/lib/python3.11/site-packages/airflow/example_dags/example_display_name.py took 0.099 seconds
[2024-04-26T21:41:05.953-0300] {processor.py:161} INFO - Started process (PID=19732) to work on /home/athlon/projects/airflow/.venv/lib/python3.11/site-packages/airflow/example_dags/example_display_name.py
[2024-04-26T21:41:05.959-0300] {processor.py:830} INFO - Processing file /home/athlon/projects/airflow/.venv/lib/python3.11/site-packages/airflow/example_dags/example_display_name.py for tasks to queue
[2024-04-26T21:41:05.962-0300] {logging_mixin.py:188} INFO - [2024-04-26T21:41:05.961-0300] {dagbag.py:540} INFO - Filling up the DagBag from /home/athlon/projects/airflow/.venv/lib/python3.11/site-packages/airflow/example_dags/example_display_name.py
[2024-04-26T21:41:05.972-0300] {processor.py:840} INFO - DAG(s) 'example_display_name' retrieved from /home/athlon/projects/airflow/.venv/lib/python3.11/site-packages/airflow/example_dags/example_display_name.py
[2024-04-26T21:41:05.996-0300] {logging_mixin.py:188} INFO - [2024-04-26T21:41:05.995-0300] {dag.py:3096} INFO - Sync 1 DAGs
[2024-04-26T21:41:06.013-0300] {logging_mixin.py:188} INFO - [2024-04-26T21:41:06.013-0300] {dag.py:3954} INFO - Setting next_dagrun for example_display_name to None, run_after=None
[2024-04-26T21:41:06.043-0300] {processor.py:183} INFO - Processing /home/athlon/projects/airflow/.venv/lib/python3.11/site-packages/airflow/example_dags/example_display_name.py took 0.100 seconds
[2024-04-26T21:42:04.778-0300] {processor.py:161} INFO - Started process (PID=19798) to work on /home/athlon/projects/airflow/.venv/lib/python3.11/site-packages/airflow/example_dags/example_display_name.py
[2024-04-26T21:42:04.779-0300] {processor.py:830} INFO - Processing file /home/athlon/projects/airflow/.venv/lib/python3.11/site-packages/airflow/example_dags/example_display_name.py for tasks to queue
[2024-04-26T21:42:04.782-0300] {logging_mixin.py:188} INFO - [2024-04-26T21:42:04.781-0300] {dagbag.py:540} INFO - Filling up the DagBag from /home/athlon/projects/airflow/.venv/lib/python3.11/site-packages/airflow/example_dags/example_display_name.py
[2024-04-26T21:42:04.791-0300] {processor.py:840} INFO - DAG(s) 'example_display_name' retrieved from /home/athlon/projects/airflow/.venv/lib/python3.11/site-packages/airflow/example_dags/example_display_name.py
[2024-04-26T21:42:04.814-0300] {logging_mixin.py:188} INFO - [2024-04-26T21:42:04.813-0300] {dag.py:3096} INFO - Sync 1 DAGs
[2024-04-26T21:42:04.831-0300] {logging_mixin.py:188} INFO - [2024-04-26T21:42:04.830-0300] {dag.py:3954} INFO - Setting next_dagrun for example_display_name to None, run_after=None
[2024-04-26T21:42:04.862-0300] {processor.py:183} INFO - Processing /home/athlon/projects/airflow/.venv/lib/python3.11/site-packages/airflow/example_dags/example_display_name.py took 0.094 seconds
[2024-04-26T21:43:05.623-0300] {processor.py:161} INFO - Started process (PID=19873) to work on /home/athlon/projects/airflow/.venv/lib/python3.11/site-packages/airflow/example_dags/example_display_name.py
[2024-04-26T21:43:05.629-0300] {processor.py:830} INFO - Processing file /home/athlon/projects/airflow/.venv/lib/python3.11/site-packages/airflow/example_dags/example_display_name.py for tasks to queue
[2024-04-26T21:43:05.632-0300] {logging_mixin.py:188} INFO - [2024-04-26T21:43:05.631-0300] {dagbag.py:540} INFO - Filling up the DagBag from /home/athlon/projects/airflow/.venv/lib/python3.11/site-packages/airflow/example_dags/example_display_name.py
[2024-04-26T21:43:05.642-0300] {processor.py:840} INFO - DAG(s) 'example_display_name' retrieved from /home/athlon/projects/airflow/.venv/lib/python3.11/site-packages/airflow/example_dags/example_display_name.py
[2024-04-26T21:43:05.666-0300] {logging_mixin.py:188} INFO - [2024-04-26T21:43:05.665-0300] {dag.py:3096} INFO - Sync 1 DAGs
[2024-04-26T21:43:05.683-0300] {logging_mixin.py:188} INFO - [2024-04-26T21:43:05.683-0300] {dag.py:3954} INFO - Setting next_dagrun for example_display_name to None, run_after=None
[2024-04-26T21:43:05.716-0300] {processor.py:183} INFO - Processing /home/athlon/projects/airflow/.venv/lib/python3.11/site-packages/airflow/example_dags/example_display_name.py took 0.104 seconds
[2024-04-26T21:44:02.165-0300] {processor.py:161} INFO - Started process (PID=19940) to work on /home/athlon/projects/airflow/.venv/lib/python3.11/site-packages/airflow/example_dags/example_display_name.py
[2024-04-26T21:44:02.171-0300] {processor.py:830} INFO - Processing file /home/athlon/projects/airflow/.venv/lib/python3.11/site-packages/airflow/example_dags/example_display_name.py for tasks to queue
[2024-04-26T21:44:02.174-0300] {logging_mixin.py:188} INFO - [2024-04-26T21:44:02.173-0300] {dagbag.py:540} INFO - Filling up the DagBag from /home/athlon/projects/airflow/.venv/lib/python3.11/site-packages/airflow/example_dags/example_display_name.py
[2024-04-26T21:44:02.184-0300] {processor.py:840} INFO - DAG(s) 'example_display_name' retrieved from /home/athlon/projects/airflow/.venv/lib/python3.11/site-packages/airflow/example_dags/example_display_name.py
[2024-04-26T21:44:02.208-0300] {logging_mixin.py:188} INFO - [2024-04-26T21:44:02.207-0300] {dag.py:3096} INFO - Sync 1 DAGs
[2024-04-26T21:44:02.225-0300] {logging_mixin.py:188} INFO - [2024-04-26T21:44:02.225-0300] {dag.py:3954} INFO - Setting next_dagrun for example_display_name to None, run_after=None
[2024-04-26T21:44:02.254-0300] {processor.py:183} INFO - Processing /home/athlon/projects/airflow/.venv/lib/python3.11/site-packages/airflow/example_dags/example_display_name.py took 0.100 seconds
[2024-04-26T21:44:54.807-0300] {processor.py:161} INFO - Started process (PID=20005) to work on /home/athlon/projects/airflow/.venv/lib/python3.11/site-packages/airflow/example_dags/example_display_name.py
[2024-04-26T21:44:54.813-0300] {processor.py:830} INFO - Processing file /home/athlon/projects/airflow/.venv/lib/python3.11/site-packages/airflow/example_dags/example_display_name.py for tasks to queue
[2024-04-26T21:44:54.815-0300] {logging_mixin.py:188} INFO - [2024-04-26T21:44:54.815-0300] {dagbag.py:540} INFO - Filling up the DagBag from /home/athlon/projects/airflow/.venv/lib/python3.11/site-packages/airflow/example_dags/example_display_name.py
[2024-04-26T21:44:54.826-0300] {processor.py:840} INFO - DAG(s) 'example_display_name' retrieved from /home/athlon/projects/airflow/.venv/lib/python3.11/site-packages/airflow/example_dags/example_display_name.py
[2024-04-26T21:44:54.850-0300] {logging_mixin.py:188} INFO - [2024-04-26T21:44:54.849-0300] {dag.py:3096} INFO - Sync 1 DAGs
[2024-04-26T21:44:54.868-0300] {logging_mixin.py:188} INFO - [2024-04-26T21:44:54.868-0300] {dag.py:3954} INFO - Setting next_dagrun for example_display_name to None, run_after=None
[2024-04-26T21:44:54.898-0300] {processor.py:183} INFO - Processing /home/athlon/projects/airflow/.venv/lib/python3.11/site-packages/airflow/example_dags/example_display_name.py took 0.102 seconds
[2024-04-26T21:45:53.673-0300] {processor.py:161} INFO - Started process (PID=20070) to work on /home/athlon/projects/airflow/.venv/lib/python3.11/site-packages/airflow/example_dags/example_display_name.py
[2024-04-26T21:45:53.675-0300] {processor.py:830} INFO - Processing file /home/athlon/projects/airflow/.venv/lib/python3.11/site-packages/airflow/example_dags/example_display_name.py for tasks to queue
[2024-04-26T21:45:53.678-0300] {logging_mixin.py:188} INFO - [2024-04-26T21:45:53.677-0300] {dagbag.py:540} INFO - Filling up the DagBag from /home/athlon/projects/airflow/.venv/lib/python3.11/site-packages/airflow/example_dags/example_display_name.py
[2024-04-26T21:45:53.688-0300] {processor.py:840} INFO - DAG(s) 'example_display_name' retrieved from /home/athlon/projects/airflow/.venv/lib/python3.11/site-packages/airflow/example_dags/example_display_name.py
[2024-04-26T21:45:53.710-0300] {logging_mixin.py:188} INFO - [2024-04-26T21:45:53.710-0300] {dag.py:3096} INFO - Sync 1 DAGs
[2024-04-26T21:45:53.727-0300] {logging_mixin.py:188} INFO - [2024-04-26T21:45:53.727-0300] {dag.py:3954} INFO - Setting next_dagrun for example_display_name to None, run_after=None
[2024-04-26T21:45:53.757-0300] {processor.py:183} INFO - Processing /home/athlon/projects/airflow/.venv/lib/python3.11/site-packages/airflow/example_dags/example_display_name.py took 0.094 seconds
[2024-04-26T21:46:52.471-0300] {processor.py:161} INFO - Started process (PID=20135) to work on /home/athlon/projects/airflow/.venv/lib/python3.11/site-packages/airflow/example_dags/example_display_name.py
[2024-04-26T21:46:52.476-0300] {processor.py:830} INFO - Processing file /home/athlon/projects/airflow/.venv/lib/python3.11/site-packages/airflow/example_dags/example_display_name.py for tasks to queue
[2024-04-26T21:46:52.479-0300] {logging_mixin.py:188} INFO - [2024-04-26T21:46:52.479-0300] {dagbag.py:540} INFO - Filling up the DagBag from /home/athlon/projects/airflow/.venv/lib/python3.11/site-packages/airflow/example_dags/example_display_name.py
[2024-04-26T21:46:52.490-0300] {processor.py:840} INFO - DAG(s) 'example_display_name' retrieved from /home/athlon/projects/airflow/.venv/lib/python3.11/site-packages/airflow/example_dags/example_display_name.py
[2024-04-26T21:46:52.513-0300] {logging_mixin.py:188} INFO - [2024-04-26T21:46:52.512-0300] {dag.py:3096} INFO - Sync 1 DAGs
[2024-04-26T21:46:52.529-0300] {logging_mixin.py:188} INFO - [2024-04-26T21:46:52.529-0300] {dag.py:3954} INFO - Setting next_dagrun for example_display_name to None, run_after=None
[2024-04-26T21:46:52.559-0300] {processor.py:183} INFO - Processing /home/athlon/projects/airflow/.venv/lib/python3.11/site-packages/airflow/example_dags/example_display_name.py took 0.099 seconds
[2024-04-26T21:47:50.468-0300] {processor.py:161} INFO - Started process (PID=20201) to work on /home/athlon/projects/airflow/.venv/lib/python3.11/site-packages/airflow/example_dags/example_display_name.py
[2024-04-26T21:47:50.474-0300] {processor.py:830} INFO - Processing file /home/athlon/projects/airflow/.venv/lib/python3.11/site-packages/airflow/example_dags/example_display_name.py for tasks to queue
[2024-04-26T21:47:50.476-0300] {logging_mixin.py:188} INFO - [2024-04-26T21:47:50.476-0300] {dagbag.py:540} INFO - Filling up the DagBag from /home/athlon/projects/airflow/.venv/lib/python3.11/site-packages/airflow/example_dags/example_display_name.py
[2024-04-26T21:47:50.486-0300] {processor.py:840} INFO - DAG(s) 'example_display_name' retrieved from /home/athlon/projects/airflow/.venv/lib/python3.11/site-packages/airflow/example_dags/example_display_name.py
[2024-04-26T21:47:50.509-0300] {logging_mixin.py:188} INFO - [2024-04-26T21:47:50.509-0300] {dag.py:3096} INFO - Sync 1 DAGs
[2024-04-26T21:47:50.527-0300] {logging_mixin.py:188} INFO - [2024-04-26T21:47:50.527-0300] {dag.py:3954} INFO - Setting next_dagrun for example_display_name to None, run_after=None
[2024-04-26T21:47:50.557-0300] {processor.py:183} INFO - Processing /home/athlon/projects/airflow/.venv/lib/python3.11/site-packages/airflow/example_dags/example_display_name.py took 0.099 seconds
[2024-04-26T21:48:45.699-0300] {processor.py:161} INFO - Started process (PID=20266) to work on /home/athlon/projects/airflow/.venv/lib/python3.11/site-packages/airflow/example_dags/example_display_name.py
[2024-04-26T21:48:45.704-0300] {processor.py:830} INFO - Processing file /home/athlon/projects/airflow/.venv/lib/python3.11/site-packages/airflow/example_dags/example_display_name.py for tasks to queue
[2024-04-26T21:48:45.707-0300] {logging_mixin.py:188} INFO - [2024-04-26T21:48:45.707-0300] {dagbag.py:540} INFO - Filling up the DagBag from /home/athlon/projects/airflow/.venv/lib/python3.11/site-packages/airflow/example_dags/example_display_name.py
[2024-04-26T21:48:45.718-0300] {processor.py:840} INFO - DAG(s) 'example_display_name' retrieved from /home/athlon/projects/airflow/.venv/lib/python3.11/site-packages/airflow/example_dags/example_display_name.py
[2024-04-26T21:48:45.741-0300] {logging_mixin.py:188} INFO - [2024-04-26T21:48:45.741-0300] {dag.py:3096} INFO - Sync 1 DAGs
[2024-04-26T21:48:45.759-0300] {logging_mixin.py:188} INFO - [2024-04-26T21:48:45.758-0300] {dag.py:3954} INFO - Setting next_dagrun for example_display_name to None, run_after=None
[2024-04-26T21:48:45.789-0300] {processor.py:183} INFO - Processing /home/athlon/projects/airflow/.venv/lib/python3.11/site-packages/airflow/example_dags/example_display_name.py took 0.101 seconds
[2024-04-26T21:49:39.393-0300] {processor.py:161} INFO - Started process (PID=20330) to work on /home/athlon/projects/airflow/.venv/lib/python3.11/site-packages/airflow/example_dags/example_display_name.py
[2024-04-26T21:49:39.398-0300] {processor.py:830} INFO - Processing file /home/athlon/projects/airflow/.venv/lib/python3.11/site-packages/airflow/example_dags/example_display_name.py for tasks to queue
[2024-04-26T21:49:39.401-0300] {logging_mixin.py:188} INFO - [2024-04-26T21:49:39.401-0300] {dagbag.py:540} INFO - Filling up the DagBag from /home/athlon/projects/airflow/.venv/lib/python3.11/site-packages/airflow/example_dags/example_display_name.py
[2024-04-26T21:49:39.412-0300] {processor.py:840} INFO - DAG(s) 'example_display_name' retrieved from /home/athlon/projects/airflow/.venv/lib/python3.11/site-packages/airflow/example_dags/example_display_name.py
[2024-04-26T21:49:39.440-0300] {logging_mixin.py:188} INFO - [2024-04-26T21:49:39.440-0300] {dag.py:3096} INFO - Sync 1 DAGs
[2024-04-26T21:49:39.457-0300] {logging_mixin.py:188} INFO - [2024-04-26T21:49:39.457-0300] {dag.py:3954} INFO - Setting next_dagrun for example_display_name to None, run_after=None
[2024-04-26T21:49:39.490-0300] {processor.py:183} INFO - Processing /home/athlon/projects/airflow/.venv/lib/python3.11/site-packages/airflow/example_dags/example_display_name.py took 0.107 seconds
[2024-04-26T21:50:37.214-0300] {processor.py:161} INFO - Started process (PID=20396) to work on /home/athlon/projects/airflow/.venv/lib/python3.11/site-packages/airflow/example_dags/example_display_name.py
[2024-04-26T21:50:37.220-0300] {processor.py:830} INFO - Processing file /home/athlon/projects/airflow/.venv/lib/python3.11/site-packages/airflow/example_dags/example_display_name.py for tasks to queue
[2024-04-26T21:50:37.224-0300] {logging_mixin.py:188} INFO - [2024-04-26T21:50:37.223-0300] {dagbag.py:540} INFO - Filling up the DagBag from /home/athlon/projects/airflow/.venv/lib/python3.11/site-packages/airflow/example_dags/example_display_name.py
[2024-04-26T21:50:37.235-0300] {processor.py:840} INFO - DAG(s) 'example_display_name' retrieved from /home/athlon/projects/airflow/.venv/lib/python3.11/site-packages/airflow/example_dags/example_display_name.py
[2024-04-26T21:50:37.256-0300] {logging_mixin.py:188} INFO - [2024-04-26T21:50:37.256-0300] {dag.py:3096} INFO - Sync 1 DAGs
[2024-04-26T21:50:37.274-0300] {logging_mixin.py:188} INFO - [2024-04-26T21:50:37.273-0300] {dag.py:3954} INFO - Setting next_dagrun for example_display_name to None, run_after=None
[2024-04-26T21:50:37.303-0300] {processor.py:183} INFO - Processing /home/athlon/projects/airflow/.venv/lib/python3.11/site-packages/airflow/example_dags/example_display_name.py took 0.099 seconds
[2024-04-26T21:51:32.542-0300] {processor.py:161} INFO - Started process (PID=20472) to work on /home/athlon/projects/airflow/.venv/lib/python3.11/site-packages/airflow/example_dags/example_display_name.py
[2024-04-26T21:51:32.548-0300] {processor.py:830} INFO - Processing file /home/athlon/projects/airflow/.venv/lib/python3.11/site-packages/airflow/example_dags/example_display_name.py for tasks to queue
[2024-04-26T21:51:32.551-0300] {logging_mixin.py:188} INFO - [2024-04-26T21:51:32.550-0300] {dagbag.py:540} INFO - Filling up the DagBag from /home/athlon/projects/airflow/.venv/lib/python3.11/site-packages/airflow/example_dags/example_display_name.py
[2024-04-26T21:51:32.562-0300] {processor.py:840} INFO - DAG(s) 'example_display_name' retrieved from /home/athlon/projects/airflow/.venv/lib/python3.11/site-packages/airflow/example_dags/example_display_name.py
[2024-04-26T21:51:32.585-0300] {logging_mixin.py:188} INFO - [2024-04-26T21:51:32.585-0300] {dag.py:3096} INFO - Sync 1 DAGs
[2024-04-26T21:51:32.602-0300] {logging_mixin.py:188} INFO - [2024-04-26T21:51:32.602-0300] {dag.py:3954} INFO - Setting next_dagrun for example_display_name to None, run_after=None
[2024-04-26T21:51:32.632-0300] {processor.py:183} INFO - Processing /home/athlon/projects/airflow/.venv/lib/python3.11/site-packages/airflow/example_dags/example_display_name.py took 0.100 seconds
[2024-04-26T21:52:29.791-0300] {processor.py:161} INFO - Started process (PID=20645) to work on /home/athlon/projects/airflow/.venv/lib/python3.11/site-packages/airflow/example_dags/example_display_name.py
[2024-04-26T21:52:29.793-0300] {processor.py:830} INFO - Processing file /home/athlon/projects/airflow/.venv/lib/python3.11/site-packages/airflow/example_dags/example_display_name.py for tasks to queue
[2024-04-26T21:52:29.797-0300] {logging_mixin.py:188} INFO - [2024-04-26T21:52:29.797-0300] {dagbag.py:540} INFO - Filling up the DagBag from /home/athlon/projects/airflow/.venv/lib/python3.11/site-packages/airflow/example_dags/example_display_name.py
[2024-04-26T21:52:29.821-0300] {processor.py:840} INFO - DAG(s) 'example_display_name' retrieved from /home/athlon/projects/airflow/.venv/lib/python3.11/site-packages/airflow/example_dags/example_display_name.py
[2024-04-26T21:52:29.855-0300] {logging_mixin.py:188} INFO - [2024-04-26T21:52:29.855-0300] {dag.py:3096} INFO - Sync 1 DAGs
[2024-04-26T21:52:29.895-0300] {logging_mixin.py:188} INFO - [2024-04-26T21:52:29.894-0300] {dag.py:3954} INFO - Setting next_dagrun for example_display_name to None, run_after=None
[2024-04-26T21:52:29.940-0300] {processor.py:183} INFO - Processing /home/athlon/projects/airflow/.venv/lib/python3.11/site-packages/airflow/example_dags/example_display_name.py took 0.164 seconds
[2024-04-26T21:53:25.247-0300] {processor.py:161} INFO - Started process (PID=20708) to work on /home/athlon/projects/airflow/.venv/lib/python3.11/site-packages/airflow/example_dags/example_display_name.py
[2024-04-26T21:53:25.253-0300] {processor.py:830} INFO - Processing file /home/athlon/projects/airflow/.venv/lib/python3.11/site-packages/airflow/example_dags/example_display_name.py for tasks to queue
[2024-04-26T21:53:25.256-0300] {logging_mixin.py:188} INFO - [2024-04-26T21:53:25.256-0300] {dagbag.py:540} INFO - Filling up the DagBag from /home/athlon/projects/airflow/.venv/lib/python3.11/site-packages/airflow/example_dags/example_display_name.py
[2024-04-26T21:53:25.268-0300] {processor.py:840} INFO - DAG(s) 'example_display_name' retrieved from /home/athlon/projects/airflow/.venv/lib/python3.11/site-packages/airflow/example_dags/example_display_name.py
[2024-04-26T21:53:25.292-0300] {logging_mixin.py:188} INFO - [2024-04-26T21:53:25.292-0300] {dag.py:3096} INFO - Sync 1 DAGs
[2024-04-26T21:53:25.311-0300] {logging_mixin.py:188} INFO - [2024-04-26T21:53:25.311-0300] {dag.py:3954} INFO - Setting next_dagrun for example_display_name to None, run_after=None
[2024-04-26T21:53:25.342-0300] {processor.py:183} INFO - Processing /home/athlon/projects/airflow/.venv/lib/python3.11/site-packages/airflow/example_dags/example_display_name.py took 0.106 seconds
[2024-04-26T21:54:23.072-0300] {processor.py:161} INFO - Started process (PID=20813) to work on /home/athlon/projects/airflow/.venv/lib/python3.11/site-packages/airflow/example_dags/example_display_name.py
[2024-04-26T21:54:23.074-0300] {processor.py:830} INFO - Processing file /home/athlon/projects/airflow/.venv/lib/python3.11/site-packages/airflow/example_dags/example_display_name.py for tasks to queue
[2024-04-26T21:54:23.079-0300] {logging_mixin.py:188} INFO - [2024-04-26T21:54:23.078-0300] {dagbag.py:540} INFO - Filling up the DagBag from /home/athlon/projects/airflow/.venv/lib/python3.11/site-packages/airflow/example_dags/example_display_name.py
[2024-04-26T21:54:23.092-0300] {processor.py:840} INFO - DAG(s) 'example_display_name' retrieved from /home/athlon/projects/airflow/.venv/lib/python3.11/site-packages/airflow/example_dags/example_display_name.py
[2024-04-26T21:54:23.122-0300] {logging_mixin.py:188} INFO - [2024-04-26T21:54:23.121-0300] {dag.py:3096} INFO - Sync 1 DAGs
[2024-04-26T21:54:23.143-0300] {logging_mixin.py:188} INFO - [2024-04-26T21:54:23.143-0300] {dag.py:3954} INFO - Setting next_dagrun for example_display_name to None, run_after=None
[2024-04-26T21:54:23.182-0300] {processor.py:183} INFO - Processing /home/athlon/projects/airflow/.venv/lib/python3.11/site-packages/airflow/example_dags/example_display_name.py took 0.121 seconds
[2024-04-26T21:55:47.085-0300] {processor.py:161} INFO - Started process (PID=21558) to work on /home/athlon/projects/airflow/.venv/lib/python3.11/site-packages/airflow/example_dags/example_display_name.py
[2024-04-26T21:55:47.091-0300] {processor.py:830} INFO - Processing file /home/athlon/projects/airflow/.venv/lib/python3.11/site-packages/airflow/example_dags/example_display_name.py for tasks to queue
[2024-04-26T21:55:47.094-0300] {logging_mixin.py:188} INFO - [2024-04-26T21:55:47.093-0300] {dagbag.py:540} INFO - Filling up the DagBag from /home/athlon/projects/airflow/.venv/lib/python3.11/site-packages/airflow/example_dags/example_display_name.py
[2024-04-26T21:55:47.104-0300] {processor.py:840} INFO - DAG(s) 'example_display_name' retrieved from /home/athlon/projects/airflow/.venv/lib/python3.11/site-packages/airflow/example_dags/example_display_name.py
[2024-04-26T21:55:47.126-0300] {logging_mixin.py:188} INFO - [2024-04-26T21:55:47.126-0300] {dag.py:3096} INFO - Sync 1 DAGs
[2024-04-26T21:55:47.144-0300] {logging_mixin.py:188} INFO - [2024-04-26T21:55:47.143-0300] {dag.py:3954} INFO - Setting next_dagrun for example_display_name to None, run_after=None
[2024-04-26T21:55:47.174-0300] {processor.py:183} INFO - Processing /home/athlon/projects/airflow/.venv/lib/python3.11/site-packages/airflow/example_dags/example_display_name.py took 0.098 seconds
[2024-04-26T21:56:48.343-0300] {processor.py:161} INFO - Started process (PID=21750) to work on /home/athlon/projects/airflow/.venv/lib/python3.11/site-packages/airflow/example_dags/example_display_name.py
[2024-04-26T21:56:48.344-0300] {processor.py:830} INFO - Processing file /home/athlon/projects/airflow/.venv/lib/python3.11/site-packages/airflow/example_dags/example_display_name.py for tasks to queue
[2024-04-26T21:56:48.348-0300] {logging_mixin.py:188} INFO - [2024-04-26T21:56:48.347-0300] {dagbag.py:540} INFO - Filling up the DagBag from /home/athlon/projects/airflow/.venv/lib/python3.11/site-packages/airflow/example_dags/example_display_name.py
[2024-04-26T21:56:48.364-0300] {processor.py:840} INFO - DAG(s) 'example_display_name' retrieved from /home/athlon/projects/airflow/.venv/lib/python3.11/site-packages/airflow/example_dags/example_display_name.py
[2024-04-26T21:56:48.390-0300] {logging_mixin.py:188} INFO - [2024-04-26T21:56:48.390-0300] {dag.py:3096} INFO - Sync 1 DAGs
[2024-04-26T21:56:48.412-0300] {logging_mixin.py:188} INFO - [2024-04-26T21:56:48.412-0300] {dag.py:3954} INFO - Setting next_dagrun for example_display_name to None, run_after=None
[2024-04-26T21:56:48.448-0300] {processor.py:183} INFO - Processing /home/athlon/projects/airflow/.venv/lib/python3.11/site-packages/airflow/example_dags/example_display_name.py took 0.122 seconds
[2024-04-26T21:57:48.248-0300] {processor.py:161} INFO - Started process (PID=21937) to work on /home/athlon/projects/airflow/.venv/lib/python3.11/site-packages/airflow/example_dags/example_display_name.py
[2024-04-26T21:57:48.254-0300] {processor.py:830} INFO - Processing file /home/athlon/projects/airflow/.venv/lib/python3.11/site-packages/airflow/example_dags/example_display_name.py for tasks to queue
[2024-04-26T21:57:48.256-0300] {logging_mixin.py:188} INFO - [2024-04-26T21:57:48.256-0300] {dagbag.py:540} INFO - Filling up the DagBag from /home/athlon/projects/airflow/.venv/lib/python3.11/site-packages/airflow/example_dags/example_display_name.py
[2024-04-26T21:57:48.266-0300] {processor.py:840} INFO - DAG(s) 'example_display_name' retrieved from /home/athlon/projects/airflow/.venv/lib/python3.11/site-packages/airflow/example_dags/example_display_name.py
[2024-04-26T21:57:48.298-0300] {logging_mixin.py:188} INFO - [2024-04-26T21:57:48.297-0300] {dag.py:3096} INFO - Sync 1 DAGs
[2024-04-26T21:57:48.320-0300] {logging_mixin.py:188} INFO - [2024-04-26T21:57:48.320-0300] {dag.py:3954} INFO - Setting next_dagrun for example_display_name to None, run_after=None
[2024-04-26T21:57:48.351-0300] {processor.py:183} INFO - Processing /home/athlon/projects/airflow/.venv/lib/python3.11/site-packages/airflow/example_dags/example_display_name.py took 0.111 seconds
[2024-04-26T21:58:47.198-0300] {processor.py:161} INFO - Started process (PID=22060) to work on /home/athlon/projects/airflow/.venv/lib/python3.11/site-packages/airflow/example_dags/example_display_name.py
[2024-04-26T21:58:47.200-0300] {processor.py:830} INFO - Processing file /home/athlon/projects/airflow/.venv/lib/python3.11/site-packages/airflow/example_dags/example_display_name.py for tasks to queue
[2024-04-26T21:58:47.202-0300] {logging_mixin.py:188} INFO - [2024-04-26T21:58:47.202-0300] {dagbag.py:540} INFO - Filling up the DagBag from /home/athlon/projects/airflow/.venv/lib/python3.11/site-packages/airflow/example_dags/example_display_name.py
[2024-04-26T21:58:47.214-0300] {processor.py:840} INFO - DAG(s) 'example_display_name' retrieved from /home/athlon/projects/airflow/.venv/lib/python3.11/site-packages/airflow/example_dags/example_display_name.py
[2024-04-26T21:58:47.242-0300] {logging_mixin.py:188} INFO - [2024-04-26T21:58:47.241-0300] {dag.py:3096} INFO - Sync 1 DAGs
[2024-04-26T21:58:47.268-0300] {logging_mixin.py:188} INFO - [2024-04-26T21:58:47.268-0300] {dag.py:3954} INFO - Setting next_dagrun for example_display_name to None, run_after=None
[2024-04-26T21:58:47.310-0300] {processor.py:183} INFO - Processing /home/athlon/projects/airflow/.venv/lib/python3.11/site-packages/airflow/example_dags/example_display_name.py took 0.126 seconds
[2024-04-26T21:59:43.308-0300] {processor.py:161} INFO - Started process (PID=22240) to work on /home/athlon/projects/airflow/.venv/lib/python3.11/site-packages/airflow/example_dags/example_display_name.py
[2024-04-26T21:59:43.314-0300] {processor.py:830} INFO - Processing file /home/athlon/projects/airflow/.venv/lib/python3.11/site-packages/airflow/example_dags/example_display_name.py for tasks to queue
[2024-04-26T21:59:43.317-0300] {logging_mixin.py:188} INFO - [2024-04-26T21:59:43.316-0300] {dagbag.py:540} INFO - Filling up the DagBag from /home/athlon/projects/airflow/.venv/lib/python3.11/site-packages/airflow/example_dags/example_display_name.py
[2024-04-26T21:59:43.329-0300] {processor.py:840} INFO - DAG(s) 'example_display_name' retrieved from /home/athlon/projects/airflow/.venv/lib/python3.11/site-packages/airflow/example_dags/example_display_name.py
[2024-04-26T21:59:43.354-0300] {logging_mixin.py:188} INFO - [2024-04-26T21:59:43.353-0300] {dag.py:3096} INFO - Sync 1 DAGs
[2024-04-26T21:59:43.374-0300] {logging_mixin.py:188} INFO - [2024-04-26T21:59:43.373-0300] {dag.py:3954} INFO - Setting next_dagrun for example_display_name to None, run_after=None
[2024-04-26T21:59:43.408-0300] {processor.py:183} INFO - Processing /home/athlon/projects/airflow/.venv/lib/python3.11/site-packages/airflow/example_dags/example_display_name.py took 0.111 seconds
[2024-04-26T22:00:46.467-0300] {processor.py:161} INFO - Started process (PID=22316) to work on /home/athlon/projects/airflow/.venv/lib/python3.11/site-packages/airflow/example_dags/example_display_name.py
[2024-04-26T22:00:46.472-0300] {processor.py:830} INFO - Processing file /home/athlon/projects/airflow/.venv/lib/python3.11/site-packages/airflow/example_dags/example_display_name.py for tasks to queue
[2024-04-26T22:00:46.475-0300] {logging_mixin.py:188} INFO - [2024-04-26T22:00:46.475-0300] {dagbag.py:540} INFO - Filling up the DagBag from /home/athlon/projects/airflow/.venv/lib/python3.11/site-packages/airflow/example_dags/example_display_name.py
[2024-04-26T22:00:46.487-0300] {processor.py:840} INFO - DAG(s) 'example_display_name' retrieved from /home/athlon/projects/airflow/.venv/lib/python3.11/site-packages/airflow/example_dags/example_display_name.py
[2024-04-26T22:00:46.511-0300] {logging_mixin.py:188} INFO - [2024-04-26T22:00:46.511-0300] {dag.py:3096} INFO - Sync 1 DAGs
[2024-04-26T22:00:46.530-0300] {logging_mixin.py:188} INFO - [2024-04-26T22:00:46.529-0300] {dag.py:3954} INFO - Setting next_dagrun for example_display_name to None, run_after=None
[2024-04-26T22:00:46.561-0300] {processor.py:183} INFO - Processing /home/athlon/projects/airflow/.venv/lib/python3.11/site-packages/airflow/example_dags/example_display_name.py took 0.105 seconds
[2024-04-26T22:01:48.926-0300] {processor.py:161} INFO - Started process (PID=22385) to work on /home/athlon/projects/airflow/.venv/lib/python3.11/site-packages/airflow/example_dags/example_display_name.py
[2024-04-26T22:01:48.932-0300] {processor.py:830} INFO - Processing file /home/athlon/projects/airflow/.venv/lib/python3.11/site-packages/airflow/example_dags/example_display_name.py for tasks to queue
[2024-04-26T22:01:48.935-0300] {logging_mixin.py:188} INFO - [2024-04-26T22:01:48.934-0300] {dagbag.py:540} INFO - Filling up the DagBag from /home/athlon/projects/airflow/.venv/lib/python3.11/site-packages/airflow/example_dags/example_display_name.py
[2024-04-26T22:01:48.946-0300] {processor.py:840} INFO - DAG(s) 'example_display_name' retrieved from /home/athlon/projects/airflow/.venv/lib/python3.11/site-packages/airflow/example_dags/example_display_name.py
[2024-04-26T22:01:48.971-0300] {logging_mixin.py:188} INFO - [2024-04-26T22:01:48.970-0300] {dag.py:3096} INFO - Sync 1 DAGs
[2024-04-26T22:01:48.989-0300] {logging_mixin.py:188} INFO - [2024-04-26T22:01:48.988-0300] {dag.py:3954} INFO - Setting next_dagrun for example_display_name to None, run_after=None
[2024-04-26T22:01:49.020-0300] {processor.py:183} INFO - Processing /home/athlon/projects/airflow/.venv/lib/python3.11/site-packages/airflow/example_dags/example_display_name.py took 0.105 seconds
[2024-04-26T22:02:53.789-0300] {processor.py:161} INFO - Started process (PID=22453) to work on /home/athlon/projects/airflow/.venv/lib/python3.11/site-packages/airflow/example_dags/example_display_name.py
[2024-04-26T22:02:53.795-0300] {processor.py:830} INFO - Processing file /home/athlon/projects/airflow/.venv/lib/python3.11/site-packages/airflow/example_dags/example_display_name.py for tasks to queue
[2024-04-26T22:02:53.798-0300] {logging_mixin.py:188} INFO - [2024-04-26T22:02:53.797-0300] {dagbag.py:540} INFO - Filling up the DagBag from /home/athlon/projects/airflow/.venv/lib/python3.11/site-packages/airflow/example_dags/example_display_name.py
[2024-04-26T22:02:53.810-0300] {processor.py:840} INFO - DAG(s) 'example_display_name' retrieved from /home/athlon/projects/airflow/.venv/lib/python3.11/site-packages/airflow/example_dags/example_display_name.py
[2024-04-26T22:02:53.837-0300] {logging_mixin.py:188} INFO - [2024-04-26T22:02:53.837-0300] {dag.py:3096} INFO - Sync 1 DAGs
[2024-04-26T22:02:53.857-0300] {logging_mixin.py:188} INFO - [2024-04-26T22:02:53.857-0300] {dag.py:3954} INFO - Setting next_dagrun for example_display_name to None, run_after=None
[2024-04-26T22:02:53.891-0300] {processor.py:183} INFO - Processing /home/athlon/projects/airflow/.venv/lib/python3.11/site-packages/airflow/example_dags/example_display_name.py took 0.114 seconds
[2024-04-26T22:03:54.256-0300] {processor.py:161} INFO - Started process (PID=22531) to work on /home/athlon/projects/airflow/.venv/lib/python3.11/site-packages/airflow/example_dags/example_display_name.py
[2024-04-26T22:03:54.262-0300] {processor.py:830} INFO - Processing file /home/athlon/projects/airflow/.venv/lib/python3.11/site-packages/airflow/example_dags/example_display_name.py for tasks to queue
[2024-04-26T22:03:54.266-0300] {logging_mixin.py:188} INFO - [2024-04-26T22:03:54.265-0300] {dagbag.py:540} INFO - Filling up the DagBag from /home/athlon/projects/airflow/.venv/lib/python3.11/site-packages/airflow/example_dags/example_display_name.py
[2024-04-26T22:03:54.278-0300] {processor.py:840} INFO - DAG(s) 'example_display_name' retrieved from /home/athlon/projects/airflow/.venv/lib/python3.11/site-packages/airflow/example_dags/example_display_name.py
[2024-04-26T22:03:54.303-0300] {logging_mixin.py:188} INFO - [2024-04-26T22:03:54.303-0300] {dag.py:3096} INFO - Sync 1 DAGs
[2024-04-26T22:03:54.321-0300] {logging_mixin.py:188} INFO - [2024-04-26T22:03:54.321-0300] {dag.py:3954} INFO - Setting next_dagrun for example_display_name to None, run_after=None
[2024-04-26T22:03:54.353-0300] {processor.py:183} INFO - Processing /home/athlon/projects/airflow/.venv/lib/python3.11/site-packages/airflow/example_dags/example_display_name.py took 0.109 seconds
[2024-04-26T22:04:51.854-0300] {processor.py:161} INFO - Started process (PID=22675) to work on /home/athlon/projects/airflow/.venv/lib/python3.11/site-packages/airflow/example_dags/example_display_name.py
[2024-04-26T22:04:51.859-0300] {processor.py:830} INFO - Processing file /home/athlon/projects/airflow/.venv/lib/python3.11/site-packages/airflow/example_dags/example_display_name.py for tasks to queue
[2024-04-26T22:04:51.862-0300] {logging_mixin.py:188} INFO - [2024-04-26T22:04:51.862-0300] {dagbag.py:540} INFO - Filling up the DagBag from /home/athlon/projects/airflow/.venv/lib/python3.11/site-packages/airflow/example_dags/example_display_name.py
[2024-04-26T22:04:51.873-0300] {processor.py:840} INFO - DAG(s) 'example_display_name' retrieved from /home/athlon/projects/airflow/.venv/lib/python3.11/site-packages/airflow/example_dags/example_display_name.py
[2024-04-26T22:04:51.897-0300] {logging_mixin.py:188} INFO - [2024-04-26T22:04:51.897-0300] {dag.py:3096} INFO - Sync 1 DAGs
[2024-04-26T22:04:51.915-0300] {logging_mixin.py:188} INFO - [2024-04-26T22:04:51.914-0300] {dag.py:3954} INFO - Setting next_dagrun for example_display_name to None, run_after=None
[2024-04-26T22:04:51.944-0300] {processor.py:183} INFO - Processing /home/athlon/projects/airflow/.venv/lib/python3.11/site-packages/airflow/example_dags/example_display_name.py took 0.102 seconds
[2024-04-26T22:05:49.678-0300] {processor.py:161} INFO - Started process (PID=22750) to work on /home/athlon/projects/airflow/.venv/lib/python3.11/site-packages/airflow/example_dags/example_display_name.py
[2024-04-26T22:05:49.683-0300] {processor.py:830} INFO - Processing file /home/athlon/projects/airflow/.venv/lib/python3.11/site-packages/airflow/example_dags/example_display_name.py for tasks to queue
[2024-04-26T22:05:49.686-0300] {logging_mixin.py:188} INFO - [2024-04-26T22:05:49.686-0300] {dagbag.py:540} INFO - Filling up the DagBag from /home/athlon/projects/airflow/.venv/lib/python3.11/site-packages/airflow/example_dags/example_display_name.py
[2024-04-26T22:05:49.698-0300] {processor.py:840} INFO - DAG(s) 'example_display_name' retrieved from /home/athlon/projects/airflow/.venv/lib/python3.11/site-packages/airflow/example_dags/example_display_name.py
[2024-04-26T22:05:49.723-0300] {logging_mixin.py:188} INFO - [2024-04-26T22:05:49.722-0300] {dag.py:3096} INFO - Sync 1 DAGs
[2024-04-26T22:05:49.741-0300] {logging_mixin.py:188} INFO - [2024-04-26T22:05:49.741-0300] {dag.py:3954} INFO - Setting next_dagrun for example_display_name to None, run_after=None
[2024-04-26T22:05:49.772-0300] {processor.py:183} INFO - Processing /home/athlon/projects/airflow/.venv/lib/python3.11/site-packages/airflow/example_dags/example_display_name.py took 0.106 seconds
[2024-04-26T22:06:48.497-0300] {processor.py:161} INFO - Started process (PID=22814) to work on /home/athlon/projects/airflow/.venv/lib/python3.11/site-packages/airflow/example_dags/example_display_name.py
[2024-04-26T22:06:48.503-0300] {processor.py:830} INFO - Processing file /home/athlon/projects/airflow/.venv/lib/python3.11/site-packages/airflow/example_dags/example_display_name.py for tasks to queue
[2024-04-26T22:06:48.506-0300] {logging_mixin.py:188} INFO - [2024-04-26T22:06:48.505-0300] {dagbag.py:540} INFO - Filling up the DagBag from /home/athlon/projects/airflow/.venv/lib/python3.11/site-packages/airflow/example_dags/example_display_name.py
[2024-04-26T22:06:48.517-0300] {processor.py:840} INFO - DAG(s) 'example_display_name' retrieved from /home/athlon/projects/airflow/.venv/lib/python3.11/site-packages/airflow/example_dags/example_display_name.py
[2024-04-26T22:06:48.542-0300] {logging_mixin.py:188} INFO - [2024-04-26T22:06:48.542-0300] {dag.py:3096} INFO - Sync 1 DAGs
[2024-04-26T22:06:48.560-0300] {logging_mixin.py:188} INFO - [2024-04-26T22:06:48.559-0300] {dag.py:3954} INFO - Setting next_dagrun for example_display_name to None, run_after=None
[2024-04-26T22:06:48.591-0300] {processor.py:183} INFO - Processing /home/athlon/projects/airflow/.venv/lib/python3.11/site-packages/airflow/example_dags/example_display_name.py took 0.106 seconds
[2024-04-26T22:07:49.722-0300] {processor.py:161} INFO - Started process (PID=22880) to work on /home/athlon/projects/airflow/.venv/lib/python3.11/site-packages/airflow/example_dags/example_display_name.py
[2024-04-26T22:07:49.728-0300] {processor.py:830} INFO - Processing file /home/athlon/projects/airflow/.venv/lib/python3.11/site-packages/airflow/example_dags/example_display_name.py for tasks to queue
[2024-04-26T22:07:49.731-0300] {logging_mixin.py:188} INFO - [2024-04-26T22:07:49.730-0300] {dagbag.py:540} INFO - Filling up the DagBag from /home/athlon/projects/airflow/.venv/lib/python3.11/site-packages/airflow/example_dags/example_display_name.py
[2024-04-26T22:07:49.743-0300] {processor.py:840} INFO - DAG(s) 'example_display_name' retrieved from /home/athlon/projects/airflow/.venv/lib/python3.11/site-packages/airflow/example_dags/example_display_name.py
[2024-04-26T22:07:49.767-0300] {logging_mixin.py:188} INFO - [2024-04-26T22:07:49.767-0300] {dag.py:3096} INFO - Sync 1 DAGs
[2024-04-26T22:07:49.785-0300] {logging_mixin.py:188} INFO - [2024-04-26T22:07:49.784-0300] {dag.py:3954} INFO - Setting next_dagrun for example_display_name to None, run_after=None
[2024-04-26T22:07:49.815-0300] {processor.py:183} INFO - Processing /home/athlon/projects/airflow/.venv/lib/python3.11/site-packages/airflow/example_dags/example_display_name.py took 0.104 seconds
[2024-04-26T22:08:50.596-0300] {processor.py:161} INFO - Started process (PID=22948) to work on /home/athlon/projects/airflow/.venv/lib/python3.11/site-packages/airflow/example_dags/example_display_name.py
[2024-04-26T22:08:50.602-0300] {processor.py:830} INFO - Processing file /home/athlon/projects/airflow/.venv/lib/python3.11/site-packages/airflow/example_dags/example_display_name.py for tasks to queue
[2024-04-26T22:08:50.605-0300] {logging_mixin.py:188} INFO - [2024-04-26T22:08:50.605-0300] {dagbag.py:540} INFO - Filling up the DagBag from /home/athlon/projects/airflow/.venv/lib/python3.11/site-packages/airflow/example_dags/example_display_name.py
[2024-04-26T22:08:50.617-0300] {processor.py:840} INFO - DAG(s) 'example_display_name' retrieved from /home/athlon/projects/airflow/.venv/lib/python3.11/site-packages/airflow/example_dags/example_display_name.py
[2024-04-26T22:08:50.641-0300] {logging_mixin.py:188} INFO - [2024-04-26T22:08:50.641-0300] {dag.py:3096} INFO - Sync 1 DAGs
[2024-04-26T22:08:50.659-0300] {logging_mixin.py:188} INFO - [2024-04-26T22:08:50.658-0300] {dag.py:3954} INFO - Setting next_dagrun for example_display_name to None, run_after=None
[2024-04-26T22:08:50.690-0300] {processor.py:183} INFO - Processing /home/athlon/projects/airflow/.venv/lib/python3.11/site-packages/airflow/example_dags/example_display_name.py took 0.104 seconds
[2024-04-26T22:09:48.845-0300] {processor.py:161} INFO - Started process (PID=23047) to work on /home/athlon/projects/airflow/.venv/lib/python3.11/site-packages/airflow/example_dags/example_display_name.py
[2024-04-26T22:09:48.850-0300] {processor.py:830} INFO - Processing file /home/athlon/projects/airflow/.venv/lib/python3.11/site-packages/airflow/example_dags/example_display_name.py for tasks to queue
[2024-04-26T22:09:48.853-0300] {logging_mixin.py:188} INFO - [2024-04-26T22:09:48.853-0300] {dagbag.py:540} INFO - Filling up the DagBag from /home/athlon/projects/airflow/.venv/lib/python3.11/site-packages/airflow/example_dags/example_display_name.py
[2024-04-26T22:09:48.865-0300] {processor.py:840} INFO - DAG(s) 'example_display_name' retrieved from /home/athlon/projects/airflow/.venv/lib/python3.11/site-packages/airflow/example_dags/example_display_name.py
[2024-04-26T22:09:48.890-0300] {logging_mixin.py:188} INFO - [2024-04-26T22:09:48.890-0300] {dag.py:3096} INFO - Sync 1 DAGs
[2024-04-26T22:09:48.909-0300] {logging_mixin.py:188} INFO - [2024-04-26T22:09:48.909-0300] {dag.py:3954} INFO - Setting next_dagrun for example_display_name to None, run_after=None
[2024-04-26T22:09:48.940-0300] {processor.py:183} INFO - Processing /home/athlon/projects/airflow/.venv/lib/python3.11/site-packages/airflow/example_dags/example_display_name.py took 0.107 seconds
[2024-04-26T22:10:50.414-0300] {processor.py:161} INFO - Started process (PID=23116) to work on /home/athlon/projects/airflow/.venv/lib/python3.11/site-packages/airflow/example_dags/example_display_name.py
[2024-04-26T22:10:50.420-0300] {processor.py:830} INFO - Processing file /home/athlon/projects/airflow/.venv/lib/python3.11/site-packages/airflow/example_dags/example_display_name.py for tasks to queue
[2024-04-26T22:10:50.424-0300] {logging_mixin.py:188} INFO - [2024-04-26T22:10:50.423-0300] {dagbag.py:540} INFO - Filling up the DagBag from /home/athlon/projects/airflow/.venv/lib/python3.11/site-packages/airflow/example_dags/example_display_name.py
[2024-04-26T22:10:50.435-0300] {processor.py:840} INFO - DAG(s) 'example_display_name' retrieved from /home/athlon/projects/airflow/.venv/lib/python3.11/site-packages/airflow/example_dags/example_display_name.py
[2024-04-26T22:10:50.457-0300] {logging_mixin.py:188} INFO - [2024-04-26T22:10:50.457-0300] {dag.py:3096} INFO - Sync 1 DAGs
[2024-04-26T22:10:50.475-0300] {logging_mixin.py:188} INFO - [2024-04-26T22:10:50.475-0300] {dag.py:3954} INFO - Setting next_dagrun for example_display_name to None, run_after=None
[2024-04-26T22:10:50.508-0300] {processor.py:183} INFO - Processing /home/athlon/projects/airflow/.venv/lib/python3.11/site-packages/airflow/example_dags/example_display_name.py took 0.105 seconds
[2024-04-26T22:11:52.704-0300] {processor.py:161} INFO - Started process (PID=23184) to work on /home/athlon/projects/airflow/.venv/lib/python3.11/site-packages/airflow/example_dags/example_display_name.py
[2024-04-26T22:11:52.710-0300] {processor.py:830} INFO - Processing file /home/athlon/projects/airflow/.venv/lib/python3.11/site-packages/airflow/example_dags/example_display_name.py for tasks to queue
[2024-04-26T22:11:52.713-0300] {logging_mixin.py:188} INFO - [2024-04-26T22:11:52.712-0300] {dagbag.py:540} INFO - Filling up the DagBag from /home/athlon/projects/airflow/.venv/lib/python3.11/site-packages/airflow/example_dags/example_display_name.py
[2024-04-26T22:11:52.725-0300] {processor.py:840} INFO - DAG(s) 'example_display_name' retrieved from /home/athlon/projects/airflow/.venv/lib/python3.11/site-packages/airflow/example_dags/example_display_name.py
[2024-04-26T22:11:52.750-0300] {logging_mixin.py:188} INFO - [2024-04-26T22:11:52.749-0300] {dag.py:3096} INFO - Sync 1 DAGs
[2024-04-26T22:11:52.767-0300] {logging_mixin.py:188} INFO - [2024-04-26T22:11:52.767-0300] {dag.py:3954} INFO - Setting next_dagrun for example_display_name to None, run_after=None
[2024-04-26T22:11:52.799-0300] {processor.py:183} INFO - Processing /home/athlon/projects/airflow/.venv/lib/python3.11/site-packages/airflow/example_dags/example_display_name.py took 0.106 seconds
[2024-04-26T22:12:52.569-0300] {processor.py:161} INFO - Started process (PID=23272) to work on /home/athlon/projects/airflow/.venv/lib/python3.11/site-packages/airflow/example_dags/example_display_name.py
[2024-04-26T22:12:52.574-0300] {processor.py:830} INFO - Processing file /home/athlon/projects/airflow/.venv/lib/python3.11/site-packages/airflow/example_dags/example_display_name.py for tasks to queue
[2024-04-26T22:12:52.577-0300] {logging_mixin.py:188} INFO - [2024-04-26T22:12:52.577-0300] {dagbag.py:540} INFO - Filling up the DagBag from /home/athlon/projects/airflow/.venv/lib/python3.11/site-packages/airflow/example_dags/example_display_name.py
[2024-04-26T22:12:52.589-0300] {processor.py:840} INFO - DAG(s) 'example_display_name' retrieved from /home/athlon/projects/airflow/.venv/lib/python3.11/site-packages/airflow/example_dags/example_display_name.py
[2024-04-26T22:12:52.614-0300] {logging_mixin.py:188} INFO - [2024-04-26T22:12:52.614-0300] {dag.py:3096} INFO - Sync 1 DAGs
[2024-04-26T22:12:52.632-0300] {logging_mixin.py:188} INFO - [2024-04-26T22:12:52.632-0300] {dag.py:3954} INFO - Setting next_dagrun for example_display_name to None, run_after=None
[2024-04-26T22:12:52.664-0300] {processor.py:183} INFO - Processing /home/athlon/projects/airflow/.venv/lib/python3.11/site-packages/airflow/example_dags/example_display_name.py took 0.106 seconds
[2024-04-26T22:13:51.901-0300] {processor.py:161} INFO - Started process (PID=23341) to work on /home/athlon/projects/airflow/.venv/lib/python3.11/site-packages/airflow/example_dags/example_display_name.py
[2024-04-26T22:13:51.905-0300] {processor.py:830} INFO - Processing file /home/athlon/projects/airflow/.venv/lib/python3.11/site-packages/airflow/example_dags/example_display_name.py for tasks to queue
[2024-04-26T22:13:51.909-0300] {logging_mixin.py:188} INFO - [2024-04-26T22:13:51.908-0300] {dagbag.py:540} INFO - Filling up the DagBag from /home/athlon/projects/airflow/.venv/lib/python3.11/site-packages/airflow/example_dags/example_display_name.py
[2024-04-26T22:13:51.921-0300] {processor.py:840} INFO - DAG(s) 'example_display_name' retrieved from /home/athlon/projects/airflow/.venv/lib/python3.11/site-packages/airflow/example_dags/example_display_name.py
[2024-04-26T22:13:51.952-0300] {logging_mixin.py:188} INFO - [2024-04-26T22:13:51.952-0300] {dag.py:3096} INFO - Sync 1 DAGs
[2024-04-26T22:13:51.975-0300] {logging_mixin.py:188} INFO - [2024-04-26T22:13:51.974-0300] {dag.py:3954} INFO - Setting next_dagrun for example_display_name to None, run_after=None
[2024-04-26T22:13:52.028-0300] {processor.py:183} INFO - Processing /home/athlon/projects/airflow/.venv/lib/python3.11/site-packages/airflow/example_dags/example_display_name.py took 0.142 seconds
[2024-04-26T22:14:53.816-0300] {processor.py:161} INFO - Started process (PID=23480) to work on /home/athlon/projects/airflow/.venv/lib/python3.11/site-packages/airflow/example_dags/example_display_name.py
[2024-04-26T22:14:53.818-0300] {processor.py:830} INFO - Processing file /home/athlon/projects/airflow/.venv/lib/python3.11/site-packages/airflow/example_dags/example_display_name.py for tasks to queue
[2024-04-26T22:14:53.823-0300] {logging_mixin.py:188} INFO - [2024-04-26T22:14:53.821-0300] {dagbag.py:540} INFO - Filling up the DagBag from /home/athlon/projects/airflow/.venv/lib/python3.11/site-packages/airflow/example_dags/example_display_name.py
[2024-04-26T22:14:53.837-0300] {processor.py:840} INFO - DAG(s) 'example_display_name' retrieved from /home/athlon/projects/airflow/.venv/lib/python3.11/site-packages/airflow/example_dags/example_display_name.py
[2024-04-26T22:14:53.865-0300] {logging_mixin.py:188} INFO - [2024-04-26T22:14:53.865-0300] {dag.py:3096} INFO - Sync 1 DAGs
[2024-04-26T22:14:53.887-0300] {logging_mixin.py:188} INFO - [2024-04-26T22:14:53.887-0300] {dag.py:3954} INFO - Setting next_dagrun for example_display_name to None, run_after=None
[2024-04-26T22:14:53.919-0300] {processor.py:183} INFO - Processing /home/athlon/projects/airflow/.venv/lib/python3.11/site-packages/airflow/example_dags/example_display_name.py took 0.115 seconds
[2024-04-26T22:16:01.049-0300] {processor.py:161} INFO - Started process (PID=23627) to work on /home/athlon/projects/airflow/.venv/lib/python3.11/site-packages/airflow/example_dags/example_display_name.py
[2024-04-26T22:16:01.052-0300] {processor.py:830} INFO - Processing file /home/athlon/projects/airflow/.venv/lib/python3.11/site-packages/airflow/example_dags/example_display_name.py for tasks to queue
[2024-04-26T22:16:01.054-0300] {logging_mixin.py:188} INFO - [2024-04-26T22:16:01.054-0300] {dagbag.py:540} INFO - Filling up the DagBag from /home/athlon/projects/airflow/.venv/lib/python3.11/site-packages/airflow/example_dags/example_display_name.py
[2024-04-26T22:16:01.068-0300] {processor.py:840} INFO - DAG(s) 'example_display_name' retrieved from /home/athlon/projects/airflow/.venv/lib/python3.11/site-packages/airflow/example_dags/example_display_name.py
[2024-04-26T22:16:01.092-0300] {logging_mixin.py:188} INFO - [2024-04-26T22:16:01.091-0300] {dag.py:3096} INFO - Sync 1 DAGs
[2024-04-26T22:16:01.111-0300] {logging_mixin.py:188} INFO - [2024-04-26T22:16:01.111-0300] {dag.py:3954} INFO - Setting next_dagrun for example_display_name to None, run_after=None
[2024-04-26T22:16:01.148-0300] {processor.py:183} INFO - Processing /home/athlon/projects/airflow/.venv/lib/python3.11/site-packages/airflow/example_dags/example_display_name.py took 0.110 seconds
[2024-04-26T22:17:03.046-0300] {processor.py:161} INFO - Started process (PID=23701) to work on /home/athlon/projects/airflow/.venv/lib/python3.11/site-packages/airflow/example_dags/example_display_name.py
[2024-04-26T22:17:03.048-0300] {processor.py:830} INFO - Processing file /home/athlon/projects/airflow/.venv/lib/python3.11/site-packages/airflow/example_dags/example_display_name.py for tasks to queue
[2024-04-26T22:17:03.051-0300] {logging_mixin.py:188} INFO - [2024-04-26T22:17:03.050-0300] {dagbag.py:540} INFO - Filling up the DagBag from /home/athlon/projects/airflow/.venv/lib/python3.11/site-packages/airflow/example_dags/example_display_name.py
[2024-04-26T22:17:03.063-0300] {processor.py:840} INFO - DAG(s) 'example_display_name' retrieved from /home/athlon/projects/airflow/.venv/lib/python3.11/site-packages/airflow/example_dags/example_display_name.py
[2024-04-26T22:17:03.087-0300] {logging_mixin.py:188} INFO - [2024-04-26T22:17:03.087-0300] {dag.py:3096} INFO - Sync 1 DAGs
[2024-04-26T22:17:03.105-0300] {logging_mixin.py:188} INFO - [2024-04-26T22:17:03.105-0300] {dag.py:3954} INFO - Setting next_dagrun for example_display_name to None, run_after=None
[2024-04-26T22:17:03.137-0300] {processor.py:183} INFO - Processing /home/athlon/projects/airflow/.venv/lib/python3.11/site-packages/airflow/example_dags/example_display_name.py took 0.103 seconds
[2024-04-26T22:18:02.853-0300] {processor.py:161} INFO - Started process (PID=23754) to work on /home/athlon/projects/airflow/.venv/lib/python3.11/site-packages/airflow/example_dags/example_display_name.py
[2024-04-26T22:18:02.859-0300] {processor.py:830} INFO - Processing file /home/athlon/projects/airflow/.venv/lib/python3.11/site-packages/airflow/example_dags/example_display_name.py for tasks to queue
[2024-04-26T22:18:02.862-0300] {logging_mixin.py:188} INFO - [2024-04-26T22:18:02.862-0300] {dagbag.py:540} INFO - Filling up the DagBag from /home/athlon/projects/airflow/.venv/lib/python3.11/site-packages/airflow/example_dags/example_display_name.py
[2024-04-26T22:18:02.874-0300] {processor.py:840} INFO - DAG(s) 'example_display_name' retrieved from /home/athlon/projects/airflow/.venv/lib/python3.11/site-packages/airflow/example_dags/example_display_name.py
[2024-04-26T22:18:02.898-0300] {logging_mixin.py:188} INFO - [2024-04-26T22:18:02.897-0300] {dag.py:3096} INFO - Sync 1 DAGs
[2024-04-26T22:18:02.916-0300] {logging_mixin.py:188} INFO - [2024-04-26T22:18:02.916-0300] {dag.py:3954} INFO - Setting next_dagrun for example_display_name to None, run_after=None
[2024-04-26T22:18:02.948-0300] {processor.py:183} INFO - Processing /home/athlon/projects/airflow/.venv/lib/python3.11/site-packages/airflow/example_dags/example_display_name.py took 0.105 seconds
[2024-04-26T22:19:02.601-0300] {processor.py:161} INFO - Started process (PID=23817) to work on /home/athlon/projects/airflow/.venv/lib/python3.11/site-packages/airflow/example_dags/example_display_name.py
[2024-04-26T22:19:02.607-0300] {processor.py:830} INFO - Processing file /home/athlon/projects/airflow/.venv/lib/python3.11/site-packages/airflow/example_dags/example_display_name.py for tasks to queue
[2024-04-26T22:19:02.610-0300] {logging_mixin.py:188} INFO - [2024-04-26T22:19:02.609-0300] {dagbag.py:540} INFO - Filling up the DagBag from /home/athlon/projects/airflow/.venv/lib/python3.11/site-packages/airflow/example_dags/example_display_name.py
[2024-04-26T22:19:02.620-0300] {processor.py:840} INFO - DAG(s) 'example_display_name' retrieved from /home/athlon/projects/airflow/.venv/lib/python3.11/site-packages/airflow/example_dags/example_display_name.py
[2024-04-26T22:19:02.643-0300] {logging_mixin.py:188} INFO - [2024-04-26T22:19:02.642-0300] {dag.py:3096} INFO - Sync 1 DAGs
[2024-04-26T22:19:02.661-0300] {logging_mixin.py:188} INFO - [2024-04-26T22:19:02.661-0300] {dag.py:3954} INFO - Setting next_dagrun for example_display_name to None, run_after=None
[2024-04-26T22:19:02.694-0300] {processor.py:183} INFO - Processing /home/athlon/projects/airflow/.venv/lib/python3.11/site-packages/airflow/example_dags/example_display_name.py took 0.102 seconds
[2024-04-26T22:19:58.369-0300] {processor.py:161} INFO - Started process (PID=23876) to work on /home/athlon/projects/airflow/.venv/lib/python3.11/site-packages/airflow/example_dags/example_display_name.py
[2024-04-26T22:19:58.370-0300] {processor.py:830} INFO - Processing file /home/athlon/projects/airflow/.venv/lib/python3.11/site-packages/airflow/example_dags/example_display_name.py for tasks to queue
[2024-04-26T22:19:58.373-0300] {logging_mixin.py:188} INFO - [2024-04-26T22:19:58.373-0300] {dagbag.py:540} INFO - Filling up the DagBag from /home/athlon/projects/airflow/.venv/lib/python3.11/site-packages/airflow/example_dags/example_display_name.py
[2024-04-26T22:19:58.386-0300] {processor.py:840} INFO - DAG(s) 'example_display_name' retrieved from /home/athlon/projects/airflow/.venv/lib/python3.11/site-packages/airflow/example_dags/example_display_name.py
[2024-04-26T22:19:58.410-0300] {logging_mixin.py:188} INFO - [2024-04-26T22:19:58.409-0300] {dag.py:3096} INFO - Sync 1 DAGs
[2024-04-26T22:19:58.428-0300] {logging_mixin.py:188} INFO - [2024-04-26T22:19:58.428-0300] {dag.py:3954} INFO - Setting next_dagrun for example_display_name to None, run_after=None
[2024-04-26T22:19:58.460-0300] {processor.py:183} INFO - Processing /home/athlon/projects/airflow/.venv/lib/python3.11/site-packages/airflow/example_dags/example_display_name.py took 0.103 seconds
[2024-04-26T22:21:06.287-0300] {processor.py:161} INFO - Started process (PID=24050) to work on /home/athlon/projects/airflow/.venv/lib/python3.11/site-packages/airflow/example_dags/example_display_name.py
[2024-04-26T22:21:06.295-0300] {processor.py:830} INFO - Processing file /home/athlon/projects/airflow/.venv/lib/python3.11/site-packages/airflow/example_dags/example_display_name.py for tasks to queue
[2024-04-26T22:21:06.299-0300] {logging_mixin.py:188} INFO - [2024-04-26T22:21:06.298-0300] {dagbag.py:540} INFO - Filling up the DagBag from /home/athlon/projects/airflow/.venv/lib/python3.11/site-packages/airflow/example_dags/example_display_name.py
[2024-04-26T22:21:06.317-0300] {processor.py:840} INFO - DAG(s) 'example_display_name' retrieved from /home/athlon/projects/airflow/.venv/lib/python3.11/site-packages/airflow/example_dags/example_display_name.py
[2024-04-26T22:21:06.350-0300] {logging_mixin.py:188} INFO - [2024-04-26T22:21:06.350-0300] {dag.py:3096} INFO - Sync 1 DAGs
[2024-04-26T22:21:06.379-0300] {logging_mixin.py:188} INFO - [2024-04-26T22:21:06.379-0300] {dag.py:3954} INFO - Setting next_dagrun for example_display_name to None, run_after=None
[2024-04-26T22:21:06.432-0300] {processor.py:183} INFO - Processing /home/athlon/projects/airflow/.venv/lib/python3.11/site-packages/airflow/example_dags/example_display_name.py took 0.162 seconds
