[2024-04-26T21:25:21.961-0300] {processor.py:161} INFO - Started process (PID=17726) to work on /home/athlon/projects/airflow/.venv/lib/python3.11/site-packages/airflow/example_dags/example_xcom.py
[2024-04-26T21:25:21.962-0300] {processor.py:830} INFO - Processing file /home/athlon/projects/airflow/.venv/lib/python3.11/site-packages/airflow/example_dags/example_xcom.py for tasks to queue
[2024-04-26T21:25:21.965-0300] {logging_mixin.py:188} INFO - [2024-04-26T21:25:21.964-0300] {dagbag.py:540} INFO - Filling up the DagBag from /home/athlon/projects/airflow/.venv/lib/python3.11/site-packages/airflow/example_dags/example_xcom.py
[2024-04-26T21:25:21.978-0300] {processor.py:840} INFO - DAG(s) 'example_xcom' retrieved from /home/athlon/projects/airflow/.venv/lib/python3.11/site-packages/airflow/example_dags/example_xcom.py
[2024-04-26T21:25:22.005-0300] {logging_mixin.py:188} INFO - [2024-04-26T21:25:22.005-0300] {dag.py:3096} INFO - Sync 1 DAGs
[2024-04-26T21:25:22.031-0300] {logging_mixin.py:188} INFO - [2024-04-26T21:25:22.031-0300] {dag.py:3954} INFO - Setting next_dagrun for example_xcom to 2021-01-01 00:00:00+00:00, run_after=2021-01-01 00:00:00+00:00
[2024-04-26T21:25:22.061-0300] {processor.py:183} INFO - Processing /home/athlon/projects/airflow/.venv/lib/python3.11/site-packages/airflow/example_dags/example_xcom.py took 0.110 seconds
[2024-04-26T21:26:19.913-0300] {processor.py:161} INFO - Started process (PID=17867) to work on /home/athlon/projects/airflow/.venv/lib/python3.11/site-packages/airflow/example_dags/example_xcom.py
[2024-04-26T21:26:19.919-0300] {processor.py:830} INFO - Processing file /home/athlon/projects/airflow/.venv/lib/python3.11/site-packages/airflow/example_dags/example_xcom.py for tasks to queue
[2024-04-26T21:26:19.922-0300] {logging_mixin.py:188} INFO - [2024-04-26T21:26:19.921-0300] {dagbag.py:540} INFO - Filling up the DagBag from /home/athlon/projects/airflow/.venv/lib/python3.11/site-packages/airflow/example_dags/example_xcom.py
[2024-04-26T21:26:19.935-0300] {processor.py:840} INFO - DAG(s) 'example_xcom' retrieved from /home/athlon/projects/airflow/.venv/lib/python3.11/site-packages/airflow/example_dags/example_xcom.py
[2024-04-26T21:26:19.960-0300] {logging_mixin.py:188} INFO - [2024-04-26T21:26:19.960-0300] {dag.py:3096} INFO - Sync 1 DAGs
[2024-04-26T21:26:19.987-0300] {logging_mixin.py:188} INFO - [2024-04-26T21:26:19.986-0300] {dag.py:3954} INFO - Setting next_dagrun for example_xcom to 2021-01-01 00:00:00+00:00, run_after=2021-01-01 00:00:00+00:00
[2024-04-26T21:26:20.015-0300] {processor.py:183} INFO - Processing /home/athlon/projects/airflow/.venv/lib/python3.11/site-packages/airflow/example_dags/example_xcom.py took 0.112 seconds
[2024-04-26T21:27:14.269-0300] {processor.py:161} INFO - Started process (PID=17936) to work on /home/athlon/projects/airflow/.venv/lib/python3.11/site-packages/airflow/example_dags/example_xcom.py
[2024-04-26T21:27:14.275-0300] {processor.py:830} INFO - Processing file /home/athlon/projects/airflow/.venv/lib/python3.11/site-packages/airflow/example_dags/example_xcom.py for tasks to queue
[2024-04-26T21:27:14.278-0300] {logging_mixin.py:188} INFO - [2024-04-26T21:27:14.277-0300] {dagbag.py:540} INFO - Filling up the DagBag from /home/athlon/projects/airflow/.venv/lib/python3.11/site-packages/airflow/example_dags/example_xcom.py
[2024-04-26T21:27:14.291-0300] {processor.py:840} INFO - DAG(s) 'example_xcom' retrieved from /home/athlon/projects/airflow/.venv/lib/python3.11/site-packages/airflow/example_dags/example_xcom.py
[2024-04-26T21:27:14.316-0300] {logging_mixin.py:188} INFO - [2024-04-26T21:27:14.316-0300] {dag.py:3096} INFO - Sync 1 DAGs
[2024-04-26T21:27:14.343-0300] {logging_mixin.py:188} INFO - [2024-04-26T21:27:14.342-0300] {dag.py:3954} INFO - Setting next_dagrun for example_xcom to 2021-01-01 00:00:00+00:00, run_after=2021-01-01 00:00:00+00:00
[2024-04-26T21:27:14.371-0300] {processor.py:183} INFO - Processing /home/athlon/projects/airflow/.venv/lib/python3.11/site-packages/airflow/example_dags/example_xcom.py took 0.111 seconds
[2024-04-26T21:28:13.917-0300] {processor.py:161} INFO - Started process (PID=18021) to work on /home/athlon/projects/airflow/.venv/lib/python3.11/site-packages/airflow/example_dags/example_xcom.py
[2024-04-26T21:28:13.923-0300] {processor.py:830} INFO - Processing file /home/athlon/projects/airflow/.venv/lib/python3.11/site-packages/airflow/example_dags/example_xcom.py for tasks to queue
[2024-04-26T21:28:13.925-0300] {logging_mixin.py:188} INFO - [2024-04-26T21:28:13.925-0300] {dagbag.py:540} INFO - Filling up the DagBag from /home/athlon/projects/airflow/.venv/lib/python3.11/site-packages/airflow/example_dags/example_xcom.py
[2024-04-26T21:28:13.936-0300] {processor.py:840} INFO - DAG(s) 'example_xcom' retrieved from /home/athlon/projects/airflow/.venv/lib/python3.11/site-packages/airflow/example_dags/example_xcom.py
[2024-04-26T21:28:13.959-0300] {logging_mixin.py:188} INFO - [2024-04-26T21:28:13.959-0300] {dag.py:3096} INFO - Sync 1 DAGs
[2024-04-26T21:28:13.986-0300] {logging_mixin.py:188} INFO - [2024-04-26T21:28:13.986-0300] {dag.py:3954} INFO - Setting next_dagrun for example_xcom to 2021-01-01 00:00:00+00:00, run_after=2021-01-01 00:00:00+00:00
[2024-04-26T21:28:14.024-0300] {processor.py:183} INFO - Processing /home/athlon/projects/airflow/.venv/lib/python3.11/site-packages/airflow/example_dags/example_xcom.py took 0.115 seconds
[2024-04-26T21:29:10.637-0300] {processor.py:161} INFO - Started process (PID=18594) to work on /home/athlon/projects/airflow/.venv/lib/python3.11/site-packages/airflow/example_dags/example_xcom.py
[2024-04-26T21:29:10.643-0300] {processor.py:830} INFO - Processing file /home/athlon/projects/airflow/.venv/lib/python3.11/site-packages/airflow/example_dags/example_xcom.py for tasks to queue
[2024-04-26T21:29:10.646-0300] {logging_mixin.py:188} INFO - [2024-04-26T21:29:10.645-0300] {dagbag.py:540} INFO - Filling up the DagBag from /home/athlon/projects/airflow/.venv/lib/python3.11/site-packages/airflow/example_dags/example_xcom.py
[2024-04-26T21:29:10.659-0300] {processor.py:840} INFO - DAG(s) 'example_xcom' retrieved from /home/athlon/projects/airflow/.venv/lib/python3.11/site-packages/airflow/example_dags/example_xcom.py
[2024-04-26T21:29:10.688-0300] {logging_mixin.py:188} INFO - [2024-04-26T21:29:10.687-0300] {dag.py:3096} INFO - Sync 1 DAGs
[2024-04-26T21:29:10.714-0300] {logging_mixin.py:188} INFO - [2024-04-26T21:29:10.714-0300] {dag.py:3954} INFO - Setting next_dagrun for example_xcom to 2021-01-01 00:00:00+00:00, run_after=2021-01-01 00:00:00+00:00
[2024-04-26T21:29:10.742-0300] {processor.py:183} INFO - Processing /home/athlon/projects/airflow/.venv/lib/python3.11/site-packages/airflow/example_dags/example_xcom.py took 0.115 seconds
[2024-04-26T21:30:13.222-0300] {processor.py:161} INFO - Started process (PID=18714) to work on /home/athlon/projects/airflow/.venv/lib/python3.11/site-packages/airflow/example_dags/example_xcom.py
[2024-04-26T21:30:13.228-0300] {processor.py:830} INFO - Processing file /home/athlon/projects/airflow/.venv/lib/python3.11/site-packages/airflow/example_dags/example_xcom.py for tasks to queue
[2024-04-26T21:30:13.231-0300] {logging_mixin.py:188} INFO - [2024-04-26T21:30:13.230-0300] {dagbag.py:540} INFO - Filling up the DagBag from /home/athlon/projects/airflow/.venv/lib/python3.11/site-packages/airflow/example_dags/example_xcom.py
[2024-04-26T21:30:13.245-0300] {processor.py:840} INFO - DAG(s) 'example_xcom' retrieved from /home/athlon/projects/airflow/.venv/lib/python3.11/site-packages/airflow/example_dags/example_xcom.py
[2024-04-26T21:30:13.271-0300] {logging_mixin.py:188} INFO - [2024-04-26T21:30:13.271-0300] {dag.py:3096} INFO - Sync 1 DAGs
[2024-04-26T21:30:13.443-0300] {logging_mixin.py:188} INFO - [2024-04-26T21:30:13.443-0300] {dag.py:3954} INFO - Setting next_dagrun for example_xcom to 2021-01-01 00:00:00+00:00, run_after=2021-01-01 00:00:00+00:00
[2024-04-26T21:30:13.474-0300] {processor.py:183} INFO - Processing /home/athlon/projects/airflow/.venv/lib/python3.11/site-packages/airflow/example_dags/example_xcom.py took 0.264 seconds
[2024-04-26T21:31:15.808-0300] {processor.py:161} INFO - Started process (PID=18790) to work on /home/athlon/projects/airflow/.venv/lib/python3.11/site-packages/airflow/example_dags/example_xcom.py
[2024-04-26T21:31:15.814-0300] {processor.py:830} INFO - Processing file /home/athlon/projects/airflow/.venv/lib/python3.11/site-packages/airflow/example_dags/example_xcom.py for tasks to queue
[2024-04-26T21:31:15.817-0300] {logging_mixin.py:188} INFO - [2024-04-26T21:31:15.816-0300] {dagbag.py:540} INFO - Filling up the DagBag from /home/athlon/projects/airflow/.venv/lib/python3.11/site-packages/airflow/example_dags/example_xcom.py
[2024-04-26T21:31:15.830-0300] {processor.py:840} INFO - DAG(s) 'example_xcom' retrieved from /home/athlon/projects/airflow/.venv/lib/python3.11/site-packages/airflow/example_dags/example_xcom.py
[2024-04-26T21:31:15.858-0300] {logging_mixin.py:188} INFO - [2024-04-26T21:31:15.858-0300] {dag.py:3096} INFO - Sync 1 DAGs
[2024-04-26T21:31:15.887-0300] {logging_mixin.py:188} INFO - [2024-04-26T21:31:15.887-0300] {dag.py:3954} INFO - Setting next_dagrun for example_xcom to 2021-01-01 00:00:00+00:00, run_after=2021-01-01 00:00:00+00:00
[2024-04-26T21:31:15.915-0300] {processor.py:183} INFO - Processing /home/athlon/projects/airflow/.venv/lib/python3.11/site-packages/airflow/example_dags/example_xcom.py took 0.117 seconds
[2024-04-26T21:32:17.105-0300] {processor.py:161} INFO - Started process (PID=18852) to work on /home/athlon/projects/airflow/.venv/lib/python3.11/site-packages/airflow/example_dags/example_xcom.py
[2024-04-26T21:32:17.111-0300] {processor.py:830} INFO - Processing file /home/athlon/projects/airflow/.venv/lib/python3.11/site-packages/airflow/example_dags/example_xcom.py for tasks to queue
[2024-04-26T21:32:17.114-0300] {logging_mixin.py:188} INFO - [2024-04-26T21:32:17.113-0300] {dagbag.py:540} INFO - Filling up the DagBag from /home/athlon/projects/airflow/.venv/lib/python3.11/site-packages/airflow/example_dags/example_xcom.py
[2024-04-26T21:32:17.127-0300] {processor.py:840} INFO - DAG(s) 'example_xcom' retrieved from /home/athlon/projects/airflow/.venv/lib/python3.11/site-packages/airflow/example_dags/example_xcom.py
[2024-04-26T21:32:17.153-0300] {logging_mixin.py:188} INFO - [2024-04-26T21:32:17.152-0300] {dag.py:3096} INFO - Sync 1 DAGs
[2024-04-26T21:32:17.184-0300] {logging_mixin.py:188} INFO - [2024-04-26T21:32:17.183-0300] {dag.py:3954} INFO - Setting next_dagrun for example_xcom to 2021-01-01 00:00:00+00:00, run_after=2021-01-01 00:00:00+00:00
[2024-04-26T21:32:17.213-0300] {processor.py:183} INFO - Processing /home/athlon/projects/airflow/.venv/lib/python3.11/site-packages/airflow/example_dags/example_xcom.py took 0.118 seconds
[2024-04-26T21:33:14.670-0300] {processor.py:161} INFO - Started process (PID=18905) to work on /home/athlon/projects/airflow/.venv/lib/python3.11/site-packages/airflow/example_dags/example_xcom.py
[2024-04-26T21:33:14.676-0300] {processor.py:830} INFO - Processing file /home/athlon/projects/airflow/.venv/lib/python3.11/site-packages/airflow/example_dags/example_xcom.py for tasks to queue
[2024-04-26T21:33:14.679-0300] {logging_mixin.py:188} INFO - [2024-04-26T21:33:14.678-0300] {dagbag.py:540} INFO - Filling up the DagBag from /home/athlon/projects/airflow/.venv/lib/python3.11/site-packages/airflow/example_dags/example_xcom.py
[2024-04-26T21:33:14.693-0300] {processor.py:840} INFO - DAG(s) 'example_xcom' retrieved from /home/athlon/projects/airflow/.venv/lib/python3.11/site-packages/airflow/example_dags/example_xcom.py
[2024-04-26T21:33:14.717-0300] {logging_mixin.py:188} INFO - [2024-04-26T21:33:14.717-0300] {dag.py:3096} INFO - Sync 1 DAGs
[2024-04-26T21:33:14.744-0300] {logging_mixin.py:188} INFO - [2024-04-26T21:33:14.744-0300] {dag.py:3954} INFO - Setting next_dagrun for example_xcom to 2021-01-01 00:00:00+00:00, run_after=2021-01-01 00:00:00+00:00
[2024-04-26T21:33:14.776-0300] {processor.py:183} INFO - Processing /home/athlon/projects/airflow/.venv/lib/python3.11/site-packages/airflow/example_dags/example_xcom.py took 0.115 seconds
[2024-04-26T21:34:16.166-0300] {processor.py:161} INFO - Started process (PID=19143) to work on /home/athlon/projects/airflow/.venv/lib/python3.11/site-packages/airflow/example_dags/example_xcom.py
[2024-04-26T21:34:16.171-0300] {processor.py:830} INFO - Processing file /home/athlon/projects/airflow/.venv/lib/python3.11/site-packages/airflow/example_dags/example_xcom.py for tasks to queue
[2024-04-26T21:34:16.174-0300] {logging_mixin.py:188} INFO - [2024-04-26T21:34:16.174-0300] {dagbag.py:540} INFO - Filling up the DagBag from /home/athlon/projects/airflow/.venv/lib/python3.11/site-packages/airflow/example_dags/example_xcom.py
[2024-04-26T21:34:16.188-0300] {processor.py:840} INFO - DAG(s) 'example_xcom' retrieved from /home/athlon/projects/airflow/.venv/lib/python3.11/site-packages/airflow/example_dags/example_xcom.py
[2024-04-26T21:34:16.214-0300] {logging_mixin.py:188} INFO - [2024-04-26T21:34:16.213-0300] {dag.py:3096} INFO - Sync 1 DAGs
[2024-04-26T21:34:16.241-0300] {logging_mixin.py:188} INFO - [2024-04-26T21:34:16.240-0300] {dag.py:3954} INFO - Setting next_dagrun for example_xcom to 2021-01-01 00:00:00+00:00, run_after=2021-01-01 00:00:00+00:00
[2024-04-26T21:34:16.270-0300] {processor.py:183} INFO - Processing /home/athlon/projects/airflow/.venv/lib/python3.11/site-packages/airflow/example_dags/example_xcom.py took 0.115 seconds
[2024-04-26T21:35:35.295-0300] {processor.py:161} INFO - Started process (PID=19222) to work on /home/athlon/projects/airflow/.venv/lib/python3.11/site-packages/airflow/example_dags/example_xcom.py
[2024-04-26T21:35:35.300-0300] {processor.py:830} INFO - Processing file /home/athlon/projects/airflow/.venv/lib/python3.11/site-packages/airflow/example_dags/example_xcom.py for tasks to queue
[2024-04-26T21:35:35.303-0300] {logging_mixin.py:188} INFO - [2024-04-26T21:35:35.302-0300] {dagbag.py:540} INFO - Filling up the DagBag from /home/athlon/projects/airflow/.venv/lib/python3.11/site-packages/airflow/example_dags/example_xcom.py
[2024-04-26T21:35:35.316-0300] {processor.py:840} INFO - DAG(s) 'example_xcom' retrieved from /home/athlon/projects/airflow/.venv/lib/python3.11/site-packages/airflow/example_dags/example_xcom.py
[2024-04-26T21:35:35.342-0300] {logging_mixin.py:188} INFO - [2024-04-26T21:35:35.341-0300] {dag.py:3096} INFO - Sync 1 DAGs
[2024-04-26T21:35:35.369-0300] {logging_mixin.py:188} INFO - [2024-04-26T21:35:35.368-0300] {dag.py:3954} INFO - Setting next_dagrun for example_xcom to 2021-01-01 00:00:00+00:00, run_after=2021-01-01 00:00:00+00:00
[2024-04-26T21:35:35.398-0300] {processor.py:183} INFO - Processing /home/athlon/projects/airflow/.venv/lib/python3.11/site-packages/airflow/example_dags/example_xcom.py took 0.114 seconds
[2024-04-26T21:36:33.874-0300] {processor.py:161} INFO - Started process (PID=19288) to work on /home/athlon/projects/airflow/.venv/lib/python3.11/site-packages/airflow/example_dags/example_xcom.py
[2024-04-26T21:36:33.880-0300] {processor.py:830} INFO - Processing file /home/athlon/projects/airflow/.venv/lib/python3.11/site-packages/airflow/example_dags/example_xcom.py for tasks to queue
[2024-04-26T21:36:33.882-0300] {logging_mixin.py:188} INFO - [2024-04-26T21:36:33.881-0300] {dagbag.py:540} INFO - Filling up the DagBag from /home/athlon/projects/airflow/.venv/lib/python3.11/site-packages/airflow/example_dags/example_xcom.py
[2024-04-26T21:36:33.896-0300] {processor.py:840} INFO - DAG(s) 'example_xcom' retrieved from /home/athlon/projects/airflow/.venv/lib/python3.11/site-packages/airflow/example_dags/example_xcom.py
[2024-04-26T21:36:33.920-0300] {logging_mixin.py:188} INFO - [2024-04-26T21:36:33.920-0300] {dag.py:3096} INFO - Sync 1 DAGs
[2024-04-26T21:36:33.948-0300] {logging_mixin.py:188} INFO - [2024-04-26T21:36:33.947-0300] {dag.py:3954} INFO - Setting next_dagrun for example_xcom to 2021-01-01 00:00:00+00:00, run_after=2021-01-01 00:00:00+00:00
[2024-04-26T21:36:33.980-0300] {processor.py:183} INFO - Processing /home/athlon/projects/airflow/.venv/lib/python3.11/site-packages/airflow/example_dags/example_xcom.py took 0.116 seconds
[2024-04-26T21:37:32.729-0300] {processor.py:161} INFO - Started process (PID=19354) to work on /home/athlon/projects/airflow/.venv/lib/python3.11/site-packages/airflow/example_dags/example_xcom.py
[2024-04-26T21:37:32.735-0300] {processor.py:830} INFO - Processing file /home/athlon/projects/airflow/.venv/lib/python3.11/site-packages/airflow/example_dags/example_xcom.py for tasks to queue
[2024-04-26T21:37:32.738-0300] {logging_mixin.py:188} INFO - [2024-04-26T21:37:32.737-0300] {dagbag.py:540} INFO - Filling up the DagBag from /home/athlon/projects/airflow/.venv/lib/python3.11/site-packages/airflow/example_dags/example_xcom.py
[2024-04-26T21:37:32.752-0300] {processor.py:840} INFO - DAG(s) 'example_xcom' retrieved from /home/athlon/projects/airflow/.venv/lib/python3.11/site-packages/airflow/example_dags/example_xcom.py
[2024-04-26T21:37:32.777-0300] {logging_mixin.py:188} INFO - [2024-04-26T21:37:32.777-0300] {dag.py:3096} INFO - Sync 1 DAGs
[2024-04-26T21:37:32.804-0300] {logging_mixin.py:188} INFO - [2024-04-26T21:37:32.804-0300] {dag.py:3954} INFO - Setting next_dagrun for example_xcom to 2021-01-01 00:00:00+00:00, run_after=2021-01-01 00:00:00+00:00
[2024-04-26T21:37:32.833-0300] {processor.py:183} INFO - Processing /home/athlon/projects/airflow/.venv/lib/python3.11/site-packages/airflow/example_dags/example_xcom.py took 0.114 seconds
[2024-04-26T21:38:30.610-0300] {processor.py:161} INFO - Started process (PID=19422) to work on /home/athlon/projects/airflow/.venv/lib/python3.11/site-packages/airflow/example_dags/example_xcom.py
[2024-04-26T21:38:30.616-0300] {processor.py:830} INFO - Processing file /home/athlon/projects/airflow/.venv/lib/python3.11/site-packages/airflow/example_dags/example_xcom.py for tasks to queue
[2024-04-26T21:38:30.618-0300] {logging_mixin.py:188} INFO - [2024-04-26T21:38:30.618-0300] {dagbag.py:540} INFO - Filling up the DagBag from /home/athlon/projects/airflow/.venv/lib/python3.11/site-packages/airflow/example_dags/example_xcom.py
[2024-04-26T21:38:30.632-0300] {processor.py:840} INFO - DAG(s) 'example_xcom' retrieved from /home/athlon/projects/airflow/.venv/lib/python3.11/site-packages/airflow/example_dags/example_xcom.py
[2024-04-26T21:38:30.658-0300] {logging_mixin.py:188} INFO - [2024-04-26T21:38:30.658-0300] {dag.py:3096} INFO - Sync 1 DAGs
[2024-04-26T21:38:30.686-0300] {logging_mixin.py:188} INFO - [2024-04-26T21:38:30.686-0300] {dag.py:3954} INFO - Setting next_dagrun for example_xcom to 2021-01-01 00:00:00+00:00, run_after=2021-01-01 00:00:00+00:00
[2024-04-26T21:38:30.715-0300] {processor.py:183} INFO - Processing /home/athlon/projects/airflow/.venv/lib/python3.11/site-packages/airflow/example_dags/example_xcom.py took 0.116 seconds
[2024-04-26T21:39:30.627-0300] {processor.py:161} INFO - Started process (PID=19522) to work on /home/athlon/projects/airflow/.venv/lib/python3.11/site-packages/airflow/example_dags/example_xcom.py
[2024-04-26T21:39:30.633-0300] {processor.py:830} INFO - Processing file /home/athlon/projects/airflow/.venv/lib/python3.11/site-packages/airflow/example_dags/example_xcom.py for tasks to queue
[2024-04-26T21:39:30.636-0300] {logging_mixin.py:188} INFO - [2024-04-26T21:39:30.635-0300] {dagbag.py:540} INFO - Filling up the DagBag from /home/athlon/projects/airflow/.venv/lib/python3.11/site-packages/airflow/example_dags/example_xcom.py
[2024-04-26T21:39:30.650-0300] {processor.py:840} INFO - DAG(s) 'example_xcom' retrieved from /home/athlon/projects/airflow/.venv/lib/python3.11/site-packages/airflow/example_dags/example_xcom.py
[2024-04-26T21:39:30.676-0300] {logging_mixin.py:188} INFO - [2024-04-26T21:39:30.675-0300] {dag.py:3096} INFO - Sync 1 DAGs
[2024-04-26T21:39:30.703-0300] {logging_mixin.py:188} INFO - [2024-04-26T21:39:30.702-0300] {dag.py:3954} INFO - Setting next_dagrun for example_xcom to 2021-01-01 00:00:00+00:00, run_after=2021-01-01 00:00:00+00:00
[2024-04-26T21:39:30.731-0300] {processor.py:183} INFO - Processing /home/athlon/projects/airflow/.venv/lib/python3.11/site-packages/airflow/example_dags/example_xcom.py took 0.115 seconds
[2024-04-26T21:40:32.372-0300] {processor.py:161} INFO - Started process (PID=19671) to work on /home/athlon/projects/airflow/.venv/lib/python3.11/site-packages/airflow/example_dags/example_xcom.py
[2024-04-26T21:40:32.378-0300] {processor.py:830} INFO - Processing file /home/athlon/projects/airflow/.venv/lib/python3.11/site-packages/airflow/example_dags/example_xcom.py for tasks to queue
[2024-04-26T21:40:32.382-0300] {logging_mixin.py:188} INFO - [2024-04-26T21:40:32.381-0300] {dagbag.py:540} INFO - Filling up the DagBag from /home/athlon/projects/airflow/.venv/lib/python3.11/site-packages/airflow/example_dags/example_xcom.py
[2024-04-26T21:40:32.393-0300] {processor.py:840} INFO - DAG(s) 'example_xcom' retrieved from /home/athlon/projects/airflow/.venv/lib/python3.11/site-packages/airflow/example_dags/example_xcom.py
[2024-04-26T21:40:32.425-0300] {logging_mixin.py:188} INFO - [2024-04-26T21:40:32.424-0300] {dag.py:3096} INFO - Sync 1 DAGs
[2024-04-26T21:40:32.460-0300] {logging_mixin.py:188} INFO - [2024-04-26T21:40:32.459-0300] {dag.py:3954} INFO - Setting next_dagrun for example_xcom to 2021-01-01 00:00:00+00:00, run_after=2021-01-01 00:00:00+00:00
[2024-04-26T21:40:32.490-0300] {processor.py:183} INFO - Processing /home/athlon/projects/airflow/.venv/lib/python3.11/site-packages/airflow/example_dags/example_xcom.py took 0.128 seconds
[2024-04-26T21:41:29.537-0300] {processor.py:161} INFO - Started process (PID=19760) to work on /home/athlon/projects/airflow/.venv/lib/python3.11/site-packages/airflow/example_dags/example_xcom.py
[2024-04-26T21:41:29.543-0300] {processor.py:830} INFO - Processing file /home/athlon/projects/airflow/.venv/lib/python3.11/site-packages/airflow/example_dags/example_xcom.py for tasks to queue
[2024-04-26T21:41:29.546-0300] {logging_mixin.py:188} INFO - [2024-04-26T21:41:29.545-0300] {dagbag.py:540} INFO - Filling up the DagBag from /home/athlon/projects/airflow/.venv/lib/python3.11/site-packages/airflow/example_dags/example_xcom.py
[2024-04-26T21:41:29.558-0300] {processor.py:840} INFO - DAG(s) 'example_xcom' retrieved from /home/athlon/projects/airflow/.venv/lib/python3.11/site-packages/airflow/example_dags/example_xcom.py
[2024-04-26T21:41:29.583-0300] {logging_mixin.py:188} INFO - [2024-04-26T21:41:29.582-0300] {dag.py:3096} INFO - Sync 1 DAGs
[2024-04-26T21:41:29.616-0300] {logging_mixin.py:188} INFO - [2024-04-26T21:41:29.616-0300] {dag.py:3954} INFO - Setting next_dagrun for example_xcom to 2021-01-01 00:00:00+00:00, run_after=2021-01-01 00:00:00+00:00
[2024-04-26T21:41:29.648-0300] {processor.py:183} INFO - Processing /home/athlon/projects/airflow/.venv/lib/python3.11/site-packages/airflow/example_dags/example_xcom.py took 0.122 seconds
[2024-04-26T21:42:27.031-0300] {processor.py:161} INFO - Started process (PID=19834) to work on /home/athlon/projects/airflow/.venv/lib/python3.11/site-packages/airflow/example_dags/example_xcom.py
[2024-04-26T21:42:27.037-0300] {processor.py:830} INFO - Processing file /home/athlon/projects/airflow/.venv/lib/python3.11/site-packages/airflow/example_dags/example_xcom.py for tasks to queue
[2024-04-26T21:42:27.040-0300] {logging_mixin.py:188} INFO - [2024-04-26T21:42:27.039-0300] {dagbag.py:540} INFO - Filling up the DagBag from /home/athlon/projects/airflow/.venv/lib/python3.11/site-packages/airflow/example_dags/example_xcom.py
[2024-04-26T21:42:27.054-0300] {processor.py:840} INFO - DAG(s) 'example_xcom' retrieved from /home/athlon/projects/airflow/.venv/lib/python3.11/site-packages/airflow/example_dags/example_xcom.py
[2024-04-26T21:42:27.080-0300] {logging_mixin.py:188} INFO - [2024-04-26T21:42:27.080-0300] {dag.py:3096} INFO - Sync 1 DAGs
[2024-04-26T21:42:27.108-0300] {logging_mixin.py:188} INFO - [2024-04-26T21:42:27.107-0300] {dag.py:3954} INFO - Setting next_dagrun for example_xcom to 2021-01-01 00:00:00+00:00, run_after=2021-01-01 00:00:00+00:00
[2024-04-26T21:42:27.138-0300] {processor.py:183} INFO - Processing /home/athlon/projects/airflow/.venv/lib/python3.11/site-packages/airflow/example_dags/example_xcom.py took 0.117 seconds
[2024-04-26T21:43:28.530-0300] {processor.py:161} INFO - Started process (PID=19900) to work on /home/athlon/projects/airflow/.venv/lib/python3.11/site-packages/airflow/example_dags/example_xcom.py
[2024-04-26T21:43:28.535-0300] {processor.py:830} INFO - Processing file /home/athlon/projects/airflow/.venv/lib/python3.11/site-packages/airflow/example_dags/example_xcom.py for tasks to queue
[2024-04-26T21:43:28.538-0300] {logging_mixin.py:188} INFO - [2024-04-26T21:43:28.537-0300] {dagbag.py:540} INFO - Filling up the DagBag from /home/athlon/projects/airflow/.venv/lib/python3.11/site-packages/airflow/example_dags/example_xcom.py
[2024-04-26T21:43:28.552-0300] {processor.py:840} INFO - DAG(s) 'example_xcom' retrieved from /home/athlon/projects/airflow/.venv/lib/python3.11/site-packages/airflow/example_dags/example_xcom.py
[2024-04-26T21:43:28.578-0300] {logging_mixin.py:188} INFO - [2024-04-26T21:43:28.578-0300] {dag.py:3096} INFO - Sync 1 DAGs
[2024-04-26T21:43:28.606-0300] {logging_mixin.py:188} INFO - [2024-04-26T21:43:28.606-0300] {dag.py:3954} INFO - Setting next_dagrun for example_xcom to 2021-01-01 00:00:00+00:00, run_after=2021-01-01 00:00:00+00:00
[2024-04-26T21:43:28.636-0300] {processor.py:183} INFO - Processing /home/athlon/projects/airflow/.venv/lib/python3.11/site-packages/airflow/example_dags/example_xcom.py took 0.117 seconds
[2024-04-26T21:44:22.993-0300] {processor.py:161} INFO - Started process (PID=19968) to work on /home/athlon/projects/airflow/.venv/lib/python3.11/site-packages/airflow/example_dags/example_xcom.py
[2024-04-26T21:44:22.994-0300] {processor.py:830} INFO - Processing file /home/athlon/projects/airflow/.venv/lib/python3.11/site-packages/airflow/example_dags/example_xcom.py for tasks to queue
[2024-04-26T21:44:22.997-0300] {logging_mixin.py:188} INFO - [2024-04-26T21:44:22.996-0300] {dagbag.py:540} INFO - Filling up the DagBag from /home/athlon/projects/airflow/.venv/lib/python3.11/site-packages/airflow/example_dags/example_xcom.py
[2024-04-26T21:44:23.009-0300] {processor.py:840} INFO - DAG(s) 'example_xcom' retrieved from /home/athlon/projects/airflow/.venv/lib/python3.11/site-packages/airflow/example_dags/example_xcom.py
[2024-04-26T21:44:23.032-0300] {logging_mixin.py:188} INFO - [2024-04-26T21:44:23.032-0300] {dag.py:3096} INFO - Sync 1 DAGs
[2024-04-26T21:44:23.060-0300] {logging_mixin.py:188} INFO - [2024-04-26T21:44:23.060-0300] {dag.py:3954} INFO - Setting next_dagrun for example_xcom to 2021-01-01 00:00:00+00:00, run_after=2021-01-01 00:00:00+00:00
[2024-04-26T21:44:23.089-0300] {processor.py:183} INFO - Processing /home/athlon/projects/airflow/.venv/lib/python3.11/site-packages/airflow/example_dags/example_xcom.py took 0.104 seconds
[2024-04-26T21:45:15.677-0300] {processor.py:161} INFO - Started process (PID=20030) to work on /home/athlon/projects/airflow/.venv/lib/python3.11/site-packages/airflow/example_dags/example_xcom.py
[2024-04-26T21:45:15.683-0300] {processor.py:830} INFO - Processing file /home/athlon/projects/airflow/.venv/lib/python3.11/site-packages/airflow/example_dags/example_xcom.py for tasks to queue
[2024-04-26T21:45:15.686-0300] {logging_mixin.py:188} INFO - [2024-04-26T21:45:15.685-0300] {dagbag.py:540} INFO - Filling up the DagBag from /home/athlon/projects/airflow/.venv/lib/python3.11/site-packages/airflow/example_dags/example_xcom.py
[2024-04-26T21:45:15.701-0300] {processor.py:840} INFO - DAG(s) 'example_xcom' retrieved from /home/athlon/projects/airflow/.venv/lib/python3.11/site-packages/airflow/example_dags/example_xcom.py
[2024-04-26T21:45:15.727-0300] {logging_mixin.py:188} INFO - [2024-04-26T21:45:15.727-0300] {dag.py:3096} INFO - Sync 1 DAGs
[2024-04-26T21:45:15.756-0300] {logging_mixin.py:188} INFO - [2024-04-26T21:45:15.755-0300] {dag.py:3954} INFO - Setting next_dagrun for example_xcom to 2021-01-01 00:00:00+00:00, run_after=2021-01-01 00:00:00+00:00
[2024-04-26T21:45:15.787-0300] {processor.py:183} INFO - Processing /home/athlon/projects/airflow/.venv/lib/python3.11/site-packages/airflow/example_dags/example_xcom.py took 0.119 seconds
[2024-04-26T21:46:12.806-0300] {processor.py:161} INFO - Started process (PID=20094) to work on /home/athlon/projects/airflow/.venv/lib/python3.11/site-packages/airflow/example_dags/example_xcom.py
[2024-04-26T21:46:12.812-0300] {processor.py:830} INFO - Processing file /home/athlon/projects/airflow/.venv/lib/python3.11/site-packages/airflow/example_dags/example_xcom.py for tasks to queue
[2024-04-26T21:46:12.815-0300] {logging_mixin.py:188} INFO - [2024-04-26T21:46:12.814-0300] {dagbag.py:540} INFO - Filling up the DagBag from /home/athlon/projects/airflow/.venv/lib/python3.11/site-packages/airflow/example_dags/example_xcom.py
[2024-04-26T21:46:12.828-0300] {processor.py:840} INFO - DAG(s) 'example_xcom' retrieved from /home/athlon/projects/airflow/.venv/lib/python3.11/site-packages/airflow/example_dags/example_xcom.py
[2024-04-26T21:46:12.854-0300] {logging_mixin.py:188} INFO - [2024-04-26T21:46:12.854-0300] {dag.py:3096} INFO - Sync 1 DAGs
[2024-04-26T21:46:12.883-0300] {logging_mixin.py:188} INFO - [2024-04-26T21:46:12.882-0300] {dag.py:3954} INFO - Setting next_dagrun for example_xcom to 2021-01-01 00:00:00+00:00, run_after=2021-01-01 00:00:00+00:00
[2024-04-26T21:46:12.912-0300] {processor.py:183} INFO - Processing /home/athlon/projects/airflow/.venv/lib/python3.11/site-packages/airflow/example_dags/example_xcom.py took 0.117 seconds
[2024-04-26T21:47:11.547-0300] {processor.py:161} INFO - Started process (PID=20159) to work on /home/athlon/projects/airflow/.venv/lib/python3.11/site-packages/airflow/example_dags/example_xcom.py
[2024-04-26T21:47:11.553-0300] {processor.py:830} INFO - Processing file /home/athlon/projects/airflow/.venv/lib/python3.11/site-packages/airflow/example_dags/example_xcom.py for tasks to queue
[2024-04-26T21:47:11.556-0300] {logging_mixin.py:188} INFO - [2024-04-26T21:47:11.555-0300] {dagbag.py:540} INFO - Filling up the DagBag from /home/athlon/projects/airflow/.venv/lib/python3.11/site-packages/airflow/example_dags/example_xcom.py
[2024-04-26T21:47:11.570-0300] {processor.py:840} INFO - DAG(s) 'example_xcom' retrieved from /home/athlon/projects/airflow/.venv/lib/python3.11/site-packages/airflow/example_dags/example_xcom.py
[2024-04-26T21:47:11.595-0300] {logging_mixin.py:188} INFO - [2024-04-26T21:47:11.595-0300] {dag.py:3096} INFO - Sync 1 DAGs
[2024-04-26T21:47:11.624-0300] {logging_mixin.py:188} INFO - [2024-04-26T21:47:11.624-0300] {dag.py:3954} INFO - Setting next_dagrun for example_xcom to 2021-01-01 00:00:00+00:00, run_after=2021-01-01 00:00:00+00:00
[2024-04-26T21:47:11.654-0300] {processor.py:183} INFO - Processing /home/athlon/projects/airflow/.venv/lib/python3.11/site-packages/airflow/example_dags/example_xcom.py took 0.117 seconds
[2024-04-26T21:48:07.993-0300] {processor.py:161} INFO - Started process (PID=20222) to work on /home/athlon/projects/airflow/.venv/lib/python3.11/site-packages/airflow/example_dags/example_xcom.py
[2024-04-26T21:48:07.999-0300] {processor.py:830} INFO - Processing file /home/athlon/projects/airflow/.venv/lib/python3.11/site-packages/airflow/example_dags/example_xcom.py for tasks to queue
[2024-04-26T21:48:08.002-0300] {logging_mixin.py:188} INFO - [2024-04-26T21:48:08.001-0300] {dagbag.py:540} INFO - Filling up the DagBag from /home/athlon/projects/airflow/.venv/lib/python3.11/site-packages/airflow/example_dags/example_xcom.py
[2024-04-26T21:48:08.016-0300] {processor.py:840} INFO - DAG(s) 'example_xcom' retrieved from /home/athlon/projects/airflow/.venv/lib/python3.11/site-packages/airflow/example_dags/example_xcom.py
[2024-04-26T21:48:08.042-0300] {logging_mixin.py:188} INFO - [2024-04-26T21:48:08.042-0300] {dag.py:3096} INFO - Sync 1 DAGs
[2024-04-26T21:48:08.071-0300] {logging_mixin.py:188} INFO - [2024-04-26T21:48:08.070-0300] {dag.py:3954} INFO - Setting next_dagrun for example_xcom to 2021-01-01 00:00:00+00:00, run_after=2021-01-01 00:00:00+00:00
[2024-04-26T21:48:08.100-0300] {processor.py:183} INFO - Processing /home/athlon/projects/airflow/.venv/lib/python3.11/site-packages/airflow/example_dags/example_xcom.py took 0.118 seconds
[2024-04-26T21:49:04.058-0300] {processor.py:161} INFO - Started process (PID=20286) to work on /home/athlon/projects/airflow/.venv/lib/python3.11/site-packages/airflow/example_dags/example_xcom.py
[2024-04-26T21:49:04.063-0300] {processor.py:830} INFO - Processing file /home/athlon/projects/airflow/.venv/lib/python3.11/site-packages/airflow/example_dags/example_xcom.py for tasks to queue
[2024-04-26T21:49:04.066-0300] {logging_mixin.py:188} INFO - [2024-04-26T21:49:04.065-0300] {dagbag.py:540} INFO - Filling up the DagBag from /home/athlon/projects/airflow/.venv/lib/python3.11/site-packages/airflow/example_dags/example_xcom.py
[2024-04-26T21:49:04.078-0300] {processor.py:840} INFO - DAG(s) 'example_xcom' retrieved from /home/athlon/projects/airflow/.venv/lib/python3.11/site-packages/airflow/example_dags/example_xcom.py
[2024-04-26T21:49:04.102-0300] {logging_mixin.py:188} INFO - [2024-04-26T21:49:04.102-0300] {dag.py:3096} INFO - Sync 1 DAGs
[2024-04-26T21:49:04.130-0300] {logging_mixin.py:188} INFO - [2024-04-26T21:49:04.130-0300] {dag.py:3954} INFO - Setting next_dagrun for example_xcom to 2021-01-01 00:00:00+00:00, run_after=2021-01-01 00:00:00+00:00
[2024-04-26T21:49:04.159-0300] {processor.py:183} INFO - Processing /home/athlon/projects/airflow/.venv/lib/python3.11/site-packages/airflow/example_dags/example_xcom.py took 0.110 seconds
[2024-04-26T21:49:57.419-0300] {processor.py:161} INFO - Started process (PID=20353) to work on /home/athlon/projects/airflow/.venv/lib/python3.11/site-packages/airflow/example_dags/example_xcom.py
[2024-04-26T21:49:57.424-0300] {processor.py:830} INFO - Processing file /home/athlon/projects/airflow/.venv/lib/python3.11/site-packages/airflow/example_dags/example_xcom.py for tasks to queue
[2024-04-26T21:49:57.427-0300] {logging_mixin.py:188} INFO - [2024-04-26T21:49:57.426-0300] {dagbag.py:540} INFO - Filling up the DagBag from /home/athlon/projects/airflow/.venv/lib/python3.11/site-packages/airflow/example_dags/example_xcom.py
[2024-04-26T21:49:57.441-0300] {processor.py:840} INFO - DAG(s) 'example_xcom' retrieved from /home/athlon/projects/airflow/.venv/lib/python3.11/site-packages/airflow/example_dags/example_xcom.py
[2024-04-26T21:49:57.467-0300] {logging_mixin.py:188} INFO - [2024-04-26T21:49:57.467-0300] {dag.py:3096} INFO - Sync 1 DAGs
[2024-04-26T21:49:57.495-0300] {logging_mixin.py:188} INFO - [2024-04-26T21:49:57.495-0300] {dag.py:3954} INFO - Setting next_dagrun for example_xcom to 2021-01-01 00:00:00+00:00, run_after=2021-01-01 00:00:00+00:00
[2024-04-26T21:49:57.524-0300] {processor.py:183} INFO - Processing /home/athlon/projects/airflow/.venv/lib/python3.11/site-packages/airflow/example_dags/example_xcom.py took 0.116 seconds
[2024-04-26T21:50:55.684-0300] {processor.py:161} INFO - Started process (PID=20428) to work on /home/athlon/projects/airflow/.venv/lib/python3.11/site-packages/airflow/example_dags/example_xcom.py
[2024-04-26T21:50:55.689-0300] {processor.py:830} INFO - Processing file /home/athlon/projects/airflow/.venv/lib/python3.11/site-packages/airflow/example_dags/example_xcom.py for tasks to queue
[2024-04-26T21:50:55.693-0300] {logging_mixin.py:188} INFO - [2024-04-26T21:50:55.692-0300] {dagbag.py:540} INFO - Filling up the DagBag from /home/athlon/projects/airflow/.venv/lib/python3.11/site-packages/airflow/example_dags/example_xcom.py
[2024-04-26T21:50:55.715-0300] {processor.py:840} INFO - DAG(s) 'example_xcom' retrieved from /home/athlon/projects/airflow/.venv/lib/python3.11/site-packages/airflow/example_dags/example_xcom.py
[2024-04-26T21:50:55.752-0300] {logging_mixin.py:188} INFO - [2024-04-26T21:50:55.751-0300] {dag.py:3096} INFO - Sync 1 DAGs
[2024-04-26T21:50:55.798-0300] {logging_mixin.py:188} INFO - [2024-04-26T21:50:55.797-0300] {dag.py:3954} INFO - Setting next_dagrun for example_xcom to 2021-01-01 00:00:00+00:00, run_after=2021-01-01 00:00:00+00:00
[2024-04-26T21:50:55.846-0300] {processor.py:183} INFO - Processing /home/athlon/projects/airflow/.venv/lib/python3.11/site-packages/airflow/example_dags/example_xcom.py took 0.175 seconds
[2024-04-26T21:51:50.612-0300] {processor.py:161} INFO - Started process (PID=20491) to work on /home/athlon/projects/airflow/.venv/lib/python3.11/site-packages/airflow/example_dags/example_xcom.py
[2024-04-26T21:51:50.617-0300] {processor.py:830} INFO - Processing file /home/athlon/projects/airflow/.venv/lib/python3.11/site-packages/airflow/example_dags/example_xcom.py for tasks to queue
[2024-04-26T21:51:50.620-0300] {logging_mixin.py:188} INFO - [2024-04-26T21:51:50.620-0300] {dagbag.py:540} INFO - Filling up the DagBag from /home/athlon/projects/airflow/.venv/lib/python3.11/site-packages/airflow/example_dags/example_xcom.py
[2024-04-26T21:51:50.635-0300] {processor.py:840} INFO - DAG(s) 'example_xcom' retrieved from /home/athlon/projects/airflow/.venv/lib/python3.11/site-packages/airflow/example_dags/example_xcom.py
[2024-04-26T21:51:50.661-0300] {logging_mixin.py:188} INFO - [2024-04-26T21:51:50.661-0300] {dag.py:3096} INFO - Sync 1 DAGs
[2024-04-26T21:51:50.689-0300] {logging_mixin.py:188} INFO - [2024-04-26T21:51:50.689-0300] {dag.py:3954} INFO - Setting next_dagrun for example_xcom to 2021-01-01 00:00:00+00:00, run_after=2021-01-01 00:00:00+00:00
[2024-04-26T21:51:50.720-0300] {processor.py:183} INFO - Processing /home/athlon/projects/airflow/.venv/lib/python3.11/site-packages/airflow/example_dags/example_xcom.py took 0.119 seconds
[2024-04-26T21:52:48.111-0300] {processor.py:161} INFO - Started process (PID=20667) to work on /home/athlon/projects/airflow/.venv/lib/python3.11/site-packages/airflow/example_dags/example_xcom.py
[2024-04-26T21:52:48.117-0300] {processor.py:830} INFO - Processing file /home/athlon/projects/airflow/.venv/lib/python3.11/site-packages/airflow/example_dags/example_xcom.py for tasks to queue
[2024-04-26T21:52:48.120-0300] {logging_mixin.py:188} INFO - [2024-04-26T21:52:48.119-0300] {dagbag.py:540} INFO - Filling up the DagBag from /home/athlon/projects/airflow/.venv/lib/python3.11/site-packages/airflow/example_dags/example_xcom.py
[2024-04-26T21:52:48.135-0300] {processor.py:840} INFO - DAG(s) 'example_xcom' retrieved from /home/athlon/projects/airflow/.venv/lib/python3.11/site-packages/airflow/example_dags/example_xcom.py
[2024-04-26T21:52:48.161-0300] {logging_mixin.py:188} INFO - [2024-04-26T21:52:48.161-0300] {dag.py:3096} INFO - Sync 1 DAGs
[2024-04-26T21:52:48.190-0300] {logging_mixin.py:188} INFO - [2024-04-26T21:52:48.189-0300] {dag.py:3954} INFO - Setting next_dagrun for example_xcom to 2021-01-01 00:00:00+00:00, run_after=2021-01-01 00:00:00+00:00
[2024-04-26T21:52:48.219-0300] {processor.py:183} INFO - Processing /home/athlon/projects/airflow/.venv/lib/python3.11/site-packages/airflow/example_dags/example_xcom.py took 0.120 seconds
[2024-04-26T21:53:46.148-0300] {processor.py:161} INFO - Started process (PID=20731) to work on /home/athlon/projects/airflow/.venv/lib/python3.11/site-packages/airflow/example_dags/example_xcom.py
[2024-04-26T21:53:46.154-0300] {processor.py:830} INFO - Processing file /home/athlon/projects/airflow/.venv/lib/python3.11/site-packages/airflow/example_dags/example_xcom.py for tasks to queue
[2024-04-26T21:53:46.157-0300] {logging_mixin.py:188} INFO - [2024-04-26T21:53:46.156-0300] {dagbag.py:540} INFO - Filling up the DagBag from /home/athlon/projects/airflow/.venv/lib/python3.11/site-packages/airflow/example_dags/example_xcom.py
[2024-04-26T21:53:46.172-0300] {processor.py:840} INFO - DAG(s) 'example_xcom' retrieved from /home/athlon/projects/airflow/.venv/lib/python3.11/site-packages/airflow/example_dags/example_xcom.py
[2024-04-26T21:53:46.198-0300] {logging_mixin.py:188} INFO - [2024-04-26T21:53:46.198-0300] {dag.py:3096} INFO - Sync 1 DAGs
[2024-04-26T21:53:46.226-0300] {logging_mixin.py:188} INFO - [2024-04-26T21:53:46.226-0300] {dag.py:3954} INFO - Setting next_dagrun for example_xcom to 2021-01-01 00:00:00+00:00, run_after=2021-01-01 00:00:00+00:00
[2024-04-26T21:53:46.256-0300] {processor.py:183} INFO - Processing /home/athlon/projects/airflow/.venv/lib/python3.11/site-packages/airflow/example_dags/example_xcom.py took 0.119 seconds
[2024-04-26T21:54:44.789-0300] {processor.py:161} INFO - Started process (PID=20868) to work on /home/athlon/projects/airflow/.venv/lib/python3.11/site-packages/airflow/example_dags/example_xcom.py
[2024-04-26T21:54:44.791-0300] {processor.py:830} INFO - Processing file /home/athlon/projects/airflow/.venv/lib/python3.11/site-packages/airflow/example_dags/example_xcom.py for tasks to queue
[2024-04-26T21:54:44.794-0300] {logging_mixin.py:188} INFO - [2024-04-26T21:54:44.793-0300] {dagbag.py:540} INFO - Filling up the DagBag from /home/athlon/projects/airflow/.venv/lib/python3.11/site-packages/airflow/example_dags/example_xcom.py
[2024-04-26T21:54:44.812-0300] {processor.py:840} INFO - DAG(s) 'example_xcom' retrieved from /home/athlon/projects/airflow/.venv/lib/python3.11/site-packages/airflow/example_dags/example_xcom.py
[2024-04-26T21:54:44.848-0300] {logging_mixin.py:188} INFO - [2024-04-26T21:54:44.847-0300] {dag.py:3096} INFO - Sync 1 DAGs
[2024-04-26T21:54:44.896-0300] {logging_mixin.py:188} INFO - [2024-04-26T21:54:44.895-0300] {dag.py:3954} INFO - Setting next_dagrun for example_xcom to 2021-01-01 00:00:00+00:00, run_after=2021-01-01 00:00:00+00:00
[2024-04-26T21:54:44.934-0300] {processor.py:183} INFO - Processing /home/athlon/projects/airflow/.venv/lib/python3.11/site-packages/airflow/example_dags/example_xcom.py took 0.158 seconds
[2024-04-26T21:56:08.023-0300] {processor.py:161} INFO - Started process (PID=21582) to work on /home/athlon/projects/airflow/.venv/lib/python3.11/site-packages/airflow/example_dags/example_xcom.py
[2024-04-26T21:56:08.029-0300] {processor.py:830} INFO - Processing file /home/athlon/projects/airflow/.venv/lib/python3.11/site-packages/airflow/example_dags/example_xcom.py for tasks to queue
[2024-04-26T21:56:08.032-0300] {logging_mixin.py:188} INFO - [2024-04-26T21:56:08.031-0300] {dagbag.py:540} INFO - Filling up the DagBag from /home/athlon/projects/airflow/.venv/lib/python3.11/site-packages/airflow/example_dags/example_xcom.py
[2024-04-26T21:56:08.047-0300] {processor.py:840} INFO - DAG(s) 'example_xcom' retrieved from /home/athlon/projects/airflow/.venv/lib/python3.11/site-packages/airflow/example_dags/example_xcom.py
[2024-04-26T21:56:08.074-0300] {logging_mixin.py:188} INFO - [2024-04-26T21:56:08.074-0300] {dag.py:3096} INFO - Sync 1 DAGs
[2024-04-26T21:56:08.103-0300] {logging_mixin.py:188} INFO - [2024-04-26T21:56:08.103-0300] {dag.py:3954} INFO - Setting next_dagrun for example_xcom to 2021-01-01 00:00:00+00:00, run_after=2021-01-01 00:00:00+00:00
[2024-04-26T21:56:08.133-0300] {processor.py:183} INFO - Processing /home/athlon/projects/airflow/.venv/lib/python3.11/site-packages/airflow/example_dags/example_xcom.py took 0.121 seconds
[2024-04-26T21:57:09.136-0300] {processor.py:161} INFO - Started process (PID=21826) to work on /home/athlon/projects/airflow/.venv/lib/python3.11/site-packages/airflow/example_dags/example_xcom.py
[2024-04-26T21:57:09.138-0300] {processor.py:830} INFO - Processing file /home/athlon/projects/airflow/.venv/lib/python3.11/site-packages/airflow/example_dags/example_xcom.py for tasks to queue
[2024-04-26T21:57:09.146-0300] {logging_mixin.py:188} INFO - [2024-04-26T21:57:09.143-0300] {dagbag.py:540} INFO - Filling up the DagBag from /home/athlon/projects/airflow/.venv/lib/python3.11/site-packages/airflow/example_dags/example_xcom.py
[2024-04-26T21:57:09.180-0300] {processor.py:840} INFO - DAG(s) 'example_xcom' retrieved from /home/athlon/projects/airflow/.venv/lib/python3.11/site-packages/airflow/example_dags/example_xcom.py
[2024-04-26T21:57:09.233-0300] {logging_mixin.py:188} INFO - [2024-04-26T21:57:09.232-0300] {dag.py:3096} INFO - Sync 1 DAGs
[2024-04-26T21:57:09.285-0300] {logging_mixin.py:188} INFO - [2024-04-26T21:57:09.285-0300] {dag.py:3954} INFO - Setting next_dagrun for example_xcom to 2021-01-01 00:00:00+00:00, run_after=2021-01-01 00:00:00+00:00
[2024-04-26T21:57:09.334-0300] {processor.py:183} INFO - Processing /home/athlon/projects/airflow/.venv/lib/python3.11/site-packages/airflow/example_dags/example_xcom.py took 0.217 seconds
[2024-04-26T21:58:08.808-0300] {processor.py:161} INFO - Started process (PID=21965) to work on /home/athlon/projects/airflow/.venv/lib/python3.11/site-packages/airflow/example_dags/example_xcom.py
[2024-04-26T21:58:08.813-0300] {processor.py:830} INFO - Processing file /home/athlon/projects/airflow/.venv/lib/python3.11/site-packages/airflow/example_dags/example_xcom.py for tasks to queue
[2024-04-26T21:58:08.816-0300] {logging_mixin.py:188} INFO - [2024-04-26T21:58:08.815-0300] {dagbag.py:540} INFO - Filling up the DagBag from /home/athlon/projects/airflow/.venv/lib/python3.11/site-packages/airflow/example_dags/example_xcom.py
[2024-04-26T21:58:08.830-0300] {processor.py:840} INFO - DAG(s) 'example_xcom' retrieved from /home/athlon/projects/airflow/.venv/lib/python3.11/site-packages/airflow/example_dags/example_xcom.py
[2024-04-26T21:58:08.854-0300] {logging_mixin.py:188} INFO - [2024-04-26T21:58:08.854-0300] {dag.py:3096} INFO - Sync 1 DAGs
[2024-04-26T21:58:08.883-0300] {logging_mixin.py:188} INFO - [2024-04-26T21:58:08.883-0300] {dag.py:3954} INFO - Setting next_dagrun for example_xcom to 2021-01-01 00:00:00+00:00, run_after=2021-01-01 00:00:00+00:00
[2024-04-26T21:58:08.914-0300] {processor.py:183} INFO - Processing /home/athlon/projects/airflow/.venv/lib/python3.11/site-packages/airflow/example_dags/example_xcom.py took 0.117 seconds
[2024-04-26T21:59:06.622-0300] {processor.py:161} INFO - Started process (PID=22113) to work on /home/athlon/projects/airflow/.venv/lib/python3.11/site-packages/airflow/example_dags/example_xcom.py
[2024-04-26T21:59:06.628-0300] {processor.py:830} INFO - Processing file /home/athlon/projects/airflow/.venv/lib/python3.11/site-packages/airflow/example_dags/example_xcom.py for tasks to queue
[2024-04-26T21:59:06.631-0300] {logging_mixin.py:188} INFO - [2024-04-26T21:59:06.630-0300] {dagbag.py:540} INFO - Filling up the DagBag from /home/athlon/projects/airflow/.venv/lib/python3.11/site-packages/airflow/example_dags/example_xcom.py
[2024-04-26T21:59:06.649-0300] {processor.py:840} INFO - DAG(s) 'example_xcom' retrieved from /home/athlon/projects/airflow/.venv/lib/python3.11/site-packages/airflow/example_dags/example_xcom.py
[2024-04-26T21:59:06.679-0300] {logging_mixin.py:188} INFO - [2024-04-26T21:59:06.679-0300] {dag.py:3096} INFO - Sync 1 DAGs
[2024-04-26T21:59:06.720-0300] {logging_mixin.py:188} INFO - [2024-04-26T21:59:06.719-0300] {dag.py:3954} INFO - Setting next_dagrun for example_xcom to 2021-01-01 00:00:00+00:00, run_after=2021-01-01 00:00:00+00:00
[2024-04-26T21:59:06.765-0300] {processor.py:183} INFO - Processing /home/athlon/projects/airflow/.venv/lib/python3.11/site-packages/airflow/example_dags/example_xcom.py took 0.157 seconds
[2024-04-26T22:00:03.615-0300] {processor.py:161} INFO - Started process (PID=22263) to work on /home/athlon/projects/airflow/.venv/lib/python3.11/site-packages/airflow/example_dags/example_xcom.py
[2024-04-26T22:00:03.617-0300] {processor.py:830} INFO - Processing file /home/athlon/projects/airflow/.venv/lib/python3.11/site-packages/airflow/example_dags/example_xcom.py for tasks to queue
[2024-04-26T22:00:03.620-0300] {logging_mixin.py:188} INFO - [2024-04-26T22:00:03.619-0300] {dagbag.py:540} INFO - Filling up the DagBag from /home/athlon/projects/airflow/.venv/lib/python3.11/site-packages/airflow/example_dags/example_xcom.py
[2024-04-26T22:00:03.635-0300] {processor.py:840} INFO - DAG(s) 'example_xcom' retrieved from /home/athlon/projects/airflow/.venv/lib/python3.11/site-packages/airflow/example_dags/example_xcom.py
[2024-04-26T22:00:03.663-0300] {logging_mixin.py:188} INFO - [2024-04-26T22:00:03.663-0300] {dag.py:3096} INFO - Sync 1 DAGs
[2024-04-26T22:00:03.699-0300] {logging_mixin.py:188} INFO - [2024-04-26T22:00:03.698-0300] {dag.py:3954} INFO - Setting next_dagrun for example_xcom to 2021-01-01 00:00:00+00:00, run_after=2021-01-01 00:00:00+00:00
[2024-04-26T22:00:03.732-0300] {processor.py:183} INFO - Processing /home/athlon/projects/airflow/.venv/lib/python3.11/site-packages/airflow/example_dags/example_xcom.py took 0.127 seconds
[2024-04-26T22:01:07.102-0300] {processor.py:161} INFO - Started process (PID=22337) to work on /home/athlon/projects/airflow/.venv/lib/python3.11/site-packages/airflow/example_dags/example_xcom.py
[2024-04-26T22:01:07.108-0300] {processor.py:830} INFO - Processing file /home/athlon/projects/airflow/.venv/lib/python3.11/site-packages/airflow/example_dags/example_xcom.py for tasks to queue
[2024-04-26T22:01:07.111-0300] {logging_mixin.py:188} INFO - [2024-04-26T22:01:07.110-0300] {dagbag.py:540} INFO - Filling up the DagBag from /home/athlon/projects/airflow/.venv/lib/python3.11/site-packages/airflow/example_dags/example_xcom.py
[2024-04-26T22:01:07.126-0300] {processor.py:840} INFO - DAG(s) 'example_xcom' retrieved from /home/athlon/projects/airflow/.venv/lib/python3.11/site-packages/airflow/example_dags/example_xcom.py
[2024-04-26T22:01:07.152-0300] {logging_mixin.py:188} INFO - [2024-04-26T22:01:07.151-0300] {dag.py:3096} INFO - Sync 1 DAGs
[2024-04-26T22:01:07.183-0300] {logging_mixin.py:188} INFO - [2024-04-26T22:01:07.183-0300] {dag.py:3954} INFO - Setting next_dagrun for example_xcom to 2021-01-01 00:00:00+00:00, run_after=2021-01-01 00:00:00+00:00
[2024-04-26T22:01:07.212-0300] {processor.py:183} INFO - Processing /home/athlon/projects/airflow/.venv/lib/python3.11/site-packages/airflow/example_dags/example_xcom.py took 0.123 seconds
[2024-04-26T22:02:05.973-0300] {processor.py:161} INFO - Started process (PID=22404) to work on /home/athlon/projects/airflow/.venv/lib/python3.11/site-packages/airflow/example_dags/example_xcom.py
[2024-04-26T22:02:05.979-0300] {processor.py:830} INFO - Processing file /home/athlon/projects/airflow/.venv/lib/python3.11/site-packages/airflow/example_dags/example_xcom.py for tasks to queue
[2024-04-26T22:02:05.982-0300] {logging_mixin.py:188} INFO - [2024-04-26T22:02:05.982-0300] {dagbag.py:540} INFO - Filling up the DagBag from /home/athlon/projects/airflow/.venv/lib/python3.11/site-packages/airflow/example_dags/example_xcom.py
[2024-04-26T22:02:05.998-0300] {processor.py:840} INFO - DAG(s) 'example_xcom' retrieved from /home/athlon/projects/airflow/.venv/lib/python3.11/site-packages/airflow/example_dags/example_xcom.py
[2024-04-26T22:02:06.024-0300] {logging_mixin.py:188} INFO - [2024-04-26T22:02:06.024-0300] {dag.py:3096} INFO - Sync 1 DAGs
[2024-04-26T22:02:06.053-0300] {logging_mixin.py:188} INFO - [2024-04-26T22:02:06.053-0300] {dag.py:3954} INFO - Setting next_dagrun for example_xcom to 2021-01-01 00:00:00+00:00, run_after=2021-01-01 00:00:00+00:00
[2024-04-26T22:02:06.083-0300] {processor.py:183} INFO - Processing /home/athlon/projects/airflow/.venv/lib/python3.11/site-packages/airflow/example_dags/example_xcom.py took 0.121 seconds
[2024-04-26T22:03:13.390-0300] {processor.py:161} INFO - Started process (PID=22486) to work on /home/athlon/projects/airflow/.venv/lib/python3.11/site-packages/airflow/example_dags/example_xcom.py
[2024-04-26T22:03:13.396-0300] {processor.py:830} INFO - Processing file /home/athlon/projects/airflow/.venv/lib/python3.11/site-packages/airflow/example_dags/example_xcom.py for tasks to queue
[2024-04-26T22:03:13.400-0300] {logging_mixin.py:188} INFO - [2024-04-26T22:03:13.399-0300] {dagbag.py:540} INFO - Filling up the DagBag from /home/athlon/projects/airflow/.venv/lib/python3.11/site-packages/airflow/example_dags/example_xcom.py
[2024-04-26T22:03:13.420-0300] {processor.py:840} INFO - DAG(s) 'example_xcom' retrieved from /home/athlon/projects/airflow/.venv/lib/python3.11/site-packages/airflow/example_dags/example_xcom.py
[2024-04-26T22:03:13.460-0300] {logging_mixin.py:188} INFO - [2024-04-26T22:03:13.460-0300] {dag.py:3096} INFO - Sync 1 DAGs
[2024-04-26T22:03:13.512-0300] {logging_mixin.py:188} INFO - [2024-04-26T22:03:13.511-0300] {dag.py:3954} INFO - Setting next_dagrun for example_xcom to 2021-01-01 00:00:00+00:00, run_after=2021-01-01 00:00:00+00:00
[2024-04-26T22:03:13.562-0300] {processor.py:183} INFO - Processing /home/athlon/projects/airflow/.venv/lib/python3.11/site-packages/airflow/example_dags/example_xcom.py took 0.186 seconds
[2024-04-26T22:04:11.109-0300] {processor.py:161} INFO - Started process (PID=22618) to work on /home/athlon/projects/airflow/.venv/lib/python3.11/site-packages/airflow/example_dags/example_xcom.py
[2024-04-26T22:04:11.111-0300] {processor.py:830} INFO - Processing file /home/athlon/projects/airflow/.venv/lib/python3.11/site-packages/airflow/example_dags/example_xcom.py for tasks to queue
[2024-04-26T22:04:11.118-0300] {logging_mixin.py:188} INFO - [2024-04-26T22:04:11.116-0300] {dagbag.py:540} INFO - Filling up the DagBag from /home/athlon/projects/airflow/.venv/lib/python3.11/site-packages/airflow/example_dags/example_xcom.py
[2024-04-26T22:04:11.167-0300] {processor.py:840} INFO - DAG(s) 'example_xcom' retrieved from /home/athlon/projects/airflow/.venv/lib/python3.11/site-packages/airflow/example_dags/example_xcom.py
[2024-04-26T22:04:11.227-0300] {logging_mixin.py:188} INFO - [2024-04-26T22:04:11.226-0300] {dag.py:3096} INFO - Sync 1 DAGs
[2024-04-26T22:04:11.302-0300] {logging_mixin.py:188} INFO - [2024-04-26T22:04:11.301-0300] {dag.py:3954} INFO - Setting next_dagrun for example_xcom to 2021-01-01 00:00:00+00:00, run_after=2021-01-01 00:00:00+00:00
[2024-04-26T22:04:11.353-0300] {processor.py:183} INFO - Processing /home/athlon/projects/airflow/.venv/lib/python3.11/site-packages/airflow/example_dags/example_xcom.py took 0.262 seconds
[2024-04-26T22:05:07.374-0300] {processor.py:161} INFO - Started process (PID=22695) to work on /home/athlon/projects/airflow/.venv/lib/python3.11/site-packages/airflow/example_dags/example_xcom.py
[2024-04-26T22:05:07.380-0300] {processor.py:830} INFO - Processing file /home/athlon/projects/airflow/.venv/lib/python3.11/site-packages/airflow/example_dags/example_xcom.py for tasks to queue
[2024-04-26T22:05:07.383-0300] {logging_mixin.py:188} INFO - [2024-04-26T22:05:07.382-0300] {dagbag.py:540} INFO - Filling up the DagBag from /home/athlon/projects/airflow/.venv/lib/python3.11/site-packages/airflow/example_dags/example_xcom.py
[2024-04-26T22:05:07.399-0300] {processor.py:840} INFO - DAG(s) 'example_xcom' retrieved from /home/athlon/projects/airflow/.venv/lib/python3.11/site-packages/airflow/example_dags/example_xcom.py
[2024-04-26T22:05:07.424-0300] {logging_mixin.py:188} INFO - [2024-04-26T22:05:07.424-0300] {dag.py:3096} INFO - Sync 1 DAGs
[2024-04-26T22:05:07.453-0300] {logging_mixin.py:188} INFO - [2024-04-26T22:05:07.453-0300] {dag.py:3954} INFO - Setting next_dagrun for example_xcom to 2021-01-01 00:00:00+00:00, run_after=2021-01-01 00:00:00+00:00
[2024-04-26T22:05:07.484-0300] {processor.py:183} INFO - Processing /home/athlon/projects/airflow/.venv/lib/python3.11/site-packages/airflow/example_dags/example_xcom.py took 0.121 seconds
[2024-04-26T22:06:05.922-0300] {processor.py:161} INFO - Started process (PID=22768) to work on /home/athlon/projects/airflow/.venv/lib/python3.11/site-packages/airflow/example_dags/example_xcom.py
[2024-04-26T22:06:05.928-0300] {processor.py:830} INFO - Processing file /home/athlon/projects/airflow/.venv/lib/python3.11/site-packages/airflow/example_dags/example_xcom.py for tasks to queue
[2024-04-26T22:06:05.931-0300] {logging_mixin.py:188} INFO - [2024-04-26T22:06:05.931-0300] {dagbag.py:540} INFO - Filling up the DagBag from /home/athlon/projects/airflow/.venv/lib/python3.11/site-packages/airflow/example_dags/example_xcom.py
[2024-04-26T22:06:05.947-0300] {processor.py:840} INFO - DAG(s) 'example_xcom' retrieved from /home/athlon/projects/airflow/.venv/lib/python3.11/site-packages/airflow/example_dags/example_xcom.py
[2024-04-26T22:06:05.974-0300] {logging_mixin.py:188} INFO - [2024-04-26T22:06:05.973-0300] {dag.py:3096} INFO - Sync 1 DAGs
[2024-04-26T22:06:06.003-0300] {logging_mixin.py:188} INFO - [2024-04-26T22:06:06.003-0300] {dag.py:3954} INFO - Setting next_dagrun for example_xcom to 2021-01-01 00:00:00+00:00, run_after=2021-01-01 00:00:00+00:00
[2024-04-26T22:06:06.034-0300] {processor.py:183} INFO - Processing /home/athlon/projects/airflow/.venv/lib/python3.11/site-packages/airflow/example_dags/example_xcom.py took 0.123 seconds
[2024-04-26T22:07:07.687-0300] {processor.py:161} INFO - Started process (PID=22836) to work on /home/athlon/projects/airflow/.venv/lib/python3.11/site-packages/airflow/example_dags/example_xcom.py
[2024-04-26T22:07:07.693-0300] {processor.py:830} INFO - Processing file /home/athlon/projects/airflow/.venv/lib/python3.11/site-packages/airflow/example_dags/example_xcom.py for tasks to queue
[2024-04-26T22:07:07.696-0300] {logging_mixin.py:188} INFO - [2024-04-26T22:07:07.695-0300] {dagbag.py:540} INFO - Filling up the DagBag from /home/athlon/projects/airflow/.venv/lib/python3.11/site-packages/airflow/example_dags/example_xcom.py
[2024-04-26T22:07:07.711-0300] {processor.py:840} INFO - DAG(s) 'example_xcom' retrieved from /home/athlon/projects/airflow/.venv/lib/python3.11/site-packages/airflow/example_dags/example_xcom.py
[2024-04-26T22:07:07.738-0300] {logging_mixin.py:188} INFO - [2024-04-26T22:07:07.738-0300] {dag.py:3096} INFO - Sync 1 DAGs
[2024-04-26T22:07:07.767-0300] {logging_mixin.py:188} INFO - [2024-04-26T22:07:07.767-0300] {dag.py:3954} INFO - Setting next_dagrun for example_xcom to 2021-01-01 00:00:00+00:00, run_after=2021-01-01 00:00:00+00:00
[2024-04-26T22:07:07.798-0300] {processor.py:183} INFO - Processing /home/athlon/projects/airflow/.venv/lib/python3.11/site-packages/airflow/example_dags/example_xcom.py took 0.122 seconds
[2024-04-26T22:08:12.678-0300] {processor.py:161} INFO - Started process (PID=22904) to work on /home/athlon/projects/airflow/.venv/lib/python3.11/site-packages/airflow/example_dags/example_xcom.py
[2024-04-26T22:08:12.680-0300] {processor.py:830} INFO - Processing file /home/athlon/projects/airflow/.venv/lib/python3.11/site-packages/airflow/example_dags/example_xcom.py for tasks to queue
[2024-04-26T22:08:12.683-0300] {logging_mixin.py:188} INFO - [2024-04-26T22:08:12.682-0300] {dagbag.py:540} INFO - Filling up the DagBag from /home/athlon/projects/airflow/.venv/lib/python3.11/site-packages/airflow/example_dags/example_xcom.py
[2024-04-26T22:08:12.702-0300] {processor.py:840} INFO - DAG(s) 'example_xcom' retrieved from /home/athlon/projects/airflow/.venv/lib/python3.11/site-packages/airflow/example_dags/example_xcom.py
[2024-04-26T22:08:12.743-0300] {logging_mixin.py:188} INFO - [2024-04-26T22:08:12.742-0300] {dag.py:3096} INFO - Sync 1 DAGs
[2024-04-26T22:08:12.788-0300] {logging_mixin.py:188} INFO - [2024-04-26T22:08:12.788-0300] {dag.py:3954} INFO - Setting next_dagrun for example_xcom to 2021-01-01 00:00:00+00:00, run_after=2021-01-01 00:00:00+00:00
[2024-04-26T22:08:12.825-0300] {processor.py:183} INFO - Processing /home/athlon/projects/airflow/.venv/lib/python3.11/site-packages/airflow/example_dags/example_xcom.py took 0.160 seconds
[2024-04-26T22:09:10.019-0300] {processor.py:161} INFO - Started process (PID=23003) to work on /home/athlon/projects/airflow/.venv/lib/python3.11/site-packages/airflow/example_dags/example_xcom.py
[2024-04-26T22:09:10.033-0300] {processor.py:830} INFO - Processing file /home/athlon/projects/airflow/.venv/lib/python3.11/site-packages/airflow/example_dags/example_xcom.py for tasks to queue
[2024-04-26T22:09:10.036-0300] {logging_mixin.py:188} INFO - [2024-04-26T22:09:10.035-0300] {dagbag.py:540} INFO - Filling up the DagBag from /home/athlon/projects/airflow/.venv/lib/python3.11/site-packages/airflow/example_dags/example_xcom.py
[2024-04-26T22:09:10.051-0300] {processor.py:840} INFO - DAG(s) 'example_xcom' retrieved from /home/athlon/projects/airflow/.venv/lib/python3.11/site-packages/airflow/example_dags/example_xcom.py
[2024-04-26T22:09:10.079-0300] {logging_mixin.py:188} INFO - [2024-04-26T22:09:10.078-0300] {dag.py:3096} INFO - Sync 1 DAGs
[2024-04-26T22:09:10.108-0300] {logging_mixin.py:188} INFO - [2024-04-26T22:09:10.107-0300] {dag.py:3954} INFO - Setting next_dagrun for example_xcom to 2021-01-01 00:00:00+00:00, run_after=2021-01-01 00:00:00+00:00
[2024-04-26T22:09:10.137-0300] {processor.py:183} INFO - Processing /home/athlon/projects/airflow/.venv/lib/python3.11/site-packages/airflow/example_dags/example_xcom.py took 0.129 seconds
[2024-04-26T22:10:12.249-0300] {processor.py:161} INFO - Started process (PID=23073) to work on /home/athlon/projects/airflow/.venv/lib/python3.11/site-packages/airflow/example_dags/example_xcom.py
[2024-04-26T22:10:12.254-0300] {processor.py:830} INFO - Processing file /home/athlon/projects/airflow/.venv/lib/python3.11/site-packages/airflow/example_dags/example_xcom.py for tasks to queue
[2024-04-26T22:10:12.258-0300] {logging_mixin.py:188} INFO - [2024-04-26T22:10:12.257-0300] {dagbag.py:540} INFO - Filling up the DagBag from /home/athlon/projects/airflow/.venv/lib/python3.11/site-packages/airflow/example_dags/example_xcom.py
[2024-04-26T22:10:12.273-0300] {processor.py:840} INFO - DAG(s) 'example_xcom' retrieved from /home/athlon/projects/airflow/.venv/lib/python3.11/site-packages/airflow/example_dags/example_xcom.py
[2024-04-26T22:10:12.299-0300] {logging_mixin.py:188} INFO - [2024-04-26T22:10:12.299-0300] {dag.py:3096} INFO - Sync 1 DAGs
[2024-04-26T22:10:12.328-0300] {logging_mixin.py:188} INFO - [2024-04-26T22:10:12.328-0300] {dag.py:3954} INFO - Setting next_dagrun for example_xcom to 2021-01-01 00:00:00+00:00, run_after=2021-01-01 00:00:00+00:00
[2024-04-26T22:10:12.359-0300] {processor.py:183} INFO - Processing /home/athlon/projects/airflow/.venv/lib/python3.11/site-packages/airflow/example_dags/example_xcom.py took 0.122 seconds
[2024-04-26T22:11:12.484-0300] {processor.py:161} INFO - Started process (PID=23140) to work on /home/athlon/projects/airflow/.venv/lib/python3.11/site-packages/airflow/example_dags/example_xcom.py
[2024-04-26T22:11:12.490-0300] {processor.py:830} INFO - Processing file /home/athlon/projects/airflow/.venv/lib/python3.11/site-packages/airflow/example_dags/example_xcom.py for tasks to queue
[2024-04-26T22:11:12.493-0300] {logging_mixin.py:188} INFO - [2024-04-26T22:11:12.492-0300] {dagbag.py:540} INFO - Filling up the DagBag from /home/athlon/projects/airflow/.venv/lib/python3.11/site-packages/airflow/example_dags/example_xcom.py
[2024-04-26T22:11:12.508-0300] {processor.py:840} INFO - DAG(s) 'example_xcom' retrieved from /home/athlon/projects/airflow/.venv/lib/python3.11/site-packages/airflow/example_dags/example_xcom.py
[2024-04-26T22:11:12.534-0300] {logging_mixin.py:188} INFO - [2024-04-26T22:11:12.534-0300] {dag.py:3096} INFO - Sync 1 DAGs
[2024-04-26T22:11:12.563-0300] {logging_mixin.py:188} INFO - [2024-04-26T22:11:12.563-0300] {dag.py:3954} INFO - Setting next_dagrun for example_xcom to 2021-01-01 00:00:00+00:00, run_after=2021-01-01 00:00:00+00:00
[2024-04-26T22:11:12.593-0300] {processor.py:183} INFO - Processing /home/athlon/projects/airflow/.venv/lib/python3.11/site-packages/airflow/example_dags/example_xcom.py took 0.120 seconds
[2024-04-26T22:12:15.803-0300] {processor.py:161} INFO - Started process (PID=23222) to work on /home/athlon/projects/airflow/.venv/lib/python3.11/site-packages/airflow/example_dags/example_xcom.py
[2024-04-26T22:12:15.808-0300] {processor.py:830} INFO - Processing file /home/athlon/projects/airflow/.venv/lib/python3.11/site-packages/airflow/example_dags/example_xcom.py for tasks to queue
[2024-04-26T22:12:15.811-0300] {logging_mixin.py:188} INFO - [2024-04-26T22:12:15.811-0300] {dagbag.py:540} INFO - Filling up the DagBag from /home/athlon/projects/airflow/.venv/lib/python3.11/site-packages/airflow/example_dags/example_xcom.py
[2024-04-26T22:12:15.827-0300] {processor.py:840} INFO - DAG(s) 'example_xcom' retrieved from /home/athlon/projects/airflow/.venv/lib/python3.11/site-packages/airflow/example_dags/example_xcom.py
[2024-04-26T22:12:15.854-0300] {logging_mixin.py:188} INFO - [2024-04-26T22:12:15.853-0300] {dag.py:3096} INFO - Sync 1 DAGs
[2024-04-26T22:12:15.884-0300] {logging_mixin.py:188} INFO - [2024-04-26T22:12:15.883-0300] {dag.py:3954} INFO - Setting next_dagrun for example_xcom to 2021-01-01 00:00:00+00:00, run_after=2021-01-01 00:00:00+00:00
[2024-04-26T22:12:15.913-0300] {processor.py:183} INFO - Processing /home/athlon/projects/airflow/.venv/lib/python3.11/site-packages/airflow/example_dags/example_xcom.py took 0.122 seconds
[2024-04-26T22:13:15.949-0300] {processor.py:161} INFO - Started process (PID=23299) to work on /home/athlon/projects/airflow/.venv/lib/python3.11/site-packages/airflow/example_dags/example_xcom.py
[2024-04-26T22:13:15.954-0300] {processor.py:830} INFO - Processing file /home/athlon/projects/airflow/.venv/lib/python3.11/site-packages/airflow/example_dags/example_xcom.py for tasks to queue
[2024-04-26T22:13:15.958-0300] {logging_mixin.py:188} INFO - [2024-04-26T22:13:15.957-0300] {dagbag.py:540} INFO - Filling up the DagBag from /home/athlon/projects/airflow/.venv/lib/python3.11/site-packages/airflow/example_dags/example_xcom.py
[2024-04-26T22:13:15.973-0300] {processor.py:840} INFO - DAG(s) 'example_xcom' retrieved from /home/athlon/projects/airflow/.venv/lib/python3.11/site-packages/airflow/example_dags/example_xcom.py
[2024-04-26T22:13:15.999-0300] {logging_mixin.py:188} INFO - [2024-04-26T22:13:15.999-0300] {dag.py:3096} INFO - Sync 1 DAGs
[2024-04-26T22:13:16.029-0300] {logging_mixin.py:188} INFO - [2024-04-26T22:13:16.028-0300] {dag.py:3954} INFO - Setting next_dagrun for example_xcom to 2021-01-01 00:00:00+00:00, run_after=2021-01-01 00:00:00+00:00
[2024-04-26T22:13:16.060-0300] {processor.py:183} INFO - Processing /home/athlon/projects/airflow/.venv/lib/python3.11/site-packages/airflow/example_dags/example_xcom.py took 0.123 seconds
[2024-04-26T22:14:14.219-0300] {processor.py:161} INFO - Started process (PID=23409) to work on /home/athlon/projects/airflow/.venv/lib/python3.11/site-packages/airflow/example_dags/example_xcom.py
[2024-04-26T22:14:14.225-0300] {processor.py:830} INFO - Processing file /home/athlon/projects/airflow/.venv/lib/python3.11/site-packages/airflow/example_dags/example_xcom.py for tasks to queue
[2024-04-26T22:14:14.227-0300] {logging_mixin.py:188} INFO - [2024-04-26T22:14:14.227-0300] {dagbag.py:540} INFO - Filling up the DagBag from /home/athlon/projects/airflow/.venv/lib/python3.11/site-packages/airflow/example_dags/example_xcom.py
[2024-04-26T22:14:14.240-0300] {processor.py:840} INFO - DAG(s) 'example_xcom' retrieved from /home/athlon/projects/airflow/.venv/lib/python3.11/site-packages/airflow/example_dags/example_xcom.py
[2024-04-26T22:14:14.264-0300] {logging_mixin.py:188} INFO - [2024-04-26T22:14:14.264-0300] {dag.py:3096} INFO - Sync 1 DAGs
[2024-04-26T22:14:14.295-0300] {logging_mixin.py:188} INFO - [2024-04-26T22:14:14.294-0300] {dag.py:3954} INFO - Setting next_dagrun for example_xcom to 2021-01-01 00:00:00+00:00, run_after=2021-01-01 00:00:00+00:00
[2024-04-26T22:14:14.329-0300] {processor.py:183} INFO - Processing /home/athlon/projects/airflow/.venv/lib/python3.11/site-packages/airflow/example_dags/example_xcom.py took 0.119 seconds
[2024-04-26T22:15:18.141-0300] {processor.py:161} INFO - Started process (PID=23513) to work on /home/athlon/projects/airflow/.venv/lib/python3.11/site-packages/airflow/example_dags/example_xcom.py
[2024-04-26T22:15:18.147-0300] {processor.py:830} INFO - Processing file /home/athlon/projects/airflow/.venv/lib/python3.11/site-packages/airflow/example_dags/example_xcom.py for tasks to queue
[2024-04-26T22:15:18.150-0300] {logging_mixin.py:188} INFO - [2024-04-26T22:15:18.149-0300] {dagbag.py:540} INFO - Filling up the DagBag from /home/athlon/projects/airflow/.venv/lib/python3.11/site-packages/airflow/example_dags/example_xcom.py
[2024-04-26T22:15:18.166-0300] {processor.py:840} INFO - DAG(s) 'example_xcom' retrieved from /home/athlon/projects/airflow/.venv/lib/python3.11/site-packages/airflow/example_dags/example_xcom.py
[2024-04-26T22:15:18.193-0300] {logging_mixin.py:188} INFO - [2024-04-26T22:15:18.192-0300] {dag.py:3096} INFO - Sync 1 DAGs
[2024-04-26T22:15:18.222-0300] {logging_mixin.py:188} INFO - [2024-04-26T22:15:18.221-0300] {dag.py:3954} INFO - Setting next_dagrun for example_xcom to 2021-01-01 00:00:00+00:00, run_after=2021-01-01 00:00:00+00:00
[2024-04-26T22:15:18.252-0300] {processor.py:183} INFO - Processing /home/athlon/projects/airflow/.venv/lib/python3.11/site-packages/airflow/example_dags/example_xcom.py took 0.123 seconds
[2024-04-26T22:16:25.046-0300] {processor.py:161} INFO - Started process (PID=23652) to work on /home/athlon/projects/airflow/.venv/lib/python3.11/site-packages/airflow/example_dags/example_xcom.py
[2024-04-26T22:16:25.048-0300] {processor.py:830} INFO - Processing file /home/athlon/projects/airflow/.venv/lib/python3.11/site-packages/airflow/example_dags/example_xcom.py for tasks to queue
[2024-04-26T22:16:25.051-0300] {logging_mixin.py:188} INFO - [2024-04-26T22:16:25.050-0300] {dagbag.py:540} INFO - Filling up the DagBag from /home/athlon/projects/airflow/.venv/lib/python3.11/site-packages/airflow/example_dags/example_xcom.py
[2024-04-26T22:16:25.064-0300] {processor.py:840} INFO - DAG(s) 'example_xcom' retrieved from /home/athlon/projects/airflow/.venv/lib/python3.11/site-packages/airflow/example_dags/example_xcom.py
[2024-04-26T22:16:25.089-0300] {logging_mixin.py:188} INFO - [2024-04-26T22:16:25.089-0300] {dag.py:3096} INFO - Sync 1 DAGs
[2024-04-26T22:16:25.118-0300] {logging_mixin.py:188} INFO - [2024-04-26T22:16:25.118-0300] {dag.py:3954} INFO - Setting next_dagrun for example_xcom to 2021-01-01 00:00:00+00:00, run_after=2021-01-01 00:00:00+00:00
[2024-04-26T22:16:25.148-0300] {processor.py:183} INFO - Processing /home/athlon/projects/airflow/.venv/lib/python3.11/site-packages/airflow/example_dags/example_xcom.py took 0.114 seconds
[2024-04-26T22:17:24.246-0300] {processor.py:161} INFO - Started process (PID=23721) to work on /home/athlon/projects/airflow/.venv/lib/python3.11/site-packages/airflow/example_dags/example_xcom.py
[2024-04-26T22:17:24.248-0300] {processor.py:830} INFO - Processing file /home/athlon/projects/airflow/.venv/lib/python3.11/site-packages/airflow/example_dags/example_xcom.py for tasks to queue
[2024-04-26T22:17:24.251-0300] {logging_mixin.py:188} INFO - [2024-04-26T22:17:24.250-0300] {dagbag.py:540} INFO - Filling up the DagBag from /home/athlon/projects/airflow/.venv/lib/python3.11/site-packages/airflow/example_dags/example_xcom.py
[2024-04-26T22:17:24.266-0300] {processor.py:840} INFO - DAG(s) 'example_xcom' retrieved from /home/athlon/projects/airflow/.venv/lib/python3.11/site-packages/airflow/example_dags/example_xcom.py
[2024-04-26T22:17:24.293-0300] {logging_mixin.py:188} INFO - [2024-04-26T22:17:24.293-0300] {dag.py:3096} INFO - Sync 1 DAGs
[2024-04-26T22:17:24.322-0300] {logging_mixin.py:188} INFO - [2024-04-26T22:17:24.322-0300] {dag.py:3954} INFO - Setting next_dagrun for example_xcom to 2021-01-01 00:00:00+00:00, run_after=2021-01-01 00:00:00+00:00
[2024-04-26T22:17:24.352-0300] {processor.py:183} INFO - Processing /home/athlon/projects/airflow/.venv/lib/python3.11/site-packages/airflow/example_dags/example_xcom.py took 0.117 seconds
[2024-04-26T22:18:23.890-0300] {processor.py:161} INFO - Started process (PID=23776) to work on /home/athlon/projects/airflow/.venv/lib/python3.11/site-packages/airflow/example_dags/example_xcom.py
[2024-04-26T22:18:23.896-0300] {processor.py:830} INFO - Processing file /home/athlon/projects/airflow/.venv/lib/python3.11/site-packages/airflow/example_dags/example_xcom.py for tasks to queue
[2024-04-26T22:18:23.899-0300] {logging_mixin.py:188} INFO - [2024-04-26T22:18:23.899-0300] {dagbag.py:540} INFO - Filling up the DagBag from /home/athlon/projects/airflow/.venv/lib/python3.11/site-packages/airflow/example_dags/example_xcom.py
[2024-04-26T22:18:23.916-0300] {processor.py:840} INFO - DAG(s) 'example_xcom' retrieved from /home/athlon/projects/airflow/.venv/lib/python3.11/site-packages/airflow/example_dags/example_xcom.py
[2024-04-26T22:18:23.951-0300] {logging_mixin.py:188} INFO - [2024-04-26T22:18:23.951-0300] {dag.py:3096} INFO - Sync 1 DAGs
[2024-04-26T22:18:23.988-0300] {logging_mixin.py:188} INFO - [2024-04-26T22:18:23.987-0300] {dag.py:3954} INFO - Setting next_dagrun for example_xcom to 2021-01-01 00:00:00+00:00, run_after=2021-01-01 00:00:00+00:00
[2024-04-26T22:18:24.021-0300] {processor.py:183} INFO - Processing /home/athlon/projects/airflow/.venv/lib/python3.11/site-packages/airflow/example_dags/example_xcom.py took 0.143 seconds
[2024-04-26T22:19:22.434-0300] {processor.py:161} INFO - Started process (PID=23842) to work on /home/athlon/projects/airflow/.venv/lib/python3.11/site-packages/airflow/example_dags/example_xcom.py
[2024-04-26T22:19:22.441-0300] {processor.py:830} INFO - Processing file /home/athlon/projects/airflow/.venv/lib/python3.11/site-packages/airflow/example_dags/example_xcom.py for tasks to queue
[2024-04-26T22:19:22.444-0300] {logging_mixin.py:188} INFO - [2024-04-26T22:19:22.443-0300] {dagbag.py:540} INFO - Filling up the DagBag from /home/athlon/projects/airflow/.venv/lib/python3.11/site-packages/airflow/example_dags/example_xcom.py
[2024-04-26T22:19:22.460-0300] {processor.py:840} INFO - DAG(s) 'example_xcom' retrieved from /home/athlon/projects/airflow/.venv/lib/python3.11/site-packages/airflow/example_dags/example_xcom.py
[2024-04-26T22:19:22.486-0300] {logging_mixin.py:188} INFO - [2024-04-26T22:19:22.486-0300] {dag.py:3096} INFO - Sync 1 DAGs
[2024-04-26T22:19:22.515-0300] {logging_mixin.py:188} INFO - [2024-04-26T22:19:22.515-0300] {dag.py:3954} INFO - Setting next_dagrun for example_xcom to 2021-01-01 00:00:00+00:00, run_after=2021-01-01 00:00:00+00:00
[2024-04-26T22:19:22.547-0300] {processor.py:183} INFO - Processing /home/athlon/projects/airflow/.venv/lib/python3.11/site-packages/airflow/example_dags/example_xcom.py took 0.125 seconds
[2024-04-26T22:20:21.213-0300] {processor.py:161} INFO - Started process (PID=23902) to work on /home/athlon/projects/airflow/.venv/lib/python3.11/site-packages/airflow/example_dags/example_xcom.py
[2024-04-26T22:20:21.219-0300] {processor.py:830} INFO - Processing file /home/athlon/projects/airflow/.venv/lib/python3.11/site-packages/airflow/example_dags/example_xcom.py for tasks to queue
[2024-04-26T22:20:21.222-0300] {logging_mixin.py:188} INFO - [2024-04-26T22:20:21.221-0300] {dagbag.py:540} INFO - Filling up the DagBag from /home/athlon/projects/airflow/.venv/lib/python3.11/site-packages/airflow/example_dags/example_xcom.py
[2024-04-26T22:20:21.237-0300] {processor.py:840} INFO - DAG(s) 'example_xcom' retrieved from /home/athlon/projects/airflow/.venv/lib/python3.11/site-packages/airflow/example_dags/example_xcom.py
[2024-04-26T22:20:21.265-0300] {logging_mixin.py:188} INFO - [2024-04-26T22:20:21.265-0300] {dag.py:3096} INFO - Sync 1 DAGs
[2024-04-26T22:20:21.295-0300] {logging_mixin.py:188} INFO - [2024-04-26T22:20:21.295-0300] {dag.py:3954} INFO - Setting next_dagrun for example_xcom to 2021-01-01 00:00:00+00:00, run_after=2021-01-01 00:00:00+00:00
[2024-04-26T22:20:21.329-0300] {processor.py:183} INFO - Processing /home/athlon/projects/airflow/.venv/lib/python3.11/site-packages/airflow/example_dags/example_xcom.py took 0.127 seconds
[2024-04-26T22:21:48.856-0300] {processor.py:161} INFO - Started process (PID=24088) to work on /home/athlon/projects/airflow/.venv/lib/python3.11/site-packages/airflow/example_dags/example_xcom.py
[2024-04-26T22:21:48.933-0300] {processor.py:830} INFO - Processing file /home/athlon/projects/airflow/.venv/lib/python3.11/site-packages/airflow/example_dags/example_xcom.py for tasks to queue
[2024-04-26T22:21:48.946-0300] {logging_mixin.py:188} INFO - [2024-04-26T22:21:48.936-0300] {dagbag.py:540} INFO - Filling up the DagBag from /home/athlon/projects/airflow/.venv/lib/python3.11/site-packages/airflow/example_dags/example_xcom.py
[2024-04-26T22:21:49.069-0300] {processor.py:840} INFO - DAG(s) 'example_xcom' retrieved from /home/athlon/projects/airflow/.venv/lib/python3.11/site-packages/airflow/example_dags/example_xcom.py
[2024-04-26T22:21:49.180-0300] {logging_mixin.py:188} INFO - [2024-04-26T22:21:49.177-0300] {dag.py:3096} INFO - Sync 1 DAGs
[2024-04-26T22:21:49.401-0300] {logging_mixin.py:188} INFO - [2024-04-26T22:21:49.392-0300] {dag.py:3954} INFO - Setting next_dagrun for example_xcom to 2021-01-01 00:00:00+00:00, run_after=2021-01-01 00:00:00+00:00
[2024-04-26T22:21:50.046-0300] {processor.py:183} INFO - Processing /home/athlon/projects/airflow/.venv/lib/python3.11/site-packages/airflow/example_dags/example_xcom.py took 1.332 seconds
