[2024-04-26T21:25:10.113-0300] {processor.py:161} INFO - Started process (PID=17711) to work on /home/athlon/projects/airflow/.venv/lib/python3.11/site-packages/airflow/example_dags/example_setup_teardown_taskflow.py
[2024-04-26T21:25:10.115-0300] {processor.py:830} INFO - Processing file /home/athlon/projects/airflow/.venv/lib/python3.11/site-packages/airflow/example_dags/example_setup_teardown_taskflow.py for tasks to queue
[2024-04-26T21:25:10.119-0300] {logging_mixin.py:188} INFO - [2024-04-26T21:25:10.118-0300] {dagbag.py:540} INFO - Filling up the DagBag from /home/athlon/projects/airflow/.venv/lib/python3.11/site-packages/airflow/example_dags/example_setup_teardown_taskflow.py
[2024-04-26T21:25:10.142-0300] {processor.py:840} INFO - DAG(s) 'example_setup_teardown_taskflow' retrieved from /home/athlon/projects/airflow/.venv/lib/python3.11/site-packages/airflow/example_dags/example_setup_teardown_taskflow.py
[2024-04-26T21:25:10.199-0300] {logging_mixin.py:188} INFO - [2024-04-26T21:25:10.198-0300] {dag.py:3096} INFO - Sync 1 DAGs
[2024-04-26T21:25:10.238-0300] {logging_mixin.py:188} INFO - [2024-04-26T21:25:10.238-0300] {dag.py:3954} INFO - Setting next_dagrun for example_setup_teardown_taskflow to 2024-04-26 00:00:00+00:00, run_after=2024-04-27 00:00:00+00:00
[2024-04-26T21:25:10.274-0300] {processor.py:183} INFO - Processing /home/athlon/projects/airflow/.venv/lib/python3.11/site-packages/airflow/example_dags/example_setup_teardown_taskflow.py took 0.174 seconds
[2024-04-26T21:26:07.138-0300] {processor.py:161} INFO - Started process (PID=17851) to work on /home/athlon/projects/airflow/.venv/lib/python3.11/site-packages/airflow/example_dags/example_setup_teardown_taskflow.py
[2024-04-26T21:26:07.144-0300] {processor.py:830} INFO - Processing file /home/athlon/projects/airflow/.venv/lib/python3.11/site-packages/airflow/example_dags/example_setup_teardown_taskflow.py for tasks to queue
[2024-04-26T21:26:07.146-0300] {logging_mixin.py:188} INFO - [2024-04-26T21:26:07.146-0300] {dagbag.py:540} INFO - Filling up the DagBag from /home/athlon/projects/airflow/.venv/lib/python3.11/site-packages/airflow/example_dags/example_setup_teardown_taskflow.py
[2024-04-26T21:26:07.166-0300] {processor.py:840} INFO - DAG(s) 'example_setup_teardown_taskflow' retrieved from /home/athlon/projects/airflow/.venv/lib/python3.11/site-packages/airflow/example_dags/example_setup_teardown_taskflow.py
[2024-04-26T21:26:07.193-0300] {logging_mixin.py:188} INFO - [2024-04-26T21:26:07.192-0300] {dag.py:3096} INFO - Sync 1 DAGs
[2024-04-26T21:26:07.220-0300] {logging_mixin.py:188} INFO - [2024-04-26T21:26:07.220-0300] {dag.py:3954} INFO - Setting next_dagrun for example_setup_teardown_taskflow to 2024-04-26 00:00:00+00:00, run_after=2024-04-27 00:00:00+00:00
[2024-04-26T21:26:07.249-0300] {processor.py:183} INFO - Processing /home/athlon/projects/airflow/.venv/lib/python3.11/site-packages/airflow/example_dags/example_setup_teardown_taskflow.py took 0.122 seconds
[2024-04-26T21:27:02.107-0300] {processor.py:161} INFO - Started process (PID=17914) to work on /home/athlon/projects/airflow/.venv/lib/python3.11/site-packages/airflow/example_dags/example_setup_teardown_taskflow.py
[2024-04-26T21:27:02.113-0300] {processor.py:830} INFO - Processing file /home/athlon/projects/airflow/.venv/lib/python3.11/site-packages/airflow/example_dags/example_setup_teardown_taskflow.py for tasks to queue
[2024-04-26T21:27:02.116-0300] {logging_mixin.py:188} INFO - [2024-04-26T21:27:02.116-0300] {dagbag.py:540} INFO - Filling up the DagBag from /home/athlon/projects/airflow/.venv/lib/python3.11/site-packages/airflow/example_dags/example_setup_teardown_taskflow.py
[2024-04-26T21:27:02.133-0300] {processor.py:840} INFO - DAG(s) 'example_setup_teardown_taskflow' retrieved from /home/athlon/projects/airflow/.venv/lib/python3.11/site-packages/airflow/example_dags/example_setup_teardown_taskflow.py
[2024-04-26T21:27:02.159-0300] {logging_mixin.py:188} INFO - [2024-04-26T21:27:02.158-0300] {dag.py:3096} INFO - Sync 1 DAGs
[2024-04-26T21:27:02.186-0300] {logging_mixin.py:188} INFO - [2024-04-26T21:27:02.185-0300] {dag.py:3954} INFO - Setting next_dagrun for example_setup_teardown_taskflow to 2024-04-26 00:00:00+00:00, run_after=2024-04-27 00:00:00+00:00
[2024-04-26T21:27:02.214-0300] {processor.py:183} INFO - Processing /home/athlon/projects/airflow/.venv/lib/python3.11/site-packages/airflow/example_dags/example_setup_teardown_taskflow.py took 0.116 seconds
[2024-04-26T21:28:00.141-0300] {processor.py:161} INFO - Started process (PID=18000) to work on /home/athlon/projects/airflow/.venv/lib/python3.11/site-packages/airflow/example_dags/example_setup_teardown_taskflow.py
[2024-04-26T21:28:00.146-0300] {processor.py:830} INFO - Processing file /home/athlon/projects/airflow/.venv/lib/python3.11/site-packages/airflow/example_dags/example_setup_teardown_taskflow.py for tasks to queue
[2024-04-26T21:28:00.149-0300] {logging_mixin.py:188} INFO - [2024-04-26T21:28:00.148-0300] {dagbag.py:540} INFO - Filling up the DagBag from /home/athlon/projects/airflow/.venv/lib/python3.11/site-packages/airflow/example_dags/example_setup_teardown_taskflow.py
[2024-04-26T21:28:00.163-0300] {processor.py:840} INFO - DAG(s) 'example_setup_teardown_taskflow' retrieved from /home/athlon/projects/airflow/.venv/lib/python3.11/site-packages/airflow/example_dags/example_setup_teardown_taskflow.py
[2024-04-26T21:28:00.200-0300] {logging_mixin.py:188} INFO - [2024-04-26T21:28:00.200-0300] {dag.py:3096} INFO - Sync 1 DAGs
[2024-04-26T21:28:00.236-0300] {logging_mixin.py:188} INFO - [2024-04-26T21:28:00.236-0300] {dag.py:3954} INFO - Setting next_dagrun for example_setup_teardown_taskflow to 2024-04-26 00:00:00+00:00, run_after=2024-04-27 00:00:00+00:00
[2024-04-26T21:28:00.266-0300] {processor.py:183} INFO - Processing /home/athlon/projects/airflow/.venv/lib/python3.11/site-packages/airflow/example_dags/example_setup_teardown_taskflow.py took 0.133 seconds
[2024-04-26T21:28:58.782-0300] {processor.py:161} INFO - Started process (PID=18198) to work on /home/athlon/projects/airflow/.venv/lib/python3.11/site-packages/airflow/example_dags/example_setup_teardown_taskflow.py
[2024-04-26T21:28:58.783-0300] {processor.py:830} INFO - Processing file /home/athlon/projects/airflow/.venv/lib/python3.11/site-packages/airflow/example_dags/example_setup_teardown_taskflow.py for tasks to queue
[2024-04-26T21:28:58.785-0300] {logging_mixin.py:188} INFO - [2024-04-26T21:28:58.785-0300] {dagbag.py:540} INFO - Filling up the DagBag from /home/athlon/projects/airflow/.venv/lib/python3.11/site-packages/airflow/example_dags/example_setup_teardown_taskflow.py
[2024-04-26T21:28:58.809-0300] {processor.py:840} INFO - DAG(s) 'example_setup_teardown_taskflow' retrieved from /home/athlon/projects/airflow/.venv/lib/python3.11/site-packages/airflow/example_dags/example_setup_teardown_taskflow.py
[2024-04-26T21:28:58.852-0300] {logging_mixin.py:188} INFO - [2024-04-26T21:28:58.851-0300] {dag.py:3096} INFO - Sync 1 DAGs
[2024-04-26T21:28:58.892-0300] {logging_mixin.py:188} INFO - [2024-04-26T21:28:58.891-0300] {dag.py:3954} INFO - Setting next_dagrun for example_setup_teardown_taskflow to 2024-04-26 00:00:00+00:00, run_after=2024-04-27 00:00:00+00:00
[2024-04-26T21:28:58.929-0300] {processor.py:183} INFO - Processing /home/athlon/projects/airflow/.venv/lib/python3.11/site-packages/airflow/example_dags/example_setup_teardown_taskflow.py took 0.156 seconds
[2024-04-26T21:30:00.920-0300] {processor.py:161} INFO - Started process (PID=18697) to work on /home/athlon/projects/airflow/.venv/lib/python3.11/site-packages/airflow/example_dags/example_setup_teardown_taskflow.py
[2024-04-26T21:30:00.926-0300] {processor.py:830} INFO - Processing file /home/athlon/projects/airflow/.venv/lib/python3.11/site-packages/airflow/example_dags/example_setup_teardown_taskflow.py for tasks to queue
[2024-04-26T21:30:00.930-0300] {logging_mixin.py:188} INFO - [2024-04-26T21:30:00.929-0300] {dagbag.py:540} INFO - Filling up the DagBag from /home/athlon/projects/airflow/.venv/lib/python3.11/site-packages/airflow/example_dags/example_setup_teardown_taskflow.py
[2024-04-26T21:30:00.948-0300] {processor.py:840} INFO - DAG(s) 'example_setup_teardown_taskflow' retrieved from /home/athlon/projects/airflow/.venv/lib/python3.11/site-packages/airflow/example_dags/example_setup_teardown_taskflow.py
[2024-04-26T21:30:00.975-0300] {logging_mixin.py:188} INFO - [2024-04-26T21:30:00.974-0300] {dag.py:3096} INFO - Sync 1 DAGs
[2024-04-26T21:30:01.149-0300] {logging_mixin.py:188} INFO - [2024-04-26T21:30:01.148-0300] {dag.py:3954} INFO - Setting next_dagrun for example_setup_teardown_taskflow to 2024-04-26 00:00:00+00:00, run_after=2024-04-27 00:00:00+00:00
[2024-04-26T21:30:01.177-0300] {processor.py:183} INFO - Processing /home/athlon/projects/airflow/.venv/lib/python3.11/site-packages/airflow/example_dags/example_setup_teardown_taskflow.py took 0.269 seconds
[2024-04-26T21:31:03.652-0300] {processor.py:161} INFO - Started process (PID=18779) to work on /home/athlon/projects/airflow/.venv/lib/python3.11/site-packages/airflow/example_dags/example_setup_teardown_taskflow.py
[2024-04-26T21:31:03.653-0300] {processor.py:830} INFO - Processing file /home/athlon/projects/airflow/.venv/lib/python3.11/site-packages/airflow/example_dags/example_setup_teardown_taskflow.py for tasks to queue
[2024-04-26T21:31:03.655-0300] {logging_mixin.py:188} INFO - [2024-04-26T21:31:03.655-0300] {dagbag.py:540} INFO - Filling up the DagBag from /home/athlon/projects/airflow/.venv/lib/python3.11/site-packages/airflow/example_dags/example_setup_teardown_taskflow.py
[2024-04-26T21:31:03.672-0300] {processor.py:840} INFO - DAG(s) 'example_setup_teardown_taskflow' retrieved from /home/athlon/projects/airflow/.venv/lib/python3.11/site-packages/airflow/example_dags/example_setup_teardown_taskflow.py
[2024-04-26T21:31:03.707-0300] {logging_mixin.py:188} INFO - [2024-04-26T21:31:03.706-0300] {dag.py:3096} INFO - Sync 1 DAGs
[2024-04-26T21:31:03.744-0300] {logging_mixin.py:188} INFO - [2024-04-26T21:31:03.744-0300] {dag.py:3954} INFO - Setting next_dagrun for example_setup_teardown_taskflow to 2024-04-26 00:00:00+00:00, run_after=2024-04-27 00:00:00+00:00
[2024-04-26T21:31:03.786-0300] {processor.py:183} INFO - Processing /home/athlon/projects/airflow/.venv/lib/python3.11/site-packages/airflow/example_dags/example_setup_teardown_taskflow.py took 0.142 seconds
[2024-04-26T21:32:04.065-0300] {processor.py:161} INFO - Started process (PID=18841) to work on /home/athlon/projects/airflow/.venv/lib/python3.11/site-packages/airflow/example_dags/example_setup_teardown_taskflow.py
[2024-04-26T21:32:04.071-0300] {processor.py:830} INFO - Processing file /home/athlon/projects/airflow/.venv/lib/python3.11/site-packages/airflow/example_dags/example_setup_teardown_taskflow.py for tasks to queue
[2024-04-26T21:32:04.074-0300] {logging_mixin.py:188} INFO - [2024-04-26T21:32:04.073-0300] {dagbag.py:540} INFO - Filling up the DagBag from /home/athlon/projects/airflow/.venv/lib/python3.11/site-packages/airflow/example_dags/example_setup_teardown_taskflow.py
[2024-04-26T21:32:04.092-0300] {processor.py:840} INFO - DAG(s) 'example_setup_teardown_taskflow' retrieved from /home/athlon/projects/airflow/.venv/lib/python3.11/site-packages/airflow/example_dags/example_setup_teardown_taskflow.py
[2024-04-26T21:32:04.121-0300] {logging_mixin.py:188} INFO - [2024-04-26T21:32:04.120-0300] {dag.py:3096} INFO - Sync 1 DAGs
[2024-04-26T21:32:04.149-0300] {logging_mixin.py:188} INFO - [2024-04-26T21:32:04.148-0300] {dag.py:3954} INFO - Setting next_dagrun for example_setup_teardown_taskflow to 2024-04-26 00:00:00+00:00, run_after=2024-04-27 00:00:00+00:00
[2024-04-26T21:32:04.212-0300] {processor.py:183} INFO - Processing /home/athlon/projects/airflow/.venv/lib/python3.11/site-packages/airflow/example_dags/example_setup_teardown_taskflow.py took 0.158 seconds
[2024-04-26T21:33:02.790-0300] {processor.py:161} INFO - Started process (PID=18893) to work on /home/athlon/projects/airflow/.venv/lib/python3.11/site-packages/airflow/example_dags/example_setup_teardown_taskflow.py
[2024-04-26T21:33:02.796-0300] {processor.py:830} INFO - Processing file /home/athlon/projects/airflow/.venv/lib/python3.11/site-packages/airflow/example_dags/example_setup_teardown_taskflow.py for tasks to queue
[2024-04-26T21:33:02.799-0300] {logging_mixin.py:188} INFO - [2024-04-26T21:33:02.798-0300] {dagbag.py:540} INFO - Filling up the DagBag from /home/athlon/projects/airflow/.venv/lib/python3.11/site-packages/airflow/example_dags/example_setup_teardown_taskflow.py
[2024-04-26T21:33:02.816-0300] {processor.py:840} INFO - DAG(s) 'example_setup_teardown_taskflow' retrieved from /home/athlon/projects/airflow/.venv/lib/python3.11/site-packages/airflow/example_dags/example_setup_teardown_taskflow.py
[2024-04-26T21:33:02.843-0300] {logging_mixin.py:188} INFO - [2024-04-26T21:33:02.842-0300] {dag.py:3096} INFO - Sync 1 DAGs
[2024-04-26T21:33:02.871-0300] {logging_mixin.py:188} INFO - [2024-04-26T21:33:02.870-0300] {dag.py:3954} INFO - Setting next_dagrun for example_setup_teardown_taskflow to 2024-04-26 00:00:00+00:00, run_after=2024-04-27 00:00:00+00:00
[2024-04-26T21:33:02.901-0300] {processor.py:183} INFO - Processing /home/athlon/projects/airflow/.venv/lib/python3.11/site-packages/airflow/example_dags/example_setup_teardown_taskflow.py took 0.121 seconds
[2024-04-26T21:34:04.267-0300] {processor.py:161} INFO - Started process (PID=19124) to work on /home/athlon/projects/airflow/.venv/lib/python3.11/site-packages/airflow/example_dags/example_setup_teardown_taskflow.py
[2024-04-26T21:34:04.273-0300] {processor.py:830} INFO - Processing file /home/athlon/projects/airflow/.venv/lib/python3.11/site-packages/airflow/example_dags/example_setup_teardown_taskflow.py for tasks to queue
[2024-04-26T21:34:04.276-0300] {logging_mixin.py:188} INFO - [2024-04-26T21:34:04.275-0300] {dagbag.py:540} INFO - Filling up the DagBag from /home/athlon/projects/airflow/.venv/lib/python3.11/site-packages/airflow/example_dags/example_setup_teardown_taskflow.py
[2024-04-26T21:34:04.293-0300] {processor.py:840} INFO - DAG(s) 'example_setup_teardown_taskflow' retrieved from /home/athlon/projects/airflow/.venv/lib/python3.11/site-packages/airflow/example_dags/example_setup_teardown_taskflow.py
[2024-04-26T21:34:04.320-0300] {logging_mixin.py:188} INFO - [2024-04-26T21:34:04.320-0300] {dag.py:3096} INFO - Sync 1 DAGs
[2024-04-26T21:34:04.348-0300] {logging_mixin.py:188} INFO - [2024-04-26T21:34:04.348-0300] {dag.py:3954} INFO - Setting next_dagrun for example_setup_teardown_taskflow to 2024-04-26 00:00:00+00:00, run_after=2024-04-27 00:00:00+00:00
[2024-04-26T21:34:04.550-0300] {processor.py:183} INFO - Processing /home/athlon/projects/airflow/.venv/lib/python3.11/site-packages/airflow/example_dags/example_setup_teardown_taskflow.py took 0.293 seconds
[2024-04-26T21:35:22.301-0300] {processor.py:161} INFO - Started process (PID=19208) to work on /home/athlon/projects/airflow/.venv/lib/python3.11/site-packages/airflow/example_dags/example_setup_teardown_taskflow.py
[2024-04-26T21:35:22.307-0300] {processor.py:830} INFO - Processing file /home/athlon/projects/airflow/.venv/lib/python3.11/site-packages/airflow/example_dags/example_setup_teardown_taskflow.py for tasks to queue
[2024-04-26T21:35:22.310-0300] {logging_mixin.py:188} INFO - [2024-04-26T21:35:22.309-0300] {dagbag.py:540} INFO - Filling up the DagBag from /home/athlon/projects/airflow/.venv/lib/python3.11/site-packages/airflow/example_dags/example_setup_teardown_taskflow.py
[2024-04-26T21:35:22.327-0300] {processor.py:840} INFO - DAG(s) 'example_setup_teardown_taskflow' retrieved from /home/athlon/projects/airflow/.venv/lib/python3.11/site-packages/airflow/example_dags/example_setup_teardown_taskflow.py
[2024-04-26T21:35:22.354-0300] {logging_mixin.py:188} INFO - [2024-04-26T21:35:22.354-0300] {dag.py:3096} INFO - Sync 1 DAGs
[2024-04-26T21:35:22.383-0300] {logging_mixin.py:188} INFO - [2024-04-26T21:35:22.382-0300] {dag.py:3954} INFO - Setting next_dagrun for example_setup_teardown_taskflow to 2024-04-26 00:00:00+00:00, run_after=2024-04-27 00:00:00+00:00
[2024-04-26T21:35:22.412-0300] {processor.py:183} INFO - Processing /home/athlon/projects/airflow/.venv/lib/python3.11/site-packages/airflow/example_dags/example_setup_teardown_taskflow.py took 0.121 seconds
[2024-04-26T21:36:09.141-0300] {processor.py:161} INFO - Started process (PID=19260) to work on /home/athlon/projects/airflow/.venv/lib/python3.11/site-packages/airflow/example_dags/example_setup_teardown_taskflow.py
[2024-04-26T21:36:09.147-0300] {processor.py:830} INFO - Processing file /home/athlon/projects/airflow/.venv/lib/python3.11/site-packages/airflow/example_dags/example_setup_teardown_taskflow.py for tasks to queue
[2024-04-26T21:36:09.150-0300] {logging_mixin.py:188} INFO - [2024-04-26T21:36:09.149-0300] {dagbag.py:540} INFO - Filling up the DagBag from /home/athlon/projects/airflow/.venv/lib/python3.11/site-packages/airflow/example_dags/example_setup_teardown_taskflow.py
[2024-04-26T21:36:09.168-0300] {processor.py:840} INFO - DAG(s) 'example_setup_teardown_taskflow' retrieved from /home/athlon/projects/airflow/.venv/lib/python3.11/site-packages/airflow/example_dags/example_setup_teardown_taskflow.py
[2024-04-26T21:36:09.194-0300] {logging_mixin.py:188} INFO - [2024-04-26T21:36:09.194-0300] {dag.py:3096} INFO - Sync 1 DAGs
[2024-04-26T21:36:09.223-0300] {logging_mixin.py:188} INFO - [2024-04-26T21:36:09.222-0300] {dag.py:3954} INFO - Setting next_dagrun for example_setup_teardown_taskflow to 2024-04-26 00:00:00+00:00, run_after=2024-04-27 00:00:00+00:00
[2024-04-26T21:36:09.252-0300] {processor.py:183} INFO - Processing /home/athlon/projects/airflow/.venv/lib/python3.11/site-packages/airflow/example_dags/example_setup_teardown_taskflow.py took 0.121 seconds
[2024-04-26T21:37:07.967-0300] {processor.py:161} INFO - Started process (PID=19325) to work on /home/athlon/projects/airflow/.venv/lib/python3.11/site-packages/airflow/example_dags/example_setup_teardown_taskflow.py
[2024-04-26T21:37:07.973-0300] {processor.py:830} INFO - Processing file /home/athlon/projects/airflow/.venv/lib/python3.11/site-packages/airflow/example_dags/example_setup_teardown_taskflow.py for tasks to queue
[2024-04-26T21:37:07.975-0300] {logging_mixin.py:188} INFO - [2024-04-26T21:37:07.975-0300] {dagbag.py:540} INFO - Filling up the DagBag from /home/athlon/projects/airflow/.venv/lib/python3.11/site-packages/airflow/example_dags/example_setup_teardown_taskflow.py
[2024-04-26T21:37:07.993-0300] {processor.py:840} INFO - DAG(s) 'example_setup_teardown_taskflow' retrieved from /home/athlon/projects/airflow/.venv/lib/python3.11/site-packages/airflow/example_dags/example_setup_teardown_taskflow.py
[2024-04-26T21:37:08.021-0300] {logging_mixin.py:188} INFO - [2024-04-26T21:37:08.020-0300] {dag.py:3096} INFO - Sync 1 DAGs
[2024-04-26T21:37:08.049-0300] {logging_mixin.py:188} INFO - [2024-04-26T21:37:08.048-0300] {dag.py:3954} INFO - Setting next_dagrun for example_setup_teardown_taskflow to 2024-04-26 00:00:00+00:00, run_after=2024-04-27 00:00:00+00:00
[2024-04-26T21:37:08.079-0300] {processor.py:183} INFO - Processing /home/athlon/projects/airflow/.venv/lib/python3.11/site-packages/airflow/example_dags/example_setup_teardown_taskflow.py took 0.123 seconds
[2024-04-26T21:38:04.357-0300] {processor.py:161} INFO - Started process (PID=19388) to work on /home/athlon/projects/airflow/.venv/lib/python3.11/site-packages/airflow/example_dags/example_setup_teardown_taskflow.py
[2024-04-26T21:38:04.363-0300] {processor.py:830} INFO - Processing file /home/athlon/projects/airflow/.venv/lib/python3.11/site-packages/airflow/example_dags/example_setup_teardown_taskflow.py for tasks to queue
[2024-04-26T21:38:04.366-0300] {logging_mixin.py:188} INFO - [2024-04-26T21:38:04.365-0300] {dagbag.py:540} INFO - Filling up the DagBag from /home/athlon/projects/airflow/.venv/lib/python3.11/site-packages/airflow/example_dags/example_setup_teardown_taskflow.py
[2024-04-26T21:38:04.384-0300] {processor.py:840} INFO - DAG(s) 'example_setup_teardown_taskflow' retrieved from /home/athlon/projects/airflow/.venv/lib/python3.11/site-packages/airflow/example_dags/example_setup_teardown_taskflow.py
[2024-04-26T21:38:04.410-0300] {logging_mixin.py:188} INFO - [2024-04-26T21:38:04.410-0300] {dag.py:3096} INFO - Sync 1 DAGs
[2024-04-26T21:38:04.439-0300] {logging_mixin.py:188} INFO - [2024-04-26T21:38:04.438-0300] {dag.py:3954} INFO - Setting next_dagrun for example_setup_teardown_taskflow to 2024-04-26 00:00:00+00:00, run_after=2024-04-27 00:00:00+00:00
[2024-04-26T21:38:04.469-0300] {processor.py:183} INFO - Processing /home/athlon/projects/airflow/.venv/lib/python3.11/site-packages/airflow/example_dags/example_setup_teardown_taskflow.py took 0.122 seconds
[2024-04-26T21:39:02.559-0300] {processor.py:161} INFO - Started process (PID=19488) to work on /home/athlon/projects/airflow/.venv/lib/python3.11/site-packages/airflow/example_dags/example_setup_teardown_taskflow.py
[2024-04-26T21:39:02.565-0300] {processor.py:830} INFO - Processing file /home/athlon/projects/airflow/.venv/lib/python3.11/site-packages/airflow/example_dags/example_setup_teardown_taskflow.py for tasks to queue
[2024-04-26T21:39:02.567-0300] {logging_mixin.py:188} INFO - [2024-04-26T21:39:02.567-0300] {dagbag.py:540} INFO - Filling up the DagBag from /home/athlon/projects/airflow/.venv/lib/python3.11/site-packages/airflow/example_dags/example_setup_teardown_taskflow.py
[2024-04-26T21:39:02.585-0300] {processor.py:840} INFO - DAG(s) 'example_setup_teardown_taskflow' retrieved from /home/athlon/projects/airflow/.venv/lib/python3.11/site-packages/airflow/example_dags/example_setup_teardown_taskflow.py
[2024-04-26T21:39:02.612-0300] {logging_mixin.py:188} INFO - [2024-04-26T21:39:02.611-0300] {dag.py:3096} INFO - Sync 1 DAGs
[2024-04-26T21:39:02.640-0300] {logging_mixin.py:188} INFO - [2024-04-26T21:39:02.639-0300] {dag.py:3954} INFO - Setting next_dagrun for example_setup_teardown_taskflow to 2024-04-26 00:00:00+00:00, run_after=2024-04-27 00:00:00+00:00
[2024-04-26T21:39:02.670-0300] {processor.py:183} INFO - Processing /home/athlon/projects/airflow/.venv/lib/python3.11/site-packages/airflow/example_dags/example_setup_teardown_taskflow.py took 0.122 seconds
[2024-04-26T21:40:02.435-0300] {processor.py:161} INFO - Started process (PID=19561) to work on /home/athlon/projects/airflow/.venv/lib/python3.11/site-packages/airflow/example_dags/example_setup_teardown_taskflow.py
[2024-04-26T21:40:02.441-0300] {processor.py:830} INFO - Processing file /home/athlon/projects/airflow/.venv/lib/python3.11/site-packages/airflow/example_dags/example_setup_teardown_taskflow.py for tasks to queue
[2024-04-26T21:40:02.444-0300] {logging_mixin.py:188} INFO - [2024-04-26T21:40:02.443-0300] {dagbag.py:540} INFO - Filling up the DagBag from /home/athlon/projects/airflow/.venv/lib/python3.11/site-packages/airflow/example_dags/example_setup_teardown_taskflow.py
[2024-04-26T21:40:02.461-0300] {processor.py:840} INFO - DAG(s) 'example_setup_teardown_taskflow' retrieved from /home/athlon/projects/airflow/.venv/lib/python3.11/site-packages/airflow/example_dags/example_setup_teardown_taskflow.py
[2024-04-26T21:40:02.488-0300] {logging_mixin.py:188} INFO - [2024-04-26T21:40:02.488-0300] {dag.py:3096} INFO - Sync 1 DAGs
[2024-04-26T21:40:02.519-0300] {logging_mixin.py:188} INFO - [2024-04-26T21:40:02.519-0300] {dag.py:3954} INFO - Setting next_dagrun for example_setup_teardown_taskflow to 2024-04-26 00:00:00+00:00, run_after=2024-04-27 00:00:00+00:00
[2024-04-26T21:40:02.553-0300] {processor.py:183} INFO - Processing /home/athlon/projects/airflow/.venv/lib/python3.11/site-packages/airflow/example_dags/example_setup_teardown_taskflow.py took 0.129 seconds
[2024-04-26T21:41:00.927-0300] {processor.py:161} INFO - Started process (PID=19726) to work on /home/athlon/projects/airflow/.venv/lib/python3.11/site-packages/airflow/example_dags/example_setup_teardown_taskflow.py
[2024-04-26T21:41:00.928-0300] {processor.py:830} INFO - Processing file /home/athlon/projects/airflow/.venv/lib/python3.11/site-packages/airflow/example_dags/example_setup_teardown_taskflow.py for tasks to queue
[2024-04-26T21:41:00.931-0300] {logging_mixin.py:188} INFO - [2024-04-26T21:41:00.930-0300] {dagbag.py:540} INFO - Filling up the DagBag from /home/athlon/projects/airflow/.venv/lib/python3.11/site-packages/airflow/example_dags/example_setup_teardown_taskflow.py
[2024-04-26T21:41:00.949-0300] {processor.py:840} INFO - DAG(s) 'example_setup_teardown_taskflow' retrieved from /home/athlon/projects/airflow/.venv/lib/python3.11/site-packages/airflow/example_dags/example_setup_teardown_taskflow.py
[2024-04-26T21:41:00.976-0300] {logging_mixin.py:188} INFO - [2024-04-26T21:41:00.976-0300] {dag.py:3096} INFO - Sync 1 DAGs
[2024-04-26T21:41:01.010-0300] {logging_mixin.py:188} INFO - [2024-04-26T21:41:01.009-0300] {dag.py:3954} INFO - Setting next_dagrun for example_setup_teardown_taskflow to 2024-04-26 00:00:00+00:00, run_after=2024-04-27 00:00:00+00:00
[2024-04-26T21:41:01.043-0300] {processor.py:183} INFO - Processing /home/athlon/projects/airflow/.venv/lib/python3.11/site-packages/airflow/example_dags/example_setup_teardown_taskflow.py took 0.125 seconds
[2024-04-26T21:41:56.489-0300] {processor.py:161} INFO - Started process (PID=19791) to work on /home/athlon/projects/airflow/.venv/lib/python3.11/site-packages/airflow/example_dags/example_setup_teardown_taskflow.py
[2024-04-26T21:41:56.495-0300] {processor.py:830} INFO - Processing file /home/athlon/projects/airflow/.venv/lib/python3.11/site-packages/airflow/example_dags/example_setup_teardown_taskflow.py for tasks to queue
[2024-04-26T21:41:56.498-0300] {logging_mixin.py:188} INFO - [2024-04-26T21:41:56.497-0300] {dagbag.py:540} INFO - Filling up the DagBag from /home/athlon/projects/airflow/.venv/lib/python3.11/site-packages/airflow/example_dags/example_setup_teardown_taskflow.py
[2024-04-26T21:41:56.515-0300] {processor.py:840} INFO - DAG(s) 'example_setup_teardown_taskflow' retrieved from /home/athlon/projects/airflow/.venv/lib/python3.11/site-packages/airflow/example_dags/example_setup_teardown_taskflow.py
[2024-04-26T21:41:56.542-0300] {logging_mixin.py:188} INFO - [2024-04-26T21:41:56.541-0300] {dag.py:3096} INFO - Sync 1 DAGs
[2024-04-26T21:41:56.571-0300] {logging_mixin.py:188} INFO - [2024-04-26T21:41:56.570-0300] {dag.py:3954} INFO - Setting next_dagrun for example_setup_teardown_taskflow to 2024-04-26 00:00:00+00:00, run_after=2024-04-27 00:00:00+00:00
[2024-04-26T21:41:56.600-0300] {processor.py:183} INFO - Processing /home/athlon/projects/airflow/.venv/lib/python3.11/site-packages/airflow/example_dags/example_setup_teardown_taskflow.py took 0.122 seconds
[2024-04-26T21:42:56.623-0300] {processor.py:161} INFO - Started process (PID=19866) to work on /home/athlon/projects/airflow/.venv/lib/python3.11/site-packages/airflow/example_dags/example_setup_teardown_taskflow.py
[2024-04-26T21:42:56.629-0300] {processor.py:830} INFO - Processing file /home/athlon/projects/airflow/.venv/lib/python3.11/site-packages/airflow/example_dags/example_setup_teardown_taskflow.py for tasks to queue
[2024-04-26T21:42:56.632-0300] {logging_mixin.py:188} INFO - [2024-04-26T21:42:56.632-0300] {dagbag.py:540} INFO - Filling up the DagBag from /home/athlon/projects/airflow/.venv/lib/python3.11/site-packages/airflow/example_dags/example_setup_teardown_taskflow.py
[2024-04-26T21:42:56.652-0300] {processor.py:840} INFO - DAG(s) 'example_setup_teardown_taskflow' retrieved from /home/athlon/projects/airflow/.venv/lib/python3.11/site-packages/airflow/example_dags/example_setup_teardown_taskflow.py
[2024-04-26T21:42:56.681-0300] {logging_mixin.py:188} INFO - [2024-04-26T21:42:56.680-0300] {dag.py:3096} INFO - Sync 1 DAGs
[2024-04-26T21:42:56.710-0300] {logging_mixin.py:188} INFO - [2024-04-26T21:42:56.710-0300] {dag.py:3954} INFO - Setting next_dagrun for example_setup_teardown_taskflow to 2024-04-26 00:00:00+00:00, run_after=2024-04-27 00:00:00+00:00
[2024-04-26T21:42:56.741-0300] {processor.py:183} INFO - Processing /home/athlon/projects/airflow/.venv/lib/python3.11/site-packages/airflow/example_dags/example_setup_teardown_taskflow.py took 0.129 seconds
[2024-04-26T21:43:54.331-0300] {processor.py:161} INFO - Started process (PID=19927) to work on /home/athlon/projects/airflow/.venv/lib/python3.11/site-packages/airflow/example_dags/example_setup_teardown_taskflow.py
[2024-04-26T21:43:54.337-0300] {processor.py:830} INFO - Processing file /home/athlon/projects/airflow/.venv/lib/python3.11/site-packages/airflow/example_dags/example_setup_teardown_taskflow.py for tasks to queue
[2024-04-26T21:43:54.339-0300] {logging_mixin.py:188} INFO - [2024-04-26T21:43:54.339-0300] {dagbag.py:540} INFO - Filling up the DagBag from /home/athlon/projects/airflow/.venv/lib/python3.11/site-packages/airflow/example_dags/example_setup_teardown_taskflow.py
[2024-04-26T21:43:54.356-0300] {processor.py:840} INFO - DAG(s) 'example_setup_teardown_taskflow' retrieved from /home/athlon/projects/airflow/.venv/lib/python3.11/site-packages/airflow/example_dags/example_setup_teardown_taskflow.py
[2024-04-26T21:43:54.384-0300] {logging_mixin.py:188} INFO - [2024-04-26T21:43:54.384-0300] {dag.py:3096} INFO - Sync 1 DAGs
[2024-04-26T21:43:54.414-0300] {logging_mixin.py:188} INFO - [2024-04-26T21:43:54.414-0300] {dag.py:3954} INFO - Setting next_dagrun for example_setup_teardown_taskflow to 2024-04-26 00:00:00+00:00, run_after=2024-04-27 00:00:00+00:00
[2024-04-26T21:43:54.445-0300] {processor.py:183} INFO - Processing /home/athlon/projects/airflow/.venv/lib/python3.11/site-packages/airflow/example_dags/example_setup_teardown_taskflow.py took 0.126 seconds
[2024-04-26T21:44:46.942-0300] {processor.py:161} INFO - Started process (PID=19997) to work on /home/athlon/projects/airflow/.venv/lib/python3.11/site-packages/airflow/example_dags/example_setup_teardown_taskflow.py
[2024-04-26T21:44:46.947-0300] {processor.py:830} INFO - Processing file /home/athlon/projects/airflow/.venv/lib/python3.11/site-packages/airflow/example_dags/example_setup_teardown_taskflow.py for tasks to queue
[2024-04-26T21:44:46.950-0300] {logging_mixin.py:188} INFO - [2024-04-26T21:44:46.949-0300] {dagbag.py:540} INFO - Filling up the DagBag from /home/athlon/projects/airflow/.venv/lib/python3.11/site-packages/airflow/example_dags/example_setup_teardown_taskflow.py
[2024-04-26T21:44:46.966-0300] {processor.py:840} INFO - DAG(s) 'example_setup_teardown_taskflow' retrieved from /home/athlon/projects/airflow/.venv/lib/python3.11/site-packages/airflow/example_dags/example_setup_teardown_taskflow.py
[2024-04-26T21:44:46.991-0300] {logging_mixin.py:188} INFO - [2024-04-26T21:44:46.991-0300] {dag.py:3096} INFO - Sync 1 DAGs
[2024-04-26T21:44:47.021-0300] {logging_mixin.py:188} INFO - [2024-04-26T21:44:47.020-0300] {dag.py:3954} INFO - Setting next_dagrun for example_setup_teardown_taskflow to 2024-04-26 00:00:00+00:00, run_after=2024-04-27 00:00:00+00:00
[2024-04-26T21:44:47.050-0300] {processor.py:183} INFO - Processing /home/athlon/projects/airflow/.venv/lib/python3.11/site-packages/airflow/example_dags/example_setup_teardown_taskflow.py took 0.118 seconds
[2024-04-26T21:45:41.761-0300] {processor.py:161} INFO - Started process (PID=20059) to work on /home/athlon/projects/airflow/.venv/lib/python3.11/site-packages/airflow/example_dags/example_setup_teardown_taskflow.py
[2024-04-26T21:45:41.770-0300] {processor.py:830} INFO - Processing file /home/athlon/projects/airflow/.venv/lib/python3.11/site-packages/airflow/example_dags/example_setup_teardown_taskflow.py for tasks to queue
[2024-04-26T21:45:41.774-0300] {logging_mixin.py:188} INFO - [2024-04-26T21:45:41.773-0300] {dagbag.py:540} INFO - Filling up the DagBag from /home/athlon/projects/airflow/.venv/lib/python3.11/site-packages/airflow/example_dags/example_setup_teardown_taskflow.py
[2024-04-26T21:45:41.794-0300] {processor.py:840} INFO - DAG(s) 'example_setup_teardown_taskflow' retrieved from /home/athlon/projects/airflow/.venv/lib/python3.11/site-packages/airflow/example_dags/example_setup_teardown_taskflow.py
[2024-04-26T21:45:41.823-0300] {logging_mixin.py:188} INFO - [2024-04-26T21:45:41.823-0300] {dag.py:3096} INFO - Sync 1 DAGs
[2024-04-26T21:45:41.853-0300] {logging_mixin.py:188} INFO - [2024-04-26T21:45:41.852-0300] {dag.py:3954} INFO - Setting next_dagrun for example_setup_teardown_taskflow to 2024-04-26 00:00:00+00:00, run_after=2024-04-27 00:00:00+00:00
[2024-04-26T21:45:41.891-0300] {processor.py:183} INFO - Processing /home/athlon/projects/airflow/.venv/lib/python3.11/site-packages/airflow/example_dags/example_setup_teardown_taskflow.py took 0.142 seconds
[2024-04-26T21:46:41.005-0300] {processor.py:161} INFO - Started process (PID=20123) to work on /home/athlon/projects/airflow/.venv/lib/python3.11/site-packages/airflow/example_dags/example_setup_teardown_taskflow.py
[2024-04-26T21:46:41.007-0300] {processor.py:830} INFO - Processing file /home/athlon/projects/airflow/.venv/lib/python3.11/site-packages/airflow/example_dags/example_setup_teardown_taskflow.py for tasks to queue
[2024-04-26T21:46:41.012-0300] {logging_mixin.py:188} INFO - [2024-04-26T21:46:41.011-0300] {dagbag.py:540} INFO - Filling up the DagBag from /home/athlon/projects/airflow/.venv/lib/python3.11/site-packages/airflow/example_dags/example_setup_teardown_taskflow.py
[2024-04-26T21:46:41.035-0300] {processor.py:840} INFO - DAG(s) 'example_setup_teardown_taskflow' retrieved from /home/athlon/projects/airflow/.venv/lib/python3.11/site-packages/airflow/example_dags/example_setup_teardown_taskflow.py
[2024-04-26T21:46:41.068-0300] {logging_mixin.py:188} INFO - [2024-04-26T21:46:41.068-0300] {dag.py:3096} INFO - Sync 1 DAGs
[2024-04-26T21:46:41.112-0300] {logging_mixin.py:188} INFO - [2024-04-26T21:46:41.112-0300] {dag.py:3954} INFO - Setting next_dagrun for example_setup_teardown_taskflow to 2024-04-26 00:00:00+00:00, run_after=2024-04-27 00:00:00+00:00
[2024-04-26T21:46:41.152-0300] {processor.py:183} INFO - Processing /home/athlon/projects/airflow/.venv/lib/python3.11/site-packages/airflow/example_dags/example_setup_teardown_taskflow.py took 0.161 seconds
[2024-04-26T21:47:37.626-0300] {processor.py:161} INFO - Started process (PID=20188) to work on /home/athlon/projects/airflow/.venv/lib/python3.11/site-packages/airflow/example_dags/example_setup_teardown_taskflow.py
[2024-04-26T21:47:37.632-0300] {processor.py:830} INFO - Processing file /home/athlon/projects/airflow/.venv/lib/python3.11/site-packages/airflow/example_dags/example_setup_teardown_taskflow.py for tasks to queue
[2024-04-26T21:47:37.635-0300] {logging_mixin.py:188} INFO - [2024-04-26T21:47:37.634-0300] {dagbag.py:540} INFO - Filling up the DagBag from /home/athlon/projects/airflow/.venv/lib/python3.11/site-packages/airflow/example_dags/example_setup_teardown_taskflow.py
[2024-04-26T21:47:37.652-0300] {processor.py:840} INFO - DAG(s) 'example_setup_teardown_taskflow' retrieved from /home/athlon/projects/airflow/.venv/lib/python3.11/site-packages/airflow/example_dags/example_setup_teardown_taskflow.py
[2024-04-26T21:47:37.679-0300] {logging_mixin.py:188} INFO - [2024-04-26T21:47:37.679-0300] {dag.py:3096} INFO - Sync 1 DAGs
[2024-04-26T21:47:37.708-0300] {logging_mixin.py:188} INFO - [2024-04-26T21:47:37.708-0300] {dag.py:3954} INFO - Setting next_dagrun for example_setup_teardown_taskflow to 2024-04-26 00:00:00+00:00, run_after=2024-04-27 00:00:00+00:00
[2024-04-26T21:47:37.738-0300] {processor.py:183} INFO - Processing /home/athlon/projects/airflow/.venv/lib/python3.11/site-packages/airflow/example_dags/example_setup_teardown_taskflow.py took 0.123 seconds
[2024-04-26T21:48:35.078-0300] {processor.py:161} INFO - Started process (PID=20253) to work on /home/athlon/projects/airflow/.venv/lib/python3.11/site-packages/airflow/example_dags/example_setup_teardown_taskflow.py
[2024-04-26T21:48:35.084-0300] {processor.py:830} INFO - Processing file /home/athlon/projects/airflow/.venv/lib/python3.11/site-packages/airflow/example_dags/example_setup_teardown_taskflow.py for tasks to queue
[2024-04-26T21:48:35.086-0300] {logging_mixin.py:188} INFO - [2024-04-26T21:48:35.086-0300] {dagbag.py:540} INFO - Filling up the DagBag from /home/athlon/projects/airflow/.venv/lib/python3.11/site-packages/airflow/example_dags/example_setup_teardown_taskflow.py
[2024-04-26T21:48:35.104-0300] {processor.py:840} INFO - DAG(s) 'example_setup_teardown_taskflow' retrieved from /home/athlon/projects/airflow/.venv/lib/python3.11/site-packages/airflow/example_dags/example_setup_teardown_taskflow.py
[2024-04-26T21:48:35.132-0300] {logging_mixin.py:188} INFO - [2024-04-26T21:48:35.132-0300] {dag.py:3096} INFO - Sync 1 DAGs
[2024-04-26T21:48:35.161-0300] {logging_mixin.py:188} INFO - [2024-04-26T21:48:35.161-0300] {dag.py:3954} INFO - Setting next_dagrun for example_setup_teardown_taskflow to 2024-04-26 00:00:00+00:00, run_after=2024-04-27 00:00:00+00:00
[2024-04-26T21:48:35.190-0300] {processor.py:183} INFO - Processing /home/athlon/projects/airflow/.venv/lib/python3.11/site-packages/airflow/example_dags/example_setup_teardown_taskflow.py took 0.123 seconds
[2024-04-26T21:49:26.838-0300] {processor.py:161} INFO - Started process (PID=20320) to work on /home/athlon/projects/airflow/.venv/lib/python3.11/site-packages/airflow/example_dags/example_setup_teardown_taskflow.py
[2024-04-26T21:49:26.844-0300] {processor.py:830} INFO - Processing file /home/athlon/projects/airflow/.venv/lib/python3.11/site-packages/airflow/example_dags/example_setup_teardown_taskflow.py for tasks to queue
[2024-04-26T21:49:26.847-0300] {logging_mixin.py:188} INFO - [2024-04-26T21:49:26.846-0300] {dagbag.py:540} INFO - Filling up the DagBag from /home/athlon/projects/airflow/.venv/lib/python3.11/site-packages/airflow/example_dags/example_setup_teardown_taskflow.py
[2024-04-26T21:49:26.865-0300] {processor.py:840} INFO - DAG(s) 'example_setup_teardown_taskflow' retrieved from /home/athlon/projects/airflow/.venv/lib/python3.11/site-packages/airflow/example_dags/example_setup_teardown_taskflow.py
[2024-04-26T21:49:26.892-0300] {logging_mixin.py:188} INFO - [2024-04-26T21:49:26.892-0300] {dag.py:3096} INFO - Sync 1 DAGs
[2024-04-26T21:49:26.921-0300] {logging_mixin.py:188} INFO - [2024-04-26T21:49:26.921-0300] {dag.py:3954} INFO - Setting next_dagrun for example_setup_teardown_taskflow to 2024-04-26 00:00:00+00:00, run_after=2024-04-27 00:00:00+00:00
[2024-04-26T21:49:26.953-0300] {processor.py:183} INFO - Processing /home/athlon/projects/airflow/.venv/lib/python3.11/site-packages/airflow/example_dags/example_setup_teardown_taskflow.py took 0.125 seconds
[2024-04-26T21:50:25.183-0300] {processor.py:161} INFO - Started process (PID=20383) to work on /home/athlon/projects/airflow/.venv/lib/python3.11/site-packages/airflow/example_dags/example_setup_teardown_taskflow.py
[2024-04-26T21:50:25.189-0300] {processor.py:830} INFO - Processing file /home/athlon/projects/airflow/.venv/lib/python3.11/site-packages/airflow/example_dags/example_setup_teardown_taskflow.py for tasks to queue
[2024-04-26T21:50:25.192-0300] {logging_mixin.py:188} INFO - [2024-04-26T21:50:25.191-0300] {dagbag.py:540} INFO - Filling up the DagBag from /home/athlon/projects/airflow/.venv/lib/python3.11/site-packages/airflow/example_dags/example_setup_teardown_taskflow.py
[2024-04-26T21:50:25.208-0300] {processor.py:840} INFO - DAG(s) 'example_setup_teardown_taskflow' retrieved from /home/athlon/projects/airflow/.venv/lib/python3.11/site-packages/airflow/example_dags/example_setup_teardown_taskflow.py
[2024-04-26T21:50:25.233-0300] {logging_mixin.py:188} INFO - [2024-04-26T21:50:25.233-0300] {dag.py:3096} INFO - Sync 1 DAGs
[2024-04-26T21:50:25.263-0300] {logging_mixin.py:188} INFO - [2024-04-26T21:50:25.263-0300] {dag.py:3954} INFO - Setting next_dagrun for example_setup_teardown_taskflow to 2024-04-26 00:00:00+00:00, run_after=2024-04-27 00:00:00+00:00
[2024-04-26T21:50:25.294-0300] {processor.py:183} INFO - Processing /home/athlon/projects/airflow/.venv/lib/python3.11/site-packages/airflow/example_dags/example_setup_teardown_taskflow.py took 0.121 seconds
[2024-04-26T21:51:20.836-0300] {processor.py:161} INFO - Started process (PID=20458) to work on /home/athlon/projects/airflow/.venv/lib/python3.11/site-packages/airflow/example_dags/example_setup_teardown_taskflow.py
[2024-04-26T21:51:20.842-0300] {processor.py:830} INFO - Processing file /home/athlon/projects/airflow/.venv/lib/python3.11/site-packages/airflow/example_dags/example_setup_teardown_taskflow.py for tasks to queue
[2024-04-26T21:51:20.844-0300] {logging_mixin.py:188} INFO - [2024-04-26T21:51:20.843-0300] {dagbag.py:540} INFO - Filling up the DagBag from /home/athlon/projects/airflow/.venv/lib/python3.11/site-packages/airflow/example_dags/example_setup_teardown_taskflow.py
[2024-04-26T21:51:20.861-0300] {processor.py:840} INFO - DAG(s) 'example_setup_teardown_taskflow' retrieved from /home/athlon/projects/airflow/.venv/lib/python3.11/site-packages/airflow/example_dags/example_setup_teardown_taskflow.py
[2024-04-26T21:51:20.900-0300] {logging_mixin.py:188} INFO - [2024-04-26T21:51:20.900-0300] {dag.py:3096} INFO - Sync 1 DAGs
[2024-04-26T21:51:20.930-0300] {logging_mixin.py:188} INFO - [2024-04-26T21:51:20.930-0300] {dag.py:3954} INFO - Setting next_dagrun for example_setup_teardown_taskflow to 2024-04-26 00:00:00+00:00, run_after=2024-04-27 00:00:00+00:00
[2024-04-26T21:51:20.964-0300] {processor.py:183} INFO - Processing /home/athlon/projects/airflow/.venv/lib/python3.11/site-packages/airflow/example_dags/example_setup_teardown_taskflow.py took 0.140 seconds
[2024-04-26T21:52:16.718-0300] {processor.py:161} INFO - Started process (PID=20538) to work on /home/athlon/projects/airflow/.venv/lib/python3.11/site-packages/airflow/example_dags/example_setup_teardown_taskflow.py
[2024-04-26T21:52:16.720-0300] {processor.py:830} INFO - Processing file /home/athlon/projects/airflow/.venv/lib/python3.11/site-packages/airflow/example_dags/example_setup_teardown_taskflow.py for tasks to queue
[2024-04-26T21:52:16.723-0300] {logging_mixin.py:188} INFO - [2024-04-26T21:52:16.722-0300] {dagbag.py:540} INFO - Filling up the DagBag from /home/athlon/projects/airflow/.venv/lib/python3.11/site-packages/airflow/example_dags/example_setup_teardown_taskflow.py
[2024-04-26T21:52:16.741-0300] {processor.py:840} INFO - DAG(s) 'example_setup_teardown_taskflow' retrieved from /home/athlon/projects/airflow/.venv/lib/python3.11/site-packages/airflow/example_dags/example_setup_teardown_taskflow.py
[2024-04-26T21:52:16.766-0300] {logging_mixin.py:188} INFO - [2024-04-26T21:52:16.766-0300] {dag.py:3096} INFO - Sync 1 DAGs
[2024-04-26T21:52:16.795-0300] {logging_mixin.py:188} INFO - [2024-04-26T21:52:16.795-0300] {dag.py:3954} INFO - Setting next_dagrun for example_setup_teardown_taskflow to 2024-04-26 00:00:00+00:00, run_after=2024-04-27 00:00:00+00:00
[2024-04-26T21:52:16.824-0300] {processor.py:183} INFO - Processing /home/athlon/projects/airflow/.venv/lib/python3.11/site-packages/airflow/example_dags/example_setup_teardown_taskflow.py took 0.116 seconds
[2024-04-26T21:53:13.271-0300] {processor.py:161} INFO - Started process (PID=20698) to work on /home/athlon/projects/airflow/.venv/lib/python3.11/site-packages/airflow/example_dags/example_setup_teardown_taskflow.py
[2024-04-26T21:53:13.277-0300] {processor.py:830} INFO - Processing file /home/athlon/projects/airflow/.venv/lib/python3.11/site-packages/airflow/example_dags/example_setup_teardown_taskflow.py for tasks to queue
[2024-04-26T21:53:13.280-0300] {logging_mixin.py:188} INFO - [2024-04-26T21:53:13.279-0300] {dagbag.py:540} INFO - Filling up the DagBag from /home/athlon/projects/airflow/.venv/lib/python3.11/site-packages/airflow/example_dags/example_setup_teardown_taskflow.py
[2024-04-26T21:53:13.299-0300] {processor.py:840} INFO - DAG(s) 'example_setup_teardown_taskflow' retrieved from /home/athlon/projects/airflow/.venv/lib/python3.11/site-packages/airflow/example_dags/example_setup_teardown_taskflow.py
[2024-04-26T21:53:13.327-0300] {logging_mixin.py:188} INFO - [2024-04-26T21:53:13.327-0300] {dag.py:3096} INFO - Sync 1 DAGs
[2024-04-26T21:53:13.358-0300] {logging_mixin.py:188} INFO - [2024-04-26T21:53:13.357-0300] {dag.py:3954} INFO - Setting next_dagrun for example_setup_teardown_taskflow to 2024-04-26 00:00:00+00:00, run_after=2024-04-27 00:00:00+00:00
[2024-04-26T21:53:13.388-0300] {processor.py:183} INFO - Processing /home/athlon/projects/airflow/.venv/lib/python3.11/site-packages/airflow/example_dags/example_setup_teardown_taskflow.py took 0.128 seconds
[2024-04-26T21:54:11.406-0300] {processor.py:161} INFO - Started process (PID=20794) to work on /home/athlon/projects/airflow/.venv/lib/python3.11/site-packages/airflow/example_dags/example_setup_teardown_taskflow.py
[2024-04-26T21:54:11.412-0300] {processor.py:830} INFO - Processing file /home/athlon/projects/airflow/.venv/lib/python3.11/site-packages/airflow/example_dags/example_setup_teardown_taskflow.py for tasks to queue
[2024-04-26T21:54:11.415-0300] {logging_mixin.py:188} INFO - [2024-04-26T21:54:11.414-0300] {dagbag.py:540} INFO - Filling up the DagBag from /home/athlon/projects/airflow/.venv/lib/python3.11/site-packages/airflow/example_dags/example_setup_teardown_taskflow.py
[2024-04-26T21:54:11.434-0300] {processor.py:840} INFO - DAG(s) 'example_setup_teardown_taskflow' retrieved from /home/athlon/projects/airflow/.venv/lib/python3.11/site-packages/airflow/example_dags/example_setup_teardown_taskflow.py
[2024-04-26T21:54:11.461-0300] {logging_mixin.py:188} INFO - [2024-04-26T21:54:11.461-0300] {dag.py:3096} INFO - Sync 1 DAGs
[2024-04-26T21:54:11.493-0300] {logging_mixin.py:188} INFO - [2024-04-26T21:54:11.493-0300] {dag.py:3954} INFO - Setting next_dagrun for example_setup_teardown_taskflow to 2024-04-26 00:00:00+00:00, run_after=2024-04-27 00:00:00+00:00
[2024-04-26T21:54:11.527-0300] {processor.py:183} INFO - Processing /home/athlon/projects/airflow/.venv/lib/python3.11/site-packages/airflow/example_dags/example_setup_teardown_taskflow.py took 0.133 seconds
[2024-04-26T21:55:26.262-0300] {processor.py:161} INFO - Started process (PID=21534) to work on /home/athlon/projects/airflow/.venv/lib/python3.11/site-packages/airflow/example_dags/example_setup_teardown_taskflow.py
[2024-04-26T21:55:26.267-0300] {processor.py:830} INFO - Processing file /home/athlon/projects/airflow/.venv/lib/python3.11/site-packages/airflow/example_dags/example_setup_teardown_taskflow.py for tasks to queue
[2024-04-26T21:55:26.270-0300] {logging_mixin.py:188} INFO - [2024-04-26T21:55:26.270-0300] {dagbag.py:540} INFO - Filling up the DagBag from /home/athlon/projects/airflow/.venv/lib/python3.11/site-packages/airflow/example_dags/example_setup_teardown_taskflow.py
[2024-04-26T21:55:26.290-0300] {processor.py:840} INFO - DAG(s) 'example_setup_teardown_taskflow' retrieved from /home/athlon/projects/airflow/.venv/lib/python3.11/site-packages/airflow/example_dags/example_setup_teardown_taskflow.py
[2024-04-26T21:55:26.318-0300] {logging_mixin.py:188} INFO - [2024-04-26T21:55:26.317-0300] {dag.py:3096} INFO - Sync 1 DAGs
[2024-04-26T21:55:26.348-0300] {logging_mixin.py:188} INFO - [2024-04-26T21:55:26.347-0300] {dag.py:3954} INFO - Setting next_dagrun for example_setup_teardown_taskflow to 2024-04-26 00:00:00+00:00, run_after=2024-04-27 00:00:00+00:00
[2024-04-26T21:55:26.379-0300] {processor.py:183} INFO - Processing /home/athlon/projects/airflow/.venv/lib/python3.11/site-packages/airflow/example_dags/example_setup_teardown_taskflow.py took 0.128 seconds
[2024-04-26T21:56:28.221-0300] {processor.py:161} INFO - Started process (PID=21605) to work on /home/athlon/projects/airflow/.venv/lib/python3.11/site-packages/airflow/example_dags/example_setup_teardown_taskflow.py
[2024-04-26T21:56:28.227-0300] {processor.py:830} INFO - Processing file /home/athlon/projects/airflow/.venv/lib/python3.11/site-packages/airflow/example_dags/example_setup_teardown_taskflow.py for tasks to queue
[2024-04-26T21:56:28.230-0300] {logging_mixin.py:188} INFO - [2024-04-26T21:56:28.229-0300] {dagbag.py:540} INFO - Filling up the DagBag from /home/athlon/projects/airflow/.venv/lib/python3.11/site-packages/airflow/example_dags/example_setup_teardown_taskflow.py
[2024-04-26T21:56:28.249-0300] {processor.py:840} INFO - DAG(s) 'example_setup_teardown_taskflow' retrieved from /home/athlon/projects/airflow/.venv/lib/python3.11/site-packages/airflow/example_dags/example_setup_teardown_taskflow.py
[2024-04-26T21:56:28.276-0300] {logging_mixin.py:188} INFO - [2024-04-26T21:56:28.276-0300] {dag.py:3096} INFO - Sync 1 DAGs
[2024-04-26T21:56:28.306-0300] {logging_mixin.py:188} INFO - [2024-04-26T21:56:28.306-0300] {dag.py:3954} INFO - Setting next_dagrun for example_setup_teardown_taskflow to 2024-04-26 00:00:00+00:00, run_after=2024-04-27 00:00:00+00:00
[2024-04-26T21:56:28.335-0300] {processor.py:183} INFO - Processing /home/athlon/projects/airflow/.venv/lib/python3.11/site-packages/airflow/example_dags/example_setup_teardown_taskflow.py took 0.126 seconds
[2024-04-26T21:57:27.963-0300] {processor.py:161} INFO - Started process (PID=21853) to work on /home/athlon/projects/airflow/.venv/lib/python3.11/site-packages/airflow/example_dags/example_setup_teardown_taskflow.py
[2024-04-26T21:57:27.969-0300] {processor.py:830} INFO - Processing file /home/athlon/projects/airflow/.venv/lib/python3.11/site-packages/airflow/example_dags/example_setup_teardown_taskflow.py for tasks to queue
[2024-04-26T21:57:27.972-0300] {logging_mixin.py:188} INFO - [2024-04-26T21:57:27.971-0300] {dagbag.py:540} INFO - Filling up the DagBag from /home/athlon/projects/airflow/.venv/lib/python3.11/site-packages/airflow/example_dags/example_setup_teardown_taskflow.py
[2024-04-26T21:57:27.989-0300] {processor.py:840} INFO - DAG(s) 'example_setup_teardown_taskflow' retrieved from /home/athlon/projects/airflow/.venv/lib/python3.11/site-packages/airflow/example_dags/example_setup_teardown_taskflow.py
[2024-04-26T21:57:28.017-0300] {logging_mixin.py:188} INFO - [2024-04-26T21:57:28.016-0300] {dag.py:3096} INFO - Sync 1 DAGs
[2024-04-26T21:57:28.050-0300] {logging_mixin.py:188} INFO - [2024-04-26T21:57:28.050-0300] {dag.py:3954} INFO - Setting next_dagrun for example_setup_teardown_taskflow to 2024-04-26 00:00:00+00:00, run_after=2024-04-27 00:00:00+00:00
[2024-04-26T21:57:28.082-0300] {processor.py:183} INFO - Processing /home/athlon/projects/airflow/.venv/lib/python3.11/site-packages/airflow/example_dags/example_setup_teardown_taskflow.py took 0.128 seconds
[2024-04-26T21:58:26.542-0300] {processor.py:161} INFO - Started process (PID=21994) to work on /home/athlon/projects/airflow/.venv/lib/python3.11/site-packages/airflow/example_dags/example_setup_teardown_taskflow.py
[2024-04-26T21:58:26.548-0300] {processor.py:830} INFO - Processing file /home/athlon/projects/airflow/.venv/lib/python3.11/site-packages/airflow/example_dags/example_setup_teardown_taskflow.py for tasks to queue
[2024-04-26T21:58:26.551-0300] {logging_mixin.py:188} INFO - [2024-04-26T21:58:26.550-0300] {dagbag.py:540} INFO - Filling up the DagBag from /home/athlon/projects/airflow/.venv/lib/python3.11/site-packages/airflow/example_dags/example_setup_teardown_taskflow.py
[2024-04-26T21:58:26.571-0300] {processor.py:840} INFO - DAG(s) 'example_setup_teardown_taskflow' retrieved from /home/athlon/projects/airflow/.venv/lib/python3.11/site-packages/airflow/example_dags/example_setup_teardown_taskflow.py
[2024-04-26T21:58:26.599-0300] {logging_mixin.py:188} INFO - [2024-04-26T21:58:26.598-0300] {dag.py:3096} INFO - Sync 1 DAGs
[2024-04-26T21:58:26.629-0300] {logging_mixin.py:188} INFO - [2024-04-26T21:58:26.628-0300] {dag.py:3954} INFO - Setting next_dagrun for example_setup_teardown_taskflow to 2024-04-26 00:00:00+00:00, run_after=2024-04-27 00:00:00+00:00
[2024-04-26T21:58:26.659-0300] {processor.py:183} INFO - Processing /home/athlon/projects/airflow/.venv/lib/python3.11/site-packages/airflow/example_dags/example_setup_teardown_taskflow.py took 0.128 seconds
[2024-04-26T21:59:23.152-0300] {processor.py:161} INFO - Started process (PID=22188) to work on /home/athlon/projects/airflow/.venv/lib/python3.11/site-packages/airflow/example_dags/example_setup_teardown_taskflow.py
[2024-04-26T21:59:23.158-0300] {processor.py:830} INFO - Processing file /home/athlon/projects/airflow/.venv/lib/python3.11/site-packages/airflow/example_dags/example_setup_teardown_taskflow.py for tasks to queue
[2024-04-26T21:59:23.161-0300] {logging_mixin.py:188} INFO - [2024-04-26T21:59:23.160-0300] {dagbag.py:540} INFO - Filling up the DagBag from /home/athlon/projects/airflow/.venv/lib/python3.11/site-packages/airflow/example_dags/example_setup_teardown_taskflow.py
[2024-04-26T21:59:23.178-0300] {processor.py:840} INFO - DAG(s) 'example_setup_teardown_taskflow' retrieved from /home/athlon/projects/airflow/.venv/lib/python3.11/site-packages/airflow/example_dags/example_setup_teardown_taskflow.py
[2024-04-26T21:59:23.206-0300] {logging_mixin.py:188} INFO - [2024-04-26T21:59:23.205-0300] {dag.py:3096} INFO - Sync 1 DAGs
[2024-04-26T21:59:23.239-0300] {logging_mixin.py:188} INFO - [2024-04-26T21:59:23.239-0300] {dag.py:3954} INFO - Setting next_dagrun for example_setup_teardown_taskflow to 2024-04-26 00:00:00+00:00, run_after=2024-04-27 00:00:00+00:00
[2024-04-26T21:59:23.273-0300] {processor.py:183} INFO - Processing /home/athlon/projects/airflow/.venv/lib/python3.11/site-packages/airflow/example_dags/example_setup_teardown_taskflow.py took 0.131 seconds
[2024-04-26T22:00:25.667-0300] {processor.py:161} INFO - Started process (PID=22290) to work on /home/athlon/projects/airflow/.venv/lib/python3.11/site-packages/airflow/example_dags/example_setup_teardown_taskflow.py
[2024-04-26T22:00:25.669-0300] {processor.py:830} INFO - Processing file /home/athlon/projects/airflow/.venv/lib/python3.11/site-packages/airflow/example_dags/example_setup_teardown_taskflow.py for tasks to queue
[2024-04-26T22:00:25.672-0300] {logging_mixin.py:188} INFO - [2024-04-26T22:00:25.671-0300] {dagbag.py:540} INFO - Filling up the DagBag from /home/athlon/projects/airflow/.venv/lib/python3.11/site-packages/airflow/example_dags/example_setup_teardown_taskflow.py
[2024-04-26T22:00:25.689-0300] {processor.py:840} INFO - DAG(s) 'example_setup_teardown_taskflow' retrieved from /home/athlon/projects/airflow/.venv/lib/python3.11/site-packages/airflow/example_dags/example_setup_teardown_taskflow.py
[2024-04-26T22:00:25.716-0300] {logging_mixin.py:188} INFO - [2024-04-26T22:00:25.716-0300] {dag.py:3096} INFO - Sync 1 DAGs
[2024-04-26T22:00:25.750-0300] {logging_mixin.py:188} INFO - [2024-04-26T22:00:25.750-0300] {dag.py:3954} INFO - Setting next_dagrun for example_setup_teardown_taskflow to 2024-04-26 00:00:00+00:00, run_after=2024-04-27 00:00:00+00:00
[2024-04-26T22:00:25.781-0300] {processor.py:183} INFO - Processing /home/athlon/projects/airflow/.venv/lib/python3.11/site-packages/airflow/example_dags/example_setup_teardown_taskflow.py took 0.125 seconds
[2024-04-26T22:01:29.195-0300] {processor.py:161} INFO - Started process (PID=22364) to work on /home/athlon/projects/airflow/.venv/lib/python3.11/site-packages/airflow/example_dags/example_setup_teardown_taskflow.py
[2024-04-26T22:01:29.200-0300] {processor.py:830} INFO - Processing file /home/athlon/projects/airflow/.venv/lib/python3.11/site-packages/airflow/example_dags/example_setup_teardown_taskflow.py for tasks to queue
[2024-04-26T22:01:29.203-0300] {logging_mixin.py:188} INFO - [2024-04-26T22:01:29.202-0300] {dagbag.py:540} INFO - Filling up the DagBag from /home/athlon/projects/airflow/.venv/lib/python3.11/site-packages/airflow/example_dags/example_setup_teardown_taskflow.py
[2024-04-26T22:01:29.219-0300] {processor.py:840} INFO - DAG(s) 'example_setup_teardown_taskflow' retrieved from /home/athlon/projects/airflow/.venv/lib/python3.11/site-packages/airflow/example_dags/example_setup_teardown_taskflow.py
[2024-04-26T22:01:29.244-0300] {logging_mixin.py:188} INFO - [2024-04-26T22:01:29.244-0300] {dag.py:3096} INFO - Sync 1 DAGs
[2024-04-26T22:01:29.274-0300] {logging_mixin.py:188} INFO - [2024-04-26T22:01:29.273-0300] {dag.py:3954} INFO - Setting next_dagrun for example_setup_teardown_taskflow to 2024-04-26 00:00:00+00:00, run_after=2024-04-27 00:00:00+00:00
[2024-04-26T22:01:29.306-0300] {processor.py:183} INFO - Processing /home/athlon/projects/airflow/.venv/lib/python3.11/site-packages/airflow/example_dags/example_setup_teardown_taskflow.py took 0.119 seconds
[2024-04-26T22:02:31.538-0300] {processor.py:161} INFO - Started process (PID=22431) to work on /home/athlon/projects/airflow/.venv/lib/python3.11/site-packages/airflow/example_dags/example_setup_teardown_taskflow.py
[2024-04-26T22:02:31.544-0300] {processor.py:830} INFO - Processing file /home/athlon/projects/airflow/.venv/lib/python3.11/site-packages/airflow/example_dags/example_setup_teardown_taskflow.py for tasks to queue
[2024-04-26T22:02:31.547-0300] {logging_mixin.py:188} INFO - [2024-04-26T22:02:31.546-0300] {dagbag.py:540} INFO - Filling up the DagBag from /home/athlon/projects/airflow/.venv/lib/python3.11/site-packages/airflow/example_dags/example_setup_teardown_taskflow.py
[2024-04-26T22:02:31.566-0300] {processor.py:840} INFO - DAG(s) 'example_setup_teardown_taskflow' retrieved from /home/athlon/projects/airflow/.venv/lib/python3.11/site-packages/airflow/example_dags/example_setup_teardown_taskflow.py
[2024-04-26T22:02:31.593-0300] {logging_mixin.py:188} INFO - [2024-04-26T22:02:31.593-0300] {dag.py:3096} INFO - Sync 1 DAGs
[2024-04-26T22:02:31.623-0300] {logging_mixin.py:188} INFO - [2024-04-26T22:02:31.622-0300] {dag.py:3954} INFO - Setting next_dagrun for example_setup_teardown_taskflow to 2024-04-26 00:00:00+00:00, run_after=2024-04-27 00:00:00+00:00
[2024-04-26T22:02:31.652-0300] {processor.py:183} INFO - Processing /home/athlon/projects/airflow/.venv/lib/python3.11/site-packages/airflow/example_dags/example_setup_teardown_taskflow.py took 0.125 seconds
[2024-04-26T22:03:35.565-0300] {processor.py:161} INFO - Started process (PID=22509) to work on /home/athlon/projects/airflow/.venv/lib/python3.11/site-packages/airflow/example_dags/example_setup_teardown_taskflow.py
[2024-04-26T22:03:35.566-0300] {processor.py:830} INFO - Processing file /home/athlon/projects/airflow/.venv/lib/python3.11/site-packages/airflow/example_dags/example_setup_teardown_taskflow.py for tasks to queue
[2024-04-26T22:03:35.569-0300] {logging_mixin.py:188} INFO - [2024-04-26T22:03:35.568-0300] {dagbag.py:540} INFO - Filling up the DagBag from /home/athlon/projects/airflow/.venv/lib/python3.11/site-packages/airflow/example_dags/example_setup_teardown_taskflow.py
[2024-04-26T22:03:35.588-0300] {processor.py:840} INFO - DAG(s) 'example_setup_teardown_taskflow' retrieved from /home/athlon/projects/airflow/.venv/lib/python3.11/site-packages/airflow/example_dags/example_setup_teardown_taskflow.py
[2024-04-26T22:03:35.616-0300] {logging_mixin.py:188} INFO - [2024-04-26T22:03:35.616-0300] {dag.py:3096} INFO - Sync 1 DAGs
[2024-04-26T22:03:35.649-0300] {logging_mixin.py:188} INFO - [2024-04-26T22:03:35.648-0300] {dag.py:3954} INFO - Setting next_dagrun for example_setup_teardown_taskflow to 2024-04-26 00:00:00+00:00, run_after=2024-04-27 00:00:00+00:00
[2024-04-26T22:03:35.682-0300] {processor.py:183} INFO - Processing /home/athlon/projects/airflow/.venv/lib/python3.11/site-packages/airflow/example_dags/example_setup_teardown_taskflow.py took 0.127 seconds
[2024-04-26T22:04:31.369-0300] {processor.py:161} INFO - Started process (PID=22646) to work on /home/athlon/projects/airflow/.venv/lib/python3.11/site-packages/airflow/example_dags/example_setup_teardown_taskflow.py
[2024-04-26T22:04:31.371-0300] {processor.py:830} INFO - Processing file /home/athlon/projects/airflow/.venv/lib/python3.11/site-packages/airflow/example_dags/example_setup_teardown_taskflow.py for tasks to queue
[2024-04-26T22:04:31.374-0300] {logging_mixin.py:188} INFO - [2024-04-26T22:04:31.373-0300] {dagbag.py:540} INFO - Filling up the DagBag from /home/athlon/projects/airflow/.venv/lib/python3.11/site-packages/airflow/example_dags/example_setup_teardown_taskflow.py
[2024-04-26T22:04:31.392-0300] {processor.py:840} INFO - DAG(s) 'example_setup_teardown_taskflow' retrieved from /home/athlon/projects/airflow/.venv/lib/python3.11/site-packages/airflow/example_dags/example_setup_teardown_taskflow.py
[2024-04-26T22:04:31.420-0300] {logging_mixin.py:188} INFO - [2024-04-26T22:04:31.420-0300] {dag.py:3096} INFO - Sync 1 DAGs
[2024-04-26T22:04:31.451-0300] {logging_mixin.py:188} INFO - [2024-04-26T22:04:31.451-0300] {dag.py:3954} INFO - Setting next_dagrun for example_setup_teardown_taskflow to 2024-04-26 00:00:00+00:00, run_after=2024-04-27 00:00:00+00:00
[2024-04-26T22:04:31.482-0300] {processor.py:183} INFO - Processing /home/athlon/projects/airflow/.venv/lib/python3.11/site-packages/airflow/example_dags/example_setup_teardown_taskflow.py took 0.124 seconds
[2024-04-26T22:05:29.533-0300] {processor.py:161} INFO - Started process (PID=22728) to work on /home/athlon/projects/airflow/.venv/lib/python3.11/site-packages/airflow/example_dags/example_setup_teardown_taskflow.py
[2024-04-26T22:05:29.538-0300] {processor.py:830} INFO - Processing file /home/athlon/projects/airflow/.venv/lib/python3.11/site-packages/airflow/example_dags/example_setup_teardown_taskflow.py for tasks to queue
[2024-04-26T22:05:29.541-0300] {logging_mixin.py:188} INFO - [2024-04-26T22:05:29.541-0300] {dagbag.py:540} INFO - Filling up the DagBag from /home/athlon/projects/airflow/.venv/lib/python3.11/site-packages/airflow/example_dags/example_setup_teardown_taskflow.py
[2024-04-26T22:05:29.561-0300] {processor.py:840} INFO - DAG(s) 'example_setup_teardown_taskflow' retrieved from /home/athlon/projects/airflow/.venv/lib/python3.11/site-packages/airflow/example_dags/example_setup_teardown_taskflow.py
[2024-04-26T22:05:29.588-0300] {logging_mixin.py:188} INFO - [2024-04-26T22:05:29.588-0300] {dag.py:3096} INFO - Sync 1 DAGs
[2024-04-26T22:05:29.619-0300] {logging_mixin.py:188} INFO - [2024-04-26T22:05:29.618-0300] {dag.py:3954} INFO - Setting next_dagrun for example_setup_teardown_taskflow to 2024-04-26 00:00:00+00:00, run_after=2024-04-27 00:00:00+00:00
[2024-04-26T22:05:29.649-0300] {processor.py:183} INFO - Processing /home/athlon/projects/airflow/.venv/lib/python3.11/site-packages/airflow/example_dags/example_setup_teardown_taskflow.py took 0.128 seconds
[2024-04-26T22:06:29.355-0300] {processor.py:161} INFO - Started process (PID=22793) to work on /home/athlon/projects/airflow/.venv/lib/python3.11/site-packages/airflow/example_dags/example_setup_teardown_taskflow.py
[2024-04-26T22:06:29.361-0300] {processor.py:830} INFO - Processing file /home/athlon/projects/airflow/.venv/lib/python3.11/site-packages/airflow/example_dags/example_setup_teardown_taskflow.py for tasks to queue
[2024-04-26T22:06:29.364-0300] {logging_mixin.py:188} INFO - [2024-04-26T22:06:29.363-0300] {dagbag.py:540} INFO - Filling up the DagBag from /home/athlon/projects/airflow/.venv/lib/python3.11/site-packages/airflow/example_dags/example_setup_teardown_taskflow.py
[2024-04-26T22:06:29.380-0300] {processor.py:840} INFO - DAG(s) 'example_setup_teardown_taskflow' retrieved from /home/athlon/projects/airflow/.venv/lib/python3.11/site-packages/airflow/example_dags/example_setup_teardown_taskflow.py
[2024-04-26T22:06:29.406-0300] {logging_mixin.py:188} INFO - [2024-04-26T22:06:29.406-0300] {dag.py:3096} INFO - Sync 1 DAGs
[2024-04-26T22:06:29.436-0300] {logging_mixin.py:188} INFO - [2024-04-26T22:06:29.436-0300] {dag.py:3954} INFO - Setting next_dagrun for example_setup_teardown_taskflow to 2024-04-26 00:00:00+00:00, run_after=2024-04-27 00:00:00+00:00
[2024-04-26T22:06:29.470-0300] {processor.py:183} INFO - Processing /home/athlon/projects/airflow/.venv/lib/python3.11/site-packages/airflow/example_dags/example_setup_teardown_taskflow.py took 0.124 seconds
[2024-04-26T22:07:28.061-0300] {processor.py:161} INFO - Started process (PID=22859) to work on /home/athlon/projects/airflow/.venv/lib/python3.11/site-packages/airflow/example_dags/example_setup_teardown_taskflow.py
[2024-04-26T22:07:28.067-0300] {processor.py:830} INFO - Processing file /home/athlon/projects/airflow/.venv/lib/python3.11/site-packages/airflow/example_dags/example_setup_teardown_taskflow.py for tasks to queue
[2024-04-26T22:07:28.071-0300] {logging_mixin.py:188} INFO - [2024-04-26T22:07:28.070-0300] {dagbag.py:540} INFO - Filling up the DagBag from /home/athlon/projects/airflow/.venv/lib/python3.11/site-packages/airflow/example_dags/example_setup_teardown_taskflow.py
[2024-04-26T22:07:28.099-0300] {processor.py:840} INFO - DAG(s) 'example_setup_teardown_taskflow' retrieved from /home/athlon/projects/airflow/.venv/lib/python3.11/site-packages/airflow/example_dags/example_setup_teardown_taskflow.py
[2024-04-26T22:07:28.139-0300] {logging_mixin.py:188} INFO - [2024-04-26T22:07:28.138-0300] {dag.py:3096} INFO - Sync 1 DAGs
[2024-04-26T22:07:28.184-0300] {logging_mixin.py:188} INFO - [2024-04-26T22:07:28.184-0300] {dag.py:3954} INFO - Setting next_dagrun for example_setup_teardown_taskflow to 2024-04-26 00:00:00+00:00, run_after=2024-04-27 00:00:00+00:00
[2024-04-26T22:07:28.234-0300] {processor.py:183} INFO - Processing /home/athlon/projects/airflow/.venv/lib/python3.11/site-packages/airflow/example_dags/example_setup_teardown_taskflow.py took 0.185 seconds
[2024-04-26T22:08:11.369-0300] {processor.py:161} INFO - Started process (PID=22903) to work on /home/athlon/projects/airflow/.venv/lib/python3.11/site-packages/airflow/example_dags/example_setup_teardown_taskflow.py
[2024-04-26T22:08:11.374-0300] {processor.py:830} INFO - Processing file /home/athlon/projects/airflow/.venv/lib/python3.11/site-packages/airflow/example_dags/example_setup_teardown_taskflow.py for tasks to queue
[2024-04-26T22:08:11.378-0300] {logging_mixin.py:188} INFO - [2024-04-26T22:08:11.377-0300] {dagbag.py:540} INFO - Filling up the DagBag from /home/athlon/projects/airflow/.venv/lib/python3.11/site-packages/airflow/example_dags/example_setup_teardown_taskflow.py
[2024-04-26T22:08:11.397-0300] {processor.py:840} INFO - DAG(s) 'example_setup_teardown_taskflow' retrieved from /home/athlon/projects/airflow/.venv/lib/python3.11/site-packages/airflow/example_dags/example_setup_teardown_taskflow.py
[2024-04-26T22:08:11.424-0300] {logging_mixin.py:188} INFO - [2024-04-26T22:08:11.423-0300] {dag.py:3096} INFO - Sync 1 DAGs
[2024-04-26T22:08:11.455-0300] {logging_mixin.py:188} INFO - [2024-04-26T22:08:11.454-0300] {dag.py:3954} INFO - Setting next_dagrun for example_setup_teardown_taskflow to 2024-04-26 00:00:00+00:00, run_after=2024-04-27 00:00:00+00:00
[2024-04-26T22:08:11.485-0300] {processor.py:183} INFO - Processing /home/athlon/projects/airflow/.venv/lib/python3.11/site-packages/airflow/example_dags/example_setup_teardown_taskflow.py took 0.128 seconds
[2024-04-26T22:09:08.714-0300] {processor.py:161} INFO - Started process (PID=23002) to work on /home/athlon/projects/airflow/.venv/lib/python3.11/site-packages/airflow/example_dags/example_setup_teardown_taskflow.py
[2024-04-26T22:09:08.720-0300] {processor.py:830} INFO - Processing file /home/athlon/projects/airflow/.venv/lib/python3.11/site-packages/airflow/example_dags/example_setup_teardown_taskflow.py for tasks to queue
[2024-04-26T22:09:08.724-0300] {logging_mixin.py:188} INFO - [2024-04-26T22:09:08.723-0300] {dagbag.py:540} INFO - Filling up the DagBag from /home/athlon/projects/airflow/.venv/lib/python3.11/site-packages/airflow/example_dags/example_setup_teardown_taskflow.py
[2024-04-26T22:09:08.743-0300] {processor.py:840} INFO - DAG(s) 'example_setup_teardown_taskflow' retrieved from /home/athlon/projects/airflow/.venv/lib/python3.11/site-packages/airflow/example_dags/example_setup_teardown_taskflow.py
[2024-04-26T22:09:08.770-0300] {logging_mixin.py:188} INFO - [2024-04-26T22:09:08.770-0300] {dag.py:3096} INFO - Sync 1 DAGs
[2024-04-26T22:09:08.799-0300] {logging_mixin.py:188} INFO - [2024-04-26T22:09:08.799-0300] {dag.py:3954} INFO - Setting next_dagrun for example_setup_teardown_taskflow to 2024-04-26 00:00:00+00:00, run_after=2024-04-27 00:00:00+00:00
[2024-04-26T22:09:08.830-0300] {processor.py:183} INFO - Processing /home/athlon/projects/airflow/.venv/lib/python3.11/site-packages/airflow/example_dags/example_setup_teardown_taskflow.py took 0.126 seconds
[2024-04-26T22:10:10.942-0300] {processor.py:161} INFO - Started process (PID=23072) to work on /home/athlon/projects/airflow/.venv/lib/python3.11/site-packages/airflow/example_dags/example_setup_teardown_taskflow.py
[2024-04-26T22:10:10.948-0300] {processor.py:830} INFO - Processing file /home/athlon/projects/airflow/.venv/lib/python3.11/site-packages/airflow/example_dags/example_setup_teardown_taskflow.py for tasks to queue
[2024-04-26T22:10:10.951-0300] {logging_mixin.py:188} INFO - [2024-04-26T22:10:10.950-0300] {dagbag.py:540} INFO - Filling up the DagBag from /home/athlon/projects/airflow/.venv/lib/python3.11/site-packages/airflow/example_dags/example_setup_teardown_taskflow.py
[2024-04-26T22:10:10.970-0300] {processor.py:840} INFO - DAG(s) 'example_setup_teardown_taskflow' retrieved from /home/athlon/projects/airflow/.venv/lib/python3.11/site-packages/airflow/example_dags/example_setup_teardown_taskflow.py
[2024-04-26T22:10:10.998-0300] {logging_mixin.py:188} INFO - [2024-04-26T22:10:10.997-0300] {dag.py:3096} INFO - Sync 1 DAGs
[2024-04-26T22:10:11.027-0300] {logging_mixin.py:188} INFO - [2024-04-26T22:10:11.027-0300] {dag.py:3954} INFO - Setting next_dagrun for example_setup_teardown_taskflow to 2024-04-26 00:00:00+00:00, run_after=2024-04-27 00:00:00+00:00
[2024-04-26T22:10:11.056-0300] {processor.py:183} INFO - Processing /home/athlon/projects/airflow/.venv/lib/python3.11/site-packages/airflow/example_dags/example_setup_teardown_taskflow.py took 0.126 seconds
[2024-04-26T22:11:11.197-0300] {processor.py:161} INFO - Started process (PID=23139) to work on /home/athlon/projects/airflow/.venv/lib/python3.11/site-packages/airflow/example_dags/example_setup_teardown_taskflow.py
[2024-04-26T22:11:11.203-0300] {processor.py:830} INFO - Processing file /home/athlon/projects/airflow/.venv/lib/python3.11/site-packages/airflow/example_dags/example_setup_teardown_taskflow.py for tasks to queue
[2024-04-26T22:11:11.206-0300] {logging_mixin.py:188} INFO - [2024-04-26T22:11:11.205-0300] {dagbag.py:540} INFO - Filling up the DagBag from /home/athlon/projects/airflow/.venv/lib/python3.11/site-packages/airflow/example_dags/example_setup_teardown_taskflow.py
[2024-04-26T22:11:11.225-0300] {processor.py:840} INFO - DAG(s) 'example_setup_teardown_taskflow' retrieved from /home/athlon/projects/airflow/.venv/lib/python3.11/site-packages/airflow/example_dags/example_setup_teardown_taskflow.py
[2024-04-26T22:11:11.253-0300] {logging_mixin.py:188} INFO - [2024-04-26T22:11:11.253-0300] {dag.py:3096} INFO - Sync 1 DAGs
[2024-04-26T22:11:11.282-0300] {logging_mixin.py:188} INFO - [2024-04-26T22:11:11.282-0300] {dag.py:3954} INFO - Setting next_dagrun for example_setup_teardown_taskflow to 2024-04-26 00:00:00+00:00, run_after=2024-04-27 00:00:00+00:00
[2024-04-26T22:11:11.313-0300] {processor.py:183} INFO - Processing /home/athlon/projects/airflow/.venv/lib/python3.11/site-packages/airflow/example_dags/example_setup_teardown_taskflow.py took 0.128 seconds
[2024-04-26T22:12:14.506-0300] {processor.py:161} INFO - Started process (PID=23221) to work on /home/athlon/projects/airflow/.venv/lib/python3.11/site-packages/airflow/example_dags/example_setup_teardown_taskflow.py
[2024-04-26T22:12:14.512-0300] {processor.py:830} INFO - Processing file /home/athlon/projects/airflow/.venv/lib/python3.11/site-packages/airflow/example_dags/example_setup_teardown_taskflow.py for tasks to queue
[2024-04-26T22:12:14.515-0300] {logging_mixin.py:188} INFO - [2024-04-26T22:12:14.514-0300] {dagbag.py:540} INFO - Filling up the DagBag from /home/athlon/projects/airflow/.venv/lib/python3.11/site-packages/airflow/example_dags/example_setup_teardown_taskflow.py
[2024-04-26T22:12:14.534-0300] {processor.py:840} INFO - DAG(s) 'example_setup_teardown_taskflow' retrieved from /home/athlon/projects/airflow/.venv/lib/python3.11/site-packages/airflow/example_dags/example_setup_teardown_taskflow.py
[2024-04-26T22:12:14.561-0300] {logging_mixin.py:188} INFO - [2024-04-26T22:12:14.561-0300] {dag.py:3096} INFO - Sync 1 DAGs
[2024-04-26T22:12:14.591-0300] {logging_mixin.py:188} INFO - [2024-04-26T22:12:14.591-0300] {dag.py:3954} INFO - Setting next_dagrun for example_setup_teardown_taskflow to 2024-04-26 00:00:00+00:00, run_after=2024-04-27 00:00:00+00:00
[2024-04-26T22:12:14.621-0300] {processor.py:183} INFO - Processing /home/athlon/projects/airflow/.venv/lib/python3.11/site-packages/airflow/example_dags/example_setup_teardown_taskflow.py took 0.125 seconds
[2024-04-26T22:13:14.636-0300] {processor.py:161} INFO - Started process (PID=23298) to work on /home/athlon/projects/airflow/.venv/lib/python3.11/site-packages/airflow/example_dags/example_setup_teardown_taskflow.py
[2024-04-26T22:13:14.642-0300] {processor.py:830} INFO - Processing file /home/athlon/projects/airflow/.venv/lib/python3.11/site-packages/airflow/example_dags/example_setup_teardown_taskflow.py for tasks to queue
[2024-04-26T22:13:14.644-0300] {logging_mixin.py:188} INFO - [2024-04-26T22:13:14.644-0300] {dagbag.py:540} INFO - Filling up the DagBag from /home/athlon/projects/airflow/.venv/lib/python3.11/site-packages/airflow/example_dags/example_setup_teardown_taskflow.py
[2024-04-26T22:13:14.660-0300] {processor.py:840} INFO - DAG(s) 'example_setup_teardown_taskflow' retrieved from /home/athlon/projects/airflow/.venv/lib/python3.11/site-packages/airflow/example_dags/example_setup_teardown_taskflow.py
[2024-04-26T22:13:14.686-0300] {logging_mixin.py:188} INFO - [2024-04-26T22:13:14.685-0300] {dag.py:3096} INFO - Sync 1 DAGs
[2024-04-26T22:13:14.716-0300] {logging_mixin.py:188} INFO - [2024-04-26T22:13:14.716-0300] {dag.py:3954} INFO - Setting next_dagrun for example_setup_teardown_taskflow to 2024-04-26 00:00:00+00:00, run_after=2024-04-27 00:00:00+00:00
[2024-04-26T22:13:14.746-0300] {processor.py:183} INFO - Processing /home/athlon/projects/airflow/.venv/lib/python3.11/site-packages/airflow/example_dags/example_setup_teardown_taskflow.py took 0.118 seconds
[2024-04-26T22:14:12.939-0300] {processor.py:161} INFO - Started process (PID=23401) to work on /home/athlon/projects/airflow/.venv/lib/python3.11/site-packages/airflow/example_dags/example_setup_teardown_taskflow.py
[2024-04-26T22:14:12.943-0300] {processor.py:830} INFO - Processing file /home/athlon/projects/airflow/.venv/lib/python3.11/site-packages/airflow/example_dags/example_setup_teardown_taskflow.py for tasks to queue
[2024-04-26T22:14:12.947-0300] {logging_mixin.py:188} INFO - [2024-04-26T22:14:12.946-0300] {dagbag.py:540} INFO - Filling up the DagBag from /home/athlon/projects/airflow/.venv/lib/python3.11/site-packages/airflow/example_dags/example_setup_teardown_taskflow.py
[2024-04-26T22:14:12.976-0300] {processor.py:840} INFO - DAG(s) 'example_setup_teardown_taskflow' retrieved from /home/athlon/projects/airflow/.venv/lib/python3.11/site-packages/airflow/example_dags/example_setup_teardown_taskflow.py
[2024-04-26T22:14:13.016-0300] {logging_mixin.py:188} INFO - [2024-04-26T22:14:13.015-0300] {dag.py:3096} INFO - Sync 1 DAGs
[2024-04-26T22:14:13.062-0300] {logging_mixin.py:188} INFO - [2024-04-26T22:14:13.061-0300] {dag.py:3954} INFO - Setting next_dagrun for example_setup_teardown_taskflow to 2024-04-26 00:00:00+00:00, run_after=2024-04-27 00:00:00+00:00
[2024-04-26T22:14:13.108-0300] {processor.py:183} INFO - Processing /home/athlon/projects/airflow/.venv/lib/python3.11/site-packages/airflow/example_dags/example_setup_teardown_taskflow.py took 0.182 seconds
[2024-04-26T22:15:15.546-0300] {processor.py:161} INFO - Started process (PID=23511) to work on /home/athlon/projects/airflow/.venv/lib/python3.11/site-packages/airflow/example_dags/example_setup_teardown_taskflow.py
[2024-04-26T22:15:15.548-0300] {processor.py:830} INFO - Processing file /home/athlon/projects/airflow/.venv/lib/python3.11/site-packages/airflow/example_dags/example_setup_teardown_taskflow.py for tasks to queue
[2024-04-26T22:15:15.552-0300] {logging_mixin.py:188} INFO - [2024-04-26T22:15:15.551-0300] {dagbag.py:540} INFO - Filling up the DagBag from /home/athlon/projects/airflow/.venv/lib/python3.11/site-packages/airflow/example_dags/example_setup_teardown_taskflow.py
[2024-04-26T22:15:15.573-0300] {processor.py:840} INFO - DAG(s) 'example_setup_teardown_taskflow' retrieved from /home/athlon/projects/airflow/.venv/lib/python3.11/site-packages/airflow/example_dags/example_setup_teardown_taskflow.py
[2024-04-26T22:15:15.600-0300] {logging_mixin.py:188} INFO - [2024-04-26T22:15:15.600-0300] {dag.py:3096} INFO - Sync 1 DAGs
[2024-04-26T22:15:15.630-0300] {logging_mixin.py:188} INFO - [2024-04-26T22:15:15.630-0300] {dag.py:3954} INFO - Setting next_dagrun for example_setup_teardown_taskflow to 2024-04-26 00:00:00+00:00, run_after=2024-04-27 00:00:00+00:00
[2024-04-26T22:15:15.660-0300] {processor.py:183} INFO - Processing /home/athlon/projects/airflow/.venv/lib/python3.11/site-packages/airflow/example_dags/example_setup_teardown_taskflow.py took 0.125 seconds
[2024-04-26T22:16:22.682-0300] {processor.py:161} INFO - Started process (PID=23650) to work on /home/athlon/projects/airflow/.venv/lib/python3.11/site-packages/airflow/example_dags/example_setup_teardown_taskflow.py
[2024-04-26T22:16:22.684-0300] {processor.py:830} INFO - Processing file /home/athlon/projects/airflow/.venv/lib/python3.11/site-packages/airflow/example_dags/example_setup_teardown_taskflow.py for tasks to queue
[2024-04-26T22:16:22.687-0300] {logging_mixin.py:188} INFO - [2024-04-26T22:16:22.686-0300] {dagbag.py:540} INFO - Filling up the DagBag from /home/athlon/projects/airflow/.venv/lib/python3.11/site-packages/airflow/example_dags/example_setup_teardown_taskflow.py
[2024-04-26T22:16:22.705-0300] {processor.py:840} INFO - DAG(s) 'example_setup_teardown_taskflow' retrieved from /home/athlon/projects/airflow/.venv/lib/python3.11/site-packages/airflow/example_dags/example_setup_teardown_taskflow.py
[2024-04-26T22:16:22.731-0300] {logging_mixin.py:188} INFO - [2024-04-26T22:16:22.731-0300] {dag.py:3096} INFO - Sync 1 DAGs
[2024-04-26T22:16:22.762-0300] {logging_mixin.py:188} INFO - [2024-04-26T22:16:22.761-0300] {dag.py:3954} INFO - Setting next_dagrun for example_setup_teardown_taskflow to 2024-04-26 00:00:00+00:00, run_after=2024-04-27 00:00:00+00:00
[2024-04-26T22:16:22.795-0300] {processor.py:183} INFO - Processing /home/athlon/projects/airflow/.venv/lib/python3.11/site-packages/airflow/example_dags/example_setup_teardown_taskflow.py took 0.122 seconds
[2024-04-26T22:17:22.631-0300] {processor.py:161} INFO - Started process (PID=23719) to work on /home/athlon/projects/airflow/.venv/lib/python3.11/site-packages/airflow/example_dags/example_setup_teardown_taskflow.py
[2024-04-26T22:17:22.633-0300] {processor.py:830} INFO - Processing file /home/athlon/projects/airflow/.venv/lib/python3.11/site-packages/airflow/example_dags/example_setup_teardown_taskflow.py for tasks to queue
[2024-04-26T22:17:22.636-0300] {logging_mixin.py:188} INFO - [2024-04-26T22:17:22.635-0300] {dagbag.py:540} INFO - Filling up the DagBag from /home/athlon/projects/airflow/.venv/lib/python3.11/site-packages/airflow/example_dags/example_setup_teardown_taskflow.py
[2024-04-26T22:17:22.655-0300] {processor.py:840} INFO - DAG(s) 'example_setup_teardown_taskflow' retrieved from /home/athlon/projects/airflow/.venv/lib/python3.11/site-packages/airflow/example_dags/example_setup_teardown_taskflow.py
[2024-04-26T22:17:22.682-0300] {logging_mixin.py:188} INFO - [2024-04-26T22:17:22.682-0300] {dag.py:3096} INFO - Sync 1 DAGs
[2024-04-26T22:17:22.712-0300] {logging_mixin.py:188} INFO - [2024-04-26T22:17:22.712-0300] {dag.py:3954} INFO - Setting next_dagrun for example_setup_teardown_taskflow to 2024-04-26 00:00:00+00:00, run_after=2024-04-27 00:00:00+00:00
[2024-04-26T22:17:22.742-0300] {processor.py:183} INFO - Processing /home/athlon/projects/airflow/.venv/lib/python3.11/site-packages/airflow/example_dags/example_setup_teardown_taskflow.py took 0.123 seconds
[2024-04-26T22:18:21.330-0300] {processor.py:161} INFO - Started process (PID=23774) to work on /home/athlon/projects/airflow/.venv/lib/python3.11/site-packages/airflow/example_dags/example_setup_teardown_taskflow.py
[2024-04-26T22:18:21.336-0300] {processor.py:830} INFO - Processing file /home/athlon/projects/airflow/.venv/lib/python3.11/site-packages/airflow/example_dags/example_setup_teardown_taskflow.py for tasks to queue
[2024-04-26T22:18:21.339-0300] {logging_mixin.py:188} INFO - [2024-04-26T22:18:21.339-0300] {dagbag.py:540} INFO - Filling up the DagBag from /home/athlon/projects/airflow/.venv/lib/python3.11/site-packages/airflow/example_dags/example_setup_teardown_taskflow.py
[2024-04-26T22:18:21.359-0300] {processor.py:840} INFO - DAG(s) 'example_setup_teardown_taskflow' retrieved from /home/athlon/projects/airflow/.venv/lib/python3.11/site-packages/airflow/example_dags/example_setup_teardown_taskflow.py
[2024-04-26T22:18:21.387-0300] {logging_mixin.py:188} INFO - [2024-04-26T22:18:21.387-0300] {dag.py:3096} INFO - Sync 1 DAGs
[2024-04-26T22:18:21.418-0300] {logging_mixin.py:188} INFO - [2024-04-26T22:18:21.418-0300] {dag.py:3954} INFO - Setting next_dagrun for example_setup_teardown_taskflow to 2024-04-26 00:00:00+00:00, run_after=2024-04-27 00:00:00+00:00
[2024-04-26T22:18:21.449-0300] {processor.py:183} INFO - Processing /home/athlon/projects/airflow/.venv/lib/python3.11/site-packages/airflow/example_dags/example_setup_teardown_taskflow.py took 0.130 seconds
[2024-04-26T22:19:20.085-0300] {processor.py:161} INFO - Started process (PID=23840) to work on /home/athlon/projects/airflow/.venv/lib/python3.11/site-packages/airflow/example_dags/example_setup_teardown_taskflow.py
[2024-04-26T22:19:20.091-0300] {processor.py:830} INFO - Processing file /home/athlon/projects/airflow/.venv/lib/python3.11/site-packages/airflow/example_dags/example_setup_teardown_taskflow.py for tasks to queue
[2024-04-26T22:19:20.094-0300] {logging_mixin.py:188} INFO - [2024-04-26T22:19:20.093-0300] {dagbag.py:540} INFO - Filling up the DagBag from /home/athlon/projects/airflow/.venv/lib/python3.11/site-packages/airflow/example_dags/example_setup_teardown_taskflow.py
[2024-04-26T22:19:20.113-0300] {processor.py:840} INFO - DAG(s) 'example_setup_teardown_taskflow' retrieved from /home/athlon/projects/airflow/.venv/lib/python3.11/site-packages/airflow/example_dags/example_setup_teardown_taskflow.py
[2024-04-26T22:19:20.141-0300] {logging_mixin.py:188} INFO - [2024-04-26T22:19:20.141-0300] {dag.py:3096} INFO - Sync 1 DAGs
[2024-04-26T22:19:20.171-0300] {logging_mixin.py:188} INFO - [2024-04-26T22:19:20.171-0300] {dag.py:3954} INFO - Setting next_dagrun for example_setup_teardown_taskflow to 2024-04-26 00:00:00+00:00, run_after=2024-04-27 00:00:00+00:00
[2024-04-26T22:19:20.203-0300] {processor.py:183} INFO - Processing /home/athlon/projects/airflow/.venv/lib/python3.11/site-packages/airflow/example_dags/example_setup_teardown_taskflow.py took 0.130 seconds
[2024-04-26T22:20:18.641-0300] {processor.py:161} INFO - Started process (PID=23900) to work on /home/athlon/projects/airflow/.venv/lib/python3.11/site-packages/airflow/example_dags/example_setup_teardown_taskflow.py
[2024-04-26T22:20:18.643-0300] {processor.py:830} INFO - Processing file /home/athlon/projects/airflow/.venv/lib/python3.11/site-packages/airflow/example_dags/example_setup_teardown_taskflow.py for tasks to queue
[2024-04-26T22:20:18.647-0300] {logging_mixin.py:188} INFO - [2024-04-26T22:20:18.646-0300] {dagbag.py:540} INFO - Filling up the DagBag from /home/athlon/projects/airflow/.venv/lib/python3.11/site-packages/airflow/example_dags/example_setup_teardown_taskflow.py
[2024-04-26T22:20:18.666-0300] {processor.py:840} INFO - DAG(s) 'example_setup_teardown_taskflow' retrieved from /home/athlon/projects/airflow/.venv/lib/python3.11/site-packages/airflow/example_dags/example_setup_teardown_taskflow.py
[2024-04-26T22:20:18.694-0300] {logging_mixin.py:188} INFO - [2024-04-26T22:20:18.693-0300] {dag.py:3096} INFO - Sync 1 DAGs
[2024-04-26T22:20:18.724-0300] {logging_mixin.py:188} INFO - [2024-04-26T22:20:18.723-0300] {dag.py:3954} INFO - Setting next_dagrun for example_setup_teardown_taskflow to 2024-04-26 00:00:00+00:00, run_after=2024-04-27 00:00:00+00:00
[2024-04-26T22:20:18.754-0300] {processor.py:183} INFO - Processing /home/athlon/projects/airflow/.venv/lib/python3.11/site-packages/airflow/example_dags/example_setup_teardown_taskflow.py took 0.124 seconds
[2024-04-26T22:21:39.202-0300] {processor.py:161} INFO - Started process (PID=24079) to work on /home/athlon/projects/airflow/.venv/lib/python3.11/site-packages/airflow/example_dags/example_setup_teardown_taskflow.py
[2024-04-26T22:21:39.203-0300] {processor.py:830} INFO - Processing file /home/athlon/projects/airflow/.venv/lib/python3.11/site-packages/airflow/example_dags/example_setup_teardown_taskflow.py for tasks to queue
[2024-04-26T22:21:39.206-0300] {logging_mixin.py:188} INFO - [2024-04-26T22:21:39.206-0300] {dagbag.py:540} INFO - Filling up the DagBag from /home/athlon/projects/airflow/.venv/lib/python3.11/site-packages/airflow/example_dags/example_setup_teardown_taskflow.py
[2024-04-26T22:21:39.227-0300] {processor.py:840} INFO - DAG(s) 'example_setup_teardown_taskflow' retrieved from /home/athlon/projects/airflow/.venv/lib/python3.11/site-packages/airflow/example_dags/example_setup_teardown_taskflow.py
[2024-04-26T22:21:39.254-0300] {logging_mixin.py:188} INFO - [2024-04-26T22:21:39.253-0300] {dag.py:3096} INFO - Sync 1 DAGs
[2024-04-26T22:21:39.288-0300] {logging_mixin.py:188} INFO - [2024-04-26T22:21:39.287-0300] {dag.py:3954} INFO - Setting next_dagrun for example_setup_teardown_taskflow to 2024-04-26 00:00:00+00:00, run_after=2024-04-27 00:00:00+00:00
[2024-04-26T22:21:39.319-0300] {processor.py:183} INFO - Processing /home/athlon/projects/airflow/.venv/lib/python3.11/site-packages/airflow/example_dags/example_setup_teardown_taskflow.py took 0.128 seconds
