[2024-04-26T21:25:49.375-0300] {processor.py:161} INFO - Started process (PID=17811) to work on /home/athlon/projects/airflow/.venv/lib/python3.11/site-packages/airflow/example_dags/example_complex.py
[2024-04-26T21:25:49.376-0300] {processor.py:830} INFO - Processing file /home/athlon/projects/airflow/.venv/lib/python3.11/site-packages/airflow/example_dags/example_complex.py for tasks to queue
[2024-04-26T21:25:49.378-0300] {logging_mixin.py:188} INFO - [2024-04-26T21:25:49.378-0300] {dagbag.py:540} INFO - Filling up the DagBag from /home/athlon/projects/airflow/.venv/lib/python3.11/site-packages/airflow/example_dags/example_complex.py
[2024-04-26T21:25:49.396-0300] {processor.py:840} INFO - DAG(s) 'example_complex' retrieved from /home/athlon/projects/airflow/.venv/lib/python3.11/site-packages/airflow/example_dags/example_complex.py
[2024-04-26T21:25:49.438-0300] {logging_mixin.py:188} INFO - [2024-04-26T21:25:49.437-0300] {dag.py:3096} INFO - Sync 1 DAGs
[2024-04-26T21:25:49.454-0300] {logging_mixin.py:188} INFO - [2024-04-26T21:25:49.454-0300] {dag.py:3954} INFO - Setting next_dagrun for example_complex to None, run_after=None
[2024-04-26T21:25:49.483-0300] {processor.py:183} INFO - Processing /home/athlon/projects/airflow/.venv/lib/python3.11/site-packages/airflow/example_dags/example_complex.py took 0.118 seconds
[2024-04-26T21:26:47.447-0300] {processor.py:161} INFO - Started process (PID=17899) to work on /home/athlon/projects/airflow/.venv/lib/python3.11/site-packages/airflow/example_dags/example_complex.py
[2024-04-26T21:26:47.453-0300] {processor.py:830} INFO - Processing file /home/athlon/projects/airflow/.venv/lib/python3.11/site-packages/airflow/example_dags/example_complex.py for tasks to queue
[2024-04-26T21:26:47.455-0300] {logging_mixin.py:188} INFO - [2024-04-26T21:26:47.455-0300] {dagbag.py:540} INFO - Filling up the DagBag from /home/athlon/projects/airflow/.venv/lib/python3.11/site-packages/airflow/example_dags/example_complex.py
[2024-04-26T21:26:47.471-0300] {processor.py:840} INFO - DAG(s) 'example_complex' retrieved from /home/athlon/projects/airflow/.venv/lib/python3.11/site-packages/airflow/example_dags/example_complex.py
[2024-04-26T21:26:47.509-0300] {logging_mixin.py:188} INFO - [2024-04-26T21:26:47.509-0300] {dag.py:3096} INFO - Sync 1 DAGs
[2024-04-26T21:26:47.525-0300] {logging_mixin.py:188} INFO - [2024-04-26T21:26:47.525-0300] {dag.py:3954} INFO - Setting next_dagrun for example_complex to None, run_after=None
[2024-04-26T21:26:47.553-0300] {processor.py:183} INFO - Processing /home/athlon/projects/airflow/.venv/lib/python3.11/site-packages/airflow/example_dags/example_complex.py took 0.114 seconds
[2024-04-26T21:27:44.869-0300] {processor.py:161} INFO - Started process (PID=17970) to work on /home/athlon/projects/airflow/.venv/lib/python3.11/site-packages/airflow/example_dags/example_complex.py
[2024-04-26T21:27:44.875-0300] {processor.py:830} INFO - Processing file /home/athlon/projects/airflow/.venv/lib/python3.11/site-packages/airflow/example_dags/example_complex.py for tasks to queue
[2024-04-26T21:27:44.877-0300] {logging_mixin.py:188} INFO - [2024-04-26T21:27:44.877-0300] {dagbag.py:540} INFO - Filling up the DagBag from /home/athlon/projects/airflow/.venv/lib/python3.11/site-packages/airflow/example_dags/example_complex.py
[2024-04-26T21:27:44.896-0300] {processor.py:840} INFO - DAG(s) 'example_complex' retrieved from /home/athlon/projects/airflow/.venv/lib/python3.11/site-packages/airflow/example_dags/example_complex.py
[2024-04-26T21:27:44.936-0300] {logging_mixin.py:188} INFO - [2024-04-26T21:27:44.936-0300] {dag.py:3096} INFO - Sync 1 DAGs
[2024-04-26T21:27:44.953-0300] {logging_mixin.py:188} INFO - [2024-04-26T21:27:44.953-0300] {dag.py:3954} INFO - Setting next_dagrun for example_complex to None, run_after=None
[2024-04-26T21:27:44.982-0300] {processor.py:183} INFO - Processing /home/athlon/projects/airflow/.venv/lib/python3.11/site-packages/airflow/example_dags/example_complex.py took 0.123 seconds
[2024-04-26T21:28:44.525-0300] {processor.py:161} INFO - Started process (PID=18054) to work on /home/athlon/projects/airflow/.venv/lib/python3.11/site-packages/airflow/example_dags/example_complex.py
[2024-04-26T21:28:44.531-0300] {processor.py:830} INFO - Processing file /home/athlon/projects/airflow/.venv/lib/python3.11/site-packages/airflow/example_dags/example_complex.py for tasks to queue
[2024-04-26T21:28:44.533-0300] {logging_mixin.py:188} INFO - [2024-04-26T21:28:44.533-0300] {dagbag.py:540} INFO - Filling up the DagBag from /home/athlon/projects/airflow/.venv/lib/python3.11/site-packages/airflow/example_dags/example_complex.py
[2024-04-26T21:28:44.552-0300] {processor.py:840} INFO - DAG(s) 'example_complex' retrieved from /home/athlon/projects/airflow/.venv/lib/python3.11/site-packages/airflow/example_dags/example_complex.py
[2024-04-26T21:28:44.592-0300] {logging_mixin.py:188} INFO - [2024-04-26T21:28:44.592-0300] {dag.py:3096} INFO - Sync 1 DAGs
[2024-04-26T21:28:44.608-0300] {logging_mixin.py:188} INFO - [2024-04-26T21:28:44.608-0300] {dag.py:3954} INFO - Setting next_dagrun for example_complex to None, run_after=None
[2024-04-26T21:28:44.638-0300] {processor.py:183} INFO - Processing /home/athlon/projects/airflow/.venv/lib/python3.11/site-packages/airflow/example_dags/example_complex.py took 0.123 seconds
[2024-04-26T21:29:45.691-0300] {processor.py:161} INFO - Started process (PID=18678) to work on /home/athlon/projects/airflow/.venv/lib/python3.11/site-packages/airflow/example_dags/example_complex.py
[2024-04-26T21:29:45.694-0300] {processor.py:830} INFO - Processing file /home/athlon/projects/airflow/.venv/lib/python3.11/site-packages/airflow/example_dags/example_complex.py for tasks to queue
[2024-04-26T21:29:45.698-0300] {logging_mixin.py:188} INFO - [2024-04-26T21:29:45.697-0300] {dagbag.py:540} INFO - Filling up the DagBag from /home/athlon/projects/airflow/.venv/lib/python3.11/site-packages/airflow/example_dags/example_complex.py
[2024-04-26T21:29:45.717-0300] {processor.py:840} INFO - DAG(s) 'example_complex' retrieved from /home/athlon/projects/airflow/.venv/lib/python3.11/site-packages/airflow/example_dags/example_complex.py
[2024-04-26T21:29:45.764-0300] {logging_mixin.py:188} INFO - [2024-04-26T21:29:45.763-0300] {dag.py:3096} INFO - Sync 1 DAGs
[2024-04-26T21:29:45.789-0300] {logging_mixin.py:188} INFO - [2024-04-26T21:29:45.788-0300] {dag.py:3954} INFO - Setting next_dagrun for example_complex to None, run_after=None
[2024-04-26T21:29:45.832-0300] {processor.py:183} INFO - Processing /home/athlon/projects/airflow/.venv/lib/python3.11/site-packages/airflow/example_dags/example_complex.py took 0.153 seconds
[2024-04-26T21:30:50.634-0300] {processor.py:161} INFO - Started process (PID=18753) to work on /home/athlon/projects/airflow/.venv/lib/python3.11/site-packages/airflow/example_dags/example_complex.py
[2024-04-26T21:30:50.640-0300] {processor.py:830} INFO - Processing file /home/athlon/projects/airflow/.venv/lib/python3.11/site-packages/airflow/example_dags/example_complex.py for tasks to queue
[2024-04-26T21:30:50.642-0300] {logging_mixin.py:188} INFO - [2024-04-26T21:30:50.642-0300] {dagbag.py:540} INFO - Filling up the DagBag from /home/athlon/projects/airflow/.venv/lib/python3.11/site-packages/airflow/example_dags/example_complex.py
[2024-04-26T21:30:50.658-0300] {processor.py:840} INFO - DAG(s) 'example_complex' retrieved from /home/athlon/projects/airflow/.venv/lib/python3.11/site-packages/airflow/example_dags/example_complex.py
[2024-04-26T21:30:50.698-0300] {logging_mixin.py:188} INFO - [2024-04-26T21:30:50.698-0300] {dag.py:3096} INFO - Sync 1 DAGs
[2024-04-26T21:30:50.714-0300] {logging_mixin.py:188} INFO - [2024-04-26T21:30:50.714-0300] {dag.py:3954} INFO - Setting next_dagrun for example_complex to None, run_after=None
[2024-04-26T21:30:50.746-0300] {processor.py:183} INFO - Processing /home/athlon/projects/airflow/.venv/lib/python3.11/site-packages/airflow/example_dags/example_complex.py took 0.121 seconds
[2024-04-26T21:31:51.305-0300] {processor.py:161} INFO - Started process (PID=18827) to work on /home/athlon/projects/airflow/.venv/lib/python3.11/site-packages/airflow/example_dags/example_complex.py
[2024-04-26T21:31:51.311-0300] {processor.py:830} INFO - Processing file /home/athlon/projects/airflow/.venv/lib/python3.11/site-packages/airflow/example_dags/example_complex.py for tasks to queue
[2024-04-26T21:31:51.314-0300] {logging_mixin.py:188} INFO - [2024-04-26T21:31:51.313-0300] {dagbag.py:540} INFO - Filling up the DagBag from /home/athlon/projects/airflow/.venv/lib/python3.11/site-packages/airflow/example_dags/example_complex.py
[2024-04-26T21:31:51.333-0300] {processor.py:840} INFO - DAG(s) 'example_complex' retrieved from /home/athlon/projects/airflow/.venv/lib/python3.11/site-packages/airflow/example_dags/example_complex.py
[2024-04-26T21:31:51.374-0300] {logging_mixin.py:188} INFO - [2024-04-26T21:31:51.374-0300] {dag.py:3096} INFO - Sync 1 DAGs
[2024-04-26T21:31:51.390-0300] {logging_mixin.py:188} INFO - [2024-04-26T21:31:51.390-0300] {dag.py:3954} INFO - Setting next_dagrun for example_complex to None, run_after=None
[2024-04-26T21:31:51.421-0300] {processor.py:183} INFO - Processing /home/athlon/projects/airflow/.venv/lib/python3.11/site-packages/airflow/example_dags/example_complex.py took 0.126 seconds
[2024-04-26T21:32:50.187-0300] {processor.py:161} INFO - Started process (PID=18881) to work on /home/athlon/projects/airflow/.venv/lib/python3.11/site-packages/airflow/example_dags/example_complex.py
[2024-04-26T21:32:50.193-0300] {processor.py:830} INFO - Processing file /home/athlon/projects/airflow/.venv/lib/python3.11/site-packages/airflow/example_dags/example_complex.py for tasks to queue
[2024-04-26T21:32:50.195-0300] {logging_mixin.py:188} INFO - [2024-04-26T21:32:50.195-0300] {dagbag.py:540} INFO - Filling up the DagBag from /home/athlon/projects/airflow/.venv/lib/python3.11/site-packages/airflow/example_dags/example_complex.py
[2024-04-26T21:32:50.215-0300] {processor.py:840} INFO - DAG(s) 'example_complex' retrieved from /home/athlon/projects/airflow/.venv/lib/python3.11/site-packages/airflow/example_dags/example_complex.py
[2024-04-26T21:32:50.255-0300] {logging_mixin.py:188} INFO - [2024-04-26T21:32:50.254-0300] {dag.py:3096} INFO - Sync 1 DAGs
[2024-04-26T21:32:50.271-0300] {logging_mixin.py:188} INFO - [2024-04-26T21:32:50.271-0300] {dag.py:3954} INFO - Setting next_dagrun for example_complex to None, run_after=None
[2024-04-26T21:32:50.301-0300] {processor.py:183} INFO - Processing /home/athlon/projects/airflow/.venv/lib/python3.11/site-packages/airflow/example_dags/example_complex.py took 0.124 seconds
[2024-04-26T21:33:48.822-0300] {processor.py:161} INFO - Started process (PID=19100) to work on /home/athlon/projects/airflow/.venv/lib/python3.11/site-packages/airflow/example_dags/example_complex.py
[2024-04-26T21:33:48.828-0300] {processor.py:830} INFO - Processing file /home/athlon/projects/airflow/.venv/lib/python3.11/site-packages/airflow/example_dags/example_complex.py for tasks to queue
[2024-04-26T21:33:48.830-0300] {logging_mixin.py:188} INFO - [2024-04-26T21:33:48.830-0300] {dagbag.py:540} INFO - Filling up the DagBag from /home/athlon/projects/airflow/.venv/lib/python3.11/site-packages/airflow/example_dags/example_complex.py
[2024-04-26T21:33:48.849-0300] {processor.py:840} INFO - DAG(s) 'example_complex' retrieved from /home/athlon/projects/airflow/.venv/lib/python3.11/site-packages/airflow/example_dags/example_complex.py
[2024-04-26T21:33:48.889-0300] {logging_mixin.py:188} INFO - [2024-04-26T21:33:48.889-0300] {dag.py:3096} INFO - Sync 1 DAGs
[2024-04-26T21:33:48.906-0300] {logging_mixin.py:188} INFO - [2024-04-26T21:33:48.906-0300] {dag.py:3954} INFO - Setting next_dagrun for example_complex to None, run_after=None
[2024-04-26T21:33:49.102-0300] {processor.py:183} INFO - Processing /home/athlon/projects/airflow/.venv/lib/python3.11/site-packages/airflow/example_dags/example_complex.py took 0.290 seconds
[2024-04-26T21:34:55.883-0300] {processor.py:161} INFO - Started process (PID=19189) to work on /home/athlon/projects/airflow/.venv/lib/python3.11/site-packages/airflow/example_dags/example_complex.py
[2024-04-26T21:34:55.886-0300] {processor.py:830} INFO - Processing file /home/athlon/projects/airflow/.venv/lib/python3.11/site-packages/airflow/example_dags/example_complex.py for tasks to queue
[2024-04-26T21:34:55.889-0300] {logging_mixin.py:188} INFO - [2024-04-26T21:34:55.888-0300] {dagbag.py:540} INFO - Filling up the DagBag from /home/athlon/projects/airflow/.venv/lib/python3.11/site-packages/airflow/example_dags/example_complex.py
[2024-04-26T21:34:55.909-0300] {processor.py:840} INFO - DAG(s) 'example_complex' retrieved from /home/athlon/projects/airflow/.venv/lib/python3.11/site-packages/airflow/example_dags/example_complex.py
[2024-04-26T21:34:55.950-0300] {logging_mixin.py:188} INFO - [2024-04-26T21:34:55.949-0300] {dag.py:3096} INFO - Sync 1 DAGs
[2024-04-26T21:34:55.967-0300] {logging_mixin.py:188} INFO - [2024-04-26T21:34:55.966-0300] {dag.py:3954} INFO - Setting next_dagrun for example_complex to None, run_after=None
[2024-04-26T21:35:04.280-0300] {processor.py:183} INFO - Processing /home/athlon/projects/airflow/.venv/lib/python3.11/site-packages/airflow/example_dags/example_complex.py took 8.407 seconds
[2024-04-26T21:36:22.199-0300] {processor.py:161} INFO - Started process (PID=19275) to work on /home/athlon/projects/airflow/.venv/lib/python3.11/site-packages/airflow/example_dags/example_complex.py
[2024-04-26T21:36:22.205-0300] {processor.py:830} INFO - Processing file /home/athlon/projects/airflow/.venv/lib/python3.11/site-packages/airflow/example_dags/example_complex.py for tasks to queue
[2024-04-26T21:36:22.207-0300] {logging_mixin.py:188} INFO - [2024-04-26T21:36:22.207-0300] {dagbag.py:540} INFO - Filling up the DagBag from /home/athlon/projects/airflow/.venv/lib/python3.11/site-packages/airflow/example_dags/example_complex.py
[2024-04-26T21:36:22.227-0300] {processor.py:840} INFO - DAG(s) 'example_complex' retrieved from /home/athlon/projects/airflow/.venv/lib/python3.11/site-packages/airflow/example_dags/example_complex.py
[2024-04-26T21:36:22.268-0300] {logging_mixin.py:188} INFO - [2024-04-26T21:36:22.267-0300] {dag.py:3096} INFO - Sync 1 DAGs
[2024-04-26T21:36:22.284-0300] {logging_mixin.py:188} INFO - [2024-04-26T21:36:22.284-0300] {dag.py:3954} INFO - Setting next_dagrun for example_complex to None, run_after=None
[2024-04-26T21:36:22.316-0300] {processor.py:183} INFO - Processing /home/athlon/projects/airflow/.venv/lib/python3.11/site-packages/airflow/example_dags/example_complex.py took 0.128 seconds
[2024-04-26T21:37:20.038-0300] {processor.py:161} INFO - Started process (PID=19340) to work on /home/athlon/projects/airflow/.venv/lib/python3.11/site-packages/airflow/example_dags/example_complex.py
[2024-04-26T21:37:20.044-0300] {processor.py:830} INFO - Processing file /home/athlon/projects/airflow/.venv/lib/python3.11/site-packages/airflow/example_dags/example_complex.py for tasks to queue
[2024-04-26T21:37:20.047-0300] {logging_mixin.py:188} INFO - [2024-04-26T21:37:20.046-0300] {dagbag.py:540} INFO - Filling up the DagBag from /home/athlon/projects/airflow/.venv/lib/python3.11/site-packages/airflow/example_dags/example_complex.py
[2024-04-26T21:37:20.066-0300] {processor.py:840} INFO - DAG(s) 'example_complex' retrieved from /home/athlon/projects/airflow/.venv/lib/python3.11/site-packages/airflow/example_dags/example_complex.py
[2024-04-26T21:37:20.108-0300] {logging_mixin.py:188} INFO - [2024-04-26T21:37:20.108-0300] {dag.py:3096} INFO - Sync 1 DAGs
[2024-04-26T21:37:20.125-0300] {logging_mixin.py:188} INFO - [2024-04-26T21:37:20.124-0300] {dag.py:3954} INFO - Setting next_dagrun for example_complex to None, run_after=None
[2024-04-26T21:37:20.154-0300] {processor.py:183} INFO - Processing /home/athlon/projects/airflow/.venv/lib/python3.11/site-packages/airflow/example_dags/example_complex.py took 0.126 seconds
[2024-04-26T21:38:18.236-0300] {processor.py:161} INFO - Started process (PID=19406) to work on /home/athlon/projects/airflow/.venv/lib/python3.11/site-packages/airflow/example_dags/example_complex.py
[2024-04-26T21:38:18.242-0300] {processor.py:830} INFO - Processing file /home/athlon/projects/airflow/.venv/lib/python3.11/site-packages/airflow/example_dags/example_complex.py for tasks to queue
[2024-04-26T21:38:18.245-0300] {logging_mixin.py:188} INFO - [2024-04-26T21:38:18.244-0300] {dagbag.py:540} INFO - Filling up the DagBag from /home/athlon/projects/airflow/.venv/lib/python3.11/site-packages/airflow/example_dags/example_complex.py
[2024-04-26T21:38:18.264-0300] {processor.py:840} INFO - DAG(s) 'example_complex' retrieved from /home/athlon/projects/airflow/.venv/lib/python3.11/site-packages/airflow/example_dags/example_complex.py
[2024-04-26T21:38:18.305-0300] {logging_mixin.py:188} INFO - [2024-04-26T21:38:18.305-0300] {dag.py:3096} INFO - Sync 1 DAGs
[2024-04-26T21:38:18.322-0300] {logging_mixin.py:188} INFO - [2024-04-26T21:38:18.322-0300] {dag.py:3954} INFO - Setting next_dagrun for example_complex to None, run_after=None
[2024-04-26T21:38:18.352-0300] {processor.py:183} INFO - Processing /home/athlon/projects/airflow/.venv/lib/python3.11/site-packages/airflow/example_dags/example_complex.py took 0.125 seconds
[2024-04-26T21:39:15.337-0300] {processor.py:161} INFO - Started process (PID=19507) to work on /home/athlon/projects/airflow/.venv/lib/python3.11/site-packages/airflow/example_dags/example_complex.py
[2024-04-26T21:39:15.343-0300] {processor.py:830} INFO - Processing file /home/athlon/projects/airflow/.venv/lib/python3.11/site-packages/airflow/example_dags/example_complex.py for tasks to queue
[2024-04-26T21:39:15.346-0300] {logging_mixin.py:188} INFO - [2024-04-26T21:39:15.345-0300] {dagbag.py:540} INFO - Filling up the DagBag from /home/athlon/projects/airflow/.venv/lib/python3.11/site-packages/airflow/example_dags/example_complex.py
[2024-04-26T21:39:15.365-0300] {processor.py:840} INFO - DAG(s) 'example_complex' retrieved from /home/athlon/projects/airflow/.venv/lib/python3.11/site-packages/airflow/example_dags/example_complex.py
[2024-04-26T21:39:15.407-0300] {logging_mixin.py:188} INFO - [2024-04-26T21:39:15.406-0300] {dag.py:3096} INFO - Sync 1 DAGs
[2024-04-26T21:39:15.423-0300] {logging_mixin.py:188} INFO - [2024-04-26T21:39:15.423-0300] {dag.py:3954} INFO - Setting next_dagrun for example_complex to None, run_after=None
[2024-04-26T21:39:15.453-0300] {processor.py:183} INFO - Processing /home/athlon/projects/airflow/.venv/lib/python3.11/site-packages/airflow/example_dags/example_complex.py took 0.126 seconds
[2024-04-26T21:40:15.069-0300] {processor.py:161} INFO - Started process (PID=19623) to work on /home/athlon/projects/airflow/.venv/lib/python3.11/site-packages/airflow/example_dags/example_complex.py
[2024-04-26T21:40:15.074-0300] {processor.py:830} INFO - Processing file /home/athlon/projects/airflow/.venv/lib/python3.11/site-packages/airflow/example_dags/example_complex.py for tasks to queue
[2024-04-26T21:40:15.077-0300] {logging_mixin.py:188} INFO - [2024-04-26T21:40:15.076-0300] {dagbag.py:540} INFO - Filling up the DagBag from /home/athlon/projects/airflow/.venv/lib/python3.11/site-packages/airflow/example_dags/example_complex.py
[2024-04-26T21:40:15.096-0300] {processor.py:840} INFO - DAG(s) 'example_complex' retrieved from /home/athlon/projects/airflow/.venv/lib/python3.11/site-packages/airflow/example_dags/example_complex.py
[2024-04-26T21:40:15.138-0300] {logging_mixin.py:188} INFO - [2024-04-26T21:40:15.137-0300] {dag.py:3096} INFO - Sync 1 DAGs
[2024-04-26T21:40:15.156-0300] {logging_mixin.py:188} INFO - [2024-04-26T21:40:15.156-0300] {dag.py:3954} INFO - Setting next_dagrun for example_complex to None, run_after=None
[2024-04-26T21:40:15.188-0300] {processor.py:183} INFO - Processing /home/athlon/projects/airflow/.venv/lib/python3.11/site-packages/airflow/example_dags/example_complex.py took 0.129 seconds
[2024-04-26T21:41:12.883-0300] {processor.py:161} INFO - Started process (PID=19742) to work on /home/athlon/projects/airflow/.venv/lib/python3.11/site-packages/airflow/example_dags/example_complex.py
[2024-04-26T21:41:12.889-0300] {processor.py:830} INFO - Processing file /home/athlon/projects/airflow/.venv/lib/python3.11/site-packages/airflow/example_dags/example_complex.py for tasks to queue
[2024-04-26T21:41:12.893-0300] {logging_mixin.py:188} INFO - [2024-04-26T21:41:12.892-0300] {dagbag.py:540} INFO - Filling up the DagBag from /home/athlon/projects/airflow/.venv/lib/python3.11/site-packages/airflow/example_dags/example_complex.py
[2024-04-26T21:41:12.925-0300] {processor.py:840} INFO - DAG(s) 'example_complex' retrieved from /home/athlon/projects/airflow/.venv/lib/python3.11/site-packages/airflow/example_dags/example_complex.py
[2024-04-26T21:41:12.969-0300] {logging_mixin.py:188} INFO - [2024-04-26T21:41:12.969-0300] {dag.py:3096} INFO - Sync 1 DAGs
[2024-04-26T21:41:12.987-0300] {logging_mixin.py:188} INFO - [2024-04-26T21:41:12.987-0300] {dag.py:3954} INFO - Setting next_dagrun for example_complex to None, run_after=None
[2024-04-26T21:41:13.027-0300] {processor.py:183} INFO - Processing /home/athlon/projects/airflow/.venv/lib/python3.11/site-packages/airflow/example_dags/example_complex.py took 0.157 seconds
[2024-04-26T21:42:12.488-0300] {processor.py:161} INFO - Started process (PID=19817) to work on /home/athlon/projects/airflow/.venv/lib/python3.11/site-packages/airflow/example_dags/example_complex.py
[2024-04-26T21:42:12.494-0300] {processor.py:830} INFO - Processing file /home/athlon/projects/airflow/.venv/lib/python3.11/site-packages/airflow/example_dags/example_complex.py for tasks to queue
[2024-04-26T21:42:12.497-0300] {logging_mixin.py:188} INFO - [2024-04-26T21:42:12.496-0300] {dagbag.py:540} INFO - Filling up the DagBag from /home/athlon/projects/airflow/.venv/lib/python3.11/site-packages/airflow/example_dags/example_complex.py
[2024-04-26T21:42:12.520-0300] {processor.py:840} INFO - DAG(s) 'example_complex' retrieved from /home/athlon/projects/airflow/.venv/lib/python3.11/site-packages/airflow/example_dags/example_complex.py
[2024-04-26T21:42:12.561-0300] {logging_mixin.py:188} INFO - [2024-04-26T21:42:12.561-0300] {dag.py:3096} INFO - Sync 1 DAGs
[2024-04-26T21:42:12.578-0300] {logging_mixin.py:188} INFO - [2024-04-26T21:42:12.578-0300] {dag.py:3954} INFO - Setting next_dagrun for example_complex to None, run_after=None
[2024-04-26T21:42:12.608-0300] {processor.py:183} INFO - Processing /home/athlon/projects/airflow/.venv/lib/python3.11/site-packages/airflow/example_dags/example_complex.py took 0.130 seconds
[2024-04-26T21:43:12.186-0300] {processor.py:161} INFO - Started process (PID=19883) to work on /home/athlon/projects/airflow/.venv/lib/python3.11/site-packages/airflow/example_dags/example_complex.py
[2024-04-26T21:43:12.192-0300] {processor.py:830} INFO - Processing file /home/athlon/projects/airflow/.venv/lib/python3.11/site-packages/airflow/example_dags/example_complex.py for tasks to queue
[2024-04-26T21:43:12.195-0300] {logging_mixin.py:188} INFO - [2024-04-26T21:43:12.194-0300] {dagbag.py:540} INFO - Filling up the DagBag from /home/athlon/projects/airflow/.venv/lib/python3.11/site-packages/airflow/example_dags/example_complex.py
[2024-04-26T21:43:12.215-0300] {processor.py:840} INFO - DAG(s) 'example_complex' retrieved from /home/athlon/projects/airflow/.venv/lib/python3.11/site-packages/airflow/example_dags/example_complex.py
[2024-04-26T21:43:12.263-0300] {logging_mixin.py:188} INFO - [2024-04-26T21:43:12.262-0300] {dag.py:3096} INFO - Sync 1 DAGs
[2024-04-26T21:43:12.289-0300] {logging_mixin.py:188} INFO - [2024-04-26T21:43:12.288-0300] {dag.py:3954} INFO - Setting next_dagrun for example_complex to None, run_after=None
[2024-04-26T21:43:12.324-0300] {processor.py:183} INFO - Processing /home/athlon/projects/airflow/.venv/lib/python3.11/site-packages/airflow/example_dags/example_complex.py took 0.148 seconds
[2024-04-26T21:44:08.843-0300] {processor.py:161} INFO - Started process (PID=19949) to work on /home/athlon/projects/airflow/.venv/lib/python3.11/site-packages/airflow/example_dags/example_complex.py
[2024-04-26T21:44:08.849-0300] {processor.py:830} INFO - Processing file /home/athlon/projects/airflow/.venv/lib/python3.11/site-packages/airflow/example_dags/example_complex.py for tasks to queue
[2024-04-26T21:44:08.852-0300] {logging_mixin.py:188} INFO - [2024-04-26T21:44:08.851-0300] {dagbag.py:540} INFO - Filling up the DagBag from /home/athlon/projects/airflow/.venv/lib/python3.11/site-packages/airflow/example_dags/example_complex.py
[2024-04-26T21:44:08.872-0300] {processor.py:840} INFO - DAG(s) 'example_complex' retrieved from /home/athlon/projects/airflow/.venv/lib/python3.11/site-packages/airflow/example_dags/example_complex.py
[2024-04-26T21:44:08.913-0300] {logging_mixin.py:188} INFO - [2024-04-26T21:44:08.912-0300] {dag.py:3096} INFO - Sync 1 DAGs
[2024-04-26T21:44:08.930-0300] {logging_mixin.py:188} INFO - [2024-04-26T21:44:08.929-0300] {dag.py:3954} INFO - Setting next_dagrun for example_complex to None, run_after=None
[2024-04-26T21:44:08.959-0300] {processor.py:183} INFO - Processing /home/athlon/projects/airflow/.venv/lib/python3.11/site-packages/airflow/example_dags/example_complex.py took 0.127 seconds
[2024-04-26T21:45:29.000-0300] {processor.py:161} INFO - Started process (PID=20044) to work on /home/athlon/projects/airflow/.venv/lib/python3.11/site-packages/airflow/example_dags/example_complex.py
[2024-04-26T21:45:29.006-0300] {processor.py:830} INFO - Processing file /home/athlon/projects/airflow/.venv/lib/python3.11/site-packages/airflow/example_dags/example_complex.py for tasks to queue
[2024-04-26T21:45:29.009-0300] {logging_mixin.py:188} INFO - [2024-04-26T21:45:29.008-0300] {dagbag.py:540} INFO - Filling up the DagBag from /home/athlon/projects/airflow/.venv/lib/python3.11/site-packages/airflow/example_dags/example_complex.py
[2024-04-26T21:45:29.028-0300] {processor.py:840} INFO - DAG(s) 'example_complex' retrieved from /home/athlon/projects/airflow/.venv/lib/python3.11/site-packages/airflow/example_dags/example_complex.py
[2024-04-26T21:45:29.070-0300] {logging_mixin.py:188} INFO - [2024-04-26T21:45:29.069-0300] {dag.py:3096} INFO - Sync 1 DAGs
[2024-04-26T21:45:29.089-0300] {logging_mixin.py:188} INFO - [2024-04-26T21:45:29.089-0300] {dag.py:3954} INFO - Setting next_dagrun for example_complex to None, run_after=None
[2024-04-26T21:45:29.119-0300] {processor.py:183} INFO - Processing /home/athlon/projects/airflow/.venv/lib/python3.11/site-packages/airflow/example_dags/example_complex.py took 0.130 seconds
[2024-04-26T21:46:25.385-0300] {processor.py:161} INFO - Started process (PID=20105) to work on /home/athlon/projects/airflow/.venv/lib/python3.11/site-packages/airflow/example_dags/example_complex.py
[2024-04-26T21:46:25.391-0300] {processor.py:830} INFO - Processing file /home/athlon/projects/airflow/.venv/lib/python3.11/site-packages/airflow/example_dags/example_complex.py for tasks to queue
[2024-04-26T21:46:25.395-0300] {logging_mixin.py:188} INFO - [2024-04-26T21:46:25.394-0300] {dagbag.py:540} INFO - Filling up the DagBag from /home/athlon/projects/airflow/.venv/lib/python3.11/site-packages/airflow/example_dags/example_complex.py
[2024-04-26T21:46:25.425-0300] {processor.py:840} INFO - DAG(s) 'example_complex' retrieved from /home/athlon/projects/airflow/.venv/lib/python3.11/site-packages/airflow/example_dags/example_complex.py
[2024-04-26T21:46:25.494-0300] {logging_mixin.py:188} INFO - [2024-04-26T21:46:25.493-0300] {dag.py:3096} INFO - Sync 1 DAGs
[2024-04-26T21:46:25.522-0300] {logging_mixin.py:188} INFO - [2024-04-26T21:46:25.522-0300] {dag.py:3954} INFO - Setting next_dagrun for example_complex to None, run_after=None
[2024-04-26T21:46:25.574-0300] {processor.py:183} INFO - Processing /home/athlon/projects/airflow/.venv/lib/python3.11/site-packages/airflow/example_dags/example_complex.py took 0.202 seconds
[2024-04-26T21:47:23.230-0300] {processor.py:161} INFO - Started process (PID=20170) to work on /home/athlon/projects/airflow/.venv/lib/python3.11/site-packages/airflow/example_dags/example_complex.py
[2024-04-26T21:47:23.235-0300] {processor.py:830} INFO - Processing file /home/athlon/projects/airflow/.venv/lib/python3.11/site-packages/airflow/example_dags/example_complex.py for tasks to queue
[2024-04-26T21:47:23.238-0300] {logging_mixin.py:188} INFO - [2024-04-26T21:47:23.238-0300] {dagbag.py:540} INFO - Filling up the DagBag from /home/athlon/projects/airflow/.venv/lib/python3.11/site-packages/airflow/example_dags/example_complex.py
[2024-04-26T21:47:23.258-0300] {processor.py:840} INFO - DAG(s) 'example_complex' retrieved from /home/athlon/projects/airflow/.venv/lib/python3.11/site-packages/airflow/example_dags/example_complex.py
[2024-04-26T21:47:23.300-0300] {logging_mixin.py:188} INFO - [2024-04-26T21:47:23.300-0300] {dag.py:3096} INFO - Sync 1 DAGs
[2024-04-26T21:47:23.317-0300] {logging_mixin.py:188} INFO - [2024-04-26T21:47:23.317-0300] {dag.py:3954} INFO - Setting next_dagrun for example_complex to None, run_after=None
[2024-04-26T21:47:23.349-0300] {processor.py:183} INFO - Processing /home/athlon/projects/airflow/.venv/lib/python3.11/site-packages/airflow/example_dags/example_complex.py took 0.130 seconds
[2024-04-26T21:48:20.750-0300] {processor.py:161} INFO - Started process (PID=20236) to work on /home/athlon/projects/airflow/.venv/lib/python3.11/site-packages/airflow/example_dags/example_complex.py
[2024-04-26T21:48:20.756-0300] {processor.py:830} INFO - Processing file /home/athlon/projects/airflow/.venv/lib/python3.11/site-packages/airflow/example_dags/example_complex.py for tasks to queue
[2024-04-26T21:48:20.758-0300] {logging_mixin.py:188} INFO - [2024-04-26T21:48:20.758-0300] {dagbag.py:540} INFO - Filling up the DagBag from /home/athlon/projects/airflow/.venv/lib/python3.11/site-packages/airflow/example_dags/example_complex.py
[2024-04-26T21:48:20.779-0300] {processor.py:840} INFO - DAG(s) 'example_complex' retrieved from /home/athlon/projects/airflow/.venv/lib/python3.11/site-packages/airflow/example_dags/example_complex.py
[2024-04-26T21:48:20.819-0300] {logging_mixin.py:188} INFO - [2024-04-26T21:48:20.819-0300] {dag.py:3096} INFO - Sync 1 DAGs
[2024-04-26T21:48:20.837-0300] {logging_mixin.py:188} INFO - [2024-04-26T21:48:20.837-0300] {dag.py:3954} INFO - Setting next_dagrun for example_complex to None, run_after=None
[2024-04-26T21:48:20.870-0300] {processor.py:183} INFO - Processing /home/athlon/projects/airflow/.venv/lib/python3.11/site-packages/airflow/example_dags/example_complex.py took 0.131 seconds
[2024-04-26T21:49:16.549-0300] {processor.py:161} INFO - Started process (PID=20307) to work on /home/athlon/projects/airflow/.venv/lib/python3.11/site-packages/airflow/example_dags/example_complex.py
[2024-04-26T21:49:16.555-0300] {processor.py:830} INFO - Processing file /home/athlon/projects/airflow/.venv/lib/python3.11/site-packages/airflow/example_dags/example_complex.py for tasks to queue
[2024-04-26T21:49:16.558-0300] {logging_mixin.py:188} INFO - [2024-04-26T21:49:16.557-0300] {dagbag.py:540} INFO - Filling up the DagBag from /home/athlon/projects/airflow/.venv/lib/python3.11/site-packages/airflow/example_dags/example_complex.py
[2024-04-26T21:49:16.578-0300] {processor.py:840} INFO - DAG(s) 'example_complex' retrieved from /home/athlon/projects/airflow/.venv/lib/python3.11/site-packages/airflow/example_dags/example_complex.py
[2024-04-26T21:49:16.620-0300] {logging_mixin.py:188} INFO - [2024-04-26T21:49:16.619-0300] {dag.py:3096} INFO - Sync 1 DAGs
[2024-04-26T21:49:16.637-0300] {logging_mixin.py:188} INFO - [2024-04-26T21:49:16.636-0300] {dag.py:3954} INFO - Setting next_dagrun for example_complex to None, run_after=None
[2024-04-26T21:49:16.668-0300] {processor.py:183} INFO - Processing /home/athlon/projects/airflow/.venv/lib/python3.11/site-packages/airflow/example_dags/example_complex.py took 0.129 seconds
[2024-04-26T21:50:14.895-0300] {processor.py:161} INFO - Started process (PID=20372) to work on /home/athlon/projects/airflow/.venv/lib/python3.11/site-packages/airflow/example_dags/example_complex.py
[2024-04-26T21:50:14.897-0300] {processor.py:830} INFO - Processing file /home/athlon/projects/airflow/.venv/lib/python3.11/site-packages/airflow/example_dags/example_complex.py for tasks to queue
[2024-04-26T21:50:14.900-0300] {logging_mixin.py:188} INFO - [2024-04-26T21:50:14.899-0300] {dagbag.py:540} INFO - Filling up the DagBag from /home/athlon/projects/airflow/.venv/lib/python3.11/site-packages/airflow/example_dags/example_complex.py
[2024-04-26T21:50:14.927-0300] {processor.py:840} INFO - DAG(s) 'example_complex' retrieved from /home/athlon/projects/airflow/.venv/lib/python3.11/site-packages/airflow/example_dags/example_complex.py
[2024-04-26T21:50:14.974-0300] {logging_mixin.py:188} INFO - [2024-04-26T21:50:14.974-0300] {dag.py:3096} INFO - Sync 1 DAGs
[2024-04-26T21:50:14.994-0300] {logging_mixin.py:188} INFO - [2024-04-26T21:50:14.994-0300] {dag.py:3954} INFO - Setting next_dagrun for example_complex to None, run_after=None
[2024-04-26T21:50:15.027-0300] {processor.py:183} INFO - Processing /home/athlon/projects/airflow/.venv/lib/python3.11/site-packages/airflow/example_dags/example_complex.py took 0.144 seconds
[2024-04-26T21:51:10.926-0300] {processor.py:161} INFO - Started process (PID=20446) to work on /home/athlon/projects/airflow/.venv/lib/python3.11/site-packages/airflow/example_dags/example_complex.py
[2024-04-26T21:51:10.927-0300] {processor.py:830} INFO - Processing file /home/athlon/projects/airflow/.venv/lib/python3.11/site-packages/airflow/example_dags/example_complex.py for tasks to queue
[2024-04-26T21:51:10.930-0300] {logging_mixin.py:188} INFO - [2024-04-26T21:51:10.929-0300] {dagbag.py:540} INFO - Filling up the DagBag from /home/athlon/projects/airflow/.venv/lib/python3.11/site-packages/airflow/example_dags/example_complex.py
[2024-04-26T21:51:10.948-0300] {processor.py:840} INFO - DAG(s) 'example_complex' retrieved from /home/athlon/projects/airflow/.venv/lib/python3.11/site-packages/airflow/example_dags/example_complex.py
[2024-04-26T21:51:11.007-0300] {logging_mixin.py:188} INFO - [2024-04-26T21:51:11.007-0300] {dag.py:3096} INFO - Sync 1 DAGs
[2024-04-26T21:51:11.026-0300] {logging_mixin.py:188} INFO - [2024-04-26T21:51:11.025-0300] {dag.py:3954} INFO - Setting next_dagrun for example_complex to None, run_after=None
[2024-04-26T21:51:11.067-0300] {processor.py:183} INFO - Processing /home/athlon/projects/airflow/.venv/lib/python3.11/site-packages/airflow/example_dags/example_complex.py took 0.151 seconds
[2024-04-26T21:52:33.814-0300] {processor.py:161} INFO - Started process (PID=20649) to work on /home/athlon/projects/airflow/.venv/lib/python3.11/site-packages/airflow/example_dags/example_complex.py
[2024-04-26T21:52:33.819-0300] {processor.py:830} INFO - Processing file /home/athlon/projects/airflow/.venv/lib/python3.11/site-packages/airflow/example_dags/example_complex.py for tasks to queue
[2024-04-26T21:52:33.822-0300] {logging_mixin.py:188} INFO - [2024-04-26T21:52:33.822-0300] {dagbag.py:540} INFO - Filling up the DagBag from /home/athlon/projects/airflow/.venv/lib/python3.11/site-packages/airflow/example_dags/example_complex.py
[2024-04-26T21:52:33.843-0300] {processor.py:840} INFO - DAG(s) 'example_complex' retrieved from /home/athlon/projects/airflow/.venv/lib/python3.11/site-packages/airflow/example_dags/example_complex.py
[2024-04-26T21:52:33.905-0300] {logging_mixin.py:188} INFO - [2024-04-26T21:52:33.905-0300] {dag.py:3096} INFO - Sync 1 DAGs
[2024-04-26T21:52:33.923-0300] {logging_mixin.py:188} INFO - [2024-04-26T21:52:33.922-0300] {dag.py:3954} INFO - Setting next_dagrun for example_complex to None, run_after=None
[2024-04-26T21:52:33.960-0300] {processor.py:183} INFO - Processing /home/athlon/projects/airflow/.venv/lib/python3.11/site-packages/airflow/example_dags/example_complex.py took 0.158 seconds
[2024-04-26T21:53:30.275-0300] {processor.py:161} INFO - Started process (PID=20715) to work on /home/athlon/projects/airflow/.venv/lib/python3.11/site-packages/airflow/example_dags/example_complex.py
[2024-04-26T21:53:30.281-0300] {processor.py:830} INFO - Processing file /home/athlon/projects/airflow/.venv/lib/python3.11/site-packages/airflow/example_dags/example_complex.py for tasks to queue
[2024-04-26T21:53:30.284-0300] {logging_mixin.py:188} INFO - [2024-04-26T21:53:30.283-0300] {dagbag.py:540} INFO - Filling up the DagBag from /home/athlon/projects/airflow/.venv/lib/python3.11/site-packages/airflow/example_dags/example_complex.py
[2024-04-26T21:53:30.304-0300] {processor.py:840} INFO - DAG(s) 'example_complex' retrieved from /home/athlon/projects/airflow/.venv/lib/python3.11/site-packages/airflow/example_dags/example_complex.py
[2024-04-26T21:53:30.345-0300] {logging_mixin.py:188} INFO - [2024-04-26T21:53:30.345-0300] {dag.py:3096} INFO - Sync 1 DAGs
[2024-04-26T21:53:30.362-0300] {logging_mixin.py:188} INFO - [2024-04-26T21:53:30.362-0300] {dag.py:3954} INFO - Setting next_dagrun for example_complex to None, run_after=None
[2024-04-26T21:53:30.393-0300] {processor.py:183} INFO - Processing /home/athlon/projects/airflow/.venv/lib/python3.11/site-packages/airflow/example_dags/example_complex.py took 0.129 seconds
[2024-04-26T21:54:28.138-0300] {processor.py:161} INFO - Started process (PID=20828) to work on /home/athlon/projects/airflow/.venv/lib/python3.11/site-packages/airflow/example_dags/example_complex.py
[2024-04-26T21:54:28.144-0300] {processor.py:830} INFO - Processing file /home/athlon/projects/airflow/.venv/lib/python3.11/site-packages/airflow/example_dags/example_complex.py for tasks to queue
[2024-04-26T21:54:28.147-0300] {logging_mixin.py:188} INFO - [2024-04-26T21:54:28.146-0300] {dagbag.py:540} INFO - Filling up the DagBag from /home/athlon/projects/airflow/.venv/lib/python3.11/site-packages/airflow/example_dags/example_complex.py
[2024-04-26T21:54:28.166-0300] {processor.py:840} INFO - DAG(s) 'example_complex' retrieved from /home/athlon/projects/airflow/.venv/lib/python3.11/site-packages/airflow/example_dags/example_complex.py
[2024-04-26T21:54:28.208-0300] {logging_mixin.py:188} INFO - [2024-04-26T21:54:28.207-0300] {dag.py:3096} INFO - Sync 1 DAGs
[2024-04-26T21:54:28.225-0300] {logging_mixin.py:188} INFO - [2024-04-26T21:54:28.225-0300] {dag.py:3954} INFO - Setting next_dagrun for example_complex to None, run_after=None
[2024-04-26T21:54:28.256-0300] {processor.py:183} INFO - Processing /home/athlon/projects/airflow/.venv/lib/python3.11/site-packages/airflow/example_dags/example_complex.py took 0.129 seconds
[2024-04-26T21:55:51.140-0300] {processor.py:161} INFO - Started process (PID=21563) to work on /home/athlon/projects/airflow/.venv/lib/python3.11/site-packages/airflow/example_dags/example_complex.py
[2024-04-26T21:55:51.142-0300] {processor.py:830} INFO - Processing file /home/athlon/projects/airflow/.venv/lib/python3.11/site-packages/airflow/example_dags/example_complex.py for tasks to queue
[2024-04-26T21:55:51.145-0300] {logging_mixin.py:188} INFO - [2024-04-26T21:55:51.144-0300] {dagbag.py:540} INFO - Filling up the DagBag from /home/athlon/projects/airflow/.venv/lib/python3.11/site-packages/airflow/example_dags/example_complex.py
[2024-04-26T21:55:51.163-0300] {processor.py:840} INFO - DAG(s) 'example_complex' retrieved from /home/athlon/projects/airflow/.venv/lib/python3.11/site-packages/airflow/example_dags/example_complex.py
[2024-04-26T21:55:51.204-0300] {logging_mixin.py:188} INFO - [2024-04-26T21:55:51.203-0300] {dag.py:3096} INFO - Sync 1 DAGs
[2024-04-26T21:55:51.222-0300] {logging_mixin.py:188} INFO - [2024-04-26T21:55:51.221-0300] {dag.py:3954} INFO - Setting next_dagrun for example_complex to None, run_after=None
[2024-04-26T21:55:51.252-0300] {processor.py:183} INFO - Processing /home/athlon/projects/airflow/.venv/lib/python3.11/site-packages/airflow/example_dags/example_complex.py took 0.122 seconds
[2024-04-26T21:56:53.064-0300] {processor.py:161} INFO - Started process (PID=21758) to work on /home/athlon/projects/airflow/.venv/lib/python3.11/site-packages/airflow/example_dags/example_complex.py
[2024-04-26T21:56:53.070-0300] {processor.py:830} INFO - Processing file /home/athlon/projects/airflow/.venv/lib/python3.11/site-packages/airflow/example_dags/example_complex.py for tasks to queue
[2024-04-26T21:56:53.073-0300] {logging_mixin.py:188} INFO - [2024-04-26T21:56:53.072-0300] {dagbag.py:540} INFO - Filling up the DagBag from /home/athlon/projects/airflow/.venv/lib/python3.11/site-packages/airflow/example_dags/example_complex.py
[2024-04-26T21:56:53.093-0300] {processor.py:840} INFO - DAG(s) 'example_complex' retrieved from /home/athlon/projects/airflow/.venv/lib/python3.11/site-packages/airflow/example_dags/example_complex.py
[2024-04-26T21:56:53.139-0300] {logging_mixin.py:188} INFO - [2024-04-26T21:56:53.139-0300] {dag.py:3096} INFO - Sync 1 DAGs
[2024-04-26T21:56:53.159-0300] {logging_mixin.py:188} INFO - [2024-04-26T21:56:53.159-0300] {dag.py:3954} INFO - Setting next_dagrun for example_complex to None, run_after=None
[2024-04-26T21:56:53.202-0300] {processor.py:183} INFO - Processing /home/athlon/projects/airflow/.venv/lib/python3.11/site-packages/airflow/example_dags/example_complex.py took 0.148 seconds
[2024-04-26T21:57:52.450-0300] {processor.py:161} INFO - Started process (PID=21945) to work on /home/athlon/projects/airflow/.venv/lib/python3.11/site-packages/airflow/example_dags/example_complex.py
[2024-04-26T21:57:52.455-0300] {processor.py:830} INFO - Processing file /home/athlon/projects/airflow/.venv/lib/python3.11/site-packages/airflow/example_dags/example_complex.py for tasks to queue
[2024-04-26T21:57:52.458-0300] {logging_mixin.py:188} INFO - [2024-04-26T21:57:52.458-0300] {dagbag.py:540} INFO - Filling up the DagBag from /home/athlon/projects/airflow/.venv/lib/python3.11/site-packages/airflow/example_dags/example_complex.py
[2024-04-26T21:57:52.481-0300] {processor.py:840} INFO - DAG(s) 'example_complex' retrieved from /home/athlon/projects/airflow/.venv/lib/python3.11/site-packages/airflow/example_dags/example_complex.py
[2024-04-26T21:57:52.524-0300] {logging_mixin.py:188} INFO - [2024-04-26T21:57:52.524-0300] {dag.py:3096} INFO - Sync 1 DAGs
[2024-04-26T21:57:52.542-0300] {logging_mixin.py:188} INFO - [2024-04-26T21:57:52.542-0300] {dag.py:3954} INFO - Setting next_dagrun for example_complex to None, run_after=None
[2024-04-26T21:57:52.572-0300] {processor.py:183} INFO - Processing /home/athlon/projects/airflow/.venv/lib/python3.11/site-packages/airflow/example_dags/example_complex.py took 0.134 seconds
[2024-04-26T21:58:51.349-0300] {processor.py:161} INFO - Started process (PID=22092) to work on /home/athlon/projects/airflow/.venv/lib/python3.11/site-packages/airflow/example_dags/example_complex.py
[2024-04-26T21:58:51.351-0300] {processor.py:830} INFO - Processing file /home/athlon/projects/airflow/.venv/lib/python3.11/site-packages/airflow/example_dags/example_complex.py for tasks to queue
[2024-04-26T21:58:51.353-0300] {logging_mixin.py:188} INFO - [2024-04-26T21:58:51.353-0300] {dagbag.py:540} INFO - Filling up the DagBag from /home/athlon/projects/airflow/.venv/lib/python3.11/site-packages/airflow/example_dags/example_complex.py
[2024-04-26T21:58:51.372-0300] {processor.py:840} INFO - DAG(s) 'example_complex' retrieved from /home/athlon/projects/airflow/.venv/lib/python3.11/site-packages/airflow/example_dags/example_complex.py
[2024-04-26T21:58:51.443-0300] {logging_mixin.py:188} INFO - [2024-04-26T21:58:51.443-0300] {dag.py:3096} INFO - Sync 1 DAGs
[2024-04-26T21:58:51.472-0300] {logging_mixin.py:188} INFO - [2024-04-26T21:58:51.472-0300] {dag.py:3954} INFO - Setting next_dagrun for example_complex to None, run_after=None
[2024-04-26T21:58:51.513-0300] {processor.py:183} INFO - Processing /home/athlon/projects/airflow/.venv/lib/python3.11/site-packages/airflow/example_dags/example_complex.py took 0.173 seconds
[2024-04-26T21:59:48.260-0300] {processor.py:161} INFO - Started process (PID=22244) to work on /home/athlon/projects/airflow/.venv/lib/python3.11/site-packages/airflow/example_dags/example_complex.py
[2024-04-26T21:59:48.266-0300] {processor.py:830} INFO - Processing file /home/athlon/projects/airflow/.venv/lib/python3.11/site-packages/airflow/example_dags/example_complex.py for tasks to queue
[2024-04-26T21:59:48.269-0300] {logging_mixin.py:188} INFO - [2024-04-26T21:59:48.268-0300] {dagbag.py:540} INFO - Filling up the DagBag from /home/athlon/projects/airflow/.venv/lib/python3.11/site-packages/airflow/example_dags/example_complex.py
[2024-04-26T21:59:48.289-0300] {processor.py:840} INFO - DAG(s) 'example_complex' retrieved from /home/athlon/projects/airflow/.venv/lib/python3.11/site-packages/airflow/example_dags/example_complex.py
[2024-04-26T21:59:48.331-0300] {logging_mixin.py:188} INFO - [2024-04-26T21:59:48.330-0300] {dag.py:3096} INFO - Sync 1 DAGs
[2024-04-26T21:59:48.349-0300] {logging_mixin.py:188} INFO - [2024-04-26T21:59:48.348-0300] {dag.py:3954} INFO - Setting next_dagrun for example_complex to None, run_after=None
[2024-04-26T21:59:48.380-0300] {processor.py:183} INFO - Processing /home/athlon/projects/airflow/.venv/lib/python3.11/site-packages/airflow/example_dags/example_complex.py took 0.132 seconds
[2024-04-26T22:00:51.489-0300] {processor.py:161} INFO - Started process (PID=22320) to work on /home/athlon/projects/airflow/.venv/lib/python3.11/site-packages/airflow/example_dags/example_complex.py
[2024-04-26T22:00:51.495-0300] {processor.py:830} INFO - Processing file /home/athlon/projects/airflow/.venv/lib/python3.11/site-packages/airflow/example_dags/example_complex.py for tasks to queue
[2024-04-26T22:00:51.497-0300] {logging_mixin.py:188} INFO - [2024-04-26T22:00:51.497-0300] {dagbag.py:540} INFO - Filling up the DagBag from /home/athlon/projects/airflow/.venv/lib/python3.11/site-packages/airflow/example_dags/example_complex.py
[2024-04-26T22:00:51.517-0300] {processor.py:840} INFO - DAG(s) 'example_complex' retrieved from /home/athlon/projects/airflow/.venv/lib/python3.11/site-packages/airflow/example_dags/example_complex.py
[2024-04-26T22:00:51.559-0300] {logging_mixin.py:188} INFO - [2024-04-26T22:00:51.558-0300] {dag.py:3096} INFO - Sync 1 DAGs
[2024-04-26T22:00:51.577-0300] {logging_mixin.py:188} INFO - [2024-04-26T22:00:51.577-0300] {dag.py:3954} INFO - Setting next_dagrun for example_complex to None, run_after=None
[2024-04-26T22:00:51.610-0300] {processor.py:183} INFO - Processing /home/athlon/projects/airflow/.venv/lib/python3.11/site-packages/airflow/example_dags/example_complex.py took 0.133 seconds
[2024-04-26T22:01:53.305-0300] {processor.py:161} INFO - Started process (PID=22389) to work on /home/athlon/projects/airflow/.venv/lib/python3.11/site-packages/airflow/example_dags/example_complex.py
[2024-04-26T22:01:53.311-0300] {processor.py:830} INFO - Processing file /home/athlon/projects/airflow/.venv/lib/python3.11/site-packages/airflow/example_dags/example_complex.py for tasks to queue
[2024-04-26T22:01:53.314-0300] {logging_mixin.py:188} INFO - [2024-04-26T22:01:53.313-0300] {dagbag.py:540} INFO - Filling up the DagBag from /home/athlon/projects/airflow/.venv/lib/python3.11/site-packages/airflow/example_dags/example_complex.py
[2024-04-26T22:01:53.334-0300] {processor.py:840} INFO - DAG(s) 'example_complex' retrieved from /home/athlon/projects/airflow/.venv/lib/python3.11/site-packages/airflow/example_dags/example_complex.py
[2024-04-26T22:01:53.376-0300] {logging_mixin.py:188} INFO - [2024-04-26T22:01:53.376-0300] {dag.py:3096} INFO - Sync 1 DAGs
[2024-04-26T22:01:53.394-0300] {logging_mixin.py:188} INFO - [2024-04-26T22:01:53.394-0300] {dag.py:3954} INFO - Setting next_dagrun for example_complex to None, run_after=None
[2024-04-26T22:01:53.425-0300] {processor.py:183} INFO - Processing /home/athlon/projects/airflow/.venv/lib/python3.11/site-packages/airflow/example_dags/example_complex.py took 0.131 seconds
[2024-04-26T22:02:57.789-0300] {processor.py:161} INFO - Started process (PID=22459) to work on /home/athlon/projects/airflow/.venv/lib/python3.11/site-packages/airflow/example_dags/example_complex.py
[2024-04-26T22:02:57.795-0300] {processor.py:830} INFO - Processing file /home/athlon/projects/airflow/.venv/lib/python3.11/site-packages/airflow/example_dags/example_complex.py for tasks to queue
[2024-04-26T22:02:57.799-0300] {logging_mixin.py:188} INFO - [2024-04-26T22:02:57.798-0300] {dagbag.py:540} INFO - Filling up the DagBag from /home/athlon/projects/airflow/.venv/lib/python3.11/site-packages/airflow/example_dags/example_complex.py
[2024-04-26T22:02:57.830-0300] {processor.py:840} INFO - DAG(s) 'example_complex' retrieved from /home/athlon/projects/airflow/.venv/lib/python3.11/site-packages/airflow/example_dags/example_complex.py
[2024-04-26T22:02:57.903-0300] {logging_mixin.py:188} INFO - [2024-04-26T22:02:57.903-0300] {dag.py:3096} INFO - Sync 1 DAGs
[2024-04-26T22:02:57.936-0300] {logging_mixin.py:188} INFO - [2024-04-26T22:02:57.935-0300] {dag.py:3954} INFO - Setting next_dagrun for example_complex to None, run_after=None
[2024-04-26T22:02:57.986-0300] {processor.py:183} INFO - Processing /home/athlon/projects/airflow/.venv/lib/python3.11/site-packages/airflow/example_dags/example_complex.py took 0.211 seconds
[2024-04-26T22:03:58.055-0300] {processor.py:161} INFO - Started process (PID=22537) to work on /home/athlon/projects/airflow/.venv/lib/python3.11/site-packages/airflow/example_dags/example_complex.py
[2024-04-26T22:03:58.062-0300] {processor.py:830} INFO - Processing file /home/athlon/projects/airflow/.venv/lib/python3.11/site-packages/airflow/example_dags/example_complex.py for tasks to queue
[2024-04-26T22:03:58.066-0300] {logging_mixin.py:188} INFO - [2024-04-26T22:03:58.066-0300] {dagbag.py:540} INFO - Filling up the DagBag from /home/athlon/projects/airflow/.venv/lib/python3.11/site-packages/airflow/example_dags/example_complex.py
[2024-04-26T22:03:58.103-0300] {processor.py:840} INFO - DAG(s) 'example_complex' retrieved from /home/athlon/projects/airflow/.venv/lib/python3.11/site-packages/airflow/example_dags/example_complex.py
[2024-04-26T22:03:58.172-0300] {logging_mixin.py:188} INFO - [2024-04-26T22:03:58.172-0300] {dag.py:3096} INFO - Sync 1 DAGs
[2024-04-26T22:03:58.198-0300] {logging_mixin.py:188} INFO - [2024-04-26T22:03:58.198-0300] {dag.py:3954} INFO - Setting next_dagrun for example_complex to None, run_after=None
[2024-04-26T22:03:58.236-0300] {processor.py:183} INFO - Processing /home/athlon/projects/airflow/.venv/lib/python3.11/site-packages/airflow/example_dags/example_complex.py took 0.197 seconds
[2024-04-26T22:04:56.845-0300] {processor.py:161} INFO - Started process (PID=22679) to work on /home/athlon/projects/airflow/.venv/lib/python3.11/site-packages/airflow/example_dags/example_complex.py
[2024-04-26T22:04:56.851-0300] {processor.py:830} INFO - Processing file /home/athlon/projects/airflow/.venv/lib/python3.11/site-packages/airflow/example_dags/example_complex.py for tasks to queue
[2024-04-26T22:04:56.854-0300] {logging_mixin.py:188} INFO - [2024-04-26T22:04:56.853-0300] {dagbag.py:540} INFO - Filling up the DagBag from /home/athlon/projects/airflow/.venv/lib/python3.11/site-packages/airflow/example_dags/example_complex.py
[2024-04-26T22:04:56.874-0300] {processor.py:840} INFO - DAG(s) 'example_complex' retrieved from /home/athlon/projects/airflow/.venv/lib/python3.11/site-packages/airflow/example_dags/example_complex.py
[2024-04-26T22:04:56.916-0300] {logging_mixin.py:188} INFO - [2024-04-26T22:04:56.915-0300] {dag.py:3096} INFO - Sync 1 DAGs
[2024-04-26T22:04:56.933-0300] {logging_mixin.py:188} INFO - [2024-04-26T22:04:56.933-0300] {dag.py:3954} INFO - Setting next_dagrun for example_complex to None, run_after=None
[2024-04-26T22:04:56.964-0300] {processor.py:183} INFO - Processing /home/athlon/projects/airflow/.venv/lib/python3.11/site-packages/airflow/example_dags/example_complex.py took 0.131 seconds
[2024-04-26T22:05:54.316-0300] {processor.py:161} INFO - Started process (PID=22754) to work on /home/athlon/projects/airflow/.venv/lib/python3.11/site-packages/airflow/example_dags/example_complex.py
[2024-04-26T22:05:54.321-0300] {processor.py:830} INFO - Processing file /home/athlon/projects/airflow/.venv/lib/python3.11/site-packages/airflow/example_dags/example_complex.py for tasks to queue
[2024-04-26T22:05:54.324-0300] {logging_mixin.py:188} INFO - [2024-04-26T22:05:54.323-0300] {dagbag.py:540} INFO - Filling up the DagBag from /home/athlon/projects/airflow/.venv/lib/python3.11/site-packages/airflow/example_dags/example_complex.py
[2024-04-26T22:05:54.341-0300] {processor.py:840} INFO - DAG(s) 'example_complex' retrieved from /home/athlon/projects/airflow/.venv/lib/python3.11/site-packages/airflow/example_dags/example_complex.py
[2024-04-26T22:05:54.382-0300] {logging_mixin.py:188} INFO - [2024-04-26T22:05:54.382-0300] {dag.py:3096} INFO - Sync 1 DAGs
[2024-04-26T22:05:54.400-0300] {logging_mixin.py:188} INFO - [2024-04-26T22:05:54.399-0300] {dag.py:3954} INFO - Setting next_dagrun for example_complex to None, run_after=None
[2024-04-26T22:05:54.431-0300] {processor.py:183} INFO - Processing /home/athlon/projects/airflow/.venv/lib/python3.11/site-packages/airflow/example_dags/example_complex.py took 0.126 seconds
[2024-04-26T22:06:53.497-0300] {processor.py:161} INFO - Started process (PID=22820) to work on /home/athlon/projects/airflow/.venv/lib/python3.11/site-packages/airflow/example_dags/example_complex.py
[2024-04-26T22:06:53.503-0300] {processor.py:830} INFO - Processing file /home/athlon/projects/airflow/.venv/lib/python3.11/site-packages/airflow/example_dags/example_complex.py for tasks to queue
[2024-04-26T22:06:53.506-0300] {logging_mixin.py:188} INFO - [2024-04-26T22:06:53.506-0300] {dagbag.py:540} INFO - Filling up the DagBag from /home/athlon/projects/airflow/.venv/lib/python3.11/site-packages/airflow/example_dags/example_complex.py
[2024-04-26T22:06:53.527-0300] {processor.py:840} INFO - DAG(s) 'example_complex' retrieved from /home/athlon/projects/airflow/.venv/lib/python3.11/site-packages/airflow/example_dags/example_complex.py
[2024-04-26T22:06:53.570-0300] {logging_mixin.py:188} INFO - [2024-04-26T22:06:53.570-0300] {dag.py:3096} INFO - Sync 1 DAGs
[2024-04-26T22:06:53.588-0300] {logging_mixin.py:188} INFO - [2024-04-26T22:06:53.588-0300] {dag.py:3954} INFO - Setting next_dagrun for example_complex to None, run_after=None
[2024-04-26T22:06:53.618-0300] {processor.py:183} INFO - Processing /home/athlon/projects/airflow/.venv/lib/python3.11/site-packages/airflow/example_dags/example_complex.py took 0.132 seconds
[2024-04-26T22:07:54.773-0300] {processor.py:161} INFO - Started process (PID=22886) to work on /home/athlon/projects/airflow/.venv/lib/python3.11/site-packages/airflow/example_dags/example_complex.py
[2024-04-26T22:07:54.779-0300] {processor.py:830} INFO - Processing file /home/athlon/projects/airflow/.venv/lib/python3.11/site-packages/airflow/example_dags/example_complex.py for tasks to queue
[2024-04-26T22:07:54.782-0300] {logging_mixin.py:188} INFO - [2024-04-26T22:07:54.781-0300] {dagbag.py:540} INFO - Filling up the DagBag from /home/athlon/projects/airflow/.venv/lib/python3.11/site-packages/airflow/example_dags/example_complex.py
[2024-04-26T22:07:54.803-0300] {processor.py:840} INFO - DAG(s) 'example_complex' retrieved from /home/athlon/projects/airflow/.venv/lib/python3.11/site-packages/airflow/example_dags/example_complex.py
[2024-04-26T22:07:54.846-0300] {logging_mixin.py:188} INFO - [2024-04-26T22:07:54.845-0300] {dag.py:3096} INFO - Sync 1 DAGs
[2024-04-26T22:07:54.864-0300] {logging_mixin.py:188} INFO - [2024-04-26T22:07:54.863-0300] {dag.py:3954} INFO - Setting next_dagrun for example_complex to None, run_after=None
[2024-04-26T22:07:54.895-0300] {processor.py:183} INFO - Processing /home/athlon/projects/airflow/.venv/lib/python3.11/site-packages/airflow/example_dags/example_complex.py took 0.133 seconds
[2024-04-26T22:08:54.625-0300] {processor.py:161} INFO - Started process (PID=22954) to work on /home/athlon/projects/airflow/.venv/lib/python3.11/site-packages/airflow/example_dags/example_complex.py
[2024-04-26T22:08:54.631-0300] {processor.py:830} INFO - Processing file /home/athlon/projects/airflow/.venv/lib/python3.11/site-packages/airflow/example_dags/example_complex.py for tasks to queue
[2024-04-26T22:08:54.634-0300] {logging_mixin.py:188} INFO - [2024-04-26T22:08:54.633-0300] {dagbag.py:540} INFO - Filling up the DagBag from /home/athlon/projects/airflow/.venv/lib/python3.11/site-packages/airflow/example_dags/example_complex.py
[2024-04-26T22:08:54.655-0300] {processor.py:840} INFO - DAG(s) 'example_complex' retrieved from /home/athlon/projects/airflow/.venv/lib/python3.11/site-packages/airflow/example_dags/example_complex.py
[2024-04-26T22:08:54.697-0300] {logging_mixin.py:188} INFO - [2024-04-26T22:08:54.697-0300] {dag.py:3096} INFO - Sync 1 DAGs
[2024-04-26T22:08:54.715-0300] {logging_mixin.py:188} INFO - [2024-04-26T22:08:54.714-0300] {dag.py:3954} INFO - Setting next_dagrun for example_complex to None, run_after=None
[2024-04-26T22:08:54.745-0300] {processor.py:183} INFO - Processing /home/athlon/projects/airflow/.venv/lib/python3.11/site-packages/airflow/example_dags/example_complex.py took 0.131 seconds
[2024-04-26T22:09:53.853-0300] {processor.py:161} INFO - Started process (PID=23052) to work on /home/athlon/projects/airflow/.venv/lib/python3.11/site-packages/airflow/example_dags/example_complex.py
[2024-04-26T22:09:53.858-0300] {processor.py:830} INFO - Processing file /home/athlon/projects/airflow/.venv/lib/python3.11/site-packages/airflow/example_dags/example_complex.py for tasks to queue
[2024-04-26T22:09:53.861-0300] {logging_mixin.py:188} INFO - [2024-04-26T22:09:53.861-0300] {dagbag.py:540} INFO - Filling up the DagBag from /home/athlon/projects/airflow/.venv/lib/python3.11/site-packages/airflow/example_dags/example_complex.py
[2024-04-26T22:09:53.881-0300] {processor.py:840} INFO - DAG(s) 'example_complex' retrieved from /home/athlon/projects/airflow/.venv/lib/python3.11/site-packages/airflow/example_dags/example_complex.py
[2024-04-26T22:09:53.923-0300] {logging_mixin.py:188} INFO - [2024-04-26T22:09:53.923-0300] {dag.py:3096} INFO - Sync 1 DAGs
[2024-04-26T22:09:53.940-0300] {logging_mixin.py:188} INFO - [2024-04-26T22:09:53.940-0300] {dag.py:3954} INFO - Setting next_dagrun for example_complex to None, run_after=None
[2024-04-26T22:09:53.971-0300] {processor.py:183} INFO - Processing /home/athlon/projects/airflow/.venv/lib/python3.11/site-packages/airflow/example_dags/example_complex.py took 0.129 seconds
[2024-04-26T22:10:55.153-0300] {processor.py:161} INFO - Started process (PID=23122) to work on /home/athlon/projects/airflow/.venv/lib/python3.11/site-packages/airflow/example_dags/example_complex.py
[2024-04-26T22:10:55.159-0300] {processor.py:830} INFO - Processing file /home/athlon/projects/airflow/.venv/lib/python3.11/site-packages/airflow/example_dags/example_complex.py for tasks to queue
[2024-04-26T22:10:55.162-0300] {logging_mixin.py:188} INFO - [2024-04-26T22:10:55.161-0300] {dagbag.py:540} INFO - Filling up the DagBag from /home/athlon/projects/airflow/.venv/lib/python3.11/site-packages/airflow/example_dags/example_complex.py
[2024-04-26T22:10:55.182-0300] {processor.py:840} INFO - DAG(s) 'example_complex' retrieved from /home/athlon/projects/airflow/.venv/lib/python3.11/site-packages/airflow/example_dags/example_complex.py
[2024-04-26T22:10:55.225-0300] {logging_mixin.py:188} INFO - [2024-04-26T22:10:55.225-0300] {dag.py:3096} INFO - Sync 1 DAGs
[2024-04-26T22:10:55.243-0300] {logging_mixin.py:188} INFO - [2024-04-26T22:10:55.242-0300] {dag.py:3954} INFO - Setting next_dagrun for example_complex to None, run_after=None
[2024-04-26T22:10:55.273-0300] {processor.py:183} INFO - Processing /home/athlon/projects/airflow/.venv/lib/python3.11/site-packages/airflow/example_dags/example_complex.py took 0.131 seconds
[2024-04-26T22:11:57.734-0300] {processor.py:161} INFO - Started process (PID=23190) to work on /home/athlon/projects/airflow/.venv/lib/python3.11/site-packages/airflow/example_dags/example_complex.py
[2024-04-26T22:11:57.740-0300] {processor.py:830} INFO - Processing file /home/athlon/projects/airflow/.venv/lib/python3.11/site-packages/airflow/example_dags/example_complex.py for tasks to queue
[2024-04-26T22:11:57.744-0300] {logging_mixin.py:188} INFO - [2024-04-26T22:11:57.743-0300] {dagbag.py:540} INFO - Filling up the DagBag from /home/athlon/projects/airflow/.venv/lib/python3.11/site-packages/airflow/example_dags/example_complex.py
[2024-04-26T22:11:57.780-0300] {processor.py:840} INFO - DAG(s) 'example_complex' retrieved from /home/athlon/projects/airflow/.venv/lib/python3.11/site-packages/airflow/example_dags/example_complex.py
[2024-04-26T22:11:57.857-0300] {logging_mixin.py:188} INFO - [2024-04-26T22:11:57.857-0300] {dag.py:3096} INFO - Sync 1 DAGs
[2024-04-26T22:11:57.886-0300] {logging_mixin.py:188} INFO - [2024-04-26T22:11:57.885-0300] {dag.py:3954} INFO - Setting next_dagrun for example_complex to None, run_after=None
[2024-04-26T22:11:57.936-0300] {processor.py:183} INFO - Processing /home/athlon/projects/airflow/.venv/lib/python3.11/site-packages/airflow/example_dags/example_complex.py took 0.213 seconds
[2024-04-26T22:12:57.581-0300] {processor.py:161} INFO - Started process (PID=23277) to work on /home/athlon/projects/airflow/.venv/lib/python3.11/site-packages/airflow/example_dags/example_complex.py
[2024-04-26T22:12:57.587-0300] {processor.py:830} INFO - Processing file /home/athlon/projects/airflow/.venv/lib/python3.11/site-packages/airflow/example_dags/example_complex.py for tasks to queue
[2024-04-26T22:12:57.590-0300] {logging_mixin.py:188} INFO - [2024-04-26T22:12:57.589-0300] {dagbag.py:540} INFO - Filling up the DagBag from /home/athlon/projects/airflow/.venv/lib/python3.11/site-packages/airflow/example_dags/example_complex.py
[2024-04-26T22:12:57.610-0300] {processor.py:840} INFO - DAG(s) 'example_complex' retrieved from /home/athlon/projects/airflow/.venv/lib/python3.11/site-packages/airflow/example_dags/example_complex.py
[2024-04-26T22:12:57.653-0300] {logging_mixin.py:188} INFO - [2024-04-26T22:12:57.653-0300] {dag.py:3096} INFO - Sync 1 DAGs
[2024-04-26T22:12:57.671-0300] {logging_mixin.py:188} INFO - [2024-04-26T22:12:57.670-0300] {dag.py:3954} INFO - Setting next_dagrun for example_complex to None, run_after=None
[2024-04-26T22:12:57.702-0300] {processor.py:183} INFO - Processing /home/athlon/projects/airflow/.venv/lib/python3.11/site-packages/airflow/example_dags/example_complex.py took 0.132 seconds
[2024-04-26T22:13:56.657-0300] {processor.py:161} INFO - Started process (PID=23349) to work on /home/athlon/projects/airflow/.venv/lib/python3.11/site-packages/airflow/example_dags/example_complex.py
[2024-04-26T22:13:56.659-0300] {processor.py:830} INFO - Processing file /home/athlon/projects/airflow/.venv/lib/python3.11/site-packages/airflow/example_dags/example_complex.py for tasks to queue
[2024-04-26T22:13:56.662-0300] {logging_mixin.py:188} INFO - [2024-04-26T22:13:56.661-0300] {dagbag.py:540} INFO - Filling up the DagBag from /home/athlon/projects/airflow/.venv/lib/python3.11/site-packages/airflow/example_dags/example_complex.py
[2024-04-26T22:13:56.686-0300] {processor.py:840} INFO - DAG(s) 'example_complex' retrieved from /home/athlon/projects/airflow/.venv/lib/python3.11/site-packages/airflow/example_dags/example_complex.py
[2024-04-26T22:13:56.743-0300] {logging_mixin.py:188} INFO - [2024-04-26T22:13:56.742-0300] {dag.py:3096} INFO - Sync 1 DAGs
[2024-04-26T22:13:56.769-0300] {logging_mixin.py:188} INFO - [2024-04-26T22:13:56.768-0300] {dag.py:3954} INFO - Setting next_dagrun for example_complex to None, run_after=None
[2024-04-26T22:13:56.818-0300] {processor.py:183} INFO - Processing /home/athlon/projects/airflow/.venv/lib/python3.11/site-packages/airflow/example_dags/example_complex.py took 0.173 seconds
[2024-04-26T22:14:58.192-0300] {processor.py:161} INFO - Started process (PID=23485) to work on /home/athlon/projects/airflow/.venv/lib/python3.11/site-packages/airflow/example_dags/example_complex.py
[2024-04-26T22:14:58.194-0300] {processor.py:830} INFO - Processing file /home/athlon/projects/airflow/.venv/lib/python3.11/site-packages/airflow/example_dags/example_complex.py for tasks to queue
[2024-04-26T22:14:58.198-0300] {logging_mixin.py:188} INFO - [2024-04-26T22:14:58.197-0300] {dagbag.py:540} INFO - Filling up the DagBag from /home/athlon/projects/airflow/.venv/lib/python3.11/site-packages/airflow/example_dags/example_complex.py
[2024-04-26T22:14:58.220-0300] {processor.py:840} INFO - DAG(s) 'example_complex' retrieved from /home/athlon/projects/airflow/.venv/lib/python3.11/site-packages/airflow/example_dags/example_complex.py
[2024-04-26T22:14:58.304-0300] {logging_mixin.py:188} INFO - [2024-04-26T22:14:58.304-0300] {dag.py:3096} INFO - Sync 1 DAGs
[2024-04-26T22:14:58.337-0300] {logging_mixin.py:188} INFO - [2024-04-26T22:14:58.336-0300] {dag.py:3954} INFO - Setting next_dagrun for example_complex to None, run_after=None
[2024-04-26T22:14:58.386-0300] {processor.py:183} INFO - Processing /home/athlon/projects/airflow/.venv/lib/python3.11/site-packages/airflow/example_dags/example_complex.py took 0.203 seconds
[2024-04-26T22:16:04.974-0300] {processor.py:161} INFO - Started process (PID=23631) to work on /home/athlon/projects/airflow/.venv/lib/python3.11/site-packages/airflow/example_dags/example_complex.py
[2024-04-26T22:16:04.976-0300] {processor.py:830} INFO - Processing file /home/athlon/projects/airflow/.venv/lib/python3.11/site-packages/airflow/example_dags/example_complex.py for tasks to queue
[2024-04-26T22:16:04.979-0300] {logging_mixin.py:188} INFO - [2024-04-26T22:16:04.978-0300] {dagbag.py:540} INFO - Filling up the DagBag from /home/athlon/projects/airflow/.venv/lib/python3.11/site-packages/airflow/example_dags/example_complex.py
[2024-04-26T22:16:05.000-0300] {processor.py:840} INFO - DAG(s) 'example_complex' retrieved from /home/athlon/projects/airflow/.venv/lib/python3.11/site-packages/airflow/example_dags/example_complex.py
[2024-04-26T22:16:05.042-0300] {logging_mixin.py:188} INFO - [2024-04-26T22:16:05.042-0300] {dag.py:3096} INFO - Sync 1 DAGs
[2024-04-26T22:16:05.060-0300] {logging_mixin.py:188} INFO - [2024-04-26T22:16:05.059-0300] {dag.py:3954} INFO - Setting next_dagrun for example_complex to None, run_after=None
[2024-04-26T22:16:05.092-0300] {processor.py:183} INFO - Processing /home/athlon/projects/airflow/.venv/lib/python3.11/site-packages/airflow/example_dags/example_complex.py took 0.130 seconds
[2024-04-26T22:17:07.085-0300] {processor.py:161} INFO - Started process (PID=23705) to work on /home/athlon/projects/airflow/.venv/lib/python3.11/site-packages/airflow/example_dags/example_complex.py
[2024-04-26T22:17:07.087-0300] {processor.py:830} INFO - Processing file /home/athlon/projects/airflow/.venv/lib/python3.11/site-packages/airflow/example_dags/example_complex.py for tasks to queue
[2024-04-26T22:17:07.090-0300] {logging_mixin.py:188} INFO - [2024-04-26T22:17:07.089-0300] {dagbag.py:540} INFO - Filling up the DagBag from /home/athlon/projects/airflow/.venv/lib/python3.11/site-packages/airflow/example_dags/example_complex.py
[2024-04-26T22:17:07.114-0300] {processor.py:840} INFO - DAG(s) 'example_complex' retrieved from /home/athlon/projects/airflow/.venv/lib/python3.11/site-packages/airflow/example_dags/example_complex.py
[2024-04-26T22:17:07.164-0300] {logging_mixin.py:188} INFO - [2024-04-26T22:17:07.164-0300] {dag.py:3096} INFO - Sync 1 DAGs
[2024-04-26T22:17:07.183-0300] {logging_mixin.py:188} INFO - [2024-04-26T22:17:07.183-0300] {dag.py:3954} INFO - Setting next_dagrun for example_complex to None, run_after=None
[2024-04-26T22:17:07.214-0300] {processor.py:183} INFO - Processing /home/athlon/projects/airflow/.venv/lib/python3.11/site-packages/airflow/example_dags/example_complex.py took 0.141 seconds
[2024-04-26T22:18:07.770-0300] {processor.py:161} INFO - Started process (PID=23760) to work on /home/athlon/projects/airflow/.venv/lib/python3.11/site-packages/airflow/example_dags/example_complex.py
[2024-04-26T22:18:07.776-0300] {processor.py:830} INFO - Processing file /home/athlon/projects/airflow/.venv/lib/python3.11/site-packages/airflow/example_dags/example_complex.py for tasks to queue
[2024-04-26T22:18:07.779-0300] {logging_mixin.py:188} INFO - [2024-04-26T22:18:07.779-0300] {dagbag.py:540} INFO - Filling up the DagBag from /home/athlon/projects/airflow/.venv/lib/python3.11/site-packages/airflow/example_dags/example_complex.py
[2024-04-26T22:18:07.800-0300] {processor.py:840} INFO - DAG(s) 'example_complex' retrieved from /home/athlon/projects/airflow/.venv/lib/python3.11/site-packages/airflow/example_dags/example_complex.py
[2024-04-26T22:18:07.843-0300] {logging_mixin.py:188} INFO - [2024-04-26T22:18:07.843-0300] {dag.py:3096} INFO - Sync 1 DAGs
[2024-04-26T22:18:07.861-0300] {logging_mixin.py:188} INFO - [2024-04-26T22:18:07.861-0300] {dag.py:3954} INFO - Setting next_dagrun for example_complex to None, run_after=None
[2024-04-26T22:18:07.892-0300] {processor.py:183} INFO - Processing /home/athlon/projects/airflow/.venv/lib/python3.11/site-packages/airflow/example_dags/example_complex.py took 0.133 seconds
[2024-04-26T22:19:06.607-0300] {processor.py:161} INFO - Started process (PID=23821) to work on /home/athlon/projects/airflow/.venv/lib/python3.11/site-packages/airflow/example_dags/example_complex.py
[2024-04-26T22:19:06.612-0300] {processor.py:830} INFO - Processing file /home/athlon/projects/airflow/.venv/lib/python3.11/site-packages/airflow/example_dags/example_complex.py for tasks to queue
[2024-04-26T22:19:06.615-0300] {logging_mixin.py:188} INFO - [2024-04-26T22:19:06.614-0300] {dagbag.py:540} INFO - Filling up the DagBag from /home/athlon/projects/airflow/.venv/lib/python3.11/site-packages/airflow/example_dags/example_complex.py
[2024-04-26T22:19:06.633-0300] {processor.py:840} INFO - DAG(s) 'example_complex' retrieved from /home/athlon/projects/airflow/.venv/lib/python3.11/site-packages/airflow/example_dags/example_complex.py
[2024-04-26T22:19:06.674-0300] {logging_mixin.py:188} INFO - [2024-04-26T22:19:06.674-0300] {dag.py:3096} INFO - Sync 1 DAGs
[2024-04-26T22:19:06.697-0300] {logging_mixin.py:188} INFO - [2024-04-26T22:19:06.696-0300] {dag.py:3954} INFO - Setting next_dagrun for example_complex to None, run_after=None
[2024-04-26T22:19:06.731-0300] {processor.py:183} INFO - Processing /home/athlon/projects/airflow/.venv/lib/python3.11/site-packages/airflow/example_dags/example_complex.py took 0.133 seconds
[2024-04-26T22:20:02.868-0300] {processor.py:161} INFO - Started process (PID=23880) to work on /home/athlon/projects/airflow/.venv/lib/python3.11/site-packages/airflow/example_dags/example_complex.py
[2024-04-26T22:20:02.869-0300] {processor.py:830} INFO - Processing file /home/athlon/projects/airflow/.venv/lib/python3.11/site-packages/airflow/example_dags/example_complex.py for tasks to queue
[2024-04-26T22:20:02.872-0300] {logging_mixin.py:188} INFO - [2024-04-26T22:20:02.871-0300] {dagbag.py:540} INFO - Filling up the DagBag from /home/athlon/projects/airflow/.venv/lib/python3.11/site-packages/airflow/example_dags/example_complex.py
[2024-04-26T22:20:02.890-0300] {processor.py:840} INFO - DAG(s) 'example_complex' retrieved from /home/athlon/projects/airflow/.venv/lib/python3.11/site-packages/airflow/example_dags/example_complex.py
[2024-04-26T22:20:02.931-0300] {logging_mixin.py:188} INFO - [2024-04-26T22:20:02.930-0300] {dag.py:3096} INFO - Sync 1 DAGs
[2024-04-26T22:20:02.949-0300] {logging_mixin.py:188} INFO - [2024-04-26T22:20:02.948-0300] {dag.py:3954} INFO - Setting next_dagrun for example_complex to None, run_after=None
[2024-04-26T22:20:02.978-0300] {processor.py:183} INFO - Processing /home/athlon/projects/airflow/.venv/lib/python3.11/site-packages/airflow/example_dags/example_complex.py took 0.119 seconds
[2024-04-26T22:21:11.290-0300] {processor.py:161} INFO - Started process (PID=24056) to work on /home/athlon/projects/airflow/.venv/lib/python3.11/site-packages/airflow/example_dags/example_complex.py
[2024-04-26T22:21:11.293-0300] {processor.py:830} INFO - Processing file /home/athlon/projects/airflow/.venv/lib/python3.11/site-packages/airflow/example_dags/example_complex.py for tasks to queue
[2024-04-26T22:21:11.297-0300] {logging_mixin.py:188} INFO - [2024-04-26T22:21:11.296-0300] {dagbag.py:540} INFO - Filling up the DagBag from /home/athlon/projects/airflow/.venv/lib/python3.11/site-packages/airflow/example_dags/example_complex.py
[2024-04-26T22:21:11.331-0300] {processor.py:840} INFO - DAG(s) 'example_complex' retrieved from /home/athlon/projects/airflow/.venv/lib/python3.11/site-packages/airflow/example_dags/example_complex.py
[2024-04-26T22:21:11.426-0300] {logging_mixin.py:188} INFO - [2024-04-26T22:21:11.425-0300] {dag.py:3096} INFO - Sync 1 DAGs
[2024-04-26T22:21:11.460-0300] {logging_mixin.py:188} INFO - [2024-04-26T22:21:11.459-0300] {dag.py:3954} INFO - Setting next_dagrun for example_complex to None, run_after=None
[2024-04-26T22:21:11.512-0300] {processor.py:183} INFO - Processing /home/athlon/projects/airflow/.venv/lib/python3.11/site-packages/airflow/example_dags/example_complex.py took 0.239 seconds
