[2024-04-26T21:25:23.245-0300] {processor.py:161} INFO - Started process (PID=17727) to work on /home/athlon/projects/airflow/.venv/lib/python3.11/site-packages/airflow/example_dags/example_params_ui_tutorial.py
[2024-04-26T21:25:23.246-0300] {processor.py:830} INFO - Processing file /home/athlon/projects/airflow/.venv/lib/python3.11/site-packages/airflow/example_dags/example_params_ui_tutorial.py for tasks to queue
[2024-04-26T21:25:23.249-0300] {logging_mixin.py:188} INFO - [2024-04-26T21:25:23.248-0300] {dagbag.py:540} INFO - Filling up the DagBag from /home/athlon/projects/airflow/.venv/lib/python3.11/site-packages/airflow/example_dags/example_params_ui_tutorial.py
[2024-04-26T21:25:23.268-0300] {processor.py:840} INFO - DAG(s) 'example_params_ui_tutorial' retrieved from /home/athlon/projects/airflow/.venv/lib/python3.11/site-packages/airflow/example_dags/example_params_ui_tutorial.py
[2024-04-26T21:25:23.331-0300] {logging_mixin.py:188} INFO - [2024-04-26T21:25:23.330-0300] {dag.py:3096} INFO - Sync 1 DAGs
[2024-04-26T21:25:23.347-0300] {logging_mixin.py:188} INFO - [2024-04-26T21:25:23.346-0300] {dag.py:3954} INFO - Setting next_dagrun for example_params_ui_tutorial to None, run_after=None
[2024-04-26T21:25:23.375-0300] {processor.py:183} INFO - Processing /home/athlon/projects/airflow/.venv/lib/python3.11/site-packages/airflow/example_dags/example_params_ui_tutorial.py took 0.141 seconds
[2024-04-26T21:26:21.195-0300] {processor.py:161} INFO - Started process (PID=17868) to work on /home/athlon/projects/airflow/.venv/lib/python3.11/site-packages/airflow/example_dags/example_params_ui_tutorial.py
[2024-04-26T21:26:21.200-0300] {processor.py:830} INFO - Processing file /home/athlon/projects/airflow/.venv/lib/python3.11/site-packages/airflow/example_dags/example_params_ui_tutorial.py for tasks to queue
[2024-04-26T21:26:21.203-0300] {logging_mixin.py:188} INFO - [2024-04-26T21:26:21.202-0300] {dagbag.py:540} INFO - Filling up the DagBag from /home/athlon/projects/airflow/.venv/lib/python3.11/site-packages/airflow/example_dags/example_params_ui_tutorial.py
[2024-04-26T21:26:21.222-0300] {processor.py:840} INFO - DAG(s) 'example_params_ui_tutorial' retrieved from /home/athlon/projects/airflow/.venv/lib/python3.11/site-packages/airflow/example_dags/example_params_ui_tutorial.py
[2024-04-26T21:26:21.283-0300] {logging_mixin.py:188} INFO - [2024-04-26T21:26:21.283-0300] {dag.py:3096} INFO - Sync 1 DAGs
[2024-04-26T21:26:21.299-0300] {logging_mixin.py:188} INFO - [2024-04-26T21:26:21.299-0300] {dag.py:3954} INFO - Setting next_dagrun for example_params_ui_tutorial to None, run_after=None
[2024-04-26T21:26:21.332-0300] {processor.py:183} INFO - Processing /home/athlon/projects/airflow/.venv/lib/python3.11/site-packages/airflow/example_dags/example_params_ui_tutorial.py took 0.148 seconds
[2024-04-26T21:27:15.582-0300] {processor.py:161} INFO - Started process (PID=17937) to work on /home/athlon/projects/airflow/.venv/lib/python3.11/site-packages/airflow/example_dags/example_params_ui_tutorial.py
[2024-04-26T21:27:15.588-0300] {processor.py:830} INFO - Processing file /home/athlon/projects/airflow/.venv/lib/python3.11/site-packages/airflow/example_dags/example_params_ui_tutorial.py for tasks to queue
[2024-04-26T21:27:15.591-0300] {logging_mixin.py:188} INFO - [2024-04-26T21:27:15.590-0300] {dagbag.py:540} INFO - Filling up the DagBag from /home/athlon/projects/airflow/.venv/lib/python3.11/site-packages/airflow/example_dags/example_params_ui_tutorial.py
[2024-04-26T21:27:15.610-0300] {processor.py:840} INFO - DAG(s) 'example_params_ui_tutorial' retrieved from /home/athlon/projects/airflow/.venv/lib/python3.11/site-packages/airflow/example_dags/example_params_ui_tutorial.py
[2024-04-26T21:27:15.671-0300] {logging_mixin.py:188} INFO - [2024-04-26T21:27:15.671-0300] {dag.py:3096} INFO - Sync 1 DAGs
[2024-04-26T21:27:15.688-0300] {logging_mixin.py:188} INFO - [2024-04-26T21:27:15.688-0300] {dag.py:3954} INFO - Setting next_dagrun for example_params_ui_tutorial to None, run_after=None
[2024-04-26T21:27:15.722-0300] {processor.py:183} INFO - Processing /home/athlon/projects/airflow/.venv/lib/python3.11/site-packages/airflow/example_dags/example_params_ui_tutorial.py took 0.151 seconds
[2024-04-26T21:28:15.167-0300] {processor.py:161} INFO - Started process (PID=18023) to work on /home/athlon/projects/airflow/.venv/lib/python3.11/site-packages/airflow/example_dags/example_params_ui_tutorial.py
[2024-04-26T21:28:15.168-0300] {processor.py:830} INFO - Processing file /home/athlon/projects/airflow/.venv/lib/python3.11/site-packages/airflow/example_dags/example_params_ui_tutorial.py for tasks to queue
[2024-04-26T21:28:15.171-0300] {logging_mixin.py:188} INFO - [2024-04-26T21:28:15.170-0300] {dagbag.py:540} INFO - Filling up the DagBag from /home/athlon/projects/airflow/.venv/lib/python3.11/site-packages/airflow/example_dags/example_params_ui_tutorial.py
[2024-04-26T21:28:15.187-0300] {processor.py:840} INFO - DAG(s) 'example_params_ui_tutorial' retrieved from /home/athlon/projects/airflow/.venv/lib/python3.11/site-packages/airflow/example_dags/example_params_ui_tutorial.py
[2024-04-26T21:28:15.259-0300] {logging_mixin.py:188} INFO - [2024-04-26T21:28:15.258-0300] {dag.py:3096} INFO - Sync 1 DAGs
[2024-04-26T21:28:15.276-0300] {logging_mixin.py:188} INFO - [2024-04-26T21:28:15.276-0300] {dag.py:3954} INFO - Setting next_dagrun for example_params_ui_tutorial to None, run_after=None
[2024-04-26T21:28:15.310-0300] {processor.py:183} INFO - Processing /home/athlon/projects/airflow/.venv/lib/python3.11/site-packages/airflow/example_dags/example_params_ui_tutorial.py took 0.152 seconds
[2024-04-26T21:29:11.910-0300] {processor.py:161} INFO - Started process (PID=18595) to work on /home/athlon/projects/airflow/.venv/lib/python3.11/site-packages/airflow/example_dags/example_params_ui_tutorial.py
[2024-04-26T21:29:11.911-0300] {processor.py:830} INFO - Processing file /home/athlon/projects/airflow/.venv/lib/python3.11/site-packages/airflow/example_dags/example_params_ui_tutorial.py for tasks to queue
[2024-04-26T21:29:11.914-0300] {logging_mixin.py:188} INFO - [2024-04-26T21:29:11.913-0300] {dagbag.py:540} INFO - Filling up the DagBag from /home/athlon/projects/airflow/.venv/lib/python3.11/site-packages/airflow/example_dags/example_params_ui_tutorial.py
[2024-04-26T21:29:11.943-0300] {processor.py:840} INFO - DAG(s) 'example_params_ui_tutorial' retrieved from /home/athlon/projects/airflow/.venv/lib/python3.11/site-packages/airflow/example_dags/example_params_ui_tutorial.py
[2024-04-26T21:29:12.015-0300] {logging_mixin.py:188} INFO - [2024-04-26T21:29:12.014-0300] {dag.py:3096} INFO - Sync 1 DAGs
[2024-04-26T21:29:12.041-0300] {logging_mixin.py:188} INFO - [2024-04-26T21:29:12.041-0300] {dag.py:3954} INFO - Setting next_dagrun for example_params_ui_tutorial to None, run_after=None
[2024-04-26T21:29:12.071-0300] {processor.py:183} INFO - Processing /home/athlon/projects/airflow/.venv/lib/python3.11/site-packages/airflow/example_dags/example_params_ui_tutorial.py took 0.169 seconds
[2024-04-26T21:30:14.010-0300] {processor.py:161} INFO - Started process (PID=18715) to work on /home/athlon/projects/airflow/.venv/lib/python3.11/site-packages/airflow/example_dags/example_params_ui_tutorial.py
[2024-04-26T21:30:14.016-0300] {processor.py:830} INFO - Processing file /home/athlon/projects/airflow/.venv/lib/python3.11/site-packages/airflow/example_dags/example_params_ui_tutorial.py for tasks to queue
[2024-04-26T21:30:14.018-0300] {logging_mixin.py:188} INFO - [2024-04-26T21:30:14.018-0300] {dagbag.py:540} INFO - Filling up the DagBag from /home/athlon/projects/airflow/.venv/lib/python3.11/site-packages/airflow/example_dags/example_params_ui_tutorial.py
[2024-04-26T21:30:14.037-0300] {processor.py:840} INFO - DAG(s) 'example_params_ui_tutorial' retrieved from /home/athlon/projects/airflow/.venv/lib/python3.11/site-packages/airflow/example_dags/example_params_ui_tutorial.py
[2024-04-26T21:30:14.252-0300] {logging_mixin.py:188} INFO - [2024-04-26T21:30:14.251-0300] {dag.py:3096} INFO - Sync 1 DAGs
[2024-04-26T21:30:14.266-0300] {logging_mixin.py:188} INFO - [2024-04-26T21:30:14.265-0300] {dag.py:3954} INFO - Setting next_dagrun for example_params_ui_tutorial to None, run_after=None
[2024-04-26T21:30:14.296-0300] {processor.py:183} INFO - Processing /home/athlon/projects/airflow/.venv/lib/python3.11/site-packages/airflow/example_dags/example_params_ui_tutorial.py took 0.296 seconds
[2024-04-26T21:31:16.855-0300] {processor.py:161} INFO - Started process (PID=18791) to work on /home/athlon/projects/airflow/.venv/lib/python3.11/site-packages/airflow/example_dags/example_params_ui_tutorial.py
[2024-04-26T21:31:16.860-0300] {processor.py:830} INFO - Processing file /home/athlon/projects/airflow/.venv/lib/python3.11/site-packages/airflow/example_dags/example_params_ui_tutorial.py for tasks to queue
[2024-04-26T21:31:16.863-0300] {logging_mixin.py:188} INFO - [2024-04-26T21:31:16.862-0300] {dagbag.py:540} INFO - Filling up the DagBag from /home/athlon/projects/airflow/.venv/lib/python3.11/site-packages/airflow/example_dags/example_params_ui_tutorial.py
[2024-04-26T21:31:16.881-0300] {processor.py:840} INFO - DAG(s) 'example_params_ui_tutorial' retrieved from /home/athlon/projects/airflow/.venv/lib/python3.11/site-packages/airflow/example_dags/example_params_ui_tutorial.py
[2024-04-26T21:31:16.946-0300] {logging_mixin.py:188} INFO - [2024-04-26T21:31:16.945-0300] {dag.py:3096} INFO - Sync 1 DAGs
[2024-04-26T21:31:16.962-0300] {logging_mixin.py:188} INFO - [2024-04-26T21:31:16.962-0300] {dag.py:3954} INFO - Setting next_dagrun for example_params_ui_tutorial to None, run_after=None
[2024-04-26T21:31:16.995-0300] {processor.py:183} INFO - Processing /home/athlon/projects/airflow/.venv/lib/python3.11/site-packages/airflow/example_dags/example_params_ui_tutorial.py took 0.152 seconds
[2024-04-26T21:32:18.394-0300] {processor.py:161} INFO - Started process (PID=18853) to work on /home/athlon/projects/airflow/.venv/lib/python3.11/site-packages/airflow/example_dags/example_params_ui_tutorial.py
[2024-04-26T21:32:18.400-0300] {processor.py:830} INFO - Processing file /home/athlon/projects/airflow/.venv/lib/python3.11/site-packages/airflow/example_dags/example_params_ui_tutorial.py for tasks to queue
[2024-04-26T21:32:18.403-0300] {logging_mixin.py:188} INFO - [2024-04-26T21:32:18.402-0300] {dagbag.py:540} INFO - Filling up the DagBag from /home/athlon/projects/airflow/.venv/lib/python3.11/site-packages/airflow/example_dags/example_params_ui_tutorial.py
[2024-04-26T21:32:18.423-0300] {processor.py:840} INFO - DAG(s) 'example_params_ui_tutorial' retrieved from /home/athlon/projects/airflow/.venv/lib/python3.11/site-packages/airflow/example_dags/example_params_ui_tutorial.py
[2024-04-26T21:32:18.488-0300] {logging_mixin.py:188} INFO - [2024-04-26T21:32:18.487-0300] {dag.py:3096} INFO - Sync 1 DAGs
[2024-04-26T21:32:18.505-0300] {logging_mixin.py:188} INFO - [2024-04-26T21:32:18.505-0300] {dag.py:3954} INFO - Setting next_dagrun for example_params_ui_tutorial to None, run_after=None
[2024-04-26T21:32:18.538-0300] {processor.py:183} INFO - Processing /home/athlon/projects/airflow/.venv/lib/python3.11/site-packages/airflow/example_dags/example_params_ui_tutorial.py took 0.154 seconds
[2024-04-26T21:33:15.954-0300] {processor.py:161} INFO - Started process (PID=18906) to work on /home/athlon/projects/airflow/.venv/lib/python3.11/site-packages/airflow/example_dags/example_params_ui_tutorial.py
[2024-04-26T21:33:15.960-0300] {processor.py:830} INFO - Processing file /home/athlon/projects/airflow/.venv/lib/python3.11/site-packages/airflow/example_dags/example_params_ui_tutorial.py for tasks to queue
[2024-04-26T21:33:15.963-0300] {logging_mixin.py:188} INFO - [2024-04-26T21:33:15.962-0300] {dagbag.py:540} INFO - Filling up the DagBag from /home/athlon/projects/airflow/.venv/lib/python3.11/site-packages/airflow/example_dags/example_params_ui_tutorial.py
[2024-04-26T21:33:15.983-0300] {processor.py:840} INFO - DAG(s) 'example_params_ui_tutorial' retrieved from /home/athlon/projects/airflow/.venv/lib/python3.11/site-packages/airflow/example_dags/example_params_ui_tutorial.py
[2024-04-26T21:33:16.045-0300] {logging_mixin.py:188} INFO - [2024-04-26T21:33:16.045-0300] {dag.py:3096} INFO - Sync 1 DAGs
[2024-04-26T21:33:16.063-0300] {logging_mixin.py:188} INFO - [2024-04-26T21:33:16.063-0300] {dag.py:3954} INFO - Setting next_dagrun for example_params_ui_tutorial to None, run_after=None
[2024-04-26T21:33:16.097-0300] {processor.py:183} INFO - Processing /home/athlon/projects/airflow/.venv/lib/python3.11/site-packages/airflow/example_dags/example_params_ui_tutorial.py took 0.153 seconds
[2024-04-26T21:34:17.450-0300] {processor.py:161} INFO - Started process (PID=19144) to work on /home/athlon/projects/airflow/.venv/lib/python3.11/site-packages/airflow/example_dags/example_params_ui_tutorial.py
[2024-04-26T21:34:17.455-0300] {processor.py:830} INFO - Processing file /home/athlon/projects/airflow/.venv/lib/python3.11/site-packages/airflow/example_dags/example_params_ui_tutorial.py for tasks to queue
[2024-04-26T21:34:17.458-0300] {logging_mixin.py:188} INFO - [2024-04-26T21:34:17.457-0300] {dagbag.py:540} INFO - Filling up the DagBag from /home/athlon/projects/airflow/.venv/lib/python3.11/site-packages/airflow/example_dags/example_params_ui_tutorial.py
[2024-04-26T21:34:17.478-0300] {processor.py:840} INFO - DAG(s) 'example_params_ui_tutorial' retrieved from /home/athlon/projects/airflow/.venv/lib/python3.11/site-packages/airflow/example_dags/example_params_ui_tutorial.py
[2024-04-26T21:34:17.541-0300] {logging_mixin.py:188} INFO - [2024-04-26T21:34:17.541-0300] {dag.py:3096} INFO - Sync 1 DAGs
[2024-04-26T21:34:17.558-0300] {logging_mixin.py:188} INFO - [2024-04-26T21:34:17.558-0300] {dag.py:3954} INFO - Setting next_dagrun for example_params_ui_tutorial to None, run_after=None
[2024-04-26T21:34:17.592-0300] {processor.py:183} INFO - Processing /home/athlon/projects/airflow/.venv/lib/python3.11/site-packages/airflow/example_dags/example_params_ui_tutorial.py took 0.153 seconds
[2024-04-26T21:35:35.911-0300] {processor.py:161} INFO - Started process (PID=19223) to work on /home/athlon/projects/airflow/.venv/lib/python3.11/site-packages/airflow/example_dags/example_params_ui_tutorial.py
[2024-04-26T21:35:35.913-0300] {processor.py:830} INFO - Processing file /home/athlon/projects/airflow/.venv/lib/python3.11/site-packages/airflow/example_dags/example_params_ui_tutorial.py for tasks to queue
[2024-04-26T21:35:35.916-0300] {logging_mixin.py:188} INFO - [2024-04-26T21:35:35.915-0300] {dagbag.py:540} INFO - Filling up the DagBag from /home/athlon/projects/airflow/.venv/lib/python3.11/site-packages/airflow/example_dags/example_params_ui_tutorial.py
[2024-04-26T21:35:35.935-0300] {processor.py:840} INFO - DAG(s) 'example_params_ui_tutorial' retrieved from /home/athlon/projects/airflow/.venv/lib/python3.11/site-packages/airflow/example_dags/example_params_ui_tutorial.py
[2024-04-26T21:35:35.997-0300] {logging_mixin.py:188} INFO - [2024-04-26T21:35:35.997-0300] {dag.py:3096} INFO - Sync 1 DAGs
[2024-04-26T21:35:36.014-0300] {logging_mixin.py:188} INFO - [2024-04-26T21:35:36.014-0300] {dag.py:3954} INFO - Setting next_dagrun for example_params_ui_tutorial to None, run_after=None
[2024-04-26T21:35:36.048-0300] {processor.py:183} INFO - Processing /home/athlon/projects/airflow/.venv/lib/python3.11/site-packages/airflow/example_dags/example_params_ui_tutorial.py took 0.147 seconds
[2024-04-26T21:36:35.181-0300] {processor.py:161} INFO - Started process (PID=19289) to work on /home/athlon/projects/airflow/.venv/lib/python3.11/site-packages/airflow/example_dags/example_params_ui_tutorial.py
[2024-04-26T21:36:35.187-0300] {processor.py:830} INFO - Processing file /home/athlon/projects/airflow/.venv/lib/python3.11/site-packages/airflow/example_dags/example_params_ui_tutorial.py for tasks to queue
[2024-04-26T21:36:35.189-0300] {logging_mixin.py:188} INFO - [2024-04-26T21:36:35.189-0300] {dagbag.py:540} INFO - Filling up the DagBag from /home/athlon/projects/airflow/.venv/lib/python3.11/site-packages/airflow/example_dags/example_params_ui_tutorial.py
[2024-04-26T21:36:35.209-0300] {processor.py:840} INFO - DAG(s) 'example_params_ui_tutorial' retrieved from /home/athlon/projects/airflow/.venv/lib/python3.11/site-packages/airflow/example_dags/example_params_ui_tutorial.py
[2024-04-26T21:36:35.271-0300] {logging_mixin.py:188} INFO - [2024-04-26T21:36:35.271-0300] {dag.py:3096} INFO - Sync 1 DAGs
[2024-04-26T21:36:35.288-0300] {logging_mixin.py:188} INFO - [2024-04-26T21:36:35.287-0300] {dag.py:3954} INFO - Setting next_dagrun for example_params_ui_tutorial to None, run_after=None
[2024-04-26T21:36:35.320-0300] {processor.py:183} INFO - Processing /home/athlon/projects/airflow/.venv/lib/python3.11/site-packages/airflow/example_dags/example_params_ui_tutorial.py took 0.149 seconds
[2024-04-26T21:37:34.022-0300] {processor.py:161} INFO - Started process (PID=19355) to work on /home/athlon/projects/airflow/.venv/lib/python3.11/site-packages/airflow/example_dags/example_params_ui_tutorial.py
[2024-04-26T21:37:34.028-0300] {processor.py:830} INFO - Processing file /home/athlon/projects/airflow/.venv/lib/python3.11/site-packages/airflow/example_dags/example_params_ui_tutorial.py for tasks to queue
[2024-04-26T21:37:34.030-0300] {logging_mixin.py:188} INFO - [2024-04-26T21:37:34.030-0300] {dagbag.py:540} INFO - Filling up the DagBag from /home/athlon/projects/airflow/.venv/lib/python3.11/site-packages/airflow/example_dags/example_params_ui_tutorial.py
[2024-04-26T21:37:34.050-0300] {processor.py:840} INFO - DAG(s) 'example_params_ui_tutorial' retrieved from /home/athlon/projects/airflow/.venv/lib/python3.11/site-packages/airflow/example_dags/example_params_ui_tutorial.py
[2024-04-26T21:37:34.113-0300] {logging_mixin.py:188} INFO - [2024-04-26T21:37:34.113-0300] {dag.py:3096} INFO - Sync 1 DAGs
[2024-04-26T21:37:34.130-0300] {logging_mixin.py:188} INFO - [2024-04-26T21:37:34.130-0300] {dag.py:3954} INFO - Setting next_dagrun for example_params_ui_tutorial to None, run_after=None
[2024-04-26T21:37:34.164-0300] {processor.py:183} INFO - Processing /home/athlon/projects/airflow/.venv/lib/python3.11/site-packages/airflow/example_dags/example_params_ui_tutorial.py took 0.152 seconds
[2024-04-26T21:38:31.899-0300] {processor.py:161} INFO - Started process (PID=19423) to work on /home/athlon/projects/airflow/.venv/lib/python3.11/site-packages/airflow/example_dags/example_params_ui_tutorial.py
[2024-04-26T21:38:31.905-0300] {processor.py:830} INFO - Processing file /home/athlon/projects/airflow/.venv/lib/python3.11/site-packages/airflow/example_dags/example_params_ui_tutorial.py for tasks to queue
[2024-04-26T21:38:31.908-0300] {logging_mixin.py:188} INFO - [2024-04-26T21:38:31.907-0300] {dagbag.py:540} INFO - Filling up the DagBag from /home/athlon/projects/airflow/.venv/lib/python3.11/site-packages/airflow/example_dags/example_params_ui_tutorial.py
[2024-04-26T21:38:31.927-0300] {processor.py:840} INFO - DAG(s) 'example_params_ui_tutorial' retrieved from /home/athlon/projects/airflow/.venv/lib/python3.11/site-packages/airflow/example_dags/example_params_ui_tutorial.py
[2024-04-26T21:38:31.990-0300] {logging_mixin.py:188} INFO - [2024-04-26T21:38:31.989-0300] {dag.py:3096} INFO - Sync 1 DAGs
[2024-04-26T21:38:32.006-0300] {logging_mixin.py:188} INFO - [2024-04-26T21:38:32.005-0300] {dag.py:3954} INFO - Setting next_dagrun for example_params_ui_tutorial to None, run_after=None
[2024-04-26T21:38:32.040-0300] {processor.py:183} INFO - Processing /home/athlon/projects/airflow/.venv/lib/python3.11/site-packages/airflow/example_dags/example_params_ui_tutorial.py took 0.151 seconds
[2024-04-26T21:39:31.911-0300] {processor.py:161} INFO - Started process (PID=19523) to work on /home/athlon/projects/airflow/.venv/lib/python3.11/site-packages/airflow/example_dags/example_params_ui_tutorial.py
[2024-04-26T21:39:31.917-0300] {processor.py:830} INFO - Processing file /home/athlon/projects/airflow/.venv/lib/python3.11/site-packages/airflow/example_dags/example_params_ui_tutorial.py for tasks to queue
[2024-04-26T21:39:31.920-0300] {logging_mixin.py:188} INFO - [2024-04-26T21:39:31.919-0300] {dagbag.py:540} INFO - Filling up the DagBag from /home/athlon/projects/airflow/.venv/lib/python3.11/site-packages/airflow/example_dags/example_params_ui_tutorial.py
[2024-04-26T21:39:31.939-0300] {processor.py:840} INFO - DAG(s) 'example_params_ui_tutorial' retrieved from /home/athlon/projects/airflow/.venv/lib/python3.11/site-packages/airflow/example_dags/example_params_ui_tutorial.py
[2024-04-26T21:39:32.003-0300] {logging_mixin.py:188} INFO - [2024-04-26T21:39:32.003-0300] {dag.py:3096} INFO - Sync 1 DAGs
[2024-04-26T21:39:32.019-0300] {logging_mixin.py:188} INFO - [2024-04-26T21:39:32.019-0300] {dag.py:3954} INFO - Setting next_dagrun for example_params_ui_tutorial to None, run_after=None
[2024-04-26T21:39:32.052-0300] {processor.py:183} INFO - Processing /home/athlon/projects/airflow/.venv/lib/python3.11/site-packages/airflow/example_dags/example_params_ui_tutorial.py took 0.151 seconds
[2024-04-26T21:40:33.205-0300] {processor.py:161} INFO - Started process (PID=19682) to work on /home/athlon/projects/airflow/.venv/lib/python3.11/site-packages/airflow/example_dags/example_params_ui_tutorial.py
[2024-04-26T21:40:33.211-0300] {processor.py:830} INFO - Processing file /home/athlon/projects/airflow/.venv/lib/python3.11/site-packages/airflow/example_dags/example_params_ui_tutorial.py for tasks to queue
[2024-04-26T21:40:33.213-0300] {logging_mixin.py:188} INFO - [2024-04-26T21:40:33.213-0300] {dagbag.py:540} INFO - Filling up the DagBag from /home/athlon/projects/airflow/.venv/lib/python3.11/site-packages/airflow/example_dags/example_params_ui_tutorial.py
[2024-04-26T21:40:33.231-0300] {processor.py:840} INFO - DAG(s) 'example_params_ui_tutorial' retrieved from /home/athlon/projects/airflow/.venv/lib/python3.11/site-packages/airflow/example_dags/example_params_ui_tutorial.py
[2024-04-26T21:40:33.298-0300] {logging_mixin.py:188} INFO - [2024-04-26T21:40:33.297-0300] {dag.py:3096} INFO - Sync 1 DAGs
[2024-04-26T21:40:33.316-0300] {logging_mixin.py:188} INFO - [2024-04-26T21:40:33.316-0300] {dag.py:3954} INFO - Setting next_dagrun for example_params_ui_tutorial to None, run_after=None
[2024-04-26T21:40:33.352-0300] {processor.py:183} INFO - Processing /home/athlon/projects/airflow/.venv/lib/python3.11/site-packages/airflow/example_dags/example_params_ui_tutorial.py took 0.156 seconds
[2024-04-26T21:41:30.352-0300] {processor.py:161} INFO - Started process (PID=19761) to work on /home/athlon/projects/airflow/.venv/lib/python3.11/site-packages/airflow/example_dags/example_params_ui_tutorial.py
[2024-04-26T21:41:30.358-0300] {processor.py:830} INFO - Processing file /home/athlon/projects/airflow/.venv/lib/python3.11/site-packages/airflow/example_dags/example_params_ui_tutorial.py for tasks to queue
[2024-04-26T21:41:30.360-0300] {logging_mixin.py:188} INFO - [2024-04-26T21:41:30.360-0300] {dagbag.py:540} INFO - Filling up the DagBag from /home/athlon/projects/airflow/.venv/lib/python3.11/site-packages/airflow/example_dags/example_params_ui_tutorial.py
[2024-04-26T21:41:30.380-0300] {processor.py:840} INFO - DAG(s) 'example_params_ui_tutorial' retrieved from /home/athlon/projects/airflow/.venv/lib/python3.11/site-packages/airflow/example_dags/example_params_ui_tutorial.py
[2024-04-26T21:41:30.447-0300] {logging_mixin.py:188} INFO - [2024-04-26T21:41:30.446-0300] {dag.py:3096} INFO - Sync 1 DAGs
[2024-04-26T21:41:30.463-0300] {logging_mixin.py:188} INFO - [2024-04-26T21:41:30.463-0300] {dag.py:3954} INFO - Setting next_dagrun for example_params_ui_tutorial to None, run_after=None
[2024-04-26T21:41:30.495-0300] {processor.py:183} INFO - Processing /home/athlon/projects/airflow/.venv/lib/python3.11/site-packages/airflow/example_dags/example_params_ui_tutorial.py took 0.153 seconds
[2024-04-26T21:42:28.310-0300] {processor.py:161} INFO - Started process (PID=19835) to work on /home/athlon/projects/airflow/.venv/lib/python3.11/site-packages/airflow/example_dags/example_params_ui_tutorial.py
[2024-04-26T21:42:28.312-0300] {processor.py:830} INFO - Processing file /home/athlon/projects/airflow/.venv/lib/python3.11/site-packages/airflow/example_dags/example_params_ui_tutorial.py for tasks to queue
[2024-04-26T21:42:28.315-0300] {logging_mixin.py:188} INFO - [2024-04-26T21:42:28.314-0300] {dagbag.py:540} INFO - Filling up the DagBag from /home/athlon/projects/airflow/.venv/lib/python3.11/site-packages/airflow/example_dags/example_params_ui_tutorial.py
[2024-04-26T21:42:28.334-0300] {processor.py:840} INFO - DAG(s) 'example_params_ui_tutorial' retrieved from /home/athlon/projects/airflow/.venv/lib/python3.11/site-packages/airflow/example_dags/example_params_ui_tutorial.py
[2024-04-26T21:42:28.396-0300] {logging_mixin.py:188} INFO - [2024-04-26T21:42:28.396-0300] {dag.py:3096} INFO - Sync 1 DAGs
[2024-04-26T21:42:28.415-0300] {logging_mixin.py:188} INFO - [2024-04-26T21:42:28.415-0300] {dag.py:3954} INFO - Setting next_dagrun for example_params_ui_tutorial to None, run_after=None
[2024-04-26T21:42:28.452-0300] {processor.py:183} INFO - Processing /home/athlon/projects/airflow/.venv/lib/python3.11/site-packages/airflow/example_dags/example_params_ui_tutorial.py took 0.152 seconds
[2024-04-26T21:43:29.814-0300] {processor.py:161} INFO - Started process (PID=19901) to work on /home/athlon/projects/airflow/.venv/lib/python3.11/site-packages/airflow/example_dags/example_params_ui_tutorial.py
[2024-04-26T21:43:29.820-0300] {processor.py:830} INFO - Processing file /home/athlon/projects/airflow/.venv/lib/python3.11/site-packages/airflow/example_dags/example_params_ui_tutorial.py for tasks to queue
[2024-04-26T21:43:29.823-0300] {logging_mixin.py:188} INFO - [2024-04-26T21:43:29.822-0300] {dagbag.py:540} INFO - Filling up the DagBag from /home/athlon/projects/airflow/.venv/lib/python3.11/site-packages/airflow/example_dags/example_params_ui_tutorial.py
[2024-04-26T21:43:29.843-0300] {processor.py:840} INFO - DAG(s) 'example_params_ui_tutorial' retrieved from /home/athlon/projects/airflow/.venv/lib/python3.11/site-packages/airflow/example_dags/example_params_ui_tutorial.py
[2024-04-26T21:43:29.910-0300] {logging_mixin.py:188} INFO - [2024-04-26T21:43:29.909-0300] {dag.py:3096} INFO - Sync 1 DAGs
[2024-04-26T21:43:29.927-0300] {logging_mixin.py:188} INFO - [2024-04-26T21:43:29.926-0300] {dag.py:3954} INFO - Setting next_dagrun for example_params_ui_tutorial to None, run_after=None
[2024-04-26T21:43:29.960-0300] {processor.py:183} INFO - Processing /home/athlon/projects/airflow/.venv/lib/python3.11/site-packages/airflow/example_dags/example_params_ui_tutorial.py took 0.157 seconds
[2024-04-26T21:44:24.261-0300] {processor.py:161} INFO - Started process (PID=19969) to work on /home/athlon/projects/airflow/.venv/lib/python3.11/site-packages/airflow/example_dags/example_params_ui_tutorial.py
[2024-04-26T21:44:24.262-0300] {processor.py:830} INFO - Processing file /home/athlon/projects/airflow/.venv/lib/python3.11/site-packages/airflow/example_dags/example_params_ui_tutorial.py for tasks to queue
[2024-04-26T21:44:24.264-0300] {logging_mixin.py:188} INFO - [2024-04-26T21:44:24.264-0300] {dagbag.py:540} INFO - Filling up the DagBag from /home/athlon/projects/airflow/.venv/lib/python3.11/site-packages/airflow/example_dags/example_params_ui_tutorial.py
[2024-04-26T21:44:24.282-0300] {processor.py:840} INFO - DAG(s) 'example_params_ui_tutorial' retrieved from /home/athlon/projects/airflow/.venv/lib/python3.11/site-packages/airflow/example_dags/example_params_ui_tutorial.py
[2024-04-26T21:44:24.346-0300] {logging_mixin.py:188} INFO - [2024-04-26T21:44:24.345-0300] {dag.py:3096} INFO - Sync 1 DAGs
[2024-04-26T21:44:24.363-0300] {logging_mixin.py:188} INFO - [2024-04-26T21:44:24.362-0300] {dag.py:3954} INFO - Setting next_dagrun for example_params_ui_tutorial to None, run_after=None
[2024-04-26T21:44:24.399-0300] {processor.py:183} INFO - Processing /home/athlon/projects/airflow/.venv/lib/python3.11/site-packages/airflow/example_dags/example_params_ui_tutorial.py took 0.151 seconds
[2024-04-26T21:45:16.962-0300] {processor.py:161} INFO - Started process (PID=20031) to work on /home/athlon/projects/airflow/.venv/lib/python3.11/site-packages/airflow/example_dags/example_params_ui_tutorial.py
[2024-04-26T21:45:16.968-0300] {processor.py:830} INFO - Processing file /home/athlon/projects/airflow/.venv/lib/python3.11/site-packages/airflow/example_dags/example_params_ui_tutorial.py for tasks to queue
[2024-04-26T21:45:16.970-0300] {logging_mixin.py:188} INFO - [2024-04-26T21:45:16.970-0300] {dagbag.py:540} INFO - Filling up the DagBag from /home/athlon/projects/airflow/.venv/lib/python3.11/site-packages/airflow/example_dags/example_params_ui_tutorial.py
[2024-04-26T21:45:16.992-0300] {processor.py:840} INFO - DAG(s) 'example_params_ui_tutorial' retrieved from /home/athlon/projects/airflow/.venv/lib/python3.11/site-packages/airflow/example_dags/example_params_ui_tutorial.py
[2024-04-26T21:45:17.058-0300] {logging_mixin.py:188} INFO - [2024-04-26T21:45:17.058-0300] {dag.py:3096} INFO - Sync 1 DAGs
[2024-04-26T21:45:17.076-0300] {logging_mixin.py:188} INFO - [2024-04-26T21:45:17.075-0300] {dag.py:3954} INFO - Setting next_dagrun for example_params_ui_tutorial to None, run_after=None
[2024-04-26T21:45:17.110-0300] {processor.py:183} INFO - Processing /home/athlon/projects/airflow/.venv/lib/python3.11/site-packages/airflow/example_dags/example_params_ui_tutorial.py took 0.158 seconds
[2024-04-26T21:46:14.098-0300] {processor.py:161} INFO - Started process (PID=20095) to work on /home/athlon/projects/airflow/.venv/lib/python3.11/site-packages/airflow/example_dags/example_params_ui_tutorial.py
[2024-04-26T21:46:14.103-0300] {processor.py:830} INFO - Processing file /home/athlon/projects/airflow/.venv/lib/python3.11/site-packages/airflow/example_dags/example_params_ui_tutorial.py for tasks to queue
[2024-04-26T21:46:14.106-0300] {logging_mixin.py:188} INFO - [2024-04-26T21:46:14.106-0300] {dagbag.py:540} INFO - Filling up the DagBag from /home/athlon/projects/airflow/.venv/lib/python3.11/site-packages/airflow/example_dags/example_params_ui_tutorial.py
[2024-04-26T21:46:14.126-0300] {processor.py:840} INFO - DAG(s) 'example_params_ui_tutorial' retrieved from /home/athlon/projects/airflow/.venv/lib/python3.11/site-packages/airflow/example_dags/example_params_ui_tutorial.py
[2024-04-26T21:46:14.190-0300] {logging_mixin.py:188} INFO - [2024-04-26T21:46:14.190-0300] {dag.py:3096} INFO - Sync 1 DAGs
[2024-04-26T21:46:14.207-0300] {logging_mixin.py:188} INFO - [2024-04-26T21:46:14.207-0300] {dag.py:3954} INFO - Setting next_dagrun for example_params_ui_tutorial to None, run_after=None
[2024-04-26T21:46:14.235-0300] {processor.py:183} INFO - Processing /home/athlon/projects/airflow/.venv/lib/python3.11/site-packages/airflow/example_dags/example_params_ui_tutorial.py took 0.149 seconds
[2024-04-26T21:47:12.452-0300] {processor.py:161} INFO - Started process (PID=20160) to work on /home/athlon/projects/airflow/.venv/lib/python3.11/site-packages/airflow/example_dags/example_params_ui_tutorial.py
[2024-04-26T21:47:12.458-0300] {processor.py:830} INFO - Processing file /home/athlon/projects/airflow/.venv/lib/python3.11/site-packages/airflow/example_dags/example_params_ui_tutorial.py for tasks to queue
[2024-04-26T21:47:12.461-0300] {logging_mixin.py:188} INFO - [2024-04-26T21:47:12.460-0300] {dagbag.py:540} INFO - Filling up the DagBag from /home/athlon/projects/airflow/.venv/lib/python3.11/site-packages/airflow/example_dags/example_params_ui_tutorial.py
[2024-04-26T21:47:12.481-0300] {processor.py:840} INFO - DAG(s) 'example_params_ui_tutorial' retrieved from /home/athlon/projects/airflow/.venv/lib/python3.11/site-packages/airflow/example_dags/example_params_ui_tutorial.py
[2024-04-26T21:47:12.544-0300] {logging_mixin.py:188} INFO - [2024-04-26T21:47:12.544-0300] {dag.py:3096} INFO - Sync 1 DAGs
[2024-04-26T21:47:12.561-0300] {logging_mixin.py:188} INFO - [2024-04-26T21:47:12.561-0300] {dag.py:3954} INFO - Setting next_dagrun for example_params_ui_tutorial to None, run_after=None
[2024-04-26T21:47:12.596-0300] {processor.py:183} INFO - Processing /home/athlon/projects/airflow/.venv/lib/python3.11/site-packages/airflow/example_dags/example_params_ui_tutorial.py took 0.153 seconds
[2024-04-26T21:48:09.293-0300] {processor.py:161} INFO - Started process (PID=20223) to work on /home/athlon/projects/airflow/.venv/lib/python3.11/site-packages/airflow/example_dags/example_params_ui_tutorial.py
[2024-04-26T21:48:09.299-0300] {processor.py:830} INFO - Processing file /home/athlon/projects/airflow/.venv/lib/python3.11/site-packages/airflow/example_dags/example_params_ui_tutorial.py for tasks to queue
[2024-04-26T21:48:09.302-0300] {logging_mixin.py:188} INFO - [2024-04-26T21:48:09.301-0300] {dagbag.py:540} INFO - Filling up the DagBag from /home/athlon/projects/airflow/.venv/lib/python3.11/site-packages/airflow/example_dags/example_params_ui_tutorial.py
[2024-04-26T21:48:09.322-0300] {processor.py:840} INFO - DAG(s) 'example_params_ui_tutorial' retrieved from /home/athlon/projects/airflow/.venv/lib/python3.11/site-packages/airflow/example_dags/example_params_ui_tutorial.py
[2024-04-26T21:48:09.385-0300] {logging_mixin.py:188} INFO - [2024-04-26T21:48:09.385-0300] {dag.py:3096} INFO - Sync 1 DAGs
[2024-04-26T21:48:09.402-0300] {logging_mixin.py:188} INFO - [2024-04-26T21:48:09.402-0300] {dag.py:3954} INFO - Setting next_dagrun for example_params_ui_tutorial to None, run_after=None
[2024-04-26T21:48:09.435-0300] {processor.py:183} INFO - Processing /home/athlon/projects/airflow/.venv/lib/python3.11/site-packages/airflow/example_dags/example_params_ui_tutorial.py took 0.152 seconds
[2024-04-26T21:49:05.332-0300] {processor.py:161} INFO - Started process (PID=20287) to work on /home/athlon/projects/airflow/.venv/lib/python3.11/site-packages/airflow/example_dags/example_params_ui_tutorial.py
[2024-04-26T21:49:05.338-0300] {processor.py:830} INFO - Processing file /home/athlon/projects/airflow/.venv/lib/python3.11/site-packages/airflow/example_dags/example_params_ui_tutorial.py for tasks to queue
[2024-04-26T21:49:05.341-0300] {logging_mixin.py:188} INFO - [2024-04-26T21:49:05.340-0300] {dagbag.py:540} INFO - Filling up the DagBag from /home/athlon/projects/airflow/.venv/lib/python3.11/site-packages/airflow/example_dags/example_params_ui_tutorial.py
[2024-04-26T21:49:05.361-0300] {processor.py:840} INFO - DAG(s) 'example_params_ui_tutorial' retrieved from /home/athlon/projects/airflow/.venv/lib/python3.11/site-packages/airflow/example_dags/example_params_ui_tutorial.py
[2024-04-26T21:49:05.425-0300] {logging_mixin.py:188} INFO - [2024-04-26T21:49:05.425-0300] {dag.py:3096} INFO - Sync 1 DAGs
[2024-04-26T21:49:05.442-0300] {logging_mixin.py:188} INFO - [2024-04-26T21:49:05.441-0300] {dag.py:3954} INFO - Setting next_dagrun for example_params_ui_tutorial to None, run_after=None
[2024-04-26T21:49:05.475-0300] {processor.py:183} INFO - Processing /home/athlon/projects/airflow/.venv/lib/python3.11/site-packages/airflow/example_dags/example_params_ui_tutorial.py took 0.153 seconds
[2024-04-26T21:49:58.710-0300] {processor.py:161} INFO - Started process (PID=20354) to work on /home/athlon/projects/airflow/.venv/lib/python3.11/site-packages/airflow/example_dags/example_params_ui_tutorial.py
[2024-04-26T21:49:58.715-0300] {processor.py:830} INFO - Processing file /home/athlon/projects/airflow/.venv/lib/python3.11/site-packages/airflow/example_dags/example_params_ui_tutorial.py for tasks to queue
[2024-04-26T21:49:58.718-0300] {logging_mixin.py:188} INFO - [2024-04-26T21:49:58.717-0300] {dagbag.py:540} INFO - Filling up the DagBag from /home/athlon/projects/airflow/.venv/lib/python3.11/site-packages/airflow/example_dags/example_params_ui_tutorial.py
[2024-04-26T21:49:58.739-0300] {processor.py:840} INFO - DAG(s) 'example_params_ui_tutorial' retrieved from /home/athlon/projects/airflow/.venv/lib/python3.11/site-packages/airflow/example_dags/example_params_ui_tutorial.py
[2024-04-26T21:49:58.803-0300] {logging_mixin.py:188} INFO - [2024-04-26T21:49:58.803-0300] {dag.py:3096} INFO - Sync 1 DAGs
[2024-04-26T21:49:58.820-0300] {logging_mixin.py:188} INFO - [2024-04-26T21:49:58.820-0300] {dag.py:3954} INFO - Setting next_dagrun for example_params_ui_tutorial to None, run_after=None
[2024-04-26T21:49:58.854-0300] {processor.py:183} INFO - Processing /home/athlon/projects/airflow/.venv/lib/python3.11/site-packages/airflow/example_dags/example_params_ui_tutorial.py took 0.156 seconds
[2024-04-26T21:50:56.940-0300] {processor.py:161} INFO - Started process (PID=20432) to work on /home/athlon/projects/airflow/.venv/lib/python3.11/site-packages/airflow/example_dags/example_params_ui_tutorial.py
[2024-04-26T21:50:56.945-0300] {processor.py:830} INFO - Processing file /home/athlon/projects/airflow/.venv/lib/python3.11/site-packages/airflow/example_dags/example_params_ui_tutorial.py for tasks to queue
[2024-04-26T21:50:56.948-0300] {logging_mixin.py:188} INFO - [2024-04-26T21:50:56.947-0300] {dagbag.py:540} INFO - Filling up the DagBag from /home/athlon/projects/airflow/.venv/lib/python3.11/site-packages/airflow/example_dags/example_params_ui_tutorial.py
[2024-04-26T21:50:56.966-0300] {processor.py:840} INFO - DAG(s) 'example_params_ui_tutorial' retrieved from /home/athlon/projects/airflow/.venv/lib/python3.11/site-packages/airflow/example_dags/example_params_ui_tutorial.py
[2024-04-26T21:50:57.048-0300] {logging_mixin.py:188} INFO - [2024-04-26T21:50:57.047-0300] {dag.py:3096} INFO - Sync 1 DAGs
[2024-04-26T21:50:57.064-0300] {logging_mixin.py:188} INFO - [2024-04-26T21:50:57.064-0300] {dag.py:3954} INFO - Setting next_dagrun for example_params_ui_tutorial to None, run_after=None
[2024-04-26T21:50:57.093-0300] {processor.py:183} INFO - Processing /home/athlon/projects/airflow/.venv/lib/python3.11/site-packages/airflow/example_dags/example_params_ui_tutorial.py took 0.162 seconds
[2024-04-26T21:51:51.923-0300] {processor.py:161} INFO - Started process (PID=20492) to work on /home/athlon/projects/airflow/.venv/lib/python3.11/site-packages/airflow/example_dags/example_params_ui_tutorial.py
[2024-04-26T21:51:51.929-0300] {processor.py:830} INFO - Processing file /home/athlon/projects/airflow/.venv/lib/python3.11/site-packages/airflow/example_dags/example_params_ui_tutorial.py for tasks to queue
[2024-04-26T21:51:51.931-0300] {logging_mixin.py:188} INFO - [2024-04-26T21:51:51.931-0300] {dagbag.py:540} INFO - Filling up the DagBag from /home/athlon/projects/airflow/.venv/lib/python3.11/site-packages/airflow/example_dags/example_params_ui_tutorial.py
[2024-04-26T21:51:51.951-0300] {processor.py:840} INFO - DAG(s) 'example_params_ui_tutorial' retrieved from /home/athlon/projects/airflow/.venv/lib/python3.11/site-packages/airflow/example_dags/example_params_ui_tutorial.py
[2024-04-26T21:51:52.021-0300] {logging_mixin.py:188} INFO - [2024-04-26T21:51:52.021-0300] {dag.py:3096} INFO - Sync 1 DAGs
[2024-04-26T21:51:52.042-0300] {logging_mixin.py:188} INFO - [2024-04-26T21:51:52.042-0300] {dag.py:3954} INFO - Setting next_dagrun for example_params_ui_tutorial to None, run_after=None
[2024-04-26T21:51:52.079-0300] {processor.py:183} INFO - Processing /home/athlon/projects/airflow/.venv/lib/python3.11/site-packages/airflow/example_dags/example_params_ui_tutorial.py took 0.166 seconds
[2024-04-26T21:52:49.424-0300] {processor.py:161} INFO - Started process (PID=20668) to work on /home/athlon/projects/airflow/.venv/lib/python3.11/site-packages/airflow/example_dags/example_params_ui_tutorial.py
[2024-04-26T21:52:49.429-0300] {processor.py:830} INFO - Processing file /home/athlon/projects/airflow/.venv/lib/python3.11/site-packages/airflow/example_dags/example_params_ui_tutorial.py for tasks to queue
[2024-04-26T21:52:49.432-0300] {logging_mixin.py:188} INFO - [2024-04-26T21:52:49.432-0300] {dagbag.py:540} INFO - Filling up the DagBag from /home/athlon/projects/airflow/.venv/lib/python3.11/site-packages/airflow/example_dags/example_params_ui_tutorial.py
[2024-04-26T21:52:49.458-0300] {processor.py:840} INFO - DAG(s) 'example_params_ui_tutorial' retrieved from /home/athlon/projects/airflow/.venv/lib/python3.11/site-packages/airflow/example_dags/example_params_ui_tutorial.py
[2024-04-26T21:52:49.523-0300] {logging_mixin.py:188} INFO - [2024-04-26T21:52:49.522-0300] {dag.py:3096} INFO - Sync 1 DAGs
[2024-04-26T21:52:49.540-0300] {logging_mixin.py:188} INFO - [2024-04-26T21:52:49.539-0300] {dag.py:3954} INFO - Setting next_dagrun for example_params_ui_tutorial to None, run_after=None
[2024-04-26T21:52:49.569-0300] {processor.py:183} INFO - Processing /home/athlon/projects/airflow/.venv/lib/python3.11/site-packages/airflow/example_dags/example_params_ui_tutorial.py took 0.157 seconds
[2024-04-26T21:53:46.798-0300] {processor.py:161} INFO - Started process (PID=20732) to work on /home/athlon/projects/airflow/.venv/lib/python3.11/site-packages/airflow/example_dags/example_params_ui_tutorial.py
[2024-04-26T21:53:46.804-0300] {processor.py:830} INFO - Processing file /home/athlon/projects/airflow/.venv/lib/python3.11/site-packages/airflow/example_dags/example_params_ui_tutorial.py for tasks to queue
[2024-04-26T21:53:46.807-0300] {logging_mixin.py:188} INFO - [2024-04-26T21:53:46.806-0300] {dagbag.py:540} INFO - Filling up the DagBag from /home/athlon/projects/airflow/.venv/lib/python3.11/site-packages/airflow/example_dags/example_params_ui_tutorial.py
[2024-04-26T21:53:46.829-0300] {processor.py:840} INFO - DAG(s) 'example_params_ui_tutorial' retrieved from /home/athlon/projects/airflow/.venv/lib/python3.11/site-packages/airflow/example_dags/example_params_ui_tutorial.py
[2024-04-26T21:53:46.893-0300] {logging_mixin.py:188} INFO - [2024-04-26T21:53:46.893-0300] {dag.py:3096} INFO - Sync 1 DAGs
[2024-04-26T21:53:46.911-0300] {logging_mixin.py:188} INFO - [2024-04-26T21:53:46.910-0300] {dag.py:3954} INFO - Setting next_dagrun for example_params_ui_tutorial to None, run_after=None
[2024-04-26T21:53:46.944-0300] {processor.py:183} INFO - Processing /home/athlon/projects/airflow/.venv/lib/python3.11/site-packages/airflow/example_dags/example_params_ui_tutorial.py took 0.158 seconds
[2024-04-26T21:54:46.054-0300] {processor.py:161} INFO - Started process (PID=20880) to work on /home/athlon/projects/airflow/.venv/lib/python3.11/site-packages/airflow/example_dags/example_params_ui_tutorial.py
[2024-04-26T21:54:46.058-0300] {processor.py:830} INFO - Processing file /home/athlon/projects/airflow/.venv/lib/python3.11/site-packages/airflow/example_dags/example_params_ui_tutorial.py for tasks to queue
[2024-04-26T21:54:46.062-0300] {logging_mixin.py:188} INFO - [2024-04-26T21:54:46.061-0300] {dagbag.py:540} INFO - Filling up the DagBag from /home/athlon/projects/airflow/.venv/lib/python3.11/site-packages/airflow/example_dags/example_params_ui_tutorial.py
[2024-04-26T21:54:46.089-0300] {processor.py:840} INFO - DAG(s) 'example_params_ui_tutorial' retrieved from /home/athlon/projects/airflow/.venv/lib/python3.11/site-packages/airflow/example_dags/example_params_ui_tutorial.py
[2024-04-26T21:54:46.183-0300] {logging_mixin.py:188} INFO - [2024-04-26T21:54:46.182-0300] {dag.py:3096} INFO - Sync 1 DAGs
[2024-04-26T21:54:46.209-0300] {logging_mixin.py:188} INFO - [2024-04-26T21:54:46.208-0300] {dag.py:3954} INFO - Setting next_dagrun for example_params_ui_tutorial to None, run_after=None
[2024-04-26T21:54:46.251-0300] {processor.py:183} INFO - Processing /home/athlon/projects/airflow/.venv/lib/python3.11/site-packages/airflow/example_dags/example_params_ui_tutorial.py took 0.210 seconds
[2024-04-26T21:56:09.306-0300] {processor.py:161} INFO - Started process (PID=21583) to work on /home/athlon/projects/airflow/.venv/lib/python3.11/site-packages/airflow/example_dags/example_params_ui_tutorial.py
[2024-04-26T21:56:09.308-0300] {processor.py:830} INFO - Processing file /home/athlon/projects/airflow/.venv/lib/python3.11/site-packages/airflow/example_dags/example_params_ui_tutorial.py for tasks to queue
[2024-04-26T21:56:09.311-0300] {logging_mixin.py:188} INFO - [2024-04-26T21:56:09.310-0300] {dagbag.py:540} INFO - Filling up the DagBag from /home/athlon/projects/airflow/.venv/lib/python3.11/site-packages/airflow/example_dags/example_params_ui_tutorial.py
[2024-04-26T21:56:09.337-0300] {processor.py:840} INFO - DAG(s) 'example_params_ui_tutorial' retrieved from /home/athlon/projects/airflow/.venv/lib/python3.11/site-packages/airflow/example_dags/example_params_ui_tutorial.py
[2024-04-26T21:56:09.402-0300] {logging_mixin.py:188} INFO - [2024-04-26T21:56:09.402-0300] {dag.py:3096} INFO - Sync 1 DAGs
[2024-04-26T21:56:09.419-0300] {logging_mixin.py:188} INFO - [2024-04-26T21:56:09.419-0300] {dag.py:3954} INFO - Setting next_dagrun for example_params_ui_tutorial to None, run_after=None
[2024-04-26T21:56:09.447-0300] {processor.py:183} INFO - Processing /home/athlon/projects/airflow/.venv/lib/python3.11/site-packages/airflow/example_dags/example_params_ui_tutorial.py took 0.153 seconds
[2024-04-26T21:57:10.508-0300] {processor.py:161} INFO - Started process (PID=21830) to work on /home/athlon/projects/airflow/.venv/lib/python3.11/site-packages/airflow/example_dags/example_params_ui_tutorial.py
[2024-04-26T21:57:10.514-0300] {processor.py:830} INFO - Processing file /home/athlon/projects/airflow/.venv/lib/python3.11/site-packages/airflow/example_dags/example_params_ui_tutorial.py for tasks to queue
[2024-04-26T21:57:10.517-0300] {logging_mixin.py:188} INFO - [2024-04-26T21:57:10.516-0300] {dagbag.py:540} INFO - Filling up the DagBag from /home/athlon/projects/airflow/.venv/lib/python3.11/site-packages/airflow/example_dags/example_params_ui_tutorial.py
[2024-04-26T21:57:10.545-0300] {processor.py:840} INFO - DAG(s) 'example_params_ui_tutorial' retrieved from /home/athlon/projects/airflow/.venv/lib/python3.11/site-packages/airflow/example_dags/example_params_ui_tutorial.py
[2024-04-26T21:57:10.628-0300] {logging_mixin.py:188} INFO - [2024-04-26T21:57:10.627-0300] {dag.py:3096} INFO - Sync 1 DAGs
[2024-04-26T21:57:10.648-0300] {logging_mixin.py:188} INFO - [2024-04-26T21:57:10.648-0300] {dag.py:3954} INFO - Setting next_dagrun for example_params_ui_tutorial to None, run_after=None
[2024-04-26T21:57:10.684-0300] {processor.py:183} INFO - Processing /home/athlon/projects/airflow/.venv/lib/python3.11/site-packages/airflow/example_dags/example_params_ui_tutorial.py took 0.185 seconds
[2024-04-26T21:58:10.062-0300] {processor.py:161} INFO - Started process (PID=21966) to work on /home/athlon/projects/airflow/.venv/lib/python3.11/site-packages/airflow/example_dags/example_params_ui_tutorial.py
[2024-04-26T21:58:10.067-0300] {processor.py:830} INFO - Processing file /home/athlon/projects/airflow/.venv/lib/python3.11/site-packages/airflow/example_dags/example_params_ui_tutorial.py for tasks to queue
[2024-04-26T21:58:10.070-0300] {logging_mixin.py:188} INFO - [2024-04-26T21:58:10.069-0300] {dagbag.py:540} INFO - Filling up the DagBag from /home/athlon/projects/airflow/.venv/lib/python3.11/site-packages/airflow/example_dags/example_params_ui_tutorial.py
[2024-04-26T21:58:10.089-0300] {processor.py:840} INFO - DAG(s) 'example_params_ui_tutorial' retrieved from /home/athlon/projects/airflow/.venv/lib/python3.11/site-packages/airflow/example_dags/example_params_ui_tutorial.py
[2024-04-26T21:58:10.159-0300] {logging_mixin.py:188} INFO - [2024-04-26T21:58:10.158-0300] {dag.py:3096} INFO - Sync 1 DAGs
[2024-04-26T21:58:10.183-0300] {logging_mixin.py:188} INFO - [2024-04-26T21:58:10.183-0300] {dag.py:3954} INFO - Setting next_dagrun for example_params_ui_tutorial to None, run_after=None
[2024-04-26T21:58:10.220-0300] {processor.py:183} INFO - Processing /home/athlon/projects/airflow/.venv/lib/python3.11/site-packages/airflow/example_dags/example_params_ui_tutorial.py took 0.168 seconds
[2024-04-26T21:59:07.885-0300] {processor.py:161} INFO - Started process (PID=22114) to work on /home/athlon/projects/airflow/.venv/lib/python3.11/site-packages/airflow/example_dags/example_params_ui_tutorial.py
[2024-04-26T21:59:07.890-0300] {processor.py:830} INFO - Processing file /home/athlon/projects/airflow/.venv/lib/python3.11/site-packages/airflow/example_dags/example_params_ui_tutorial.py for tasks to queue
[2024-04-26T21:59:07.893-0300] {logging_mixin.py:188} INFO - [2024-04-26T21:59:07.893-0300] {dagbag.py:540} INFO - Filling up the DagBag from /home/athlon/projects/airflow/.venv/lib/python3.11/site-packages/airflow/example_dags/example_params_ui_tutorial.py
[2024-04-26T21:59:07.914-0300] {processor.py:840} INFO - DAG(s) 'example_params_ui_tutorial' retrieved from /home/athlon/projects/airflow/.venv/lib/python3.11/site-packages/airflow/example_dags/example_params_ui_tutorial.py
[2024-04-26T21:59:07.979-0300] {logging_mixin.py:188} INFO - [2024-04-26T21:59:07.979-0300] {dag.py:3096} INFO - Sync 1 DAGs
[2024-04-26T21:59:07.996-0300] {logging_mixin.py:188} INFO - [2024-04-26T21:59:07.996-0300] {dag.py:3954} INFO - Setting next_dagrun for example_params_ui_tutorial to None, run_after=None
[2024-04-26T21:59:08.028-0300] {processor.py:183} INFO - Processing /home/athlon/projects/airflow/.venv/lib/python3.11/site-packages/airflow/example_dags/example_params_ui_tutorial.py took 0.158 seconds
[2024-04-26T22:00:04.864-0300] {processor.py:161} INFO - Started process (PID=22264) to work on /home/athlon/projects/airflow/.venv/lib/python3.11/site-packages/airflow/example_dags/example_params_ui_tutorial.py
[2024-04-26T22:00:04.869-0300] {processor.py:830} INFO - Processing file /home/athlon/projects/airflow/.venv/lib/python3.11/site-packages/airflow/example_dags/example_params_ui_tutorial.py for tasks to queue
[2024-04-26T22:00:04.873-0300] {logging_mixin.py:188} INFO - [2024-04-26T22:00:04.872-0300] {dagbag.py:540} INFO - Filling up the DagBag from /home/athlon/projects/airflow/.venv/lib/python3.11/site-packages/airflow/example_dags/example_params_ui_tutorial.py
[2024-04-26T22:00:04.893-0300] {processor.py:840} INFO - DAG(s) 'example_params_ui_tutorial' retrieved from /home/athlon/projects/airflow/.venv/lib/python3.11/site-packages/airflow/example_dags/example_params_ui_tutorial.py
[2024-04-26T22:00:04.973-0300] {logging_mixin.py:188} INFO - [2024-04-26T22:00:04.973-0300] {dag.py:3096} INFO - Sync 1 DAGs
[2024-04-26T22:00:04.994-0300] {logging_mixin.py:188} INFO - [2024-04-26T22:00:04.993-0300] {dag.py:3954} INFO - Setting next_dagrun for example_params_ui_tutorial to None, run_after=None
[2024-04-26T22:00:05.038-0300] {processor.py:183} INFO - Processing /home/athlon/projects/airflow/.venv/lib/python3.11/site-packages/airflow/example_dags/example_params_ui_tutorial.py took 0.184 seconds
[2024-04-26T22:01:08.383-0300] {processor.py:161} INFO - Started process (PID=22338) to work on /home/athlon/projects/airflow/.venv/lib/python3.11/site-packages/airflow/example_dags/example_params_ui_tutorial.py
[2024-04-26T22:01:08.388-0300] {processor.py:830} INFO - Processing file /home/athlon/projects/airflow/.venv/lib/python3.11/site-packages/airflow/example_dags/example_params_ui_tutorial.py for tasks to queue
[2024-04-26T22:01:08.391-0300] {logging_mixin.py:188} INFO - [2024-04-26T22:01:08.391-0300] {dagbag.py:540} INFO - Filling up the DagBag from /home/athlon/projects/airflow/.venv/lib/python3.11/site-packages/airflow/example_dags/example_params_ui_tutorial.py
[2024-04-26T22:01:08.413-0300] {processor.py:840} INFO - DAG(s) 'example_params_ui_tutorial' retrieved from /home/athlon/projects/airflow/.venv/lib/python3.11/site-packages/airflow/example_dags/example_params_ui_tutorial.py
[2024-04-26T22:01:08.478-0300] {logging_mixin.py:188} INFO - [2024-04-26T22:01:08.477-0300] {dag.py:3096} INFO - Sync 1 DAGs
[2024-04-26T22:01:08.495-0300] {logging_mixin.py:188} INFO - [2024-04-26T22:01:08.494-0300] {dag.py:3954} INFO - Setting next_dagrun for example_params_ui_tutorial to None, run_after=None
[2024-04-26T22:01:08.529-0300] {processor.py:183} INFO - Processing /home/athlon/projects/airflow/.venv/lib/python3.11/site-packages/airflow/example_dags/example_params_ui_tutorial.py took 0.158 seconds
[2024-04-26T22:02:07.276-0300] {processor.py:161} INFO - Started process (PID=22406) to work on /home/athlon/projects/airflow/.venv/lib/python3.11/site-packages/airflow/example_dags/example_params_ui_tutorial.py
[2024-04-26T22:02:07.278-0300] {processor.py:830} INFO - Processing file /home/athlon/projects/airflow/.venv/lib/python3.11/site-packages/airflow/example_dags/example_params_ui_tutorial.py for tasks to queue
[2024-04-26T22:02:07.281-0300] {logging_mixin.py:188} INFO - [2024-04-26T22:02:07.280-0300] {dagbag.py:540} INFO - Filling up the DagBag from /home/athlon/projects/airflow/.venv/lib/python3.11/site-packages/airflow/example_dags/example_params_ui_tutorial.py
[2024-04-26T22:02:07.302-0300] {processor.py:840} INFO - DAG(s) 'example_params_ui_tutorial' retrieved from /home/athlon/projects/airflow/.venv/lib/python3.11/site-packages/airflow/example_dags/example_params_ui_tutorial.py
[2024-04-26T22:02:07.367-0300] {logging_mixin.py:188} INFO - [2024-04-26T22:02:07.366-0300] {dag.py:3096} INFO - Sync 1 DAGs
[2024-04-26T22:02:07.384-0300] {logging_mixin.py:188} INFO - [2024-04-26T22:02:07.383-0300] {dag.py:3954} INFO - Setting next_dagrun for example_params_ui_tutorial to None, run_after=None
[2024-04-26T22:02:07.418-0300] {processor.py:183} INFO - Processing /home/athlon/projects/airflow/.venv/lib/python3.11/site-packages/airflow/example_dags/example_params_ui_tutorial.py took 0.153 seconds
[2024-04-26T22:03:14.672-0300] {processor.py:161} INFO - Started process (PID=22487) to work on /home/athlon/projects/airflow/.venv/lib/python3.11/site-packages/airflow/example_dags/example_params_ui_tutorial.py
[2024-04-26T22:03:14.678-0300] {processor.py:830} INFO - Processing file /home/athlon/projects/airflow/.venv/lib/python3.11/site-packages/airflow/example_dags/example_params_ui_tutorial.py for tasks to queue
[2024-04-26T22:03:14.680-0300] {logging_mixin.py:188} INFO - [2024-04-26T22:03:14.680-0300] {dagbag.py:540} INFO - Filling up the DagBag from /home/athlon/projects/airflow/.venv/lib/python3.11/site-packages/airflow/example_dags/example_params_ui_tutorial.py
[2024-04-26T22:03:14.700-0300] {processor.py:840} INFO - DAG(s) 'example_params_ui_tutorial' retrieved from /home/athlon/projects/airflow/.venv/lib/python3.11/site-packages/airflow/example_dags/example_params_ui_tutorial.py
[2024-04-26T22:03:14.766-0300] {logging_mixin.py:188} INFO - [2024-04-26T22:03:14.766-0300] {dag.py:3096} INFO - Sync 1 DAGs
[2024-04-26T22:03:14.784-0300] {logging_mixin.py:188} INFO - [2024-04-26T22:03:14.784-0300] {dag.py:3954} INFO - Setting next_dagrun for example_params_ui_tutorial to None, run_after=None
[2024-04-26T22:03:14.818-0300] {processor.py:183} INFO - Processing /home/athlon/projects/airflow/.venv/lib/python3.11/site-packages/airflow/example_dags/example_params_ui_tutorial.py took 0.156 seconds
[2024-04-26T22:04:12.047-0300] {processor.py:161} INFO - Started process (PID=22619) to work on /home/athlon/projects/airflow/.venv/lib/python3.11/site-packages/airflow/example_dags/example_params_ui_tutorial.py
[2024-04-26T22:04:12.049-0300] {processor.py:830} INFO - Processing file /home/athlon/projects/airflow/.venv/lib/python3.11/site-packages/airflow/example_dags/example_params_ui_tutorial.py for tasks to queue
[2024-04-26T22:04:12.052-0300] {logging_mixin.py:188} INFO - [2024-04-26T22:04:12.051-0300] {dagbag.py:540} INFO - Filling up the DagBag from /home/athlon/projects/airflow/.venv/lib/python3.11/site-packages/airflow/example_dags/example_params_ui_tutorial.py
[2024-04-26T22:04:12.084-0300] {processor.py:840} INFO - DAG(s) 'example_params_ui_tutorial' retrieved from /home/athlon/projects/airflow/.venv/lib/python3.11/site-packages/airflow/example_dags/example_params_ui_tutorial.py
[2024-04-26T22:04:12.155-0300] {logging_mixin.py:188} INFO - [2024-04-26T22:04:12.154-0300] {dag.py:3096} INFO - Sync 1 DAGs
[2024-04-26T22:04:12.173-0300] {logging_mixin.py:188} INFO - [2024-04-26T22:04:12.173-0300] {dag.py:3954} INFO - Setting next_dagrun for example_params_ui_tutorial to None, run_after=None
[2024-04-26T22:04:12.203-0300] {processor.py:183} INFO - Processing /home/athlon/projects/airflow/.venv/lib/python3.11/site-packages/airflow/example_dags/example_params_ui_tutorial.py took 0.168 seconds
[2024-04-26T22:05:08.651-0300] {processor.py:161} INFO - Started process (PID=22699) to work on /home/athlon/projects/airflow/.venv/lib/python3.11/site-packages/airflow/example_dags/example_params_ui_tutorial.py
[2024-04-26T22:05:08.657-0300] {processor.py:830} INFO - Processing file /home/athlon/projects/airflow/.venv/lib/python3.11/site-packages/airflow/example_dags/example_params_ui_tutorial.py for tasks to queue
[2024-04-26T22:05:08.660-0300] {logging_mixin.py:188} INFO - [2024-04-26T22:05:08.659-0300] {dagbag.py:540} INFO - Filling up the DagBag from /home/athlon/projects/airflow/.venv/lib/python3.11/site-packages/airflow/example_dags/example_params_ui_tutorial.py
[2024-04-26T22:05:08.679-0300] {processor.py:840} INFO - DAG(s) 'example_params_ui_tutorial' retrieved from /home/athlon/projects/airflow/.venv/lib/python3.11/site-packages/airflow/example_dags/example_params_ui_tutorial.py
[2024-04-26T22:05:08.742-0300] {logging_mixin.py:188} INFO - [2024-04-26T22:05:08.742-0300] {dag.py:3096} INFO - Sync 1 DAGs
[2024-04-26T22:05:08.759-0300] {logging_mixin.py:188} INFO - [2024-04-26T22:05:08.759-0300] {dag.py:3954} INFO - Setting next_dagrun for example_params_ui_tutorial to None, run_after=None
[2024-04-26T22:05:08.793-0300] {processor.py:183} INFO - Processing /home/athlon/projects/airflow/.venv/lib/python3.11/site-packages/airflow/example_dags/example_params_ui_tutorial.py took 0.152 seconds
[2024-04-26T22:06:07.231-0300] {processor.py:161} INFO - Started process (PID=22769) to work on /home/athlon/projects/airflow/.venv/lib/python3.11/site-packages/airflow/example_dags/example_params_ui_tutorial.py
[2024-04-26T22:06:07.237-0300] {processor.py:830} INFO - Processing file /home/athlon/projects/airflow/.venv/lib/python3.11/site-packages/airflow/example_dags/example_params_ui_tutorial.py for tasks to queue
[2024-04-26T22:06:07.240-0300] {logging_mixin.py:188} INFO - [2024-04-26T22:06:07.240-0300] {dagbag.py:540} INFO - Filling up the DagBag from /home/athlon/projects/airflow/.venv/lib/python3.11/site-packages/airflow/example_dags/example_params_ui_tutorial.py
[2024-04-26T22:06:07.262-0300] {processor.py:840} INFO - DAG(s) 'example_params_ui_tutorial' retrieved from /home/athlon/projects/airflow/.venv/lib/python3.11/site-packages/airflow/example_dags/example_params_ui_tutorial.py
[2024-04-26T22:06:07.326-0300] {logging_mixin.py:188} INFO - [2024-04-26T22:06:07.326-0300] {dag.py:3096} INFO - Sync 1 DAGs
[2024-04-26T22:06:07.343-0300] {logging_mixin.py:188} INFO - [2024-04-26T22:06:07.343-0300] {dag.py:3954} INFO - Setting next_dagrun for example_params_ui_tutorial to None, run_after=None
[2024-04-26T22:06:07.378-0300] {processor.py:183} INFO - Processing /home/athlon/projects/airflow/.venv/lib/python3.11/site-packages/airflow/example_dags/example_params_ui_tutorial.py took 0.158 seconds
[2024-04-26T22:07:08.970-0300] {processor.py:161} INFO - Started process (PID=22837) to work on /home/athlon/projects/airflow/.venv/lib/python3.11/site-packages/airflow/example_dags/example_params_ui_tutorial.py
[2024-04-26T22:07:08.976-0300] {processor.py:830} INFO - Processing file /home/athlon/projects/airflow/.venv/lib/python3.11/site-packages/airflow/example_dags/example_params_ui_tutorial.py for tasks to queue
[2024-04-26T22:07:08.979-0300] {logging_mixin.py:188} INFO - [2024-04-26T22:07:08.978-0300] {dagbag.py:540} INFO - Filling up the DagBag from /home/athlon/projects/airflow/.venv/lib/python3.11/site-packages/airflow/example_dags/example_params_ui_tutorial.py
[2024-04-26T22:07:09.001-0300] {processor.py:840} INFO - DAG(s) 'example_params_ui_tutorial' retrieved from /home/athlon/projects/airflow/.venv/lib/python3.11/site-packages/airflow/example_dags/example_params_ui_tutorial.py
[2024-04-26T22:07:09.067-0300] {logging_mixin.py:188} INFO - [2024-04-26T22:07:09.066-0300] {dag.py:3096} INFO - Sync 1 DAGs
[2024-04-26T22:07:09.084-0300] {logging_mixin.py:188} INFO - [2024-04-26T22:07:09.084-0300] {dag.py:3954} INFO - Setting next_dagrun for example_params_ui_tutorial to None, run_after=None
[2024-04-26T22:07:09.118-0300] {processor.py:183} INFO - Processing /home/athlon/projects/airflow/.venv/lib/python3.11/site-packages/airflow/example_dags/example_params_ui_tutorial.py took 0.159 seconds
[2024-04-26T22:08:13.429-0300] {processor.py:161} INFO - Started process (PID=22908) to work on /home/athlon/projects/airflow/.venv/lib/python3.11/site-packages/airflow/example_dags/example_params_ui_tutorial.py
[2024-04-26T22:08:13.435-0300] {processor.py:830} INFO - Processing file /home/athlon/projects/airflow/.venv/lib/python3.11/site-packages/airflow/example_dags/example_params_ui_tutorial.py for tasks to queue
[2024-04-26T22:08:13.437-0300] {logging_mixin.py:188} INFO - [2024-04-26T22:08:13.437-0300] {dagbag.py:540} INFO - Filling up the DagBag from /home/athlon/projects/airflow/.venv/lib/python3.11/site-packages/airflow/example_dags/example_params_ui_tutorial.py
[2024-04-26T22:08:13.456-0300] {processor.py:840} INFO - DAG(s) 'example_params_ui_tutorial' retrieved from /home/athlon/projects/airflow/.venv/lib/python3.11/site-packages/airflow/example_dags/example_params_ui_tutorial.py
[2024-04-26T22:08:13.521-0300] {logging_mixin.py:188} INFO - [2024-04-26T22:08:13.520-0300] {dag.py:3096} INFO - Sync 1 DAGs
[2024-04-26T22:08:13.539-0300] {logging_mixin.py:188} INFO - [2024-04-26T22:08:13.539-0300] {dag.py:3954} INFO - Setting next_dagrun for example_params_ui_tutorial to None, run_after=None
[2024-04-26T22:08:13.573-0300] {processor.py:183} INFO - Processing /home/athlon/projects/airflow/.venv/lib/python3.11/site-packages/airflow/example_dags/example_params_ui_tutorial.py took 0.153 seconds
[2024-04-26T22:09:10.908-0300] {processor.py:161} INFO - Started process (PID=23004) to work on /home/athlon/projects/airflow/.venv/lib/python3.11/site-packages/airflow/example_dags/example_params_ui_tutorial.py
[2024-04-26T22:09:10.914-0300] {processor.py:830} INFO - Processing file /home/athlon/projects/airflow/.venv/lib/python3.11/site-packages/airflow/example_dags/example_params_ui_tutorial.py for tasks to queue
[2024-04-26T22:09:10.917-0300] {logging_mixin.py:188} INFO - [2024-04-26T22:09:10.917-0300] {dagbag.py:540} INFO - Filling up the DagBag from /home/athlon/projects/airflow/.venv/lib/python3.11/site-packages/airflow/example_dags/example_params_ui_tutorial.py
[2024-04-26T22:09:10.939-0300] {processor.py:840} INFO - DAG(s) 'example_params_ui_tutorial' retrieved from /home/athlon/projects/airflow/.venv/lib/python3.11/site-packages/airflow/example_dags/example_params_ui_tutorial.py
[2024-04-26T22:09:11.005-0300] {logging_mixin.py:188} INFO - [2024-04-26T22:09:11.004-0300] {dag.py:3096} INFO - Sync 1 DAGs
[2024-04-26T22:09:11.022-0300] {logging_mixin.py:188} INFO - [2024-04-26T22:09:11.022-0300] {dag.py:3954} INFO - Setting next_dagrun for example_params_ui_tutorial to None, run_after=None
[2024-04-26T22:09:11.056-0300] {processor.py:183} INFO - Processing /home/athlon/projects/airflow/.venv/lib/python3.11/site-packages/airflow/example_dags/example_params_ui_tutorial.py took 0.159 seconds
[2024-04-26T22:10:13.519-0300] {processor.py:161} INFO - Started process (PID=23077) to work on /home/athlon/projects/airflow/.venv/lib/python3.11/site-packages/airflow/example_dags/example_params_ui_tutorial.py
[2024-04-26T22:10:13.524-0300] {processor.py:830} INFO - Processing file /home/athlon/projects/airflow/.venv/lib/python3.11/site-packages/airflow/example_dags/example_params_ui_tutorial.py for tasks to queue
[2024-04-26T22:10:13.529-0300] {logging_mixin.py:188} INFO - [2024-04-26T22:10:13.528-0300] {dagbag.py:540} INFO - Filling up the DagBag from /home/athlon/projects/airflow/.venv/lib/python3.11/site-packages/airflow/example_dags/example_params_ui_tutorial.py
[2024-04-26T22:10:13.557-0300] {processor.py:840} INFO - DAG(s) 'example_params_ui_tutorial' retrieved from /home/athlon/projects/airflow/.venv/lib/python3.11/site-packages/airflow/example_dags/example_params_ui_tutorial.py
[2024-04-26T22:10:13.636-0300] {logging_mixin.py:188} INFO - [2024-04-26T22:10:13.636-0300] {dag.py:3096} INFO - Sync 1 DAGs
[2024-04-26T22:10:13.654-0300] {logging_mixin.py:188} INFO - [2024-04-26T22:10:13.654-0300] {dag.py:3954} INFO - Setting next_dagrun for example_params_ui_tutorial to None, run_after=None
[2024-04-26T22:10:13.683-0300] {processor.py:183} INFO - Processing /home/athlon/projects/airflow/.venv/lib/python3.11/site-packages/airflow/example_dags/example_params_ui_tutorial.py took 0.173 seconds
[2024-04-26T22:11:13.743-0300] {processor.py:161} INFO - Started process (PID=23144) to work on /home/athlon/projects/airflow/.venv/lib/python3.11/site-packages/airflow/example_dags/example_params_ui_tutorial.py
[2024-04-26T22:11:13.749-0300] {processor.py:830} INFO - Processing file /home/athlon/projects/airflow/.venv/lib/python3.11/site-packages/airflow/example_dags/example_params_ui_tutorial.py for tasks to queue
[2024-04-26T22:11:13.752-0300] {logging_mixin.py:188} INFO - [2024-04-26T22:11:13.751-0300] {dagbag.py:540} INFO - Filling up the DagBag from /home/athlon/projects/airflow/.venv/lib/python3.11/site-packages/airflow/example_dags/example_params_ui_tutorial.py
[2024-04-26T22:11:13.772-0300] {processor.py:840} INFO - DAG(s) 'example_params_ui_tutorial' retrieved from /home/athlon/projects/airflow/.venv/lib/python3.11/site-packages/airflow/example_dags/example_params_ui_tutorial.py
[2024-04-26T22:11:13.836-0300] {logging_mixin.py:188} INFO - [2024-04-26T22:11:13.836-0300] {dag.py:3096} INFO - Sync 1 DAGs
[2024-04-26T22:11:13.853-0300] {logging_mixin.py:188} INFO - [2024-04-26T22:11:13.853-0300] {dag.py:3954} INFO - Setting next_dagrun for example_params_ui_tutorial to None, run_after=None
[2024-04-26T22:11:13.887-0300] {processor.py:183} INFO - Processing /home/athlon/projects/airflow/.venv/lib/python3.11/site-packages/airflow/example_dags/example_params_ui_tutorial.py took 0.155 seconds
[2024-04-26T22:12:16.852-0300] {processor.py:161} INFO - Started process (PID=23223) to work on /home/athlon/projects/airflow/.venv/lib/python3.11/site-packages/airflow/example_dags/example_params_ui_tutorial.py
[2024-04-26T22:12:16.858-0300] {processor.py:830} INFO - Processing file /home/athlon/projects/airflow/.venv/lib/python3.11/site-packages/airflow/example_dags/example_params_ui_tutorial.py for tasks to queue
[2024-04-26T22:12:16.861-0300] {logging_mixin.py:188} INFO - [2024-04-26T22:12:16.860-0300] {dagbag.py:540} INFO - Filling up the DagBag from /home/athlon/projects/airflow/.venv/lib/python3.11/site-packages/airflow/example_dags/example_params_ui_tutorial.py
[2024-04-26T22:12:16.883-0300] {processor.py:840} INFO - DAG(s) 'example_params_ui_tutorial' retrieved from /home/athlon/projects/airflow/.venv/lib/python3.11/site-packages/airflow/example_dags/example_params_ui_tutorial.py
[2024-04-26T22:12:16.949-0300] {logging_mixin.py:188} INFO - [2024-04-26T22:12:16.949-0300] {dag.py:3096} INFO - Sync 1 DAGs
[2024-04-26T22:12:16.966-0300] {logging_mixin.py:188} INFO - [2024-04-26T22:12:16.966-0300] {dag.py:3954} INFO - Setting next_dagrun for example_params_ui_tutorial to None, run_after=None
[2024-04-26T22:12:17.001-0300] {processor.py:183} INFO - Processing /home/athlon/projects/airflow/.venv/lib/python3.11/site-packages/airflow/example_dags/example_params_ui_tutorial.py took 0.160 seconds
[2024-04-26T22:13:17.232-0300] {processor.py:161} INFO - Started process (PID=23300) to work on /home/athlon/projects/airflow/.venv/lib/python3.11/site-packages/airflow/example_dags/example_params_ui_tutorial.py
[2024-04-26T22:13:17.238-0300] {processor.py:830} INFO - Processing file /home/athlon/projects/airflow/.venv/lib/python3.11/site-packages/airflow/example_dags/example_params_ui_tutorial.py for tasks to queue
[2024-04-26T22:13:17.241-0300] {logging_mixin.py:188} INFO - [2024-04-26T22:13:17.241-0300] {dagbag.py:540} INFO - Filling up the DagBag from /home/athlon/projects/airflow/.venv/lib/python3.11/site-packages/airflow/example_dags/example_params_ui_tutorial.py
[2024-04-26T22:13:17.263-0300] {processor.py:840} INFO - DAG(s) 'example_params_ui_tutorial' retrieved from /home/athlon/projects/airflow/.venv/lib/python3.11/site-packages/airflow/example_dags/example_params_ui_tutorial.py
[2024-04-26T22:13:17.327-0300] {logging_mixin.py:188} INFO - [2024-04-26T22:13:17.327-0300] {dag.py:3096} INFO - Sync 1 DAGs
[2024-04-26T22:13:17.345-0300] {logging_mixin.py:188} INFO - [2024-04-26T22:13:17.345-0300] {dag.py:3954} INFO - Setting next_dagrun for example_params_ui_tutorial to None, run_after=None
[2024-04-26T22:13:17.379-0300] {processor.py:183} INFO - Processing /home/athlon/projects/airflow/.venv/lib/python3.11/site-packages/airflow/example_dags/example_params_ui_tutorial.py took 0.158 seconds
[2024-04-26T22:14:14.944-0300] {processor.py:161} INFO - Started process (PID=23410) to work on /home/athlon/projects/airflow/.venv/lib/python3.11/site-packages/airflow/example_dags/example_params_ui_tutorial.py
[2024-04-26T22:14:14.951-0300] {processor.py:830} INFO - Processing file /home/athlon/projects/airflow/.venv/lib/python3.11/site-packages/airflow/example_dags/example_params_ui_tutorial.py for tasks to queue
[2024-04-26T22:14:14.954-0300] {logging_mixin.py:188} INFO - [2024-04-26T22:14:14.953-0300] {dagbag.py:540} INFO - Filling up the DagBag from /home/athlon/projects/airflow/.venv/lib/python3.11/site-packages/airflow/example_dags/example_params_ui_tutorial.py
[2024-04-26T22:14:14.978-0300] {processor.py:840} INFO - DAG(s) 'example_params_ui_tutorial' retrieved from /home/athlon/projects/airflow/.venv/lib/python3.11/site-packages/airflow/example_dags/example_params_ui_tutorial.py
[2024-04-26T22:14:15.061-0300] {logging_mixin.py:188} INFO - [2024-04-26T22:14:15.061-0300] {dag.py:3096} INFO - Sync 1 DAGs
[2024-04-26T22:14:15.085-0300] {logging_mixin.py:188} INFO - [2024-04-26T22:14:15.084-0300] {dag.py:3954} INFO - Setting next_dagrun for example_params_ui_tutorial to None, run_after=None
[2024-04-26T22:14:15.121-0300] {processor.py:183} INFO - Processing /home/athlon/projects/airflow/.venv/lib/python3.11/site-packages/airflow/example_dags/example_params_ui_tutorial.py took 0.189 seconds
[2024-04-26T22:15:19.401-0300] {processor.py:161} INFO - Started process (PID=23514) to work on /home/athlon/projects/airflow/.venv/lib/python3.11/site-packages/airflow/example_dags/example_params_ui_tutorial.py
[2024-04-26T22:15:19.407-0300] {processor.py:830} INFO - Processing file /home/athlon/projects/airflow/.venv/lib/python3.11/site-packages/airflow/example_dags/example_params_ui_tutorial.py for tasks to queue
[2024-04-26T22:15:19.410-0300] {logging_mixin.py:188} INFO - [2024-04-26T22:15:19.409-0300] {dagbag.py:540} INFO - Filling up the DagBag from /home/athlon/projects/airflow/.venv/lib/python3.11/site-packages/airflow/example_dags/example_params_ui_tutorial.py
[2024-04-26T22:15:19.441-0300] {processor.py:840} INFO - DAG(s) 'example_params_ui_tutorial' retrieved from /home/athlon/projects/airflow/.venv/lib/python3.11/site-packages/airflow/example_dags/example_params_ui_tutorial.py
[2024-04-26T22:15:19.510-0300] {logging_mixin.py:188} INFO - [2024-04-26T22:15:19.510-0300] {dag.py:3096} INFO - Sync 1 DAGs
[2024-04-26T22:15:19.528-0300] {logging_mixin.py:188} INFO - [2024-04-26T22:15:19.527-0300] {dag.py:3954} INFO - Setting next_dagrun for example_params_ui_tutorial to None, run_after=None
[2024-04-26T22:15:19.557-0300] {processor.py:183} INFO - Processing /home/athlon/projects/airflow/.venv/lib/python3.11/site-packages/airflow/example_dags/example_params_ui_tutorial.py took 0.168 seconds
[2024-04-26T22:16:25.677-0300] {processor.py:161} INFO - Started process (PID=23653) to work on /home/athlon/projects/airflow/.venv/lib/python3.11/site-packages/airflow/example_dags/example_params_ui_tutorial.py
[2024-04-26T22:16:25.679-0300] {processor.py:830} INFO - Processing file /home/athlon/projects/airflow/.venv/lib/python3.11/site-packages/airflow/example_dags/example_params_ui_tutorial.py for tasks to queue
[2024-04-26T22:16:25.682-0300] {logging_mixin.py:188} INFO - [2024-04-26T22:16:25.681-0300] {dagbag.py:540} INFO - Filling up the DagBag from /home/athlon/projects/airflow/.venv/lib/python3.11/site-packages/airflow/example_dags/example_params_ui_tutorial.py
[2024-04-26T22:16:25.705-0300] {processor.py:840} INFO - DAG(s) 'example_params_ui_tutorial' retrieved from /home/athlon/projects/airflow/.venv/lib/python3.11/site-packages/airflow/example_dags/example_params_ui_tutorial.py
[2024-04-26T22:16:25.772-0300] {logging_mixin.py:188} INFO - [2024-04-26T22:16:25.771-0300] {dag.py:3096} INFO - Sync 1 DAGs
[2024-04-26T22:16:25.789-0300] {logging_mixin.py:188} INFO - [2024-04-26T22:16:25.789-0300] {dag.py:3954} INFO - Setting next_dagrun for example_params_ui_tutorial to None, run_after=None
[2024-04-26T22:16:25.820-0300] {processor.py:183} INFO - Processing /home/athlon/projects/airflow/.venv/lib/python3.11/site-packages/airflow/example_dags/example_params_ui_tutorial.py took 0.155 seconds
[2024-04-26T22:17:25.521-0300] {processor.py:161} INFO - Started process (PID=23722) to work on /home/athlon/projects/airflow/.venv/lib/python3.11/site-packages/airflow/example_dags/example_params_ui_tutorial.py
[2024-04-26T22:17:25.522-0300] {processor.py:830} INFO - Processing file /home/athlon/projects/airflow/.venv/lib/python3.11/site-packages/airflow/example_dags/example_params_ui_tutorial.py for tasks to queue
[2024-04-26T22:17:25.525-0300] {logging_mixin.py:188} INFO - [2024-04-26T22:17:25.525-0300] {dagbag.py:540} INFO - Filling up the DagBag from /home/athlon/projects/airflow/.venv/lib/python3.11/site-packages/airflow/example_dags/example_params_ui_tutorial.py
[2024-04-26T22:17:25.548-0300] {processor.py:840} INFO - DAG(s) 'example_params_ui_tutorial' retrieved from /home/athlon/projects/airflow/.venv/lib/python3.11/site-packages/airflow/example_dags/example_params_ui_tutorial.py
[2024-04-26T22:17:25.613-0300] {logging_mixin.py:188} INFO - [2024-04-26T22:17:25.612-0300] {dag.py:3096} INFO - Sync 1 DAGs
[2024-04-26T22:17:25.630-0300] {logging_mixin.py:188} INFO - [2024-04-26T22:17:25.630-0300] {dag.py:3954} INFO - Setting next_dagrun for example_params_ui_tutorial to None, run_after=None
[2024-04-26T22:17:25.661-0300] {processor.py:183} INFO - Processing /home/athlon/projects/airflow/.venv/lib/python3.11/site-packages/airflow/example_dags/example_params_ui_tutorial.py took 0.152 seconds
[2024-04-26T22:18:25.198-0300] {processor.py:161} INFO - Started process (PID=23777) to work on /home/athlon/projects/airflow/.venv/lib/python3.11/site-packages/airflow/example_dags/example_params_ui_tutorial.py
[2024-04-26T22:18:25.203-0300] {processor.py:830} INFO - Processing file /home/athlon/projects/airflow/.venv/lib/python3.11/site-packages/airflow/example_dags/example_params_ui_tutorial.py for tasks to queue
[2024-04-26T22:18:25.207-0300] {logging_mixin.py:188} INFO - [2024-04-26T22:18:25.206-0300] {dagbag.py:540} INFO - Filling up the DagBag from /home/athlon/projects/airflow/.venv/lib/python3.11/site-packages/airflow/example_dags/example_params_ui_tutorial.py
[2024-04-26T22:18:25.230-0300] {processor.py:840} INFO - DAG(s) 'example_params_ui_tutorial' retrieved from /home/athlon/projects/airflow/.venv/lib/python3.11/site-packages/airflow/example_dags/example_params_ui_tutorial.py
[2024-04-26T22:18:25.297-0300] {logging_mixin.py:188} INFO - [2024-04-26T22:18:25.297-0300] {dag.py:3096} INFO - Sync 1 DAGs
[2024-04-26T22:18:25.315-0300] {logging_mixin.py:188} INFO - [2024-04-26T22:18:25.315-0300] {dag.py:3954} INFO - Setting next_dagrun for example_params_ui_tutorial to None, run_after=None
[2024-04-26T22:18:25.344-0300] {processor.py:183} INFO - Processing /home/athlon/projects/airflow/.venv/lib/python3.11/site-packages/airflow/example_dags/example_params_ui_tutorial.py took 0.158 seconds
[2024-04-26T22:19:23.718-0300] {processor.py:161} INFO - Started process (PID=23843) to work on /home/athlon/projects/airflow/.venv/lib/python3.11/site-packages/airflow/example_dags/example_params_ui_tutorial.py
[2024-04-26T22:19:23.723-0300] {processor.py:830} INFO - Processing file /home/athlon/projects/airflow/.venv/lib/python3.11/site-packages/airflow/example_dags/example_params_ui_tutorial.py for tasks to queue
[2024-04-26T22:19:23.727-0300] {logging_mixin.py:188} INFO - [2024-04-26T22:19:23.726-0300] {dagbag.py:540} INFO - Filling up the DagBag from /home/athlon/projects/airflow/.venv/lib/python3.11/site-packages/airflow/example_dags/example_params_ui_tutorial.py
[2024-04-26T22:19:23.749-0300] {processor.py:840} INFO - DAG(s) 'example_params_ui_tutorial' retrieved from /home/athlon/projects/airflow/.venv/lib/python3.11/site-packages/airflow/example_dags/example_params_ui_tutorial.py
[2024-04-26T22:19:23.814-0300] {logging_mixin.py:188} INFO - [2024-04-26T22:19:23.814-0300] {dag.py:3096} INFO - Sync 1 DAGs
[2024-04-26T22:19:23.831-0300] {logging_mixin.py:188} INFO - [2024-04-26T22:19:23.831-0300] {dag.py:3954} INFO - Setting next_dagrun for example_params_ui_tutorial to None, run_after=None
[2024-04-26T22:19:23.867-0300] {processor.py:183} INFO - Processing /home/athlon/projects/airflow/.venv/lib/python3.11/site-packages/airflow/example_dags/example_params_ui_tutorial.py took 0.161 seconds
[2024-04-26T22:20:22.457-0300] {processor.py:161} INFO - Started process (PID=23903) to work on /home/athlon/projects/airflow/.venv/lib/python3.11/site-packages/airflow/example_dags/example_params_ui_tutorial.py
[2024-04-26T22:20:22.463-0300] {processor.py:830} INFO - Processing file /home/athlon/projects/airflow/.venv/lib/python3.11/site-packages/airflow/example_dags/example_params_ui_tutorial.py for tasks to queue
[2024-04-26T22:20:22.465-0300] {logging_mixin.py:188} INFO - [2024-04-26T22:20:22.465-0300] {dagbag.py:540} INFO - Filling up the DagBag from /home/athlon/projects/airflow/.venv/lib/python3.11/site-packages/airflow/example_dags/example_params_ui_tutorial.py
[2024-04-26T22:20:22.488-0300] {processor.py:840} INFO - DAG(s) 'example_params_ui_tutorial' retrieved from /home/athlon/projects/airflow/.venv/lib/python3.11/site-packages/airflow/example_dags/example_params_ui_tutorial.py
[2024-04-26T22:20:22.561-0300] {logging_mixin.py:188} INFO - [2024-04-26T22:20:22.560-0300] {dag.py:3096} INFO - Sync 1 DAGs
[2024-04-26T22:20:22.580-0300] {logging_mixin.py:188} INFO - [2024-04-26T22:20:22.580-0300] {dag.py:3954} INFO - Setting next_dagrun for example_params_ui_tutorial to None, run_after=None
[2024-04-26T22:20:22.614-0300] {processor.py:183} INFO - Processing /home/athlon/projects/airflow/.venv/lib/python3.11/site-packages/airflow/example_dags/example_params_ui_tutorial.py took 0.166 seconds
[2024-04-26T22:21:52.081-0300] {processor.py:161} INFO - Started process (PID=24089) to work on /home/athlon/projects/airflow/.venv/lib/python3.11/site-packages/airflow/example_dags/example_params_ui_tutorial.py
[2024-04-26T22:21:52.095-0300] {processor.py:830} INFO - Processing file /home/athlon/projects/airflow/.venv/lib/python3.11/site-packages/airflow/example_dags/example_params_ui_tutorial.py for tasks to queue
[2024-04-26T22:21:52.110-0300] {logging_mixin.py:188} INFO - [2024-04-26T22:21:52.098-0300] {dagbag.py:540} INFO - Filling up the DagBag from /home/athlon/projects/airflow/.venv/lib/python3.11/site-packages/airflow/example_dags/example_params_ui_tutorial.py
[2024-04-26T22:21:52.262-0300] {processor.py:840} INFO - DAG(s) 'example_params_ui_tutorial' retrieved from /home/athlon/projects/airflow/.venv/lib/python3.11/site-packages/airflow/example_dags/example_params_ui_tutorial.py
[2024-04-26T22:21:52.992-0300] {logging_mixin.py:188} INFO - [2024-04-26T22:21:52.973-0300] {dag.py:3096} INFO - Sync 1 DAGs
[2024-04-26T22:21:53.202-0300] {logging_mixin.py:188} INFO - [2024-04-26T22:21:53.191-0300] {dag.py:3954} INFO - Setting next_dagrun for example_params_ui_tutorial to None, run_after=None
[2024-04-26T22:21:54.258-0300] {processor.py:183} INFO - Processing /home/athlon/projects/airflow/.venv/lib/python3.11/site-packages/airflow/example_dags/example_params_ui_tutorial.py took 2.232 seconds
