[2024-04-26T21:25:48.077-0300] {processor.py:161} INFO - Started process (PID=17810) to work on /home/athlon/projects/airflow/.venv/lib/python3.11/site-packages/airflow/example_dags/example_bash_operator.py
[2024-04-26T21:25:48.079-0300] {processor.py:830} INFO - Processing file /home/athlon/projects/airflow/.venv/lib/python3.11/site-packages/airflow/example_dags/example_bash_operator.py for tasks to queue
[2024-04-26T21:25:48.081-0300] {logging_mixin.py:188} INFO - [2024-04-26T21:25:48.081-0300] {dagbag.py:540} INFO - Filling up the DagBag from /home/athlon/projects/airflow/.venv/lib/python3.11/site-packages/airflow/example_dags/example_bash_operator.py
[2024-04-26T21:25:48.100-0300] {processor.py:840} INFO - DAG(s) 'example_bash_operator' retrieved from /home/athlon/projects/airflow/.venv/lib/python3.11/site-packages/airflow/example_dags/example_bash_operator.py
[2024-04-26T21:25:48.135-0300] {logging_mixin.py:188} INFO - [2024-04-26T21:25:48.134-0300] {dag.py:3096} INFO - Sync 1 DAGs
[2024-04-26T21:25:48.163-0300] {logging_mixin.py:188} INFO - [2024-04-26T21:25:48.163-0300] {dag.py:3954} INFO - Setting next_dagrun for example_bash_operator to 2024-04-26 00:00:00+00:00, run_after=2024-04-27 00:00:00+00:00
[2024-04-26T21:25:48.191-0300] {processor.py:183} INFO - Processing /home/athlon/projects/airflow/.venv/lib/python3.11/site-packages/airflow/example_dags/example_bash_operator.py took 0.123 seconds
[2024-04-26T21:26:46.193-0300] {processor.py:161} INFO - Started process (PID=17898) to work on /home/athlon/projects/airflow/.venv/lib/python3.11/site-packages/airflow/example_dags/example_bash_operator.py
[2024-04-26T21:26:46.197-0300] {processor.py:830} INFO - Processing file /home/athlon/projects/airflow/.venv/lib/python3.11/site-packages/airflow/example_dags/example_bash_operator.py for tasks to queue
[2024-04-26T21:26:46.199-0300] {logging_mixin.py:188} INFO - [2024-04-26T21:26:46.199-0300] {dagbag.py:540} INFO - Filling up the DagBag from /home/athlon/projects/airflow/.venv/lib/python3.11/site-packages/airflow/example_dags/example_bash_operator.py
[2024-04-26T21:26:46.220-0300] {processor.py:840} INFO - DAG(s) 'example_bash_operator' retrieved from /home/athlon/projects/airflow/.venv/lib/python3.11/site-packages/airflow/example_dags/example_bash_operator.py
[2024-04-26T21:26:46.258-0300] {logging_mixin.py:188} INFO - [2024-04-26T21:26:46.258-0300] {dag.py:3096} INFO - Sync 1 DAGs
[2024-04-26T21:26:46.288-0300] {logging_mixin.py:188} INFO - [2024-04-26T21:26:46.287-0300] {dag.py:3954} INFO - Setting next_dagrun for example_bash_operator to 2024-04-26 00:00:00+00:00, run_after=2024-04-27 00:00:00+00:00
[2024-04-26T21:26:46.317-0300] {processor.py:183} INFO - Processing /home/athlon/projects/airflow/.venv/lib/python3.11/site-packages/airflow/example_dags/example_bash_operator.py took 0.133 seconds
[2024-04-26T21:27:44.239-0300] {processor.py:161} INFO - Started process (PID=17969) to work on /home/athlon/projects/airflow/.venv/lib/python3.11/site-packages/airflow/example_dags/example_bash_operator.py
[2024-04-26T21:27:44.245-0300] {processor.py:830} INFO - Processing file /home/athlon/projects/airflow/.venv/lib/python3.11/site-packages/airflow/example_dags/example_bash_operator.py for tasks to queue
[2024-04-26T21:27:44.247-0300] {logging_mixin.py:188} INFO - [2024-04-26T21:27:44.246-0300] {dagbag.py:540} INFO - Filling up the DagBag from /home/athlon/projects/airflow/.venv/lib/python3.11/site-packages/airflow/example_dags/example_bash_operator.py
[2024-04-26T21:27:44.264-0300] {processor.py:840} INFO - DAG(s) 'example_bash_operator' retrieved from /home/athlon/projects/airflow/.venv/lib/python3.11/site-packages/airflow/example_dags/example_bash_operator.py
[2024-04-26T21:27:44.296-0300] {logging_mixin.py:188} INFO - [2024-04-26T21:27:44.296-0300] {dag.py:3096} INFO - Sync 1 DAGs
[2024-04-26T21:27:44.325-0300] {logging_mixin.py:188} INFO - [2024-04-26T21:27:44.325-0300] {dag.py:3954} INFO - Setting next_dagrun for example_bash_operator to 2024-04-26 00:00:00+00:00, run_after=2024-04-27 00:00:00+00:00
[2024-04-26T21:27:44.355-0300] {processor.py:183} INFO - Processing /home/athlon/projects/airflow/.venv/lib/python3.11/site-packages/airflow/example_dags/example_bash_operator.py took 0.123 seconds
[2024-04-26T21:28:43.221-0300] {processor.py:161} INFO - Started process (PID=18053) to work on /home/athlon/projects/airflow/.venv/lib/python3.11/site-packages/airflow/example_dags/example_bash_operator.py
[2024-04-26T21:28:43.227-0300] {processor.py:830} INFO - Processing file /home/athlon/projects/airflow/.venv/lib/python3.11/site-packages/airflow/example_dags/example_bash_operator.py for tasks to queue
[2024-04-26T21:28:43.230-0300] {logging_mixin.py:188} INFO - [2024-04-26T21:28:43.229-0300] {dagbag.py:540} INFO - Filling up the DagBag from /home/athlon/projects/airflow/.venv/lib/python3.11/site-packages/airflow/example_dags/example_bash_operator.py
[2024-04-26T21:28:43.249-0300] {processor.py:840} INFO - DAG(s) 'example_bash_operator' retrieved from /home/athlon/projects/airflow/.venv/lib/python3.11/site-packages/airflow/example_dags/example_bash_operator.py
[2024-04-26T21:28:43.284-0300] {logging_mixin.py:188} INFO - [2024-04-26T21:28:43.284-0300] {dag.py:3096} INFO - Sync 1 DAGs
[2024-04-26T21:28:43.312-0300] {logging_mixin.py:188} INFO - [2024-04-26T21:28:43.312-0300] {dag.py:3954} INFO - Setting next_dagrun for example_bash_operator to 2024-04-26 00:00:00+00:00, run_after=2024-04-27 00:00:00+00:00
[2024-04-26T21:28:43.342-0300] {processor.py:183} INFO - Processing /home/athlon/projects/airflow/.venv/lib/python3.11/site-packages/airflow/example_dags/example_bash_operator.py took 0.131 seconds
[2024-04-26T21:29:44.435-0300] {processor.py:161} INFO - Started process (PID=18675) to work on /home/athlon/projects/airflow/.venv/lib/python3.11/site-packages/airflow/example_dags/example_bash_operator.py
[2024-04-26T21:29:44.436-0300] {processor.py:830} INFO - Processing file /home/athlon/projects/airflow/.venv/lib/python3.11/site-packages/airflow/example_dags/example_bash_operator.py for tasks to queue
[2024-04-26T21:29:44.440-0300] {logging_mixin.py:188} INFO - [2024-04-26T21:29:44.439-0300] {dagbag.py:540} INFO - Filling up the DagBag from /home/athlon/projects/airflow/.venv/lib/python3.11/site-packages/airflow/example_dags/example_bash_operator.py
[2024-04-26T21:29:44.470-0300] {processor.py:840} INFO - DAG(s) 'example_bash_operator' retrieved from /home/athlon/projects/airflow/.venv/lib/python3.11/site-packages/airflow/example_dags/example_bash_operator.py
[2024-04-26T21:29:44.518-0300] {logging_mixin.py:188} INFO - [2024-04-26T21:29:44.517-0300] {dag.py:3096} INFO - Sync 1 DAGs
[2024-04-26T21:29:44.557-0300] {logging_mixin.py:188} INFO - [2024-04-26T21:29:44.557-0300] {dag.py:3954} INFO - Setting next_dagrun for example_bash_operator to 2024-04-26 00:00:00+00:00, run_after=2024-04-27 00:00:00+00:00
[2024-04-26T21:29:44.595-0300] {processor.py:183} INFO - Processing /home/athlon/projects/airflow/.venv/lib/python3.11/site-packages/airflow/example_dags/example_bash_operator.py took 0.174 seconds
[2024-04-26T21:30:50.230-0300] {processor.py:161} INFO - Started process (PID=18752) to work on /home/athlon/projects/airflow/.venv/lib/python3.11/site-packages/airflow/example_dags/example_bash_operator.py
[2024-04-26T21:30:50.237-0300] {processor.py:830} INFO - Processing file /home/athlon/projects/airflow/.venv/lib/python3.11/site-packages/airflow/example_dags/example_bash_operator.py for tasks to queue
[2024-04-26T21:30:50.239-0300] {logging_mixin.py:188} INFO - [2024-04-26T21:30:50.239-0300] {dagbag.py:540} INFO - Filling up the DagBag from /home/athlon/projects/airflow/.venv/lib/python3.11/site-packages/airflow/example_dags/example_bash_operator.py
[2024-04-26T21:30:50.261-0300] {processor.py:840} INFO - DAG(s) 'example_bash_operator' retrieved from /home/athlon/projects/airflow/.venv/lib/python3.11/site-packages/airflow/example_dags/example_bash_operator.py
[2024-04-26T21:30:50.300-0300] {logging_mixin.py:188} INFO - [2024-04-26T21:30:50.300-0300] {dag.py:3096} INFO - Sync 1 DAGs
[2024-04-26T21:30:50.332-0300] {logging_mixin.py:188} INFO - [2024-04-26T21:30:50.331-0300] {dag.py:3954} INFO - Setting next_dagrun for example_bash_operator to 2024-04-26 00:00:00+00:00, run_after=2024-04-27 00:00:00+00:00
[2024-04-26T21:30:50.369-0300] {processor.py:183} INFO - Processing /home/athlon/projects/airflow/.venv/lib/python3.11/site-packages/airflow/example_dags/example_bash_operator.py took 0.149 seconds
[2024-04-26T21:31:50.020-0300] {processor.py:161} INFO - Started process (PID=18826) to work on /home/athlon/projects/airflow/.venv/lib/python3.11/site-packages/airflow/example_dags/example_bash_operator.py
[2024-04-26T21:31:50.026-0300] {processor.py:830} INFO - Processing file /home/athlon/projects/airflow/.venv/lib/python3.11/site-packages/airflow/example_dags/example_bash_operator.py for tasks to queue
[2024-04-26T21:31:50.028-0300] {logging_mixin.py:188} INFO - [2024-04-26T21:31:50.028-0300] {dagbag.py:540} INFO - Filling up the DagBag from /home/athlon/projects/airflow/.venv/lib/python3.11/site-packages/airflow/example_dags/example_bash_operator.py
[2024-04-26T21:31:50.048-0300] {processor.py:840} INFO - DAG(s) 'example_bash_operator' retrieved from /home/athlon/projects/airflow/.venv/lib/python3.11/site-packages/airflow/example_dags/example_bash_operator.py
[2024-04-26T21:31:50.082-0300] {logging_mixin.py:188} INFO - [2024-04-26T21:31:50.082-0300] {dag.py:3096} INFO - Sync 1 DAGs
[2024-04-26T21:31:50.112-0300] {logging_mixin.py:188} INFO - [2024-04-26T21:31:50.111-0300] {dag.py:3954} INFO - Setting next_dagrun for example_bash_operator to 2024-04-26 00:00:00+00:00, run_after=2024-04-27 00:00:00+00:00
[2024-04-26T21:31:50.143-0300] {processor.py:183} INFO - Processing /home/athlon/projects/airflow/.venv/lib/python3.11/site-packages/airflow/example_dags/example_bash_operator.py took 0.134 seconds
[2024-04-26T21:32:48.905-0300] {processor.py:161} INFO - Started process (PID=18880) to work on /home/athlon/projects/airflow/.venv/lib/python3.11/site-packages/airflow/example_dags/example_bash_operator.py
[2024-04-26T21:32:48.911-0300] {processor.py:830} INFO - Processing file /home/athlon/projects/airflow/.venv/lib/python3.11/site-packages/airflow/example_dags/example_bash_operator.py for tasks to queue
[2024-04-26T21:32:48.914-0300] {logging_mixin.py:188} INFO - [2024-04-26T21:32:48.913-0300] {dagbag.py:540} INFO - Filling up the DagBag from /home/athlon/projects/airflow/.venv/lib/python3.11/site-packages/airflow/example_dags/example_bash_operator.py
[2024-04-26T21:32:48.934-0300] {processor.py:840} INFO - DAG(s) 'example_bash_operator' retrieved from /home/athlon/projects/airflow/.venv/lib/python3.11/site-packages/airflow/example_dags/example_bash_operator.py
[2024-04-26T21:32:48.968-0300] {logging_mixin.py:188} INFO - [2024-04-26T21:32:48.967-0300] {dag.py:3096} INFO - Sync 1 DAGs
[2024-04-26T21:32:48.997-0300] {logging_mixin.py:188} INFO - [2024-04-26T21:32:48.997-0300] {dag.py:3954} INFO - Setting next_dagrun for example_bash_operator to 2024-04-26 00:00:00+00:00, run_after=2024-04-27 00:00:00+00:00
[2024-04-26T21:32:49.026-0300] {processor.py:183} INFO - Processing /home/athlon/projects/airflow/.venv/lib/python3.11/site-packages/airflow/example_dags/example_bash_operator.py took 0.131 seconds
[2024-04-26T21:33:47.342-0300] {processor.py:161} INFO - Started process (PID=19099) to work on /home/athlon/projects/airflow/.venv/lib/python3.11/site-packages/airflow/example_dags/example_bash_operator.py
[2024-04-26T21:33:47.348-0300] {processor.py:830} INFO - Processing file /home/athlon/projects/airflow/.venv/lib/python3.11/site-packages/airflow/example_dags/example_bash_operator.py for tasks to queue
[2024-04-26T21:33:47.351-0300] {logging_mixin.py:188} INFO - [2024-04-26T21:33:47.350-0300] {dagbag.py:540} INFO - Filling up the DagBag from /home/athlon/projects/airflow/.venv/lib/python3.11/site-packages/airflow/example_dags/example_bash_operator.py
[2024-04-26T21:33:47.371-0300] {processor.py:840} INFO - DAG(s) 'example_bash_operator' retrieved from /home/athlon/projects/airflow/.venv/lib/python3.11/site-packages/airflow/example_dags/example_bash_operator.py
[2024-04-26T21:33:47.404-0300] {logging_mixin.py:188} INFO - [2024-04-26T21:33:47.404-0300] {dag.py:3096} INFO - Sync 1 DAGs
[2024-04-26T21:33:47.434-0300] {logging_mixin.py:188} INFO - [2024-04-26T21:33:47.434-0300] {dag.py:3954} INFO - Setting next_dagrun for example_bash_operator to 2024-04-26 00:00:00+00:00, run_after=2024-04-27 00:00:00+00:00
[2024-04-26T21:33:47.644-0300] {processor.py:183} INFO - Processing /home/athlon/projects/airflow/.venv/lib/python3.11/site-packages/airflow/example_dags/example_bash_operator.py took 0.313 seconds
[2024-04-26T21:34:54.506-0300] {processor.py:161} INFO - Started process (PID=19184) to work on /home/athlon/projects/airflow/.venv/lib/python3.11/site-packages/airflow/example_dags/example_bash_operator.py
[2024-04-26T21:34:54.513-0300] {processor.py:830} INFO - Processing file /home/athlon/projects/airflow/.venv/lib/python3.11/site-packages/airflow/example_dags/example_bash_operator.py for tasks to queue
[2024-04-26T21:34:54.517-0300] {logging_mixin.py:188} INFO - [2024-04-26T21:34:54.516-0300] {dagbag.py:540} INFO - Filling up the DagBag from /home/athlon/projects/airflow/.venv/lib/python3.11/site-packages/airflow/example_dags/example_bash_operator.py
[2024-04-26T21:34:54.535-0300] {processor.py:840} INFO - DAG(s) 'example_bash_operator' retrieved from /home/athlon/projects/airflow/.venv/lib/python3.11/site-packages/airflow/example_dags/example_bash_operator.py
[2024-04-26T21:34:54.569-0300] {logging_mixin.py:188} INFO - [2024-04-26T21:34:54.569-0300] {dag.py:3096} INFO - Sync 1 DAGs
[2024-04-26T21:34:54.599-0300] {logging_mixin.py:188} INFO - [2024-04-26T21:34:54.599-0300] {dag.py:3954} INFO - Setting next_dagrun for example_bash_operator to 2024-04-26 00:00:00+00:00, run_after=2024-04-27 00:00:00+00:00
[2024-04-26T21:34:54.767-0300] {processor.py:183} INFO - Processing /home/athlon/projects/airflow/.venv/lib/python3.11/site-packages/airflow/example_dags/example_bash_operator.py took 0.271 seconds
[2024-04-26T21:36:20.938-0300] {processor.py:161} INFO - Started process (PID=19274) to work on /home/athlon/projects/airflow/.venv/lib/python3.11/site-packages/airflow/example_dags/example_bash_operator.py
[2024-04-26T21:36:20.943-0300] {processor.py:830} INFO - Processing file /home/athlon/projects/airflow/.venv/lib/python3.11/site-packages/airflow/example_dags/example_bash_operator.py for tasks to queue
[2024-04-26T21:36:20.946-0300] {logging_mixin.py:188} INFO - [2024-04-26T21:36:20.945-0300] {dagbag.py:540} INFO - Filling up the DagBag from /home/athlon/projects/airflow/.venv/lib/python3.11/site-packages/airflow/example_dags/example_bash_operator.py
[2024-04-26T21:36:20.965-0300] {processor.py:840} INFO - DAG(s) 'example_bash_operator' retrieved from /home/athlon/projects/airflow/.venv/lib/python3.11/site-packages/airflow/example_dags/example_bash_operator.py
[2024-04-26T21:36:20.998-0300] {logging_mixin.py:188} INFO - [2024-04-26T21:36:20.998-0300] {dag.py:3096} INFO - Sync 1 DAGs
[2024-04-26T21:36:21.028-0300] {logging_mixin.py:188} INFO - [2024-04-26T21:36:21.027-0300] {dag.py:3954} INFO - Setting next_dagrun for example_bash_operator to 2024-04-26 00:00:00+00:00, run_after=2024-04-27 00:00:00+00:00
[2024-04-26T21:36:21.057-0300] {processor.py:183} INFO - Processing /home/athlon/projects/airflow/.venv/lib/python3.11/site-packages/airflow/example_dags/example_bash_operator.py took 0.129 seconds
[2024-04-26T21:37:18.746-0300] {processor.py:161} INFO - Started process (PID=19339) to work on /home/athlon/projects/airflow/.venv/lib/python3.11/site-packages/airflow/example_dags/example_bash_operator.py
[2024-04-26T21:37:18.752-0300] {processor.py:830} INFO - Processing file /home/athlon/projects/airflow/.venv/lib/python3.11/site-packages/airflow/example_dags/example_bash_operator.py for tasks to queue
[2024-04-26T21:37:18.755-0300] {logging_mixin.py:188} INFO - [2024-04-26T21:37:18.754-0300] {dagbag.py:540} INFO - Filling up the DagBag from /home/athlon/projects/airflow/.venv/lib/python3.11/site-packages/airflow/example_dags/example_bash_operator.py
[2024-04-26T21:37:18.775-0300] {processor.py:840} INFO - DAG(s) 'example_bash_operator' retrieved from /home/athlon/projects/airflow/.venv/lib/python3.11/site-packages/airflow/example_dags/example_bash_operator.py
[2024-04-26T21:37:18.808-0300] {logging_mixin.py:188} INFO - [2024-04-26T21:37:18.808-0300] {dag.py:3096} INFO - Sync 1 DAGs
[2024-04-26T21:37:18.838-0300] {logging_mixin.py:188} INFO - [2024-04-26T21:37:18.838-0300] {dag.py:3954} INFO - Setting next_dagrun for example_bash_operator to 2024-04-26 00:00:00+00:00, run_after=2024-04-27 00:00:00+00:00
[2024-04-26T21:37:18.868-0300] {processor.py:183} INFO - Processing /home/athlon/projects/airflow/.venv/lib/python3.11/site-packages/airflow/example_dags/example_bash_operator.py took 0.133 seconds
[2024-04-26T21:38:16.951-0300] {processor.py:161} INFO - Started process (PID=19405) to work on /home/athlon/projects/airflow/.venv/lib/python3.11/site-packages/airflow/example_dags/example_bash_operator.py
[2024-04-26T21:38:16.957-0300] {processor.py:830} INFO - Processing file /home/athlon/projects/airflow/.venv/lib/python3.11/site-packages/airflow/example_dags/example_bash_operator.py for tasks to queue
[2024-04-26T21:38:16.959-0300] {logging_mixin.py:188} INFO - [2024-04-26T21:38:16.959-0300] {dagbag.py:540} INFO - Filling up the DagBag from /home/athlon/projects/airflow/.venv/lib/python3.11/site-packages/airflow/example_dags/example_bash_operator.py
[2024-04-26T21:38:16.980-0300] {processor.py:840} INFO - DAG(s) 'example_bash_operator' retrieved from /home/athlon/projects/airflow/.venv/lib/python3.11/site-packages/airflow/example_dags/example_bash_operator.py
[2024-04-26T21:38:17.013-0300] {logging_mixin.py:188} INFO - [2024-04-26T21:38:17.013-0300] {dag.py:3096} INFO - Sync 1 DAGs
[2024-04-26T21:38:17.043-0300] {logging_mixin.py:188} INFO - [2024-04-26T21:38:17.042-0300] {dag.py:3954} INFO - Setting next_dagrun for example_bash_operator to 2024-04-26 00:00:00+00:00, run_after=2024-04-27 00:00:00+00:00
[2024-04-26T21:38:17.072-0300] {processor.py:183} INFO - Processing /home/athlon/projects/airflow/.venv/lib/python3.11/site-packages/airflow/example_dags/example_bash_operator.py took 0.132 seconds
[2024-04-26T21:39:14.049-0300] {processor.py:161} INFO - Started process (PID=19506) to work on /home/athlon/projects/airflow/.venv/lib/python3.11/site-packages/airflow/example_dags/example_bash_operator.py
[2024-04-26T21:39:14.054-0300] {processor.py:830} INFO - Processing file /home/athlon/projects/airflow/.venv/lib/python3.11/site-packages/airflow/example_dags/example_bash_operator.py for tasks to queue
[2024-04-26T21:39:14.057-0300] {logging_mixin.py:188} INFO - [2024-04-26T21:39:14.056-0300] {dagbag.py:540} INFO - Filling up the DagBag from /home/athlon/projects/airflow/.venv/lib/python3.11/site-packages/airflow/example_dags/example_bash_operator.py
[2024-04-26T21:39:14.077-0300] {processor.py:840} INFO - DAG(s) 'example_bash_operator' retrieved from /home/athlon/projects/airflow/.venv/lib/python3.11/site-packages/airflow/example_dags/example_bash_operator.py
[2024-04-26T21:39:14.110-0300] {logging_mixin.py:188} INFO - [2024-04-26T21:39:14.109-0300] {dag.py:3096} INFO - Sync 1 DAGs
[2024-04-26T21:39:14.140-0300] {logging_mixin.py:188} INFO - [2024-04-26T21:39:14.140-0300] {dag.py:3954} INFO - Setting next_dagrun for example_bash_operator to 2024-04-26 00:00:00+00:00, run_after=2024-04-27 00:00:00+00:00
[2024-04-26T21:39:14.170-0300] {processor.py:183} INFO - Processing /home/athlon/projects/airflow/.venv/lib/python3.11/site-packages/airflow/example_dags/example_bash_operator.py took 0.130 seconds
[2024-04-26T21:40:13.776-0300] {processor.py:161} INFO - Started process (PID=19622) to work on /home/athlon/projects/airflow/.venv/lib/python3.11/site-packages/airflow/example_dags/example_bash_operator.py
[2024-04-26T21:40:13.782-0300] {processor.py:830} INFO - Processing file /home/athlon/projects/airflow/.venv/lib/python3.11/site-packages/airflow/example_dags/example_bash_operator.py for tasks to queue
[2024-04-26T21:40:13.785-0300] {logging_mixin.py:188} INFO - [2024-04-26T21:40:13.784-0300] {dagbag.py:540} INFO - Filling up the DagBag from /home/athlon/projects/airflow/.venv/lib/python3.11/site-packages/airflow/example_dags/example_bash_operator.py
[2024-04-26T21:40:13.805-0300] {processor.py:840} INFO - DAG(s) 'example_bash_operator' retrieved from /home/athlon/projects/airflow/.venv/lib/python3.11/site-packages/airflow/example_dags/example_bash_operator.py
[2024-04-26T21:40:13.842-0300] {logging_mixin.py:188} INFO - [2024-04-26T21:40:13.842-0300] {dag.py:3096} INFO - Sync 1 DAGs
[2024-04-26T21:40:13.876-0300] {logging_mixin.py:188} INFO - [2024-04-26T21:40:13.875-0300] {dag.py:3954} INFO - Setting next_dagrun for example_bash_operator to 2024-04-26 00:00:00+00:00, run_after=2024-04-27 00:00:00+00:00
[2024-04-26T21:40:13.912-0300] {processor.py:183} INFO - Processing /home/athlon/projects/airflow/.venv/lib/python3.11/site-packages/airflow/example_dags/example_bash_operator.py took 0.144 seconds
[2024-04-26T21:41:11.569-0300] {processor.py:161} INFO - Started process (PID=19741) to work on /home/athlon/projects/airflow/.venv/lib/python3.11/site-packages/airflow/example_dags/example_bash_operator.py
[2024-04-26T21:41:11.575-0300] {processor.py:830} INFO - Processing file /home/athlon/projects/airflow/.venv/lib/python3.11/site-packages/airflow/example_dags/example_bash_operator.py for tasks to queue
[2024-04-26T21:41:11.578-0300] {logging_mixin.py:188} INFO - [2024-04-26T21:41:11.577-0300] {dagbag.py:540} INFO - Filling up the DagBag from /home/athlon/projects/airflow/.venv/lib/python3.11/site-packages/airflow/example_dags/example_bash_operator.py
[2024-04-26T21:41:11.601-0300] {processor.py:840} INFO - DAG(s) 'example_bash_operator' retrieved from /home/athlon/projects/airflow/.venv/lib/python3.11/site-packages/airflow/example_dags/example_bash_operator.py
[2024-04-26T21:41:11.636-0300] {logging_mixin.py:188} INFO - [2024-04-26T21:41:11.636-0300] {dag.py:3096} INFO - Sync 1 DAGs
[2024-04-26T21:41:11.669-0300] {logging_mixin.py:188} INFO - [2024-04-26T21:41:11.669-0300] {dag.py:3954} INFO - Setting next_dagrun for example_bash_operator to 2024-04-26 00:00:00+00:00, run_after=2024-04-27 00:00:00+00:00
[2024-04-26T21:41:11.706-0300] {processor.py:183} INFO - Processing /home/athlon/projects/airflow/.venv/lib/python3.11/site-packages/airflow/example_dags/example_bash_operator.py took 0.148 seconds
[2024-04-26T21:42:11.209-0300] {processor.py:161} INFO - Started process (PID=19816) to work on /home/athlon/projects/airflow/.venv/lib/python3.11/site-packages/airflow/example_dags/example_bash_operator.py
[2024-04-26T21:42:11.215-0300] {processor.py:830} INFO - Processing file /home/athlon/projects/airflow/.venv/lib/python3.11/site-packages/airflow/example_dags/example_bash_operator.py for tasks to queue
[2024-04-26T21:42:11.217-0300] {logging_mixin.py:188} INFO - [2024-04-26T21:42:11.217-0300] {dagbag.py:540} INFO - Filling up the DagBag from /home/athlon/projects/airflow/.venv/lib/python3.11/site-packages/airflow/example_dags/example_bash_operator.py
[2024-04-26T21:42:11.234-0300] {processor.py:840} INFO - DAG(s) 'example_bash_operator' retrieved from /home/athlon/projects/airflow/.venv/lib/python3.11/site-packages/airflow/example_dags/example_bash_operator.py
[2024-04-26T21:42:11.272-0300] {logging_mixin.py:188} INFO - [2024-04-26T21:42:11.272-0300] {dag.py:3096} INFO - Sync 1 DAGs
[2024-04-26T21:42:11.304-0300] {logging_mixin.py:188} INFO - [2024-04-26T21:42:11.303-0300] {dag.py:3954} INFO - Setting next_dagrun for example_bash_operator to 2024-04-26 00:00:00+00:00, run_after=2024-04-27 00:00:00+00:00
[2024-04-26T21:42:11.345-0300] {processor.py:183} INFO - Processing /home/athlon/projects/airflow/.venv/lib/python3.11/site-packages/airflow/example_dags/example_bash_operator.py took 0.144 seconds
[2024-04-26T21:43:10.911-0300] {processor.py:161} INFO - Started process (PID=19881) to work on /home/athlon/projects/airflow/.venv/lib/python3.11/site-packages/airflow/example_dags/example_bash_operator.py
[2024-04-26T21:43:10.913-0300] {processor.py:830} INFO - Processing file /home/athlon/projects/airflow/.venv/lib/python3.11/site-packages/airflow/example_dags/example_bash_operator.py for tasks to queue
[2024-04-26T21:43:10.915-0300] {logging_mixin.py:188} INFO - [2024-04-26T21:43:10.915-0300] {dagbag.py:540} INFO - Filling up the DagBag from /home/athlon/projects/airflow/.venv/lib/python3.11/site-packages/airflow/example_dags/example_bash_operator.py
[2024-04-26T21:43:10.933-0300] {processor.py:840} INFO - DAG(s) 'example_bash_operator' retrieved from /home/athlon/projects/airflow/.venv/lib/python3.11/site-packages/airflow/example_dags/example_bash_operator.py
[2024-04-26T21:43:10.969-0300] {logging_mixin.py:188} INFO - [2024-04-26T21:43:10.969-0300] {dag.py:3096} INFO - Sync 1 DAGs
[2024-04-26T21:43:11.002-0300] {logging_mixin.py:188} INFO - [2024-04-26T21:43:11.002-0300] {dag.py:3954} INFO - Setting next_dagrun for example_bash_operator to 2024-04-26 00:00:00+00:00, run_after=2024-04-27 00:00:00+00:00
[2024-04-26T21:43:11.039-0300] {processor.py:183} INFO - Processing /home/athlon/projects/airflow/.venv/lib/python3.11/site-packages/airflow/example_dags/example_bash_operator.py took 0.136 seconds
[2024-04-26T21:44:08.121-0300] {processor.py:161} INFO - Started process (PID=19946) to work on /home/athlon/projects/airflow/.venv/lib/python3.11/site-packages/airflow/example_dags/example_bash_operator.py
[2024-04-26T21:44:08.127-0300] {processor.py:830} INFO - Processing file /home/athlon/projects/airflow/.venv/lib/python3.11/site-packages/airflow/example_dags/example_bash_operator.py for tasks to queue
[2024-04-26T21:44:08.130-0300] {logging_mixin.py:188} INFO - [2024-04-26T21:44:08.129-0300] {dagbag.py:540} INFO - Filling up the DagBag from /home/athlon/projects/airflow/.venv/lib/python3.11/site-packages/airflow/example_dags/example_bash_operator.py
[2024-04-26T21:44:08.153-0300] {processor.py:840} INFO - DAG(s) 'example_bash_operator' retrieved from /home/athlon/projects/airflow/.venv/lib/python3.11/site-packages/airflow/example_dags/example_bash_operator.py
[2024-04-26T21:44:08.187-0300] {logging_mixin.py:188} INFO - [2024-04-26T21:44:08.187-0300] {dag.py:3096} INFO - Sync 1 DAGs
[2024-04-26T21:44:08.218-0300] {logging_mixin.py:188} INFO - [2024-04-26T21:44:08.218-0300] {dag.py:3954} INFO - Setting next_dagrun for example_bash_operator to 2024-04-26 00:00:00+00:00, run_after=2024-04-27 00:00:00+00:00
[2024-04-26T21:44:08.252-0300] {processor.py:183} INFO - Processing /home/athlon/projects/airflow/.venv/lib/python3.11/site-packages/airflow/example_dags/example_bash_operator.py took 0.142 seconds
[2024-04-26T21:45:01.476-0300] {processor.py:161} INFO - Started process (PID=20014) to work on /home/athlon/projects/airflow/.venv/lib/python3.11/site-packages/airflow/example_dags/example_bash_operator.py
[2024-04-26T21:45:01.482-0300] {processor.py:830} INFO - Processing file /home/athlon/projects/airflow/.venv/lib/python3.11/site-packages/airflow/example_dags/example_bash_operator.py for tasks to queue
[2024-04-26T21:45:01.485-0300] {logging_mixin.py:188} INFO - [2024-04-26T21:45:01.484-0300] {dagbag.py:540} INFO - Filling up the DagBag from /home/athlon/projects/airflow/.venv/lib/python3.11/site-packages/airflow/example_dags/example_bash_operator.py
[2024-04-26T21:45:01.505-0300] {processor.py:840} INFO - DAG(s) 'example_bash_operator' retrieved from /home/athlon/projects/airflow/.venv/lib/python3.11/site-packages/airflow/example_dags/example_bash_operator.py
[2024-04-26T21:45:01.541-0300] {logging_mixin.py:188} INFO - [2024-04-26T21:45:01.541-0300] {dag.py:3096} INFO - Sync 1 DAGs
[2024-04-26T21:45:01.571-0300] {logging_mixin.py:188} INFO - [2024-04-26T21:45:01.571-0300] {dag.py:3954} INFO - Setting next_dagrun for example_bash_operator to 2024-04-26 00:00:00+00:00, run_after=2024-04-27 00:00:00+00:00
[2024-04-26T21:45:01.600-0300] {processor.py:183} INFO - Processing /home/athlon/projects/airflow/.venv/lib/python3.11/site-packages/airflow/example_dags/example_bash_operator.py took 0.135 seconds
[2024-04-26T21:46:00.183-0300] {processor.py:161} INFO - Started process (PID=20079) to work on /home/athlon/projects/airflow/.venv/lib/python3.11/site-packages/airflow/example_dags/example_bash_operator.py
[2024-04-26T21:46:00.189-0300] {processor.py:830} INFO - Processing file /home/athlon/projects/airflow/.venv/lib/python3.11/site-packages/airflow/example_dags/example_bash_operator.py for tasks to queue
[2024-04-26T21:46:00.192-0300] {logging_mixin.py:188} INFO - [2024-04-26T21:46:00.191-0300] {dagbag.py:540} INFO - Filling up the DagBag from /home/athlon/projects/airflow/.venv/lib/python3.11/site-packages/airflow/example_dags/example_bash_operator.py
[2024-04-26T21:46:00.212-0300] {processor.py:840} INFO - DAG(s) 'example_bash_operator' retrieved from /home/athlon/projects/airflow/.venv/lib/python3.11/site-packages/airflow/example_dags/example_bash_operator.py
[2024-04-26T21:46:00.247-0300] {logging_mixin.py:188} INFO - [2024-04-26T21:46:00.246-0300] {dag.py:3096} INFO - Sync 1 DAGs
[2024-04-26T21:46:00.279-0300] {logging_mixin.py:188} INFO - [2024-04-26T21:46:00.279-0300] {dag.py:3954} INFO - Setting next_dagrun for example_bash_operator to 2024-04-26 00:00:00+00:00, run_after=2024-04-27 00:00:00+00:00
[2024-04-26T21:46:00.313-0300] {processor.py:183} INFO - Processing /home/athlon/projects/airflow/.venv/lib/python3.11/site-packages/airflow/example_dags/example_bash_operator.py took 0.141 seconds
[2024-04-26T21:46:59.070-0300] {processor.py:161} INFO - Started process (PID=20144) to work on /home/athlon/projects/airflow/.venv/lib/python3.11/site-packages/airflow/example_dags/example_bash_operator.py
[2024-04-26T21:46:59.076-0300] {processor.py:830} INFO - Processing file /home/athlon/projects/airflow/.venv/lib/python3.11/site-packages/airflow/example_dags/example_bash_operator.py for tasks to queue
[2024-04-26T21:46:59.078-0300] {logging_mixin.py:188} INFO - [2024-04-26T21:46:59.078-0300] {dagbag.py:540} INFO - Filling up the DagBag from /home/athlon/projects/airflow/.venv/lib/python3.11/site-packages/airflow/example_dags/example_bash_operator.py
[2024-04-26T21:46:59.099-0300] {processor.py:840} INFO - DAG(s) 'example_bash_operator' retrieved from /home/athlon/projects/airflow/.venv/lib/python3.11/site-packages/airflow/example_dags/example_bash_operator.py
[2024-04-26T21:46:59.134-0300] {logging_mixin.py:188} INFO - [2024-04-26T21:46:59.133-0300] {dag.py:3096} INFO - Sync 1 DAGs
[2024-04-26T21:46:59.165-0300] {logging_mixin.py:188} INFO - [2024-04-26T21:46:59.164-0300] {dag.py:3954} INFO - Setting next_dagrun for example_bash_operator to 2024-04-26 00:00:00+00:00, run_after=2024-04-27 00:00:00+00:00
[2024-04-26T21:46:59.200-0300] {processor.py:183} INFO - Processing /home/athlon/projects/airflow/.venv/lib/python3.11/site-packages/airflow/example_dags/example_bash_operator.py took 0.141 seconds
[2024-04-26T21:47:56.930-0300] {processor.py:161} INFO - Started process (PID=20211) to work on /home/athlon/projects/airflow/.venv/lib/python3.11/site-packages/airflow/example_dags/example_bash_operator.py
[2024-04-26T21:47:56.936-0300] {processor.py:830} INFO - Processing file /home/athlon/projects/airflow/.venv/lib/python3.11/site-packages/airflow/example_dags/example_bash_operator.py for tasks to queue
[2024-04-26T21:47:56.939-0300] {logging_mixin.py:188} INFO - [2024-04-26T21:47:56.938-0300] {dagbag.py:540} INFO - Filling up the DagBag from /home/athlon/projects/airflow/.venv/lib/python3.11/site-packages/airflow/example_dags/example_bash_operator.py
[2024-04-26T21:47:56.960-0300] {processor.py:840} INFO - DAG(s) 'example_bash_operator' retrieved from /home/athlon/projects/airflow/.venv/lib/python3.11/site-packages/airflow/example_dags/example_bash_operator.py
[2024-04-26T21:47:56.993-0300] {logging_mixin.py:188} INFO - [2024-04-26T21:47:56.993-0300] {dag.py:3096} INFO - Sync 1 DAGs
[2024-04-26T21:47:57.025-0300] {logging_mixin.py:188} INFO - [2024-04-26T21:47:57.025-0300] {dag.py:3954} INFO - Setting next_dagrun for example_bash_operator to 2024-04-26 00:00:00+00:00, run_after=2024-04-27 00:00:00+00:00
[2024-04-26T21:47:57.055-0300] {processor.py:183} INFO - Processing /home/athlon/projects/airflow/.venv/lib/python3.11/site-packages/airflow/example_dags/example_bash_operator.py took 0.135 seconds
[2024-04-26T21:49:15.718-0300] {processor.py:161} INFO - Started process (PID=20306) to work on /home/athlon/projects/airflow/.venv/lib/python3.11/site-packages/airflow/example_dags/example_bash_operator.py
[2024-04-26T21:49:15.724-0300] {processor.py:830} INFO - Processing file /home/athlon/projects/airflow/.venv/lib/python3.11/site-packages/airflow/example_dags/example_bash_operator.py for tasks to queue
[2024-04-26T21:49:15.726-0300] {logging_mixin.py:188} INFO - [2024-04-26T21:49:15.726-0300] {dagbag.py:540} INFO - Filling up the DagBag from /home/athlon/projects/airflow/.venv/lib/python3.11/site-packages/airflow/example_dags/example_bash_operator.py
[2024-04-26T21:49:15.747-0300] {processor.py:840} INFO - DAG(s) 'example_bash_operator' retrieved from /home/athlon/projects/airflow/.venv/lib/python3.11/site-packages/airflow/example_dags/example_bash_operator.py
[2024-04-26T21:49:15.782-0300] {logging_mixin.py:188} INFO - [2024-04-26T21:49:15.782-0300] {dag.py:3096} INFO - Sync 1 DAGs
[2024-04-26T21:49:15.812-0300] {logging_mixin.py:188} INFO - [2024-04-26T21:49:15.812-0300] {dag.py:3954} INFO - Setting next_dagrun for example_bash_operator to 2024-04-26 00:00:00+00:00, run_after=2024-04-27 00:00:00+00:00
[2024-04-26T21:49:15.842-0300] {processor.py:183} INFO - Processing /home/athlon/projects/airflow/.venv/lib/python3.11/site-packages/airflow/example_dags/example_bash_operator.py took 0.135 seconds
[2024-04-26T21:50:13.615-0300] {processor.py:161} INFO - Started process (PID=20371) to work on /home/athlon/projects/airflow/.venv/lib/python3.11/site-packages/airflow/example_dags/example_bash_operator.py
[2024-04-26T21:50:13.620-0300] {processor.py:830} INFO - Processing file /home/athlon/projects/airflow/.venv/lib/python3.11/site-packages/airflow/example_dags/example_bash_operator.py for tasks to queue
[2024-04-26T21:50:13.623-0300] {logging_mixin.py:188} INFO - [2024-04-26T21:50:13.623-0300] {dagbag.py:540} INFO - Filling up the DagBag from /home/athlon/projects/airflow/.venv/lib/python3.11/site-packages/airflow/example_dags/example_bash_operator.py
[2024-04-26T21:50:13.644-0300] {processor.py:840} INFO - DAG(s) 'example_bash_operator' retrieved from /home/athlon/projects/airflow/.venv/lib/python3.11/site-packages/airflow/example_dags/example_bash_operator.py
[2024-04-26T21:50:13.680-0300] {logging_mixin.py:188} INFO - [2024-04-26T21:50:13.680-0300] {dag.py:3096} INFO - Sync 1 DAGs
[2024-04-26T21:50:13.710-0300] {logging_mixin.py:188} INFO - [2024-04-26T21:50:13.710-0300] {dag.py:3954} INFO - Setting next_dagrun for example_bash_operator to 2024-04-26 00:00:00+00:00, run_after=2024-04-27 00:00:00+00:00
[2024-04-26T21:50:13.744-0300] {processor.py:183} INFO - Processing /home/athlon/projects/airflow/.venv/lib/python3.11/site-packages/airflow/example_dags/example_bash_operator.py took 0.140 seconds
[2024-04-26T21:51:09.678-0300] {processor.py:161} INFO - Started process (PID=20445) to work on /home/athlon/projects/airflow/.venv/lib/python3.11/site-packages/airflow/example_dags/example_bash_operator.py
[2024-04-26T21:51:09.683-0300] {processor.py:830} INFO - Processing file /home/athlon/projects/airflow/.venv/lib/python3.11/site-packages/airflow/example_dags/example_bash_operator.py for tasks to queue
[2024-04-26T21:51:09.686-0300] {logging_mixin.py:188} INFO - [2024-04-26T21:51:09.685-0300] {dagbag.py:540} INFO - Filling up the DagBag from /home/athlon/projects/airflow/.venv/lib/python3.11/site-packages/airflow/example_dags/example_bash_operator.py
[2024-04-26T21:51:09.705-0300] {processor.py:840} INFO - DAG(s) 'example_bash_operator' retrieved from /home/athlon/projects/airflow/.venv/lib/python3.11/site-packages/airflow/example_dags/example_bash_operator.py
[2024-04-26T21:51:09.739-0300] {logging_mixin.py:188} INFO - [2024-04-26T21:51:09.738-0300] {dag.py:3096} INFO - Sync 1 DAGs
[2024-04-26T21:51:09.769-0300] {logging_mixin.py:188} INFO - [2024-04-26T21:51:09.769-0300] {dag.py:3954} INFO - Setting next_dagrun for example_bash_operator to 2024-04-26 00:00:00+00:00, run_after=2024-04-27 00:00:00+00:00
[2024-04-26T21:51:09.798-0300] {processor.py:183} INFO - Processing /home/athlon/projects/airflow/.venv/lib/python3.11/site-packages/airflow/example_dags/example_bash_operator.py took 0.130 seconds
[2024-04-26T21:52:32.517-0300] {processor.py:161} INFO - Started process (PID=20648) to work on /home/athlon/projects/airflow/.venv/lib/python3.11/site-packages/airflow/example_dags/example_bash_operator.py
[2024-04-26T21:52:32.518-0300] {processor.py:830} INFO - Processing file /home/athlon/projects/airflow/.venv/lib/python3.11/site-packages/airflow/example_dags/example_bash_operator.py for tasks to queue
[2024-04-26T21:52:32.521-0300] {logging_mixin.py:188} INFO - [2024-04-26T21:52:32.520-0300] {dagbag.py:540} INFO - Filling up the DagBag from /home/athlon/projects/airflow/.venv/lib/python3.11/site-packages/airflow/example_dags/example_bash_operator.py
[2024-04-26T21:52:32.546-0300] {processor.py:840} INFO - DAG(s) 'example_bash_operator' retrieved from /home/athlon/projects/airflow/.venv/lib/python3.11/site-packages/airflow/example_dags/example_bash_operator.py
[2024-04-26T21:52:32.584-0300] {logging_mixin.py:188} INFO - [2024-04-26T21:52:32.584-0300] {dag.py:3096} INFO - Sync 1 DAGs
[2024-04-26T21:52:32.620-0300] {logging_mixin.py:188} INFO - [2024-04-26T21:52:32.620-0300] {dag.py:3954} INFO - Setting next_dagrun for example_bash_operator to 2024-04-26 00:00:00+00:00, run_after=2024-04-27 00:00:00+00:00
[2024-04-26T21:52:32.659-0300] {processor.py:183} INFO - Processing /home/athlon/projects/airflow/.venv/lib/python3.11/site-packages/airflow/example_dags/example_bash_operator.py took 0.153 seconds
[2024-04-26T21:53:28.990-0300] {processor.py:161} INFO - Started process (PID=20714) to work on /home/athlon/projects/airflow/.venv/lib/python3.11/site-packages/airflow/example_dags/example_bash_operator.py
[2024-04-26T21:53:28.996-0300] {processor.py:830} INFO - Processing file /home/athlon/projects/airflow/.venv/lib/python3.11/site-packages/airflow/example_dags/example_bash_operator.py for tasks to queue
[2024-04-26T21:53:28.999-0300] {logging_mixin.py:188} INFO - [2024-04-26T21:53:28.998-0300] {dagbag.py:540} INFO - Filling up the DagBag from /home/athlon/projects/airflow/.venv/lib/python3.11/site-packages/airflow/example_dags/example_bash_operator.py
[2024-04-26T21:53:29.020-0300] {processor.py:840} INFO - DAG(s) 'example_bash_operator' retrieved from /home/athlon/projects/airflow/.venv/lib/python3.11/site-packages/airflow/example_dags/example_bash_operator.py
[2024-04-26T21:53:29.055-0300] {logging_mixin.py:188} INFO - [2024-04-26T21:53:29.055-0300] {dag.py:3096} INFO - Sync 1 DAGs
[2024-04-26T21:53:29.086-0300] {logging_mixin.py:188} INFO - [2024-04-26T21:53:29.085-0300] {dag.py:3954} INFO - Setting next_dagrun for example_bash_operator to 2024-04-26 00:00:00+00:00, run_after=2024-04-27 00:00:00+00:00
[2024-04-26T21:53:29.119-0300] {processor.py:183} INFO - Processing /home/athlon/projects/airflow/.venv/lib/python3.11/site-packages/airflow/example_dags/example_bash_operator.py took 0.140 seconds
[2024-04-26T21:54:26.780-0300] {processor.py:161} INFO - Started process (PID=20824) to work on /home/athlon/projects/airflow/.venv/lib/python3.11/site-packages/airflow/example_dags/example_bash_operator.py
[2024-04-26T21:54:26.782-0300] {processor.py:830} INFO - Processing file /home/athlon/projects/airflow/.venv/lib/python3.11/site-packages/airflow/example_dags/example_bash_operator.py for tasks to queue
[2024-04-26T21:54:26.786-0300] {logging_mixin.py:188} INFO - [2024-04-26T21:54:26.786-0300] {dagbag.py:540} INFO - Filling up the DagBag from /home/athlon/projects/airflow/.venv/lib/python3.11/site-packages/airflow/example_dags/example_bash_operator.py
[2024-04-26T21:54:26.818-0300] {processor.py:840} INFO - DAG(s) 'example_bash_operator' retrieved from /home/athlon/projects/airflow/.venv/lib/python3.11/site-packages/airflow/example_dags/example_bash_operator.py
[2024-04-26T21:54:26.869-0300] {logging_mixin.py:188} INFO - [2024-04-26T21:54:26.868-0300] {dag.py:3096} INFO - Sync 1 DAGs
[2024-04-26T21:54:26.926-0300] {logging_mixin.py:188} INFO - [2024-04-26T21:54:26.925-0300] {dag.py:3954} INFO - Setting next_dagrun for example_bash_operator to 2024-04-26 00:00:00+00:00, run_after=2024-04-27 00:00:00+00:00
[2024-04-26T21:54:26.980-0300] {processor.py:183} INFO - Processing /home/athlon/projects/airflow/.venv/lib/python3.11/site-packages/airflow/example_dags/example_bash_operator.py took 0.215 seconds
[2024-04-26T21:55:49.833-0300] {processor.py:161} INFO - Started process (PID=21562) to work on /home/athlon/projects/airflow/.venv/lib/python3.11/site-packages/airflow/example_dags/example_bash_operator.py
[2024-04-26T21:55:49.839-0300] {processor.py:830} INFO - Processing file /home/athlon/projects/airflow/.venv/lib/python3.11/site-packages/airflow/example_dags/example_bash_operator.py for tasks to queue
[2024-04-26T21:55:49.842-0300] {logging_mixin.py:188} INFO - [2024-04-26T21:55:49.841-0300] {dagbag.py:540} INFO - Filling up the DagBag from /home/athlon/projects/airflow/.venv/lib/python3.11/site-packages/airflow/example_dags/example_bash_operator.py
[2024-04-26T21:55:49.866-0300] {processor.py:840} INFO - DAG(s) 'example_bash_operator' retrieved from /home/athlon/projects/airflow/.venv/lib/python3.11/site-packages/airflow/example_dags/example_bash_operator.py
[2024-04-26T21:55:49.899-0300] {logging_mixin.py:188} INFO - [2024-04-26T21:55:49.898-0300] {dag.py:3096} INFO - Sync 1 DAGs
[2024-04-26T21:55:49.931-0300] {logging_mixin.py:188} INFO - [2024-04-26T21:55:49.931-0300] {dag.py:3954} INFO - Setting next_dagrun for example_bash_operator to 2024-04-26 00:00:00+00:00, run_after=2024-04-27 00:00:00+00:00
[2024-04-26T21:55:49.962-0300] {processor.py:183} INFO - Processing /home/athlon/projects/airflow/.venv/lib/python3.11/site-packages/airflow/example_dags/example_bash_operator.py took 0.140 seconds
[2024-04-26T21:56:51.799-0300] {processor.py:161} INFO - Started process (PID=21757) to work on /home/athlon/projects/airflow/.venv/lib/python3.11/site-packages/airflow/example_dags/example_bash_operator.py
[2024-04-26T21:56:51.805-0300] {processor.py:830} INFO - Processing file /home/athlon/projects/airflow/.venv/lib/python3.11/site-packages/airflow/example_dags/example_bash_operator.py for tasks to queue
[2024-04-26T21:56:51.808-0300] {logging_mixin.py:188} INFO - [2024-04-26T21:56:51.807-0300] {dagbag.py:540} INFO - Filling up the DagBag from /home/athlon/projects/airflow/.venv/lib/python3.11/site-packages/airflow/example_dags/example_bash_operator.py
[2024-04-26T21:56:51.833-0300] {processor.py:840} INFO - DAG(s) 'example_bash_operator' retrieved from /home/athlon/projects/airflow/.venv/lib/python3.11/site-packages/airflow/example_dags/example_bash_operator.py
[2024-04-26T21:56:51.887-0300] {logging_mixin.py:188} INFO - [2024-04-26T21:56:51.887-0300] {dag.py:3096} INFO - Sync 1 DAGs
[2024-04-26T21:56:51.930-0300] {logging_mixin.py:188} INFO - [2024-04-26T21:56:51.929-0300] {dag.py:3954} INFO - Setting next_dagrun for example_bash_operator to 2024-04-26 00:00:00+00:00, run_after=2024-04-27 00:00:00+00:00
[2024-04-26T21:56:51.972-0300] {processor.py:183} INFO - Processing /home/athlon/projects/airflow/.venv/lib/python3.11/site-packages/airflow/example_dags/example_bash_operator.py took 0.183 seconds
[2024-04-26T21:57:51.153-0300] {processor.py:161} INFO - Started process (PID=21944) to work on /home/athlon/projects/airflow/.venv/lib/python3.11/site-packages/airflow/example_dags/example_bash_operator.py
[2024-04-26T21:57:51.158-0300] {processor.py:830} INFO - Processing file /home/athlon/projects/airflow/.venv/lib/python3.11/site-packages/airflow/example_dags/example_bash_operator.py for tasks to queue
[2024-04-26T21:57:51.161-0300] {logging_mixin.py:188} INFO - [2024-04-26T21:57:51.161-0300] {dagbag.py:540} INFO - Filling up the DagBag from /home/athlon/projects/airflow/.venv/lib/python3.11/site-packages/airflow/example_dags/example_bash_operator.py
[2024-04-26T21:57:51.182-0300] {processor.py:840} INFO - DAG(s) 'example_bash_operator' retrieved from /home/athlon/projects/airflow/.venv/lib/python3.11/site-packages/airflow/example_dags/example_bash_operator.py
[2024-04-26T21:57:51.219-0300] {logging_mixin.py:188} INFO - [2024-04-26T21:57:51.219-0300] {dag.py:3096} INFO - Sync 1 DAGs
[2024-04-26T21:57:51.252-0300] {logging_mixin.py:188} INFO - [2024-04-26T21:57:51.252-0300] {dag.py:3954} INFO - Setting next_dagrun for example_bash_operator to 2024-04-26 00:00:00+00:00, run_after=2024-04-27 00:00:00+00:00
[2024-04-26T21:57:51.287-0300] {processor.py:183} INFO - Processing /home/athlon/projects/airflow/.venv/lib/python3.11/site-packages/airflow/example_dags/example_bash_operator.py took 0.144 seconds
[2024-04-26T21:58:50.829-0300] {processor.py:161} INFO - Started process (PID=22087) to work on /home/athlon/projects/airflow/.venv/lib/python3.11/site-packages/airflow/example_dags/example_bash_operator.py
[2024-04-26T21:58:50.835-0300] {processor.py:830} INFO - Processing file /home/athlon/projects/airflow/.venv/lib/python3.11/site-packages/airflow/example_dags/example_bash_operator.py for tasks to queue
[2024-04-26T21:58:50.838-0300] {logging_mixin.py:188} INFO - [2024-04-26T21:58:50.837-0300] {dagbag.py:540} INFO - Filling up the DagBag from /home/athlon/projects/airflow/.venv/lib/python3.11/site-packages/airflow/example_dags/example_bash_operator.py
[2024-04-26T21:58:50.859-0300] {processor.py:840} INFO - DAG(s) 'example_bash_operator' retrieved from /home/athlon/projects/airflow/.venv/lib/python3.11/site-packages/airflow/example_dags/example_bash_operator.py
[2024-04-26T21:58:50.893-0300] {logging_mixin.py:188} INFO - [2024-04-26T21:58:50.893-0300] {dag.py:3096} INFO - Sync 1 DAGs
[2024-04-26T21:58:50.930-0300] {logging_mixin.py:188} INFO - [2024-04-26T21:58:50.929-0300] {dag.py:3954} INFO - Setting next_dagrun for example_bash_operator to 2024-04-26 00:00:00+00:00, run_after=2024-04-27 00:00:00+00:00
[2024-04-26T21:58:50.967-0300] {processor.py:183} INFO - Processing /home/athlon/projects/airflow/.venv/lib/python3.11/site-packages/airflow/example_dags/example_bash_operator.py took 0.149 seconds
[2024-04-26T21:59:46.998-0300] {processor.py:161} INFO - Started process (PID=22243) to work on /home/athlon/projects/airflow/.venv/lib/python3.11/site-packages/airflow/example_dags/example_bash_operator.py
[2024-04-26T21:59:47.004-0300] {processor.py:830} INFO - Processing file /home/athlon/projects/airflow/.venv/lib/python3.11/site-packages/airflow/example_dags/example_bash_operator.py for tasks to queue
[2024-04-26T21:59:47.006-0300] {logging_mixin.py:188} INFO - [2024-04-26T21:59:47.006-0300] {dagbag.py:540} INFO - Filling up the DagBag from /home/athlon/projects/airflow/.venv/lib/python3.11/site-packages/airflow/example_dags/example_bash_operator.py
[2024-04-26T21:59:47.027-0300] {processor.py:840} INFO - DAG(s) 'example_bash_operator' retrieved from /home/athlon/projects/airflow/.venv/lib/python3.11/site-packages/airflow/example_dags/example_bash_operator.py
[2024-04-26T21:59:47.061-0300] {logging_mixin.py:188} INFO - [2024-04-26T21:59:47.061-0300] {dag.py:3096} INFO - Sync 1 DAGs
[2024-04-26T21:59:47.096-0300] {logging_mixin.py:188} INFO - [2024-04-26T21:59:47.095-0300] {dag.py:3954} INFO - Setting next_dagrun for example_bash_operator to 2024-04-26 00:00:00+00:00, run_after=2024-04-27 00:00:00+00:00
[2024-04-26T21:59:47.133-0300] {processor.py:183} INFO - Processing /home/athlon/projects/airflow/.venv/lib/python3.11/site-packages/airflow/example_dags/example_bash_operator.py took 0.145 seconds
[2024-04-26T22:00:50.212-0300] {processor.py:161} INFO - Started process (PID=22319) to work on /home/athlon/projects/airflow/.venv/lib/python3.11/site-packages/airflow/example_dags/example_bash_operator.py
[2024-04-26T22:00:50.217-0300] {processor.py:830} INFO - Processing file /home/athlon/projects/airflow/.venv/lib/python3.11/site-packages/airflow/example_dags/example_bash_operator.py for tasks to queue
[2024-04-26T22:00:50.220-0300] {logging_mixin.py:188} INFO - [2024-04-26T22:00:50.220-0300] {dagbag.py:540} INFO - Filling up the DagBag from /home/athlon/projects/airflow/.venv/lib/python3.11/site-packages/airflow/example_dags/example_bash_operator.py
[2024-04-26T22:00:50.241-0300] {processor.py:840} INFO - DAG(s) 'example_bash_operator' retrieved from /home/athlon/projects/airflow/.venv/lib/python3.11/site-packages/airflow/example_dags/example_bash_operator.py
[2024-04-26T22:00:50.277-0300] {logging_mixin.py:188} INFO - [2024-04-26T22:00:50.276-0300] {dag.py:3096} INFO - Sync 1 DAGs
[2024-04-26T22:00:50.308-0300] {logging_mixin.py:188} INFO - [2024-04-26T22:00:50.308-0300] {dag.py:3954} INFO - Setting next_dagrun for example_bash_operator to 2024-04-26 00:00:00+00:00, run_after=2024-04-27 00:00:00+00:00
[2024-04-26T22:00:50.342-0300] {processor.py:183} INFO - Processing /home/athlon/projects/airflow/.venv/lib/python3.11/site-packages/airflow/example_dags/example_bash_operator.py took 0.141 seconds
[2024-04-26T22:01:52.677-0300] {processor.py:161} INFO - Started process (PID=22388) to work on /home/athlon/projects/airflow/.venv/lib/python3.11/site-packages/airflow/example_dags/example_bash_operator.py
[2024-04-26T22:01:52.683-0300] {processor.py:830} INFO - Processing file /home/athlon/projects/airflow/.venv/lib/python3.11/site-packages/airflow/example_dags/example_bash_operator.py for tasks to queue
[2024-04-26T22:01:52.686-0300] {logging_mixin.py:188} INFO - [2024-04-26T22:01:52.685-0300] {dagbag.py:540} INFO - Filling up the DagBag from /home/athlon/projects/airflow/.venv/lib/python3.11/site-packages/airflow/example_dags/example_bash_operator.py
[2024-04-26T22:01:52.708-0300] {processor.py:840} INFO - DAG(s) 'example_bash_operator' retrieved from /home/athlon/projects/airflow/.venv/lib/python3.11/site-packages/airflow/example_dags/example_bash_operator.py
[2024-04-26T22:01:52.743-0300] {logging_mixin.py:188} INFO - [2024-04-26T22:01:52.742-0300] {dag.py:3096} INFO - Sync 1 DAGs
[2024-04-26T22:01:52.776-0300] {logging_mixin.py:188} INFO - [2024-04-26T22:01:52.775-0300] {dag.py:3954} INFO - Setting next_dagrun for example_bash_operator to 2024-04-26 00:00:00+00:00, run_after=2024-04-27 00:00:00+00:00
[2024-04-26T22:01:52.809-0300] {processor.py:183} INFO - Processing /home/athlon/projects/airflow/.venv/lib/python3.11/site-packages/airflow/example_dags/example_bash_operator.py took 0.143 seconds
[2024-04-26T22:02:56.944-0300] {processor.py:161} INFO - Started process (PID=22456) to work on /home/athlon/projects/airflow/.venv/lib/python3.11/site-packages/airflow/example_dags/example_bash_operator.py
[2024-04-26T22:02:56.950-0300] {processor.py:830} INFO - Processing file /home/athlon/projects/airflow/.venv/lib/python3.11/site-packages/airflow/example_dags/example_bash_operator.py for tasks to queue
[2024-04-26T22:02:56.953-0300] {logging_mixin.py:188} INFO - [2024-04-26T22:02:56.953-0300] {dagbag.py:540} INFO - Filling up the DagBag from /home/athlon/projects/airflow/.venv/lib/python3.11/site-packages/airflow/example_dags/example_bash_operator.py
[2024-04-26T22:02:56.975-0300] {processor.py:840} INFO - DAG(s) 'example_bash_operator' retrieved from /home/athlon/projects/airflow/.venv/lib/python3.11/site-packages/airflow/example_dags/example_bash_operator.py
[2024-04-26T22:02:57.011-0300] {logging_mixin.py:188} INFO - [2024-04-26T22:02:57.010-0300] {dag.py:3096} INFO - Sync 1 DAGs
[2024-04-26T22:02:57.042-0300] {logging_mixin.py:188} INFO - [2024-04-26T22:02:57.041-0300] {dag.py:3954} INFO - Setting next_dagrun for example_bash_operator to 2024-04-26 00:00:00+00:00, run_after=2024-04-27 00:00:00+00:00
[2024-04-26T22:02:57.077-0300] {processor.py:183} INFO - Processing /home/athlon/projects/airflow/.venv/lib/python3.11/site-packages/airflow/example_dags/example_bash_operator.py took 0.144 seconds
[2024-04-26T22:03:56.770-0300] {processor.py:161} INFO - Started process (PID=22534) to work on /home/athlon/projects/airflow/.venv/lib/python3.11/site-packages/airflow/example_dags/example_bash_operator.py
[2024-04-26T22:03:56.775-0300] {processor.py:830} INFO - Processing file /home/athlon/projects/airflow/.venv/lib/python3.11/site-packages/airflow/example_dags/example_bash_operator.py for tasks to queue
[2024-04-26T22:03:56.778-0300] {logging_mixin.py:188} INFO - [2024-04-26T22:03:56.777-0300] {dagbag.py:540} INFO - Filling up the DagBag from /home/athlon/projects/airflow/.venv/lib/python3.11/site-packages/airflow/example_dags/example_bash_operator.py
[2024-04-26T22:03:56.802-0300] {processor.py:840} INFO - DAG(s) 'example_bash_operator' retrieved from /home/athlon/projects/airflow/.venv/lib/python3.11/site-packages/airflow/example_dags/example_bash_operator.py
[2024-04-26T22:03:56.840-0300] {logging_mixin.py:188} INFO - [2024-04-26T22:03:56.839-0300] {dag.py:3096} INFO - Sync 1 DAGs
[2024-04-26T22:03:56.872-0300] {logging_mixin.py:188} INFO - [2024-04-26T22:03:56.872-0300] {dag.py:3954} INFO - Setting next_dagrun for example_bash_operator to 2024-04-26 00:00:00+00:00, run_after=2024-04-27 00:00:00+00:00
[2024-04-26T22:03:56.907-0300] {processor.py:183} INFO - Processing /home/athlon/projects/airflow/.venv/lib/python3.11/site-packages/airflow/example_dags/example_bash_operator.py took 0.149 seconds
[2024-04-26T22:04:55.561-0300] {processor.py:161} INFO - Started process (PID=22678) to work on /home/athlon/projects/airflow/.venv/lib/python3.11/site-packages/airflow/example_dags/example_bash_operator.py
[2024-04-26T22:04:55.566-0300] {processor.py:830} INFO - Processing file /home/athlon/projects/airflow/.venv/lib/python3.11/site-packages/airflow/example_dags/example_bash_operator.py for tasks to queue
[2024-04-26T22:04:55.570-0300] {logging_mixin.py:188} INFO - [2024-04-26T22:04:55.569-0300] {dagbag.py:540} INFO - Filling up the DagBag from /home/athlon/projects/airflow/.venv/lib/python3.11/site-packages/airflow/example_dags/example_bash_operator.py
[2024-04-26T22:04:55.592-0300] {processor.py:840} INFO - DAG(s) 'example_bash_operator' retrieved from /home/athlon/projects/airflow/.venv/lib/python3.11/site-packages/airflow/example_dags/example_bash_operator.py
[2024-04-26T22:04:55.628-0300] {logging_mixin.py:188} INFO - [2024-04-26T22:04:55.628-0300] {dag.py:3096} INFO - Sync 1 DAGs
[2024-04-26T22:04:55.660-0300] {logging_mixin.py:188} INFO - [2024-04-26T22:04:55.660-0300] {dag.py:3954} INFO - Setting next_dagrun for example_bash_operator to 2024-04-26 00:00:00+00:00, run_after=2024-04-27 00:00:00+00:00
[2024-04-26T22:04:55.694-0300] {processor.py:183} INFO - Processing /home/athlon/projects/airflow/.venv/lib/python3.11/site-packages/airflow/example_dags/example_bash_operator.py took 0.145 seconds
[2024-04-26T22:05:53.032-0300] {processor.py:161} INFO - Started process (PID=22753) to work on /home/athlon/projects/airflow/.venv/lib/python3.11/site-packages/airflow/example_dags/example_bash_operator.py
[2024-04-26T22:05:53.038-0300] {processor.py:830} INFO - Processing file /home/athlon/projects/airflow/.venv/lib/python3.11/site-packages/airflow/example_dags/example_bash_operator.py for tasks to queue
[2024-04-26T22:05:53.041-0300] {logging_mixin.py:188} INFO - [2024-04-26T22:05:53.040-0300] {dagbag.py:540} INFO - Filling up the DagBag from /home/athlon/projects/airflow/.venv/lib/python3.11/site-packages/airflow/example_dags/example_bash_operator.py
[2024-04-26T22:05:53.064-0300] {processor.py:840} INFO - DAG(s) 'example_bash_operator' retrieved from /home/athlon/projects/airflow/.venv/lib/python3.11/site-packages/airflow/example_dags/example_bash_operator.py
[2024-04-26T22:05:53.097-0300] {logging_mixin.py:188} INFO - [2024-04-26T22:05:53.097-0300] {dag.py:3096} INFO - Sync 1 DAGs
[2024-04-26T22:05:53.129-0300] {logging_mixin.py:188} INFO - [2024-04-26T22:05:53.128-0300] {dag.py:3954} INFO - Setting next_dagrun for example_bash_operator to 2024-04-26 00:00:00+00:00, run_after=2024-04-27 00:00:00+00:00
[2024-04-26T22:05:53.163-0300] {processor.py:183} INFO - Processing /home/athlon/projects/airflow/.venv/lib/python3.11/site-packages/airflow/example_dags/example_bash_operator.py took 0.142 seconds
[2024-04-26T22:06:52.213-0300] {processor.py:161} INFO - Started process (PID=22819) to work on /home/athlon/projects/airflow/.venv/lib/python3.11/site-packages/airflow/example_dags/example_bash_operator.py
[2024-04-26T22:06:52.219-0300] {processor.py:830} INFO - Processing file /home/athlon/projects/airflow/.venv/lib/python3.11/site-packages/airflow/example_dags/example_bash_operator.py for tasks to queue
[2024-04-26T22:06:52.222-0300] {logging_mixin.py:188} INFO - [2024-04-26T22:06:52.221-0300] {dagbag.py:540} INFO - Filling up the DagBag from /home/athlon/projects/airflow/.venv/lib/python3.11/site-packages/airflow/example_dags/example_bash_operator.py
[2024-04-26T22:06:52.244-0300] {processor.py:840} INFO - DAG(s) 'example_bash_operator' retrieved from /home/athlon/projects/airflow/.venv/lib/python3.11/site-packages/airflow/example_dags/example_bash_operator.py
[2024-04-26T22:06:52.278-0300] {logging_mixin.py:188} INFO - [2024-04-26T22:06:52.278-0300] {dag.py:3096} INFO - Sync 1 DAGs
[2024-04-26T22:06:52.311-0300] {logging_mixin.py:188} INFO - [2024-04-26T22:06:52.311-0300] {dag.py:3954} INFO - Setting next_dagrun for example_bash_operator to 2024-04-26 00:00:00+00:00, run_after=2024-04-27 00:00:00+00:00
[2024-04-26T22:06:52.345-0300] {processor.py:183} INFO - Processing /home/athlon/projects/airflow/.venv/lib/python3.11/site-packages/airflow/example_dags/example_bash_operator.py took 0.143 seconds
[2024-04-26T22:07:53.489-0300] {processor.py:161} INFO - Started process (PID=22885) to work on /home/athlon/projects/airflow/.venv/lib/python3.11/site-packages/airflow/example_dags/example_bash_operator.py
[2024-04-26T22:07:53.495-0300] {processor.py:830} INFO - Processing file /home/athlon/projects/airflow/.venv/lib/python3.11/site-packages/airflow/example_dags/example_bash_operator.py for tasks to queue
[2024-04-26T22:07:53.498-0300] {logging_mixin.py:188} INFO - [2024-04-26T22:07:53.497-0300] {dagbag.py:540} INFO - Filling up the DagBag from /home/athlon/projects/airflow/.venv/lib/python3.11/site-packages/airflow/example_dags/example_bash_operator.py
[2024-04-26T22:07:53.519-0300] {processor.py:840} INFO - DAG(s) 'example_bash_operator' retrieved from /home/athlon/projects/airflow/.venv/lib/python3.11/site-packages/airflow/example_dags/example_bash_operator.py
[2024-04-26T22:07:53.553-0300] {logging_mixin.py:188} INFO - [2024-04-26T22:07:53.553-0300] {dag.py:3096} INFO - Sync 1 DAGs
[2024-04-26T22:07:53.585-0300] {logging_mixin.py:188} INFO - [2024-04-26T22:07:53.584-0300] {dag.py:3954} INFO - Setting next_dagrun for example_bash_operator to 2024-04-26 00:00:00+00:00, run_after=2024-04-27 00:00:00+00:00
[2024-04-26T22:07:53.619-0300] {processor.py:183} INFO - Processing /home/athlon/projects/airflow/.venv/lib/python3.11/site-packages/airflow/example_dags/example_bash_operator.py took 0.141 seconds
[2024-04-26T22:08:53.316-0300] {processor.py:161} INFO - Started process (PID=22953) to work on /home/athlon/projects/airflow/.venv/lib/python3.11/site-packages/airflow/example_dags/example_bash_operator.py
[2024-04-26T22:08:53.322-0300] {processor.py:830} INFO - Processing file /home/athlon/projects/airflow/.venv/lib/python3.11/site-packages/airflow/example_dags/example_bash_operator.py for tasks to queue
[2024-04-26T22:08:53.325-0300] {logging_mixin.py:188} INFO - [2024-04-26T22:08:53.324-0300] {dagbag.py:540} INFO - Filling up the DagBag from /home/athlon/projects/airflow/.venv/lib/python3.11/site-packages/airflow/example_dags/example_bash_operator.py
[2024-04-26T22:08:53.347-0300] {processor.py:840} INFO - DAG(s) 'example_bash_operator' retrieved from /home/athlon/projects/airflow/.venv/lib/python3.11/site-packages/airflow/example_dags/example_bash_operator.py
[2024-04-26T22:08:53.382-0300] {logging_mixin.py:188} INFO - [2024-04-26T22:08:53.382-0300] {dag.py:3096} INFO - Sync 1 DAGs
[2024-04-26T22:08:53.414-0300] {logging_mixin.py:188} INFO - [2024-04-26T22:08:53.413-0300] {dag.py:3954} INFO - Setting next_dagrun for example_bash_operator to 2024-04-26 00:00:00+00:00, run_after=2024-04-27 00:00:00+00:00
[2024-04-26T22:08:53.448-0300] {processor.py:183} INFO - Processing /home/athlon/projects/airflow/.venv/lib/python3.11/site-packages/airflow/example_dags/example_bash_operator.py took 0.143 seconds
[2024-04-26T22:09:52.586-0300] {processor.py:161} INFO - Started process (PID=23050) to work on /home/athlon/projects/airflow/.venv/lib/python3.11/site-packages/airflow/example_dags/example_bash_operator.py
[2024-04-26T22:09:52.592-0300] {processor.py:830} INFO - Processing file /home/athlon/projects/airflow/.venv/lib/python3.11/site-packages/airflow/example_dags/example_bash_operator.py for tasks to queue
[2024-04-26T22:09:52.595-0300] {logging_mixin.py:188} INFO - [2024-04-26T22:09:52.594-0300] {dagbag.py:540} INFO - Filling up the DagBag from /home/athlon/projects/airflow/.venv/lib/python3.11/site-packages/airflow/example_dags/example_bash_operator.py
[2024-04-26T22:09:52.617-0300] {processor.py:840} INFO - DAG(s) 'example_bash_operator' retrieved from /home/athlon/projects/airflow/.venv/lib/python3.11/site-packages/airflow/example_dags/example_bash_operator.py
[2024-04-26T22:09:52.669-0300] {logging_mixin.py:188} INFO - [2024-04-26T22:09:52.668-0300] {dag.py:3096} INFO - Sync 1 DAGs
[2024-04-26T22:09:52.700-0300] {logging_mixin.py:188} INFO - [2024-04-26T22:09:52.700-0300] {dag.py:3954} INFO - Setting next_dagrun for example_bash_operator to 2024-04-26 00:00:00+00:00, run_after=2024-04-27 00:00:00+00:00
[2024-04-26T22:09:52.735-0300] {processor.py:183} INFO - Processing /home/athlon/projects/airflow/.venv/lib/python3.11/site-packages/airflow/example_dags/example_bash_operator.py took 0.160 seconds
[2024-04-26T22:10:53.893-0300] {processor.py:161} INFO - Started process (PID=23119) to work on /home/athlon/projects/airflow/.venv/lib/python3.11/site-packages/airflow/example_dags/example_bash_operator.py
[2024-04-26T22:10:53.899-0300] {processor.py:830} INFO - Processing file /home/athlon/projects/airflow/.venv/lib/python3.11/site-packages/airflow/example_dags/example_bash_operator.py for tasks to queue
[2024-04-26T22:10:53.902-0300] {logging_mixin.py:188} INFO - [2024-04-26T22:10:53.901-0300] {dagbag.py:540} INFO - Filling up the DagBag from /home/athlon/projects/airflow/.venv/lib/python3.11/site-packages/airflow/example_dags/example_bash_operator.py
[2024-04-26T22:10:53.924-0300] {processor.py:840} INFO - DAG(s) 'example_bash_operator' retrieved from /home/athlon/projects/airflow/.venv/lib/python3.11/site-packages/airflow/example_dags/example_bash_operator.py
[2024-04-26T22:10:53.959-0300] {logging_mixin.py:188} INFO - [2024-04-26T22:10:53.958-0300] {dag.py:3096} INFO - Sync 1 DAGs
[2024-04-26T22:10:53.991-0300] {logging_mixin.py:188} INFO - [2024-04-26T22:10:53.991-0300] {dag.py:3954} INFO - Setting next_dagrun for example_bash_operator to 2024-04-26 00:00:00+00:00, run_after=2024-04-27 00:00:00+00:00
[2024-04-26T22:10:54.026-0300] {processor.py:183} INFO - Processing /home/athlon/projects/airflow/.venv/lib/python3.11/site-packages/airflow/example_dags/example_bash_operator.py took 0.144 seconds
[2024-04-26T22:11:56.422-0300] {processor.py:161} INFO - Started process (PID=23189) to work on /home/athlon/projects/airflow/.venv/lib/python3.11/site-packages/airflow/example_dags/example_bash_operator.py
[2024-04-26T22:11:56.428-0300] {processor.py:830} INFO - Processing file /home/athlon/projects/airflow/.venv/lib/python3.11/site-packages/airflow/example_dags/example_bash_operator.py for tasks to queue
[2024-04-26T22:11:56.431-0300] {logging_mixin.py:188} INFO - [2024-04-26T22:11:56.430-0300] {dagbag.py:540} INFO - Filling up the DagBag from /home/athlon/projects/airflow/.venv/lib/python3.11/site-packages/airflow/example_dags/example_bash_operator.py
[2024-04-26T22:11:56.453-0300] {processor.py:840} INFO - DAG(s) 'example_bash_operator' retrieved from /home/athlon/projects/airflow/.venv/lib/python3.11/site-packages/airflow/example_dags/example_bash_operator.py
[2024-04-26T22:11:56.487-0300] {logging_mixin.py:188} INFO - [2024-04-26T22:11:56.487-0300] {dag.py:3096} INFO - Sync 1 DAGs
[2024-04-26T22:11:56.519-0300] {logging_mixin.py:188} INFO - [2024-04-26T22:11:56.518-0300] {dag.py:3954} INFO - Setting next_dagrun for example_bash_operator to 2024-04-26 00:00:00+00:00, run_after=2024-04-27 00:00:00+00:00
[2024-04-26T22:11:56.554-0300] {processor.py:183} INFO - Processing /home/athlon/projects/airflow/.venv/lib/python3.11/site-packages/airflow/example_dags/example_bash_operator.py took 0.144 seconds
[2024-04-26T22:12:56.302-0300] {processor.py:161} INFO - Started process (PID=23275) to work on /home/athlon/projects/airflow/.venv/lib/python3.11/site-packages/airflow/example_dags/example_bash_operator.py
[2024-04-26T22:12:56.308-0300] {processor.py:830} INFO - Processing file /home/athlon/projects/airflow/.venv/lib/python3.11/site-packages/airflow/example_dags/example_bash_operator.py for tasks to queue
[2024-04-26T22:12:56.311-0300] {logging_mixin.py:188} INFO - [2024-04-26T22:12:56.310-0300] {dagbag.py:540} INFO - Filling up the DagBag from /home/athlon/projects/airflow/.venv/lib/python3.11/site-packages/airflow/example_dags/example_bash_operator.py
[2024-04-26T22:12:56.333-0300] {processor.py:840} INFO - DAG(s) 'example_bash_operator' retrieved from /home/athlon/projects/airflow/.venv/lib/python3.11/site-packages/airflow/example_dags/example_bash_operator.py
[2024-04-26T22:12:56.367-0300] {logging_mixin.py:188} INFO - [2024-04-26T22:12:56.367-0300] {dag.py:3096} INFO - Sync 1 DAGs
[2024-04-26T22:12:56.401-0300] {logging_mixin.py:188} INFO - [2024-04-26T22:12:56.400-0300] {dag.py:3954} INFO - Setting next_dagrun for example_bash_operator to 2024-04-26 00:00:00+00:00, run_after=2024-04-27 00:00:00+00:00
[2024-04-26T22:12:56.436-0300] {processor.py:183} INFO - Processing /home/athlon/projects/airflow/.venv/lib/python3.11/site-packages/airflow/example_dags/example_bash_operator.py took 0.146 seconds
[2024-04-26T22:13:55.284-0300] {processor.py:161} INFO - Started process (PID=23348) to work on /home/athlon/projects/airflow/.venv/lib/python3.11/site-packages/airflow/example_dags/example_bash_operator.py
[2024-04-26T22:13:55.286-0300] {processor.py:830} INFO - Processing file /home/athlon/projects/airflow/.venv/lib/python3.11/site-packages/airflow/example_dags/example_bash_operator.py for tasks to queue
[2024-04-26T22:13:55.291-0300] {logging_mixin.py:188} INFO - [2024-04-26T22:13:55.290-0300] {dagbag.py:540} INFO - Filling up the DagBag from /home/athlon/projects/airflow/.venv/lib/python3.11/site-packages/airflow/example_dags/example_bash_operator.py
[2024-04-26T22:13:55.319-0300] {processor.py:840} INFO - DAG(s) 'example_bash_operator' retrieved from /home/athlon/projects/airflow/.venv/lib/python3.11/site-packages/airflow/example_dags/example_bash_operator.py
[2024-04-26T22:13:55.370-0300] {logging_mixin.py:188} INFO - [2024-04-26T22:13:55.370-0300] {dag.py:3096} INFO - Sync 1 DAGs
[2024-04-26T22:13:55.432-0300] {logging_mixin.py:188} INFO - [2024-04-26T22:13:55.432-0300] {dag.py:3954} INFO - Setting next_dagrun for example_bash_operator to 2024-04-26 00:00:00+00:00, run_after=2024-04-27 00:00:00+00:00
[2024-04-26T22:13:55.495-0300] {processor.py:183} INFO - Processing /home/athlon/projects/airflow/.venv/lib/python3.11/site-packages/airflow/example_dags/example_bash_operator.py took 0.227 seconds
[2024-04-26T22:14:56.947-0300] {processor.py:161} INFO - Started process (PID=23484) to work on /home/athlon/projects/airflow/.venv/lib/python3.11/site-packages/airflow/example_dags/example_bash_operator.py
[2024-04-26T22:14:56.949-0300] {processor.py:830} INFO - Processing file /home/athlon/projects/airflow/.venv/lib/python3.11/site-packages/airflow/example_dags/example_bash_operator.py for tasks to queue
[2024-04-26T22:14:56.952-0300] {logging_mixin.py:188} INFO - [2024-04-26T22:14:56.951-0300] {dagbag.py:540} INFO - Filling up the DagBag from /home/athlon/projects/airflow/.venv/lib/python3.11/site-packages/airflow/example_dags/example_bash_operator.py
[2024-04-26T22:14:56.980-0300] {processor.py:840} INFO - DAG(s) 'example_bash_operator' retrieved from /home/athlon/projects/airflow/.venv/lib/python3.11/site-packages/airflow/example_dags/example_bash_operator.py
[2024-04-26T22:14:57.014-0300] {logging_mixin.py:188} INFO - [2024-04-26T22:14:57.014-0300] {dag.py:3096} INFO - Sync 1 DAGs
[2024-04-26T22:14:57.047-0300] {logging_mixin.py:188} INFO - [2024-04-26T22:14:57.047-0300] {dag.py:3954} INFO - Setting next_dagrun for example_bash_operator to 2024-04-26 00:00:00+00:00, run_after=2024-04-27 00:00:00+00:00
[2024-04-26T22:14:57.078-0300] {processor.py:183} INFO - Processing /home/athlon/projects/airflow/.venv/lib/python3.11/site-packages/airflow/example_dags/example_bash_operator.py took 0.143 seconds
[2024-04-26T22:16:03.710-0300] {processor.py:161} INFO - Started process (PID=23630) to work on /home/athlon/projects/airflow/.venv/lib/python3.11/site-packages/airflow/example_dags/example_bash_operator.py
[2024-04-26T22:16:03.716-0300] {processor.py:830} INFO - Processing file /home/athlon/projects/airflow/.venv/lib/python3.11/site-packages/airflow/example_dags/example_bash_operator.py for tasks to queue
[2024-04-26T22:16:03.719-0300] {logging_mixin.py:188} INFO - [2024-04-26T22:16:03.718-0300] {dagbag.py:540} INFO - Filling up the DagBag from /home/athlon/projects/airflow/.venv/lib/python3.11/site-packages/airflow/example_dags/example_bash_operator.py
[2024-04-26T22:16:03.743-0300] {processor.py:840} INFO - DAG(s) 'example_bash_operator' retrieved from /home/athlon/projects/airflow/.venv/lib/python3.11/site-packages/airflow/example_dags/example_bash_operator.py
[2024-04-26T22:16:03.778-0300] {logging_mixin.py:188} INFO - [2024-04-26T22:16:03.778-0300] {dag.py:3096} INFO - Sync 1 DAGs
[2024-04-26T22:16:03.811-0300] {logging_mixin.py:188} INFO - [2024-04-26T22:16:03.810-0300] {dag.py:3954} INFO - Setting next_dagrun for example_bash_operator to 2024-04-26 00:00:00+00:00, run_after=2024-04-27 00:00:00+00:00
[2024-04-26T22:16:03.842-0300] {processor.py:183} INFO - Processing /home/athlon/projects/airflow/.venv/lib/python3.11/site-packages/airflow/example_dags/example_bash_operator.py took 0.144 seconds
[2024-04-26T22:17:05.778-0300] {processor.py:161} INFO - Started process (PID=23704) to work on /home/athlon/projects/airflow/.venv/lib/python3.11/site-packages/airflow/example_dags/example_bash_operator.py
[2024-04-26T22:17:05.780-0300] {processor.py:830} INFO - Processing file /home/athlon/projects/airflow/.venv/lib/python3.11/site-packages/airflow/example_dags/example_bash_operator.py for tasks to queue
[2024-04-26T22:17:05.783-0300] {logging_mixin.py:188} INFO - [2024-04-26T22:17:05.782-0300] {dagbag.py:540} INFO - Filling up the DagBag from /home/athlon/projects/airflow/.venv/lib/python3.11/site-packages/airflow/example_dags/example_bash_operator.py
[2024-04-26T22:17:05.806-0300] {processor.py:840} INFO - DAG(s) 'example_bash_operator' retrieved from /home/athlon/projects/airflow/.venv/lib/python3.11/site-packages/airflow/example_dags/example_bash_operator.py
[2024-04-26T22:17:05.841-0300] {logging_mixin.py:188} INFO - [2024-04-26T22:17:05.840-0300] {dag.py:3096} INFO - Sync 1 DAGs
[2024-04-26T22:17:05.874-0300] {logging_mixin.py:188} INFO - [2024-04-26T22:17:05.873-0300] {dag.py:3954} INFO - Setting next_dagrun for example_bash_operator to 2024-04-26 00:00:00+00:00, run_after=2024-04-27 00:00:00+00:00
[2024-04-26T22:17:05.904-0300] {processor.py:183} INFO - Processing /home/athlon/projects/airflow/.venv/lib/python3.11/site-packages/airflow/example_dags/example_bash_operator.py took 0.138 seconds
[2024-04-26T22:18:06.485-0300] {processor.py:161} INFO - Started process (PID=23759) to work on /home/athlon/projects/airflow/.venv/lib/python3.11/site-packages/airflow/example_dags/example_bash_operator.py
[2024-04-26T22:18:06.491-0300] {processor.py:830} INFO - Processing file /home/athlon/projects/airflow/.venv/lib/python3.11/site-packages/airflow/example_dags/example_bash_operator.py for tasks to queue
[2024-04-26T22:18:06.494-0300] {logging_mixin.py:188} INFO - [2024-04-26T22:18:06.493-0300] {dagbag.py:540} INFO - Filling up the DagBag from /home/athlon/projects/airflow/.venv/lib/python3.11/site-packages/airflow/example_dags/example_bash_operator.py
[2024-04-26T22:18:06.517-0300] {processor.py:840} INFO - DAG(s) 'example_bash_operator' retrieved from /home/athlon/projects/airflow/.venv/lib/python3.11/site-packages/airflow/example_dags/example_bash_operator.py
[2024-04-26T22:18:06.552-0300] {logging_mixin.py:188} INFO - [2024-04-26T22:18:06.551-0300] {dag.py:3096} INFO - Sync 1 DAGs
[2024-04-26T22:18:06.583-0300] {logging_mixin.py:188} INFO - [2024-04-26T22:18:06.583-0300] {dag.py:3954} INFO - Setting next_dagrun for example_bash_operator to 2024-04-26 00:00:00+00:00, run_after=2024-04-27 00:00:00+00:00
[2024-04-26T22:18:06.618-0300] {processor.py:183} INFO - Processing /home/athlon/projects/airflow/.venv/lib/python3.11/site-packages/airflow/example_dags/example_bash_operator.py took 0.145 seconds
[2024-04-26T22:19:05.346-0300] {processor.py:161} INFO - Started process (PID=23820) to work on /home/athlon/projects/airflow/.venv/lib/python3.11/site-packages/airflow/example_dags/example_bash_operator.py
[2024-04-26T22:19:05.348-0300] {processor.py:830} INFO - Processing file /home/athlon/projects/airflow/.venv/lib/python3.11/site-packages/airflow/example_dags/example_bash_operator.py for tasks to queue
[2024-04-26T22:19:05.351-0300] {logging_mixin.py:188} INFO - [2024-04-26T22:19:05.350-0300] {dagbag.py:540} INFO - Filling up the DagBag from /home/athlon/projects/airflow/.venv/lib/python3.11/site-packages/airflow/example_dags/example_bash_operator.py
[2024-04-26T22:19:05.370-0300] {processor.py:840} INFO - DAG(s) 'example_bash_operator' retrieved from /home/athlon/projects/airflow/.venv/lib/python3.11/site-packages/airflow/example_dags/example_bash_operator.py
[2024-04-26T22:19:05.406-0300] {logging_mixin.py:188} INFO - [2024-04-26T22:19:05.405-0300] {dag.py:3096} INFO - Sync 1 DAGs
[2024-04-26T22:19:05.454-0300] {logging_mixin.py:188} INFO - [2024-04-26T22:19:05.454-0300] {dag.py:3954} INFO - Setting next_dagrun for example_bash_operator to 2024-04-26 00:00:00+00:00, run_after=2024-04-27 00:00:00+00:00
[2024-04-26T22:19:05.486-0300] {processor.py:183} INFO - Processing /home/athlon/projects/airflow/.venv/lib/python3.11/site-packages/airflow/example_dags/example_bash_operator.py took 0.150 seconds
[2024-04-26T22:20:01.612-0300] {processor.py:161} INFO - Started process (PID=23879) to work on /home/athlon/projects/airflow/.venv/lib/python3.11/site-packages/airflow/example_dags/example_bash_operator.py
[2024-04-26T22:20:01.614-0300] {processor.py:830} INFO - Processing file /home/athlon/projects/airflow/.venv/lib/python3.11/site-packages/airflow/example_dags/example_bash_operator.py for tasks to queue
[2024-04-26T22:20:01.617-0300] {logging_mixin.py:188} INFO - [2024-04-26T22:20:01.616-0300] {dagbag.py:540} INFO - Filling up the DagBag from /home/athlon/projects/airflow/.venv/lib/python3.11/site-packages/airflow/example_dags/example_bash_operator.py
[2024-04-26T22:20:01.640-0300] {processor.py:840} INFO - DAG(s) 'example_bash_operator' retrieved from /home/athlon/projects/airflow/.venv/lib/python3.11/site-packages/airflow/example_dags/example_bash_operator.py
[2024-04-26T22:20:01.674-0300] {logging_mixin.py:188} INFO - [2024-04-26T22:20:01.674-0300] {dag.py:3096} INFO - Sync 1 DAGs
[2024-04-26T22:20:01.706-0300] {logging_mixin.py:188} INFO - [2024-04-26T22:20:01.706-0300] {dag.py:3954} INFO - Setting next_dagrun for example_bash_operator to 2024-04-26 00:00:00+00:00, run_after=2024-04-27 00:00:00+00:00
[2024-04-26T22:20:01.736-0300] {processor.py:183} INFO - Processing /home/athlon/projects/airflow/.venv/lib/python3.11/site-packages/airflow/example_dags/example_bash_operator.py took 0.136 seconds
[2024-04-26T22:21:10.044-0300] {processor.py:161} INFO - Started process (PID=24053) to work on /home/athlon/projects/airflow/.venv/lib/python3.11/site-packages/airflow/example_dags/example_bash_operator.py
[2024-04-26T22:21:10.052-0300] {processor.py:830} INFO - Processing file /home/athlon/projects/airflow/.venv/lib/python3.11/site-packages/airflow/example_dags/example_bash_operator.py for tasks to queue
[2024-04-26T22:21:10.057-0300] {logging_mixin.py:188} INFO - [2024-04-26T22:21:10.056-0300] {dagbag.py:540} INFO - Filling up the DagBag from /home/athlon/projects/airflow/.venv/lib/python3.11/site-packages/airflow/example_dags/example_bash_operator.py
[2024-04-26T22:21:10.096-0300] {processor.py:840} INFO - DAG(s) 'example_bash_operator' retrieved from /home/athlon/projects/airflow/.venv/lib/python3.11/site-packages/airflow/example_dags/example_bash_operator.py
[2024-04-26T22:21:10.166-0300] {logging_mixin.py:188} INFO - [2024-04-26T22:21:10.165-0300] {dag.py:3096} INFO - Sync 1 DAGs
[2024-04-26T22:21:10.237-0300] {logging_mixin.py:188} INFO - [2024-04-26T22:21:10.236-0300] {dag.py:3954} INFO - Setting next_dagrun for example_bash_operator to 2024-04-26 00:00:00+00:00, run_after=2024-04-27 00:00:00+00:00
[2024-04-26T22:21:10.295-0300] {processor.py:183} INFO - Processing /home/athlon/projects/airflow/.venv/lib/python3.11/site-packages/airflow/example_dags/example_bash_operator.py took 0.281 seconds
