[2024-04-26T21:25:50.082-0300] {processor.py:161} INFO - Started process (PID=17812) to work on /home/athlon/projects/airflow/.venv/lib/python3.11/site-packages/airflow/example_dags/example_branch_day_of_week_operator.py
[2024-04-26T21:25:50.084-0300] {processor.py:830} INFO - Processing file /home/athlon/projects/airflow/.venv/lib/python3.11/site-packages/airflow/example_dags/example_branch_day_of_week_operator.py for tasks to queue
[2024-04-26T21:25:50.086-0300] {logging_mixin.py:188} INFO - [2024-04-26T21:25:50.086-0300] {dagbag.py:540} INFO - Filling up the DagBag from /home/athlon/projects/airflow/.venv/lib/python3.11/site-packages/airflow/example_dags/example_branch_day_of_week_operator.py
[2024-04-26T21:25:50.099-0300] {processor.py:840} INFO - DAG(s) 'example_weekday_branch_operator' retrieved from /home/athlon/projects/airflow/.venv/lib/python3.11/site-packages/airflow/example_dags/example_branch_day_of_week_operator.py
[2024-04-26T21:25:50.125-0300] {logging_mixin.py:188} INFO - [2024-04-26T21:25:50.125-0300] {dag.py:3096} INFO - Sync 1 DAGs
[2024-04-26T21:25:50.154-0300] {logging_mixin.py:188} INFO - [2024-04-26T21:25:50.153-0300] {dag.py:3954} INFO - Setting next_dagrun for example_weekday_branch_operator to 2024-04-26 00:00:00+00:00, run_after=2024-04-27 00:00:00+00:00
[2024-04-26T21:25:50.181-0300] {processor.py:183} INFO - Processing /home/athlon/projects/airflow/.venv/lib/python3.11/site-packages/airflow/example_dags/example_branch_day_of_week_operator.py took 0.109 seconds
[2024-04-26T21:26:48.320-0300] {processor.py:161} INFO - Started process (PID=17900) to work on /home/athlon/projects/airflow/.venv/lib/python3.11/site-packages/airflow/example_dags/example_branch_day_of_week_operator.py
[2024-04-26T21:26:48.326-0300] {processor.py:830} INFO - Processing file /home/athlon/projects/airflow/.venv/lib/python3.11/site-packages/airflow/example_dags/example_branch_day_of_week_operator.py for tasks to queue
[2024-04-26T21:26:48.328-0300] {logging_mixin.py:188} INFO - [2024-04-26T21:26:48.328-0300] {dagbag.py:540} INFO - Filling up the DagBag from /home/athlon/projects/airflow/.venv/lib/python3.11/site-packages/airflow/example_dags/example_branch_day_of_week_operator.py
[2024-04-26T21:26:48.342-0300] {processor.py:840} INFO - DAG(s) 'example_weekday_branch_operator' retrieved from /home/athlon/projects/airflow/.venv/lib/python3.11/site-packages/airflow/example_dags/example_branch_day_of_week_operator.py
[2024-04-26T21:26:48.367-0300] {logging_mixin.py:188} INFO - [2024-04-26T21:26:48.366-0300] {dag.py:3096} INFO - Sync 1 DAGs
[2024-04-26T21:26:48.396-0300] {logging_mixin.py:188} INFO - [2024-04-26T21:26:48.395-0300] {dag.py:3954} INFO - Setting next_dagrun for example_weekday_branch_operator to 2024-04-26 00:00:00+00:00, run_after=2024-04-27 00:00:00+00:00
[2024-04-26T21:26:48.424-0300] {processor.py:183} INFO - Processing /home/athlon/projects/airflow/.venv/lib/python3.11/site-packages/airflow/example_dags/example_branch_day_of_week_operator.py took 0.114 seconds
[2024-04-26T21:27:45.830-0300] {processor.py:161} INFO - Started process (PID=17971) to work on /home/athlon/projects/airflow/.venv/lib/python3.11/site-packages/airflow/example_dags/example_branch_day_of_week_operator.py
[2024-04-26T21:27:45.836-0300] {processor.py:830} INFO - Processing file /home/athlon/projects/airflow/.venv/lib/python3.11/site-packages/airflow/example_dags/example_branch_day_of_week_operator.py for tasks to queue
[2024-04-26T21:27:45.839-0300] {logging_mixin.py:188} INFO - [2024-04-26T21:27:45.838-0300] {dagbag.py:540} INFO - Filling up the DagBag from /home/athlon/projects/airflow/.venv/lib/python3.11/site-packages/airflow/example_dags/example_branch_day_of_week_operator.py
[2024-04-26T21:27:45.853-0300] {processor.py:840} INFO - DAG(s) 'example_weekday_branch_operator' retrieved from /home/athlon/projects/airflow/.venv/lib/python3.11/site-packages/airflow/example_dags/example_branch_day_of_week_operator.py
[2024-04-26T21:27:45.878-0300] {logging_mixin.py:188} INFO - [2024-04-26T21:27:45.877-0300] {dag.py:3096} INFO - Sync 1 DAGs
[2024-04-26T21:27:45.908-0300] {logging_mixin.py:188} INFO - [2024-04-26T21:27:45.907-0300] {dag.py:3954} INFO - Setting next_dagrun for example_weekday_branch_operator to 2024-04-26 00:00:00+00:00, run_after=2024-04-27 00:00:00+00:00
[2024-04-26T21:27:45.936-0300] {processor.py:183} INFO - Processing /home/athlon/projects/airflow/.venv/lib/python3.11/site-packages/airflow/example_dags/example_branch_day_of_week_operator.py took 0.116 seconds
[2024-04-26T21:28:45.806-0300] {processor.py:161} INFO - Started process (PID=18055) to work on /home/athlon/projects/airflow/.venv/lib/python3.11/site-packages/airflow/example_dags/example_branch_day_of_week_operator.py
[2024-04-26T21:28:45.812-0300] {processor.py:830} INFO - Processing file /home/athlon/projects/airflow/.venv/lib/python3.11/site-packages/airflow/example_dags/example_branch_day_of_week_operator.py for tasks to queue
[2024-04-26T21:28:45.815-0300] {logging_mixin.py:188} INFO - [2024-04-26T21:28:45.815-0300] {dagbag.py:540} INFO - Filling up the DagBag from /home/athlon/projects/airflow/.venv/lib/python3.11/site-packages/airflow/example_dags/example_branch_day_of_week_operator.py
[2024-04-26T21:28:45.829-0300] {processor.py:840} INFO - DAG(s) 'example_weekday_branch_operator' retrieved from /home/athlon/projects/airflow/.venv/lib/python3.11/site-packages/airflow/example_dags/example_branch_day_of_week_operator.py
[2024-04-26T21:28:45.856-0300] {logging_mixin.py:188} INFO - [2024-04-26T21:28:45.855-0300] {dag.py:3096} INFO - Sync 1 DAGs
[2024-04-26T21:28:45.888-0300] {logging_mixin.py:188} INFO - [2024-04-26T21:28:45.887-0300] {dag.py:3954} INFO - Setting next_dagrun for example_weekday_branch_operator to 2024-04-26 00:00:00+00:00, run_after=2024-04-27 00:00:00+00:00
[2024-04-26T21:28:45.929-0300] {processor.py:183} INFO - Processing /home/athlon/projects/airflow/.venv/lib/python3.11/site-packages/airflow/example_dags/example_branch_day_of_week_operator.py took 0.134 seconds
[2024-04-26T21:29:46.959-0300] {processor.py:161} INFO - Started process (PID=18681) to work on /home/athlon/projects/airflow/.venv/lib/python3.11/site-packages/airflow/example_dags/example_branch_day_of_week_operator.py
[2024-04-26T21:29:46.961-0300] {processor.py:830} INFO - Processing file /home/athlon/projects/airflow/.venv/lib/python3.11/site-packages/airflow/example_dags/example_branch_day_of_week_operator.py for tasks to queue
[2024-04-26T21:29:46.964-0300] {logging_mixin.py:188} INFO - [2024-04-26T21:29:46.963-0300] {dagbag.py:540} INFO - Filling up the DagBag from /home/athlon/projects/airflow/.venv/lib/python3.11/site-packages/airflow/example_dags/example_branch_day_of_week_operator.py
[2024-04-26T21:29:46.977-0300] {processor.py:840} INFO - DAG(s) 'example_weekday_branch_operator' retrieved from /home/athlon/projects/airflow/.venv/lib/python3.11/site-packages/airflow/example_dags/example_branch_day_of_week_operator.py
[2024-04-26T21:29:47.001-0300] {logging_mixin.py:188} INFO - [2024-04-26T21:29:47.000-0300] {dag.py:3096} INFO - Sync 1 DAGs
[2024-04-26T21:29:47.031-0300] {logging_mixin.py:188} INFO - [2024-04-26T21:29:47.031-0300] {dag.py:3954} INFO - Setting next_dagrun for example_weekday_branch_operator to 2024-04-26 00:00:00+00:00, run_after=2024-04-27 00:00:00+00:00
[2024-04-26T21:29:47.063-0300] {processor.py:183} INFO - Processing /home/athlon/projects/airflow/.venv/lib/python3.11/site-packages/airflow/example_dags/example_branch_day_of_week_operator.py took 0.113 seconds
[2024-04-26T21:30:51.934-0300] {processor.py:161} INFO - Started process (PID=18754) to work on /home/athlon/projects/airflow/.venv/lib/python3.11/site-packages/airflow/example_dags/example_branch_day_of_week_operator.py
[2024-04-26T21:30:51.940-0300] {processor.py:830} INFO - Processing file /home/athlon/projects/airflow/.venv/lib/python3.11/site-packages/airflow/example_dags/example_branch_day_of_week_operator.py for tasks to queue
[2024-04-26T21:30:51.943-0300] {logging_mixin.py:188} INFO - [2024-04-26T21:30:51.942-0300] {dagbag.py:540} INFO - Filling up the DagBag from /home/athlon/projects/airflow/.venv/lib/python3.11/site-packages/airflow/example_dags/example_branch_day_of_week_operator.py
[2024-04-26T21:30:51.958-0300] {processor.py:840} INFO - DAG(s) 'example_weekday_branch_operator' retrieved from /home/athlon/projects/airflow/.venv/lib/python3.11/site-packages/airflow/example_dags/example_branch_day_of_week_operator.py
[2024-04-26T21:30:51.981-0300] {logging_mixin.py:188} INFO - [2024-04-26T21:30:51.981-0300] {dag.py:3096} INFO - Sync 1 DAGs
[2024-04-26T21:30:52.011-0300] {logging_mixin.py:188} INFO - [2024-04-26T21:30:52.011-0300] {dag.py:3954} INFO - Setting next_dagrun for example_weekday_branch_operator to 2024-04-26 00:00:00+00:00, run_after=2024-04-27 00:00:00+00:00
[2024-04-26T21:30:52.043-0300] {processor.py:183} INFO - Processing /home/athlon/projects/airflow/.venv/lib/python3.11/site-packages/airflow/example_dags/example_branch_day_of_week_operator.py took 0.119 seconds
[2024-04-26T21:31:52.586-0300] {processor.py:161} INFO - Started process (PID=18828) to work on /home/athlon/projects/airflow/.venv/lib/python3.11/site-packages/airflow/example_dags/example_branch_day_of_week_operator.py
[2024-04-26T21:31:52.592-0300] {processor.py:830} INFO - Processing file /home/athlon/projects/airflow/.venv/lib/python3.11/site-packages/airflow/example_dags/example_branch_day_of_week_operator.py for tasks to queue
[2024-04-26T21:31:52.595-0300] {logging_mixin.py:188} INFO - [2024-04-26T21:31:52.594-0300] {dagbag.py:540} INFO - Filling up the DagBag from /home/athlon/projects/airflow/.venv/lib/python3.11/site-packages/airflow/example_dags/example_branch_day_of_week_operator.py
[2024-04-26T21:31:52.609-0300] {processor.py:840} INFO - DAG(s) 'example_weekday_branch_operator' retrieved from /home/athlon/projects/airflow/.venv/lib/python3.11/site-packages/airflow/example_dags/example_branch_day_of_week_operator.py
[2024-04-26T21:31:52.634-0300] {logging_mixin.py:188} INFO - [2024-04-26T21:31:52.634-0300] {dag.py:3096} INFO - Sync 1 DAGs
[2024-04-26T21:31:52.664-0300] {logging_mixin.py:188} INFO - [2024-04-26T21:31:52.664-0300] {dag.py:3954} INFO - Setting next_dagrun for example_weekday_branch_operator to 2024-04-26 00:00:00+00:00, run_after=2024-04-27 00:00:00+00:00
[2024-04-26T21:31:52.693-0300] {processor.py:183} INFO - Processing /home/athlon/projects/airflow/.venv/lib/python3.11/site-packages/airflow/example_dags/example_branch_day_of_week_operator.py took 0.117 seconds
[2024-04-26T21:32:51.162-0300] {processor.py:161} INFO - Started process (PID=18882) to work on /home/athlon/projects/airflow/.venv/lib/python3.11/site-packages/airflow/example_dags/example_branch_day_of_week_operator.py
[2024-04-26T21:32:51.168-0300] {processor.py:830} INFO - Processing file /home/athlon/projects/airflow/.venv/lib/python3.11/site-packages/airflow/example_dags/example_branch_day_of_week_operator.py for tasks to queue
[2024-04-26T21:32:51.171-0300] {logging_mixin.py:188} INFO - [2024-04-26T21:32:51.170-0300] {dagbag.py:540} INFO - Filling up the DagBag from /home/athlon/projects/airflow/.venv/lib/python3.11/site-packages/airflow/example_dags/example_branch_day_of_week_operator.py
[2024-04-26T21:32:51.185-0300] {processor.py:840} INFO - DAG(s) 'example_weekday_branch_operator' retrieved from /home/athlon/projects/airflow/.venv/lib/python3.11/site-packages/airflow/example_dags/example_branch_day_of_week_operator.py
[2024-04-26T21:32:51.210-0300] {logging_mixin.py:188} INFO - [2024-04-26T21:32:51.210-0300] {dag.py:3096} INFO - Sync 1 DAGs
[2024-04-26T21:32:51.240-0300] {logging_mixin.py:188} INFO - [2024-04-26T21:32:51.239-0300] {dag.py:3954} INFO - Setting next_dagrun for example_weekday_branch_operator to 2024-04-26 00:00:00+00:00, run_after=2024-04-27 00:00:00+00:00
[2024-04-26T21:32:51.268-0300] {processor.py:183} INFO - Processing /home/athlon/projects/airflow/.venv/lib/python3.11/site-packages/airflow/example_dags/example_branch_day_of_week_operator.py took 0.116 seconds
[2024-04-26T21:33:50.147-0300] {processor.py:161} INFO - Started process (PID=19101) to work on /home/athlon/projects/airflow/.venv/lib/python3.11/site-packages/airflow/example_dags/example_branch_day_of_week_operator.py
[2024-04-26T21:33:50.153-0300] {processor.py:830} INFO - Processing file /home/athlon/projects/airflow/.venv/lib/python3.11/site-packages/airflow/example_dags/example_branch_day_of_week_operator.py for tasks to queue
[2024-04-26T21:33:50.156-0300] {logging_mixin.py:188} INFO - [2024-04-26T21:33:50.155-0300] {dagbag.py:540} INFO - Filling up the DagBag from /home/athlon/projects/airflow/.venv/lib/python3.11/site-packages/airflow/example_dags/example_branch_day_of_week_operator.py
[2024-04-26T21:33:50.170-0300] {processor.py:840} INFO - DAG(s) 'example_weekday_branch_operator' retrieved from /home/athlon/projects/airflow/.venv/lib/python3.11/site-packages/airflow/example_dags/example_branch_day_of_week_operator.py
[2024-04-26T21:33:50.195-0300] {logging_mixin.py:188} INFO - [2024-04-26T21:33:50.195-0300] {dag.py:3096} INFO - Sync 1 DAGs
[2024-04-26T21:33:50.234-0300] {logging_mixin.py:188} INFO - [2024-04-26T21:33:50.233-0300] {dag.py:3954} INFO - Setting next_dagrun for example_weekday_branch_operator to 2024-04-26 00:00:00+00:00, run_after=2024-04-27 00:00:00+00:00
[2024-04-26T21:33:50.436-0300] {processor.py:183} INFO - Processing /home/athlon/projects/airflow/.venv/lib/python3.11/site-packages/airflow/example_dags/example_branch_day_of_week_operator.py took 0.299 seconds
[2024-04-26T21:35:07.333-0300] {processor.py:161} INFO - Started process (PID=19192) to work on /home/athlon/projects/airflow/.venv/lib/python3.11/site-packages/airflow/example_dags/example_branch_day_of_week_operator.py
[2024-04-26T21:35:07.383-0300] {processor.py:830} INFO - Processing file /home/athlon/projects/airflow/.venv/lib/python3.11/site-packages/airflow/example_dags/example_branch_day_of_week_operator.py for tasks to queue
[2024-04-26T21:35:07.387-0300] {logging_mixin.py:188} INFO - [2024-04-26T21:35:07.386-0300] {dagbag.py:540} INFO - Filling up the DagBag from /home/athlon/projects/airflow/.venv/lib/python3.11/site-packages/airflow/example_dags/example_branch_day_of_week_operator.py
[2024-04-26T21:35:07.402-0300] {processor.py:840} INFO - DAG(s) 'example_weekday_branch_operator' retrieved from /home/athlon/projects/airflow/.venv/lib/python3.11/site-packages/airflow/example_dags/example_branch_day_of_week_operator.py
[2024-04-26T21:35:07.431-0300] {logging_mixin.py:188} INFO - [2024-04-26T21:35:07.431-0300] {dag.py:3096} INFO - Sync 1 DAGs
[2024-04-26T21:35:07.464-0300] {logging_mixin.py:188} INFO - [2024-04-26T21:35:07.464-0300] {dag.py:3954} INFO - Setting next_dagrun for example_weekday_branch_operator to 2024-04-26 00:00:00+00:00, run_after=2024-04-27 00:00:00+00:00
[2024-04-26T21:35:07.964-0300] {processor.py:183} INFO - Processing /home/athlon/projects/airflow/.venv/lib/python3.11/site-packages/airflow/example_dags/example_branch_day_of_week_operator.py took 0.641 seconds
[2024-04-26T21:36:23.455-0300] {processor.py:161} INFO - Started process (PID=19276) to work on /home/athlon/projects/airflow/.venv/lib/python3.11/site-packages/airflow/example_dags/example_branch_day_of_week_operator.py
[2024-04-26T21:36:23.460-0300] {processor.py:830} INFO - Processing file /home/athlon/projects/airflow/.venv/lib/python3.11/site-packages/airflow/example_dags/example_branch_day_of_week_operator.py for tasks to queue
[2024-04-26T21:36:23.463-0300] {logging_mixin.py:188} INFO - [2024-04-26T21:36:23.462-0300] {dagbag.py:540} INFO - Filling up the DagBag from /home/athlon/projects/airflow/.venv/lib/python3.11/site-packages/airflow/example_dags/example_branch_day_of_week_operator.py
[2024-04-26T21:36:23.474-0300] {processor.py:840} INFO - DAG(s) 'example_weekday_branch_operator' retrieved from /home/athlon/projects/airflow/.venv/lib/python3.11/site-packages/airflow/example_dags/example_branch_day_of_week_operator.py
[2024-04-26T21:36:23.498-0300] {logging_mixin.py:188} INFO - [2024-04-26T21:36:23.497-0300] {dag.py:3096} INFO - Sync 1 DAGs
[2024-04-26T21:36:23.528-0300] {logging_mixin.py:188} INFO - [2024-04-26T21:36:23.527-0300] {dag.py:3954} INFO - Setting next_dagrun for example_weekday_branch_operator to 2024-04-26 00:00:00+00:00, run_after=2024-04-27 00:00:00+00:00
[2024-04-26T21:36:23.556-0300] {processor.py:183} INFO - Processing /home/athlon/projects/airflow/.venv/lib/python3.11/site-packages/airflow/example_dags/example_branch_day_of_week_operator.py took 0.110 seconds
[2024-04-26T21:37:21.241-0300] {processor.py:161} INFO - Started process (PID=19341) to work on /home/athlon/projects/airflow/.venv/lib/python3.11/site-packages/airflow/example_dags/example_branch_day_of_week_operator.py
[2024-04-26T21:37:21.247-0300] {processor.py:830} INFO - Processing file /home/athlon/projects/airflow/.venv/lib/python3.11/site-packages/airflow/example_dags/example_branch_day_of_week_operator.py for tasks to queue
[2024-04-26T21:37:21.250-0300] {logging_mixin.py:188} INFO - [2024-04-26T21:37:21.250-0300] {dagbag.py:540} INFO - Filling up the DagBag from /home/athlon/projects/airflow/.venv/lib/python3.11/site-packages/airflow/example_dags/example_branch_day_of_week_operator.py
[2024-04-26T21:37:21.264-0300] {processor.py:840} INFO - DAG(s) 'example_weekday_branch_operator' retrieved from /home/athlon/projects/airflow/.venv/lib/python3.11/site-packages/airflow/example_dags/example_branch_day_of_week_operator.py
[2024-04-26T21:37:21.290-0300] {logging_mixin.py:188} INFO - [2024-04-26T21:37:21.290-0300] {dag.py:3096} INFO - Sync 1 DAGs
[2024-04-26T21:37:21.320-0300] {logging_mixin.py:188} INFO - [2024-04-26T21:37:21.320-0300] {dag.py:3954} INFO - Setting next_dagrun for example_weekday_branch_operator to 2024-04-26 00:00:00+00:00, run_after=2024-04-27 00:00:00+00:00
[2024-04-26T21:37:21.349-0300] {processor.py:183} INFO - Processing /home/athlon/projects/airflow/.venv/lib/python3.11/site-packages/airflow/example_dags/example_branch_day_of_week_operator.py took 0.118 seconds
[2024-04-26T21:38:19.538-0300] {processor.py:161} INFO - Started process (PID=19407) to work on /home/athlon/projects/airflow/.venv/lib/python3.11/site-packages/airflow/example_dags/example_branch_day_of_week_operator.py
[2024-04-26T21:38:19.544-0300] {processor.py:830} INFO - Processing file /home/athlon/projects/airflow/.venv/lib/python3.11/site-packages/airflow/example_dags/example_branch_day_of_week_operator.py for tasks to queue
[2024-04-26T21:38:19.546-0300] {logging_mixin.py:188} INFO - [2024-04-26T21:38:19.546-0300] {dagbag.py:540} INFO - Filling up the DagBag from /home/athlon/projects/airflow/.venv/lib/python3.11/site-packages/airflow/example_dags/example_branch_day_of_week_operator.py
[2024-04-26T21:38:19.557-0300] {processor.py:840} INFO - DAG(s) 'example_weekday_branch_operator' retrieved from /home/athlon/projects/airflow/.venv/lib/python3.11/site-packages/airflow/example_dags/example_branch_day_of_week_operator.py
[2024-04-26T21:38:19.581-0300] {logging_mixin.py:188} INFO - [2024-04-26T21:38:19.581-0300] {dag.py:3096} INFO - Sync 1 DAGs
[2024-04-26T21:38:19.611-0300] {logging_mixin.py:188} INFO - [2024-04-26T21:38:19.611-0300] {dag.py:3954} INFO - Setting next_dagrun for example_weekday_branch_operator to 2024-04-26 00:00:00+00:00, run_after=2024-04-27 00:00:00+00:00
[2024-04-26T21:38:19.639-0300] {processor.py:183} INFO - Processing /home/athlon/projects/airflow/.venv/lib/python3.11/site-packages/airflow/example_dags/example_branch_day_of_week_operator.py took 0.109 seconds
[2024-04-26T21:39:16.389-0300] {processor.py:161} INFO - Started process (PID=19508) to work on /home/athlon/projects/airflow/.venv/lib/python3.11/site-packages/airflow/example_dags/example_branch_day_of_week_operator.py
[2024-04-26T21:39:16.395-0300] {processor.py:830} INFO - Processing file /home/athlon/projects/airflow/.venv/lib/python3.11/site-packages/airflow/example_dags/example_branch_day_of_week_operator.py for tasks to queue
[2024-04-26T21:39:16.397-0300] {logging_mixin.py:188} INFO - [2024-04-26T21:39:16.397-0300] {dagbag.py:540} INFO - Filling up the DagBag from /home/athlon/projects/airflow/.venv/lib/python3.11/site-packages/airflow/example_dags/example_branch_day_of_week_operator.py
[2024-04-26T21:39:16.411-0300] {processor.py:840} INFO - DAG(s) 'example_weekday_branch_operator' retrieved from /home/athlon/projects/airflow/.venv/lib/python3.11/site-packages/airflow/example_dags/example_branch_day_of_week_operator.py
[2024-04-26T21:39:16.437-0300] {logging_mixin.py:188} INFO - [2024-04-26T21:39:16.437-0300] {dag.py:3096} INFO - Sync 1 DAGs
[2024-04-26T21:39:16.467-0300] {logging_mixin.py:188} INFO - [2024-04-26T21:39:16.467-0300] {dag.py:3954} INFO - Setting next_dagrun for example_weekday_branch_operator to 2024-04-26 00:00:00+00:00, run_after=2024-04-27 00:00:00+00:00
[2024-04-26T21:39:16.497-0300] {processor.py:183} INFO - Processing /home/athlon/projects/airflow/.venv/lib/python3.11/site-packages/airflow/example_dags/example_branch_day_of_week_operator.py took 0.119 seconds
[2024-04-26T21:40:16.352-0300] {processor.py:161} INFO - Started process (PID=19624) to work on /home/athlon/projects/airflow/.venv/lib/python3.11/site-packages/airflow/example_dags/example_branch_day_of_week_operator.py
[2024-04-26T21:40:16.358-0300] {processor.py:830} INFO - Processing file /home/athlon/projects/airflow/.venv/lib/python3.11/site-packages/airflow/example_dags/example_branch_day_of_week_operator.py for tasks to queue
[2024-04-26T21:40:16.361-0300] {logging_mixin.py:188} INFO - [2024-04-26T21:40:16.360-0300] {dagbag.py:540} INFO - Filling up the DagBag from /home/athlon/projects/airflow/.venv/lib/python3.11/site-packages/airflow/example_dags/example_branch_day_of_week_operator.py
[2024-04-26T21:40:16.375-0300] {processor.py:840} INFO - DAG(s) 'example_weekday_branch_operator' retrieved from /home/athlon/projects/airflow/.venv/lib/python3.11/site-packages/airflow/example_dags/example_branch_day_of_week_operator.py
[2024-04-26T21:40:16.403-0300] {logging_mixin.py:188} INFO - [2024-04-26T21:40:16.402-0300] {dag.py:3096} INFO - Sync 1 DAGs
[2024-04-26T21:40:16.436-0300] {logging_mixin.py:188} INFO - [2024-04-26T21:40:16.436-0300] {dag.py:3954} INFO - Setting next_dagrun for example_weekday_branch_operator to 2024-04-26 00:00:00+00:00, run_after=2024-04-27 00:00:00+00:00
[2024-04-26T21:40:16.468-0300] {processor.py:183} INFO - Processing /home/athlon/projects/airflow/.venv/lib/python3.11/site-packages/airflow/example_dags/example_branch_day_of_week_operator.py took 0.127 seconds
[2024-04-26T21:41:14.138-0300] {processor.py:161} INFO - Started process (PID=19743) to work on /home/athlon/projects/airflow/.venv/lib/python3.11/site-packages/airflow/example_dags/example_branch_day_of_week_operator.py
[2024-04-26T21:41:14.144-0300] {processor.py:830} INFO - Processing file /home/athlon/projects/airflow/.venv/lib/python3.11/site-packages/airflow/example_dags/example_branch_day_of_week_operator.py for tasks to queue
[2024-04-26T21:41:14.146-0300] {logging_mixin.py:188} INFO - [2024-04-26T21:41:14.146-0300] {dagbag.py:540} INFO - Filling up the DagBag from /home/athlon/projects/airflow/.venv/lib/python3.11/site-packages/airflow/example_dags/example_branch_day_of_week_operator.py
[2024-04-26T21:41:14.159-0300] {processor.py:840} INFO - DAG(s) 'example_weekday_branch_operator' retrieved from /home/athlon/projects/airflow/.venv/lib/python3.11/site-packages/airflow/example_dags/example_branch_day_of_week_operator.py
[2024-04-26T21:41:14.185-0300] {logging_mixin.py:188} INFO - [2024-04-26T21:41:14.185-0300] {dag.py:3096} INFO - Sync 1 DAGs
[2024-04-26T21:41:14.218-0300] {logging_mixin.py:188} INFO - [2024-04-26T21:41:14.218-0300] {dag.py:3954} INFO - Setting next_dagrun for example_weekday_branch_operator to 2024-04-26 00:00:00+00:00, run_after=2024-04-27 00:00:00+00:00
[2024-04-26T21:41:14.248-0300] {processor.py:183} INFO - Processing /home/athlon/projects/airflow/.venv/lib/python3.11/site-packages/airflow/example_dags/example_branch_day_of_week_operator.py took 0.121 seconds
[2024-04-26T21:42:13.746-0300] {processor.py:161} INFO - Started process (PID=19819) to work on /home/athlon/projects/airflow/.venv/lib/python3.11/site-packages/airflow/example_dags/example_branch_day_of_week_operator.py
[2024-04-26T21:42:13.752-0300] {processor.py:830} INFO - Processing file /home/athlon/projects/airflow/.venv/lib/python3.11/site-packages/airflow/example_dags/example_branch_day_of_week_operator.py for tasks to queue
[2024-04-26T21:42:13.755-0300] {logging_mixin.py:188} INFO - [2024-04-26T21:42:13.754-0300] {dagbag.py:540} INFO - Filling up the DagBag from /home/athlon/projects/airflow/.venv/lib/python3.11/site-packages/airflow/example_dags/example_branch_day_of_week_operator.py
[2024-04-26T21:42:13.767-0300] {processor.py:840} INFO - DAG(s) 'example_weekday_branch_operator' retrieved from /home/athlon/projects/airflow/.venv/lib/python3.11/site-packages/airflow/example_dags/example_branch_day_of_week_operator.py
[2024-04-26T21:42:13.791-0300] {logging_mixin.py:188} INFO - [2024-04-26T21:42:13.790-0300] {dag.py:3096} INFO - Sync 1 DAGs
[2024-04-26T21:42:13.821-0300] {logging_mixin.py:188} INFO - [2024-04-26T21:42:13.821-0300] {dag.py:3954} INFO - Setting next_dagrun for example_weekday_branch_operator to 2024-04-26 00:00:00+00:00, run_after=2024-04-27 00:00:00+00:00
[2024-04-26T21:42:13.850-0300] {processor.py:183} INFO - Processing /home/athlon/projects/airflow/.venv/lib/python3.11/site-packages/airflow/example_dags/example_branch_day_of_week_operator.py took 0.114 seconds
[2024-04-26T21:43:13.458-0300] {processor.py:161} INFO - Started process (PID=19884) to work on /home/athlon/projects/airflow/.venv/lib/python3.11/site-packages/airflow/example_dags/example_branch_day_of_week_operator.py
[2024-04-26T21:43:13.464-0300] {processor.py:830} INFO - Processing file /home/athlon/projects/airflow/.venv/lib/python3.11/site-packages/airflow/example_dags/example_branch_day_of_week_operator.py for tasks to queue
[2024-04-26T21:43:13.466-0300] {logging_mixin.py:188} INFO - [2024-04-26T21:43:13.466-0300] {dagbag.py:540} INFO - Filling up the DagBag from /home/athlon/projects/airflow/.venv/lib/python3.11/site-packages/airflow/example_dags/example_branch_day_of_week_operator.py
[2024-04-26T21:43:13.480-0300] {processor.py:840} INFO - DAG(s) 'example_weekday_branch_operator' retrieved from /home/athlon/projects/airflow/.venv/lib/python3.11/site-packages/airflow/example_dags/example_branch_day_of_week_operator.py
[2024-04-26T21:43:13.506-0300] {logging_mixin.py:188} INFO - [2024-04-26T21:43:13.506-0300] {dag.py:3096} INFO - Sync 1 DAGs
[2024-04-26T21:43:13.537-0300] {logging_mixin.py:188} INFO - [2024-04-26T21:43:13.537-0300] {dag.py:3954} INFO - Setting next_dagrun for example_weekday_branch_operator to 2024-04-26 00:00:00+00:00, run_after=2024-04-27 00:00:00+00:00
[2024-04-26T21:43:13.567-0300] {processor.py:183} INFO - Processing /home/athlon/projects/airflow/.venv/lib/python3.11/site-packages/airflow/example_dags/example_branch_day_of_week_operator.py took 0.119 seconds
[2024-04-26T21:44:10.144-0300] {processor.py:161} INFO - Started process (PID=19950) to work on /home/athlon/projects/airflow/.venv/lib/python3.11/site-packages/airflow/example_dags/example_branch_day_of_week_operator.py
[2024-04-26T21:44:10.149-0300] {processor.py:830} INFO - Processing file /home/athlon/projects/airflow/.venv/lib/python3.11/site-packages/airflow/example_dags/example_branch_day_of_week_operator.py for tasks to queue
[2024-04-26T21:44:10.152-0300] {logging_mixin.py:188} INFO - [2024-04-26T21:44:10.151-0300] {dagbag.py:540} INFO - Filling up the DagBag from /home/athlon/projects/airflow/.venv/lib/python3.11/site-packages/airflow/example_dags/example_branch_day_of_week_operator.py
[2024-04-26T21:44:10.169-0300] {processor.py:840} INFO - DAG(s) 'example_weekday_branch_operator' retrieved from /home/athlon/projects/airflow/.venv/lib/python3.11/site-packages/airflow/example_dags/example_branch_day_of_week_operator.py
[2024-04-26T21:44:10.197-0300] {logging_mixin.py:188} INFO - [2024-04-26T21:44:10.197-0300] {dag.py:3096} INFO - Sync 1 DAGs
[2024-04-26T21:44:10.248-0300] {logging_mixin.py:188} INFO - [2024-04-26T21:44:10.247-0300] {dag.py:3954} INFO - Setting next_dagrun for example_weekday_branch_operator to 2024-04-26 00:00:00+00:00, run_after=2024-04-27 00:00:00+00:00
[2024-04-26T21:44:10.296-0300] {processor.py:183} INFO - Processing /home/athlon/projects/airflow/.venv/lib/python3.11/site-packages/airflow/example_dags/example_branch_day_of_week_operator.py took 0.164 seconds
[2024-04-26T21:45:30.279-0300] {processor.py:161} INFO - Started process (PID=20045) to work on /home/athlon/projects/airflow/.venv/lib/python3.11/site-packages/airflow/example_dags/example_branch_day_of_week_operator.py
[2024-04-26T21:45:30.285-0300] {processor.py:830} INFO - Processing file /home/athlon/projects/airflow/.venv/lib/python3.11/site-packages/airflow/example_dags/example_branch_day_of_week_operator.py for tasks to queue
[2024-04-26T21:45:30.288-0300] {logging_mixin.py:188} INFO - [2024-04-26T21:45:30.287-0300] {dagbag.py:540} INFO - Filling up the DagBag from /home/athlon/projects/airflow/.venv/lib/python3.11/site-packages/airflow/example_dags/example_branch_day_of_week_operator.py
[2024-04-26T21:45:30.302-0300] {processor.py:840} INFO - DAG(s) 'example_weekday_branch_operator' retrieved from /home/athlon/projects/airflow/.venv/lib/python3.11/site-packages/airflow/example_dags/example_branch_day_of_week_operator.py
[2024-04-26T21:45:30.328-0300] {logging_mixin.py:188} INFO - [2024-04-26T21:45:30.327-0300] {dag.py:3096} INFO - Sync 1 DAGs
[2024-04-26T21:45:30.359-0300] {logging_mixin.py:188} INFO - [2024-04-26T21:45:30.358-0300] {dag.py:3954} INFO - Setting next_dagrun for example_weekday_branch_operator to 2024-04-26 00:00:00+00:00, run_after=2024-04-27 00:00:00+00:00
[2024-04-26T21:45:30.387-0300] {processor.py:183} INFO - Processing /home/athlon/projects/airflow/.venv/lib/python3.11/site-packages/airflow/example_dags/example_branch_day_of_week_operator.py took 0.119 seconds
[2024-04-26T21:46:26.755-0300] {processor.py:161} INFO - Started process (PID=20109) to work on /home/athlon/projects/airflow/.venv/lib/python3.11/site-packages/airflow/example_dags/example_branch_day_of_week_operator.py
[2024-04-26T21:46:26.760-0300] {processor.py:830} INFO - Processing file /home/athlon/projects/airflow/.venv/lib/python3.11/site-packages/airflow/example_dags/example_branch_day_of_week_operator.py for tasks to queue
[2024-04-26T21:46:26.764-0300] {logging_mixin.py:188} INFO - [2024-04-26T21:46:26.763-0300] {dagbag.py:540} INFO - Filling up the DagBag from /home/athlon/projects/airflow/.venv/lib/python3.11/site-packages/airflow/example_dags/example_branch_day_of_week_operator.py
[2024-04-26T21:46:26.781-0300] {processor.py:840} INFO - DAG(s) 'example_weekday_branch_operator' retrieved from /home/athlon/projects/airflow/.venv/lib/python3.11/site-packages/airflow/example_dags/example_branch_day_of_week_operator.py
[2024-04-26T21:46:26.813-0300] {logging_mixin.py:188} INFO - [2024-04-26T21:46:26.813-0300] {dag.py:3096} INFO - Sync 1 DAGs
[2024-04-26T21:46:26.851-0300] {logging_mixin.py:188} INFO - [2024-04-26T21:46:26.851-0300] {dag.py:3954} INFO - Setting next_dagrun for example_weekday_branch_operator to 2024-04-26 00:00:00+00:00, run_after=2024-04-27 00:00:00+00:00
[2024-04-26T21:46:26.889-0300] {processor.py:183} INFO - Processing /home/athlon/projects/airflow/.venv/lib/python3.11/site-packages/airflow/example_dags/example_branch_day_of_week_operator.py took 0.147 seconds
[2024-04-26T21:47:24.534-0300] {processor.py:161} INFO - Started process (PID=20171) to work on /home/athlon/projects/airflow/.venv/lib/python3.11/site-packages/airflow/example_dags/example_branch_day_of_week_operator.py
[2024-04-26T21:47:24.535-0300] {processor.py:830} INFO - Processing file /home/athlon/projects/airflow/.venv/lib/python3.11/site-packages/airflow/example_dags/example_branch_day_of_week_operator.py for tasks to queue
[2024-04-26T21:47:24.538-0300] {logging_mixin.py:188} INFO - [2024-04-26T21:47:24.537-0300] {dagbag.py:540} INFO - Filling up the DagBag from /home/athlon/projects/airflow/.venv/lib/python3.11/site-packages/airflow/example_dags/example_branch_day_of_week_operator.py
[2024-04-26T21:47:24.552-0300] {processor.py:840} INFO - DAG(s) 'example_weekday_branch_operator' retrieved from /home/athlon/projects/airflow/.venv/lib/python3.11/site-packages/airflow/example_dags/example_branch_day_of_week_operator.py
[2024-04-26T21:47:24.577-0300] {logging_mixin.py:188} INFO - [2024-04-26T21:47:24.576-0300] {dag.py:3096} INFO - Sync 1 DAGs
[2024-04-26T21:47:24.607-0300] {logging_mixin.py:188} INFO - [2024-04-26T21:47:24.607-0300] {dag.py:3954} INFO - Setting next_dagrun for example_weekday_branch_operator to 2024-04-26 00:00:00+00:00, run_after=2024-04-27 00:00:00+00:00
[2024-04-26T21:47:24.637-0300] {processor.py:183} INFO - Processing /home/athlon/projects/airflow/.venv/lib/python3.11/site-packages/airflow/example_dags/example_branch_day_of_week_operator.py took 0.114 seconds
[2024-04-26T21:48:22.028-0300] {processor.py:161} INFO - Started process (PID=20237) to work on /home/athlon/projects/airflow/.venv/lib/python3.11/site-packages/airflow/example_dags/example_branch_day_of_week_operator.py
[2024-04-26T21:48:22.033-0300] {processor.py:830} INFO - Processing file /home/athlon/projects/airflow/.venv/lib/python3.11/site-packages/airflow/example_dags/example_branch_day_of_week_operator.py for tasks to queue
[2024-04-26T21:48:22.036-0300] {logging_mixin.py:188} INFO - [2024-04-26T21:48:22.035-0300] {dagbag.py:540} INFO - Filling up the DagBag from /home/athlon/projects/airflow/.venv/lib/python3.11/site-packages/airflow/example_dags/example_branch_day_of_week_operator.py
[2024-04-26T21:48:22.049-0300] {processor.py:840} INFO - DAG(s) 'example_weekday_branch_operator' retrieved from /home/athlon/projects/airflow/.venv/lib/python3.11/site-packages/airflow/example_dags/example_branch_day_of_week_operator.py
[2024-04-26T21:48:22.074-0300] {logging_mixin.py:188} INFO - [2024-04-26T21:48:22.074-0300] {dag.py:3096} INFO - Sync 1 DAGs
[2024-04-26T21:48:22.106-0300] {logging_mixin.py:188} INFO - [2024-04-26T21:48:22.105-0300] {dag.py:3954} INFO - Setting next_dagrun for example_weekday_branch_operator to 2024-04-26 00:00:00+00:00, run_after=2024-04-27 00:00:00+00:00
[2024-04-26T21:48:22.134-0300] {processor.py:183} INFO - Processing /home/athlon/projects/airflow/.venv/lib/python3.11/site-packages/airflow/example_dags/example_branch_day_of_week_operator.py took 0.118 seconds
[2024-04-26T21:49:17.838-0300] {processor.py:161} INFO - Started process (PID=20308) to work on /home/athlon/projects/airflow/.venv/lib/python3.11/site-packages/airflow/example_dags/example_branch_day_of_week_operator.py
[2024-04-26T21:49:17.844-0300] {processor.py:830} INFO - Processing file /home/athlon/projects/airflow/.venv/lib/python3.11/site-packages/airflow/example_dags/example_branch_day_of_week_operator.py for tasks to queue
[2024-04-26T21:49:17.847-0300] {logging_mixin.py:188} INFO - [2024-04-26T21:49:17.846-0300] {dagbag.py:540} INFO - Filling up the DagBag from /home/athlon/projects/airflow/.venv/lib/python3.11/site-packages/airflow/example_dags/example_branch_day_of_week_operator.py
[2024-04-26T21:49:17.861-0300] {processor.py:840} INFO - DAG(s) 'example_weekday_branch_operator' retrieved from /home/athlon/projects/airflow/.venv/lib/python3.11/site-packages/airflow/example_dags/example_branch_day_of_week_operator.py
[2024-04-26T21:49:17.888-0300] {logging_mixin.py:188} INFO - [2024-04-26T21:49:17.888-0300] {dag.py:3096} INFO - Sync 1 DAGs
[2024-04-26T21:49:17.920-0300] {logging_mixin.py:188} INFO - [2024-04-26T21:49:17.920-0300] {dag.py:3954} INFO - Setting next_dagrun for example_weekday_branch_operator to 2024-04-26 00:00:00+00:00, run_after=2024-04-27 00:00:00+00:00
[2024-04-26T21:49:17.948-0300] {processor.py:183} INFO - Processing /home/athlon/projects/airflow/.venv/lib/python3.11/site-packages/airflow/example_dags/example_branch_day_of_week_operator.py took 0.120 seconds
[2024-04-26T21:50:40.375-0300] {processor.py:161} INFO - Started process (PID=20399) to work on /home/athlon/projects/airflow/.venv/lib/python3.11/site-packages/airflow/example_dags/example_branch_day_of_week_operator.py
[2024-04-26T21:50:40.381-0300] {processor.py:830} INFO - Processing file /home/athlon/projects/airflow/.venv/lib/python3.11/site-packages/airflow/example_dags/example_branch_day_of_week_operator.py for tasks to queue
[2024-04-26T21:50:40.384-0300] {logging_mixin.py:188} INFO - [2024-04-26T21:50:40.383-0300] {dagbag.py:540} INFO - Filling up the DagBag from /home/athlon/projects/airflow/.venv/lib/python3.11/site-packages/airflow/example_dags/example_branch_day_of_week_operator.py
[2024-04-26T21:50:40.400-0300] {processor.py:840} INFO - DAG(s) 'example_weekday_branch_operator' retrieved from /home/athlon/projects/airflow/.venv/lib/python3.11/site-packages/airflow/example_dags/example_branch_day_of_week_operator.py
[2024-04-26T21:50:40.428-0300] {logging_mixin.py:188} INFO - [2024-04-26T21:50:40.428-0300] {dag.py:3096} INFO - Sync 1 DAGs
[2024-04-26T21:50:40.460-0300] {logging_mixin.py:188} INFO - [2024-04-26T21:50:40.460-0300] {dag.py:3954} INFO - Setting next_dagrun for example_weekday_branch_operator to 2024-04-26 00:00:00+00:00, run_after=2024-04-27 00:00:00+00:00
[2024-04-26T21:50:40.490-0300] {processor.py:183} INFO - Processing /home/athlon/projects/airflow/.venv/lib/python3.11/site-packages/airflow/example_dags/example_branch_day_of_week_operator.py took 0.125 seconds
[2024-04-26T21:51:36.310-0300] {processor.py:161} INFO - Started process (PID=20475) to work on /home/athlon/projects/airflow/.venv/lib/python3.11/site-packages/airflow/example_dags/example_branch_day_of_week_operator.py
[2024-04-26T21:51:36.315-0300] {processor.py:830} INFO - Processing file /home/athlon/projects/airflow/.venv/lib/python3.11/site-packages/airflow/example_dags/example_branch_day_of_week_operator.py for tasks to queue
[2024-04-26T21:51:36.319-0300] {logging_mixin.py:188} INFO - [2024-04-26T21:51:36.318-0300] {dagbag.py:540} INFO - Filling up the DagBag from /home/athlon/projects/airflow/.venv/lib/python3.11/site-packages/airflow/example_dags/example_branch_day_of_week_operator.py
[2024-04-26T21:51:36.333-0300] {processor.py:840} INFO - DAG(s) 'example_weekday_branch_operator' retrieved from /home/athlon/projects/airflow/.venv/lib/python3.11/site-packages/airflow/example_dags/example_branch_day_of_week_operator.py
[2024-04-26T21:51:36.358-0300] {logging_mixin.py:188} INFO - [2024-04-26T21:51:36.358-0300] {dag.py:3096} INFO - Sync 1 DAGs
[2024-04-26T21:51:36.389-0300] {logging_mixin.py:188} INFO - [2024-04-26T21:51:36.389-0300] {dag.py:3954} INFO - Setting next_dagrun for example_weekday_branch_operator to 2024-04-26 00:00:00+00:00, run_after=2024-04-27 00:00:00+00:00
[2024-04-26T21:51:36.419-0300] {processor.py:183} INFO - Processing /home/athlon/projects/airflow/.venv/lib/python3.11/site-packages/airflow/example_dags/example_branch_day_of_week_operator.py took 0.119 seconds
[2024-04-26T21:52:35.076-0300] {processor.py:161} INFO - Started process (PID=20650) to work on /home/athlon/projects/airflow/.venv/lib/python3.11/site-packages/airflow/example_dags/example_branch_day_of_week_operator.py
[2024-04-26T21:52:35.082-0300] {processor.py:830} INFO - Processing file /home/athlon/projects/airflow/.venv/lib/python3.11/site-packages/airflow/example_dags/example_branch_day_of_week_operator.py for tasks to queue
[2024-04-26T21:52:35.086-0300] {logging_mixin.py:188} INFO - [2024-04-26T21:52:35.085-0300] {dagbag.py:540} INFO - Filling up the DagBag from /home/athlon/projects/airflow/.venv/lib/python3.11/site-packages/airflow/example_dags/example_branch_day_of_week_operator.py
[2024-04-26T21:52:35.102-0300] {processor.py:840} INFO - DAG(s) 'example_weekday_branch_operator' retrieved from /home/athlon/projects/airflow/.venv/lib/python3.11/site-packages/airflow/example_dags/example_branch_day_of_week_operator.py
[2024-04-26T21:52:35.131-0300] {logging_mixin.py:188} INFO - [2024-04-26T21:52:35.131-0300] {dag.py:3096} INFO - Sync 1 DAGs
[2024-04-26T21:52:35.162-0300] {logging_mixin.py:188} INFO - [2024-04-26T21:52:35.162-0300] {dag.py:3954} INFO - Setting next_dagrun for example_weekday_branch_operator to 2024-04-26 00:00:00+00:00, run_after=2024-04-27 00:00:00+00:00
[2024-04-26T21:52:35.191-0300] {processor.py:183} INFO - Processing /home/athlon/projects/airflow/.venv/lib/python3.11/site-packages/airflow/example_dags/example_branch_day_of_week_operator.py took 0.128 seconds
[2024-04-26T21:53:31.574-0300] {processor.py:161} INFO - Started process (PID=20716) to work on /home/athlon/projects/airflow/.venv/lib/python3.11/site-packages/airflow/example_dags/example_branch_day_of_week_operator.py
[2024-04-26T21:53:31.580-0300] {processor.py:830} INFO - Processing file /home/athlon/projects/airflow/.venv/lib/python3.11/site-packages/airflow/example_dags/example_branch_day_of_week_operator.py for tasks to queue
[2024-04-26T21:53:31.583-0300] {logging_mixin.py:188} INFO - [2024-04-26T21:53:31.582-0300] {dagbag.py:540} INFO - Filling up the DagBag from /home/athlon/projects/airflow/.venv/lib/python3.11/site-packages/airflow/example_dags/example_branch_day_of_week_operator.py
[2024-04-26T21:53:31.598-0300] {processor.py:840} INFO - DAG(s) 'example_weekday_branch_operator' retrieved from /home/athlon/projects/airflow/.venv/lib/python3.11/site-packages/airflow/example_dags/example_branch_day_of_week_operator.py
[2024-04-26T21:53:31.624-0300] {logging_mixin.py:188} INFO - [2024-04-26T21:53:31.624-0300] {dag.py:3096} INFO - Sync 1 DAGs
[2024-04-26T21:53:31.655-0300] {logging_mixin.py:188} INFO - [2024-04-26T21:53:31.655-0300] {dag.py:3954} INFO - Setting next_dagrun for example_weekday_branch_operator to 2024-04-26 00:00:00+00:00, run_after=2024-04-27 00:00:00+00:00
[2024-04-26T21:53:31.684-0300] {processor.py:183} INFO - Processing /home/athlon/projects/airflow/.venv/lib/python3.11/site-packages/airflow/example_dags/example_branch_day_of_week_operator.py took 0.121 seconds
[2024-04-26T21:54:29.433-0300] {processor.py:161} INFO - Started process (PID=20829) to work on /home/athlon/projects/airflow/.venv/lib/python3.11/site-packages/airflow/example_dags/example_branch_day_of_week_operator.py
[2024-04-26T21:54:29.439-0300] {processor.py:830} INFO - Processing file /home/athlon/projects/airflow/.venv/lib/python3.11/site-packages/airflow/example_dags/example_branch_day_of_week_operator.py for tasks to queue
[2024-04-26T21:54:29.442-0300] {logging_mixin.py:188} INFO - [2024-04-26T21:54:29.441-0300] {dagbag.py:540} INFO - Filling up the DagBag from /home/athlon/projects/airflow/.venv/lib/python3.11/site-packages/airflow/example_dags/example_branch_day_of_week_operator.py
[2024-04-26T21:54:29.456-0300] {processor.py:840} INFO - DAG(s) 'example_weekday_branch_operator' retrieved from /home/athlon/projects/airflow/.venv/lib/python3.11/site-packages/airflow/example_dags/example_branch_day_of_week_operator.py
[2024-04-26T21:54:29.482-0300] {logging_mixin.py:188} INFO - [2024-04-26T21:54:29.481-0300] {dag.py:3096} INFO - Sync 1 DAGs
[2024-04-26T21:54:29.514-0300] {logging_mixin.py:188} INFO - [2024-04-26T21:54:29.513-0300] {dag.py:3954} INFO - Setting next_dagrun for example_weekday_branch_operator to 2024-04-26 00:00:00+00:00, run_after=2024-04-27 00:00:00+00:00
[2024-04-26T21:54:29.543-0300] {processor.py:183} INFO - Processing /home/athlon/projects/airflow/.venv/lib/python3.11/site-packages/airflow/example_dags/example_branch_day_of_week_operator.py took 0.122 seconds
[2024-04-26T21:55:52.403-0300] {processor.py:161} INFO - Started process (PID=21564) to work on /home/athlon/projects/airflow/.venv/lib/python3.11/site-packages/airflow/example_dags/example_branch_day_of_week_operator.py
[2024-04-26T21:55:52.410-0300] {processor.py:830} INFO - Processing file /home/athlon/projects/airflow/.venv/lib/python3.11/site-packages/airflow/example_dags/example_branch_day_of_week_operator.py for tasks to queue
[2024-04-26T21:55:52.413-0300] {logging_mixin.py:188} INFO - [2024-04-26T21:55:52.413-0300] {dagbag.py:540} INFO - Filling up the DagBag from /home/athlon/projects/airflow/.venv/lib/python3.11/site-packages/airflow/example_dags/example_branch_day_of_week_operator.py
[2024-04-26T21:55:52.432-0300] {processor.py:840} INFO - DAG(s) 'example_weekday_branch_operator' retrieved from /home/athlon/projects/airflow/.venv/lib/python3.11/site-packages/airflow/example_dags/example_branch_day_of_week_operator.py
[2024-04-26T21:55:52.459-0300] {logging_mixin.py:188} INFO - [2024-04-26T21:55:52.458-0300] {dag.py:3096} INFO - Sync 1 DAGs
[2024-04-26T21:55:52.494-0300] {logging_mixin.py:188} INFO - [2024-04-26T21:55:52.493-0300] {dag.py:3954} INFO - Setting next_dagrun for example_weekday_branch_operator to 2024-04-26 00:00:00+00:00, run_after=2024-04-27 00:00:00+00:00
[2024-04-26T21:55:52.523-0300] {processor.py:183} INFO - Processing /home/athlon/projects/airflow/.venv/lib/python3.11/site-packages/airflow/example_dags/example_branch_day_of_week_operator.py took 0.132 seconds
[2024-04-26T21:56:53.618-0300] {processor.py:161} INFO - Started process (PID=21759) to work on /home/athlon/projects/airflow/.venv/lib/python3.11/site-packages/airflow/example_dags/example_branch_day_of_week_operator.py
[2024-04-26T21:56:53.624-0300] {processor.py:830} INFO - Processing file /home/athlon/projects/airflow/.venv/lib/python3.11/site-packages/airflow/example_dags/example_branch_day_of_week_operator.py for tasks to queue
[2024-04-26T21:56:53.627-0300] {logging_mixin.py:188} INFO - [2024-04-26T21:56:53.626-0300] {dagbag.py:540} INFO - Filling up the DagBag from /home/athlon/projects/airflow/.venv/lib/python3.11/site-packages/airflow/example_dags/example_branch_day_of_week_operator.py
[2024-04-26T21:56:53.643-0300] {processor.py:840} INFO - DAG(s) 'example_weekday_branch_operator' retrieved from /home/athlon/projects/airflow/.venv/lib/python3.11/site-packages/airflow/example_dags/example_branch_day_of_week_operator.py
[2024-04-26T21:56:53.673-0300] {logging_mixin.py:188} INFO - [2024-04-26T21:56:53.673-0300] {dag.py:3096} INFO - Sync 1 DAGs
[2024-04-26T21:56:53.714-0300] {logging_mixin.py:188} INFO - [2024-04-26T21:56:53.713-0300] {dag.py:3954} INFO - Setting next_dagrun for example_weekday_branch_operator to 2024-04-26 00:00:00+00:00, run_after=2024-04-27 00:00:00+00:00
[2024-04-26T21:56:53.756-0300] {processor.py:183} INFO - Processing /home/athlon/projects/airflow/.venv/lib/python3.11/site-packages/airflow/example_dags/example_branch_day_of_week_operator.py took 0.151 seconds
[2024-04-26T21:57:53.709-0300] {processor.py:161} INFO - Started process (PID=21947) to work on /home/athlon/projects/airflow/.venv/lib/python3.11/site-packages/airflow/example_dags/example_branch_day_of_week_operator.py
[2024-04-26T21:57:53.714-0300] {processor.py:830} INFO - Processing file /home/athlon/projects/airflow/.venv/lib/python3.11/site-packages/airflow/example_dags/example_branch_day_of_week_operator.py for tasks to queue
[2024-04-26T21:57:53.717-0300] {logging_mixin.py:188} INFO - [2024-04-26T21:57:53.716-0300] {dagbag.py:540} INFO - Filling up the DagBag from /home/athlon/projects/airflow/.venv/lib/python3.11/site-packages/airflow/example_dags/example_branch_day_of_week_operator.py
[2024-04-26T21:57:53.730-0300] {processor.py:840} INFO - DAG(s) 'example_weekday_branch_operator' retrieved from /home/athlon/projects/airflow/.venv/lib/python3.11/site-packages/airflow/example_dags/example_branch_day_of_week_operator.py
[2024-04-26T21:57:53.757-0300] {logging_mixin.py:188} INFO - [2024-04-26T21:57:53.757-0300] {dag.py:3096} INFO - Sync 1 DAGs
[2024-04-26T21:57:53.792-0300] {logging_mixin.py:188} INFO - [2024-04-26T21:57:53.792-0300] {dag.py:3954} INFO - Setting next_dagrun for example_weekday_branch_operator to 2024-04-26 00:00:00+00:00, run_after=2024-04-27 00:00:00+00:00
[2024-04-26T21:57:53.823-0300] {processor.py:183} INFO - Processing /home/athlon/projects/airflow/.venv/lib/python3.11/site-packages/airflow/example_dags/example_branch_day_of_week_operator.py took 0.124 seconds
[2024-04-26T21:58:52.614-0300] {processor.py:161} INFO - Started process (PID=22093) to work on /home/athlon/projects/airflow/.venv/lib/python3.11/site-packages/airflow/example_dags/example_branch_day_of_week_operator.py
[2024-04-26T21:58:52.615-0300] {processor.py:830} INFO - Processing file /home/athlon/projects/airflow/.venv/lib/python3.11/site-packages/airflow/example_dags/example_branch_day_of_week_operator.py for tasks to queue
[2024-04-26T21:58:52.618-0300] {logging_mixin.py:188} INFO - [2024-04-26T21:58:52.618-0300] {dagbag.py:540} INFO - Filling up the DagBag from /home/athlon/projects/airflow/.venv/lib/python3.11/site-packages/airflow/example_dags/example_branch_day_of_week_operator.py
[2024-04-26T21:58:52.632-0300] {processor.py:840} INFO - DAG(s) 'example_weekday_branch_operator' retrieved from /home/athlon/projects/airflow/.venv/lib/python3.11/site-packages/airflow/example_dags/example_branch_day_of_week_operator.py
[2024-04-26T21:58:52.657-0300] {logging_mixin.py:188} INFO - [2024-04-26T21:58:52.656-0300] {dag.py:3096} INFO - Sync 1 DAGs
[2024-04-26T21:58:52.688-0300] {logging_mixin.py:188} INFO - [2024-04-26T21:58:52.688-0300] {dag.py:3954} INFO - Setting next_dagrun for example_weekday_branch_operator to 2024-04-26 00:00:00+00:00, run_after=2024-04-27 00:00:00+00:00
[2024-04-26T21:58:52.716-0300] {processor.py:183} INFO - Processing /home/athlon/projects/airflow/.venv/lib/python3.11/site-packages/airflow/example_dags/example_branch_day_of_week_operator.py took 0.112 seconds
[2024-04-26T21:59:49.535-0300] {processor.py:161} INFO - Started process (PID=22245) to work on /home/athlon/projects/airflow/.venv/lib/python3.11/site-packages/airflow/example_dags/example_branch_day_of_week_operator.py
[2024-04-26T21:59:49.537-0300] {processor.py:830} INFO - Processing file /home/athlon/projects/airflow/.venv/lib/python3.11/site-packages/airflow/example_dags/example_branch_day_of_week_operator.py for tasks to queue
[2024-04-26T21:59:49.539-0300] {logging_mixin.py:188} INFO - [2024-04-26T21:59:49.539-0300] {dagbag.py:540} INFO - Filling up the DagBag from /home/athlon/projects/airflow/.venv/lib/python3.11/site-packages/airflow/example_dags/example_branch_day_of_week_operator.py
[2024-04-26T21:59:49.555-0300] {processor.py:840} INFO - DAG(s) 'example_weekday_branch_operator' retrieved from /home/athlon/projects/airflow/.venv/lib/python3.11/site-packages/airflow/example_dags/example_branch_day_of_week_operator.py
[2024-04-26T21:59:49.584-0300] {logging_mixin.py:188} INFO - [2024-04-26T21:59:49.583-0300] {dag.py:3096} INFO - Sync 1 DAGs
[2024-04-26T21:59:49.623-0300] {logging_mixin.py:188} INFO - [2024-04-26T21:59:49.623-0300] {dag.py:3954} INFO - Setting next_dagrun for example_weekday_branch_operator to 2024-04-26 00:00:00+00:00, run_after=2024-04-27 00:00:00+00:00
[2024-04-26T21:59:49.671-0300] {processor.py:183} INFO - Processing /home/athlon/projects/airflow/.venv/lib/python3.11/site-packages/airflow/example_dags/example_branch_day_of_week_operator.py took 0.148 seconds
[2024-04-26T22:00:52.789-0300] {processor.py:161} INFO - Started process (PID=22321) to work on /home/athlon/projects/airflow/.venv/lib/python3.11/site-packages/airflow/example_dags/example_branch_day_of_week_operator.py
[2024-04-26T22:00:52.795-0300] {processor.py:830} INFO - Processing file /home/athlon/projects/airflow/.venv/lib/python3.11/site-packages/airflow/example_dags/example_branch_day_of_week_operator.py for tasks to queue
[2024-04-26T22:00:52.798-0300] {logging_mixin.py:188} INFO - [2024-04-26T22:00:52.797-0300] {dagbag.py:540} INFO - Filling up the DagBag from /home/athlon/projects/airflow/.venv/lib/python3.11/site-packages/airflow/example_dags/example_branch_day_of_week_operator.py
[2024-04-26T22:00:52.813-0300] {processor.py:840} INFO - DAG(s) 'example_weekday_branch_operator' retrieved from /home/athlon/projects/airflow/.venv/lib/python3.11/site-packages/airflow/example_dags/example_branch_day_of_week_operator.py
[2024-04-26T22:00:52.842-0300] {logging_mixin.py:188} INFO - [2024-04-26T22:00:52.842-0300] {dag.py:3096} INFO - Sync 1 DAGs
[2024-04-26T22:00:52.876-0300] {logging_mixin.py:188} INFO - [2024-04-26T22:00:52.876-0300] {dag.py:3954} INFO - Setting next_dagrun for example_weekday_branch_operator to 2024-04-26 00:00:00+00:00, run_after=2024-04-27 00:00:00+00:00
[2024-04-26T22:00:52.907-0300] {processor.py:183} INFO - Processing /home/athlon/projects/airflow/.venv/lib/python3.11/site-packages/airflow/example_dags/example_branch_day_of_week_operator.py took 0.130 seconds
[2024-04-26T22:01:54.593-0300] {processor.py:161} INFO - Started process (PID=22390) to work on /home/athlon/projects/airflow/.venv/lib/python3.11/site-packages/airflow/example_dags/example_branch_day_of_week_operator.py
[2024-04-26T22:01:54.599-0300] {processor.py:830} INFO - Processing file /home/athlon/projects/airflow/.venv/lib/python3.11/site-packages/airflow/example_dags/example_branch_day_of_week_operator.py for tasks to queue
[2024-04-26T22:01:54.602-0300] {logging_mixin.py:188} INFO - [2024-04-26T22:01:54.601-0300] {dagbag.py:540} INFO - Filling up the DagBag from /home/athlon/projects/airflow/.venv/lib/python3.11/site-packages/airflow/example_dags/example_branch_day_of_week_operator.py
[2024-04-26T22:01:54.616-0300] {processor.py:840} INFO - DAG(s) 'example_weekday_branch_operator' retrieved from /home/athlon/projects/airflow/.venv/lib/python3.11/site-packages/airflow/example_dags/example_branch_day_of_week_operator.py
[2024-04-26T22:01:54.640-0300] {logging_mixin.py:188} INFO - [2024-04-26T22:01:54.640-0300] {dag.py:3096} INFO - Sync 1 DAGs
[2024-04-26T22:01:54.672-0300] {logging_mixin.py:188} INFO - [2024-04-26T22:01:54.671-0300] {dag.py:3954} INFO - Setting next_dagrun for example_weekday_branch_operator to 2024-04-26 00:00:00+00:00, run_after=2024-04-27 00:00:00+00:00
[2024-04-26T22:01:54.701-0300] {processor.py:183} INFO - Processing /home/athlon/projects/airflow/.venv/lib/python3.11/site-packages/airflow/example_dags/example_branch_day_of_week_operator.py took 0.120 seconds
[2024-04-26T22:02:59.172-0300] {processor.py:161} INFO - Started process (PID=22461) to work on /home/athlon/projects/airflow/.venv/lib/python3.11/site-packages/airflow/example_dags/example_branch_day_of_week_operator.py
[2024-04-26T22:02:59.178-0300] {processor.py:830} INFO - Processing file /home/athlon/projects/airflow/.venv/lib/python3.11/site-packages/airflow/example_dags/example_branch_day_of_week_operator.py for tasks to queue
[2024-04-26T22:02:59.181-0300] {logging_mixin.py:188} INFO - [2024-04-26T22:02:59.180-0300] {dagbag.py:540} INFO - Filling up the DagBag from /home/athlon/projects/airflow/.venv/lib/python3.11/site-packages/airflow/example_dags/example_branch_day_of_week_operator.py
[2024-04-26T22:02:59.195-0300] {processor.py:840} INFO - DAG(s) 'example_weekday_branch_operator' retrieved from /home/athlon/projects/airflow/.venv/lib/python3.11/site-packages/airflow/example_dags/example_branch_day_of_week_operator.py
[2024-04-26T22:02:59.220-0300] {logging_mixin.py:188} INFO - [2024-04-26T22:02:59.220-0300] {dag.py:3096} INFO - Sync 1 DAGs
[2024-04-26T22:02:59.252-0300] {logging_mixin.py:188} INFO - [2024-04-26T22:02:59.251-0300] {dag.py:3954} INFO - Setting next_dagrun for example_weekday_branch_operator to 2024-04-26 00:00:00+00:00, run_after=2024-04-27 00:00:00+00:00
[2024-04-26T22:02:59.283-0300] {processor.py:183} INFO - Processing /home/athlon/projects/airflow/.venv/lib/python3.11/site-packages/airflow/example_dags/example_branch_day_of_week_operator.py took 0.122 seconds
[2024-04-26T22:03:59.404-0300] {processor.py:161} INFO - Started process (PID=22539) to work on /home/athlon/projects/airflow/.venv/lib/python3.11/site-packages/airflow/example_dags/example_branch_day_of_week_operator.py
[2024-04-26T22:03:59.411-0300] {processor.py:830} INFO - Processing file /home/athlon/projects/airflow/.venv/lib/python3.11/site-packages/airflow/example_dags/example_branch_day_of_week_operator.py for tasks to queue
[2024-04-26T22:03:59.415-0300] {logging_mixin.py:188} INFO - [2024-04-26T22:03:59.414-0300] {dagbag.py:540} INFO - Filling up the DagBag from /home/athlon/projects/airflow/.venv/lib/python3.11/site-packages/airflow/example_dags/example_branch_day_of_week_operator.py
[2024-04-26T22:03:59.434-0300] {processor.py:840} INFO - DAG(s) 'example_weekday_branch_operator' retrieved from /home/athlon/projects/airflow/.venv/lib/python3.11/site-packages/airflow/example_dags/example_branch_day_of_week_operator.py
[2024-04-26T22:03:59.472-0300] {logging_mixin.py:188} INFO - [2024-04-26T22:03:59.472-0300] {dag.py:3096} INFO - Sync 1 DAGs
[2024-04-26T22:03:59.515-0300] {logging_mixin.py:188} INFO - [2024-04-26T22:03:59.514-0300] {dag.py:3954} INFO - Setting next_dagrun for example_weekday_branch_operator to 2024-04-26 00:00:00+00:00, run_after=2024-04-27 00:00:00+00:00
[2024-04-26T22:03:59.557-0300] {processor.py:183} INFO - Processing /home/athlon/projects/airflow/.venv/lib/python3.11/site-packages/airflow/example_dags/example_branch_day_of_week_operator.py took 0.166 seconds
[2024-04-26T22:05:23.862-0300] {processor.py:161} INFO - Started process (PID=22719) to work on /home/athlon/projects/airflow/.venv/lib/python3.11/site-packages/airflow/example_dags/example_branch_day_of_week_operator.py
[2024-04-26T22:05:23.867-0300] {processor.py:830} INFO - Processing file /home/athlon/projects/airflow/.venv/lib/python3.11/site-packages/airflow/example_dags/example_branch_day_of_week_operator.py for tasks to queue
[2024-04-26T22:05:23.871-0300] {logging_mixin.py:188} INFO - [2024-04-26T22:05:23.870-0300] {dagbag.py:540} INFO - Filling up the DagBag from /home/athlon/projects/airflow/.venv/lib/python3.11/site-packages/airflow/example_dags/example_branch_day_of_week_operator.py
[2024-04-26T22:05:23.886-0300] {processor.py:840} INFO - DAG(s) 'example_weekday_branch_operator' retrieved from /home/athlon/projects/airflow/.venv/lib/python3.11/site-packages/airflow/example_dags/example_branch_day_of_week_operator.py
[2024-04-26T22:05:23.913-0300] {logging_mixin.py:188} INFO - [2024-04-26T22:05:23.913-0300] {dag.py:3096} INFO - Sync 1 DAGs
[2024-04-26T22:05:23.945-0300] {logging_mixin.py:188} INFO - [2024-04-26T22:05:23.945-0300] {dag.py:3954} INFO - Setting next_dagrun for example_weekday_branch_operator to 2024-04-26 00:00:00+00:00, run_after=2024-04-27 00:00:00+00:00
[2024-04-26T22:05:23.978-0300] {processor.py:183} INFO - Processing /home/athlon/projects/airflow/.venv/lib/python3.11/site-packages/airflow/example_dags/example_branch_day_of_week_operator.py took 0.127 seconds
[2024-04-26T22:06:22.882-0300] {processor.py:161} INFO - Started process (PID=22785) to work on /home/athlon/projects/airflow/.venv/lib/python3.11/site-packages/airflow/example_dags/example_branch_day_of_week_operator.py
[2024-04-26T22:06:22.888-0300] {processor.py:830} INFO - Processing file /home/athlon/projects/airflow/.venv/lib/python3.11/site-packages/airflow/example_dags/example_branch_day_of_week_operator.py for tasks to queue
[2024-04-26T22:06:22.891-0300] {logging_mixin.py:188} INFO - [2024-04-26T22:06:22.890-0300] {dagbag.py:540} INFO - Filling up the DagBag from /home/athlon/projects/airflow/.venv/lib/python3.11/site-packages/airflow/example_dags/example_branch_day_of_week_operator.py
[2024-04-26T22:06:22.904-0300] {processor.py:840} INFO - DAG(s) 'example_weekday_branch_operator' retrieved from /home/athlon/projects/airflow/.venv/lib/python3.11/site-packages/airflow/example_dags/example_branch_day_of_week_operator.py
[2024-04-26T22:06:22.930-0300] {logging_mixin.py:188} INFO - [2024-04-26T22:06:22.929-0300] {dag.py:3096} INFO - Sync 1 DAGs
[2024-04-26T22:06:22.961-0300] {logging_mixin.py:188} INFO - [2024-04-26T22:06:22.961-0300] {dag.py:3954} INFO - Setting next_dagrun for example_weekday_branch_operator to 2024-04-26 00:00:00+00:00, run_after=2024-04-27 00:00:00+00:00
[2024-04-26T22:06:22.991-0300] {processor.py:183} INFO - Processing /home/athlon/projects/airflow/.venv/lib/python3.11/site-packages/airflow/example_dags/example_branch_day_of_week_operator.py took 0.119 seconds
[2024-04-26T22:07:22.968-0300] {processor.py:161} INFO - Started process (PID=22853) to work on /home/athlon/projects/airflow/.venv/lib/python3.11/site-packages/airflow/example_dags/example_branch_day_of_week_operator.py
[2024-04-26T22:07:22.974-0300] {processor.py:830} INFO - Processing file /home/athlon/projects/airflow/.venv/lib/python3.11/site-packages/airflow/example_dags/example_branch_day_of_week_operator.py for tasks to queue
[2024-04-26T22:07:22.977-0300] {logging_mixin.py:188} INFO - [2024-04-26T22:07:22.977-0300] {dagbag.py:540} INFO - Filling up the DagBag from /home/athlon/projects/airflow/.venv/lib/python3.11/site-packages/airflow/example_dags/example_branch_day_of_week_operator.py
[2024-04-26T22:07:22.993-0300] {processor.py:840} INFO - DAG(s) 'example_weekday_branch_operator' retrieved from /home/athlon/projects/airflow/.venv/lib/python3.11/site-packages/airflow/example_dags/example_branch_day_of_week_operator.py
[2024-04-26T22:07:23.019-0300] {logging_mixin.py:188} INFO - [2024-04-26T22:07:23.019-0300] {dag.py:3096} INFO - Sync 1 DAGs
[2024-04-26T22:07:23.050-0300] {logging_mixin.py:188} INFO - [2024-04-26T22:07:23.050-0300] {dag.py:3954} INFO - Setting next_dagrun for example_weekday_branch_operator to 2024-04-26 00:00:00+00:00, run_after=2024-04-27 00:00:00+00:00
[2024-04-26T22:07:23.080-0300] {processor.py:183} INFO - Processing /home/athlon/projects/airflow/.venv/lib/python3.11/site-packages/airflow/example_dags/example_branch_day_of_week_operator.py took 0.123 seconds
[2024-04-26T22:08:27.029-0300] {processor.py:161} INFO - Started process (PID=22921) to work on /home/athlon/projects/airflow/.venv/lib/python3.11/site-packages/airflow/example_dags/example_branch_day_of_week_operator.py
[2024-04-26T22:08:27.035-0300] {processor.py:830} INFO - Processing file /home/athlon/projects/airflow/.venv/lib/python3.11/site-packages/airflow/example_dags/example_branch_day_of_week_operator.py for tasks to queue
[2024-04-26T22:08:27.038-0300] {logging_mixin.py:188} INFO - [2024-04-26T22:08:27.037-0300] {dagbag.py:540} INFO - Filling up the DagBag from /home/athlon/projects/airflow/.venv/lib/python3.11/site-packages/airflow/example_dags/example_branch_day_of_week_operator.py
[2024-04-26T22:08:27.053-0300] {processor.py:840} INFO - DAG(s) 'example_weekday_branch_operator' retrieved from /home/athlon/projects/airflow/.venv/lib/python3.11/site-packages/airflow/example_dags/example_branch_day_of_week_operator.py
[2024-04-26T22:08:27.081-0300] {logging_mixin.py:188} INFO - [2024-04-26T22:08:27.080-0300] {dag.py:3096} INFO - Sync 1 DAGs
[2024-04-26T22:08:27.113-0300] {logging_mixin.py:188} INFO - [2024-04-26T22:08:27.112-0300] {dag.py:3954} INFO - Setting next_dagrun for example_weekday_branch_operator to 2024-04-26 00:00:00+00:00, run_after=2024-04-27 00:00:00+00:00
[2024-04-26T22:08:27.143-0300] {processor.py:183} INFO - Processing /home/athlon/projects/airflow/.venv/lib/python3.11/site-packages/airflow/example_dags/example_branch_day_of_week_operator.py took 0.125 seconds
[2024-04-26T22:09:25.656-0300] {processor.py:161} INFO - Started process (PID=23020) to work on /home/athlon/projects/airflow/.venv/lib/python3.11/site-packages/airflow/example_dags/example_branch_day_of_week_operator.py
[2024-04-26T22:09:25.661-0300] {processor.py:830} INFO - Processing file /home/athlon/projects/airflow/.venv/lib/python3.11/site-packages/airflow/example_dags/example_branch_day_of_week_operator.py for tasks to queue
[2024-04-26T22:09:25.665-0300] {logging_mixin.py:188} INFO - [2024-04-26T22:09:25.664-0300] {dagbag.py:540} INFO - Filling up the DagBag from /home/athlon/projects/airflow/.venv/lib/python3.11/site-packages/airflow/example_dags/example_branch_day_of_week_operator.py
[2024-04-26T22:09:25.680-0300] {processor.py:840} INFO - DAG(s) 'example_weekday_branch_operator' retrieved from /home/athlon/projects/airflow/.venv/lib/python3.11/site-packages/airflow/example_dags/example_branch_day_of_week_operator.py
[2024-04-26T22:09:25.707-0300] {logging_mixin.py:188} INFO - [2024-04-26T22:09:25.707-0300] {dag.py:3096} INFO - Sync 1 DAGs
[2024-04-26T22:09:25.740-0300] {logging_mixin.py:188} INFO - [2024-04-26T22:09:25.740-0300] {dag.py:3954} INFO - Setting next_dagrun for example_weekday_branch_operator to 2024-04-26 00:00:00+00:00, run_after=2024-04-27 00:00:00+00:00
[2024-04-26T22:09:25.769-0300] {processor.py:183} INFO - Processing /home/athlon/projects/airflow/.venv/lib/python3.11/site-packages/airflow/example_dags/example_branch_day_of_week_operator.py took 0.125 seconds
[2024-04-26T22:10:27.839-0300] {processor.py:161} INFO - Started process (PID=23091) to work on /home/athlon/projects/airflow/.venv/lib/python3.11/site-packages/airflow/example_dags/example_branch_day_of_week_operator.py
[2024-04-26T22:10:27.841-0300] {processor.py:830} INFO - Processing file /home/athlon/projects/airflow/.venv/lib/python3.11/site-packages/airflow/example_dags/example_branch_day_of_week_operator.py for tasks to queue
[2024-04-26T22:10:27.845-0300] {logging_mixin.py:188} INFO - [2024-04-26T22:10:27.844-0300] {dagbag.py:540} INFO - Filling up the DagBag from /home/athlon/projects/airflow/.venv/lib/python3.11/site-packages/airflow/example_dags/example_branch_day_of_week_operator.py
[2024-04-26T22:10:27.863-0300] {processor.py:840} INFO - DAG(s) 'example_weekday_branch_operator' retrieved from /home/athlon/projects/airflow/.venv/lib/python3.11/site-packages/airflow/example_dags/example_branch_day_of_week_operator.py
[2024-04-26T22:10:27.905-0300] {logging_mixin.py:188} INFO - [2024-04-26T22:10:27.905-0300] {dag.py:3096} INFO - Sync 1 DAGs
[2024-04-26T22:10:27.970-0300] {logging_mixin.py:188} INFO - [2024-04-26T22:10:27.969-0300] {dag.py:3954} INFO - Setting next_dagrun for example_weekday_branch_operator to 2024-04-26 00:00:00+00:00, run_after=2024-04-27 00:00:00+00:00
[2024-04-26T22:10:28.030-0300] {processor.py:183} INFO - Processing /home/athlon/projects/airflow/.venv/lib/python3.11/site-packages/airflow/example_dags/example_branch_day_of_week_operator.py took 0.204 seconds
[2024-04-26T22:11:29.549-0300] {processor.py:161} INFO - Started process (PID=23161) to work on /home/athlon/projects/airflow/.venv/lib/python3.11/site-packages/airflow/example_dags/example_branch_day_of_week_operator.py
[2024-04-26T22:11:29.555-0300] {processor.py:830} INFO - Processing file /home/athlon/projects/airflow/.venv/lib/python3.11/site-packages/airflow/example_dags/example_branch_day_of_week_operator.py for tasks to queue
[2024-04-26T22:11:29.558-0300] {logging_mixin.py:188} INFO - [2024-04-26T22:11:29.557-0300] {dagbag.py:540} INFO - Filling up the DagBag from /home/athlon/projects/airflow/.venv/lib/python3.11/site-packages/airflow/example_dags/example_branch_day_of_week_operator.py
[2024-04-26T22:11:29.573-0300] {processor.py:840} INFO - DAG(s) 'example_weekday_branch_operator' retrieved from /home/athlon/projects/airflow/.venv/lib/python3.11/site-packages/airflow/example_dags/example_branch_day_of_week_operator.py
[2024-04-26T22:11:29.601-0300] {logging_mixin.py:188} INFO - [2024-04-26T22:11:29.600-0300] {dag.py:3096} INFO - Sync 1 DAGs
[2024-04-26T22:11:29.632-0300] {logging_mixin.py:188} INFO - [2024-04-26T22:11:29.632-0300] {dag.py:3954} INFO - Setting next_dagrun for example_weekday_branch_operator to 2024-04-26 00:00:00+00:00, run_after=2024-04-27 00:00:00+00:00
[2024-04-26T22:11:29.663-0300] {processor.py:183} INFO - Processing /home/athlon/projects/airflow/.venv/lib/python3.11/site-packages/airflow/example_dags/example_branch_day_of_week_operator.py took 0.125 seconds
[2024-04-26T22:12:30.605-0300] {processor.py:161} INFO - Started process (PID=23247) to work on /home/athlon/projects/airflow/.venv/lib/python3.11/site-packages/airflow/example_dags/example_branch_day_of_week_operator.py
[2024-04-26T22:12:30.611-0300] {processor.py:830} INFO - Processing file /home/athlon/projects/airflow/.venv/lib/python3.11/site-packages/airflow/example_dags/example_branch_day_of_week_operator.py for tasks to queue
[2024-04-26T22:12:30.614-0300] {logging_mixin.py:188} INFO - [2024-04-26T22:12:30.613-0300] {dagbag.py:540} INFO - Filling up the DagBag from /home/athlon/projects/airflow/.venv/lib/python3.11/site-packages/airflow/example_dags/example_branch_day_of_week_operator.py
[2024-04-26T22:12:30.628-0300] {processor.py:840} INFO - DAG(s) 'example_weekday_branch_operator' retrieved from /home/athlon/projects/airflow/.venv/lib/python3.11/site-packages/airflow/example_dags/example_branch_day_of_week_operator.py
[2024-04-26T22:12:30.655-0300] {logging_mixin.py:188} INFO - [2024-04-26T22:12:30.655-0300] {dag.py:3096} INFO - Sync 1 DAGs
[2024-04-26T22:12:30.694-0300] {logging_mixin.py:188} INFO - [2024-04-26T22:12:30.694-0300] {dag.py:3954} INFO - Setting next_dagrun for example_weekday_branch_operator to 2024-04-26 00:00:00+00:00, run_after=2024-04-27 00:00:00+00:00
[2024-04-26T22:12:30.731-0300] {processor.py:183} INFO - Processing /home/athlon/projects/airflow/.venv/lib/python3.11/site-packages/airflow/example_dags/example_branch_day_of_week_operator.py took 0.136 seconds
[2024-04-26T22:13:30.548-0300] {processor.py:161} INFO - Started process (PID=23318) to work on /home/athlon/projects/airflow/.venv/lib/python3.11/site-packages/airflow/example_dags/example_branch_day_of_week_operator.py
[2024-04-26T22:13:30.554-0300] {processor.py:830} INFO - Processing file /home/athlon/projects/airflow/.venv/lib/python3.11/site-packages/airflow/example_dags/example_branch_day_of_week_operator.py for tasks to queue
[2024-04-26T22:13:30.557-0300] {logging_mixin.py:188} INFO - [2024-04-26T22:13:30.556-0300] {dagbag.py:540} INFO - Filling up the DagBag from /home/athlon/projects/airflow/.venv/lib/python3.11/site-packages/airflow/example_dags/example_branch_day_of_week_operator.py
[2024-04-26T22:13:30.571-0300] {processor.py:840} INFO - DAG(s) 'example_weekday_branch_operator' retrieved from /home/athlon/projects/airflow/.venv/lib/python3.11/site-packages/airflow/example_dags/example_branch_day_of_week_operator.py
[2024-04-26T22:13:30.597-0300] {logging_mixin.py:188} INFO - [2024-04-26T22:13:30.597-0300] {dag.py:3096} INFO - Sync 1 DAGs
[2024-04-26T22:13:30.629-0300] {logging_mixin.py:188} INFO - [2024-04-26T22:13:30.629-0300] {dag.py:3954} INFO - Setting next_dagrun for example_weekday_branch_operator to 2024-04-26 00:00:00+00:00, run_after=2024-04-27 00:00:00+00:00
[2024-04-26T22:13:30.660-0300] {processor.py:183} INFO - Processing /home/athlon/projects/airflow/.venv/lib/python3.11/site-packages/airflow/example_dags/example_branch_day_of_week_operator.py took 0.123 seconds
[2024-04-26T22:14:30.909-0300] {processor.py:161} INFO - Started process (PID=23429) to work on /home/athlon/projects/airflow/.venv/lib/python3.11/site-packages/airflow/example_dags/example_branch_day_of_week_operator.py
[2024-04-26T22:14:30.915-0300] {processor.py:830} INFO - Processing file /home/athlon/projects/airflow/.venv/lib/python3.11/site-packages/airflow/example_dags/example_branch_day_of_week_operator.py for tasks to queue
[2024-04-26T22:14:30.919-0300] {logging_mixin.py:188} INFO - [2024-04-26T22:14:30.918-0300] {dagbag.py:540} INFO - Filling up the DagBag from /home/athlon/projects/airflow/.venv/lib/python3.11/site-packages/airflow/example_dags/example_branch_day_of_week_operator.py
[2024-04-26T22:14:30.937-0300] {processor.py:840} INFO - DAG(s) 'example_weekday_branch_operator' retrieved from /home/athlon/projects/airflow/.venv/lib/python3.11/site-packages/airflow/example_dags/example_branch_day_of_week_operator.py
[2024-04-26T22:14:30.980-0300] {logging_mixin.py:188} INFO - [2024-04-26T22:14:30.979-0300] {dag.py:3096} INFO - Sync 1 DAGs
[2024-04-26T22:14:31.041-0300] {logging_mixin.py:188} INFO - [2024-04-26T22:14:31.039-0300] {dag.py:3954} INFO - Setting next_dagrun for example_weekday_branch_operator to 2024-04-26 00:00:00+00:00, run_after=2024-04-27 00:00:00+00:00
[2024-04-26T22:14:31.095-0300] {processor.py:183} INFO - Processing /home/athlon/projects/airflow/.venv/lib/python3.11/site-packages/airflow/example_dags/example_branch_day_of_week_operator.py took 0.196 seconds
[2024-04-26T22:15:36.753-0300] {processor.py:161} INFO - Started process (PID=23530) to work on /home/athlon/projects/airflow/.venv/lib/python3.11/site-packages/airflow/example_dags/example_branch_day_of_week_operator.py
[2024-04-26T22:15:36.759-0300] {processor.py:830} INFO - Processing file /home/athlon/projects/airflow/.venv/lib/python3.11/site-packages/airflow/example_dags/example_branch_day_of_week_operator.py for tasks to queue
[2024-04-26T22:15:36.762-0300] {logging_mixin.py:188} INFO - [2024-04-26T22:15:36.762-0300] {dagbag.py:540} INFO - Filling up the DagBag from /home/athlon/projects/airflow/.venv/lib/python3.11/site-packages/airflow/example_dags/example_branch_day_of_week_operator.py
[2024-04-26T22:15:36.778-0300] {processor.py:840} INFO - DAG(s) 'example_weekday_branch_operator' retrieved from /home/athlon/projects/airflow/.venv/lib/python3.11/site-packages/airflow/example_dags/example_branch_day_of_week_operator.py
[2024-04-26T22:15:36.806-0300] {logging_mixin.py:188} INFO - [2024-04-26T22:15:36.806-0300] {dag.py:3096} INFO - Sync 1 DAGs
[2024-04-26T22:15:36.839-0300] {logging_mixin.py:188} INFO - [2024-04-26T22:15:36.838-0300] {dag.py:3954} INFO - Setting next_dagrun for example_weekday_branch_operator to 2024-04-26 00:00:00+00:00, run_after=2024-04-27 00:00:00+00:00
[2024-04-26T22:15:36.868-0300] {processor.py:183} INFO - Processing /home/athlon/projects/airflow/.venv/lib/python3.11/site-packages/airflow/example_dags/example_branch_day_of_week_operator.py took 0.126 seconds
[2024-04-26T22:16:42.042-0300] {processor.py:161} INFO - Started process (PID=23678) to work on /home/athlon/projects/airflow/.venv/lib/python3.11/site-packages/airflow/example_dags/example_branch_day_of_week_operator.py
[2024-04-26T22:16:42.043-0300] {processor.py:830} INFO - Processing file /home/athlon/projects/airflow/.venv/lib/python3.11/site-packages/airflow/example_dags/example_branch_day_of_week_operator.py for tasks to queue
[2024-04-26T22:16:42.047-0300] {logging_mixin.py:188} INFO - [2024-04-26T22:16:42.046-0300] {dagbag.py:540} INFO - Filling up the DagBag from /home/athlon/projects/airflow/.venv/lib/python3.11/site-packages/airflow/example_dags/example_branch_day_of_week_operator.py
[2024-04-26T22:16:42.062-0300] {processor.py:840} INFO - DAG(s) 'example_weekday_branch_operator' retrieved from /home/athlon/projects/airflow/.venv/lib/python3.11/site-packages/airflow/example_dags/example_branch_day_of_week_operator.py
[2024-04-26T22:16:42.089-0300] {logging_mixin.py:188} INFO - [2024-04-26T22:16:42.088-0300] {dag.py:3096} INFO - Sync 1 DAGs
[2024-04-26T22:16:42.121-0300] {logging_mixin.py:188} INFO - [2024-04-26T22:16:42.121-0300] {dag.py:3954} INFO - Setting next_dagrun for example_weekday_branch_operator to 2024-04-26 00:00:00+00:00, run_after=2024-04-27 00:00:00+00:00
[2024-04-26T22:16:42.153-0300] {processor.py:183} INFO - Processing /home/athlon/projects/airflow/.venv/lib/python3.11/site-packages/airflow/example_dags/example_branch_day_of_week_operator.py took 0.123 seconds
[2024-04-26T22:17:40.759-0300] {processor.py:161} INFO - Started process (PID=23735) to work on /home/athlon/projects/airflow/.venv/lib/python3.11/site-packages/airflow/example_dags/example_branch_day_of_week_operator.py
[2024-04-26T22:17:40.760-0300] {processor.py:830} INFO - Processing file /home/athlon/projects/airflow/.venv/lib/python3.11/site-packages/airflow/example_dags/example_branch_day_of_week_operator.py for tasks to queue
[2024-04-26T22:17:40.764-0300] {logging_mixin.py:188} INFO - [2024-04-26T22:17:40.763-0300] {dagbag.py:540} INFO - Filling up the DagBag from /home/athlon/projects/airflow/.venv/lib/python3.11/site-packages/airflow/example_dags/example_branch_day_of_week_operator.py
[2024-04-26T22:17:40.779-0300] {processor.py:840} INFO - DAG(s) 'example_weekday_branch_operator' retrieved from /home/athlon/projects/airflow/.venv/lib/python3.11/site-packages/airflow/example_dags/example_branch_day_of_week_operator.py
[2024-04-26T22:17:40.806-0300] {logging_mixin.py:188} INFO - [2024-04-26T22:17:40.806-0300] {dag.py:3096} INFO - Sync 1 DAGs
[2024-04-26T22:17:40.839-0300] {logging_mixin.py:188} INFO - [2024-04-26T22:17:40.839-0300] {dag.py:3954} INFO - Setting next_dagrun for example_weekday_branch_operator to 2024-04-26 00:00:00+00:00, run_after=2024-04-27 00:00:00+00:00
[2024-04-26T22:17:40.869-0300] {processor.py:183} INFO - Processing /home/athlon/projects/airflow/.venv/lib/python3.11/site-packages/airflow/example_dags/example_branch_day_of_week_operator.py took 0.122 seconds
[2024-04-26T22:18:39.802-0300] {processor.py:161} INFO - Started process (PID=23791) to work on /home/athlon/projects/airflow/.venv/lib/python3.11/site-packages/airflow/example_dags/example_branch_day_of_week_operator.py
[2024-04-26T22:18:39.804-0300] {processor.py:830} INFO - Processing file /home/athlon/projects/airflow/.venv/lib/python3.11/site-packages/airflow/example_dags/example_branch_day_of_week_operator.py for tasks to queue
[2024-04-26T22:18:39.807-0300] {logging_mixin.py:188} INFO - [2024-04-26T22:18:39.806-0300] {dagbag.py:540} INFO - Filling up the DagBag from /home/athlon/projects/airflow/.venv/lib/python3.11/site-packages/airflow/example_dags/example_branch_day_of_week_operator.py
[2024-04-26T22:18:39.822-0300] {processor.py:840} INFO - DAG(s) 'example_weekday_branch_operator' retrieved from /home/athlon/projects/airflow/.venv/lib/python3.11/site-packages/airflow/example_dags/example_branch_day_of_week_operator.py
[2024-04-26T22:18:39.849-0300] {logging_mixin.py:188} INFO - [2024-04-26T22:18:39.849-0300] {dag.py:3096} INFO - Sync 1 DAGs
[2024-04-26T22:18:39.881-0300] {logging_mixin.py:188} INFO - [2024-04-26T22:18:39.881-0300] {dag.py:3954} INFO - Setting next_dagrun for example_weekday_branch_operator to 2024-04-26 00:00:00+00:00, run_after=2024-04-27 00:00:00+00:00
[2024-04-26T22:18:39.912-0300] {processor.py:183} INFO - Processing /home/athlon/projects/airflow/.venv/lib/python3.11/site-packages/airflow/example_dags/example_branch_day_of_week_operator.py took 0.122 seconds
[2024-04-26T22:19:39.076-0300] {processor.py:161} INFO - Started process (PID=23856) to work on /home/athlon/projects/airflow/.venv/lib/python3.11/site-packages/airflow/example_dags/example_branch_day_of_week_operator.py
[2024-04-26T22:19:39.077-0300] {processor.py:830} INFO - Processing file /home/athlon/projects/airflow/.venv/lib/python3.11/site-packages/airflow/example_dags/example_branch_day_of_week_operator.py for tasks to queue
[2024-04-26T22:19:39.080-0300] {logging_mixin.py:188} INFO - [2024-04-26T22:19:39.080-0300] {dagbag.py:540} INFO - Filling up the DagBag from /home/athlon/projects/airflow/.venv/lib/python3.11/site-packages/airflow/example_dags/example_branch_day_of_week_operator.py
[2024-04-26T22:19:39.095-0300] {processor.py:840} INFO - DAG(s) 'example_weekday_branch_operator' retrieved from /home/athlon/projects/airflow/.venv/lib/python3.11/site-packages/airflow/example_dags/example_branch_day_of_week_operator.py
[2024-04-26T22:19:39.120-0300] {logging_mixin.py:188} INFO - [2024-04-26T22:19:39.119-0300] {dag.py:3096} INFO - Sync 1 DAGs
[2024-04-26T22:19:39.153-0300] {logging_mixin.py:188} INFO - [2024-04-26T22:19:39.153-0300] {dag.py:3954} INFO - Setting next_dagrun for example_weekday_branch_operator to 2024-04-26 00:00:00+00:00, run_after=2024-04-27 00:00:00+00:00
[2024-04-26T22:19:39.184-0300] {processor.py:183} INFO - Processing /home/athlon/projects/airflow/.venv/lib/python3.11/site-packages/airflow/example_dags/example_branch_day_of_week_operator.py took 0.119 seconds
[2024-04-26T22:21:12.358-0300] {processor.py:161} INFO - Started process (PID=24058) to work on /home/athlon/projects/airflow/.venv/lib/python3.11/site-packages/airflow/example_dags/example_branch_day_of_week_operator.py
[2024-04-26T22:21:12.364-0300] {processor.py:830} INFO - Processing file /home/athlon/projects/airflow/.venv/lib/python3.11/site-packages/airflow/example_dags/example_branch_day_of_week_operator.py for tasks to queue
[2024-04-26T22:21:12.368-0300] {logging_mixin.py:188} INFO - [2024-04-26T22:21:12.367-0300] {dagbag.py:540} INFO - Filling up the DagBag from /home/athlon/projects/airflow/.venv/lib/python3.11/site-packages/airflow/example_dags/example_branch_day_of_week_operator.py
[2024-04-26T22:21:12.396-0300] {processor.py:840} INFO - DAG(s) 'example_weekday_branch_operator' retrieved from /home/athlon/projects/airflow/.venv/lib/python3.11/site-packages/airflow/example_dags/example_branch_day_of_week_operator.py
[2024-04-26T22:21:12.449-0300] {logging_mixin.py:188} INFO - [2024-04-26T22:21:12.448-0300] {dag.py:3096} INFO - Sync 1 DAGs
[2024-04-26T22:21:12.506-0300] {logging_mixin.py:188} INFO - [2024-04-26T22:21:12.505-0300] {dag.py:3954} INFO - Setting next_dagrun for example_weekday_branch_operator to 2024-04-26 00:00:00+00:00, run_after=2024-04-27 00:00:00+00:00
[2024-04-26T22:21:12.556-0300] {processor.py:183} INFO - Processing /home/athlon/projects/airflow/.venv/lib/python3.11/site-packages/airflow/example_dags/example_branch_day_of_week_operator.py took 0.212 seconds
