[2024-04-26T21:25:12.242-0300] {processor.py:161} INFO - Started process (PID=17713) to work on /home/athlon/projects/airflow/.venv/lib/python3.11/site-packages/airflow/example_dags/example_task_group_decorator.py
[2024-04-26T21:25:12.243-0300] {processor.py:830} INFO - Processing file /home/athlon/projects/airflow/.venv/lib/python3.11/site-packages/airflow/example_dags/example_task_group_decorator.py for tasks to queue
[2024-04-26T21:25:12.248-0300] {logging_mixin.py:188} INFO - [2024-04-26T21:25:12.247-0300] {dagbag.py:540} INFO - Filling up the DagBag from /home/athlon/projects/airflow/.venv/lib/python3.11/site-packages/airflow/example_dags/example_task_group_decorator.py
[2024-04-26T21:25:12.279-0300] {processor.py:840} INFO - DAG(s) 'example_task_group_decorator' retrieved from /home/athlon/projects/airflow/.venv/lib/python3.11/site-packages/airflow/example_dags/example_task_group_decorator.py
[2024-04-26T21:25:12.320-0300] {logging_mixin.py:188} INFO - [2024-04-26T21:25:12.319-0300] {dag.py:3096} INFO - Sync 1 DAGs
[2024-04-26T21:25:12.346-0300] {logging_mixin.py:188} INFO - [2024-04-26T21:25:12.346-0300] {dag.py:3954} INFO - Setting next_dagrun for example_task_group_decorator to 2024-04-26 00:00:00+00:00, run_after=2024-04-27 00:00:00+00:00
[2024-04-26T21:25:12.417-0300] {processor.py:183} INFO - Processing /home/athlon/projects/airflow/.venv/lib/python3.11/site-packages/airflow/example_dags/example_task_group_decorator.py took 0.184 seconds
[2024-04-26T21:26:09.648-0300] {processor.py:161} INFO - Started process (PID=17853) to work on /home/athlon/projects/airflow/.venv/lib/python3.11/site-packages/airflow/example_dags/example_task_group_decorator.py
[2024-04-26T21:26:09.654-0300] {processor.py:830} INFO - Processing file /home/athlon/projects/airflow/.venv/lib/python3.11/site-packages/airflow/example_dags/example_task_group_decorator.py for tasks to queue
[2024-04-26T21:26:09.657-0300] {logging_mixin.py:188} INFO - [2024-04-26T21:26:09.656-0300] {dagbag.py:540} INFO - Filling up the DagBag from /home/athlon/projects/airflow/.venv/lib/python3.11/site-packages/airflow/example_dags/example_task_group_decorator.py
[2024-04-26T21:26:09.684-0300] {processor.py:840} INFO - DAG(s) 'example_task_group_decorator' retrieved from /home/athlon/projects/airflow/.venv/lib/python3.11/site-packages/airflow/example_dags/example_task_group_decorator.py
[2024-04-26T21:26:09.713-0300] {logging_mixin.py:188} INFO - [2024-04-26T21:26:09.713-0300] {dag.py:3096} INFO - Sync 1 DAGs
[2024-04-26T21:26:09.739-0300] {logging_mixin.py:188} INFO - [2024-04-26T21:26:09.739-0300] {dag.py:3954} INFO - Setting next_dagrun for example_task_group_decorator to 2024-04-26 00:00:00+00:00, run_after=2024-04-27 00:00:00+00:00
[2024-04-26T21:26:09.768-0300] {processor.py:183} INFO - Processing /home/athlon/projects/airflow/.venv/lib/python3.11/site-packages/airflow/example_dags/example_task_group_decorator.py took 0.130 seconds
[2024-04-26T21:27:03.852-0300] {processor.py:161} INFO - Started process (PID=17924) to work on /home/athlon/projects/airflow/.venv/lib/python3.11/site-packages/airflow/example_dags/example_task_group_decorator.py
[2024-04-26T21:27:03.853-0300] {processor.py:830} INFO - Processing file /home/athlon/projects/airflow/.venv/lib/python3.11/site-packages/airflow/example_dags/example_task_group_decorator.py for tasks to queue
[2024-04-26T21:27:03.856-0300] {logging_mixin.py:188} INFO - [2024-04-26T21:27:03.856-0300] {dagbag.py:540} INFO - Filling up the DagBag from /home/athlon/projects/airflow/.venv/lib/python3.11/site-packages/airflow/example_dags/example_task_group_decorator.py
[2024-04-26T21:27:03.893-0300] {processor.py:840} INFO - DAG(s) 'example_task_group_decorator' retrieved from /home/athlon/projects/airflow/.venv/lib/python3.11/site-packages/airflow/example_dags/example_task_group_decorator.py
[2024-04-26T21:27:03.942-0300] {logging_mixin.py:188} INFO - [2024-04-26T21:27:03.942-0300] {dag.py:3096} INFO - Sync 1 DAGs
[2024-04-26T21:27:03.983-0300] {logging_mixin.py:188} INFO - [2024-04-26T21:27:03.983-0300] {dag.py:3954} INFO - Setting next_dagrun for example_task_group_decorator to 2024-04-26 00:00:00+00:00, run_after=2024-04-27 00:00:00+00:00
[2024-04-26T21:27:04.058-0300] {processor.py:183} INFO - Processing /home/athlon/projects/airflow/.venv/lib/python3.11/site-packages/airflow/example_dags/example_task_group_decorator.py took 0.215 seconds
[2024-04-26T21:28:02.369-0300] {processor.py:161} INFO - Started process (PID=18006) to work on /home/athlon/projects/airflow/.venv/lib/python3.11/site-packages/airflow/example_dags/example_task_group_decorator.py
[2024-04-26T21:28:02.375-0300] {processor.py:830} INFO - Processing file /home/athlon/projects/airflow/.venv/lib/python3.11/site-packages/airflow/example_dags/example_task_group_decorator.py for tasks to queue
[2024-04-26T21:28:02.377-0300] {logging_mixin.py:188} INFO - [2024-04-26T21:28:02.377-0300] {dagbag.py:540} INFO - Filling up the DagBag from /home/athlon/projects/airflow/.venv/lib/python3.11/site-packages/airflow/example_dags/example_task_group_decorator.py
[2024-04-26T21:28:02.399-0300] {processor.py:840} INFO - DAG(s) 'example_task_group_decorator' retrieved from /home/athlon/projects/airflow/.venv/lib/python3.11/site-packages/airflow/example_dags/example_task_group_decorator.py
[2024-04-26T21:28:02.429-0300] {logging_mixin.py:188} INFO - [2024-04-26T21:28:02.428-0300] {dag.py:3096} INFO - Sync 1 DAGs
[2024-04-26T21:28:02.456-0300] {logging_mixin.py:188} INFO - [2024-04-26T21:28:02.456-0300] {dag.py:3954} INFO - Setting next_dagrun for example_task_group_decorator to 2024-04-26 00:00:00+00:00, run_after=2024-04-27 00:00:00+00:00
[2024-04-26T21:28:02.486-0300] {processor.py:183} INFO - Processing /home/athlon/projects/airflow/.venv/lib/python3.11/site-packages/airflow/example_dags/example_task_group_decorator.py took 0.124 seconds
[2024-04-26T21:29:01.366-0300] {processor.py:161} INFO - Started process (PID=18274) to work on /home/athlon/projects/airflow/.venv/lib/python3.11/site-packages/airflow/example_dags/example_task_group_decorator.py
[2024-04-26T21:29:01.367-0300] {processor.py:830} INFO - Processing file /home/athlon/projects/airflow/.venv/lib/python3.11/site-packages/airflow/example_dags/example_task_group_decorator.py for tasks to queue
[2024-04-26T21:29:01.371-0300] {logging_mixin.py:188} INFO - [2024-04-26T21:29:01.370-0300] {dagbag.py:540} INFO - Filling up the DagBag from /home/athlon/projects/airflow/.venv/lib/python3.11/site-packages/airflow/example_dags/example_task_group_decorator.py
[2024-04-26T21:29:01.412-0300] {processor.py:840} INFO - DAG(s) 'example_task_group_decorator' retrieved from /home/athlon/projects/airflow/.venv/lib/python3.11/site-packages/airflow/example_dags/example_task_group_decorator.py
[2024-04-26T21:29:01.457-0300] {logging_mixin.py:188} INFO - [2024-04-26T21:29:01.456-0300] {dag.py:3096} INFO - Sync 1 DAGs
[2024-04-26T21:29:01.505-0300] {logging_mixin.py:188} INFO - [2024-04-26T21:29:01.505-0300] {dag.py:3954} INFO - Setting next_dagrun for example_task_group_decorator to 2024-04-26 00:00:00+00:00, run_after=2024-04-27 00:00:00+00:00
[2024-04-26T21:29:01.557-0300] {processor.py:183} INFO - Processing /home/athlon/projects/airflow/.venv/lib/python3.11/site-packages/airflow/example_dags/example_task_group_decorator.py took 0.207 seconds
[2024-04-26T21:30:02.704-0300] {processor.py:161} INFO - Started process (PID=18701) to work on /home/athlon/projects/airflow/.venv/lib/python3.11/site-packages/airflow/example_dags/example_task_group_decorator.py
[2024-04-26T21:30:02.710-0300] {processor.py:830} INFO - Processing file /home/athlon/projects/airflow/.venv/lib/python3.11/site-packages/airflow/example_dags/example_task_group_decorator.py for tasks to queue
[2024-04-26T21:30:02.714-0300] {logging_mixin.py:188} INFO - [2024-04-26T21:30:02.713-0300] {dagbag.py:540} INFO - Filling up the DagBag from /home/athlon/projects/airflow/.venv/lib/python3.11/site-packages/airflow/example_dags/example_task_group_decorator.py
[2024-04-26T21:30:02.741-0300] {processor.py:840} INFO - DAG(s) 'example_task_group_decorator' retrieved from /home/athlon/projects/airflow/.venv/lib/python3.11/site-packages/airflow/example_dags/example_task_group_decorator.py
[2024-04-26T21:30:02.772-0300] {logging_mixin.py:188} INFO - [2024-04-26T21:30:02.771-0300] {dag.py:3096} INFO - Sync 1 DAGs
[2024-04-26T21:30:02.945-0300] {logging_mixin.py:188} INFO - [2024-04-26T21:30:02.945-0300] {dag.py:3954} INFO - Setting next_dagrun for example_task_group_decorator to 2024-04-26 00:00:00+00:00, run_after=2024-04-27 00:00:00+00:00
[2024-04-26T21:30:02.976-0300] {processor.py:183} INFO - Processing /home/athlon/projects/airflow/.venv/lib/python3.11/site-packages/airflow/example_dags/example_task_group_decorator.py took 0.283 seconds
[2024-04-26T21:31:05.515-0300] {processor.py:161} INFO - Started process (PID=18781) to work on /home/athlon/projects/airflow/.venv/lib/python3.11/site-packages/airflow/example_dags/example_task_group_decorator.py
[2024-04-26T21:31:05.520-0300] {processor.py:830} INFO - Processing file /home/athlon/projects/airflow/.venv/lib/python3.11/site-packages/airflow/example_dags/example_task_group_decorator.py for tasks to queue
[2024-04-26T21:31:05.523-0300] {logging_mixin.py:188} INFO - [2024-04-26T21:31:05.523-0300] {dagbag.py:540} INFO - Filling up the DagBag from /home/athlon/projects/airflow/.venv/lib/python3.11/site-packages/airflow/example_dags/example_task_group_decorator.py
[2024-04-26T21:31:05.550-0300] {processor.py:840} INFO - DAG(s) 'example_task_group_decorator' retrieved from /home/athlon/projects/airflow/.venv/lib/python3.11/site-packages/airflow/example_dags/example_task_group_decorator.py
[2024-04-26T21:31:05.581-0300] {logging_mixin.py:188} INFO - [2024-04-26T21:31:05.580-0300] {dag.py:3096} INFO - Sync 1 DAGs
[2024-04-26T21:31:05.610-0300] {logging_mixin.py:188} INFO - [2024-04-26T21:31:05.610-0300] {dag.py:3954} INFO - Setting next_dagrun for example_task_group_decorator to 2024-04-26 00:00:00+00:00, run_after=2024-04-27 00:00:00+00:00
[2024-04-26T21:31:05.639-0300] {processor.py:183} INFO - Processing /home/athlon/projects/airflow/.venv/lib/python3.11/site-packages/airflow/example_dags/example_task_group_decorator.py took 0.135 seconds
[2024-04-26T21:32:06.590-0300] {processor.py:161} INFO - Started process (PID=18843) to work on /home/athlon/projects/airflow/.venv/lib/python3.11/site-packages/airflow/example_dags/example_task_group_decorator.py
[2024-04-26T21:32:06.595-0300] {processor.py:830} INFO - Processing file /home/athlon/projects/airflow/.venv/lib/python3.11/site-packages/airflow/example_dags/example_task_group_decorator.py for tasks to queue
[2024-04-26T21:32:06.598-0300] {logging_mixin.py:188} INFO - [2024-04-26T21:32:06.598-0300] {dagbag.py:540} INFO - Filling up the DagBag from /home/athlon/projects/airflow/.venv/lib/python3.11/site-packages/airflow/example_dags/example_task_group_decorator.py
[2024-04-26T21:32:06.625-0300] {processor.py:840} INFO - DAG(s) 'example_task_group_decorator' retrieved from /home/athlon/projects/airflow/.venv/lib/python3.11/site-packages/airflow/example_dags/example_task_group_decorator.py
[2024-04-26T21:32:06.655-0300] {logging_mixin.py:188} INFO - [2024-04-26T21:32:06.655-0300] {dag.py:3096} INFO - Sync 1 DAGs
[2024-04-26T21:32:06.685-0300] {logging_mixin.py:188} INFO - [2024-04-26T21:32:06.685-0300] {dag.py:3954} INFO - Setting next_dagrun for example_task_group_decorator to 2024-04-26 00:00:00+00:00, run_after=2024-04-27 00:00:00+00:00
[2024-04-26T21:32:06.715-0300] {processor.py:183} INFO - Processing /home/athlon/projects/airflow/.venv/lib/python3.11/site-packages/airflow/example_dags/example_task_group_decorator.py took 0.136 seconds
[2024-04-26T21:33:05.353-0300] {processor.py:161} INFO - Started process (PID=18895) to work on /home/athlon/projects/airflow/.venv/lib/python3.11/site-packages/airflow/example_dags/example_task_group_decorator.py
[2024-04-26T21:33:05.359-0300] {processor.py:830} INFO - Processing file /home/athlon/projects/airflow/.venv/lib/python3.11/site-packages/airflow/example_dags/example_task_group_decorator.py for tasks to queue
[2024-04-26T21:33:05.362-0300] {logging_mixin.py:188} INFO - [2024-04-26T21:33:05.361-0300] {dagbag.py:540} INFO - Filling up the DagBag from /home/athlon/projects/airflow/.venv/lib/python3.11/site-packages/airflow/example_dags/example_task_group_decorator.py
[2024-04-26T21:33:05.388-0300] {processor.py:840} INFO - DAG(s) 'example_task_group_decorator' retrieved from /home/athlon/projects/airflow/.venv/lib/python3.11/site-packages/airflow/example_dags/example_task_group_decorator.py
[2024-04-26T21:33:05.435-0300] {logging_mixin.py:188} INFO - [2024-04-26T21:33:05.434-0300] {dag.py:3096} INFO - Sync 1 DAGs
[2024-04-26T21:33:05.467-0300] {logging_mixin.py:188} INFO - [2024-04-26T21:33:05.466-0300] {dag.py:3954} INFO - Setting next_dagrun for example_task_group_decorator to 2024-04-26 00:00:00+00:00, run_after=2024-04-27 00:00:00+00:00
[2024-04-26T21:33:05.507-0300] {processor.py:183} INFO - Processing /home/athlon/projects/airflow/.venv/lib/python3.11/site-packages/airflow/example_dags/example_task_group_decorator.py took 0.164 seconds
[2024-04-26T21:34:06.847-0300] {processor.py:161} INFO - Started process (PID=19126) to work on /home/athlon/projects/airflow/.venv/lib/python3.11/site-packages/airflow/example_dags/example_task_group_decorator.py
[2024-04-26T21:34:06.853-0300] {processor.py:830} INFO - Processing file /home/athlon/projects/airflow/.venv/lib/python3.11/site-packages/airflow/example_dags/example_task_group_decorator.py for tasks to queue
[2024-04-26T21:34:06.856-0300] {logging_mixin.py:188} INFO - [2024-04-26T21:34:06.855-0300] {dagbag.py:540} INFO - Filling up the DagBag from /home/athlon/projects/airflow/.venv/lib/python3.11/site-packages/airflow/example_dags/example_task_group_decorator.py
[2024-04-26T21:34:06.884-0300] {processor.py:840} INFO - DAG(s) 'example_task_group_decorator' retrieved from /home/athlon/projects/airflow/.venv/lib/python3.11/site-packages/airflow/example_dags/example_task_group_decorator.py
[2024-04-26T21:34:06.913-0300] {logging_mixin.py:188} INFO - [2024-04-26T21:34:06.913-0300] {dag.py:3096} INFO - Sync 1 DAGs
[2024-04-26T21:34:06.957-0300] {logging_mixin.py:188} INFO - [2024-04-26T21:34:06.956-0300] {dag.py:3954} INFO - Setting next_dagrun for example_task_group_decorator to 2024-04-26 00:00:00+00:00, run_after=2024-04-27 00:00:00+00:00
[2024-04-26T21:34:07.142-0300] {processor.py:183} INFO - Processing /home/athlon/projects/airflow/.venv/lib/python3.11/site-packages/airflow/example_dags/example_task_group_decorator.py took 0.305 seconds
[2024-04-26T21:35:24.866-0300] {processor.py:161} INFO - Started process (PID=19210) to work on /home/athlon/projects/airflow/.venv/lib/python3.11/site-packages/airflow/example_dags/example_task_group_decorator.py
[2024-04-26T21:35:24.867-0300] {processor.py:830} INFO - Processing file /home/athlon/projects/airflow/.venv/lib/python3.11/site-packages/airflow/example_dags/example_task_group_decorator.py for tasks to queue
[2024-04-26T21:35:24.871-0300] {logging_mixin.py:188} INFO - [2024-04-26T21:35:24.870-0300] {dagbag.py:540} INFO - Filling up the DagBag from /home/athlon/projects/airflow/.venv/lib/python3.11/site-packages/airflow/example_dags/example_task_group_decorator.py
[2024-04-26T21:35:24.902-0300] {processor.py:840} INFO - DAG(s) 'example_task_group_decorator' retrieved from /home/athlon/projects/airflow/.venv/lib/python3.11/site-packages/airflow/example_dags/example_task_group_decorator.py
[2024-04-26T21:35:24.934-0300] {logging_mixin.py:188} INFO - [2024-04-26T21:35:24.934-0300] {dag.py:3096} INFO - Sync 1 DAGs
[2024-04-26T21:35:24.964-0300] {logging_mixin.py:188} INFO - [2024-04-26T21:35:24.963-0300] {dag.py:3954} INFO - Setting next_dagrun for example_task_group_decorator to 2024-04-26 00:00:00+00:00, run_after=2024-04-27 00:00:00+00:00
[2024-04-26T21:35:24.994-0300] {processor.py:183} INFO - Processing /home/athlon/projects/airflow/.venv/lib/python3.11/site-packages/airflow/example_dags/example_task_group_decorator.py took 0.138 seconds
[2024-04-26T21:36:10.898-0300] {processor.py:161} INFO - Started process (PID=19265) to work on /home/athlon/projects/airflow/.venv/lib/python3.11/site-packages/airflow/example_dags/example_task_group_decorator.py
[2024-04-26T21:36:10.904-0300] {processor.py:830} INFO - Processing file /home/athlon/projects/airflow/.venv/lib/python3.11/site-packages/airflow/example_dags/example_task_group_decorator.py for tasks to queue
[2024-04-26T21:36:10.907-0300] {logging_mixin.py:188} INFO - [2024-04-26T21:36:10.906-0300] {dagbag.py:540} INFO - Filling up the DagBag from /home/athlon/projects/airflow/.venv/lib/python3.11/site-packages/airflow/example_dags/example_task_group_decorator.py
[2024-04-26T21:36:10.935-0300] {processor.py:840} INFO - DAG(s) 'example_task_group_decorator' retrieved from /home/athlon/projects/airflow/.venv/lib/python3.11/site-packages/airflow/example_dags/example_task_group_decorator.py
[2024-04-26T21:36:10.965-0300] {logging_mixin.py:188} INFO - [2024-04-26T21:36:10.965-0300] {dag.py:3096} INFO - Sync 1 DAGs
[2024-04-26T21:36:10.993-0300] {logging_mixin.py:188} INFO - [2024-04-26T21:36:10.993-0300] {dag.py:3954} INFO - Setting next_dagrun for example_task_group_decorator to 2024-04-26 00:00:00+00:00, run_after=2024-04-27 00:00:00+00:00
[2024-04-26T21:36:11.023-0300] {processor.py:183} INFO - Processing /home/athlon/projects/airflow/.venv/lib/python3.11/site-packages/airflow/example_dags/example_task_group_decorator.py took 0.135 seconds
[2024-04-26T21:37:09.759-0300] {processor.py:161} INFO - Started process (PID=19327) to work on /home/athlon/projects/airflow/.venv/lib/python3.11/site-packages/airflow/example_dags/example_task_group_decorator.py
[2024-04-26T21:37:09.761-0300] {processor.py:830} INFO - Processing file /home/athlon/projects/airflow/.venv/lib/python3.11/site-packages/airflow/example_dags/example_task_group_decorator.py for tasks to queue
[2024-04-26T21:37:09.764-0300] {logging_mixin.py:188} INFO - [2024-04-26T21:37:09.764-0300] {dagbag.py:540} INFO - Filling up the DagBag from /home/athlon/projects/airflow/.venv/lib/python3.11/site-packages/airflow/example_dags/example_task_group_decorator.py
[2024-04-26T21:37:09.804-0300] {processor.py:840} INFO - DAG(s) 'example_task_group_decorator' retrieved from /home/athlon/projects/airflow/.venv/lib/python3.11/site-packages/airflow/example_dags/example_task_group_decorator.py
[2024-04-26T21:37:09.857-0300] {logging_mixin.py:188} INFO - [2024-04-26T21:37:09.856-0300] {dag.py:3096} INFO - Sync 1 DAGs
[2024-04-26T21:37:09.905-0300] {logging_mixin.py:188} INFO - [2024-04-26T21:37:09.904-0300] {dag.py:3954} INFO - Setting next_dagrun for example_task_group_decorator to 2024-04-26 00:00:00+00:00, run_after=2024-04-27 00:00:00+00:00
[2024-04-26T21:37:09.959-0300] {processor.py:183} INFO - Processing /home/athlon/projects/airflow/.venv/lib/python3.11/site-packages/airflow/example_dags/example_task_group_decorator.py took 0.213 seconds
[2024-04-26T21:38:06.879-0300] {processor.py:161} INFO - Started process (PID=19390) to work on /home/athlon/projects/airflow/.venv/lib/python3.11/site-packages/airflow/example_dags/example_task_group_decorator.py
[2024-04-26T21:38:06.885-0300] {processor.py:830} INFO - Processing file /home/athlon/projects/airflow/.venv/lib/python3.11/site-packages/airflow/example_dags/example_task_group_decorator.py for tasks to queue
[2024-04-26T21:38:06.888-0300] {logging_mixin.py:188} INFO - [2024-04-26T21:38:06.887-0300] {dagbag.py:540} INFO - Filling up the DagBag from /home/athlon/projects/airflow/.venv/lib/python3.11/site-packages/airflow/example_dags/example_task_group_decorator.py
[2024-04-26T21:38:06.915-0300] {processor.py:840} INFO - DAG(s) 'example_task_group_decorator' retrieved from /home/athlon/projects/airflow/.venv/lib/python3.11/site-packages/airflow/example_dags/example_task_group_decorator.py
[2024-04-26T21:38:06.945-0300] {logging_mixin.py:188} INFO - [2024-04-26T21:38:06.944-0300] {dag.py:3096} INFO - Sync 1 DAGs
[2024-04-26T21:38:06.973-0300] {logging_mixin.py:188} INFO - [2024-04-26T21:38:06.972-0300] {dag.py:3954} INFO - Setting next_dagrun for example_task_group_decorator to 2024-04-26 00:00:00+00:00, run_after=2024-04-27 00:00:00+00:00
[2024-04-26T21:38:07.002-0300] {processor.py:183} INFO - Processing /home/athlon/projects/airflow/.venv/lib/python3.11/site-packages/airflow/example_dags/example_task_group_decorator.py took 0.133 seconds
[2024-04-26T21:39:05.124-0300] {processor.py:161} INFO - Started process (PID=19490) to work on /home/athlon/projects/airflow/.venv/lib/python3.11/site-packages/airflow/example_dags/example_task_group_decorator.py
[2024-04-26T21:39:05.130-0300] {processor.py:830} INFO - Processing file /home/athlon/projects/airflow/.venv/lib/python3.11/site-packages/airflow/example_dags/example_task_group_decorator.py for tasks to queue
[2024-04-26T21:39:05.133-0300] {logging_mixin.py:188} INFO - [2024-04-26T21:39:05.132-0300] {dagbag.py:540} INFO - Filling up the DagBag from /home/athlon/projects/airflow/.venv/lib/python3.11/site-packages/airflow/example_dags/example_task_group_decorator.py
[2024-04-26T21:39:05.160-0300] {processor.py:840} INFO - DAG(s) 'example_task_group_decorator' retrieved from /home/athlon/projects/airflow/.venv/lib/python3.11/site-packages/airflow/example_dags/example_task_group_decorator.py
[2024-04-26T21:39:05.190-0300] {logging_mixin.py:188} INFO - [2024-04-26T21:39:05.190-0300] {dag.py:3096} INFO - Sync 1 DAGs
[2024-04-26T21:39:05.219-0300] {logging_mixin.py:188} INFO - [2024-04-26T21:39:05.219-0300] {dag.py:3954} INFO - Setting next_dagrun for example_task_group_decorator to 2024-04-26 00:00:00+00:00, run_after=2024-04-27 00:00:00+00:00
[2024-04-26T21:39:05.248-0300] {processor.py:183} INFO - Processing /home/athlon/projects/airflow/.venv/lib/python3.11/site-packages/airflow/example_dags/example_task_group_decorator.py took 0.134 seconds
[2024-04-26T21:40:04.511-0300] {processor.py:161} INFO - Started process (PID=19563) to work on /home/athlon/projects/airflow/.venv/lib/python3.11/site-packages/airflow/example_dags/example_task_group_decorator.py
[2024-04-26T21:40:04.517-0300] {processor.py:830} INFO - Processing file /home/athlon/projects/airflow/.venv/lib/python3.11/site-packages/airflow/example_dags/example_task_group_decorator.py for tasks to queue
[2024-04-26T21:40:04.520-0300] {logging_mixin.py:188} INFO - [2024-04-26T21:40:04.519-0300] {dagbag.py:540} INFO - Filling up the DagBag from /home/athlon/projects/airflow/.venv/lib/python3.11/site-packages/airflow/example_dags/example_task_group_decorator.py
[2024-04-26T21:40:04.546-0300] {processor.py:840} INFO - DAG(s) 'example_task_group_decorator' retrieved from /home/athlon/projects/airflow/.venv/lib/python3.11/site-packages/airflow/example_dags/example_task_group_decorator.py
[2024-04-26T21:40:04.576-0300] {logging_mixin.py:188} INFO - [2024-04-26T21:40:04.576-0300] {dag.py:3096} INFO - Sync 1 DAGs
[2024-04-26T21:40:04.604-0300] {logging_mixin.py:188} INFO - [2024-04-26T21:40:04.603-0300] {dag.py:3954} INFO - Setting next_dagrun for example_task_group_decorator to 2024-04-26 00:00:00+00:00, run_after=2024-04-27 00:00:00+00:00
[2024-04-26T21:40:04.634-0300] {processor.py:183} INFO - Processing /home/athlon/projects/airflow/.venv/lib/python3.11/site-packages/airflow/example_dags/example_task_group_decorator.py took 0.133 seconds
[2024-04-26T21:41:02.627-0300] {processor.py:161} INFO - Started process (PID=19729) to work on /home/athlon/projects/airflow/.venv/lib/python3.11/site-packages/airflow/example_dags/example_task_group_decorator.py
[2024-04-26T21:41:02.632-0300] {processor.py:830} INFO - Processing file /home/athlon/projects/airflow/.venv/lib/python3.11/site-packages/airflow/example_dags/example_task_group_decorator.py for tasks to queue
[2024-04-26T21:41:02.635-0300] {logging_mixin.py:188} INFO - [2024-04-26T21:41:02.634-0300] {dagbag.py:540} INFO - Filling up the DagBag from /home/athlon/projects/airflow/.venv/lib/python3.11/site-packages/airflow/example_dags/example_task_group_decorator.py
[2024-04-26T21:41:02.658-0300] {processor.py:840} INFO - DAG(s) 'example_task_group_decorator' retrieved from /home/athlon/projects/airflow/.venv/lib/python3.11/site-packages/airflow/example_dags/example_task_group_decorator.py
[2024-04-26T21:41:02.688-0300] {logging_mixin.py:188} INFO - [2024-04-26T21:41:02.687-0300] {dag.py:3096} INFO - Sync 1 DAGs
[2024-04-26T21:41:02.716-0300] {logging_mixin.py:188} INFO - [2024-04-26T21:41:02.716-0300] {dag.py:3954} INFO - Setting next_dagrun for example_task_group_decorator to 2024-04-26 00:00:00+00:00, run_after=2024-04-27 00:00:00+00:00
[2024-04-26T21:41:02.746-0300] {processor.py:183} INFO - Processing /home/athlon/projects/airflow/.venv/lib/python3.11/site-packages/airflow/example_dags/example_task_group_decorator.py took 0.127 seconds
[2024-04-26T21:41:58.481-0300] {processor.py:161} INFO - Started process (PID=19793) to work on /home/athlon/projects/airflow/.venv/lib/python3.11/site-packages/airflow/example_dags/example_task_group_decorator.py
[2024-04-26T21:41:58.487-0300] {processor.py:830} INFO - Processing file /home/athlon/projects/airflow/.venv/lib/python3.11/site-packages/airflow/example_dags/example_task_group_decorator.py for tasks to queue
[2024-04-26T21:41:58.490-0300] {logging_mixin.py:188} INFO - [2024-04-26T21:41:58.489-0300] {dagbag.py:540} INFO - Filling up the DagBag from /home/athlon/projects/airflow/.venv/lib/python3.11/site-packages/airflow/example_dags/example_task_group_decorator.py
[2024-04-26T21:41:58.518-0300] {processor.py:840} INFO - DAG(s) 'example_task_group_decorator' retrieved from /home/athlon/projects/airflow/.venv/lib/python3.11/site-packages/airflow/example_dags/example_task_group_decorator.py
[2024-04-26T21:41:58.562-0300] {logging_mixin.py:188} INFO - [2024-04-26T21:41:58.562-0300] {dag.py:3096} INFO - Sync 1 DAGs
[2024-04-26T21:41:58.591-0300] {logging_mixin.py:188} INFO - [2024-04-26T21:41:58.590-0300] {dag.py:3954} INFO - Setting next_dagrun for example_task_group_decorator to 2024-04-26 00:00:00+00:00, run_after=2024-04-27 00:00:00+00:00
[2024-04-26T21:41:58.623-0300] {processor.py:183} INFO - Processing /home/athlon/projects/airflow/.venv/lib/python3.11/site-packages/airflow/example_dags/example_task_group_decorator.py took 0.152 seconds
[2024-04-26T21:42:59.186-0300] {processor.py:161} INFO - Started process (PID=19868) to work on /home/athlon/projects/airflow/.venv/lib/python3.11/site-packages/airflow/example_dags/example_task_group_decorator.py
[2024-04-26T21:42:59.191-0300] {processor.py:830} INFO - Processing file /home/athlon/projects/airflow/.venv/lib/python3.11/site-packages/airflow/example_dags/example_task_group_decorator.py for tasks to queue
[2024-04-26T21:42:59.194-0300] {logging_mixin.py:188} INFO - [2024-04-26T21:42:59.193-0300] {dagbag.py:540} INFO - Filling up the DagBag from /home/athlon/projects/airflow/.venv/lib/python3.11/site-packages/airflow/example_dags/example_task_group_decorator.py
[2024-04-26T21:42:59.218-0300] {processor.py:840} INFO - DAG(s) 'example_task_group_decorator' retrieved from /home/athlon/projects/airflow/.venv/lib/python3.11/site-packages/airflow/example_dags/example_task_group_decorator.py
[2024-04-26T21:42:59.248-0300] {logging_mixin.py:188} INFO - [2024-04-26T21:42:59.248-0300] {dag.py:3096} INFO - Sync 1 DAGs
[2024-04-26T21:42:59.276-0300] {logging_mixin.py:188} INFO - [2024-04-26T21:42:59.276-0300] {dag.py:3954} INFO - Setting next_dagrun for example_task_group_decorator to 2024-04-26 00:00:00+00:00, run_after=2024-04-27 00:00:00+00:00
[2024-04-26T21:42:59.305-0300] {processor.py:183} INFO - Processing /home/athlon/projects/airflow/.venv/lib/python3.11/site-packages/airflow/example_dags/example_task_group_decorator.py took 0.129 seconds
[2024-04-26T21:43:56.868-0300] {processor.py:161} INFO - Started process (PID=19933) to work on /home/athlon/projects/airflow/.venv/lib/python3.11/site-packages/airflow/example_dags/example_task_group_decorator.py
[2024-04-26T21:43:56.873-0300] {processor.py:830} INFO - Processing file /home/athlon/projects/airflow/.venv/lib/python3.11/site-packages/airflow/example_dags/example_task_group_decorator.py for tasks to queue
[2024-04-26T21:43:56.876-0300] {logging_mixin.py:188} INFO - [2024-04-26T21:43:56.875-0300] {dagbag.py:540} INFO - Filling up the DagBag from /home/athlon/projects/airflow/.venv/lib/python3.11/site-packages/airflow/example_dags/example_task_group_decorator.py
[2024-04-26T21:43:56.911-0300] {processor.py:840} INFO - DAG(s) 'example_task_group_decorator' retrieved from /home/athlon/projects/airflow/.venv/lib/python3.11/site-packages/airflow/example_dags/example_task_group_decorator.py
[2024-04-26T21:43:56.963-0300] {logging_mixin.py:188} INFO - [2024-04-26T21:43:56.963-0300] {dag.py:3096} INFO - Sync 1 DAGs
[2024-04-26T21:43:56.997-0300] {logging_mixin.py:188} INFO - [2024-04-26T21:43:56.997-0300] {dag.py:3954} INFO - Setting next_dagrun for example_task_group_decorator to 2024-04-26 00:00:00+00:00, run_after=2024-04-27 00:00:00+00:00
[2024-04-26T21:43:57.039-0300] {processor.py:183} INFO - Processing /home/athlon/projects/airflow/.venv/lib/python3.11/site-packages/airflow/example_dags/example_task_group_decorator.py took 0.180 seconds
[2024-04-26T21:44:48.595-0300] {processor.py:161} INFO - Started process (PID=19999) to work on /home/athlon/projects/airflow/.venv/lib/python3.11/site-packages/airflow/example_dags/example_task_group_decorator.py
[2024-04-26T21:44:48.601-0300] {processor.py:830} INFO - Processing file /home/athlon/projects/airflow/.venv/lib/python3.11/site-packages/airflow/example_dags/example_task_group_decorator.py for tasks to queue
[2024-04-26T21:44:48.604-0300] {logging_mixin.py:188} INFO - [2024-04-26T21:44:48.603-0300] {dagbag.py:540} INFO - Filling up the DagBag from /home/athlon/projects/airflow/.venv/lib/python3.11/site-packages/airflow/example_dags/example_task_group_decorator.py
[2024-04-26T21:44:48.632-0300] {processor.py:840} INFO - DAG(s) 'example_task_group_decorator' retrieved from /home/athlon/projects/airflow/.venv/lib/python3.11/site-packages/airflow/example_dags/example_task_group_decorator.py
[2024-04-26T21:44:48.663-0300] {logging_mixin.py:188} INFO - [2024-04-26T21:44:48.662-0300] {dag.py:3096} INFO - Sync 1 DAGs
[2024-04-26T21:44:48.692-0300] {logging_mixin.py:188} INFO - [2024-04-26T21:44:48.692-0300] {dag.py:3954} INFO - Setting next_dagrun for example_task_group_decorator to 2024-04-26 00:00:00+00:00, run_after=2024-04-27 00:00:00+00:00
[2024-04-26T21:44:48.727-0300] {processor.py:183} INFO - Processing /home/athlon/projects/airflow/.venv/lib/python3.11/site-packages/airflow/example_dags/example_task_group_decorator.py took 0.143 seconds
[2024-04-26T21:45:44.281-0300] {processor.py:161} INFO - Started process (PID=20061) to work on /home/athlon/projects/airflow/.venv/lib/python3.11/site-packages/airflow/example_dags/example_task_group_decorator.py
[2024-04-26T21:45:44.287-0300] {processor.py:830} INFO - Processing file /home/athlon/projects/airflow/.venv/lib/python3.11/site-packages/airflow/example_dags/example_task_group_decorator.py for tasks to queue
[2024-04-26T21:45:44.290-0300] {logging_mixin.py:188} INFO - [2024-04-26T21:45:44.289-0300] {dagbag.py:540} INFO - Filling up the DagBag from /home/athlon/projects/airflow/.venv/lib/python3.11/site-packages/airflow/example_dags/example_task_group_decorator.py
[2024-04-26T21:45:44.316-0300] {processor.py:840} INFO - DAG(s) 'example_task_group_decorator' retrieved from /home/athlon/projects/airflow/.venv/lib/python3.11/site-packages/airflow/example_dags/example_task_group_decorator.py
[2024-04-26T21:45:44.346-0300] {logging_mixin.py:188} INFO - [2024-04-26T21:45:44.345-0300] {dag.py:3096} INFO - Sync 1 DAGs
[2024-04-26T21:45:44.374-0300] {logging_mixin.py:188} INFO - [2024-04-26T21:45:44.374-0300] {dag.py:3954} INFO - Setting next_dagrun for example_task_group_decorator to 2024-04-26 00:00:00+00:00, run_after=2024-04-27 00:00:00+00:00
[2024-04-26T21:45:44.404-0300] {processor.py:183} INFO - Processing /home/athlon/projects/airflow/.venv/lib/python3.11/site-packages/airflow/example_dags/example_task_group_decorator.py took 0.133 seconds
[2024-04-26T21:46:43.474-0300] {processor.py:161} INFO - Started process (PID=20126) to work on /home/athlon/projects/airflow/.venv/lib/python3.11/site-packages/airflow/example_dags/example_task_group_decorator.py
[2024-04-26T21:46:43.479-0300] {processor.py:830} INFO - Processing file /home/athlon/projects/airflow/.venv/lib/python3.11/site-packages/airflow/example_dags/example_task_group_decorator.py for tasks to queue
[2024-04-26T21:46:43.482-0300] {logging_mixin.py:188} INFO - [2024-04-26T21:46:43.481-0300] {dagbag.py:540} INFO - Filling up the DagBag from /home/athlon/projects/airflow/.venv/lib/python3.11/site-packages/airflow/example_dags/example_task_group_decorator.py
[2024-04-26T21:46:43.511-0300] {processor.py:840} INFO - DAG(s) 'example_task_group_decorator' retrieved from /home/athlon/projects/airflow/.venv/lib/python3.11/site-packages/airflow/example_dags/example_task_group_decorator.py
[2024-04-26T21:46:43.541-0300] {logging_mixin.py:188} INFO - [2024-04-26T21:46:43.540-0300] {dag.py:3096} INFO - Sync 1 DAGs
[2024-04-26T21:46:43.569-0300] {logging_mixin.py:188} INFO - [2024-04-26T21:46:43.569-0300] {dag.py:3954} INFO - Setting next_dagrun for example_task_group_decorator to 2024-04-26 00:00:00+00:00, run_after=2024-04-27 00:00:00+00:00
[2024-04-26T21:46:43.597-0300] {processor.py:183} INFO - Processing /home/athlon/projects/airflow/.venv/lib/python3.11/site-packages/airflow/example_dags/example_task_group_decorator.py took 0.134 seconds
[2024-04-26T21:47:40.209-0300] {processor.py:161} INFO - Started process (PID=20190) to work on /home/athlon/projects/airflow/.venv/lib/python3.11/site-packages/airflow/example_dags/example_task_group_decorator.py
[2024-04-26T21:47:40.215-0300] {processor.py:830} INFO - Processing file /home/athlon/projects/airflow/.venv/lib/python3.11/site-packages/airflow/example_dags/example_task_group_decorator.py for tasks to queue
[2024-04-26T21:47:40.218-0300] {logging_mixin.py:188} INFO - [2024-04-26T21:47:40.217-0300] {dagbag.py:540} INFO - Filling up the DagBag from /home/athlon/projects/airflow/.venv/lib/python3.11/site-packages/airflow/example_dags/example_task_group_decorator.py
[2024-04-26T21:47:40.246-0300] {processor.py:840} INFO - DAG(s) 'example_task_group_decorator' retrieved from /home/athlon/projects/airflow/.venv/lib/python3.11/site-packages/airflow/example_dags/example_task_group_decorator.py
[2024-04-26T21:47:40.276-0300] {logging_mixin.py:188} INFO - [2024-04-26T21:47:40.276-0300] {dag.py:3096} INFO - Sync 1 DAGs
[2024-04-26T21:47:40.305-0300] {logging_mixin.py:188} INFO - [2024-04-26T21:47:40.305-0300] {dag.py:3954} INFO - Setting next_dagrun for example_task_group_decorator to 2024-04-26 00:00:00+00:00, run_after=2024-04-27 00:00:00+00:00
[2024-04-26T21:47:40.338-0300] {processor.py:183} INFO - Processing /home/athlon/projects/airflow/.venv/lib/python3.11/site-packages/airflow/example_dags/example_task_group_decorator.py took 0.140 seconds
[2024-04-26T21:48:36.535-0300] {processor.py:161} INFO - Started process (PID=20255) to work on /home/athlon/projects/airflow/.venv/lib/python3.11/site-packages/airflow/example_dags/example_task_group_decorator.py
[2024-04-26T21:48:36.541-0300] {processor.py:830} INFO - Processing file /home/athlon/projects/airflow/.venv/lib/python3.11/site-packages/airflow/example_dags/example_task_group_decorator.py for tasks to queue
[2024-04-26T21:48:36.544-0300] {logging_mixin.py:188} INFO - [2024-04-26T21:48:36.543-0300] {dagbag.py:540} INFO - Filling up the DagBag from /home/athlon/projects/airflow/.venv/lib/python3.11/site-packages/airflow/example_dags/example_task_group_decorator.py
[2024-04-26T21:48:36.571-0300] {processor.py:840} INFO - DAG(s) 'example_task_group_decorator' retrieved from /home/athlon/projects/airflow/.venv/lib/python3.11/site-packages/airflow/example_dags/example_task_group_decorator.py
[2024-04-26T21:48:36.602-0300] {logging_mixin.py:188} INFO - [2024-04-26T21:48:36.601-0300] {dag.py:3096} INFO - Sync 1 DAGs
[2024-04-26T21:48:36.631-0300] {logging_mixin.py:188} INFO - [2024-04-26T21:48:36.630-0300] {dag.py:3954} INFO - Setting next_dagrun for example_task_group_decorator to 2024-04-26 00:00:00+00:00, run_after=2024-04-27 00:00:00+00:00
[2024-04-26T21:48:36.659-0300] {processor.py:183} INFO - Processing /home/athlon/projects/airflow/.venv/lib/python3.11/site-packages/airflow/example_dags/example_task_group_decorator.py took 0.134 seconds
[2024-04-26T21:49:28.942-0300] {processor.py:161} INFO - Started process (PID=20322) to work on /home/athlon/projects/airflow/.venv/lib/python3.11/site-packages/airflow/example_dags/example_task_group_decorator.py
[2024-04-26T21:49:28.948-0300] {processor.py:830} INFO - Processing file /home/athlon/projects/airflow/.venv/lib/python3.11/site-packages/airflow/example_dags/example_task_group_decorator.py for tasks to queue
[2024-04-26T21:49:28.951-0300] {logging_mixin.py:188} INFO - [2024-04-26T21:49:28.950-0300] {dagbag.py:540} INFO - Filling up the DagBag from /home/athlon/projects/airflow/.venv/lib/python3.11/site-packages/airflow/example_dags/example_task_group_decorator.py
[2024-04-26T21:49:28.978-0300] {processor.py:840} INFO - DAG(s) 'example_task_group_decorator' retrieved from /home/athlon/projects/airflow/.venv/lib/python3.11/site-packages/airflow/example_dags/example_task_group_decorator.py
[2024-04-26T21:49:29.009-0300] {logging_mixin.py:188} INFO - [2024-04-26T21:49:29.008-0300] {dag.py:3096} INFO - Sync 1 DAGs
[2024-04-26T21:49:29.037-0300] {logging_mixin.py:188} INFO - [2024-04-26T21:49:29.037-0300] {dag.py:3954} INFO - Setting next_dagrun for example_task_group_decorator to 2024-04-26 00:00:00+00:00, run_after=2024-04-27 00:00:00+00:00
[2024-04-26T21:49:29.072-0300] {processor.py:183} INFO - Processing /home/athlon/projects/airflow/.venv/lib/python3.11/site-packages/airflow/example_dags/example_task_group_decorator.py took 0.140 seconds
[2024-04-26T21:50:26.787-0300] {processor.py:161} INFO - Started process (PID=20388) to work on /home/athlon/projects/airflow/.venv/lib/python3.11/site-packages/airflow/example_dags/example_task_group_decorator.py
[2024-04-26T21:50:26.788-0300] {processor.py:830} INFO - Processing file /home/athlon/projects/airflow/.venv/lib/python3.11/site-packages/airflow/example_dags/example_task_group_decorator.py for tasks to queue
[2024-04-26T21:50:26.792-0300] {logging_mixin.py:188} INFO - [2024-04-26T21:50:26.791-0300] {dagbag.py:540} INFO - Filling up the DagBag from /home/athlon/projects/airflow/.venv/lib/python3.11/site-packages/airflow/example_dags/example_task_group_decorator.py
[2024-04-26T21:50:26.836-0300] {processor.py:840} INFO - DAG(s) 'example_task_group_decorator' retrieved from /home/athlon/projects/airflow/.venv/lib/python3.11/site-packages/airflow/example_dags/example_task_group_decorator.py
[2024-04-26T21:50:26.868-0300] {logging_mixin.py:188} INFO - [2024-04-26T21:50:26.868-0300] {dag.py:3096} INFO - Sync 1 DAGs
[2024-04-26T21:50:26.900-0300] {logging_mixin.py:188} INFO - [2024-04-26T21:50:26.899-0300] {dag.py:3954} INFO - Setting next_dagrun for example_task_group_decorator to 2024-04-26 00:00:00+00:00, run_after=2024-04-27 00:00:00+00:00
[2024-04-26T21:50:26.929-0300] {processor.py:183} INFO - Processing /home/athlon/projects/airflow/.venv/lib/python3.11/site-packages/airflow/example_dags/example_task_group_decorator.py took 0.152 seconds
[2024-04-26T21:51:23.383-0300] {processor.py:161} INFO - Started process (PID=20460) to work on /home/athlon/projects/airflow/.venv/lib/python3.11/site-packages/airflow/example_dags/example_task_group_decorator.py
[2024-04-26T21:51:23.389-0300] {processor.py:830} INFO - Processing file /home/athlon/projects/airflow/.venv/lib/python3.11/site-packages/airflow/example_dags/example_task_group_decorator.py for tasks to queue
[2024-04-26T21:51:23.392-0300] {logging_mixin.py:188} INFO - [2024-04-26T21:51:23.391-0300] {dagbag.py:540} INFO - Filling up the DagBag from /home/athlon/projects/airflow/.venv/lib/python3.11/site-packages/airflow/example_dags/example_task_group_decorator.py
[2024-04-26T21:51:23.420-0300] {processor.py:840} INFO - DAG(s) 'example_task_group_decorator' retrieved from /home/athlon/projects/airflow/.venv/lib/python3.11/site-packages/airflow/example_dags/example_task_group_decorator.py
[2024-04-26T21:51:23.451-0300] {logging_mixin.py:188} INFO - [2024-04-26T21:51:23.450-0300] {dag.py:3096} INFO - Sync 1 DAGs
[2024-04-26T21:51:23.479-0300] {logging_mixin.py:188} INFO - [2024-04-26T21:51:23.479-0300] {dag.py:3954} INFO - Setting next_dagrun for example_task_group_decorator to 2024-04-26 00:00:00+00:00, run_after=2024-04-27 00:00:00+00:00
[2024-04-26T21:51:23.513-0300] {processor.py:183} INFO - Processing /home/athlon/projects/airflow/.venv/lib/python3.11/site-packages/airflow/example_dags/example_task_group_decorator.py took 0.140 seconds
[2024-04-26T21:52:19.306-0300] {processor.py:161} INFO - Started process (PID=20540) to work on /home/athlon/projects/airflow/.venv/lib/python3.11/site-packages/airflow/example_dags/example_task_group_decorator.py
[2024-04-26T21:52:19.308-0300] {processor.py:830} INFO - Processing file /home/athlon/projects/airflow/.venv/lib/python3.11/site-packages/airflow/example_dags/example_task_group_decorator.py for tasks to queue
[2024-04-26T21:52:19.311-0300] {logging_mixin.py:188} INFO - [2024-04-26T21:52:19.310-0300] {dagbag.py:540} INFO - Filling up the DagBag from /home/athlon/projects/airflow/.venv/lib/python3.11/site-packages/airflow/example_dags/example_task_group_decorator.py
[2024-04-26T21:52:19.342-0300] {processor.py:840} INFO - DAG(s) 'example_task_group_decorator' retrieved from /home/athlon/projects/airflow/.venv/lib/python3.11/site-packages/airflow/example_dags/example_task_group_decorator.py
[2024-04-26T21:52:19.387-0300] {logging_mixin.py:188} INFO - [2024-04-26T21:52:19.386-0300] {dag.py:3096} INFO - Sync 1 DAGs
[2024-04-26T21:52:19.421-0300] {logging_mixin.py:188} INFO - [2024-04-26T21:52:19.421-0300] {dag.py:3954} INFO - Setting next_dagrun for example_task_group_decorator to 2024-04-26 00:00:00+00:00, run_after=2024-04-27 00:00:00+00:00
[2024-04-26T21:52:19.456-0300] {processor.py:183} INFO - Processing /home/athlon/projects/airflow/.venv/lib/python3.11/site-packages/airflow/example_dags/example_task_group_decorator.py took 0.163 seconds
[2024-04-26T21:53:15.838-0300] {processor.py:161} INFO - Started process (PID=20700) to work on /home/athlon/projects/airflow/.venv/lib/python3.11/site-packages/airflow/example_dags/example_task_group_decorator.py
[2024-04-26T21:53:15.844-0300] {processor.py:830} INFO - Processing file /home/athlon/projects/airflow/.venv/lib/python3.11/site-packages/airflow/example_dags/example_task_group_decorator.py for tasks to queue
[2024-04-26T21:53:15.847-0300] {logging_mixin.py:188} INFO - [2024-04-26T21:53:15.847-0300] {dagbag.py:540} INFO - Filling up the DagBag from /home/athlon/projects/airflow/.venv/lib/python3.11/site-packages/airflow/example_dags/example_task_group_decorator.py
[2024-04-26T21:53:15.875-0300] {processor.py:840} INFO - DAG(s) 'example_task_group_decorator' retrieved from /home/athlon/projects/airflow/.venv/lib/python3.11/site-packages/airflow/example_dags/example_task_group_decorator.py
[2024-04-26T21:53:15.905-0300] {logging_mixin.py:188} INFO - [2024-04-26T21:53:15.905-0300] {dag.py:3096} INFO - Sync 1 DAGs
[2024-04-26T21:53:15.935-0300] {logging_mixin.py:188} INFO - [2024-04-26T21:53:15.935-0300] {dag.py:3954} INFO - Setting next_dagrun for example_task_group_decorator to 2024-04-26 00:00:00+00:00, run_after=2024-04-27 00:00:00+00:00
[2024-04-26T21:53:15.964-0300] {processor.py:183} INFO - Processing /home/athlon/projects/airflow/.venv/lib/python3.11/site-packages/airflow/example_dags/example_task_group_decorator.py took 0.137 seconds
[2024-04-26T21:54:13.160-0300] {processor.py:161} INFO - Started process (PID=20799) to work on /home/athlon/projects/airflow/.venv/lib/python3.11/site-packages/airflow/example_dags/example_task_group_decorator.py
[2024-04-26T21:54:13.166-0300] {processor.py:830} INFO - Processing file /home/athlon/projects/airflow/.venv/lib/python3.11/site-packages/airflow/example_dags/example_task_group_decorator.py for tasks to queue
[2024-04-26T21:54:13.169-0300] {logging_mixin.py:188} INFO - [2024-04-26T21:54:13.168-0300] {dagbag.py:540} INFO - Filling up the DagBag from /home/athlon/projects/airflow/.venv/lib/python3.11/site-packages/airflow/example_dags/example_task_group_decorator.py
[2024-04-26T21:54:13.197-0300] {processor.py:840} INFO - DAG(s) 'example_task_group_decorator' retrieved from /home/athlon/projects/airflow/.venv/lib/python3.11/site-packages/airflow/example_dags/example_task_group_decorator.py
[2024-04-26T21:54:13.228-0300] {logging_mixin.py:188} INFO - [2024-04-26T21:54:13.227-0300] {dag.py:3096} INFO - Sync 1 DAGs
[2024-04-26T21:54:13.257-0300] {logging_mixin.py:188} INFO - [2024-04-26T21:54:13.257-0300] {dag.py:3954} INFO - Setting next_dagrun for example_task_group_decorator to 2024-04-26 00:00:00+00:00, run_after=2024-04-27 00:00:00+00:00
[2024-04-26T21:54:13.294-0300] {processor.py:183} INFO - Processing /home/athlon/projects/airflow/.venv/lib/python3.11/site-packages/airflow/example_dags/example_task_group_decorator.py took 0.145 seconds
[2024-04-26T21:55:28.790-0300] {processor.py:161} INFO - Started process (PID=21539) to work on /home/athlon/projects/airflow/.venv/lib/python3.11/site-packages/airflow/example_dags/example_task_group_decorator.py
[2024-04-26T21:55:28.796-0300] {processor.py:830} INFO - Processing file /home/athlon/projects/airflow/.venv/lib/python3.11/site-packages/airflow/example_dags/example_task_group_decorator.py for tasks to queue
[2024-04-26T21:55:28.799-0300] {logging_mixin.py:188} INFO - [2024-04-26T21:55:28.798-0300] {dagbag.py:540} INFO - Filling up the DagBag from /home/athlon/projects/airflow/.venv/lib/python3.11/site-packages/airflow/example_dags/example_task_group_decorator.py
[2024-04-26T21:55:28.828-0300] {processor.py:840} INFO - DAG(s) 'example_task_group_decorator' retrieved from /home/athlon/projects/airflow/.venv/lib/python3.11/site-packages/airflow/example_dags/example_task_group_decorator.py
[2024-04-26T21:55:28.861-0300] {logging_mixin.py:188} INFO - [2024-04-26T21:55:28.861-0300] {dag.py:3096} INFO - Sync 1 DAGs
[2024-04-26T21:55:28.890-0300] {logging_mixin.py:188} INFO - [2024-04-26T21:55:28.890-0300] {dag.py:3954} INFO - Setting next_dagrun for example_task_group_decorator to 2024-04-26 00:00:00+00:00, run_after=2024-04-27 00:00:00+00:00
[2024-04-26T21:55:28.923-0300] {processor.py:183} INFO - Processing /home/athlon/projects/airflow/.venv/lib/python3.11/site-packages/airflow/example_dags/example_task_group_decorator.py took 0.144 seconds
[2024-04-26T21:56:30.761-0300] {processor.py:161} INFO - Started process (PID=21607) to work on /home/athlon/projects/airflow/.venv/lib/python3.11/site-packages/airflow/example_dags/example_task_group_decorator.py
[2024-04-26T21:56:30.767-0300] {processor.py:830} INFO - Processing file /home/athlon/projects/airflow/.venv/lib/python3.11/site-packages/airflow/example_dags/example_task_group_decorator.py for tasks to queue
[2024-04-26T21:56:30.771-0300] {logging_mixin.py:188} INFO - [2024-04-26T21:56:30.770-0300] {dagbag.py:540} INFO - Filling up the DagBag from /home/athlon/projects/airflow/.venv/lib/python3.11/site-packages/airflow/example_dags/example_task_group_decorator.py
[2024-04-26T21:56:30.812-0300] {processor.py:840} INFO - DAG(s) 'example_task_group_decorator' retrieved from /home/athlon/projects/airflow/.venv/lib/python3.11/site-packages/airflow/example_dags/example_task_group_decorator.py
[2024-04-26T21:56:30.847-0300] {logging_mixin.py:188} INFO - [2024-04-26T21:56:30.846-0300] {dag.py:3096} INFO - Sync 1 DAGs
[2024-04-26T21:56:30.877-0300] {logging_mixin.py:188} INFO - [2024-04-26T21:56:30.876-0300] {dag.py:3954} INFO - Setting next_dagrun for example_task_group_decorator to 2024-04-26 00:00:00+00:00, run_after=2024-04-27 00:00:00+00:00
[2024-04-26T21:56:30.910-0300] {processor.py:183} INFO - Processing /home/athlon/projects/airflow/.venv/lib/python3.11/site-packages/airflow/example_dags/example_task_group_decorator.py took 0.160 seconds
[2024-04-26T21:57:30.115-0300] {processor.py:161} INFO - Started process (PID=21855) to work on /home/athlon/projects/airflow/.venv/lib/python3.11/site-packages/airflow/example_dags/example_task_group_decorator.py
[2024-04-26T21:57:30.121-0300] {processor.py:830} INFO - Processing file /home/athlon/projects/airflow/.venv/lib/python3.11/site-packages/airflow/example_dags/example_task_group_decorator.py for tasks to queue
[2024-04-26T21:57:30.124-0300] {logging_mixin.py:188} INFO - [2024-04-26T21:57:30.123-0300] {dagbag.py:540} INFO - Filling up the DagBag from /home/athlon/projects/airflow/.venv/lib/python3.11/site-packages/airflow/example_dags/example_task_group_decorator.py
[2024-04-26T21:57:30.153-0300] {processor.py:840} INFO - DAG(s) 'example_task_group_decorator' retrieved from /home/athlon/projects/airflow/.venv/lib/python3.11/site-packages/airflow/example_dags/example_task_group_decorator.py
[2024-04-26T21:57:30.184-0300] {logging_mixin.py:188} INFO - [2024-04-26T21:57:30.184-0300] {dag.py:3096} INFO - Sync 1 DAGs
[2024-04-26T21:57:30.214-0300] {logging_mixin.py:188} INFO - [2024-04-26T21:57:30.214-0300] {dag.py:3954} INFO - Setting next_dagrun for example_task_group_decorator to 2024-04-26 00:00:00+00:00, run_after=2024-04-27 00:00:00+00:00
[2024-04-26T21:57:30.244-0300] {processor.py:183} INFO - Processing /home/athlon/projects/airflow/.venv/lib/python3.11/site-packages/airflow/example_dags/example_task_group_decorator.py took 0.140 seconds
[2024-04-26T21:58:29.099-0300] {processor.py:161} INFO - Started process (PID=21999) to work on /home/athlon/projects/airflow/.venv/lib/python3.11/site-packages/airflow/example_dags/example_task_group_decorator.py
[2024-04-26T21:58:29.105-0300] {processor.py:830} INFO - Processing file /home/athlon/projects/airflow/.venv/lib/python3.11/site-packages/airflow/example_dags/example_task_group_decorator.py for tasks to queue
[2024-04-26T21:58:29.109-0300] {logging_mixin.py:188} INFO - [2024-04-26T21:58:29.108-0300] {dagbag.py:540} INFO - Filling up the DagBag from /home/athlon/projects/airflow/.venv/lib/python3.11/site-packages/airflow/example_dags/example_task_group_decorator.py
[2024-04-26T21:58:29.146-0300] {processor.py:840} INFO - DAG(s) 'example_task_group_decorator' retrieved from /home/athlon/projects/airflow/.venv/lib/python3.11/site-packages/airflow/example_dags/example_task_group_decorator.py
[2024-04-26T21:58:29.203-0300] {logging_mixin.py:188} INFO - [2024-04-26T21:58:29.203-0300] {dag.py:3096} INFO - Sync 1 DAGs
[2024-04-26T21:58:29.261-0300] {logging_mixin.py:188} INFO - [2024-04-26T21:58:29.261-0300] {dag.py:3954} INFO - Setting next_dagrun for example_task_group_decorator to 2024-04-26 00:00:00+00:00, run_after=2024-04-27 00:00:00+00:00
[2024-04-26T21:58:29.322-0300] {processor.py:183} INFO - Processing /home/athlon/projects/airflow/.venv/lib/python3.11/site-packages/airflow/example_dags/example_task_group_decorator.py took 0.238 seconds
[2024-04-26T21:59:25.246-0300] {processor.py:161} INFO - Started process (PID=22190) to work on /home/athlon/projects/airflow/.venv/lib/python3.11/site-packages/airflow/example_dags/example_task_group_decorator.py
[2024-04-26T21:59:25.252-0300] {processor.py:830} INFO - Processing file /home/athlon/projects/airflow/.venv/lib/python3.11/site-packages/airflow/example_dags/example_task_group_decorator.py for tasks to queue
[2024-04-26T21:59:25.255-0300] {logging_mixin.py:188} INFO - [2024-04-26T21:59:25.254-0300] {dagbag.py:540} INFO - Filling up the DagBag from /home/athlon/projects/airflow/.venv/lib/python3.11/site-packages/airflow/example_dags/example_task_group_decorator.py
[2024-04-26T21:59:25.295-0300] {processor.py:840} INFO - DAG(s) 'example_task_group_decorator' retrieved from /home/athlon/projects/airflow/.venv/lib/python3.11/site-packages/airflow/example_dags/example_task_group_decorator.py
[2024-04-26T21:59:25.343-0300] {logging_mixin.py:188} INFO - [2024-04-26T21:59:25.343-0300] {dag.py:3096} INFO - Sync 1 DAGs
[2024-04-26T21:59:25.383-0300] {logging_mixin.py:188} INFO - [2024-04-26T21:59:25.382-0300] {dag.py:3954} INFO - Setting next_dagrun for example_task_group_decorator to 2024-04-26 00:00:00+00:00, run_after=2024-04-27 00:00:00+00:00
[2024-04-26T21:59:25.426-0300] {processor.py:183} INFO - Processing /home/athlon/projects/airflow/.venv/lib/python3.11/site-packages/airflow/example_dags/example_task_group_decorator.py took 0.196 seconds
[2024-04-26T22:00:28.237-0300] {processor.py:161} INFO - Started process (PID=22296) to work on /home/athlon/projects/airflow/.venv/lib/python3.11/site-packages/airflow/example_dags/example_task_group_decorator.py
[2024-04-26T22:00:28.240-0300] {processor.py:830} INFO - Processing file /home/athlon/projects/airflow/.venv/lib/python3.11/site-packages/airflow/example_dags/example_task_group_decorator.py for tasks to queue
[2024-04-26T22:00:28.245-0300] {logging_mixin.py:188} INFO - [2024-04-26T22:00:28.243-0300] {dagbag.py:540} INFO - Filling up the DagBag from /home/athlon/projects/airflow/.venv/lib/python3.11/site-packages/airflow/example_dags/example_task_group_decorator.py
[2024-04-26T22:00:28.286-0300] {processor.py:840} INFO - DAG(s) 'example_task_group_decorator' retrieved from /home/athlon/projects/airflow/.venv/lib/python3.11/site-packages/airflow/example_dags/example_task_group_decorator.py
[2024-04-26T22:00:28.334-0300] {logging_mixin.py:188} INFO - [2024-04-26T22:00:28.333-0300] {dag.py:3096} INFO - Sync 1 DAGs
[2024-04-26T22:00:28.391-0300] {logging_mixin.py:188} INFO - [2024-04-26T22:00:28.390-0300] {dag.py:3954} INFO - Setting next_dagrun for example_task_group_decorator to 2024-04-26 00:00:00+00:00, run_after=2024-04-27 00:00:00+00:00
[2024-04-26T22:00:28.442-0300] {processor.py:183} INFO - Processing /home/athlon/projects/airflow/.venv/lib/python3.11/site-packages/airflow/example_dags/example_task_group_decorator.py took 0.219 seconds
[2024-04-26T22:01:31.781-0300] {processor.py:161} INFO - Started process (PID=22366) to work on /home/athlon/projects/airflow/.venv/lib/python3.11/site-packages/airflow/example_dags/example_task_group_decorator.py
[2024-04-26T22:01:31.787-0300] {processor.py:830} INFO - Processing file /home/athlon/projects/airflow/.venv/lib/python3.11/site-packages/airflow/example_dags/example_task_group_decorator.py for tasks to queue
[2024-04-26T22:01:31.790-0300] {logging_mixin.py:188} INFO - [2024-04-26T22:01:31.789-0300] {dagbag.py:540} INFO - Filling up the DagBag from /home/athlon/projects/airflow/.venv/lib/python3.11/site-packages/airflow/example_dags/example_task_group_decorator.py
[2024-04-26T22:01:31.819-0300] {processor.py:840} INFO - DAG(s) 'example_task_group_decorator' retrieved from /home/athlon/projects/airflow/.venv/lib/python3.11/site-packages/airflow/example_dags/example_task_group_decorator.py
[2024-04-26T22:01:31.855-0300] {logging_mixin.py:188} INFO - [2024-04-26T22:01:31.854-0300] {dag.py:3096} INFO - Sync 1 DAGs
[2024-04-26T22:01:31.889-0300] {logging_mixin.py:188} INFO - [2024-04-26T22:01:31.889-0300] {dag.py:3954} INFO - Setting next_dagrun for example_task_group_decorator to 2024-04-26 00:00:00+00:00, run_after=2024-04-27 00:00:00+00:00
[2024-04-26T22:01:31.937-0300] {processor.py:183} INFO - Processing /home/athlon/projects/airflow/.venv/lib/python3.11/site-packages/airflow/example_dags/example_task_group_decorator.py took 0.167 seconds
[2024-04-26T22:02:34.126-0300] {processor.py:161} INFO - Started process (PID=22433) to work on /home/athlon/projects/airflow/.venv/lib/python3.11/site-packages/airflow/example_dags/example_task_group_decorator.py
[2024-04-26T22:02:34.132-0300] {processor.py:830} INFO - Processing file /home/athlon/projects/airflow/.venv/lib/python3.11/site-packages/airflow/example_dags/example_task_group_decorator.py for tasks to queue
[2024-04-26T22:02:34.136-0300] {logging_mixin.py:188} INFO - [2024-04-26T22:02:34.135-0300] {dagbag.py:540} INFO - Filling up the DagBag from /home/athlon/projects/airflow/.venv/lib/python3.11/site-packages/airflow/example_dags/example_task_group_decorator.py
[2024-04-26T22:02:34.167-0300] {processor.py:840} INFO - DAG(s) 'example_task_group_decorator' retrieved from /home/athlon/projects/airflow/.venv/lib/python3.11/site-packages/airflow/example_dags/example_task_group_decorator.py
[2024-04-26T22:02:34.202-0300] {logging_mixin.py:188} INFO - [2024-04-26T22:02:34.201-0300] {dag.py:3096} INFO - Sync 1 DAGs
[2024-04-26T22:02:34.236-0300] {logging_mixin.py:188} INFO - [2024-04-26T22:02:34.235-0300] {dag.py:3954} INFO - Setting next_dagrun for example_task_group_decorator to 2024-04-26 00:00:00+00:00, run_after=2024-04-27 00:00:00+00:00
[2024-04-26T22:02:34.274-0300] {processor.py:183} INFO - Processing /home/athlon/projects/airflow/.venv/lib/python3.11/site-packages/airflow/example_dags/example_task_group_decorator.py took 0.161 seconds
[2024-04-26T22:03:38.133-0300] {processor.py:161} INFO - Started process (PID=22511) to work on /home/athlon/projects/airflow/.venv/lib/python3.11/site-packages/airflow/example_dags/example_task_group_decorator.py
[2024-04-26T22:03:38.139-0300] {processor.py:830} INFO - Processing file /home/athlon/projects/airflow/.venv/lib/python3.11/site-packages/airflow/example_dags/example_task_group_decorator.py for tasks to queue
[2024-04-26T22:03:38.142-0300] {logging_mixin.py:188} INFO - [2024-04-26T22:03:38.141-0300] {dagbag.py:540} INFO - Filling up the DagBag from /home/athlon/projects/airflow/.venv/lib/python3.11/site-packages/airflow/example_dags/example_task_group_decorator.py
[2024-04-26T22:03:38.175-0300] {processor.py:840} INFO - DAG(s) 'example_task_group_decorator' retrieved from /home/athlon/projects/airflow/.venv/lib/python3.11/site-packages/airflow/example_dags/example_task_group_decorator.py
[2024-04-26T22:03:38.213-0300] {logging_mixin.py:188} INFO - [2024-04-26T22:03:38.213-0300] {dag.py:3096} INFO - Sync 1 DAGs
[2024-04-26T22:03:38.247-0300] {logging_mixin.py:188} INFO - [2024-04-26T22:03:38.247-0300] {dag.py:3954} INFO - Setting next_dagrun for example_task_group_decorator to 2024-04-26 00:00:00+00:00, run_after=2024-04-27 00:00:00+00:00
[2024-04-26T22:03:38.285-0300] {processor.py:183} INFO - Processing /home/athlon/projects/airflow/.venv/lib/python3.11/site-packages/airflow/example_dags/example_task_group_decorator.py took 0.165 seconds
[2024-04-26T22:04:33.608-0300] {processor.py:161} INFO - Started process (PID=22648) to work on /home/athlon/projects/airflow/.venv/lib/python3.11/site-packages/airflow/example_dags/example_task_group_decorator.py
[2024-04-26T22:04:33.614-0300] {processor.py:830} INFO - Processing file /home/athlon/projects/airflow/.venv/lib/python3.11/site-packages/airflow/example_dags/example_task_group_decorator.py for tasks to queue
[2024-04-26T22:04:33.617-0300] {logging_mixin.py:188} INFO - [2024-04-26T22:04:33.616-0300] {dagbag.py:540} INFO - Filling up the DagBag from /home/athlon/projects/airflow/.venv/lib/python3.11/site-packages/airflow/example_dags/example_task_group_decorator.py
[2024-04-26T22:04:33.643-0300] {processor.py:840} INFO - DAG(s) 'example_task_group_decorator' retrieved from /home/athlon/projects/airflow/.venv/lib/python3.11/site-packages/airflow/example_dags/example_task_group_decorator.py
[2024-04-26T22:04:33.674-0300] {logging_mixin.py:188} INFO - [2024-04-26T22:04:33.673-0300] {dag.py:3096} INFO - Sync 1 DAGs
[2024-04-26T22:04:33.703-0300] {logging_mixin.py:188} INFO - [2024-04-26T22:04:33.703-0300] {dag.py:3954} INFO - Setting next_dagrun for example_task_group_decorator to 2024-04-26 00:00:00+00:00, run_after=2024-04-27 00:00:00+00:00
[2024-04-26T22:04:33.735-0300] {processor.py:183} INFO - Processing /home/athlon/projects/airflow/.venv/lib/python3.11/site-packages/airflow/example_dags/example_task_group_decorator.py took 0.138 seconds
[2024-04-26T22:05:32.108-0300] {processor.py:161} INFO - Started process (PID=22730) to work on /home/athlon/projects/airflow/.venv/lib/python3.11/site-packages/airflow/example_dags/example_task_group_decorator.py
[2024-04-26T22:05:32.114-0300] {processor.py:830} INFO - Processing file /home/athlon/projects/airflow/.venv/lib/python3.11/site-packages/airflow/example_dags/example_task_group_decorator.py for tasks to queue
[2024-04-26T22:05:32.117-0300] {logging_mixin.py:188} INFO - [2024-04-26T22:05:32.116-0300] {dagbag.py:540} INFO - Filling up the DagBag from /home/athlon/projects/airflow/.venv/lib/python3.11/site-packages/airflow/example_dags/example_task_group_decorator.py
[2024-04-26T22:05:32.146-0300] {processor.py:840} INFO - DAG(s) 'example_task_group_decorator' retrieved from /home/athlon/projects/airflow/.venv/lib/python3.11/site-packages/airflow/example_dags/example_task_group_decorator.py
[2024-04-26T22:05:32.177-0300] {logging_mixin.py:188} INFO - [2024-04-26T22:05:32.176-0300] {dag.py:3096} INFO - Sync 1 DAGs
[2024-04-26T22:05:32.207-0300] {logging_mixin.py:188} INFO - [2024-04-26T22:05:32.207-0300] {dag.py:3954} INFO - Setting next_dagrun for example_task_group_decorator to 2024-04-26 00:00:00+00:00, run_after=2024-04-27 00:00:00+00:00
[2024-04-26T22:05:32.241-0300] {processor.py:183} INFO - Processing /home/athlon/projects/airflow/.venv/lib/python3.11/site-packages/airflow/example_dags/example_task_group_decorator.py took 0.144 seconds
[2024-04-26T22:06:30.975-0300] {processor.py:161} INFO - Started process (PID=22795) to work on /home/athlon/projects/airflow/.venv/lib/python3.11/site-packages/airflow/example_dags/example_task_group_decorator.py
[2024-04-26T22:06:30.981-0300] {processor.py:830} INFO - Processing file /home/athlon/projects/airflow/.venv/lib/python3.11/site-packages/airflow/example_dags/example_task_group_decorator.py for tasks to queue
[2024-04-26T22:06:30.984-0300] {logging_mixin.py:188} INFO - [2024-04-26T22:06:30.983-0300] {dagbag.py:540} INFO - Filling up the DagBag from /home/athlon/projects/airflow/.venv/lib/python3.11/site-packages/airflow/example_dags/example_task_group_decorator.py
[2024-04-26T22:06:31.013-0300] {processor.py:840} INFO - DAG(s) 'example_task_group_decorator' retrieved from /home/athlon/projects/airflow/.venv/lib/python3.11/site-packages/airflow/example_dags/example_task_group_decorator.py
[2024-04-26T22:06:31.044-0300] {logging_mixin.py:188} INFO - [2024-04-26T22:06:31.044-0300] {dag.py:3096} INFO - Sync 1 DAGs
[2024-04-26T22:06:31.074-0300] {logging_mixin.py:188} INFO - [2024-04-26T22:06:31.074-0300] {dag.py:3954} INFO - Setting next_dagrun for example_task_group_decorator to 2024-04-26 00:00:00+00:00, run_after=2024-04-27 00:00:00+00:00
[2024-04-26T22:06:31.111-0300] {processor.py:183} INFO - Processing /home/athlon/projects/airflow/.venv/lib/python3.11/site-packages/airflow/example_dags/example_task_group_decorator.py took 0.147 seconds
[2024-04-26T22:07:30.574-0300] {processor.py:161} INFO - Started process (PID=22862) to work on /home/athlon/projects/airflow/.venv/lib/python3.11/site-packages/airflow/example_dags/example_task_group_decorator.py
[2024-04-26T22:07:30.580-0300] {processor.py:830} INFO - Processing file /home/athlon/projects/airflow/.venv/lib/python3.11/site-packages/airflow/example_dags/example_task_group_decorator.py for tasks to queue
[2024-04-26T22:07:30.583-0300] {logging_mixin.py:188} INFO - [2024-04-26T22:07:30.582-0300] {dagbag.py:540} INFO - Filling up the DagBag from /home/athlon/projects/airflow/.venv/lib/python3.11/site-packages/airflow/example_dags/example_task_group_decorator.py
[2024-04-26T22:07:30.612-0300] {processor.py:840} INFO - DAG(s) 'example_task_group_decorator' retrieved from /home/athlon/projects/airflow/.venv/lib/python3.11/site-packages/airflow/example_dags/example_task_group_decorator.py
[2024-04-26T22:07:30.643-0300] {logging_mixin.py:188} INFO - [2024-04-26T22:07:30.643-0300] {dag.py:3096} INFO - Sync 1 DAGs
[2024-04-26T22:07:30.673-0300] {logging_mixin.py:188} INFO - [2024-04-26T22:07:30.673-0300] {dag.py:3954} INFO - Setting next_dagrun for example_task_group_decorator to 2024-04-26 00:00:00+00:00, run_after=2024-04-27 00:00:00+00:00
[2024-04-26T22:07:30.707-0300] {processor.py:183} INFO - Processing /home/athlon/projects/airflow/.venv/lib/python3.11/site-packages/airflow/example_dags/example_task_group_decorator.py took 0.144 seconds
[2024-04-26T22:08:32.301-0300] {processor.py:161} INFO - Started process (PID=22930) to work on /home/athlon/projects/airflow/.venv/lib/python3.11/site-packages/airflow/example_dags/example_task_group_decorator.py
[2024-04-26T22:08:32.307-0300] {processor.py:830} INFO - Processing file /home/athlon/projects/airflow/.venv/lib/python3.11/site-packages/airflow/example_dags/example_task_group_decorator.py for tasks to queue
[2024-04-26T22:08:32.310-0300] {logging_mixin.py:188} INFO - [2024-04-26T22:08:32.310-0300] {dagbag.py:540} INFO - Filling up the DagBag from /home/athlon/projects/airflow/.venv/lib/python3.11/site-packages/airflow/example_dags/example_task_group_decorator.py
[2024-04-26T22:08:32.339-0300] {processor.py:840} INFO - DAG(s) 'example_task_group_decorator' retrieved from /home/athlon/projects/airflow/.venv/lib/python3.11/site-packages/airflow/example_dags/example_task_group_decorator.py
[2024-04-26T22:08:32.370-0300] {logging_mixin.py:188} INFO - [2024-04-26T22:08:32.370-0300] {dag.py:3096} INFO - Sync 1 DAGs
[2024-04-26T22:08:32.399-0300] {logging_mixin.py:188} INFO - [2024-04-26T22:08:32.399-0300] {dag.py:3954} INFO - Setting next_dagrun for example_task_group_decorator to 2024-04-26 00:00:00+00:00, run_after=2024-04-27 00:00:00+00:00
[2024-04-26T22:08:32.433-0300] {processor.py:183} INFO - Processing /home/athlon/projects/airflow/.venv/lib/python3.11/site-packages/airflow/example_dags/example_task_group_decorator.py took 0.143 seconds
[2024-04-26T22:09:30.661-0300] {processor.py:161} INFO - Started process (PID=23028) to work on /home/athlon/projects/airflow/.venv/lib/python3.11/site-packages/airflow/example_dags/example_task_group_decorator.py
[2024-04-26T22:09:30.667-0300] {processor.py:830} INFO - Processing file /home/athlon/projects/airflow/.venv/lib/python3.11/site-packages/airflow/example_dags/example_task_group_decorator.py for tasks to queue
[2024-04-26T22:09:30.670-0300] {logging_mixin.py:188} INFO - [2024-04-26T22:09:30.669-0300] {dagbag.py:540} INFO - Filling up the DagBag from /home/athlon/projects/airflow/.venv/lib/python3.11/site-packages/airflow/example_dags/example_task_group_decorator.py
[2024-04-26T22:09:30.698-0300] {processor.py:840} INFO - DAG(s) 'example_task_group_decorator' retrieved from /home/athlon/projects/airflow/.venv/lib/python3.11/site-packages/airflow/example_dags/example_task_group_decorator.py
[2024-04-26T22:09:30.729-0300] {logging_mixin.py:188} INFO - [2024-04-26T22:09:30.729-0300] {dag.py:3096} INFO - Sync 1 DAGs
[2024-04-26T22:09:30.760-0300] {logging_mixin.py:188} INFO - [2024-04-26T22:09:30.759-0300] {dag.py:3954} INFO - Setting next_dagrun for example_task_group_decorator to 2024-04-26 00:00:00+00:00, run_after=2024-04-27 00:00:00+00:00
[2024-04-26T22:09:30.794-0300] {processor.py:183} INFO - Processing /home/athlon/projects/airflow/.venv/lib/python3.11/site-packages/airflow/example_dags/example_task_group_decorator.py took 0.144 seconds
[2024-04-26T22:10:33.070-0300] {processor.py:161} INFO - Started process (PID=23098) to work on /home/athlon/projects/airflow/.venv/lib/python3.11/site-packages/airflow/example_dags/example_task_group_decorator.py
[2024-04-26T22:10:33.075-0300] {processor.py:830} INFO - Processing file /home/athlon/projects/airflow/.venv/lib/python3.11/site-packages/airflow/example_dags/example_task_group_decorator.py for tasks to queue
[2024-04-26T22:10:33.078-0300] {logging_mixin.py:188} INFO - [2024-04-26T22:10:33.078-0300] {dagbag.py:540} INFO - Filling up the DagBag from /home/athlon/projects/airflow/.venv/lib/python3.11/site-packages/airflow/example_dags/example_task_group_decorator.py
[2024-04-26T22:10:33.108-0300] {processor.py:840} INFO - DAG(s) 'example_task_group_decorator' retrieved from /home/athlon/projects/airflow/.venv/lib/python3.11/site-packages/airflow/example_dags/example_task_group_decorator.py
[2024-04-26T22:10:33.139-0300] {logging_mixin.py:188} INFO - [2024-04-26T22:10:33.139-0300] {dag.py:3096} INFO - Sync 1 DAGs
[2024-04-26T22:10:33.169-0300] {logging_mixin.py:188} INFO - [2024-04-26T22:10:33.169-0300] {dag.py:3954} INFO - Setting next_dagrun for example_task_group_decorator to 2024-04-26 00:00:00+00:00, run_after=2024-04-27 00:00:00+00:00
[2024-04-26T22:10:33.204-0300] {processor.py:183} INFO - Processing /home/athlon/projects/airflow/.venv/lib/python3.11/site-packages/airflow/example_dags/example_task_group_decorator.py took 0.146 seconds
[2024-04-26T22:11:34.873-0300] {processor.py:161} INFO - Started process (PID=23166) to work on /home/athlon/projects/airflow/.venv/lib/python3.11/site-packages/airflow/example_dags/example_task_group_decorator.py
[2024-04-26T22:11:34.879-0300] {processor.py:830} INFO - Processing file /home/athlon/projects/airflow/.venv/lib/python3.11/site-packages/airflow/example_dags/example_task_group_decorator.py for tasks to queue
[2024-04-26T22:11:34.882-0300] {logging_mixin.py:188} INFO - [2024-04-26T22:11:34.882-0300] {dagbag.py:540} INFO - Filling up the DagBag from /home/athlon/projects/airflow/.venv/lib/python3.11/site-packages/airflow/example_dags/example_task_group_decorator.py
[2024-04-26T22:11:34.911-0300] {processor.py:840} INFO - DAG(s) 'example_task_group_decorator' retrieved from /home/athlon/projects/airflow/.venv/lib/python3.11/site-packages/airflow/example_dags/example_task_group_decorator.py
[2024-04-26T22:11:34.943-0300] {logging_mixin.py:188} INFO - [2024-04-26T22:11:34.942-0300] {dag.py:3096} INFO - Sync 1 DAGs
[2024-04-26T22:11:34.972-0300] {logging_mixin.py:188} INFO - [2024-04-26T22:11:34.972-0300] {dag.py:3954} INFO - Setting next_dagrun for example_task_group_decorator to 2024-04-26 00:00:00+00:00, run_after=2024-04-27 00:00:00+00:00
[2024-04-26T22:11:35.007-0300] {processor.py:183} INFO - Processing /home/athlon/projects/airflow/.venv/lib/python3.11/site-packages/airflow/example_dags/example_task_group_decorator.py took 0.145 seconds
[2024-04-26T22:12:33.421-0300] {processor.py:161} INFO - Started process (PID=23250) to work on /home/athlon/projects/airflow/.venv/lib/python3.11/site-packages/airflow/example_dags/example_task_group_decorator.py
[2024-04-26T22:12:33.426-0300] {processor.py:830} INFO - Processing file /home/athlon/projects/airflow/.venv/lib/python3.11/site-packages/airflow/example_dags/example_task_group_decorator.py for tasks to queue
[2024-04-26T22:12:33.429-0300] {logging_mixin.py:188} INFO - [2024-04-26T22:12:33.428-0300] {dagbag.py:540} INFO - Filling up the DagBag from /home/athlon/projects/airflow/.venv/lib/python3.11/site-packages/airflow/example_dags/example_task_group_decorator.py
[2024-04-26T22:12:33.456-0300] {processor.py:840} INFO - DAG(s) 'example_task_group_decorator' retrieved from /home/athlon/projects/airflow/.venv/lib/python3.11/site-packages/airflow/example_dags/example_task_group_decorator.py
[2024-04-26T22:12:33.488-0300] {logging_mixin.py:188} INFO - [2024-04-26T22:12:33.488-0300] {dag.py:3096} INFO - Sync 1 DAGs
[2024-04-26T22:12:33.519-0300] {logging_mixin.py:188} INFO - [2024-04-26T22:12:33.519-0300] {dag.py:3954} INFO - Setting next_dagrun for example_task_group_decorator to 2024-04-26 00:00:00+00:00, run_after=2024-04-27 00:00:00+00:00
[2024-04-26T22:12:33.559-0300] {processor.py:183} INFO - Processing /home/athlon/projects/airflow/.venv/lib/python3.11/site-packages/airflow/example_dags/example_task_group_decorator.py took 0.148 seconds
[2024-04-26T22:13:34.408-0300] {processor.py:161} INFO - Started process (PID=23321) to work on /home/athlon/projects/airflow/.venv/lib/python3.11/site-packages/airflow/example_dags/example_task_group_decorator.py
[2024-04-26T22:13:34.414-0300] {processor.py:830} INFO - Processing file /home/athlon/projects/airflow/.venv/lib/python3.11/site-packages/airflow/example_dags/example_task_group_decorator.py for tasks to queue
[2024-04-26T22:13:34.417-0300] {logging_mixin.py:188} INFO - [2024-04-26T22:13:34.416-0300] {dagbag.py:540} INFO - Filling up the DagBag from /home/athlon/projects/airflow/.venv/lib/python3.11/site-packages/airflow/example_dags/example_task_group_decorator.py
[2024-04-26T22:13:34.446-0300] {processor.py:840} INFO - DAG(s) 'example_task_group_decorator' retrieved from /home/athlon/projects/airflow/.venv/lib/python3.11/site-packages/airflow/example_dags/example_task_group_decorator.py
[2024-04-26T22:13:34.477-0300] {logging_mixin.py:188} INFO - [2024-04-26T22:13:34.477-0300] {dag.py:3096} INFO - Sync 1 DAGs
[2024-04-26T22:13:34.507-0300] {logging_mixin.py:188} INFO - [2024-04-26T22:13:34.507-0300] {dag.py:3954} INFO - Setting next_dagrun for example_task_group_decorator to 2024-04-26 00:00:00+00:00, run_after=2024-04-27 00:00:00+00:00
[2024-04-26T22:13:34.542-0300] {processor.py:183} INFO - Processing /home/athlon/projects/airflow/.venv/lib/python3.11/site-packages/airflow/example_dags/example_task_group_decorator.py took 0.145 seconds
[2024-04-26T22:14:34.820-0300] {processor.py:161} INFO - Started process (PID=23432) to work on /home/athlon/projects/airflow/.venv/lib/python3.11/site-packages/airflow/example_dags/example_task_group_decorator.py
[2024-04-26T22:14:34.826-0300] {processor.py:830} INFO - Processing file /home/athlon/projects/airflow/.venv/lib/python3.11/site-packages/airflow/example_dags/example_task_group_decorator.py for tasks to queue
[2024-04-26T22:14:34.829-0300] {logging_mixin.py:188} INFO - [2024-04-26T22:14:34.829-0300] {dagbag.py:540} INFO - Filling up the DagBag from /home/athlon/projects/airflow/.venv/lib/python3.11/site-packages/airflow/example_dags/example_task_group_decorator.py
[2024-04-26T22:14:34.859-0300] {processor.py:840} INFO - DAG(s) 'example_task_group_decorator' retrieved from /home/athlon/projects/airflow/.venv/lib/python3.11/site-packages/airflow/example_dags/example_task_group_decorator.py
[2024-04-26T22:14:34.899-0300] {logging_mixin.py:188} INFO - [2024-04-26T22:14:34.898-0300] {dag.py:3096} INFO - Sync 1 DAGs
[2024-04-26T22:14:34.935-0300] {logging_mixin.py:188} INFO - [2024-04-26T22:14:34.935-0300] {dag.py:3954} INFO - Setting next_dagrun for example_task_group_decorator to 2024-04-26 00:00:00+00:00, run_after=2024-04-27 00:00:00+00:00
[2024-04-26T22:14:34.976-0300] {processor.py:183} INFO - Processing /home/athlon/projects/airflow/.venv/lib/python3.11/site-packages/airflow/example_dags/example_task_group_decorator.py took 0.167 seconds
[2024-04-26T22:15:41.805-0300] {processor.py:161} INFO - Started process (PID=23534) to work on /home/athlon/projects/airflow/.venv/lib/python3.11/site-packages/airflow/example_dags/example_task_group_decorator.py
[2024-04-26T22:15:41.811-0300] {processor.py:830} INFO - Processing file /home/athlon/projects/airflow/.venv/lib/python3.11/site-packages/airflow/example_dags/example_task_group_decorator.py for tasks to queue
[2024-04-26T22:15:41.814-0300] {logging_mixin.py:188} INFO - [2024-04-26T22:15:41.813-0300] {dagbag.py:540} INFO - Filling up the DagBag from /home/athlon/projects/airflow/.venv/lib/python3.11/site-packages/airflow/example_dags/example_task_group_decorator.py
[2024-04-26T22:15:41.845-0300] {processor.py:840} INFO - DAG(s) 'example_task_group_decorator' retrieved from /home/athlon/projects/airflow/.venv/lib/python3.11/site-packages/airflow/example_dags/example_task_group_decorator.py
[2024-04-26T22:15:41.879-0300] {logging_mixin.py:188} INFO - [2024-04-26T22:15:41.879-0300] {dag.py:3096} INFO - Sync 1 DAGs
[2024-04-26T22:15:41.913-0300] {logging_mixin.py:188} INFO - [2024-04-26T22:15:41.913-0300] {dag.py:3954} INFO - Setting next_dagrun for example_task_group_decorator to 2024-04-26 00:00:00+00:00, run_after=2024-04-27 00:00:00+00:00
[2024-04-26T22:15:41.950-0300] {processor.py:183} INFO - Processing /home/athlon/projects/airflow/.venv/lib/python3.11/site-packages/airflow/example_dags/example_task_group_decorator.py took 0.157 seconds
[2024-04-26T22:16:44.857-0300] {processor.py:161} INFO - Started process (PID=23681) to work on /home/athlon/projects/airflow/.venv/lib/python3.11/site-packages/airflow/example_dags/example_task_group_decorator.py
[2024-04-26T22:16:44.858-0300] {processor.py:830} INFO - Processing file /home/athlon/projects/airflow/.venv/lib/python3.11/site-packages/airflow/example_dags/example_task_group_decorator.py for tasks to queue
[2024-04-26T22:16:44.862-0300] {logging_mixin.py:188} INFO - [2024-04-26T22:16:44.861-0300] {dagbag.py:540} INFO - Filling up the DagBag from /home/athlon/projects/airflow/.venv/lib/python3.11/site-packages/airflow/example_dags/example_task_group_decorator.py
[2024-04-26T22:16:44.892-0300] {processor.py:840} INFO - DAG(s) 'example_task_group_decorator' retrieved from /home/athlon/projects/airflow/.venv/lib/python3.11/site-packages/airflow/example_dags/example_task_group_decorator.py
[2024-04-26T22:16:44.923-0300] {logging_mixin.py:188} INFO - [2024-04-26T22:16:44.922-0300] {dag.py:3096} INFO - Sync 1 DAGs
[2024-04-26T22:16:44.953-0300] {logging_mixin.py:188} INFO - [2024-04-26T22:16:44.952-0300] {dag.py:3954} INFO - Setting next_dagrun for example_task_group_decorator to 2024-04-26 00:00:00+00:00, run_after=2024-04-27 00:00:00+00:00
[2024-04-26T22:16:44.985-0300] {processor.py:183} INFO - Processing /home/athlon/projects/airflow/.venv/lib/python3.11/site-packages/airflow/example_dags/example_task_group_decorator.py took 0.140 seconds
[2024-04-26T22:17:43.690-0300] {processor.py:161} INFO - Started process (PID=23738) to work on /home/athlon/projects/airflow/.venv/lib/python3.11/site-packages/airflow/example_dags/example_task_group_decorator.py
[2024-04-26T22:17:43.695-0300] {processor.py:830} INFO - Processing file /home/athlon/projects/airflow/.venv/lib/python3.11/site-packages/airflow/example_dags/example_task_group_decorator.py for tasks to queue
[2024-04-26T22:17:43.699-0300] {logging_mixin.py:188} INFO - [2024-04-26T22:17:43.698-0300] {dagbag.py:540} INFO - Filling up the DagBag from /home/athlon/projects/airflow/.venv/lib/python3.11/site-packages/airflow/example_dags/example_task_group_decorator.py
[2024-04-26T22:17:43.728-0300] {processor.py:840} INFO - DAG(s) 'example_task_group_decorator' retrieved from /home/athlon/projects/airflow/.venv/lib/python3.11/site-packages/airflow/example_dags/example_task_group_decorator.py
[2024-04-26T22:17:43.761-0300] {logging_mixin.py:188} INFO - [2024-04-26T22:17:43.760-0300] {dag.py:3096} INFO - Sync 1 DAGs
[2024-04-26T22:17:43.790-0300] {logging_mixin.py:188} INFO - [2024-04-26T22:17:43.790-0300] {dag.py:3954} INFO - Setting next_dagrun for example_task_group_decorator to 2024-04-26 00:00:00+00:00, run_after=2024-04-27 00:00:00+00:00
[2024-04-26T22:17:43.841-0300] {processor.py:183} INFO - Processing /home/athlon/projects/airflow/.venv/lib/python3.11/site-packages/airflow/example_dags/example_task_group_decorator.py took 0.164 seconds
[2024-04-26T22:18:43.534-0300] {processor.py:161} INFO - Started process (PID=23794) to work on /home/athlon/projects/airflow/.venv/lib/python3.11/site-packages/airflow/example_dags/example_task_group_decorator.py
[2024-04-26T22:18:43.539-0300] {processor.py:830} INFO - Processing file /home/athlon/projects/airflow/.venv/lib/python3.11/site-packages/airflow/example_dags/example_task_group_decorator.py for tasks to queue
[2024-04-26T22:18:43.543-0300] {logging_mixin.py:188} INFO - [2024-04-26T22:18:43.542-0300] {dagbag.py:540} INFO - Filling up the DagBag from /home/athlon/projects/airflow/.venv/lib/python3.11/site-packages/airflow/example_dags/example_task_group_decorator.py
[2024-04-26T22:18:43.572-0300] {processor.py:840} INFO - DAG(s) 'example_task_group_decorator' retrieved from /home/athlon/projects/airflow/.venv/lib/python3.11/site-packages/airflow/example_dags/example_task_group_decorator.py
[2024-04-26T22:18:43.603-0300] {logging_mixin.py:188} INFO - [2024-04-26T22:18:43.603-0300] {dag.py:3096} INFO - Sync 1 DAGs
[2024-04-26T22:18:43.633-0300] {logging_mixin.py:188} INFO - [2024-04-26T22:18:43.633-0300] {dag.py:3954} INFO - Setting next_dagrun for example_task_group_decorator to 2024-04-26 00:00:00+00:00, run_after=2024-04-27 00:00:00+00:00
[2024-04-26T22:18:43.667-0300] {processor.py:183} INFO - Processing /home/athlon/projects/airflow/.venv/lib/python3.11/site-packages/airflow/example_dags/example_task_group_decorator.py took 0.145 seconds
[2024-04-26T22:19:41.526-0300] {processor.py:161} INFO - Started process (PID=23858) to work on /home/athlon/projects/airflow/.venv/lib/python3.11/site-packages/airflow/example_dags/example_task_group_decorator.py
[2024-04-26T22:19:41.528-0300] {processor.py:830} INFO - Processing file /home/athlon/projects/airflow/.venv/lib/python3.11/site-packages/airflow/example_dags/example_task_group_decorator.py for tasks to queue
[2024-04-26T22:19:41.531-0300] {logging_mixin.py:188} INFO - [2024-04-26T22:19:41.531-0300] {dagbag.py:540} INFO - Filling up the DagBag from /home/athlon/projects/airflow/.venv/lib/python3.11/site-packages/airflow/example_dags/example_task_group_decorator.py
[2024-04-26T22:19:41.561-0300] {processor.py:840} INFO - DAG(s) 'example_task_group_decorator' retrieved from /home/athlon/projects/airflow/.venv/lib/python3.11/site-packages/airflow/example_dags/example_task_group_decorator.py
[2024-04-26T22:19:41.594-0300] {logging_mixin.py:188} INFO - [2024-04-26T22:19:41.593-0300] {dag.py:3096} INFO - Sync 1 DAGs
[2024-04-26T22:19:41.624-0300] {logging_mixin.py:188} INFO - [2024-04-26T22:19:41.624-0300] {dag.py:3954} INFO - Setting next_dagrun for example_task_group_decorator to 2024-04-26 00:00:00+00:00, run_after=2024-04-27 00:00:00+00:00
[2024-04-26T22:19:41.655-0300] {processor.py:183} INFO - Processing /home/athlon/projects/airflow/.venv/lib/python3.11/site-packages/airflow/example_dags/example_task_group_decorator.py took 0.140 seconds
[2024-04-26T22:20:46.148-0300] {processor.py:161} INFO - Started process (PID=24021) to work on /home/athlon/projects/airflow/.venv/lib/python3.11/site-packages/airflow/example_dags/example_task_group_decorator.py
[2024-04-26T22:20:46.153-0300] {processor.py:830} INFO - Processing file /home/athlon/projects/airflow/.venv/lib/python3.11/site-packages/airflow/example_dags/example_task_group_decorator.py for tasks to queue
[2024-04-26T22:20:46.158-0300] {logging_mixin.py:188} INFO - [2024-04-26T22:20:46.157-0300] {dagbag.py:540} INFO - Filling up the DagBag from /home/athlon/projects/airflow/.venv/lib/python3.11/site-packages/airflow/example_dags/example_task_group_decorator.py
[2024-04-26T22:20:46.214-0300] {processor.py:840} INFO - DAG(s) 'example_task_group_decorator' retrieved from /home/athlon/projects/airflow/.venv/lib/python3.11/site-packages/airflow/example_dags/example_task_group_decorator.py
[2024-04-26T22:20:46.285-0300] {logging_mixin.py:188} INFO - [2024-04-26T22:20:46.285-0300] {dag.py:3096} INFO - Sync 1 DAGs
[2024-04-26T22:20:46.350-0300] {logging_mixin.py:188} INFO - [2024-04-26T22:20:46.350-0300] {dag.py:3954} INFO - Setting next_dagrun for example_task_group_decorator to 2024-04-26 00:00:00+00:00, run_after=2024-04-27 00:00:00+00:00
[2024-04-26T22:20:46.409-0300] {processor.py:183} INFO - Processing /home/athlon/projects/airflow/.venv/lib/python3.11/site-packages/airflow/example_dags/example_task_group_decorator.py took 0.280 seconds
[2024-04-26T22:21:41.870-0300] {processor.py:161} INFO - Started process (PID=24081) to work on /home/athlon/projects/airflow/.venv/lib/python3.11/site-packages/airflow/example_dags/example_task_group_decorator.py
[2024-04-26T22:21:41.872-0300] {processor.py:830} INFO - Processing file /home/athlon/projects/airflow/.venv/lib/python3.11/site-packages/airflow/example_dags/example_task_group_decorator.py for tasks to queue
[2024-04-26T22:21:41.875-0300] {logging_mixin.py:188} INFO - [2024-04-26T22:21:41.875-0300] {dagbag.py:540} INFO - Filling up the DagBag from /home/athlon/projects/airflow/.venv/lib/python3.11/site-packages/airflow/example_dags/example_task_group_decorator.py
[2024-04-26T22:21:41.915-0300] {processor.py:840} INFO - DAG(s) 'example_task_group_decorator' retrieved from /home/athlon/projects/airflow/.venv/lib/python3.11/site-packages/airflow/example_dags/example_task_group_decorator.py
[2024-04-26T22:21:41.949-0300] {logging_mixin.py:188} INFO - [2024-04-26T22:21:41.949-0300] {dag.py:3096} INFO - Sync 1 DAGs
[2024-04-26T22:21:41.982-0300] {logging_mixin.py:188} INFO - [2024-04-26T22:21:41.982-0300] {dag.py:3954} INFO - Setting next_dagrun for example_task_group_decorator to 2024-04-26 00:00:00+00:00, run_after=2024-04-27 00:00:00+00:00
[2024-04-26T22:21:42.019-0300] {processor.py:183} INFO - Processing /home/athlon/projects/airflow/.venv/lib/python3.11/site-packages/airflow/example_dags/example_task_group_decorator.py took 0.162 seconds
