[2024-04-26T21:25:31.669-0300] {processor.py:161} INFO - Started process (PID=17735) to work on /home/athlon/projects/airflow/.venv/lib/python3.11/site-packages/airflow/example_dags/example_params_trigger_ui.py
[2024-04-26T21:25:31.670-0300] {processor.py:830} INFO - Processing file /home/athlon/projects/airflow/.venv/lib/python3.11/site-packages/airflow/example_dags/example_params_trigger_ui.py for tasks to queue
[2024-04-26T21:25:31.673-0300] {logging_mixin.py:188} INFO - [2024-04-26T21:25:31.672-0300] {dagbag.py:540} INFO - Filling up the DagBag from /home/athlon/projects/airflow/.venv/lib/python3.11/site-packages/airflow/example_dags/example_params_trigger_ui.py
[2024-04-26T21:25:31.693-0300] {processor.py:840} INFO - DAG(s) 'example_params_trigger_ui' retrieved from /home/athlon/projects/airflow/.venv/lib/python3.11/site-packages/airflow/example_dags/example_params_trigger_ui.py
[2024-04-26T21:25:31.761-0300] {logging_mixin.py:188} INFO - [2024-04-26T21:25:31.761-0300] {dag.py:3096} INFO - Sync 1 DAGs
[2024-04-26T21:25:31.786-0300] {logging_mixin.py:188} INFO - [2024-04-26T21:25:31.785-0300] {dag.py:3954} INFO - Setting next_dagrun for example_params_trigger_ui to None, run_after=None
[2024-04-26T21:25:31.833-0300] {processor.py:183} INFO - Processing /home/athlon/projects/airflow/.venv/lib/python3.11/site-packages/airflow/example_dags/example_params_trigger_ui.py took 0.175 seconds
[2024-04-26T21:26:28.914-0300] {processor.py:161} INFO - Started process (PID=17876) to work on /home/athlon/projects/airflow/.venv/lib/python3.11/site-packages/airflow/example_dags/example_params_trigger_ui.py
[2024-04-26T21:26:28.920-0300] {processor.py:830} INFO - Processing file /home/athlon/projects/airflow/.venv/lib/python3.11/site-packages/airflow/example_dags/example_params_trigger_ui.py for tasks to queue
[2024-04-26T21:26:28.925-0300] {logging_mixin.py:188} INFO - [2024-04-26T21:26:28.924-0300] {dagbag.py:540} INFO - Filling up the DagBag from /home/athlon/projects/airflow/.venv/lib/python3.11/site-packages/airflow/example_dags/example_params_trigger_ui.py
[2024-04-26T21:26:28.955-0300] {processor.py:840} INFO - DAG(s) 'example_params_trigger_ui' retrieved from /home/athlon/projects/airflow/.venv/lib/python3.11/site-packages/airflow/example_dags/example_params_trigger_ui.py
[2024-04-26T21:26:29.057-0300] {logging_mixin.py:188} INFO - [2024-04-26T21:26:29.056-0300] {dag.py:3096} INFO - Sync 1 DAGs
[2024-04-26T21:26:29.084-0300] {logging_mixin.py:188} INFO - [2024-04-26T21:26:29.083-0300] {dag.py:3954} INFO - Setting next_dagrun for example_params_trigger_ui to None, run_after=None
[2024-04-26T21:26:29.136-0300] {processor.py:183} INFO - Processing /home/athlon/projects/airflow/.venv/lib/python3.11/site-packages/airflow/example_dags/example_params_trigger_ui.py took 0.236 seconds
[2024-04-26T21:27:26.014-0300] {processor.py:161} INFO - Started process (PID=17946) to work on /home/athlon/projects/airflow/.venv/lib/python3.11/site-packages/airflow/example_dags/example_params_trigger_ui.py
[2024-04-26T21:27:26.020-0300] {processor.py:830} INFO - Processing file /home/athlon/projects/airflow/.venv/lib/python3.11/site-packages/airflow/example_dags/example_params_trigger_ui.py for tasks to queue
[2024-04-26T21:27:26.023-0300] {logging_mixin.py:188} INFO - [2024-04-26T21:27:26.022-0300] {dagbag.py:540} INFO - Filling up the DagBag from /home/athlon/projects/airflow/.venv/lib/python3.11/site-packages/airflow/example_dags/example_params_trigger_ui.py
[2024-04-26T21:27:26.044-0300] {processor.py:840} INFO - DAG(s) 'example_params_trigger_ui' retrieved from /home/athlon/projects/airflow/.venv/lib/python3.11/site-packages/airflow/example_dags/example_params_trigger_ui.py
[2024-04-26T21:27:26.100-0300] {logging_mixin.py:188} INFO - [2024-04-26T21:27:26.100-0300] {dag.py:3096} INFO - Sync 1 DAGs
[2024-04-26T21:27:26.116-0300] {logging_mixin.py:188} INFO - [2024-04-26T21:27:26.116-0300] {dag.py:3954} INFO - Setting next_dagrun for example_params_trigger_ui to None, run_after=None
[2024-04-26T21:27:26.150-0300] {processor.py:183} INFO - Processing /home/athlon/projects/airflow/.venv/lib/python3.11/site-packages/airflow/example_dags/example_params_trigger_ui.py took 0.146 seconds
[2024-04-26T21:28:26.469-0300] {processor.py:161} INFO - Started process (PID=18038) to work on /home/athlon/projects/airflow/.venv/lib/python3.11/site-packages/airflow/example_dags/example_params_trigger_ui.py
[2024-04-26T21:28:26.475-0300] {processor.py:830} INFO - Processing file /home/athlon/projects/airflow/.venv/lib/python3.11/site-packages/airflow/example_dags/example_params_trigger_ui.py for tasks to queue
[2024-04-26T21:28:26.478-0300] {logging_mixin.py:188} INFO - [2024-04-26T21:28:26.477-0300] {dagbag.py:540} INFO - Filling up the DagBag from /home/athlon/projects/airflow/.venv/lib/python3.11/site-packages/airflow/example_dags/example_params_trigger_ui.py
[2024-04-26T21:28:26.501-0300] {processor.py:840} INFO - DAG(s) 'example_params_trigger_ui' retrieved from /home/athlon/projects/airflow/.venv/lib/python3.11/site-packages/airflow/example_dags/example_params_trigger_ui.py
[2024-04-26T21:28:26.558-0300] {logging_mixin.py:188} INFO - [2024-04-26T21:28:26.558-0300] {dag.py:3096} INFO - Sync 1 DAGs
[2024-04-26T21:28:26.574-0300] {logging_mixin.py:188} INFO - [2024-04-26T21:28:26.574-0300] {dag.py:3954} INFO - Setting next_dagrun for example_params_trigger_ui to None, run_after=None
[2024-04-26T21:28:26.609-0300] {processor.py:183} INFO - Processing /home/athlon/projects/airflow/.venv/lib/python3.11/site-packages/airflow/example_dags/example_params_trigger_ui.py took 0.150 seconds
[2024-04-26T21:29:24.875-0300] {processor.py:161} INFO - Started process (PID=18618) to work on /home/athlon/projects/airflow/.venv/lib/python3.11/site-packages/airflow/example_dags/example_params_trigger_ui.py
[2024-04-26T21:29:24.877-0300] {processor.py:830} INFO - Processing file /home/athlon/projects/airflow/.venv/lib/python3.11/site-packages/airflow/example_dags/example_params_trigger_ui.py for tasks to queue
[2024-04-26T21:29:24.879-0300] {logging_mixin.py:188} INFO - [2024-04-26T21:29:24.879-0300] {dagbag.py:540} INFO - Filling up the DagBag from /home/athlon/projects/airflow/.venv/lib/python3.11/site-packages/airflow/example_dags/example_params_trigger_ui.py
[2024-04-26T21:29:24.902-0300] {processor.py:840} INFO - DAG(s) 'example_params_trigger_ui' retrieved from /home/athlon/projects/airflow/.venv/lib/python3.11/site-packages/airflow/example_dags/example_params_trigger_ui.py
[2024-04-26T21:29:24.985-0300] {logging_mixin.py:188} INFO - [2024-04-26T21:29:24.985-0300] {dag.py:3096} INFO - Sync 1 DAGs
[2024-04-26T21:29:25.011-0300] {logging_mixin.py:188} INFO - [2024-04-26T21:29:25.011-0300] {dag.py:3954} INFO - Setting next_dagrun for example_params_trigger_ui to None, run_after=None
[2024-04-26T21:29:25.080-0300] {processor.py:183} INFO - Processing /home/athlon/projects/airflow/.venv/lib/python3.11/site-packages/airflow/example_dags/example_params_trigger_ui.py took 0.218 seconds
[2024-04-26T21:30:32.537-0300] {processor.py:161} INFO - Started process (PID=18734) to work on /home/athlon/projects/airflow/.venv/lib/python3.11/site-packages/airflow/example_dags/example_params_trigger_ui.py
[2024-04-26T21:30:32.543-0300] {processor.py:830} INFO - Processing file /home/athlon/projects/airflow/.venv/lib/python3.11/site-packages/airflow/example_dags/example_params_trigger_ui.py for tasks to queue
[2024-04-26T21:30:32.545-0300] {logging_mixin.py:188} INFO - [2024-04-26T21:30:32.544-0300] {dagbag.py:540} INFO - Filling up the DagBag from /home/athlon/projects/airflow/.venv/lib/python3.11/site-packages/airflow/example_dags/example_params_trigger_ui.py
[2024-04-26T21:30:32.564-0300] {processor.py:840} INFO - DAG(s) 'example_params_trigger_ui' retrieved from /home/athlon/projects/airflow/.venv/lib/python3.11/site-packages/airflow/example_dags/example_params_trigger_ui.py
[2024-04-26T21:30:32.622-0300] {logging_mixin.py:188} INFO - [2024-04-26T21:30:32.621-0300] {dag.py:3096} INFO - Sync 1 DAGs
[2024-04-26T21:30:32.638-0300] {logging_mixin.py:188} INFO - [2024-04-26T21:30:32.638-0300] {dag.py:3954} INFO - Setting next_dagrun for example_params_trigger_ui to None, run_after=None
[2024-04-26T21:30:32.674-0300] {processor.py:183} INFO - Processing /home/athlon/projects/airflow/.venv/lib/python3.11/site-packages/airflow/example_dags/example_params_trigger_ui.py took 0.145 seconds
[2024-04-26T21:31:33.813-0300] {processor.py:161} INFO - Started process (PID=18810) to work on /home/athlon/projects/airflow/.venv/lib/python3.11/site-packages/airflow/example_dags/example_params_trigger_ui.py
[2024-04-26T21:31:33.819-0300] {processor.py:830} INFO - Processing file /home/athlon/projects/airflow/.venv/lib/python3.11/site-packages/airflow/example_dags/example_params_trigger_ui.py for tasks to queue
[2024-04-26T21:31:33.822-0300] {logging_mixin.py:188} INFO - [2024-04-26T21:31:33.821-0300] {dagbag.py:540} INFO - Filling up the DagBag from /home/athlon/projects/airflow/.venv/lib/python3.11/site-packages/airflow/example_dags/example_params_trigger_ui.py
[2024-04-26T21:31:33.845-0300] {processor.py:840} INFO - DAG(s) 'example_params_trigger_ui' retrieved from /home/athlon/projects/airflow/.venv/lib/python3.11/site-packages/airflow/example_dags/example_params_trigger_ui.py
[2024-04-26T21:31:33.908-0300] {logging_mixin.py:188} INFO - [2024-04-26T21:31:33.907-0300] {dag.py:3096} INFO - Sync 1 DAGs
[2024-04-26T21:31:33.924-0300] {logging_mixin.py:188} INFO - [2024-04-26T21:31:33.924-0300] {dag.py:3954} INFO - Setting next_dagrun for example_params_trigger_ui to None, run_after=None
[2024-04-26T21:31:33.958-0300] {processor.py:183} INFO - Processing /home/athlon/projects/airflow/.venv/lib/python3.11/site-packages/airflow/example_dags/example_params_trigger_ui.py took 0.155 seconds
[2024-04-26T21:32:32.825-0300] {processor.py:161} INFO - Started process (PID=18865) to work on /home/athlon/projects/airflow/.venv/lib/python3.11/site-packages/airflow/example_dags/example_params_trigger_ui.py
[2024-04-26T21:32:32.831-0300] {processor.py:830} INFO - Processing file /home/athlon/projects/airflow/.venv/lib/python3.11/site-packages/airflow/example_dags/example_params_trigger_ui.py for tasks to queue
[2024-04-26T21:32:32.834-0300] {logging_mixin.py:188} INFO - [2024-04-26T21:32:32.833-0300] {dagbag.py:540} INFO - Filling up the DagBag from /home/athlon/projects/airflow/.venv/lib/python3.11/site-packages/airflow/example_dags/example_params_trigger_ui.py
[2024-04-26T21:32:32.857-0300] {processor.py:840} INFO - DAG(s) 'example_params_trigger_ui' retrieved from /home/athlon/projects/airflow/.venv/lib/python3.11/site-packages/airflow/example_dags/example_params_trigger_ui.py
[2024-04-26T21:32:32.915-0300] {logging_mixin.py:188} INFO - [2024-04-26T21:32:32.915-0300] {dag.py:3096} INFO - Sync 1 DAGs
[2024-04-26T21:32:32.932-0300] {logging_mixin.py:188} INFO - [2024-04-26T21:32:32.931-0300] {dag.py:3954} INFO - Setting next_dagrun for example_params_trigger_ui to None, run_after=None
[2024-04-26T21:32:32.967-0300] {processor.py:183} INFO - Processing /home/athlon/projects/airflow/.venv/lib/python3.11/site-packages/airflow/example_dags/example_params_trigger_ui.py took 0.152 seconds
[2024-04-26T21:33:28.522-0300] {processor.py:161} INFO - Started process (PID=18917) to work on /home/athlon/projects/airflow/.venv/lib/python3.11/site-packages/airflow/example_dags/example_params_trigger_ui.py
[2024-04-26T21:33:28.528-0300] {processor.py:830} INFO - Processing file /home/athlon/projects/airflow/.venv/lib/python3.11/site-packages/airflow/example_dags/example_params_trigger_ui.py for tasks to queue
[2024-04-26T21:33:28.531-0300] {logging_mixin.py:188} INFO - [2024-04-26T21:33:28.530-0300] {dagbag.py:540} INFO - Filling up the DagBag from /home/athlon/projects/airflow/.venv/lib/python3.11/site-packages/airflow/example_dags/example_params_trigger_ui.py
[2024-04-26T21:33:28.554-0300] {processor.py:840} INFO - DAG(s) 'example_params_trigger_ui' retrieved from /home/athlon/projects/airflow/.venv/lib/python3.11/site-packages/airflow/example_dags/example_params_trigger_ui.py
[2024-04-26T21:33:28.612-0300] {logging_mixin.py:188} INFO - [2024-04-26T21:33:28.612-0300] {dag.py:3096} INFO - Sync 1 DAGs
[2024-04-26T21:33:28.628-0300] {logging_mixin.py:188} INFO - [2024-04-26T21:33:28.628-0300] {dag.py:3954} INFO - Setting next_dagrun for example_params_trigger_ui to None, run_after=None
[2024-04-26T21:33:28.666-0300] {processor.py:183} INFO - Processing /home/athlon/projects/airflow/.venv/lib/python3.11/site-packages/airflow/example_dags/example_params_trigger_ui.py took 0.154 seconds
[2024-04-26T21:34:32.153-0300] {processor.py:161} INFO - Started process (PID=19164) to work on /home/athlon/projects/airflow/.venv/lib/python3.11/site-packages/airflow/example_dags/example_params_trigger_ui.py
[2024-04-26T21:34:32.155-0300] {processor.py:830} INFO - Processing file /home/athlon/projects/airflow/.venv/lib/python3.11/site-packages/airflow/example_dags/example_params_trigger_ui.py for tasks to queue
[2024-04-26T21:34:32.157-0300] {logging_mixin.py:188} INFO - [2024-04-26T21:34:32.157-0300] {dagbag.py:540} INFO - Filling up the DagBag from /home/athlon/projects/airflow/.venv/lib/python3.11/site-packages/airflow/example_dags/example_params_trigger_ui.py
[2024-04-26T21:34:32.180-0300] {processor.py:840} INFO - DAG(s) 'example_params_trigger_ui' retrieved from /home/athlon/projects/airflow/.venv/lib/python3.11/site-packages/airflow/example_dags/example_params_trigger_ui.py
[2024-04-26T21:34:32.255-0300] {logging_mixin.py:188} INFO - [2024-04-26T21:34:32.255-0300] {dag.py:3096} INFO - Sync 1 DAGs
[2024-04-26T21:34:32.278-0300] {logging_mixin.py:188} INFO - [2024-04-26T21:34:32.278-0300] {dag.py:3954} INFO - Setting next_dagrun for example_params_trigger_ui to None, run_after=None
[2024-04-26T21:34:32.320-0300] {processor.py:183} INFO - Processing /home/athlon/projects/airflow/.venv/lib/python3.11/site-packages/airflow/example_dags/example_params_trigger_ui.py took 0.180 seconds
[2024-04-26T21:35:44.369-0300] {processor.py:161} INFO - Started process (PID=19233) to work on /home/athlon/projects/airflow/.venv/lib/python3.11/site-packages/airflow/example_dags/example_params_trigger_ui.py
[2024-04-26T21:35:44.375-0300] {processor.py:830} INFO - Processing file /home/athlon/projects/airflow/.venv/lib/python3.11/site-packages/airflow/example_dags/example_params_trigger_ui.py for tasks to queue
[2024-04-26T21:35:44.378-0300] {logging_mixin.py:188} INFO - [2024-04-26T21:35:44.377-0300] {dagbag.py:540} INFO - Filling up the DagBag from /home/athlon/projects/airflow/.venv/lib/python3.11/site-packages/airflow/example_dags/example_params_trigger_ui.py
[2024-04-26T21:35:44.401-0300] {processor.py:840} INFO - DAG(s) 'example_params_trigger_ui' retrieved from /home/athlon/projects/airflow/.venv/lib/python3.11/site-packages/airflow/example_dags/example_params_trigger_ui.py
[2024-04-26T21:35:44.461-0300] {logging_mixin.py:188} INFO - [2024-04-26T21:35:44.460-0300] {dag.py:3096} INFO - Sync 1 DAGs
[2024-04-26T21:35:44.489-0300] {logging_mixin.py:188} INFO - [2024-04-26T21:35:44.488-0300] {dag.py:3954} INFO - Setting next_dagrun for example_params_trigger_ui to None, run_after=None
[2024-04-26T21:35:44.524-0300] {processor.py:183} INFO - Processing /home/athlon/projects/airflow/.venv/lib/python3.11/site-packages/airflow/example_dags/example_params_trigger_ui.py took 0.165 seconds
[2024-04-26T21:36:43.063-0300] {processor.py:161} INFO - Started process (PID=19299) to work on /home/athlon/projects/airflow/.venv/lib/python3.11/site-packages/airflow/example_dags/example_params_trigger_ui.py
[2024-04-26T21:36:43.069-0300] {processor.py:830} INFO - Processing file /home/athlon/projects/airflow/.venv/lib/python3.11/site-packages/airflow/example_dags/example_params_trigger_ui.py for tasks to queue
[2024-04-26T21:36:43.071-0300] {logging_mixin.py:188} INFO - [2024-04-26T21:36:43.071-0300] {dagbag.py:540} INFO - Filling up the DagBag from /home/athlon/projects/airflow/.venv/lib/python3.11/site-packages/airflow/example_dags/example_params_trigger_ui.py
[2024-04-26T21:36:43.094-0300] {processor.py:840} INFO - DAG(s) 'example_params_trigger_ui' retrieved from /home/athlon/projects/airflow/.venv/lib/python3.11/site-packages/airflow/example_dags/example_params_trigger_ui.py
[2024-04-26T21:36:43.152-0300] {logging_mixin.py:188} INFO - [2024-04-26T21:36:43.152-0300] {dag.py:3096} INFO - Sync 1 DAGs
[2024-04-26T21:36:43.169-0300] {logging_mixin.py:188} INFO - [2024-04-26T21:36:43.168-0300] {dag.py:3954} INFO - Setting next_dagrun for example_params_trigger_ui to None, run_after=None
[2024-04-26T21:36:43.203-0300] {processor.py:183} INFO - Processing /home/athlon/projects/airflow/.venv/lib/python3.11/site-packages/airflow/example_dags/example_params_trigger_ui.py took 0.150 seconds
[2024-04-26T21:37:41.890-0300] {processor.py:161} INFO - Started process (PID=19365) to work on /home/athlon/projects/airflow/.venv/lib/python3.11/site-packages/airflow/example_dags/example_params_trigger_ui.py
[2024-04-26T21:37:41.896-0300] {processor.py:830} INFO - Processing file /home/athlon/projects/airflow/.venv/lib/python3.11/site-packages/airflow/example_dags/example_params_trigger_ui.py for tasks to queue
[2024-04-26T21:37:41.898-0300] {logging_mixin.py:188} INFO - [2024-04-26T21:37:41.898-0300] {dagbag.py:540} INFO - Filling up the DagBag from /home/athlon/projects/airflow/.venv/lib/python3.11/site-packages/airflow/example_dags/example_params_trigger_ui.py
[2024-04-26T21:37:41.922-0300] {processor.py:840} INFO - DAG(s) 'example_params_trigger_ui' retrieved from /home/athlon/projects/airflow/.venv/lib/python3.11/site-packages/airflow/example_dags/example_params_trigger_ui.py
[2024-04-26T21:37:41.980-0300] {logging_mixin.py:188} INFO - [2024-04-26T21:37:41.980-0300] {dag.py:3096} INFO - Sync 1 DAGs
[2024-04-26T21:37:41.997-0300] {logging_mixin.py:188} INFO - [2024-04-26T21:37:41.997-0300] {dag.py:3954} INFO - Setting next_dagrun for example_params_trigger_ui to None, run_after=None
[2024-04-26T21:37:42.030-0300] {processor.py:183} INFO - Processing /home/athlon/projects/airflow/.venv/lib/python3.11/site-packages/airflow/example_dags/example_params_trigger_ui.py took 0.150 seconds
[2024-04-26T21:38:40.744-0300] {processor.py:161} INFO - Started process (PID=19433) to work on /home/athlon/projects/airflow/.venv/lib/python3.11/site-packages/airflow/example_dags/example_params_trigger_ui.py
[2024-04-26T21:38:40.749-0300] {processor.py:830} INFO - Processing file /home/athlon/projects/airflow/.venv/lib/python3.11/site-packages/airflow/example_dags/example_params_trigger_ui.py for tasks to queue
[2024-04-26T21:38:40.751-0300] {logging_mixin.py:188} INFO - [2024-04-26T21:38:40.751-0300] {dagbag.py:540} INFO - Filling up the DagBag from /home/athlon/projects/airflow/.venv/lib/python3.11/site-packages/airflow/example_dags/example_params_trigger_ui.py
[2024-04-26T21:38:40.771-0300] {processor.py:840} INFO - DAG(s) 'example_params_trigger_ui' retrieved from /home/athlon/projects/airflow/.venv/lib/python3.11/site-packages/airflow/example_dags/example_params_trigger_ui.py
[2024-04-26T21:38:40.827-0300] {logging_mixin.py:188} INFO - [2024-04-26T21:38:40.827-0300] {dag.py:3096} INFO - Sync 1 DAGs
[2024-04-26T21:38:40.844-0300] {logging_mixin.py:188} INFO - [2024-04-26T21:38:40.843-0300] {dag.py:3954} INFO - Setting next_dagrun for example_params_trigger_ui to None, run_after=None
[2024-04-26T21:38:40.878-0300] {processor.py:183} INFO - Processing /home/athlon/projects/airflow/.venv/lib/python3.11/site-packages/airflow/example_dags/example_params_trigger_ui.py took 0.142 seconds
[2024-04-26T21:39:41.183-0300] {processor.py:161} INFO - Started process (PID=19533) to work on /home/athlon/projects/airflow/.venv/lib/python3.11/site-packages/airflow/example_dags/example_params_trigger_ui.py
[2024-04-26T21:39:41.189-0300] {processor.py:830} INFO - Processing file /home/athlon/projects/airflow/.venv/lib/python3.11/site-packages/airflow/example_dags/example_params_trigger_ui.py for tasks to queue
[2024-04-26T21:39:41.191-0300] {logging_mixin.py:188} INFO - [2024-04-26T21:39:41.191-0300] {dagbag.py:540} INFO - Filling up the DagBag from /home/athlon/projects/airflow/.venv/lib/python3.11/site-packages/airflow/example_dags/example_params_trigger_ui.py
[2024-04-26T21:39:41.211-0300] {processor.py:840} INFO - DAG(s) 'example_params_trigger_ui' retrieved from /home/athlon/projects/airflow/.venv/lib/python3.11/site-packages/airflow/example_dags/example_params_trigger_ui.py
[2024-04-26T21:39:41.271-0300] {logging_mixin.py:188} INFO - [2024-04-26T21:39:41.271-0300] {dag.py:3096} INFO - Sync 1 DAGs
[2024-04-26T21:39:41.291-0300] {logging_mixin.py:188} INFO - [2024-04-26T21:39:41.291-0300] {dag.py:3954} INFO - Setting next_dagrun for example_params_trigger_ui to None, run_after=None
[2024-04-26T21:39:41.325-0300] {processor.py:183} INFO - Processing /home/athlon/projects/airflow/.venv/lib/python3.11/site-packages/airflow/example_dags/example_params_trigger_ui.py took 0.153 seconds
[2024-04-26T21:40:41.881-0300] {processor.py:161} INFO - Started process (PID=19704) to work on /home/athlon/projects/airflow/.venv/lib/python3.11/site-packages/airflow/example_dags/example_params_trigger_ui.py
[2024-04-26T21:40:41.882-0300] {processor.py:830} INFO - Processing file /home/athlon/projects/airflow/.venv/lib/python3.11/site-packages/airflow/example_dags/example_params_trigger_ui.py for tasks to queue
[2024-04-26T21:40:41.885-0300] {logging_mixin.py:188} INFO - [2024-04-26T21:40:41.884-0300] {dagbag.py:540} INFO - Filling up the DagBag from /home/athlon/projects/airflow/.venv/lib/python3.11/site-packages/airflow/example_dags/example_params_trigger_ui.py
[2024-04-26T21:40:41.916-0300] {processor.py:840} INFO - DAG(s) 'example_params_trigger_ui' retrieved from /home/athlon/projects/airflow/.venv/lib/python3.11/site-packages/airflow/example_dags/example_params_trigger_ui.py
[2024-04-26T21:40:41.997-0300] {logging_mixin.py:188} INFO - [2024-04-26T21:40:41.996-0300] {dag.py:3096} INFO - Sync 1 DAGs
[2024-04-26T21:40:42.017-0300] {logging_mixin.py:188} INFO - [2024-04-26T21:40:42.017-0300] {dag.py:3954} INFO - Setting next_dagrun for example_params_trigger_ui to None, run_after=None
[2024-04-26T21:40:42.051-0300] {processor.py:183} INFO - Processing /home/athlon/projects/airflow/.venv/lib/python3.11/site-packages/airflow/example_dags/example_params_trigger_ui.py took 0.180 seconds
[2024-04-26T21:41:38.851-0300] {processor.py:161} INFO - Started process (PID=19768) to work on /home/athlon/projects/airflow/.venv/lib/python3.11/site-packages/airflow/example_dags/example_params_trigger_ui.py
[2024-04-26T21:41:38.857-0300] {processor.py:830} INFO - Processing file /home/athlon/projects/airflow/.venv/lib/python3.11/site-packages/airflow/example_dags/example_params_trigger_ui.py for tasks to queue
[2024-04-26T21:41:38.859-0300] {logging_mixin.py:188} INFO - [2024-04-26T21:41:38.859-0300] {dagbag.py:540} INFO - Filling up the DagBag from /home/athlon/projects/airflow/.venv/lib/python3.11/site-packages/airflow/example_dags/example_params_trigger_ui.py
[2024-04-26T21:41:38.881-0300] {processor.py:840} INFO - DAG(s) 'example_params_trigger_ui' retrieved from /home/athlon/projects/airflow/.venv/lib/python3.11/site-packages/airflow/example_dags/example_params_trigger_ui.py
[2024-04-26T21:41:38.939-0300] {logging_mixin.py:188} INFO - [2024-04-26T21:41:38.939-0300] {dag.py:3096} INFO - Sync 1 DAGs
[2024-04-26T21:41:38.956-0300] {logging_mixin.py:188} INFO - [2024-04-26T21:41:38.955-0300] {dag.py:3954} INFO - Setting next_dagrun for example_params_trigger_ui to None, run_after=None
[2024-04-26T21:41:38.989-0300] {processor.py:183} INFO - Processing /home/athlon/projects/airflow/.venv/lib/python3.11/site-packages/airflow/example_dags/example_params_trigger_ui.py took 0.149 seconds
[2024-04-26T21:42:36.033-0300] {processor.py:161} INFO - Started process (PID=19842) to work on /home/athlon/projects/airflow/.venv/lib/python3.11/site-packages/airflow/example_dags/example_params_trigger_ui.py
[2024-04-26T21:42:36.038-0300] {processor.py:830} INFO - Processing file /home/athlon/projects/airflow/.venv/lib/python3.11/site-packages/airflow/example_dags/example_params_trigger_ui.py for tasks to queue
[2024-04-26T21:42:36.041-0300] {logging_mixin.py:188} INFO - [2024-04-26T21:42:36.041-0300] {dagbag.py:540} INFO - Filling up the DagBag from /home/athlon/projects/airflow/.venv/lib/python3.11/site-packages/airflow/example_dags/example_params_trigger_ui.py
[2024-04-26T21:42:36.065-0300] {processor.py:840} INFO - DAG(s) 'example_params_trigger_ui' retrieved from /home/athlon/projects/airflow/.venv/lib/python3.11/site-packages/airflow/example_dags/example_params_trigger_ui.py
[2024-04-26T21:42:36.125-0300] {logging_mixin.py:188} INFO - [2024-04-26T21:42:36.125-0300] {dag.py:3096} INFO - Sync 1 DAGs
[2024-04-26T21:42:36.142-0300] {logging_mixin.py:188} INFO - [2024-04-26T21:42:36.141-0300] {dag.py:3954} INFO - Setting next_dagrun for example_params_trigger_ui to None, run_after=None
[2024-04-26T21:42:36.176-0300] {processor.py:183} INFO - Processing /home/athlon/projects/airflow/.venv/lib/python3.11/site-packages/airflow/example_dags/example_params_trigger_ui.py took 0.153 seconds
[2024-04-26T21:43:37.221-0300] {processor.py:161} INFO - Started process (PID=19908) to work on /home/athlon/projects/airflow/.venv/lib/python3.11/site-packages/airflow/example_dags/example_params_trigger_ui.py
[2024-04-26T21:43:37.227-0300] {processor.py:830} INFO - Processing file /home/athlon/projects/airflow/.venv/lib/python3.11/site-packages/airflow/example_dags/example_params_trigger_ui.py for tasks to queue
[2024-04-26T21:43:37.229-0300] {logging_mixin.py:188} INFO - [2024-04-26T21:43:37.229-0300] {dagbag.py:540} INFO - Filling up the DagBag from /home/athlon/projects/airflow/.venv/lib/python3.11/site-packages/airflow/example_dags/example_params_trigger_ui.py
[2024-04-26T21:43:37.252-0300] {processor.py:840} INFO - DAG(s) 'example_params_trigger_ui' retrieved from /home/athlon/projects/airflow/.venv/lib/python3.11/site-packages/airflow/example_dags/example_params_trigger_ui.py
[2024-04-26T21:43:37.309-0300] {logging_mixin.py:188} INFO - [2024-04-26T21:43:37.309-0300] {dag.py:3096} INFO - Sync 1 DAGs
[2024-04-26T21:43:37.327-0300] {logging_mixin.py:188} INFO - [2024-04-26T21:43:37.327-0300] {dag.py:3954} INFO - Setting next_dagrun for example_params_trigger_ui to None, run_after=None
[2024-04-26T21:43:37.361-0300] {processor.py:183} INFO - Processing /home/athlon/projects/airflow/.venv/lib/python3.11/site-packages/airflow/example_dags/example_params_trigger_ui.py took 0.151 seconds
[2024-04-26T21:44:32.448-0300] {processor.py:161} INFO - Started process (PID=19980) to work on /home/athlon/projects/airflow/.venv/lib/python3.11/site-packages/airflow/example_dags/example_params_trigger_ui.py
[2024-04-26T21:44:32.454-0300] {processor.py:830} INFO - Processing file /home/athlon/projects/airflow/.venv/lib/python3.11/site-packages/airflow/example_dags/example_params_trigger_ui.py for tasks to queue
[2024-04-26T21:44:32.457-0300] {logging_mixin.py:188} INFO - [2024-04-26T21:44:32.456-0300] {dagbag.py:540} INFO - Filling up the DagBag from /home/athlon/projects/airflow/.venv/lib/python3.11/site-packages/airflow/example_dags/example_params_trigger_ui.py
[2024-04-26T21:44:32.481-0300] {processor.py:840} INFO - DAG(s) 'example_params_trigger_ui' retrieved from /home/athlon/projects/airflow/.venv/lib/python3.11/site-packages/airflow/example_dags/example_params_trigger_ui.py
[2024-04-26T21:44:32.540-0300] {logging_mixin.py:188} INFO - [2024-04-26T21:44:32.540-0300] {dag.py:3096} INFO - Sync 1 DAGs
[2024-04-26T21:44:32.557-0300] {logging_mixin.py:188} INFO - [2024-04-26T21:44:32.556-0300] {dag.py:3954} INFO - Setting next_dagrun for example_params_trigger_ui to None, run_after=None
[2024-04-26T21:44:32.590-0300] {processor.py:183} INFO - Processing /home/athlon/projects/airflow/.venv/lib/python3.11/site-packages/airflow/example_dags/example_params_trigger_ui.py took 0.153 seconds
[2024-04-26T21:45:25.150-0300] {processor.py:161} INFO - Started process (PID=20038) to work on /home/athlon/projects/airflow/.venv/lib/python3.11/site-packages/airflow/example_dags/example_params_trigger_ui.py
[2024-04-26T21:45:25.156-0300] {processor.py:830} INFO - Processing file /home/athlon/projects/airflow/.venv/lib/python3.11/site-packages/airflow/example_dags/example_params_trigger_ui.py for tasks to queue
[2024-04-26T21:45:25.158-0300] {logging_mixin.py:188} INFO - [2024-04-26T21:45:25.158-0300] {dagbag.py:540} INFO - Filling up the DagBag from /home/athlon/projects/airflow/.venv/lib/python3.11/site-packages/airflow/example_dags/example_params_trigger_ui.py
[2024-04-26T21:45:25.182-0300] {processor.py:840} INFO - DAG(s) 'example_params_trigger_ui' retrieved from /home/athlon/projects/airflow/.venv/lib/python3.11/site-packages/airflow/example_dags/example_params_trigger_ui.py
[2024-04-26T21:45:25.241-0300] {logging_mixin.py:188} INFO - [2024-04-26T21:45:25.240-0300] {dag.py:3096} INFO - Sync 1 DAGs
[2024-04-26T21:45:25.257-0300] {logging_mixin.py:188} INFO - [2024-04-26T21:45:25.257-0300] {dag.py:3954} INFO - Setting next_dagrun for example_params_trigger_ui to None, run_after=None
[2024-04-26T21:45:25.310-0300] {processor.py:183} INFO - Processing /home/athlon/projects/airflow/.venv/lib/python3.11/site-packages/airflow/example_dags/example_params_trigger_ui.py took 0.171 seconds
[2024-04-26T21:46:21.806-0300] {processor.py:161} INFO - Started process (PID=20102) to work on /home/athlon/projects/airflow/.venv/lib/python3.11/site-packages/airflow/example_dags/example_params_trigger_ui.py
[2024-04-26T21:46:21.812-0300] {processor.py:830} INFO - Processing file /home/athlon/projects/airflow/.venv/lib/python3.11/site-packages/airflow/example_dags/example_params_trigger_ui.py for tasks to queue
[2024-04-26T21:46:21.815-0300] {logging_mixin.py:188} INFO - [2024-04-26T21:46:21.814-0300] {dagbag.py:540} INFO - Filling up the DagBag from /home/athlon/projects/airflow/.venv/lib/python3.11/site-packages/airflow/example_dags/example_params_trigger_ui.py
[2024-04-26T21:46:21.839-0300] {processor.py:840} INFO - DAG(s) 'example_params_trigger_ui' retrieved from /home/athlon/projects/airflow/.venv/lib/python3.11/site-packages/airflow/example_dags/example_params_trigger_ui.py
[2024-04-26T21:46:21.897-0300] {logging_mixin.py:188} INFO - [2024-04-26T21:46:21.897-0300] {dag.py:3096} INFO - Sync 1 DAGs
[2024-04-26T21:46:21.915-0300] {logging_mixin.py:188} INFO - [2024-04-26T21:46:21.914-0300] {dag.py:3954} INFO - Setting next_dagrun for example_params_trigger_ui to None, run_after=None
[2024-04-26T21:46:21.949-0300] {processor.py:183} INFO - Processing /home/athlon/projects/airflow/.venv/lib/python3.11/site-packages/airflow/example_dags/example_params_trigger_ui.py took 0.153 seconds
[2024-04-26T21:47:20.602-0300] {processor.py:161} INFO - Started process (PID=20167) to work on /home/athlon/projects/airflow/.venv/lib/python3.11/site-packages/airflow/example_dags/example_params_trigger_ui.py
[2024-04-26T21:47:20.607-0300] {processor.py:830} INFO - Processing file /home/athlon/projects/airflow/.venv/lib/python3.11/site-packages/airflow/example_dags/example_params_trigger_ui.py for tasks to queue
[2024-04-26T21:47:20.610-0300] {logging_mixin.py:188} INFO - [2024-04-26T21:47:20.609-0300] {dagbag.py:540} INFO - Filling up the DagBag from /home/athlon/projects/airflow/.venv/lib/python3.11/site-packages/airflow/example_dags/example_params_trigger_ui.py
[2024-04-26T21:47:20.634-0300] {processor.py:840} INFO - DAG(s) 'example_params_trigger_ui' retrieved from /home/athlon/projects/airflow/.venv/lib/python3.11/site-packages/airflow/example_dags/example_params_trigger_ui.py
[2024-04-26T21:47:20.693-0300] {logging_mixin.py:188} INFO - [2024-04-26T21:47:20.692-0300] {dag.py:3096} INFO - Sync 1 DAGs
[2024-04-26T21:47:20.710-0300] {logging_mixin.py:188} INFO - [2024-04-26T21:47:20.710-0300] {dag.py:3954} INFO - Setting next_dagrun for example_params_trigger_ui to None, run_after=None
[2024-04-26T21:47:20.740-0300] {processor.py:183} INFO - Processing /home/athlon/projects/airflow/.venv/lib/python3.11/site-packages/airflow/example_dags/example_params_trigger_ui.py took 0.149 seconds
[2024-04-26T21:48:16.969-0300] {processor.py:161} INFO - Started process (PID=20233) to work on /home/athlon/projects/airflow/.venv/lib/python3.11/site-packages/airflow/example_dags/example_params_trigger_ui.py
[2024-04-26T21:48:16.974-0300] {processor.py:830} INFO - Processing file /home/athlon/projects/airflow/.venv/lib/python3.11/site-packages/airflow/example_dags/example_params_trigger_ui.py for tasks to queue
[2024-04-26T21:48:16.977-0300] {logging_mixin.py:188} INFO - [2024-04-26T21:48:16.977-0300] {dagbag.py:540} INFO - Filling up the DagBag from /home/athlon/projects/airflow/.venv/lib/python3.11/site-packages/airflow/example_dags/example_params_trigger_ui.py
[2024-04-26T21:48:17.002-0300] {processor.py:840} INFO - DAG(s) 'example_params_trigger_ui' retrieved from /home/athlon/projects/airflow/.venv/lib/python3.11/site-packages/airflow/example_dags/example_params_trigger_ui.py
[2024-04-26T21:48:17.061-0300] {logging_mixin.py:188} INFO - [2024-04-26T21:48:17.061-0300] {dag.py:3096} INFO - Sync 1 DAGs
[2024-04-26T21:48:17.080-0300] {logging_mixin.py:188} INFO - [2024-04-26T21:48:17.080-0300] {dag.py:3954} INFO - Setting next_dagrun for example_params_trigger_ui to None, run_after=None
[2024-04-26T21:48:17.108-0300] {processor.py:183} INFO - Processing /home/athlon/projects/airflow/.venv/lib/python3.11/site-packages/airflow/example_dags/example_params_trigger_ui.py took 0.151 seconds
[2024-04-26T21:49:12.517-0300] {processor.py:161} INFO - Started process (PID=20302) to work on /home/athlon/projects/airflow/.venv/lib/python3.11/site-packages/airflow/example_dags/example_params_trigger_ui.py
[2024-04-26T21:49:12.522-0300] {processor.py:830} INFO - Processing file /home/athlon/projects/airflow/.venv/lib/python3.11/site-packages/airflow/example_dags/example_params_trigger_ui.py for tasks to queue
[2024-04-26T21:49:12.525-0300] {logging_mixin.py:188} INFO - [2024-04-26T21:49:12.524-0300] {dagbag.py:540} INFO - Filling up the DagBag from /home/athlon/projects/airflow/.venv/lib/python3.11/site-packages/airflow/example_dags/example_params_trigger_ui.py
[2024-04-26T21:49:12.546-0300] {processor.py:840} INFO - DAG(s) 'example_params_trigger_ui' retrieved from /home/athlon/projects/airflow/.venv/lib/python3.11/site-packages/airflow/example_dags/example_params_trigger_ui.py
[2024-04-26T21:49:12.608-0300] {logging_mixin.py:188} INFO - [2024-04-26T21:49:12.608-0300] {dag.py:3096} INFO - Sync 1 DAGs
[2024-04-26T21:49:12.626-0300] {logging_mixin.py:188} INFO - [2024-04-26T21:49:12.625-0300] {dag.py:3954} INFO - Setting next_dagrun for example_params_trigger_ui to None, run_after=None
[2024-04-26T21:49:12.659-0300] {processor.py:183} INFO - Processing /home/athlon/projects/airflow/.venv/lib/python3.11/site-packages/airflow/example_dags/example_params_trigger_ui.py took 0.151 seconds
[2024-04-26T21:50:07.301-0300] {processor.py:161} INFO - Started process (PID=20362) to work on /home/athlon/projects/airflow/.venv/lib/python3.11/site-packages/airflow/example_dags/example_params_trigger_ui.py
[2024-04-26T21:50:07.306-0300] {processor.py:830} INFO - Processing file /home/athlon/projects/airflow/.venv/lib/python3.11/site-packages/airflow/example_dags/example_params_trigger_ui.py for tasks to queue
[2024-04-26T21:50:07.309-0300] {logging_mixin.py:188} INFO - [2024-04-26T21:50:07.308-0300] {dagbag.py:540} INFO - Filling up the DagBag from /home/athlon/projects/airflow/.venv/lib/python3.11/site-packages/airflow/example_dags/example_params_trigger_ui.py
[2024-04-26T21:50:07.331-0300] {processor.py:840} INFO - DAG(s) 'example_params_trigger_ui' retrieved from /home/athlon/projects/airflow/.venv/lib/python3.11/site-packages/airflow/example_dags/example_params_trigger_ui.py
[2024-04-26T21:50:07.393-0300] {logging_mixin.py:188} INFO - [2024-04-26T21:50:07.392-0300] {dag.py:3096} INFO - Sync 1 DAGs
[2024-04-26T21:50:07.412-0300] {logging_mixin.py:188} INFO - [2024-04-26T21:50:07.412-0300] {dag.py:3954} INFO - Setting next_dagrun for example_params_trigger_ui to None, run_after=None
[2024-04-26T21:50:07.447-0300] {processor.py:183} INFO - Processing /home/athlon/projects/airflow/.venv/lib/python3.11/site-packages/airflow/example_dags/example_params_trigger_ui.py took 0.156 seconds
[2024-04-26T21:51:03.830-0300] {processor.py:161} INFO - Started process (PID=20439) to work on /home/athlon/projects/airflow/.venv/lib/python3.11/site-packages/airflow/example_dags/example_params_trigger_ui.py
[2024-04-26T21:51:03.836-0300] {processor.py:830} INFO - Processing file /home/athlon/projects/airflow/.venv/lib/python3.11/site-packages/airflow/example_dags/example_params_trigger_ui.py for tasks to queue
[2024-04-26T21:51:03.839-0300] {logging_mixin.py:188} INFO - [2024-04-26T21:51:03.838-0300] {dagbag.py:540} INFO - Filling up the DagBag from /home/athlon/projects/airflow/.venv/lib/python3.11/site-packages/airflow/example_dags/example_params_trigger_ui.py
[2024-04-26T21:51:03.864-0300] {processor.py:840} INFO - DAG(s) 'example_params_trigger_ui' retrieved from /home/athlon/projects/airflow/.venv/lib/python3.11/site-packages/airflow/example_dags/example_params_trigger_ui.py
[2024-04-26T21:51:03.926-0300] {logging_mixin.py:188} INFO - [2024-04-26T21:51:03.926-0300] {dag.py:3096} INFO - Sync 1 DAGs
[2024-04-26T21:51:03.943-0300] {logging_mixin.py:188} INFO - [2024-04-26T21:51:03.943-0300] {dag.py:3954} INFO - Setting next_dagrun for example_params_trigger_ui to None, run_after=None
[2024-04-26T21:51:03.977-0300] {processor.py:183} INFO - Processing /home/athlon/projects/airflow/.venv/lib/python3.11/site-packages/airflow/example_dags/example_params_trigger_ui.py took 0.157 seconds
[2024-04-26T21:52:00.051-0300] {processor.py:161} INFO - Started process (PID=20502) to work on /home/athlon/projects/airflow/.venv/lib/python3.11/site-packages/airflow/example_dags/example_params_trigger_ui.py
[2024-04-26T21:52:00.053-0300] {processor.py:830} INFO - Processing file /home/athlon/projects/airflow/.venv/lib/python3.11/site-packages/airflow/example_dags/example_params_trigger_ui.py for tasks to queue
[2024-04-26T21:52:00.056-0300] {logging_mixin.py:188} INFO - [2024-04-26T21:52:00.055-0300] {dagbag.py:540} INFO - Filling up the DagBag from /home/athlon/projects/airflow/.venv/lib/python3.11/site-packages/airflow/example_dags/example_params_trigger_ui.py
[2024-04-26T21:52:00.085-0300] {processor.py:840} INFO - DAG(s) 'example_params_trigger_ui' retrieved from /home/athlon/projects/airflow/.venv/lib/python3.11/site-packages/airflow/example_dags/example_params_trigger_ui.py
[2024-04-26T21:52:00.148-0300] {logging_mixin.py:188} INFO - [2024-04-26T21:52:00.147-0300] {dag.py:3096} INFO - Sync 1 DAGs
[2024-04-26T21:52:00.165-0300] {logging_mixin.py:188} INFO - [2024-04-26T21:52:00.164-0300] {dag.py:3954} INFO - Setting next_dagrun for example_params_trigger_ui to None, run_after=None
[2024-04-26T21:52:00.196-0300] {processor.py:183} INFO - Processing /home/athlon/projects/airflow/.venv/lib/python3.11/site-packages/airflow/example_dags/example_params_trigger_ui.py took 0.153 seconds
[2024-04-26T21:52:57.272-0300] {processor.py:161} INFO - Started process (PID=20679) to work on /home/athlon/projects/airflow/.venv/lib/python3.11/site-packages/airflow/example_dags/example_params_trigger_ui.py
[2024-04-26T21:52:57.277-0300] {processor.py:830} INFO - Processing file /home/athlon/projects/airflow/.venv/lib/python3.11/site-packages/airflow/example_dags/example_params_trigger_ui.py for tasks to queue
[2024-04-26T21:52:57.280-0300] {logging_mixin.py:188} INFO - [2024-04-26T21:52:57.279-0300] {dagbag.py:540} INFO - Filling up the DagBag from /home/athlon/projects/airflow/.venv/lib/python3.11/site-packages/airflow/example_dags/example_params_trigger_ui.py
[2024-04-26T21:52:57.303-0300] {processor.py:840} INFO - DAG(s) 'example_params_trigger_ui' retrieved from /home/athlon/projects/airflow/.venv/lib/python3.11/site-packages/airflow/example_dags/example_params_trigger_ui.py
[2024-04-26T21:52:57.365-0300] {logging_mixin.py:188} INFO - [2024-04-26T21:52:57.365-0300] {dag.py:3096} INFO - Sync 1 DAGs
[2024-04-26T21:52:57.383-0300] {logging_mixin.py:188} INFO - [2024-04-26T21:52:57.383-0300] {dag.py:3954} INFO - Setting next_dagrun for example_params_trigger_ui to None, run_after=None
[2024-04-26T21:52:57.414-0300] {processor.py:183} INFO - Processing /home/athlon/projects/airflow/.venv/lib/python3.11/site-packages/airflow/example_dags/example_params_trigger_ui.py took 0.151 seconds
[2024-04-26T21:53:55.161-0300] {processor.py:161} INFO - Started process (PID=20739) to work on /home/athlon/projects/airflow/.venv/lib/python3.11/site-packages/airflow/example_dags/example_params_trigger_ui.py
[2024-04-26T21:53:55.166-0300] {processor.py:830} INFO - Processing file /home/athlon/projects/airflow/.venv/lib/python3.11/site-packages/airflow/example_dags/example_params_trigger_ui.py for tasks to queue
[2024-04-26T21:53:55.170-0300] {logging_mixin.py:188} INFO - [2024-04-26T21:53:55.169-0300] {dagbag.py:540} INFO - Filling up the DagBag from /home/athlon/projects/airflow/.venv/lib/python3.11/site-packages/airflow/example_dags/example_params_trigger_ui.py
[2024-04-26T21:53:55.195-0300] {processor.py:840} INFO - DAG(s) 'example_params_trigger_ui' retrieved from /home/athlon/projects/airflow/.venv/lib/python3.11/site-packages/airflow/example_dags/example_params_trigger_ui.py
[2024-04-26T21:53:55.254-0300] {logging_mixin.py:188} INFO - [2024-04-26T21:53:55.253-0300] {dag.py:3096} INFO - Sync 1 DAGs
[2024-04-26T21:53:55.271-0300] {logging_mixin.py:188} INFO - [2024-04-26T21:53:55.270-0300] {dag.py:3954} INFO - Setting next_dagrun for example_params_trigger_ui to None, run_after=None
[2024-04-26T21:53:55.304-0300] {processor.py:183} INFO - Processing /home/athlon/projects/airflow/.venv/lib/python3.11/site-packages/airflow/example_dags/example_params_trigger_ui.py took 0.155 seconds
[2024-04-26T21:55:05.343-0300] {processor.py:161} INFO - Started process (PID=21316) to work on /home/athlon/projects/airflow/.venv/lib/python3.11/site-packages/airflow/example_dags/example_params_trigger_ui.py
[2024-04-26T21:55:05.348-0300] {processor.py:830} INFO - Processing file /home/athlon/projects/airflow/.venv/lib/python3.11/site-packages/airflow/example_dags/example_params_trigger_ui.py for tasks to queue
[2024-04-26T21:55:05.353-0300] {logging_mixin.py:188} INFO - [2024-04-26T21:55:05.352-0300] {dagbag.py:540} INFO - Filling up the DagBag from /home/athlon/projects/airflow/.venv/lib/python3.11/site-packages/airflow/example_dags/example_params_trigger_ui.py
[2024-04-26T21:55:05.409-0300] {processor.py:840} INFO - DAG(s) 'example_params_trigger_ui' retrieved from /home/athlon/projects/airflow/.venv/lib/python3.11/site-packages/airflow/example_dags/example_params_trigger_ui.py
[2024-04-26T21:55:05.538-0300] {logging_mixin.py:188} INFO - [2024-04-26T21:55:05.538-0300] {dag.py:3096} INFO - Sync 1 DAGs
[2024-04-26T21:55:05.584-0300] {logging_mixin.py:188} INFO - [2024-04-26T21:55:05.584-0300] {dag.py:3954} INFO - Setting next_dagrun for example_params_trigger_ui to None, run_after=None
[2024-04-26T21:55:05.640-0300] {processor.py:183} INFO - Processing /home/athlon/projects/airflow/.venv/lib/python3.11/site-packages/airflow/example_dags/example_params_trigger_ui.py took 0.311 seconds
[2024-04-26T21:56:18.824-0300] {processor.py:161} INFO - Started process (PID=21593) to work on /home/athlon/projects/airflow/.venv/lib/python3.11/site-packages/airflow/example_dags/example_params_trigger_ui.py
[2024-04-26T21:56:18.830-0300] {processor.py:830} INFO - Processing file /home/athlon/projects/airflow/.venv/lib/python3.11/site-packages/airflow/example_dags/example_params_trigger_ui.py for tasks to queue
[2024-04-26T21:56:18.833-0300] {logging_mixin.py:188} INFO - [2024-04-26T21:56:18.832-0300] {dagbag.py:540} INFO - Filling up the DagBag from /home/athlon/projects/airflow/.venv/lib/python3.11/site-packages/airflow/example_dags/example_params_trigger_ui.py
[2024-04-26T21:56:18.859-0300] {processor.py:840} INFO - DAG(s) 'example_params_trigger_ui' retrieved from /home/athlon/projects/airflow/.venv/lib/python3.11/site-packages/airflow/example_dags/example_params_trigger_ui.py
[2024-04-26T21:56:18.918-0300] {logging_mixin.py:188} INFO - [2024-04-26T21:56:18.918-0300] {dag.py:3096} INFO - Sync 1 DAGs
[2024-04-26T21:56:18.935-0300] {logging_mixin.py:188} INFO - [2024-04-26T21:56:18.935-0300] {dag.py:3954} INFO - Setting next_dagrun for example_params_trigger_ui to None, run_after=None
[2024-04-26T21:56:18.971-0300] {processor.py:183} INFO - Processing /home/athlon/projects/airflow/.venv/lib/python3.11/site-packages/airflow/example_dags/example_params_trigger_ui.py took 0.159 seconds
[2024-04-26T21:57:18.926-0300] {processor.py:161} INFO - Started process (PID=21840) to work on /home/athlon/projects/airflow/.venv/lib/python3.11/site-packages/airflow/example_dags/example_params_trigger_ui.py
[2024-04-26T21:57:18.932-0300] {processor.py:830} INFO - Processing file /home/athlon/projects/airflow/.venv/lib/python3.11/site-packages/airflow/example_dags/example_params_trigger_ui.py for tasks to queue
[2024-04-26T21:57:18.935-0300] {logging_mixin.py:188} INFO - [2024-04-26T21:57:18.934-0300] {dagbag.py:540} INFO - Filling up the DagBag from /home/athlon/projects/airflow/.venv/lib/python3.11/site-packages/airflow/example_dags/example_params_trigger_ui.py
[2024-04-26T21:57:18.969-0300] {processor.py:840} INFO - DAG(s) 'example_params_trigger_ui' retrieved from /home/athlon/projects/airflow/.venv/lib/python3.11/site-packages/airflow/example_dags/example_params_trigger_ui.py
[2024-04-26T21:57:19.028-0300] {logging_mixin.py:188} INFO - [2024-04-26T21:57:19.028-0300] {dag.py:3096} INFO - Sync 1 DAGs
[2024-04-26T21:57:19.045-0300] {logging_mixin.py:188} INFO - [2024-04-26T21:57:19.045-0300] {dag.py:3954} INFO - Setting next_dagrun for example_params_trigger_ui to None, run_after=None
[2024-04-26T21:57:19.079-0300] {processor.py:183} INFO - Processing /home/athlon/projects/airflow/.venv/lib/python3.11/site-packages/airflow/example_dags/example_params_trigger_ui.py took 0.164 seconds
[2024-04-26T21:58:17.809-0300] {processor.py:161} INFO - Started process (PID=21980) to work on /home/athlon/projects/airflow/.venv/lib/python3.11/site-packages/airflow/example_dags/example_params_trigger_ui.py
[2024-04-26T21:58:17.815-0300] {processor.py:830} INFO - Processing file /home/athlon/projects/airflow/.venv/lib/python3.11/site-packages/airflow/example_dags/example_params_trigger_ui.py for tasks to queue
[2024-04-26T21:58:17.818-0300] {logging_mixin.py:188} INFO - [2024-04-26T21:58:17.818-0300] {dagbag.py:540} INFO - Filling up the DagBag from /home/athlon/projects/airflow/.venv/lib/python3.11/site-packages/airflow/example_dags/example_params_trigger_ui.py
[2024-04-26T21:58:17.844-0300] {processor.py:840} INFO - DAG(s) 'example_params_trigger_ui' retrieved from /home/athlon/projects/airflow/.venv/lib/python3.11/site-packages/airflow/example_dags/example_params_trigger_ui.py
[2024-04-26T21:58:17.904-0300] {logging_mixin.py:188} INFO - [2024-04-26T21:58:17.903-0300] {dag.py:3096} INFO - Sync 1 DAGs
[2024-04-26T21:58:17.923-0300] {logging_mixin.py:188} INFO - [2024-04-26T21:58:17.922-0300] {dag.py:3954} INFO - Setting next_dagrun for example_params_trigger_ui to None, run_after=None
[2024-04-26T21:58:17.965-0300] {processor.py:183} INFO - Processing /home/athlon/projects/airflow/.venv/lib/python3.11/site-packages/airflow/example_dags/example_params_trigger_ui.py took 0.167 seconds
[2024-04-26T21:59:14.797-0300] {processor.py:161} INFO - Started process (PID=22124) to work on /home/athlon/projects/airflow/.venv/lib/python3.11/site-packages/airflow/example_dags/example_params_trigger_ui.py
[2024-04-26T21:59:14.803-0300] {processor.py:830} INFO - Processing file /home/athlon/projects/airflow/.venv/lib/python3.11/site-packages/airflow/example_dags/example_params_trigger_ui.py for tasks to queue
[2024-04-26T21:59:14.806-0300] {logging_mixin.py:188} INFO - [2024-04-26T21:59:14.805-0300] {dagbag.py:540} INFO - Filling up the DagBag from /home/athlon/projects/airflow/.venv/lib/python3.11/site-packages/airflow/example_dags/example_params_trigger_ui.py
[2024-04-26T21:59:14.834-0300] {processor.py:840} INFO - DAG(s) 'example_params_trigger_ui' retrieved from /home/athlon/projects/airflow/.venv/lib/python3.11/site-packages/airflow/example_dags/example_params_trigger_ui.py
[2024-04-26T21:59:14.909-0300] {logging_mixin.py:188} INFO - [2024-04-26T21:59:14.909-0300] {dag.py:3096} INFO - Sync 1 DAGs
[2024-04-26T21:59:14.933-0300] {logging_mixin.py:188} INFO - [2024-04-26T21:59:14.932-0300] {dag.py:3954} INFO - Setting next_dagrun for example_params_trigger_ui to None, run_after=None
[2024-04-26T21:59:14.971-0300] {processor.py:183} INFO - Processing /home/athlon/projects/airflow/.venv/lib/python3.11/site-packages/airflow/example_dags/example_params_trigger_ui.py took 0.186 seconds
[2024-04-26T22:00:12.708-0300] {processor.py:161} INFO - Started process (PID=22278) to work on /home/athlon/projects/airflow/.venv/lib/python3.11/site-packages/airflow/example_dags/example_params_trigger_ui.py
[2024-04-26T22:00:12.711-0300] {processor.py:830} INFO - Processing file /home/athlon/projects/airflow/.venv/lib/python3.11/site-packages/airflow/example_dags/example_params_trigger_ui.py for tasks to queue
[2024-04-26T22:00:12.715-0300] {logging_mixin.py:188} INFO - [2024-04-26T22:00:12.714-0300] {dagbag.py:540} INFO - Filling up the DagBag from /home/athlon/projects/airflow/.venv/lib/python3.11/site-packages/airflow/example_dags/example_params_trigger_ui.py
[2024-04-26T22:00:12.750-0300] {processor.py:840} INFO - DAG(s) 'example_params_trigger_ui' retrieved from /home/athlon/projects/airflow/.venv/lib/python3.11/site-packages/airflow/example_dags/example_params_trigger_ui.py
[2024-04-26T22:00:12.851-0300] {logging_mixin.py:188} INFO - [2024-04-26T22:00:12.851-0300] {dag.py:3096} INFO - Sync 1 DAGs
[2024-04-26T22:00:12.880-0300] {logging_mixin.py:188} INFO - [2024-04-26T22:00:12.880-0300] {dag.py:3954} INFO - Setting next_dagrun for example_params_trigger_ui to None, run_after=None
[2024-04-26T22:00:12.940-0300] {processor.py:183} INFO - Processing /home/athlon/projects/airflow/.venv/lib/python3.11/site-packages/airflow/example_dags/example_params_trigger_ui.py took 0.246 seconds
[2024-04-26T22:01:16.140-0300] {processor.py:161} INFO - Started process (PID=22348) to work on /home/athlon/projects/airflow/.venv/lib/python3.11/site-packages/airflow/example_dags/example_params_trigger_ui.py
[2024-04-26T22:01:16.141-0300] {processor.py:830} INFO - Processing file /home/athlon/projects/airflow/.venv/lib/python3.11/site-packages/airflow/example_dags/example_params_trigger_ui.py for tasks to queue
[2024-04-26T22:01:16.144-0300] {logging_mixin.py:188} INFO - [2024-04-26T22:01:16.143-0300] {dagbag.py:540} INFO - Filling up the DagBag from /home/athlon/projects/airflow/.venv/lib/python3.11/site-packages/airflow/example_dags/example_params_trigger_ui.py
[2024-04-26T22:01:16.166-0300] {processor.py:840} INFO - DAG(s) 'example_params_trigger_ui' retrieved from /home/athlon/projects/airflow/.venv/lib/python3.11/site-packages/airflow/example_dags/example_params_trigger_ui.py
[2024-04-26T22:01:16.231-0300] {logging_mixin.py:188} INFO - [2024-04-26T22:01:16.230-0300] {dag.py:3096} INFO - Sync 1 DAGs
[2024-04-26T22:01:16.249-0300] {logging_mixin.py:188} INFO - [2024-04-26T22:01:16.249-0300] {dag.py:3954} INFO - Setting next_dagrun for example_params_trigger_ui to None, run_after=None
[2024-04-26T22:01:16.284-0300] {processor.py:183} INFO - Processing /home/athlon/projects/airflow/.venv/lib/python3.11/site-packages/airflow/example_dags/example_params_trigger_ui.py took 0.154 seconds
[2024-04-26T22:02:16.330-0300] {processor.py:161} INFO - Started process (PID=22416) to work on /home/athlon/projects/airflow/.venv/lib/python3.11/site-packages/airflow/example_dags/example_params_trigger_ui.py
[2024-04-26T22:02:16.331-0300] {processor.py:830} INFO - Processing file /home/athlon/projects/airflow/.venv/lib/python3.11/site-packages/airflow/example_dags/example_params_trigger_ui.py for tasks to queue
[2024-04-26T22:02:16.335-0300] {logging_mixin.py:188} INFO - [2024-04-26T22:02:16.334-0300] {dagbag.py:540} INFO - Filling up the DagBag from /home/athlon/projects/airflow/.venv/lib/python3.11/site-packages/airflow/example_dags/example_params_trigger_ui.py
[2024-04-26T22:02:16.360-0300] {processor.py:840} INFO - DAG(s) 'example_params_trigger_ui' retrieved from /home/athlon/projects/airflow/.venv/lib/python3.11/site-packages/airflow/example_dags/example_params_trigger_ui.py
[2024-04-26T22:02:16.419-0300] {logging_mixin.py:188} INFO - [2024-04-26T22:02:16.418-0300] {dag.py:3096} INFO - Sync 1 DAGs
[2024-04-26T22:02:16.436-0300] {logging_mixin.py:188} INFO - [2024-04-26T22:02:16.436-0300] {dag.py:3954} INFO - Setting next_dagrun for example_params_trigger_ui to None, run_after=None
[2024-04-26T22:02:16.469-0300] {processor.py:183} INFO - Processing /home/athlon/projects/airflow/.venv/lib/python3.11/site-packages/airflow/example_dags/example_params_trigger_ui.py took 0.151 seconds
[2024-04-26T22:03:23.049-0300] {processor.py:161} INFO - Started process (PID=22494) to work on /home/athlon/projects/airflow/.venv/lib/python3.11/site-packages/airflow/example_dags/example_params_trigger_ui.py
[2024-04-26T22:03:23.055-0300] {processor.py:830} INFO - Processing file /home/athlon/projects/airflow/.venv/lib/python3.11/site-packages/airflow/example_dags/example_params_trigger_ui.py for tasks to queue
[2024-04-26T22:03:23.058-0300] {logging_mixin.py:188} INFO - [2024-04-26T22:03:23.057-0300] {dagbag.py:540} INFO - Filling up the DagBag from /home/athlon/projects/airflow/.venv/lib/python3.11/site-packages/airflow/example_dags/example_params_trigger_ui.py
[2024-04-26T22:03:23.085-0300] {processor.py:840} INFO - DAG(s) 'example_params_trigger_ui' retrieved from /home/athlon/projects/airflow/.venv/lib/python3.11/site-packages/airflow/example_dags/example_params_trigger_ui.py
[2024-04-26T22:03:23.146-0300] {logging_mixin.py:188} INFO - [2024-04-26T22:03:23.146-0300] {dag.py:3096} INFO - Sync 1 DAGs
[2024-04-26T22:03:23.164-0300] {logging_mixin.py:188} INFO - [2024-04-26T22:03:23.164-0300] {dag.py:3954} INFO - Setting next_dagrun for example_params_trigger_ui to None, run_after=None
[2024-04-26T22:03:23.199-0300] {processor.py:183} INFO - Processing /home/athlon/projects/airflow/.venv/lib/python3.11/site-packages/airflow/example_dags/example_params_trigger_ui.py took 0.162 seconds
[2024-04-26T22:04:20.660-0300] {processor.py:161} INFO - Started process (PID=22629) to work on /home/athlon/projects/airflow/.venv/lib/python3.11/site-packages/airflow/example_dags/example_params_trigger_ui.py
[2024-04-26T22:04:20.662-0300] {processor.py:830} INFO - Processing file /home/athlon/projects/airflow/.venv/lib/python3.11/site-packages/airflow/example_dags/example_params_trigger_ui.py for tasks to queue
[2024-04-26T22:04:20.665-0300] {logging_mixin.py:188} INFO - [2024-04-26T22:04:20.664-0300] {dagbag.py:540} INFO - Filling up the DagBag from /home/athlon/projects/airflow/.venv/lib/python3.11/site-packages/airflow/example_dags/example_params_trigger_ui.py
[2024-04-26T22:04:20.688-0300] {processor.py:840} INFO - DAG(s) 'example_params_trigger_ui' retrieved from /home/athlon/projects/airflow/.venv/lib/python3.11/site-packages/airflow/example_dags/example_params_trigger_ui.py
[2024-04-26T22:04:20.747-0300] {logging_mixin.py:188} INFO - [2024-04-26T22:04:20.747-0300] {dag.py:3096} INFO - Sync 1 DAGs
[2024-04-26T22:04:20.765-0300] {logging_mixin.py:188} INFO - [2024-04-26T22:04:20.765-0300] {dag.py:3954} INFO - Setting next_dagrun for example_params_trigger_ui to None, run_after=None
[2024-04-26T22:04:20.801-0300] {processor.py:183} INFO - Processing /home/athlon/projects/airflow/.venv/lib/python3.11/site-packages/airflow/example_dags/example_params_trigger_ui.py took 0.152 seconds
[2024-04-26T22:05:16.317-0300] {processor.py:161} INFO - Started process (PID=22710) to work on /home/athlon/projects/airflow/.venv/lib/python3.11/site-packages/airflow/example_dags/example_params_trigger_ui.py
[2024-04-26T22:05:16.323-0300] {processor.py:830} INFO - Processing file /home/athlon/projects/airflow/.venv/lib/python3.11/site-packages/airflow/example_dags/example_params_trigger_ui.py for tasks to queue
[2024-04-26T22:05:16.326-0300] {logging_mixin.py:188} INFO - [2024-04-26T22:05:16.325-0300] {dagbag.py:540} INFO - Filling up the DagBag from /home/athlon/projects/airflow/.venv/lib/python3.11/site-packages/airflow/example_dags/example_params_trigger_ui.py
[2024-04-26T22:05:16.351-0300] {processor.py:840} INFO - DAG(s) 'example_params_trigger_ui' retrieved from /home/athlon/projects/airflow/.venv/lib/python3.11/site-packages/airflow/example_dags/example_params_trigger_ui.py
[2024-04-26T22:05:16.411-0300] {logging_mixin.py:188} INFO - [2024-04-26T22:05:16.410-0300] {dag.py:3096} INFO - Sync 1 DAGs
[2024-04-26T22:05:16.428-0300] {logging_mixin.py:188} INFO - [2024-04-26T22:05:16.428-0300] {dag.py:3954} INFO - Setting next_dagrun for example_params_trigger_ui to None, run_after=None
[2024-04-26T22:05:16.463-0300] {processor.py:183} INFO - Processing /home/athlon/projects/airflow/.venv/lib/python3.11/site-packages/airflow/example_dags/example_params_trigger_ui.py took 0.157 seconds
[2024-04-26T22:06:15.702-0300] {processor.py:161} INFO - Started process (PID=22779) to work on /home/athlon/projects/airflow/.venv/lib/python3.11/site-packages/airflow/example_dags/example_params_trigger_ui.py
[2024-04-26T22:06:15.708-0300] {processor.py:830} INFO - Processing file /home/athlon/projects/airflow/.venv/lib/python3.11/site-packages/airflow/example_dags/example_params_trigger_ui.py for tasks to queue
[2024-04-26T22:06:15.711-0300] {logging_mixin.py:188} INFO - [2024-04-26T22:06:15.710-0300] {dagbag.py:540} INFO - Filling up the DagBag from /home/athlon/projects/airflow/.venv/lib/python3.11/site-packages/airflow/example_dags/example_params_trigger_ui.py
[2024-04-26T22:06:15.737-0300] {processor.py:840} INFO - DAG(s) 'example_params_trigger_ui' retrieved from /home/athlon/projects/airflow/.venv/lib/python3.11/site-packages/airflow/example_dags/example_params_trigger_ui.py
[2024-04-26T22:06:15.797-0300] {logging_mixin.py:188} INFO - [2024-04-26T22:06:15.796-0300] {dag.py:3096} INFO - Sync 1 DAGs
[2024-04-26T22:06:15.814-0300] {logging_mixin.py:188} INFO - [2024-04-26T22:06:15.814-0300] {dag.py:3954} INFO - Setting next_dagrun for example_params_trigger_ui to None, run_after=None
[2024-04-26T22:06:15.850-0300] {processor.py:183} INFO - Processing /home/athlon/projects/airflow/.venv/lib/python3.11/site-packages/airflow/example_dags/example_params_trigger_ui.py took 0.159 seconds
[2024-04-26T22:07:16.734-0300] {processor.py:161} INFO - Started process (PID=22847) to work on /home/athlon/projects/airflow/.venv/lib/python3.11/site-packages/airflow/example_dags/example_params_trigger_ui.py
[2024-04-26T22:07:16.740-0300] {processor.py:830} INFO - Processing file /home/athlon/projects/airflow/.venv/lib/python3.11/site-packages/airflow/example_dags/example_params_trigger_ui.py for tasks to queue
[2024-04-26T22:07:16.744-0300] {logging_mixin.py:188} INFO - [2024-04-26T22:07:16.743-0300] {dagbag.py:540} INFO - Filling up the DagBag from /home/athlon/projects/airflow/.venv/lib/python3.11/site-packages/airflow/example_dags/example_params_trigger_ui.py
[2024-04-26T22:07:16.771-0300] {processor.py:840} INFO - DAG(s) 'example_params_trigger_ui' retrieved from /home/athlon/projects/airflow/.venv/lib/python3.11/site-packages/airflow/example_dags/example_params_trigger_ui.py
[2024-04-26T22:07:16.830-0300] {logging_mixin.py:188} INFO - [2024-04-26T22:07:16.830-0300] {dag.py:3096} INFO - Sync 1 DAGs
[2024-04-26T22:07:16.847-0300] {logging_mixin.py:188} INFO - [2024-04-26T22:07:16.847-0300] {dag.py:3954} INFO - Setting next_dagrun for example_params_trigger_ui to None, run_after=None
[2024-04-26T22:07:16.881-0300] {processor.py:183} INFO - Processing /home/athlon/projects/airflow/.venv/lib/python3.11/site-packages/airflow/example_dags/example_params_trigger_ui.py took 0.158 seconds
[2024-04-26T22:08:21.042-0300] {processor.py:161} INFO - Started process (PID=22915) to work on /home/athlon/projects/airflow/.venv/lib/python3.11/site-packages/airflow/example_dags/example_params_trigger_ui.py
[2024-04-26T22:08:21.047-0300] {processor.py:830} INFO - Processing file /home/athlon/projects/airflow/.venv/lib/python3.11/site-packages/airflow/example_dags/example_params_trigger_ui.py for tasks to queue
[2024-04-26T22:08:21.050-0300] {logging_mixin.py:188} INFO - [2024-04-26T22:08:21.050-0300] {dagbag.py:540} INFO - Filling up the DagBag from /home/athlon/projects/airflow/.venv/lib/python3.11/site-packages/airflow/example_dags/example_params_trigger_ui.py
[2024-04-26T22:08:21.076-0300] {processor.py:840} INFO - DAG(s) 'example_params_trigger_ui' retrieved from /home/athlon/projects/airflow/.venv/lib/python3.11/site-packages/airflow/example_dags/example_params_trigger_ui.py
[2024-04-26T22:08:21.138-0300] {logging_mixin.py:188} INFO - [2024-04-26T22:08:21.138-0300] {dag.py:3096} INFO - Sync 1 DAGs
[2024-04-26T22:08:21.155-0300] {logging_mixin.py:188} INFO - [2024-04-26T22:08:21.155-0300] {dag.py:3954} INFO - Setting next_dagrun for example_params_trigger_ui to None, run_after=None
[2024-04-26T22:08:21.190-0300] {processor.py:183} INFO - Processing /home/athlon/projects/airflow/.venv/lib/python3.11/site-packages/airflow/example_dags/example_params_trigger_ui.py took 0.159 seconds
[2024-04-26T22:09:18.404-0300] {processor.py:161} INFO - Started process (PID=23014) to work on /home/athlon/projects/airflow/.venv/lib/python3.11/site-packages/airflow/example_dags/example_params_trigger_ui.py
[2024-04-26T22:09:18.410-0300] {processor.py:830} INFO - Processing file /home/athlon/projects/airflow/.venv/lib/python3.11/site-packages/airflow/example_dags/example_params_trigger_ui.py for tasks to queue
[2024-04-26T22:09:18.413-0300] {logging_mixin.py:188} INFO - [2024-04-26T22:09:18.413-0300] {dagbag.py:540} INFO - Filling up the DagBag from /home/athlon/projects/airflow/.venv/lib/python3.11/site-packages/airflow/example_dags/example_params_trigger_ui.py
[2024-04-26T22:09:18.450-0300] {processor.py:840} INFO - DAG(s) 'example_params_trigger_ui' retrieved from /home/athlon/projects/airflow/.venv/lib/python3.11/site-packages/airflow/example_dags/example_params_trigger_ui.py
[2024-04-26T22:09:18.511-0300] {logging_mixin.py:188} INFO - [2024-04-26T22:09:18.511-0300] {dag.py:3096} INFO - Sync 1 DAGs
[2024-04-26T22:09:18.530-0300] {logging_mixin.py:188} INFO - [2024-04-26T22:09:18.530-0300] {dag.py:3954} INFO - Setting next_dagrun for example_params_trigger_ui to None, run_after=None
[2024-04-26T22:09:18.564-0300] {processor.py:183} INFO - Processing /home/athlon/projects/airflow/.venv/lib/python3.11/site-packages/airflow/example_dags/example_params_trigger_ui.py took 0.171 seconds
[2024-04-26T22:10:21.122-0300] {processor.py:161} INFO - Started process (PID=23085) to work on /home/athlon/projects/airflow/.venv/lib/python3.11/site-packages/airflow/example_dags/example_params_trigger_ui.py
[2024-04-26T22:10:21.128-0300] {processor.py:830} INFO - Processing file /home/athlon/projects/airflow/.venv/lib/python3.11/site-packages/airflow/example_dags/example_params_trigger_ui.py for tasks to queue
[2024-04-26T22:10:21.131-0300] {logging_mixin.py:188} INFO - [2024-04-26T22:10:21.130-0300] {dagbag.py:540} INFO - Filling up the DagBag from /home/athlon/projects/airflow/.venv/lib/python3.11/site-packages/airflow/example_dags/example_params_trigger_ui.py
[2024-04-26T22:10:21.156-0300] {processor.py:840} INFO - DAG(s) 'example_params_trigger_ui' retrieved from /home/athlon/projects/airflow/.venv/lib/python3.11/site-packages/airflow/example_dags/example_params_trigger_ui.py
[2024-04-26T22:10:21.215-0300] {logging_mixin.py:188} INFO - [2024-04-26T22:10:21.215-0300] {dag.py:3096} INFO - Sync 1 DAGs
[2024-04-26T22:10:21.233-0300] {logging_mixin.py:188} INFO - [2024-04-26T22:10:21.233-0300] {dag.py:3954} INFO - Setting next_dagrun for example_params_trigger_ui to None, run_after=None
[2024-04-26T22:10:21.268-0300] {processor.py:183} INFO - Processing /home/athlon/projects/airflow/.venv/lib/python3.11/site-packages/airflow/example_dags/example_params_trigger_ui.py took 0.158 seconds
[2024-04-26T22:11:22.156-0300] {processor.py:161} INFO - Started process (PID=23151) to work on /home/athlon/projects/airflow/.venv/lib/python3.11/site-packages/airflow/example_dags/example_params_trigger_ui.py
[2024-04-26T22:11:22.162-0300] {processor.py:830} INFO - Processing file /home/athlon/projects/airflow/.venv/lib/python3.11/site-packages/airflow/example_dags/example_params_trigger_ui.py for tasks to queue
[2024-04-26T22:11:22.165-0300] {logging_mixin.py:188} INFO - [2024-04-26T22:11:22.165-0300] {dagbag.py:540} INFO - Filling up the DagBag from /home/athlon/projects/airflow/.venv/lib/python3.11/site-packages/airflow/example_dags/example_params_trigger_ui.py
[2024-04-26T22:11:22.191-0300] {processor.py:840} INFO - DAG(s) 'example_params_trigger_ui' retrieved from /home/athlon/projects/airflow/.venv/lib/python3.11/site-packages/airflow/example_dags/example_params_trigger_ui.py
[2024-04-26T22:11:22.250-0300] {logging_mixin.py:188} INFO - [2024-04-26T22:11:22.250-0300] {dag.py:3096} INFO - Sync 1 DAGs
[2024-04-26T22:11:22.267-0300] {logging_mixin.py:188} INFO - [2024-04-26T22:11:22.267-0300] {dag.py:3954} INFO - Setting next_dagrun for example_params_trigger_ui to None, run_after=None
[2024-04-26T22:11:22.302-0300] {processor.py:183} INFO - Processing /home/athlon/projects/airflow/.venv/lib/python3.11/site-packages/airflow/example_dags/example_params_trigger_ui.py took 0.157 seconds
[2024-04-26T22:12:24.143-0300] {processor.py:161} INFO - Started process (PID=23234) to work on /home/athlon/projects/airflow/.venv/lib/python3.11/site-packages/airflow/example_dags/example_params_trigger_ui.py
[2024-04-26T22:12:24.149-0300] {processor.py:830} INFO - Processing file /home/athlon/projects/airflow/.venv/lib/python3.11/site-packages/airflow/example_dags/example_params_trigger_ui.py for tasks to queue
[2024-04-26T22:12:24.151-0300] {logging_mixin.py:188} INFO - [2024-04-26T22:12:24.151-0300] {dagbag.py:540} INFO - Filling up the DagBag from /home/athlon/projects/airflow/.venv/lib/python3.11/site-packages/airflow/example_dags/example_params_trigger_ui.py
[2024-04-26T22:12:24.176-0300] {processor.py:840} INFO - DAG(s) 'example_params_trigger_ui' retrieved from /home/athlon/projects/airflow/.venv/lib/python3.11/site-packages/airflow/example_dags/example_params_trigger_ui.py
[2024-04-26T22:12:24.236-0300] {logging_mixin.py:188} INFO - [2024-04-26T22:12:24.236-0300] {dag.py:3096} INFO - Sync 1 DAGs
[2024-04-26T22:12:24.254-0300] {logging_mixin.py:188} INFO - [2024-04-26T22:12:24.253-0300] {dag.py:3954} INFO - Setting next_dagrun for example_params_trigger_ui to None, run_after=None
[2024-04-26T22:12:24.289-0300] {processor.py:183} INFO - Processing /home/athlon/projects/airflow/.venv/lib/python3.11/site-packages/airflow/example_dags/example_params_trigger_ui.py took 0.157 seconds
[2024-04-26T22:13:24.838-0300] {processor.py:161} INFO - Started process (PID=23307) to work on /home/athlon/projects/airflow/.venv/lib/python3.11/site-packages/airflow/example_dags/example_params_trigger_ui.py
[2024-04-26T22:13:24.844-0300] {processor.py:830} INFO - Processing file /home/athlon/projects/airflow/.venv/lib/python3.11/site-packages/airflow/example_dags/example_params_trigger_ui.py for tasks to queue
[2024-04-26T22:13:24.847-0300] {logging_mixin.py:188} INFO - [2024-04-26T22:13:24.846-0300] {dagbag.py:540} INFO - Filling up the DagBag from /home/athlon/projects/airflow/.venv/lib/python3.11/site-packages/airflow/example_dags/example_params_trigger_ui.py
[2024-04-26T22:13:24.873-0300] {processor.py:840} INFO - DAG(s) 'example_params_trigger_ui' retrieved from /home/athlon/projects/airflow/.venv/lib/python3.11/site-packages/airflow/example_dags/example_params_trigger_ui.py
[2024-04-26T22:13:24.933-0300] {logging_mixin.py:188} INFO - [2024-04-26T22:13:24.932-0300] {dag.py:3096} INFO - Sync 1 DAGs
[2024-04-26T22:13:24.950-0300] {logging_mixin.py:188} INFO - [2024-04-26T22:13:24.950-0300] {dag.py:3954} INFO - Setting next_dagrun for example_params_trigger_ui to None, run_after=None
[2024-04-26T22:13:24.985-0300] {processor.py:183} INFO - Processing /home/athlon/projects/airflow/.venv/lib/python3.11/site-packages/airflow/example_dags/example_params_trigger_ui.py took 0.159 seconds
[2024-04-26T22:14:23.285-0300] {processor.py:161} INFO - Started process (PID=23417) to work on /home/athlon/projects/airflow/.venv/lib/python3.11/site-packages/airflow/example_dags/example_params_trigger_ui.py
[2024-04-26T22:14:23.292-0300] {processor.py:830} INFO - Processing file /home/athlon/projects/airflow/.venv/lib/python3.11/site-packages/airflow/example_dags/example_params_trigger_ui.py for tasks to queue
[2024-04-26T22:14:23.296-0300] {logging_mixin.py:188} INFO - [2024-04-26T22:14:23.295-0300] {dagbag.py:540} INFO - Filling up the DagBag from /home/athlon/projects/airflow/.venv/lib/python3.11/site-packages/airflow/example_dags/example_params_trigger_ui.py
[2024-04-26T22:14:23.324-0300] {processor.py:840} INFO - DAG(s) 'example_params_trigger_ui' retrieved from /home/athlon/projects/airflow/.venv/lib/python3.11/site-packages/airflow/example_dags/example_params_trigger_ui.py
[2024-04-26T22:14:23.392-0300] {logging_mixin.py:188} INFO - [2024-04-26T22:14:23.392-0300] {dag.py:3096} INFO - Sync 1 DAGs
[2024-04-26T22:14:23.411-0300] {logging_mixin.py:188} INFO - [2024-04-26T22:14:23.411-0300] {dag.py:3954} INFO - Setting next_dagrun for example_params_trigger_ui to None, run_after=None
[2024-04-26T22:14:23.447-0300] {processor.py:183} INFO - Processing /home/athlon/projects/airflow/.venv/lib/python3.11/site-packages/airflow/example_dags/example_params_trigger_ui.py took 0.177 seconds
[2024-04-26T22:15:29.144-0300] {processor.py:161} INFO - Started process (PID=23524) to work on /home/athlon/projects/airflow/.venv/lib/python3.11/site-packages/airflow/example_dags/example_params_trigger_ui.py
[2024-04-26T22:15:29.150-0300] {processor.py:830} INFO - Processing file /home/athlon/projects/airflow/.venv/lib/python3.11/site-packages/airflow/example_dags/example_params_trigger_ui.py for tasks to queue
[2024-04-26T22:15:29.152-0300] {logging_mixin.py:188} INFO - [2024-04-26T22:15:29.152-0300] {dagbag.py:540} INFO - Filling up the DagBag from /home/athlon/projects/airflow/.venv/lib/python3.11/site-packages/airflow/example_dags/example_params_trigger_ui.py
[2024-04-26T22:15:29.174-0300] {processor.py:840} INFO - DAG(s) 'example_params_trigger_ui' retrieved from /home/athlon/projects/airflow/.venv/lib/python3.11/site-packages/airflow/example_dags/example_params_trigger_ui.py
[2024-04-26T22:15:29.234-0300] {logging_mixin.py:188} INFO - [2024-04-26T22:15:29.234-0300] {dag.py:3096} INFO - Sync 1 DAGs
[2024-04-26T22:15:29.253-0300] {logging_mixin.py:188} INFO - [2024-04-26T22:15:29.253-0300] {dag.py:3954} INFO - Setting next_dagrun for example_params_trigger_ui to None, run_after=None
[2024-04-26T22:15:29.287-0300] {processor.py:183} INFO - Processing /home/athlon/projects/airflow/.venv/lib/python3.11/site-packages/airflow/example_dags/example_params_trigger_ui.py took 0.152 seconds
[2024-04-26T22:16:34.236-0300] {processor.py:161} INFO - Started process (PID=23665) to work on /home/athlon/projects/airflow/.venv/lib/python3.11/site-packages/airflow/example_dags/example_params_trigger_ui.py
[2024-04-26T22:16:34.240-0300] {processor.py:830} INFO - Processing file /home/athlon/projects/airflow/.venv/lib/python3.11/site-packages/airflow/example_dags/example_params_trigger_ui.py for tasks to queue
[2024-04-26T22:16:34.244-0300] {logging_mixin.py:188} INFO - [2024-04-26T22:16:34.243-0300] {dagbag.py:540} INFO - Filling up the DagBag from /home/athlon/projects/airflow/.venv/lib/python3.11/site-packages/airflow/example_dags/example_params_trigger_ui.py
[2024-04-26T22:16:34.283-0300] {processor.py:840} INFO - DAG(s) 'example_params_trigger_ui' retrieved from /home/athlon/projects/airflow/.venv/lib/python3.11/site-packages/airflow/example_dags/example_params_trigger_ui.py
[2024-04-26T22:16:34.383-0300] {logging_mixin.py:188} INFO - [2024-04-26T22:16:34.382-0300] {dag.py:3096} INFO - Sync 1 DAGs
[2024-04-26T22:16:34.413-0300] {logging_mixin.py:188} INFO - [2024-04-26T22:16:34.412-0300] {dag.py:3954} INFO - Setting next_dagrun for example_params_trigger_ui to None, run_after=None
[2024-04-26T22:16:34.463-0300] {processor.py:183} INFO - Processing /home/athlon/projects/airflow/.venv/lib/python3.11/site-packages/airflow/example_dags/example_params_trigger_ui.py took 0.241 seconds
[2024-04-26T22:17:33.179-0300] {processor.py:161} INFO - Started process (PID=23729) to work on /home/athlon/projects/airflow/.venv/lib/python3.11/site-packages/airflow/example_dags/example_params_trigger_ui.py
[2024-04-26T22:17:33.185-0300] {processor.py:830} INFO - Processing file /home/athlon/projects/airflow/.venv/lib/python3.11/site-packages/airflow/example_dags/example_params_trigger_ui.py for tasks to queue
[2024-04-26T22:17:33.188-0300] {logging_mixin.py:188} INFO - [2024-04-26T22:17:33.187-0300] {dagbag.py:540} INFO - Filling up the DagBag from /home/athlon/projects/airflow/.venv/lib/python3.11/site-packages/airflow/example_dags/example_params_trigger_ui.py
[2024-04-26T22:17:33.215-0300] {processor.py:840} INFO - DAG(s) 'example_params_trigger_ui' retrieved from /home/athlon/projects/airflow/.venv/lib/python3.11/site-packages/airflow/example_dags/example_params_trigger_ui.py
[2024-04-26T22:17:33.275-0300] {logging_mixin.py:188} INFO - [2024-04-26T22:17:33.275-0300] {dag.py:3096} INFO - Sync 1 DAGs
[2024-04-26T22:17:33.293-0300] {logging_mixin.py:188} INFO - [2024-04-26T22:17:33.292-0300] {dag.py:3954} INFO - Setting next_dagrun for example_params_trigger_ui to None, run_after=None
[2024-04-26T22:17:33.327-0300] {processor.py:183} INFO - Processing /home/athlon/projects/airflow/.venv/lib/python3.11/site-packages/airflow/example_dags/example_params_trigger_ui.py took 0.160 seconds
[2024-04-26T22:18:33.563-0300] {processor.py:161} INFO - Started process (PID=23784) to work on /home/athlon/projects/airflow/.venv/lib/python3.11/site-packages/airflow/example_dags/example_params_trigger_ui.py
[2024-04-26T22:18:33.565-0300] {processor.py:830} INFO - Processing file /home/athlon/projects/airflow/.venv/lib/python3.11/site-packages/airflow/example_dags/example_params_trigger_ui.py for tasks to queue
[2024-04-26T22:18:33.568-0300] {logging_mixin.py:188} INFO - [2024-04-26T22:18:33.567-0300] {dagbag.py:540} INFO - Filling up the DagBag from /home/athlon/projects/airflow/.venv/lib/python3.11/site-packages/airflow/example_dags/example_params_trigger_ui.py
[2024-04-26T22:18:33.594-0300] {processor.py:840} INFO - DAG(s) 'example_params_trigger_ui' retrieved from /home/athlon/projects/airflow/.venv/lib/python3.11/site-packages/airflow/example_dags/example_params_trigger_ui.py
[2024-04-26T22:18:33.654-0300] {logging_mixin.py:188} INFO - [2024-04-26T22:18:33.654-0300] {dag.py:3096} INFO - Sync 1 DAGs
[2024-04-26T22:18:33.672-0300] {logging_mixin.py:188} INFO - [2024-04-26T22:18:33.672-0300] {dag.py:3954} INFO - Setting next_dagrun for example_params_trigger_ui to None, run_after=None
[2024-04-26T22:18:33.706-0300] {processor.py:183} INFO - Processing /home/athlon/projects/airflow/.venv/lib/python3.11/site-packages/airflow/example_dags/example_params_trigger_ui.py took 0.155 seconds
[2024-04-26T22:19:31.593-0300] {processor.py:161} INFO - Started process (PID=23850) to work on /home/athlon/projects/airflow/.venv/lib/python3.11/site-packages/airflow/example_dags/example_params_trigger_ui.py
[2024-04-26T22:19:31.595-0300] {processor.py:830} INFO - Processing file /home/athlon/projects/airflow/.venv/lib/python3.11/site-packages/airflow/example_dags/example_params_trigger_ui.py for tasks to queue
[2024-04-26T22:19:31.598-0300] {logging_mixin.py:188} INFO - [2024-04-26T22:19:31.597-0300] {dagbag.py:540} INFO - Filling up the DagBag from /home/athlon/projects/airflow/.venv/lib/python3.11/site-packages/airflow/example_dags/example_params_trigger_ui.py
[2024-04-26T22:19:31.628-0300] {processor.py:840} INFO - DAG(s) 'example_params_trigger_ui' retrieved from /home/athlon/projects/airflow/.venv/lib/python3.11/site-packages/airflow/example_dags/example_params_trigger_ui.py
[2024-04-26T22:19:31.693-0300] {logging_mixin.py:188} INFO - [2024-04-26T22:19:31.692-0300] {dag.py:3096} INFO - Sync 1 DAGs
[2024-04-26T22:19:31.711-0300] {logging_mixin.py:188} INFO - [2024-04-26T22:19:31.711-0300] {dag.py:3954} INFO - Setting next_dagrun for example_params_trigger_ui to None, run_after=None
[2024-04-26T22:19:31.742-0300] {processor.py:183} INFO - Processing /home/athlon/projects/airflow/.venv/lib/python3.11/site-packages/airflow/example_dags/example_params_trigger_ui.py took 0.161 seconds
[2024-04-26T22:20:32.140-0300] {processor.py:161} INFO - Started process (PID=23924) to work on /home/athlon/projects/airflow/.venv/lib/python3.11/site-packages/airflow/example_dags/example_params_trigger_ui.py
[2024-04-26T22:20:32.142-0300] {processor.py:830} INFO - Processing file /home/athlon/projects/airflow/.venv/lib/python3.11/site-packages/airflow/example_dags/example_params_trigger_ui.py for tasks to queue
[2024-04-26T22:20:32.145-0300] {logging_mixin.py:188} INFO - [2024-04-26T22:20:32.144-0300] {dagbag.py:540} INFO - Filling up the DagBag from /home/athlon/projects/airflow/.venv/lib/python3.11/site-packages/airflow/example_dags/example_params_trigger_ui.py
[2024-04-26T22:20:32.172-0300] {processor.py:840} INFO - DAG(s) 'example_params_trigger_ui' retrieved from /home/athlon/projects/airflow/.venv/lib/python3.11/site-packages/airflow/example_dags/example_params_trigger_ui.py
[2024-04-26T22:20:32.232-0300] {logging_mixin.py:188} INFO - [2024-04-26T22:20:32.232-0300] {dag.py:3096} INFO - Sync 1 DAGs
[2024-04-26T22:20:32.250-0300] {logging_mixin.py:188} INFO - [2024-04-26T22:20:32.249-0300] {dag.py:3954} INFO - Setting next_dagrun for example_params_trigger_ui to None, run_after=None
[2024-04-26T22:20:32.283-0300] {processor.py:183} INFO - Processing /home/athlon/projects/airflow/.venv/lib/python3.11/site-packages/airflow/example_dags/example_params_trigger_ui.py took 0.155 seconds
