[2024-04-26T21:25:11.380-0300] {processor.py:161} INFO - Started process (PID=17712) to work on /home/athlon/projects/airflow/.venv/lib/python3.11/site-packages/airflow/example_dags/tutorial.py
[2024-04-26T21:25:11.381-0300] {processor.py:830} INFO - Processing file /home/athlon/projects/airflow/.venv/lib/python3.11/site-packages/airflow/example_dags/tutorial.py for tasks to queue
[2024-04-26T21:25:11.385-0300] {logging_mixin.py:188} INFO - [2024-04-26T21:25:11.384-0300] {dagbag.py:540} INFO - Filling up the DagBag from /home/athlon/projects/airflow/.venv/lib/python3.11/site-packages/airflow/example_dags/tutorial.py
[2024-04-26T21:25:11.398-0300] {processor.py:840} INFO - DAG(s) 'tutorial' retrieved from /home/athlon/projects/airflow/.venv/lib/python3.11/site-packages/airflow/example_dags/tutorial.py
[2024-04-26T21:25:11.432-0300] {logging_mixin.py:188} INFO - [2024-04-26T21:25:11.431-0300] {dag.py:3096} INFO - Sync 1 DAGs
[2024-04-26T21:25:11.460-0300] {logging_mixin.py:188} INFO - [2024-04-26T21:25:11.459-0300] {dag.py:3954} INFO - Setting next_dagrun for tutorial to 2024-04-26 00:00:00+00:00, run_after=2024-04-27 00:00:00+00:00
[2024-04-26T21:25:11.494-0300] {processor.py:183} INFO - Processing /home/athlon/projects/airflow/.venv/lib/python3.11/site-packages/airflow/example_dags/tutorial.py took 0.126 seconds
[2024-04-26T21:26:08.384-0300] {processor.py:161} INFO - Started process (PID=17852) to work on /home/athlon/projects/airflow/.venv/lib/python3.11/site-packages/airflow/example_dags/tutorial.py
[2024-04-26T21:26:08.390-0300] {processor.py:830} INFO - Processing file /home/athlon/projects/airflow/.venv/lib/python3.11/site-packages/airflow/example_dags/tutorial.py for tasks to queue
[2024-04-26T21:26:08.392-0300] {logging_mixin.py:188} INFO - [2024-04-26T21:26:08.392-0300] {dagbag.py:540} INFO - Filling up the DagBag from /home/athlon/projects/airflow/.venv/lib/python3.11/site-packages/airflow/example_dags/tutorial.py
[2024-04-26T21:26:08.401-0300] {processor.py:840} INFO - DAG(s) 'tutorial' retrieved from /home/athlon/projects/airflow/.venv/lib/python3.11/site-packages/airflow/example_dags/tutorial.py
[2024-04-26T21:26:08.424-0300] {logging_mixin.py:188} INFO - [2024-04-26T21:26:08.423-0300] {dag.py:3096} INFO - Sync 1 DAGs
[2024-04-26T21:26:08.451-0300] {logging_mixin.py:188} INFO - [2024-04-26T21:26:08.451-0300] {dag.py:3954} INFO - Setting next_dagrun for tutorial to 2024-04-26 00:00:00+00:00, run_after=2024-04-27 00:00:00+00:00
[2024-04-26T21:26:08.500-0300] {processor.py:183} INFO - Processing /home/athlon/projects/airflow/.venv/lib/python3.11/site-packages/airflow/example_dags/tutorial.py took 0.124 seconds
[2024-04-26T21:27:03.375-0300] {processor.py:161} INFO - Started process (PID=17917) to work on /home/athlon/projects/airflow/.venv/lib/python3.11/site-packages/airflow/example_dags/tutorial.py
[2024-04-26T21:27:03.376-0300] {processor.py:830} INFO - Processing file /home/athlon/projects/airflow/.venv/lib/python3.11/site-packages/airflow/example_dags/tutorial.py for tasks to queue
[2024-04-26T21:27:03.379-0300] {logging_mixin.py:188} INFO - [2024-04-26T21:27:03.378-0300] {dagbag.py:540} INFO - Filling up the DagBag from /home/athlon/projects/airflow/.venv/lib/python3.11/site-packages/airflow/example_dags/tutorial.py
[2024-04-26T21:27:03.389-0300] {processor.py:840} INFO - DAG(s) 'tutorial' retrieved from /home/athlon/projects/airflow/.venv/lib/python3.11/site-packages/airflow/example_dags/tutorial.py
[2024-04-26T21:27:03.413-0300] {logging_mixin.py:188} INFO - [2024-04-26T21:27:03.412-0300] {dag.py:3096} INFO - Sync 1 DAGs
[2024-04-26T21:27:03.441-0300] {logging_mixin.py:188} INFO - [2024-04-26T21:27:03.441-0300] {dag.py:3954} INFO - Setting next_dagrun for tutorial to 2024-04-26 00:00:00+00:00, run_after=2024-04-27 00:00:00+00:00
[2024-04-26T21:27:03.470-0300] {processor.py:183} INFO - Processing /home/athlon/projects/airflow/.venv/lib/python3.11/site-packages/airflow/example_dags/tutorial.py took 0.105 seconds
[2024-04-26T21:28:01.104-0300] {processor.py:161} INFO - Started process (PID=18005) to work on /home/athlon/projects/airflow/.venv/lib/python3.11/site-packages/airflow/example_dags/tutorial.py
[2024-04-26T21:28:01.110-0300] {processor.py:830} INFO - Processing file /home/athlon/projects/airflow/.venv/lib/python3.11/site-packages/airflow/example_dags/tutorial.py for tasks to queue
[2024-04-26T21:28:01.112-0300] {logging_mixin.py:188} INFO - [2024-04-26T21:28:01.112-0300] {dagbag.py:540} INFO - Filling up the DagBag from /home/athlon/projects/airflow/.venv/lib/python3.11/site-packages/airflow/example_dags/tutorial.py
[2024-04-26T21:28:01.120-0300] {processor.py:840} INFO - DAG(s) 'tutorial' retrieved from /home/athlon/projects/airflow/.venv/lib/python3.11/site-packages/airflow/example_dags/tutorial.py
[2024-04-26T21:28:01.142-0300] {logging_mixin.py:188} INFO - [2024-04-26T21:28:01.141-0300] {dag.py:3096} INFO - Sync 1 DAGs
[2024-04-26T21:28:01.169-0300] {logging_mixin.py:188} INFO - [2024-04-26T21:28:01.169-0300] {dag.py:3954} INFO - Setting next_dagrun for tutorial to 2024-04-26 00:00:00+00:00, run_after=2024-04-27 00:00:00+00:00
[2024-04-26T21:28:01.211-0300] {processor.py:183} INFO - Processing /home/athlon/projects/airflow/.venv/lib/python3.11/site-packages/airflow/example_dags/tutorial.py took 0.114 seconds
[2024-04-26T21:29:00.077-0300] {processor.py:161} INFO - Started process (PID=18245) to work on /home/athlon/projects/airflow/.venv/lib/python3.11/site-packages/airflow/example_dags/tutorial.py
[2024-04-26T21:29:00.079-0300] {processor.py:830} INFO - Processing file /home/athlon/projects/airflow/.venv/lib/python3.11/site-packages/airflow/example_dags/tutorial.py for tasks to queue
[2024-04-26T21:29:00.083-0300] {logging_mixin.py:188} INFO - [2024-04-26T21:29:00.082-0300] {dagbag.py:540} INFO - Filling up the DagBag from /home/athlon/projects/airflow/.venv/lib/python3.11/site-packages/airflow/example_dags/tutorial.py
[2024-04-26T21:29:00.094-0300] {processor.py:840} INFO - DAG(s) 'tutorial' retrieved from /home/athlon/projects/airflow/.venv/lib/python3.11/site-packages/airflow/example_dags/tutorial.py
[2024-04-26T21:29:00.122-0300] {logging_mixin.py:188} INFO - [2024-04-26T21:29:00.122-0300] {dag.py:3096} INFO - Sync 1 DAGs
[2024-04-26T21:29:00.171-0300] {logging_mixin.py:188} INFO - [2024-04-26T21:29:00.171-0300] {dag.py:3954} INFO - Setting next_dagrun for tutorial to 2024-04-26 00:00:00+00:00, run_after=2024-04-27 00:00:00+00:00
[2024-04-26T21:29:00.213-0300] {processor.py:183} INFO - Processing /home/athlon/projects/airflow/.venv/lib/python3.11/site-packages/airflow/example_dags/tutorial.py took 0.148 seconds
[2024-04-26T21:30:02.278-0300] {processor.py:161} INFO - Started process (PID=18700) to work on /home/athlon/projects/airflow/.venv/lib/python3.11/site-packages/airflow/example_dags/tutorial.py
[2024-04-26T21:30:02.284-0300] {processor.py:830} INFO - Processing file /home/athlon/projects/airflow/.venv/lib/python3.11/site-packages/airflow/example_dags/tutorial.py for tasks to queue
[2024-04-26T21:30:02.287-0300] {logging_mixin.py:188} INFO - [2024-04-26T21:30:02.286-0300] {dagbag.py:540} INFO - Filling up the DagBag from /home/athlon/projects/airflow/.venv/lib/python3.11/site-packages/airflow/example_dags/tutorial.py
[2024-04-26T21:30:02.298-0300] {processor.py:840} INFO - DAG(s) 'tutorial' retrieved from /home/athlon/projects/airflow/.venv/lib/python3.11/site-packages/airflow/example_dags/tutorial.py
[2024-04-26T21:30:02.323-0300] {logging_mixin.py:188} INFO - [2024-04-26T21:30:02.323-0300] {dag.py:3096} INFO - Sync 1 DAGs
[2024-04-26T21:30:02.498-0300] {logging_mixin.py:188} INFO - [2024-04-26T21:30:02.498-0300] {dag.py:3954} INFO - Setting next_dagrun for tutorial to 2024-04-26 00:00:00+00:00, run_after=2024-04-27 00:00:00+00:00
[2024-04-26T21:30:02.528-0300] {processor.py:183} INFO - Processing /home/athlon/projects/airflow/.venv/lib/python3.11/site-packages/airflow/example_dags/tutorial.py took 0.261 seconds
[2024-04-26T21:31:04.236-0300] {processor.py:161} INFO - Started process (PID=18780) to work on /home/athlon/projects/airflow/.venv/lib/python3.11/site-packages/airflow/example_dags/tutorial.py
[2024-04-26T21:31:04.242-0300] {processor.py:830} INFO - Processing file /home/athlon/projects/airflow/.venv/lib/python3.11/site-packages/airflow/example_dags/tutorial.py for tasks to queue
[2024-04-26T21:31:04.245-0300] {logging_mixin.py:188} INFO - [2024-04-26T21:31:04.244-0300] {dagbag.py:540} INFO - Filling up the DagBag from /home/athlon/projects/airflow/.venv/lib/python3.11/site-packages/airflow/example_dags/tutorial.py
[2024-04-26T21:31:04.256-0300] {processor.py:840} INFO - DAG(s) 'tutorial' retrieved from /home/athlon/projects/airflow/.venv/lib/python3.11/site-packages/airflow/example_dags/tutorial.py
[2024-04-26T21:31:04.282-0300] {logging_mixin.py:188} INFO - [2024-04-26T21:31:04.281-0300] {dag.py:3096} INFO - Sync 1 DAGs
[2024-04-26T21:31:04.314-0300] {logging_mixin.py:188} INFO - [2024-04-26T21:31:04.313-0300] {dag.py:3954} INFO - Setting next_dagrun for tutorial to 2024-04-26 00:00:00+00:00, run_after=2024-04-27 00:00:00+00:00
[2024-04-26T21:31:04.346-0300] {processor.py:183} INFO - Processing /home/athlon/projects/airflow/.venv/lib/python3.11/site-packages/airflow/example_dags/tutorial.py took 0.121 seconds
[2024-04-26T21:32:05.302-0300] {processor.py:161} INFO - Started process (PID=18842) to work on /home/athlon/projects/airflow/.venv/lib/python3.11/site-packages/airflow/example_dags/tutorial.py
[2024-04-26T21:32:05.308-0300] {processor.py:830} INFO - Processing file /home/athlon/projects/airflow/.venv/lib/python3.11/site-packages/airflow/example_dags/tutorial.py for tasks to queue
[2024-04-26T21:32:05.311-0300] {logging_mixin.py:188} INFO - [2024-04-26T21:32:05.310-0300] {dagbag.py:540} INFO - Filling up the DagBag from /home/athlon/projects/airflow/.venv/lib/python3.11/site-packages/airflow/example_dags/tutorial.py
[2024-04-26T21:32:05.321-0300] {processor.py:840} INFO - DAG(s) 'tutorial' retrieved from /home/athlon/projects/airflow/.venv/lib/python3.11/site-packages/airflow/example_dags/tutorial.py
[2024-04-26T21:32:05.346-0300] {logging_mixin.py:188} INFO - [2024-04-26T21:32:05.346-0300] {dag.py:3096} INFO - Sync 1 DAGs
[2024-04-26T21:32:05.376-0300] {logging_mixin.py:188} INFO - [2024-04-26T21:32:05.376-0300] {dag.py:3954} INFO - Setting next_dagrun for tutorial to 2024-04-26 00:00:00+00:00, run_after=2024-04-27 00:00:00+00:00
[2024-04-26T21:32:05.408-0300] {processor.py:183} INFO - Processing /home/athlon/projects/airflow/.venv/lib/python3.11/site-packages/airflow/example_dags/tutorial.py took 0.116 seconds
[2024-04-26T21:33:04.073-0300] {processor.py:161} INFO - Started process (PID=18894) to work on /home/athlon/projects/airflow/.venv/lib/python3.11/site-packages/airflow/example_dags/tutorial.py
[2024-04-26T21:33:04.079-0300] {processor.py:830} INFO - Processing file /home/athlon/projects/airflow/.venv/lib/python3.11/site-packages/airflow/example_dags/tutorial.py for tasks to queue
[2024-04-26T21:33:04.082-0300] {logging_mixin.py:188} INFO - [2024-04-26T21:33:04.081-0300] {dagbag.py:540} INFO - Filling up the DagBag from /home/athlon/projects/airflow/.venv/lib/python3.11/site-packages/airflow/example_dags/tutorial.py
[2024-04-26T21:33:04.092-0300] {processor.py:840} INFO - DAG(s) 'tutorial' retrieved from /home/athlon/projects/airflow/.venv/lib/python3.11/site-packages/airflow/example_dags/tutorial.py
[2024-04-26T21:33:04.117-0300] {logging_mixin.py:188} INFO - [2024-04-26T21:33:04.117-0300] {dag.py:3096} INFO - Sync 1 DAGs
[2024-04-26T21:33:04.159-0300] {logging_mixin.py:188} INFO - [2024-04-26T21:33:04.159-0300] {dag.py:3954} INFO - Setting next_dagrun for tutorial to 2024-04-26 00:00:00+00:00, run_after=2024-04-27 00:00:00+00:00
[2024-04-26T21:33:04.191-0300] {processor.py:183} INFO - Processing /home/athlon/projects/airflow/.venv/lib/python3.11/site-packages/airflow/example_dags/tutorial.py took 0.128 seconds
[2024-04-26T21:34:05.645-0300] {processor.py:161} INFO - Started process (PID=19125) to work on /home/athlon/projects/airflow/.venv/lib/python3.11/site-packages/airflow/example_dags/tutorial.py
[2024-04-26T21:34:05.651-0300] {processor.py:830} INFO - Processing file /home/athlon/projects/airflow/.venv/lib/python3.11/site-packages/airflow/example_dags/tutorial.py for tasks to queue
[2024-04-26T21:34:05.654-0300] {logging_mixin.py:188} INFO - [2024-04-26T21:34:05.653-0300] {dagbag.py:540} INFO - Filling up the DagBag from /home/athlon/projects/airflow/.venv/lib/python3.11/site-packages/airflow/example_dags/tutorial.py
[2024-04-26T21:34:05.664-0300] {processor.py:840} INFO - DAG(s) 'tutorial' retrieved from /home/athlon/projects/airflow/.venv/lib/python3.11/site-packages/airflow/example_dags/tutorial.py
[2024-04-26T21:34:05.689-0300] {logging_mixin.py:188} INFO - [2024-04-26T21:34:05.688-0300] {dag.py:3096} INFO - Sync 1 DAGs
[2024-04-26T21:34:05.717-0300] {logging_mixin.py:188} INFO - [2024-04-26T21:34:05.716-0300] {dag.py:3954} INFO - Setting next_dagrun for tutorial to 2024-04-26 00:00:00+00:00, run_after=2024-04-27 00:00:00+00:00
[2024-04-26T21:34:05.914-0300] {processor.py:183} INFO - Processing /home/athlon/projects/airflow/.venv/lib/python3.11/site-packages/airflow/example_dags/tutorial.py took 0.279 seconds
[2024-04-26T21:35:23.585-0300] {processor.py:161} INFO - Started process (PID=19209) to work on /home/athlon/projects/airflow/.venv/lib/python3.11/site-packages/airflow/example_dags/tutorial.py
[2024-04-26T21:35:23.591-0300] {processor.py:830} INFO - Processing file /home/athlon/projects/airflow/.venv/lib/python3.11/site-packages/airflow/example_dags/tutorial.py for tasks to queue
[2024-04-26T21:35:23.594-0300] {logging_mixin.py:188} INFO - [2024-04-26T21:35:23.593-0300] {dagbag.py:540} INFO - Filling up the DagBag from /home/athlon/projects/airflow/.venv/lib/python3.11/site-packages/airflow/example_dags/tutorial.py
[2024-04-26T21:35:23.604-0300] {processor.py:840} INFO - DAG(s) 'tutorial' retrieved from /home/athlon/projects/airflow/.venv/lib/python3.11/site-packages/airflow/example_dags/tutorial.py
[2024-04-26T21:35:23.628-0300] {logging_mixin.py:188} INFO - [2024-04-26T21:35:23.628-0300] {dag.py:3096} INFO - Sync 1 DAGs
[2024-04-26T21:35:23.657-0300] {logging_mixin.py:188} INFO - [2024-04-26T21:35:23.657-0300] {dag.py:3954} INFO - Setting next_dagrun for tutorial to 2024-04-26 00:00:00+00:00, run_after=2024-04-27 00:00:00+00:00
[2024-04-26T21:35:23.686-0300] {processor.py:183} INFO - Processing /home/athlon/projects/airflow/.venv/lib/python3.11/site-packages/airflow/example_dags/tutorial.py took 0.111 seconds
[2024-04-26T21:36:09.621-0300] {processor.py:161} INFO - Started process (PID=19261) to work on /home/athlon/projects/airflow/.venv/lib/python3.11/site-packages/airflow/example_dags/tutorial.py
[2024-04-26T21:36:09.627-0300] {processor.py:830} INFO - Processing file /home/athlon/projects/airflow/.venv/lib/python3.11/site-packages/airflow/example_dags/tutorial.py for tasks to queue
[2024-04-26T21:36:09.631-0300] {logging_mixin.py:188} INFO - [2024-04-26T21:36:09.630-0300] {dagbag.py:540} INFO - Filling up the DagBag from /home/athlon/projects/airflow/.venv/lib/python3.11/site-packages/airflow/example_dags/tutorial.py
[2024-04-26T21:36:09.644-0300] {processor.py:840} INFO - DAG(s) 'tutorial' retrieved from /home/athlon/projects/airflow/.venv/lib/python3.11/site-packages/airflow/example_dags/tutorial.py
[2024-04-26T21:36:09.677-0300] {logging_mixin.py:188} INFO - [2024-04-26T21:36:09.677-0300] {dag.py:3096} INFO - Sync 1 DAGs
[2024-04-26T21:36:09.724-0300] {logging_mixin.py:188} INFO - [2024-04-26T21:36:09.724-0300] {dag.py:3954} INFO - Setting next_dagrun for tutorial to 2024-04-26 00:00:00+00:00, run_after=2024-04-27 00:00:00+00:00
[2024-04-26T21:36:09.775-0300] {processor.py:183} INFO - Processing /home/athlon/projects/airflow/.venv/lib/python3.11/site-packages/airflow/example_dags/tutorial.py took 0.166 seconds
[2024-04-26T21:37:08.465-0300] {processor.py:161} INFO - Started process (PID=19326) to work on /home/athlon/projects/airflow/.venv/lib/python3.11/site-packages/airflow/example_dags/tutorial.py
[2024-04-26T21:37:08.467-0300] {processor.py:830} INFO - Processing file /home/athlon/projects/airflow/.venv/lib/python3.11/site-packages/airflow/example_dags/tutorial.py for tasks to queue
[2024-04-26T21:37:08.470-0300] {logging_mixin.py:188} INFO - [2024-04-26T21:37:08.469-0300] {dagbag.py:540} INFO - Filling up the DagBag from /home/athlon/projects/airflow/.venv/lib/python3.11/site-packages/airflow/example_dags/tutorial.py
[2024-04-26T21:37:08.480-0300] {processor.py:840} INFO - DAG(s) 'tutorial' retrieved from /home/athlon/projects/airflow/.venv/lib/python3.11/site-packages/airflow/example_dags/tutorial.py
[2024-04-26T21:37:08.505-0300] {logging_mixin.py:188} INFO - [2024-04-26T21:37:08.505-0300] {dag.py:3096} INFO - Sync 1 DAGs
[2024-04-26T21:37:08.533-0300] {logging_mixin.py:188} INFO - [2024-04-26T21:37:08.533-0300] {dag.py:3954} INFO - Setting next_dagrun for tutorial to 2024-04-26 00:00:00+00:00, run_after=2024-04-27 00:00:00+00:00
[2024-04-26T21:37:08.563-0300] {processor.py:183} INFO - Processing /home/athlon/projects/airflow/.venv/lib/python3.11/site-packages/airflow/example_dags/tutorial.py took 0.108 seconds
[2024-04-26T21:38:05.617-0300] {processor.py:161} INFO - Started process (PID=19389) to work on /home/athlon/projects/airflow/.venv/lib/python3.11/site-packages/airflow/example_dags/tutorial.py
[2024-04-26T21:38:05.623-0300] {processor.py:830} INFO - Processing file /home/athlon/projects/airflow/.venv/lib/python3.11/site-packages/airflow/example_dags/tutorial.py for tasks to queue
[2024-04-26T21:38:05.625-0300] {logging_mixin.py:188} INFO - [2024-04-26T21:38:05.625-0300] {dagbag.py:540} INFO - Filling up the DagBag from /home/athlon/projects/airflow/.venv/lib/python3.11/site-packages/airflow/example_dags/tutorial.py
[2024-04-26T21:38:05.636-0300] {processor.py:840} INFO - DAG(s) 'tutorial' retrieved from /home/athlon/projects/airflow/.venv/lib/python3.11/site-packages/airflow/example_dags/tutorial.py
[2024-04-26T21:38:05.660-0300] {logging_mixin.py:188} INFO - [2024-04-26T21:38:05.660-0300] {dag.py:3096} INFO - Sync 1 DAGs
[2024-04-26T21:38:05.689-0300] {logging_mixin.py:188} INFO - [2024-04-26T21:38:05.688-0300] {dag.py:3954} INFO - Setting next_dagrun for tutorial to 2024-04-26 00:00:00+00:00, run_after=2024-04-27 00:00:00+00:00
[2024-04-26T21:38:05.718-0300] {processor.py:183} INFO - Processing /home/athlon/projects/airflow/.venv/lib/python3.11/site-packages/airflow/example_dags/tutorial.py took 0.112 seconds
[2024-04-26T21:39:03.845-0300] {processor.py:161} INFO - Started process (PID=19489) to work on /home/athlon/projects/airflow/.venv/lib/python3.11/site-packages/airflow/example_dags/tutorial.py
[2024-04-26T21:39:03.851-0300] {processor.py:830} INFO - Processing file /home/athlon/projects/airflow/.venv/lib/python3.11/site-packages/airflow/example_dags/tutorial.py for tasks to queue
[2024-04-26T21:39:03.853-0300] {logging_mixin.py:188} INFO - [2024-04-26T21:39:03.853-0300] {dagbag.py:540} INFO - Filling up the DagBag from /home/athlon/projects/airflow/.venv/lib/python3.11/site-packages/airflow/example_dags/tutorial.py
[2024-04-26T21:39:03.864-0300] {processor.py:840} INFO - DAG(s) 'tutorial' retrieved from /home/athlon/projects/airflow/.venv/lib/python3.11/site-packages/airflow/example_dags/tutorial.py
[2024-04-26T21:39:03.888-0300] {logging_mixin.py:188} INFO - [2024-04-26T21:39:03.887-0300] {dag.py:3096} INFO - Sync 1 DAGs
[2024-04-26T21:39:03.916-0300] {logging_mixin.py:188} INFO - [2024-04-26T21:39:03.915-0300] {dag.py:3954} INFO - Setting next_dagrun for tutorial to 2024-04-26 00:00:00+00:00, run_after=2024-04-27 00:00:00+00:00
[2024-04-26T21:39:03.945-0300] {processor.py:183} INFO - Processing /home/athlon/projects/airflow/.venv/lib/python3.11/site-packages/airflow/example_dags/tutorial.py took 0.111 seconds
[2024-04-26T21:40:03.226-0300] {processor.py:161} INFO - Started process (PID=19562) to work on /home/athlon/projects/airflow/.venv/lib/python3.11/site-packages/airflow/example_dags/tutorial.py
[2024-04-26T21:40:03.232-0300] {processor.py:830} INFO - Processing file /home/athlon/projects/airflow/.venv/lib/python3.11/site-packages/airflow/example_dags/tutorial.py for tasks to queue
[2024-04-26T21:40:03.235-0300] {logging_mixin.py:188} INFO - [2024-04-26T21:40:03.234-0300] {dagbag.py:540} INFO - Filling up the DagBag from /home/athlon/projects/airflow/.venv/lib/python3.11/site-packages/airflow/example_dags/tutorial.py
[2024-04-26T21:40:03.245-0300] {processor.py:840} INFO - DAG(s) 'tutorial' retrieved from /home/athlon/projects/airflow/.venv/lib/python3.11/site-packages/airflow/example_dags/tutorial.py
[2024-04-26T21:40:03.269-0300] {logging_mixin.py:188} INFO - [2024-04-26T21:40:03.269-0300] {dag.py:3096} INFO - Sync 1 DAGs
[2024-04-26T21:40:03.297-0300] {logging_mixin.py:188} INFO - [2024-04-26T21:40:03.297-0300] {dag.py:3954} INFO - Setting next_dagrun for tutorial to 2024-04-26 00:00:00+00:00, run_after=2024-04-27 00:00:00+00:00
[2024-04-26T21:40:03.326-0300] {processor.py:183} INFO - Processing /home/athlon/projects/airflow/.venv/lib/python3.11/site-packages/airflow/example_dags/tutorial.py took 0.111 seconds
[2024-04-26T21:41:01.334-0300] {processor.py:161} INFO - Started process (PID=19727) to work on /home/athlon/projects/airflow/.venv/lib/python3.11/site-packages/airflow/example_dags/tutorial.py
[2024-04-26T21:41:01.340-0300] {processor.py:830} INFO - Processing file /home/athlon/projects/airflow/.venv/lib/python3.11/site-packages/airflow/example_dags/tutorial.py for tasks to queue
[2024-04-26T21:41:01.342-0300] {logging_mixin.py:188} INFO - [2024-04-26T21:41:01.341-0300] {dagbag.py:540} INFO - Filling up the DagBag from /home/athlon/projects/airflow/.venv/lib/python3.11/site-packages/airflow/example_dags/tutorial.py
[2024-04-26T21:41:01.351-0300] {processor.py:840} INFO - DAG(s) 'tutorial' retrieved from /home/athlon/projects/airflow/.venv/lib/python3.11/site-packages/airflow/example_dags/tutorial.py
[2024-04-26T21:41:01.372-0300] {logging_mixin.py:188} INFO - [2024-04-26T21:41:01.372-0300] {dag.py:3096} INFO - Sync 1 DAGs
[2024-04-26T21:41:01.401-0300] {logging_mixin.py:188} INFO - [2024-04-26T21:41:01.401-0300] {dag.py:3954} INFO - Setting next_dagrun for tutorial to 2024-04-26 00:00:00+00:00, run_after=2024-04-27 00:00:00+00:00
[2024-04-26T21:41:01.431-0300] {processor.py:183} INFO - Processing /home/athlon/projects/airflow/.venv/lib/python3.11/site-packages/airflow/example_dags/tutorial.py took 0.105 seconds
[2024-04-26T21:41:57.774-0300] {processor.py:161} INFO - Started process (PID=19792) to work on /home/athlon/projects/airflow/.venv/lib/python3.11/site-packages/airflow/example_dags/tutorial.py
[2024-04-26T21:41:57.780-0300] {processor.py:830} INFO - Processing file /home/athlon/projects/airflow/.venv/lib/python3.11/site-packages/airflow/example_dags/tutorial.py for tasks to queue
[2024-04-26T21:41:57.783-0300] {logging_mixin.py:188} INFO - [2024-04-26T21:41:57.782-0300] {dagbag.py:540} INFO - Filling up the DagBag from /home/athlon/projects/airflow/.venv/lib/python3.11/site-packages/airflow/example_dags/tutorial.py
[2024-04-26T21:41:57.793-0300] {processor.py:840} INFO - DAG(s) 'tutorial' retrieved from /home/athlon/projects/airflow/.venv/lib/python3.11/site-packages/airflow/example_dags/tutorial.py
[2024-04-26T21:41:57.816-0300] {logging_mixin.py:188} INFO - [2024-04-26T21:41:57.816-0300] {dag.py:3096} INFO - Sync 1 DAGs
[2024-04-26T21:41:57.845-0300] {logging_mixin.py:188} INFO - [2024-04-26T21:41:57.845-0300] {dag.py:3954} INFO - Setting next_dagrun for tutorial to 2024-04-26 00:00:00+00:00, run_after=2024-04-27 00:00:00+00:00
[2024-04-26T21:41:57.874-0300] {processor.py:183} INFO - Processing /home/athlon/projects/airflow/.venv/lib/python3.11/site-packages/airflow/example_dags/tutorial.py took 0.113 seconds
[2024-04-26T21:42:57.905-0300] {processor.py:161} INFO - Started process (PID=19867) to work on /home/athlon/projects/airflow/.venv/lib/python3.11/site-packages/airflow/example_dags/tutorial.py
[2024-04-26T21:42:57.911-0300] {processor.py:830} INFO - Processing file /home/athlon/projects/airflow/.venv/lib/python3.11/site-packages/airflow/example_dags/tutorial.py for tasks to queue
[2024-04-26T21:42:57.914-0300] {logging_mixin.py:188} INFO - [2024-04-26T21:42:57.913-0300] {dagbag.py:540} INFO - Filling up the DagBag from /home/athlon/projects/airflow/.venv/lib/python3.11/site-packages/airflow/example_dags/tutorial.py
[2024-04-26T21:42:57.925-0300] {processor.py:840} INFO - DAG(s) 'tutorial' retrieved from /home/athlon/projects/airflow/.venv/lib/python3.11/site-packages/airflow/example_dags/tutorial.py
[2024-04-26T21:42:57.950-0300] {logging_mixin.py:188} INFO - [2024-04-26T21:42:57.950-0300] {dag.py:3096} INFO - Sync 1 DAGs
[2024-04-26T21:42:57.979-0300] {logging_mixin.py:188} INFO - [2024-04-26T21:42:57.979-0300] {dag.py:3954} INFO - Setting next_dagrun for tutorial to 2024-04-26 00:00:00+00:00, run_after=2024-04-27 00:00:00+00:00
[2024-04-26T21:42:58.009-0300] {processor.py:183} INFO - Processing /home/athlon/projects/airflow/.venv/lib/python3.11/site-packages/airflow/example_dags/tutorial.py took 0.114 seconds
[2024-04-26T21:43:55.612-0300] {processor.py:161} INFO - Started process (PID=19928) to work on /home/athlon/projects/airflow/.venv/lib/python3.11/site-packages/airflow/example_dags/tutorial.py
[2024-04-26T21:43:55.618-0300] {processor.py:830} INFO - Processing file /home/athlon/projects/airflow/.venv/lib/python3.11/site-packages/airflow/example_dags/tutorial.py for tasks to queue
[2024-04-26T21:43:55.622-0300] {logging_mixin.py:188} INFO - [2024-04-26T21:43:55.621-0300] {dagbag.py:540} INFO - Filling up the DagBag from /home/athlon/projects/airflow/.venv/lib/python3.11/site-packages/airflow/example_dags/tutorial.py
[2024-04-26T21:43:55.636-0300] {processor.py:840} INFO - DAG(s) 'tutorial' retrieved from /home/athlon/projects/airflow/.venv/lib/python3.11/site-packages/airflow/example_dags/tutorial.py
[2024-04-26T21:43:55.670-0300] {logging_mixin.py:188} INFO - [2024-04-26T21:43:55.670-0300] {dag.py:3096} INFO - Sync 1 DAGs
[2024-04-26T21:43:55.717-0300] {logging_mixin.py:188} INFO - [2024-04-26T21:43:55.717-0300] {dag.py:3954} INFO - Setting next_dagrun for tutorial to 2024-04-26 00:00:00+00:00, run_after=2024-04-27 00:00:00+00:00
[2024-04-26T21:43:55.764-0300] {processor.py:183} INFO - Processing /home/athlon/projects/airflow/.venv/lib/python3.11/site-packages/airflow/example_dags/tutorial.py took 0.164 seconds
[2024-04-26T21:44:48.225-0300] {processor.py:161} INFO - Started process (PID=19998) to work on /home/athlon/projects/airflow/.venv/lib/python3.11/site-packages/airflow/example_dags/tutorial.py
[2024-04-26T21:44:48.231-0300] {processor.py:830} INFO - Processing file /home/athlon/projects/airflow/.venv/lib/python3.11/site-packages/airflow/example_dags/tutorial.py for tasks to queue
[2024-04-26T21:44:48.234-0300] {logging_mixin.py:188} INFO - [2024-04-26T21:44:48.234-0300] {dagbag.py:540} INFO - Filling up the DagBag from /home/athlon/projects/airflow/.venv/lib/python3.11/site-packages/airflow/example_dags/tutorial.py
[2024-04-26T21:44:48.245-0300] {processor.py:840} INFO - DAG(s) 'tutorial' retrieved from /home/athlon/projects/airflow/.venv/lib/python3.11/site-packages/airflow/example_dags/tutorial.py
[2024-04-26T21:44:48.270-0300] {logging_mixin.py:188} INFO - [2024-04-26T21:44:48.269-0300] {dag.py:3096} INFO - Sync 1 DAGs
[2024-04-26T21:44:48.300-0300] {logging_mixin.py:188} INFO - [2024-04-26T21:44:48.299-0300] {dag.py:3954} INFO - Setting next_dagrun for tutorial to 2024-04-26 00:00:00+00:00, run_after=2024-04-27 00:00:00+00:00
[2024-04-26T21:44:48.330-0300] {processor.py:183} INFO - Processing /home/athlon/projects/airflow/.venv/lib/python3.11/site-packages/airflow/example_dags/tutorial.py took 0.115 seconds
[2024-04-26T21:45:43.018-0300] {processor.py:161} INFO - Started process (PID=20060) to work on /home/athlon/projects/airflow/.venv/lib/python3.11/site-packages/airflow/example_dags/tutorial.py
[2024-04-26T21:45:43.024-0300] {processor.py:830} INFO - Processing file /home/athlon/projects/airflow/.venv/lib/python3.11/site-packages/airflow/example_dags/tutorial.py for tasks to queue
[2024-04-26T21:45:43.027-0300] {logging_mixin.py:188} INFO - [2024-04-26T21:45:43.026-0300] {dagbag.py:540} INFO - Filling up the DagBag from /home/athlon/projects/airflow/.venv/lib/python3.11/site-packages/airflow/example_dags/tutorial.py
[2024-04-26T21:45:43.037-0300] {processor.py:840} INFO - DAG(s) 'tutorial' retrieved from /home/athlon/projects/airflow/.venv/lib/python3.11/site-packages/airflow/example_dags/tutorial.py
[2024-04-26T21:45:43.062-0300] {logging_mixin.py:188} INFO - [2024-04-26T21:45:43.062-0300] {dag.py:3096} INFO - Sync 1 DAGs
[2024-04-26T21:45:43.092-0300] {logging_mixin.py:188} INFO - [2024-04-26T21:45:43.091-0300] {dag.py:3954} INFO - Setting next_dagrun for tutorial to 2024-04-26 00:00:00+00:00, run_after=2024-04-27 00:00:00+00:00
[2024-04-26T21:45:43.123-0300] {processor.py:183} INFO - Processing /home/athlon/projects/airflow/.venv/lib/python3.11/site-packages/airflow/example_dags/tutorial.py took 0.115 seconds
[2024-04-26T21:46:42.188-0300] {processor.py:161} INFO - Started process (PID=20125) to work on /home/athlon/projects/airflow/.venv/lib/python3.11/site-packages/airflow/example_dags/tutorial.py
[2024-04-26T21:46:42.193-0300] {processor.py:830} INFO - Processing file /home/athlon/projects/airflow/.venv/lib/python3.11/site-packages/airflow/example_dags/tutorial.py for tasks to queue
[2024-04-26T21:46:42.196-0300] {logging_mixin.py:188} INFO - [2024-04-26T21:46:42.196-0300] {dagbag.py:540} INFO - Filling up the DagBag from /home/athlon/projects/airflow/.venv/lib/python3.11/site-packages/airflow/example_dags/tutorial.py
[2024-04-26T21:46:42.207-0300] {processor.py:840} INFO - DAG(s) 'tutorial' retrieved from /home/athlon/projects/airflow/.venv/lib/python3.11/site-packages/airflow/example_dags/tutorial.py
[2024-04-26T21:46:42.231-0300] {logging_mixin.py:188} INFO - [2024-04-26T21:46:42.231-0300] {dag.py:3096} INFO - Sync 1 DAGs
[2024-04-26T21:46:42.260-0300] {logging_mixin.py:188} INFO - [2024-04-26T21:46:42.260-0300] {dag.py:3954} INFO - Setting next_dagrun for tutorial to 2024-04-26 00:00:00+00:00, run_after=2024-04-27 00:00:00+00:00
[2024-04-26T21:46:42.289-0300] {processor.py:183} INFO - Processing /home/athlon/projects/airflow/.venv/lib/python3.11/site-packages/airflow/example_dags/tutorial.py took 0.113 seconds
[2024-04-26T21:47:38.906-0300] {processor.py:161} INFO - Started process (PID=20189) to work on /home/athlon/projects/airflow/.venv/lib/python3.11/site-packages/airflow/example_dags/tutorial.py
[2024-04-26T21:47:38.912-0300] {processor.py:830} INFO - Processing file /home/athlon/projects/airflow/.venv/lib/python3.11/site-packages/airflow/example_dags/tutorial.py for tasks to queue
[2024-04-26T21:47:38.915-0300] {logging_mixin.py:188} INFO - [2024-04-26T21:47:38.914-0300] {dagbag.py:540} INFO - Filling up the DagBag from /home/athlon/projects/airflow/.venv/lib/python3.11/site-packages/airflow/example_dags/tutorial.py
[2024-04-26T21:47:38.925-0300] {processor.py:840} INFO - DAG(s) 'tutorial' retrieved from /home/athlon/projects/airflow/.venv/lib/python3.11/site-packages/airflow/example_dags/tutorial.py
[2024-04-26T21:47:38.951-0300] {logging_mixin.py:188} INFO - [2024-04-26T21:47:38.951-0300] {dag.py:3096} INFO - Sync 1 DAGs
[2024-04-26T21:47:38.980-0300] {logging_mixin.py:188} INFO - [2024-04-26T21:47:38.980-0300] {dag.py:3954} INFO - Setting next_dagrun for tutorial to 2024-04-26 00:00:00+00:00, run_after=2024-04-27 00:00:00+00:00
[2024-04-26T21:47:39.012-0300] {processor.py:183} INFO - Processing /home/athlon/projects/airflow/.venv/lib/python3.11/site-packages/airflow/example_dags/tutorial.py took 0.116 seconds
[2024-04-26T21:48:35.510-0300] {processor.py:161} INFO - Started process (PID=20254) to work on /home/athlon/projects/airflow/.venv/lib/python3.11/site-packages/airflow/example_dags/tutorial.py
[2024-04-26T21:48:35.515-0300] {processor.py:830} INFO - Processing file /home/athlon/projects/airflow/.venv/lib/python3.11/site-packages/airflow/example_dags/tutorial.py for tasks to queue
[2024-04-26T21:48:35.518-0300] {logging_mixin.py:188} INFO - [2024-04-26T21:48:35.517-0300] {dagbag.py:540} INFO - Filling up the DagBag from /home/athlon/projects/airflow/.venv/lib/python3.11/site-packages/airflow/example_dags/tutorial.py
[2024-04-26T21:48:35.529-0300] {processor.py:840} INFO - DAG(s) 'tutorial' retrieved from /home/athlon/projects/airflow/.venv/lib/python3.11/site-packages/airflow/example_dags/tutorial.py
[2024-04-26T21:48:35.554-0300] {logging_mixin.py:188} INFO - [2024-04-26T21:48:35.553-0300] {dag.py:3096} INFO - Sync 1 DAGs
[2024-04-26T21:48:35.582-0300] {logging_mixin.py:188} INFO - [2024-04-26T21:48:35.582-0300] {dag.py:3954} INFO - Setting next_dagrun for tutorial to 2024-04-26 00:00:00+00:00, run_after=2024-04-27 00:00:00+00:00
[2024-04-26T21:48:35.611-0300] {processor.py:183} INFO - Processing /home/athlon/projects/airflow/.venv/lib/python3.11/site-packages/airflow/example_dags/tutorial.py took 0.112 seconds
[2024-04-26T21:49:28.104-0300] {processor.py:161} INFO - Started process (PID=20321) to work on /home/athlon/projects/airflow/.venv/lib/python3.11/site-packages/airflow/example_dags/tutorial.py
[2024-04-26T21:49:28.110-0300] {processor.py:830} INFO - Processing file /home/athlon/projects/airflow/.venv/lib/python3.11/site-packages/airflow/example_dags/tutorial.py for tasks to queue
[2024-04-26T21:49:28.113-0300] {logging_mixin.py:188} INFO - [2024-04-26T21:49:28.112-0300] {dagbag.py:540} INFO - Filling up the DagBag from /home/athlon/projects/airflow/.venv/lib/python3.11/site-packages/airflow/example_dags/tutorial.py
[2024-04-26T21:49:28.124-0300] {processor.py:840} INFO - DAG(s) 'tutorial' retrieved from /home/athlon/projects/airflow/.venv/lib/python3.11/site-packages/airflow/example_dags/tutorial.py
[2024-04-26T21:49:28.148-0300] {logging_mixin.py:188} INFO - [2024-04-26T21:49:28.147-0300] {dag.py:3096} INFO - Sync 1 DAGs
[2024-04-26T21:49:28.177-0300] {logging_mixin.py:188} INFO - [2024-04-26T21:49:28.177-0300] {dag.py:3954} INFO - Setting next_dagrun for tutorial to 2024-04-26 00:00:00+00:00, run_after=2024-04-27 00:00:00+00:00
[2024-04-26T21:49:28.208-0300] {processor.py:183} INFO - Processing /home/athlon/projects/airflow/.venv/lib/python3.11/site-packages/airflow/example_dags/tutorial.py took 0.113 seconds
[2024-04-26T21:50:26.428-0300] {processor.py:161} INFO - Started process (PID=20386) to work on /home/athlon/projects/airflow/.venv/lib/python3.11/site-packages/airflow/example_dags/tutorial.py
[2024-04-26T21:50:26.434-0300] {processor.py:830} INFO - Processing file /home/athlon/projects/airflow/.venv/lib/python3.11/site-packages/airflow/example_dags/tutorial.py for tasks to queue
[2024-04-26T21:50:26.436-0300] {logging_mixin.py:188} INFO - [2024-04-26T21:50:26.436-0300] {dagbag.py:540} INFO - Filling up the DagBag from /home/athlon/projects/airflow/.venv/lib/python3.11/site-packages/airflow/example_dags/tutorial.py
[2024-04-26T21:50:26.445-0300] {processor.py:840} INFO - DAG(s) 'tutorial' retrieved from /home/athlon/projects/airflow/.venv/lib/python3.11/site-packages/airflow/example_dags/tutorial.py
[2024-04-26T21:50:26.467-0300] {logging_mixin.py:188} INFO - [2024-04-26T21:50:26.466-0300] {dag.py:3096} INFO - Sync 1 DAGs
[2024-04-26T21:50:26.496-0300] {logging_mixin.py:188} INFO - [2024-04-26T21:50:26.496-0300] {dag.py:3954} INFO - Setting next_dagrun for tutorial to 2024-04-26 00:00:00+00:00, run_after=2024-04-27 00:00:00+00:00
[2024-04-26T21:50:26.538-0300] {processor.py:183} INFO - Processing /home/athlon/projects/airflow/.venv/lib/python3.11/site-packages/airflow/example_dags/tutorial.py took 0.118 seconds
[2024-04-26T21:51:22.127-0300] {processor.py:161} INFO - Started process (PID=20459) to work on /home/athlon/projects/airflow/.venv/lib/python3.11/site-packages/airflow/example_dags/tutorial.py
[2024-04-26T21:51:22.129-0300] {processor.py:830} INFO - Processing file /home/athlon/projects/airflow/.venv/lib/python3.11/site-packages/airflow/example_dags/tutorial.py for tasks to queue
[2024-04-26T21:51:22.132-0300] {logging_mixin.py:188} INFO - [2024-04-26T21:51:22.131-0300] {dagbag.py:540} INFO - Filling up the DagBag from /home/athlon/projects/airflow/.venv/lib/python3.11/site-packages/airflow/example_dags/tutorial.py
[2024-04-26T21:51:22.143-0300] {processor.py:840} INFO - DAG(s) 'tutorial' retrieved from /home/athlon/projects/airflow/.venv/lib/python3.11/site-packages/airflow/example_dags/tutorial.py
[2024-04-26T21:51:22.167-0300] {logging_mixin.py:188} INFO - [2024-04-26T21:51:22.167-0300] {dag.py:3096} INFO - Sync 1 DAGs
[2024-04-26T21:51:22.196-0300] {logging_mixin.py:188} INFO - [2024-04-26T21:51:22.195-0300] {dag.py:3954} INFO - Setting next_dagrun for tutorial to 2024-04-26 00:00:00+00:00, run_after=2024-04-27 00:00:00+00:00
[2024-04-26T21:51:22.225-0300] {processor.py:183} INFO - Processing /home/athlon/projects/airflow/.venv/lib/python3.11/site-packages/airflow/example_dags/tutorial.py took 0.108 seconds
[2024-04-26T21:52:18.044-0300] {processor.py:161} INFO - Started process (PID=20539) to work on /home/athlon/projects/airflow/.venv/lib/python3.11/site-packages/airflow/example_dags/tutorial.py
[2024-04-26T21:52:18.045-0300] {processor.py:830} INFO - Processing file /home/athlon/projects/airflow/.venv/lib/python3.11/site-packages/airflow/example_dags/tutorial.py for tasks to queue
[2024-04-26T21:52:18.048-0300] {logging_mixin.py:188} INFO - [2024-04-26T21:52:18.047-0300] {dagbag.py:540} INFO - Filling up the DagBag from /home/athlon/projects/airflow/.venv/lib/python3.11/site-packages/airflow/example_dags/tutorial.py
[2024-04-26T21:52:18.057-0300] {processor.py:840} INFO - DAG(s) 'tutorial' retrieved from /home/athlon/projects/airflow/.venv/lib/python3.11/site-packages/airflow/example_dags/tutorial.py
[2024-04-26T21:52:18.081-0300] {logging_mixin.py:188} INFO - [2024-04-26T21:52:18.081-0300] {dag.py:3096} INFO - Sync 1 DAGs
[2024-04-26T21:52:18.115-0300] {logging_mixin.py:188} INFO - [2024-04-26T21:52:18.114-0300] {dag.py:3954} INFO - Setting next_dagrun for tutorial to 2024-04-26 00:00:00+00:00, run_after=2024-04-27 00:00:00+00:00
[2024-04-26T21:52:18.151-0300] {processor.py:183} INFO - Processing /home/athlon/projects/airflow/.venv/lib/python3.11/site-packages/airflow/example_dags/tutorial.py took 0.119 seconds
[2024-04-26T21:53:14.532-0300] {processor.py:161} INFO - Started process (PID=20699) to work on /home/athlon/projects/airflow/.venv/lib/python3.11/site-packages/airflow/example_dags/tutorial.py
[2024-04-26T21:53:14.538-0300] {processor.py:830} INFO - Processing file /home/athlon/projects/airflow/.venv/lib/python3.11/site-packages/airflow/example_dags/tutorial.py for tasks to queue
[2024-04-26T21:53:14.541-0300] {logging_mixin.py:188} INFO - [2024-04-26T21:53:14.540-0300] {dagbag.py:540} INFO - Filling up the DagBag from /home/athlon/projects/airflow/.venv/lib/python3.11/site-packages/airflow/example_dags/tutorial.py
[2024-04-26T21:53:14.552-0300] {processor.py:840} INFO - DAG(s) 'tutorial' retrieved from /home/athlon/projects/airflow/.venv/lib/python3.11/site-packages/airflow/example_dags/tutorial.py
[2024-04-26T21:53:14.577-0300] {logging_mixin.py:188} INFO - [2024-04-26T21:53:14.577-0300] {dag.py:3096} INFO - Sync 1 DAGs
[2024-04-26T21:53:14.608-0300] {logging_mixin.py:188} INFO - [2024-04-26T21:53:14.608-0300] {dag.py:3954} INFO - Setting next_dagrun for tutorial to 2024-04-26 00:00:00+00:00, run_after=2024-04-27 00:00:00+00:00
[2024-04-26T21:53:14.638-0300] {processor.py:183} INFO - Processing /home/athlon/projects/airflow/.venv/lib/python3.11/site-packages/airflow/example_dags/tutorial.py took 0.118 seconds
[2024-04-26T21:54:12.686-0300] {processor.py:161} INFO - Started process (PID=20798) to work on /home/athlon/projects/airflow/.venv/lib/python3.11/site-packages/airflow/example_dags/tutorial.py
[2024-04-26T21:54:12.692-0300] {processor.py:830} INFO - Processing file /home/athlon/projects/airflow/.venv/lib/python3.11/site-packages/airflow/example_dags/tutorial.py for tasks to queue
[2024-04-26T21:54:12.696-0300] {logging_mixin.py:188} INFO - [2024-04-26T21:54:12.695-0300] {dagbag.py:540} INFO - Filling up the DagBag from /home/athlon/projects/airflow/.venv/lib/python3.11/site-packages/airflow/example_dags/tutorial.py
[2024-04-26T21:54:12.710-0300] {processor.py:840} INFO - DAG(s) 'tutorial' retrieved from /home/athlon/projects/airflow/.venv/lib/python3.11/site-packages/airflow/example_dags/tutorial.py
[2024-04-26T21:54:12.740-0300] {logging_mixin.py:188} INFO - [2024-04-26T21:54:12.739-0300] {dag.py:3096} INFO - Sync 1 DAGs
[2024-04-26T21:54:12.782-0300] {logging_mixin.py:188} INFO - [2024-04-26T21:54:12.781-0300] {dag.py:3954} INFO - Setting next_dagrun for tutorial to 2024-04-26 00:00:00+00:00, run_after=2024-04-27 00:00:00+00:00
[2024-04-26T21:54:12.817-0300] {processor.py:183} INFO - Processing /home/athlon/projects/airflow/.venv/lib/python3.11/site-packages/airflow/example_dags/tutorial.py took 0.143 seconds
[2024-04-26T21:55:27.526-0300] {processor.py:161} INFO - Started process (PID=21537) to work on /home/athlon/projects/airflow/.venv/lib/python3.11/site-packages/airflow/example_dags/tutorial.py
[2024-04-26T21:55:27.532-0300] {processor.py:830} INFO - Processing file /home/athlon/projects/airflow/.venv/lib/python3.11/site-packages/airflow/example_dags/tutorial.py for tasks to queue
[2024-04-26T21:55:27.534-0300] {logging_mixin.py:188} INFO - [2024-04-26T21:55:27.534-0300] {dagbag.py:540} INFO - Filling up the DagBag from /home/athlon/projects/airflow/.venv/lib/python3.11/site-packages/airflow/example_dags/tutorial.py
[2024-04-26T21:55:27.546-0300] {processor.py:840} INFO - DAG(s) 'tutorial' retrieved from /home/athlon/projects/airflow/.venv/lib/python3.11/site-packages/airflow/example_dags/tutorial.py
[2024-04-26T21:55:27.577-0300] {logging_mixin.py:188} INFO - [2024-04-26T21:55:27.577-0300] {dag.py:3096} INFO - Sync 1 DAGs
[2024-04-26T21:55:27.624-0300] {logging_mixin.py:188} INFO - [2024-04-26T21:55:27.623-0300] {dag.py:3954} INFO - Setting next_dagrun for tutorial to 2024-04-26 00:00:00+00:00, run_after=2024-04-27 00:00:00+00:00
[2024-04-26T21:55:27.672-0300] {processor.py:183} INFO - Processing /home/athlon/projects/airflow/.venv/lib/python3.11/site-packages/airflow/example_dags/tutorial.py took 0.156 seconds
[2024-04-26T21:56:29.477-0300] {processor.py:161} INFO - Started process (PID=21606) to work on /home/athlon/projects/airflow/.venv/lib/python3.11/site-packages/airflow/example_dags/tutorial.py
[2024-04-26T21:56:29.483-0300] {processor.py:830} INFO - Processing file /home/athlon/projects/airflow/.venv/lib/python3.11/site-packages/airflow/example_dags/tutorial.py for tasks to queue
[2024-04-26T21:56:29.486-0300] {logging_mixin.py:188} INFO - [2024-04-26T21:56:29.485-0300] {dagbag.py:540} INFO - Filling up the DagBag from /home/athlon/projects/airflow/.venv/lib/python3.11/site-packages/airflow/example_dags/tutorial.py
[2024-04-26T21:56:29.500-0300] {processor.py:840} INFO - DAG(s) 'tutorial' retrieved from /home/athlon/projects/airflow/.venv/lib/python3.11/site-packages/airflow/example_dags/tutorial.py
[2024-04-26T21:56:29.535-0300] {logging_mixin.py:188} INFO - [2024-04-26T21:56:29.535-0300] {dag.py:3096} INFO - Sync 1 DAGs
[2024-04-26T21:56:29.565-0300] {logging_mixin.py:188} INFO - [2024-04-26T21:56:29.565-0300] {dag.py:3954} INFO - Setting next_dagrun for tutorial to 2024-04-26 00:00:00+00:00, run_after=2024-04-27 00:00:00+00:00
[2024-04-26T21:56:29.594-0300] {processor.py:183} INFO - Processing /home/athlon/projects/airflow/.venv/lib/python3.11/site-packages/airflow/example_dags/tutorial.py took 0.128 seconds
[2024-04-26T21:57:29.224-0300] {processor.py:161} INFO - Started process (PID=21854) to work on /home/athlon/projects/airflow/.venv/lib/python3.11/site-packages/airflow/example_dags/tutorial.py
[2024-04-26T21:57:29.230-0300] {processor.py:830} INFO - Processing file /home/athlon/projects/airflow/.venv/lib/python3.11/site-packages/airflow/example_dags/tutorial.py for tasks to queue
[2024-04-26T21:57:29.233-0300] {logging_mixin.py:188} INFO - [2024-04-26T21:57:29.232-0300] {dagbag.py:540} INFO - Filling up the DagBag from /home/athlon/projects/airflow/.venv/lib/python3.11/site-packages/airflow/example_dags/tutorial.py
[2024-04-26T21:57:29.245-0300] {processor.py:840} INFO - DAG(s) 'tutorial' retrieved from /home/athlon/projects/airflow/.venv/lib/python3.11/site-packages/airflow/example_dags/tutorial.py
[2024-04-26T21:57:29.270-0300] {logging_mixin.py:188} INFO - [2024-04-26T21:57:29.270-0300] {dag.py:3096} INFO - Sync 1 DAGs
[2024-04-26T21:57:29.300-0300] {logging_mixin.py:188} INFO - [2024-04-26T21:57:29.300-0300] {dag.py:3954} INFO - Setting next_dagrun for tutorial to 2024-04-26 00:00:00+00:00, run_after=2024-04-27 00:00:00+00:00
[2024-04-26T21:57:29.330-0300] {processor.py:183} INFO - Processing /home/athlon/projects/airflow/.venv/lib/python3.11/site-packages/airflow/example_dags/tutorial.py took 0.117 seconds
[2024-04-26T21:58:27.816-0300] {processor.py:161} INFO - Started process (PID=21998) to work on /home/athlon/projects/airflow/.venv/lib/python3.11/site-packages/airflow/example_dags/tutorial.py
[2024-04-26T21:58:27.817-0300] {processor.py:830} INFO - Processing file /home/athlon/projects/airflow/.venv/lib/python3.11/site-packages/airflow/example_dags/tutorial.py for tasks to queue
[2024-04-26T21:58:27.820-0300] {logging_mixin.py:188} INFO - [2024-04-26T21:58:27.819-0300] {dagbag.py:540} INFO - Filling up the DagBag from /home/athlon/projects/airflow/.venv/lib/python3.11/site-packages/airflow/example_dags/tutorial.py
[2024-04-26T21:58:27.830-0300] {processor.py:840} INFO - DAG(s) 'tutorial' retrieved from /home/athlon/projects/airflow/.venv/lib/python3.11/site-packages/airflow/example_dags/tutorial.py
[2024-04-26T21:58:27.854-0300] {logging_mixin.py:188} INFO - [2024-04-26T21:58:27.853-0300] {dag.py:3096} INFO - Sync 1 DAGs
[2024-04-26T21:58:27.886-0300] {logging_mixin.py:188} INFO - [2024-04-26T21:58:27.886-0300] {dag.py:3954} INFO - Setting next_dagrun for tutorial to 2024-04-26 00:00:00+00:00, run_after=2024-04-27 00:00:00+00:00
[2024-04-26T21:58:27.916-0300] {processor.py:183} INFO - Processing /home/athlon/projects/airflow/.venv/lib/python3.11/site-packages/airflow/example_dags/tutorial.py took 0.110 seconds
[2024-04-26T21:59:24.411-0300] {processor.py:161} INFO - Started process (PID=22189) to work on /home/athlon/projects/airflow/.venv/lib/python3.11/site-packages/airflow/example_dags/tutorial.py
[2024-04-26T21:59:24.417-0300] {processor.py:830} INFO - Processing file /home/athlon/projects/airflow/.venv/lib/python3.11/site-packages/airflow/example_dags/tutorial.py for tasks to queue
[2024-04-26T21:59:24.419-0300] {logging_mixin.py:188} INFO - [2024-04-26T21:59:24.419-0300] {dagbag.py:540} INFO - Filling up the DagBag from /home/athlon/projects/airflow/.venv/lib/python3.11/site-packages/airflow/example_dags/tutorial.py
[2024-04-26T21:59:24.435-0300] {processor.py:840} INFO - DAG(s) 'tutorial' retrieved from /home/athlon/projects/airflow/.venv/lib/python3.11/site-packages/airflow/example_dags/tutorial.py
[2024-04-26T21:59:24.466-0300] {logging_mixin.py:188} INFO - [2024-04-26T21:59:24.465-0300] {dag.py:3096} INFO - Sync 1 DAGs
[2024-04-26T21:59:24.504-0300] {logging_mixin.py:188} INFO - [2024-04-26T21:59:24.503-0300] {dag.py:3954} INFO - Setting next_dagrun for tutorial to 2024-04-26 00:00:00+00:00, run_after=2024-04-27 00:00:00+00:00
[2024-04-26T21:59:24.541-0300] {processor.py:183} INFO - Processing /home/athlon/projects/airflow/.venv/lib/python3.11/site-packages/airflow/example_dags/tutorial.py took 0.143 seconds
[2024-04-26T22:00:26.942-0300] {processor.py:161} INFO - Started process (PID=22291) to work on /home/athlon/projects/airflow/.venv/lib/python3.11/site-packages/airflow/example_dags/tutorial.py
[2024-04-26T22:00:26.944-0300] {processor.py:830} INFO - Processing file /home/athlon/projects/airflow/.venv/lib/python3.11/site-packages/airflow/example_dags/tutorial.py for tasks to queue
[2024-04-26T22:00:26.948-0300] {logging_mixin.py:188} INFO - [2024-04-26T22:00:26.947-0300] {dagbag.py:540} INFO - Filling up the DagBag from /home/athlon/projects/airflow/.venv/lib/python3.11/site-packages/airflow/example_dags/tutorial.py
[2024-04-26T22:00:26.961-0300] {processor.py:840} INFO - DAG(s) 'tutorial' retrieved from /home/athlon/projects/airflow/.venv/lib/python3.11/site-packages/airflow/example_dags/tutorial.py
[2024-04-26T22:00:26.998-0300] {logging_mixin.py:188} INFO - [2024-04-26T22:00:26.998-0300] {dag.py:3096} INFO - Sync 1 DAGs
[2024-04-26T22:00:27.054-0300] {logging_mixin.py:188} INFO - [2024-04-26T22:00:27.053-0300] {dag.py:3954} INFO - Setting next_dagrun for tutorial to 2024-04-26 00:00:00+00:00, run_after=2024-04-27 00:00:00+00:00
[2024-04-26T22:00:27.107-0300] {processor.py:183} INFO - Processing /home/athlon/projects/airflow/.venv/lib/python3.11/site-packages/airflow/example_dags/tutorial.py took 0.177 seconds
[2024-04-26T22:01:30.496-0300] {processor.py:161} INFO - Started process (PID=22365) to work on /home/athlon/projects/airflow/.venv/lib/python3.11/site-packages/airflow/example_dags/tutorial.py
[2024-04-26T22:01:30.502-0300] {processor.py:830} INFO - Processing file /home/athlon/projects/airflow/.venv/lib/python3.11/site-packages/airflow/example_dags/tutorial.py for tasks to queue
[2024-04-26T22:01:30.505-0300] {logging_mixin.py:188} INFO - [2024-04-26T22:01:30.505-0300] {dagbag.py:540} INFO - Filling up the DagBag from /home/athlon/projects/airflow/.venv/lib/python3.11/site-packages/airflow/example_dags/tutorial.py
[2024-04-26T22:01:30.517-0300] {processor.py:840} INFO - DAG(s) 'tutorial' retrieved from /home/athlon/projects/airflow/.venv/lib/python3.11/site-packages/airflow/example_dags/tutorial.py
[2024-04-26T22:01:30.541-0300] {logging_mixin.py:188} INFO - [2024-04-26T22:01:30.541-0300] {dag.py:3096} INFO - Sync 1 DAGs
[2024-04-26T22:01:30.571-0300] {logging_mixin.py:188} INFO - [2024-04-26T22:01:30.571-0300] {dag.py:3954} INFO - Setting next_dagrun for tutorial to 2024-04-26 00:00:00+00:00, run_after=2024-04-27 00:00:00+00:00
[2024-04-26T22:01:30.603-0300] {processor.py:183} INFO - Processing /home/athlon/projects/airflow/.venv/lib/python3.11/site-packages/airflow/example_dags/tutorial.py took 0.118 seconds
[2024-04-26T22:02:32.847-0300] {processor.py:161} INFO - Started process (PID=22432) to work on /home/athlon/projects/airflow/.venv/lib/python3.11/site-packages/airflow/example_dags/tutorial.py
[2024-04-26T22:02:32.853-0300] {processor.py:830} INFO - Processing file /home/athlon/projects/airflow/.venv/lib/python3.11/site-packages/airflow/example_dags/tutorial.py for tasks to queue
[2024-04-26T22:02:32.857-0300] {logging_mixin.py:188} INFO - [2024-04-26T22:02:32.856-0300] {dagbag.py:540} INFO - Filling up the DagBag from /home/athlon/projects/airflow/.venv/lib/python3.11/site-packages/airflow/example_dags/tutorial.py
[2024-04-26T22:02:32.870-0300] {processor.py:840} INFO - DAG(s) 'tutorial' retrieved from /home/athlon/projects/airflow/.venv/lib/python3.11/site-packages/airflow/example_dags/tutorial.py
[2024-04-26T22:02:32.896-0300] {logging_mixin.py:188} INFO - [2024-04-26T22:02:32.896-0300] {dag.py:3096} INFO - Sync 1 DAGs
[2024-04-26T22:02:32.929-0300] {logging_mixin.py:188} INFO - [2024-04-26T22:02:32.928-0300] {dag.py:3954} INFO - Setting next_dagrun for tutorial to 2024-04-26 00:00:00+00:00, run_after=2024-04-27 00:00:00+00:00
[2024-04-26T22:02:32.961-0300] {processor.py:183} INFO - Processing /home/athlon/projects/airflow/.venv/lib/python3.11/site-packages/airflow/example_dags/tutorial.py took 0.125 seconds
[2024-04-26T22:03:36.859-0300] {processor.py:161} INFO - Started process (PID=22510) to work on /home/athlon/projects/airflow/.venv/lib/python3.11/site-packages/airflow/example_dags/tutorial.py
[2024-04-26T22:03:36.865-0300] {processor.py:830} INFO - Processing file /home/athlon/projects/airflow/.venv/lib/python3.11/site-packages/airflow/example_dags/tutorial.py for tasks to queue
[2024-04-26T22:03:36.868-0300] {logging_mixin.py:188} INFO - [2024-04-26T22:03:36.867-0300] {dagbag.py:540} INFO - Filling up the DagBag from /home/athlon/projects/airflow/.venv/lib/python3.11/site-packages/airflow/example_dags/tutorial.py
[2024-04-26T22:03:36.880-0300] {processor.py:840} INFO - DAG(s) 'tutorial' retrieved from /home/athlon/projects/airflow/.venv/lib/python3.11/site-packages/airflow/example_dags/tutorial.py
[2024-04-26T22:03:36.907-0300] {logging_mixin.py:188} INFO - [2024-04-26T22:03:36.907-0300] {dag.py:3096} INFO - Sync 1 DAGs
[2024-04-26T22:03:36.953-0300] {logging_mixin.py:188} INFO - [2024-04-26T22:03:36.953-0300] {dag.py:3954} INFO - Setting next_dagrun for tutorial to 2024-04-26 00:00:00+00:00, run_after=2024-04-27 00:00:00+00:00
[2024-04-26T22:03:37.001-0300] {processor.py:183} INFO - Processing /home/athlon/projects/airflow/.venv/lib/python3.11/site-packages/airflow/example_dags/tutorial.py took 0.154 seconds
[2024-04-26T22:04:32.301-0300] {processor.py:161} INFO - Started process (PID=22647) to work on /home/athlon/projects/airflow/.venv/lib/python3.11/site-packages/airflow/example_dags/tutorial.py
[2024-04-26T22:04:32.302-0300] {processor.py:830} INFO - Processing file /home/athlon/projects/airflow/.venv/lib/python3.11/site-packages/airflow/example_dags/tutorial.py for tasks to queue
[2024-04-26T22:04:32.305-0300] {logging_mixin.py:188} INFO - [2024-04-26T22:04:32.305-0300] {dagbag.py:540} INFO - Filling up the DagBag from /home/athlon/projects/airflow/.venv/lib/python3.11/site-packages/airflow/example_dags/tutorial.py
[2024-04-26T22:04:32.317-0300] {processor.py:840} INFO - DAG(s) 'tutorial' retrieved from /home/athlon/projects/airflow/.venv/lib/python3.11/site-packages/airflow/example_dags/tutorial.py
[2024-04-26T22:04:32.343-0300] {logging_mixin.py:188} INFO - [2024-04-26T22:04:32.342-0300] {dag.py:3096} INFO - Sync 1 DAGs
[2024-04-26T22:04:32.372-0300] {logging_mixin.py:188} INFO - [2024-04-26T22:04:32.372-0300] {dag.py:3954} INFO - Setting next_dagrun for tutorial to 2024-04-26 00:00:00+00:00, run_after=2024-04-27 00:00:00+00:00
[2024-04-26T22:04:32.403-0300] {processor.py:183} INFO - Processing /home/athlon/projects/airflow/.venv/lib/python3.11/site-packages/airflow/example_dags/tutorial.py took 0.113 seconds
[2024-04-26T22:05:30.828-0300] {processor.py:161} INFO - Started process (PID=22729) to work on /home/athlon/projects/airflow/.venv/lib/python3.11/site-packages/airflow/example_dags/tutorial.py
[2024-04-26T22:05:30.834-0300] {processor.py:830} INFO - Processing file /home/athlon/projects/airflow/.venv/lib/python3.11/site-packages/airflow/example_dags/tutorial.py for tasks to queue
[2024-04-26T22:05:30.837-0300] {logging_mixin.py:188} INFO - [2024-04-26T22:05:30.837-0300] {dagbag.py:540} INFO - Filling up the DagBag from /home/athlon/projects/airflow/.venv/lib/python3.11/site-packages/airflow/example_dags/tutorial.py
[2024-04-26T22:05:30.849-0300] {processor.py:840} INFO - DAG(s) 'tutorial' retrieved from /home/athlon/projects/airflow/.venv/lib/python3.11/site-packages/airflow/example_dags/tutorial.py
[2024-04-26T22:05:30.874-0300] {logging_mixin.py:188} INFO - [2024-04-26T22:05:30.874-0300] {dag.py:3096} INFO - Sync 1 DAGs
[2024-04-26T22:05:30.905-0300] {logging_mixin.py:188} INFO - [2024-04-26T22:05:30.905-0300] {dag.py:3954} INFO - Setting next_dagrun for tutorial to 2024-04-26 00:00:00+00:00, run_after=2024-04-27 00:00:00+00:00
[2024-04-26T22:05:30.935-0300] {processor.py:183} INFO - Processing /home/athlon/projects/airflow/.venv/lib/python3.11/site-packages/airflow/example_dags/tutorial.py took 0.118 seconds
[2024-04-26T22:06:29.683-0300] {processor.py:161} INFO - Started process (PID=22794) to work on /home/athlon/projects/airflow/.venv/lib/python3.11/site-packages/airflow/example_dags/tutorial.py
[2024-04-26T22:06:29.689-0300] {processor.py:830} INFO - Processing file /home/athlon/projects/airflow/.venv/lib/python3.11/site-packages/airflow/example_dags/tutorial.py for tasks to queue
[2024-04-26T22:06:29.692-0300] {logging_mixin.py:188} INFO - [2024-04-26T22:06:29.691-0300] {dagbag.py:540} INFO - Filling up the DagBag from /home/athlon/projects/airflow/.venv/lib/python3.11/site-packages/airflow/example_dags/tutorial.py
[2024-04-26T22:06:29.701-0300] {processor.py:840} INFO - DAG(s) 'tutorial' retrieved from /home/athlon/projects/airflow/.venv/lib/python3.11/site-packages/airflow/example_dags/tutorial.py
[2024-04-26T22:06:29.724-0300] {logging_mixin.py:188} INFO - [2024-04-26T22:06:29.724-0300] {dag.py:3096} INFO - Sync 1 DAGs
[2024-04-26T22:06:29.754-0300] {logging_mixin.py:188} INFO - [2024-04-26T22:06:29.754-0300] {dag.py:3954} INFO - Setting next_dagrun for tutorial to 2024-04-26 00:00:00+00:00, run_after=2024-04-27 00:00:00+00:00
[2024-04-26T22:06:29.786-0300] {processor.py:183} INFO - Processing /home/athlon/projects/airflow/.venv/lib/python3.11/site-packages/airflow/example_dags/tutorial.py took 0.111 seconds
[2024-04-26T22:07:29.320-0300] {processor.py:161} INFO - Started process (PID=22861) to work on /home/athlon/projects/airflow/.venv/lib/python3.11/site-packages/airflow/example_dags/tutorial.py
[2024-04-26T22:07:29.326-0300] {processor.py:830} INFO - Processing file /home/athlon/projects/airflow/.venv/lib/python3.11/site-packages/airflow/example_dags/tutorial.py for tasks to queue
[2024-04-26T22:07:29.328-0300] {logging_mixin.py:188} INFO - [2024-04-26T22:07:29.328-0300] {dagbag.py:540} INFO - Filling up the DagBag from /home/athlon/projects/airflow/.venv/lib/python3.11/site-packages/airflow/example_dags/tutorial.py
[2024-04-26T22:07:29.338-0300] {processor.py:840} INFO - DAG(s) 'tutorial' retrieved from /home/athlon/projects/airflow/.venv/lib/python3.11/site-packages/airflow/example_dags/tutorial.py
[2024-04-26T22:07:29.361-0300] {logging_mixin.py:188} INFO - [2024-04-26T22:07:29.361-0300] {dag.py:3096} INFO - Sync 1 DAGs
[2024-04-26T22:07:29.392-0300] {logging_mixin.py:188} INFO - [2024-04-26T22:07:29.391-0300] {dag.py:3954} INFO - Setting next_dagrun for tutorial to 2024-04-26 00:00:00+00:00, run_after=2024-04-27 00:00:00+00:00
[2024-04-26T22:07:29.423-0300] {processor.py:183} INFO - Processing /home/athlon/projects/airflow/.venv/lib/python3.11/site-packages/airflow/example_dags/tutorial.py took 0.112 seconds
[2024-04-26T22:08:31.961-0300] {processor.py:161} INFO - Started process (PID=22929) to work on /home/athlon/projects/airflow/.venv/lib/python3.11/site-packages/airflow/example_dags/tutorial.py
[2024-04-26T22:08:31.967-0300] {processor.py:830} INFO - Processing file /home/athlon/projects/airflow/.venv/lib/python3.11/site-packages/airflow/example_dags/tutorial.py for tasks to queue
[2024-04-26T22:08:31.970-0300] {logging_mixin.py:188} INFO - [2024-04-26T22:08:31.969-0300] {dagbag.py:540} INFO - Filling up the DagBag from /home/athlon/projects/airflow/.venv/lib/python3.11/site-packages/airflow/example_dags/tutorial.py
[2024-04-26T22:08:31.981-0300] {processor.py:840} INFO - DAG(s) 'tutorial' retrieved from /home/athlon/projects/airflow/.venv/lib/python3.11/site-packages/airflow/example_dags/tutorial.py
[2024-04-26T22:08:32.007-0300] {logging_mixin.py:188} INFO - [2024-04-26T22:08:32.006-0300] {dag.py:3096} INFO - Sync 1 DAGs
[2024-04-26T22:08:32.037-0300] {logging_mixin.py:188} INFO - [2024-04-26T22:08:32.036-0300] {dag.py:3954} INFO - Setting next_dagrun for tutorial to 2024-04-26 00:00:00+00:00, run_after=2024-04-27 00:00:00+00:00
[2024-04-26T22:08:32.067-0300] {processor.py:183} INFO - Processing /home/athlon/projects/airflow/.venv/lib/python3.11/site-packages/airflow/example_dags/tutorial.py took 0.117 seconds
[2024-04-26T22:09:29.353-0300] {processor.py:161} INFO - Started process (PID=23027) to work on /home/athlon/projects/airflow/.venv/lib/python3.11/site-packages/airflow/example_dags/tutorial.py
[2024-04-26T22:09:29.358-0300] {processor.py:830} INFO - Processing file /home/athlon/projects/airflow/.venv/lib/python3.11/site-packages/airflow/example_dags/tutorial.py for tasks to queue
[2024-04-26T22:09:29.361-0300] {logging_mixin.py:188} INFO - [2024-04-26T22:09:29.360-0300] {dagbag.py:540} INFO - Filling up the DagBag from /home/athlon/projects/airflow/.venv/lib/python3.11/site-packages/airflow/example_dags/tutorial.py
[2024-04-26T22:09:29.371-0300] {processor.py:840} INFO - DAG(s) 'tutorial' retrieved from /home/athlon/projects/airflow/.venv/lib/python3.11/site-packages/airflow/example_dags/tutorial.py
[2024-04-26T22:09:29.393-0300] {logging_mixin.py:188} INFO - [2024-04-26T22:09:29.393-0300] {dag.py:3096} INFO - Sync 1 DAGs
[2024-04-26T22:09:29.424-0300] {logging_mixin.py:188} INFO - [2024-04-26T22:09:29.423-0300] {dag.py:3954} INFO - Setting next_dagrun for tutorial to 2024-04-26 00:00:00+00:00, run_after=2024-04-27 00:00:00+00:00
[2024-04-26T22:09:29.455-0300] {processor.py:183} INFO - Processing /home/athlon/projects/airflow/.venv/lib/python3.11/site-packages/airflow/example_dags/tutorial.py took 0.111 seconds
[2024-04-26T22:10:31.765-0300] {processor.py:161} INFO - Started process (PID=23097) to work on /home/athlon/projects/airflow/.venv/lib/python3.11/site-packages/airflow/example_dags/tutorial.py
[2024-04-26T22:10:31.771-0300] {processor.py:830} INFO - Processing file /home/athlon/projects/airflow/.venv/lib/python3.11/site-packages/airflow/example_dags/tutorial.py for tasks to queue
[2024-04-26T22:10:31.774-0300] {logging_mixin.py:188} INFO - [2024-04-26T22:10:31.773-0300] {dagbag.py:540} INFO - Filling up the DagBag from /home/athlon/projects/airflow/.venv/lib/python3.11/site-packages/airflow/example_dags/tutorial.py
[2024-04-26T22:10:31.785-0300] {processor.py:840} INFO - DAG(s) 'tutorial' retrieved from /home/athlon/projects/airflow/.venv/lib/python3.11/site-packages/airflow/example_dags/tutorial.py
[2024-04-26T22:10:31.808-0300] {logging_mixin.py:188} INFO - [2024-04-26T22:10:31.808-0300] {dag.py:3096} INFO - Sync 1 DAGs
[2024-04-26T22:10:31.839-0300] {logging_mixin.py:188} INFO - [2024-04-26T22:10:31.839-0300] {dag.py:3954} INFO - Setting next_dagrun for tutorial to 2024-04-26 00:00:00+00:00, run_after=2024-04-27 00:00:00+00:00
[2024-04-26T22:10:31.869-0300] {processor.py:183} INFO - Processing /home/athlon/projects/airflow/.venv/lib/python3.11/site-packages/airflow/example_dags/tutorial.py took 0.115 seconds
[2024-04-26T22:11:33.787-0300] {processor.py:161} INFO - Started process (PID=23165) to work on /home/athlon/projects/airflow/.venv/lib/python3.11/site-packages/airflow/example_dags/tutorial.py
[2024-04-26T22:11:33.792-0300] {processor.py:830} INFO - Processing file /home/athlon/projects/airflow/.venv/lib/python3.11/site-packages/airflow/example_dags/tutorial.py for tasks to queue
[2024-04-26T22:11:33.795-0300] {logging_mixin.py:188} INFO - [2024-04-26T22:11:33.795-0300] {dagbag.py:540} INFO - Filling up the DagBag from /home/athlon/projects/airflow/.venv/lib/python3.11/site-packages/airflow/example_dags/tutorial.py
[2024-04-26T22:11:33.806-0300] {processor.py:840} INFO - DAG(s) 'tutorial' retrieved from /home/athlon/projects/airflow/.venv/lib/python3.11/site-packages/airflow/example_dags/tutorial.py
[2024-04-26T22:11:33.831-0300] {logging_mixin.py:188} INFO - [2024-04-26T22:11:33.830-0300] {dag.py:3096} INFO - Sync 1 DAGs
[2024-04-26T22:11:33.860-0300] {logging_mixin.py:188} INFO - [2024-04-26T22:11:33.860-0300] {dag.py:3954} INFO - Setting next_dagrun for tutorial to 2024-04-26 00:00:00+00:00, run_after=2024-04-27 00:00:00+00:00
[2024-04-26T22:11:33.890-0300] {processor.py:183} INFO - Processing /home/athlon/projects/airflow/.venv/lib/python3.11/site-packages/airflow/example_dags/tutorial.py took 0.114 seconds
[2024-04-26T22:12:33.146-0300] {processor.py:161} INFO - Started process (PID=23249) to work on /home/athlon/projects/airflow/.venv/lib/python3.11/site-packages/airflow/example_dags/tutorial.py
[2024-04-26T22:12:33.152-0300] {processor.py:830} INFO - Processing file /home/athlon/projects/airflow/.venv/lib/python3.11/site-packages/airflow/example_dags/tutorial.py for tasks to queue
[2024-04-26T22:12:33.155-0300] {logging_mixin.py:188} INFO - [2024-04-26T22:12:33.154-0300] {dagbag.py:540} INFO - Filling up the DagBag from /home/athlon/projects/airflow/.venv/lib/python3.11/site-packages/airflow/example_dags/tutorial.py
[2024-04-26T22:12:33.166-0300] {processor.py:840} INFO - DAG(s) 'tutorial' retrieved from /home/athlon/projects/airflow/.venv/lib/python3.11/site-packages/airflow/example_dags/tutorial.py
[2024-04-26T22:12:33.191-0300] {logging_mixin.py:188} INFO - [2024-04-26T22:12:33.190-0300] {dag.py:3096} INFO - Sync 1 DAGs
[2024-04-26T22:12:33.222-0300] {logging_mixin.py:188} INFO - [2024-04-26T22:12:33.222-0300] {dag.py:3954} INFO - Setting next_dagrun for tutorial to 2024-04-26 00:00:00+00:00, run_after=2024-04-27 00:00:00+00:00
[2024-04-26T22:12:33.253-0300] {processor.py:183} INFO - Processing /home/athlon/projects/airflow/.venv/lib/python3.11/site-packages/airflow/example_dags/tutorial.py took 0.118 seconds
[2024-04-26T22:13:33.127-0300] {processor.py:161} INFO - Started process (PID=23320) to work on /home/athlon/projects/airflow/.venv/lib/python3.11/site-packages/airflow/example_dags/tutorial.py
[2024-04-26T22:13:33.132-0300] {processor.py:830} INFO - Processing file /home/athlon/projects/airflow/.venv/lib/python3.11/site-packages/airflow/example_dags/tutorial.py for tasks to queue
[2024-04-26T22:13:33.135-0300] {logging_mixin.py:188} INFO - [2024-04-26T22:13:33.135-0300] {dagbag.py:540} INFO - Filling up the DagBag from /home/athlon/projects/airflow/.venv/lib/python3.11/site-packages/airflow/example_dags/tutorial.py
[2024-04-26T22:13:33.147-0300] {processor.py:840} INFO - DAG(s) 'tutorial' retrieved from /home/athlon/projects/airflow/.venv/lib/python3.11/site-packages/airflow/example_dags/tutorial.py
[2024-04-26T22:13:33.172-0300] {logging_mixin.py:188} INFO - [2024-04-26T22:13:33.172-0300] {dag.py:3096} INFO - Sync 1 DAGs
[2024-04-26T22:13:33.202-0300] {logging_mixin.py:188} INFO - [2024-04-26T22:13:33.201-0300] {dag.py:3954} INFO - Setting next_dagrun for tutorial to 2024-04-26 00:00:00+00:00, run_after=2024-04-27 00:00:00+00:00
[2024-04-26T22:13:33.232-0300] {processor.py:183} INFO - Processing /home/athlon/projects/airflow/.venv/lib/python3.11/site-packages/airflow/example_dags/tutorial.py took 0.117 seconds
[2024-04-26T22:14:33.552-0300] {processor.py:161} INFO - Started process (PID=23431) to work on /home/athlon/projects/airflow/.venv/lib/python3.11/site-packages/airflow/example_dags/tutorial.py
[2024-04-26T22:14:33.558-0300] {processor.py:830} INFO - Processing file /home/athlon/projects/airflow/.venv/lib/python3.11/site-packages/airflow/example_dags/tutorial.py for tasks to queue
[2024-04-26T22:14:33.562-0300] {logging_mixin.py:188} INFO - [2024-04-26T22:14:33.561-0300] {dagbag.py:540} INFO - Filling up the DagBag from /home/athlon/projects/airflow/.venv/lib/python3.11/site-packages/airflow/example_dags/tutorial.py
[2024-04-26T22:14:33.575-0300] {processor.py:840} INFO - DAG(s) 'tutorial' retrieved from /home/athlon/projects/airflow/.venv/lib/python3.11/site-packages/airflow/example_dags/tutorial.py
[2024-04-26T22:14:33.606-0300] {logging_mixin.py:188} INFO - [2024-04-26T22:14:33.606-0300] {dag.py:3096} INFO - Sync 1 DAGs
[2024-04-26T22:14:33.657-0300] {logging_mixin.py:188} INFO - [2024-04-26T22:14:33.656-0300] {dag.py:3954} INFO - Setting next_dagrun for tutorial to 2024-04-26 00:00:00+00:00, run_after=2024-04-27 00:00:00+00:00
[2024-04-26T22:14:33.704-0300] {processor.py:183} INFO - Processing /home/athlon/projects/airflow/.venv/lib/python3.11/site-packages/airflow/example_dags/tutorial.py took 0.165 seconds
[2024-04-26T22:15:16.855-0300] {processor.py:161} INFO - Started process (PID=23512) to work on /home/athlon/projects/airflow/.venv/lib/python3.11/site-packages/airflow/example_dags/tutorial.py
[2024-04-26T22:15:16.862-0300] {processor.py:830} INFO - Processing file /home/athlon/projects/airflow/.venv/lib/python3.11/site-packages/airflow/example_dags/tutorial.py for tasks to queue
[2024-04-26T22:15:16.865-0300] {logging_mixin.py:188} INFO - [2024-04-26T22:15:16.864-0300] {dagbag.py:540} INFO - Filling up the DagBag from /home/athlon/projects/airflow/.venv/lib/python3.11/site-packages/airflow/example_dags/tutorial.py
[2024-04-26T22:15:16.878-0300] {processor.py:840} INFO - DAG(s) 'tutorial' retrieved from /home/athlon/projects/airflow/.venv/lib/python3.11/site-packages/airflow/example_dags/tutorial.py
[2024-04-26T22:15:16.907-0300] {logging_mixin.py:188} INFO - [2024-04-26T22:15:16.907-0300] {dag.py:3096} INFO - Sync 1 DAGs
[2024-04-26T22:15:16.941-0300] {logging_mixin.py:188} INFO - [2024-04-26T22:15:16.940-0300] {dag.py:3954} INFO - Setting next_dagrun for tutorial to 2024-04-26 00:00:00+00:00, run_after=2024-04-27 00:00:00+00:00
[2024-04-26T22:15:16.973-0300] {processor.py:183} INFO - Processing /home/athlon/projects/airflow/.venv/lib/python3.11/site-packages/airflow/example_dags/tutorial.py took 0.131 seconds
[2024-04-26T22:16:23.738-0300] {processor.py:161} INFO - Started process (PID=23651) to work on /home/athlon/projects/airflow/.venv/lib/python3.11/site-packages/airflow/example_dags/tutorial.py
[2024-04-26T22:16:23.740-0300] {processor.py:830} INFO - Processing file /home/athlon/projects/airflow/.venv/lib/python3.11/site-packages/airflow/example_dags/tutorial.py for tasks to queue
[2024-04-26T22:16:23.743-0300] {logging_mixin.py:188} INFO - [2024-04-26T22:16:23.742-0300] {dagbag.py:540} INFO - Filling up the DagBag from /home/athlon/projects/airflow/.venv/lib/python3.11/site-packages/airflow/example_dags/tutorial.py
[2024-04-26T22:16:23.754-0300] {processor.py:840} INFO - DAG(s) 'tutorial' retrieved from /home/athlon/projects/airflow/.venv/lib/python3.11/site-packages/airflow/example_dags/tutorial.py
[2024-04-26T22:16:23.779-0300] {logging_mixin.py:188} INFO - [2024-04-26T22:16:23.778-0300] {dag.py:3096} INFO - Sync 1 DAGs
[2024-04-26T22:16:23.809-0300] {logging_mixin.py:188} INFO - [2024-04-26T22:16:23.809-0300] {dag.py:3954} INFO - Setting next_dagrun for tutorial to 2024-04-26 00:00:00+00:00, run_after=2024-04-27 00:00:00+00:00
[2024-04-26T22:16:23.839-0300] {processor.py:183} INFO - Processing /home/athlon/projects/airflow/.venv/lib/python3.11/site-packages/airflow/example_dags/tutorial.py took 0.112 seconds
[2024-04-26T22:17:23.911-0300] {processor.py:161} INFO - Started process (PID=23720) to work on /home/athlon/projects/airflow/.venv/lib/python3.11/site-packages/airflow/example_dags/tutorial.py
[2024-04-26T22:17:23.916-0300] {processor.py:830} INFO - Processing file /home/athlon/projects/airflow/.venv/lib/python3.11/site-packages/airflow/example_dags/tutorial.py for tasks to queue
[2024-04-26T22:17:23.920-0300] {logging_mixin.py:188} INFO - [2024-04-26T22:17:23.919-0300] {dagbag.py:540} INFO - Filling up the DagBag from /home/athlon/projects/airflow/.venv/lib/python3.11/site-packages/airflow/example_dags/tutorial.py
[2024-04-26T22:17:23.932-0300] {processor.py:840} INFO - DAG(s) 'tutorial' retrieved from /home/athlon/projects/airflow/.venv/lib/python3.11/site-packages/airflow/example_dags/tutorial.py
[2024-04-26T22:17:23.958-0300] {logging_mixin.py:188} INFO - [2024-04-26T22:17:23.958-0300] {dag.py:3096} INFO - Sync 1 DAGs
[2024-04-26T22:17:23.989-0300] {logging_mixin.py:188} INFO - [2024-04-26T22:17:23.988-0300] {dag.py:3954} INFO - Setting next_dagrun for tutorial to 2024-04-26 00:00:00+00:00, run_after=2024-04-27 00:00:00+00:00
[2024-04-26T22:17:24.018-0300] {processor.py:183} INFO - Processing /home/athlon/projects/airflow/.venv/lib/python3.11/site-packages/airflow/example_dags/tutorial.py took 0.119 seconds
[2024-04-26T22:18:22.610-0300] {processor.py:161} INFO - Started process (PID=23775) to work on /home/athlon/projects/airflow/.venv/lib/python3.11/site-packages/airflow/example_dags/tutorial.py
[2024-04-26T22:18:22.616-0300] {processor.py:830} INFO - Processing file /home/athlon/projects/airflow/.venv/lib/python3.11/site-packages/airflow/example_dags/tutorial.py for tasks to queue
[2024-04-26T22:18:22.619-0300] {logging_mixin.py:188} INFO - [2024-04-26T22:18:22.618-0300] {dagbag.py:540} INFO - Filling up the DagBag from /home/athlon/projects/airflow/.venv/lib/python3.11/site-packages/airflow/example_dags/tutorial.py
[2024-04-26T22:18:22.631-0300] {processor.py:840} INFO - DAG(s) 'tutorial' retrieved from /home/athlon/projects/airflow/.venv/lib/python3.11/site-packages/airflow/example_dags/tutorial.py
[2024-04-26T22:18:22.658-0300] {logging_mixin.py:188} INFO - [2024-04-26T22:18:22.657-0300] {dag.py:3096} INFO - Sync 1 DAGs
[2024-04-26T22:18:22.689-0300] {logging_mixin.py:188} INFO - [2024-04-26T22:18:22.689-0300] {dag.py:3954} INFO - Setting next_dagrun for tutorial to 2024-04-26 00:00:00+00:00, run_after=2024-04-27 00:00:00+00:00
[2024-04-26T22:18:22.719-0300] {processor.py:183} INFO - Processing /home/athlon/projects/airflow/.venv/lib/python3.11/site-packages/airflow/example_dags/tutorial.py took 0.121 seconds
[2024-04-26T22:19:21.133-0300] {processor.py:161} INFO - Started process (PID=23841) to work on /home/athlon/projects/airflow/.venv/lib/python3.11/site-packages/airflow/example_dags/tutorial.py
[2024-04-26T22:19:21.139-0300] {processor.py:830} INFO - Processing file /home/athlon/projects/airflow/.venv/lib/python3.11/site-packages/airflow/example_dags/tutorial.py for tasks to queue
[2024-04-26T22:19:21.142-0300] {logging_mixin.py:188} INFO - [2024-04-26T22:19:21.142-0300] {dagbag.py:540} INFO - Filling up the DagBag from /home/athlon/projects/airflow/.venv/lib/python3.11/site-packages/airflow/example_dags/tutorial.py
[2024-04-26T22:19:21.154-0300] {processor.py:840} INFO - DAG(s) 'tutorial' retrieved from /home/athlon/projects/airflow/.venv/lib/python3.11/site-packages/airflow/example_dags/tutorial.py
[2024-04-26T22:19:21.180-0300] {logging_mixin.py:188} INFO - [2024-04-26T22:19:21.180-0300] {dag.py:3096} INFO - Sync 1 DAGs
[2024-04-26T22:19:21.211-0300] {logging_mixin.py:188} INFO - [2024-04-26T22:19:21.211-0300] {dag.py:3954} INFO - Setting next_dagrun for tutorial to 2024-04-26 00:00:00+00:00, run_after=2024-04-27 00:00:00+00:00
[2024-04-26T22:19:21.243-0300] {processor.py:183} INFO - Processing /home/athlon/projects/airflow/.venv/lib/python3.11/site-packages/airflow/example_dags/tutorial.py took 0.122 seconds
[2024-04-26T22:20:19.948-0300] {processor.py:161} INFO - Started process (PID=23901) to work on /home/athlon/projects/airflow/.venv/lib/python3.11/site-packages/airflow/example_dags/tutorial.py
[2024-04-26T22:20:19.954-0300] {processor.py:830} INFO - Processing file /home/athlon/projects/airflow/.venv/lib/python3.11/site-packages/airflow/example_dags/tutorial.py for tasks to queue
[2024-04-26T22:20:19.957-0300] {logging_mixin.py:188} INFO - [2024-04-26T22:20:19.956-0300] {dagbag.py:540} INFO - Filling up the DagBag from /home/athlon/projects/airflow/.venv/lib/python3.11/site-packages/airflow/example_dags/tutorial.py
[2024-04-26T22:20:19.968-0300] {processor.py:840} INFO - DAG(s) 'tutorial' retrieved from /home/athlon/projects/airflow/.venv/lib/python3.11/site-packages/airflow/example_dags/tutorial.py
[2024-04-26T22:20:19.992-0300] {logging_mixin.py:188} INFO - [2024-04-26T22:20:19.991-0300] {dag.py:3096} INFO - Sync 1 DAGs
[2024-04-26T22:20:20.023-0300] {logging_mixin.py:188} INFO - [2024-04-26T22:20:20.023-0300] {dag.py:3954} INFO - Setting next_dagrun for tutorial to 2024-04-26 00:00:00+00:00, run_after=2024-04-27 00:00:00+00:00
[2024-04-26T22:20:20.056-0300] {processor.py:183} INFO - Processing /home/athlon/projects/airflow/.venv/lib/python3.11/site-packages/airflow/example_dags/tutorial.py took 0.119 seconds
[2024-04-26T22:21:40.514-0300] {processor.py:161} INFO - Started process (PID=24080) to work on /home/athlon/projects/airflow/.venv/lib/python3.11/site-packages/airflow/example_dags/tutorial.py
[2024-04-26T22:21:40.516-0300] {processor.py:830} INFO - Processing file /home/athlon/projects/airflow/.venv/lib/python3.11/site-packages/airflow/example_dags/tutorial.py for tasks to queue
[2024-04-26T22:21:40.526-0300] {logging_mixin.py:188} INFO - [2024-04-26T22:21:40.519-0300] {dagbag.py:540} INFO - Filling up the DagBag from /home/athlon/projects/airflow/.venv/lib/python3.11/site-packages/airflow/example_dags/tutorial.py
[2024-04-26T22:21:40.562-0300] {processor.py:840} INFO - DAG(s) 'tutorial' retrieved from /home/athlon/projects/airflow/.venv/lib/python3.11/site-packages/airflow/example_dags/tutorial.py
[2024-04-26T22:21:40.606-0300] {logging_mixin.py:188} INFO - [2024-04-26T22:21:40.606-0300] {dag.py:3096} INFO - Sync 1 DAGs
[2024-04-26T22:21:40.650-0300] {logging_mixin.py:188} INFO - [2024-04-26T22:21:40.650-0300] {dag.py:3954} INFO - Setting next_dagrun for tutorial to 2024-04-26 00:00:00+00:00, run_after=2024-04-27 00:00:00+00:00
[2024-04-26T22:21:40.708-0300] {processor.py:183} INFO - Processing /home/athlon/projects/airflow/.venv/lib/python3.11/site-packages/airflow/example_dags/tutorial.py took 0.211 seconds
