[2024-04-26T21:24:59.981-0300] {processor.py:161} INFO - Started process (PID=17692) to work on /home/athlon/projects/airflow/.venv/lib/python3.11/site-packages/airflow/example_dags/tutorial_taskflow_api.py
[2024-04-26T21:24:59.983-0300] {processor.py:830} INFO - Processing file /home/athlon/projects/airflow/.venv/lib/python3.11/site-packages/airflow/example_dags/tutorial_taskflow_api.py for tasks to queue
[2024-04-26T21:24:59.985-0300] {logging_mixin.py:188} INFO - [2024-04-26T21:24:59.985-0300] {dagbag.py:540} INFO - Filling up the DagBag from /home/athlon/projects/airflow/.venv/lib/python3.11/site-packages/airflow/example_dags/tutorial_taskflow_api.py
[2024-04-26T21:25:00.003-0300] {processor.py:840} INFO - DAG(s) 'tutorial_taskflow_api' retrieved from /home/athlon/projects/airflow/.venv/lib/python3.11/site-packages/airflow/example_dags/tutorial_taskflow_api.py
[2024-04-26T21:25:00.034-0300] {logging_mixin.py:188} INFO - [2024-04-26T21:25:00.033-0300] {dag.py:3096} INFO - Sync 1 DAGs
[2024-04-26T21:25:00.050-0300] {logging_mixin.py:188} INFO - [2024-04-26T21:25:00.050-0300] {dag.py:3954} INFO - Setting next_dagrun for tutorial_taskflow_api to None, run_after=None
[2024-04-26T21:25:00.082-0300] {processor.py:183} INFO - Processing /home/athlon/projects/airflow/.venv/lib/python3.11/site-packages/airflow/example_dags/tutorial_taskflow_api.py took 0.111 seconds
[2024-04-26T21:25:58.056-0300] {processor.py:161} INFO - Started process (PID=17819) to work on /home/athlon/projects/airflow/.venv/lib/python3.11/site-packages/airflow/example_dags/tutorial_taskflow_api.py
[2024-04-26T21:25:58.062-0300] {processor.py:830} INFO - Processing file /home/athlon/projects/airflow/.venv/lib/python3.11/site-packages/airflow/example_dags/tutorial_taskflow_api.py for tasks to queue
[2024-04-26T21:25:58.065-0300] {logging_mixin.py:188} INFO - [2024-04-26T21:25:58.064-0300] {dagbag.py:540} INFO - Filling up the DagBag from /home/athlon/projects/airflow/.venv/lib/python3.11/site-packages/airflow/example_dags/tutorial_taskflow_api.py
[2024-04-26T21:25:58.077-0300] {processor.py:840} INFO - DAG(s) 'tutorial_taskflow_api' retrieved from /home/athlon/projects/airflow/.venv/lib/python3.11/site-packages/airflow/example_dags/tutorial_taskflow_api.py
[2024-04-26T21:25:58.101-0300] {logging_mixin.py:188} INFO - [2024-04-26T21:25:58.101-0300] {dag.py:3096} INFO - Sync 1 DAGs
[2024-04-26T21:25:58.118-0300] {logging_mixin.py:188} INFO - [2024-04-26T21:25:58.117-0300] {dag.py:3954} INFO - Setting next_dagrun for tutorial_taskflow_api to None, run_after=None
[2024-04-26T21:25:58.145-0300] {processor.py:183} INFO - Processing /home/athlon/projects/airflow/.venv/lib/python3.11/site-packages/airflow/example_dags/tutorial_taskflow_api.py took 0.099 seconds
[2024-04-26T21:26:53.623-0300] {processor.py:161} INFO - Started process (PID=17905) to work on /home/athlon/projects/airflow/.venv/lib/python3.11/site-packages/airflow/example_dags/tutorial_taskflow_api.py
[2024-04-26T21:26:53.629-0300] {processor.py:830} INFO - Processing file /home/athlon/projects/airflow/.venv/lib/python3.11/site-packages/airflow/example_dags/tutorial_taskflow_api.py for tasks to queue
[2024-04-26T21:26:53.631-0300] {logging_mixin.py:188} INFO - [2024-04-26T21:26:53.631-0300] {dagbag.py:540} INFO - Filling up the DagBag from /home/athlon/projects/airflow/.venv/lib/python3.11/site-packages/airflow/example_dags/tutorial_taskflow_api.py
[2024-04-26T21:26:53.641-0300] {processor.py:840} INFO - DAG(s) 'tutorial_taskflow_api' retrieved from /home/athlon/projects/airflow/.venv/lib/python3.11/site-packages/airflow/example_dags/tutorial_taskflow_api.py
[2024-04-26T21:26:53.662-0300] {logging_mixin.py:188} INFO - [2024-04-26T21:26:53.662-0300] {dag.py:3096} INFO - Sync 1 DAGs
[2024-04-26T21:26:53.679-0300] {logging_mixin.py:188} INFO - [2024-04-26T21:26:53.678-0300] {dag.py:3954} INFO - Setting next_dagrun for tutorial_taskflow_api to None, run_after=None
[2024-04-26T21:26:53.707-0300] {processor.py:183} INFO - Processing /home/athlon/projects/airflow/.venv/lib/python3.11/site-packages/airflow/example_dags/tutorial_taskflow_api.py took 0.092 seconds
[2024-04-26T21:27:50.821-0300] {processor.py:161} INFO - Started process (PID=17979) to work on /home/athlon/projects/airflow/.venv/lib/python3.11/site-packages/airflow/example_dags/tutorial_taskflow_api.py
[2024-04-26T21:27:50.826-0300] {processor.py:830} INFO - Processing file /home/athlon/projects/airflow/.venv/lib/python3.11/site-packages/airflow/example_dags/tutorial_taskflow_api.py for tasks to queue
[2024-04-26T21:27:50.829-0300] {logging_mixin.py:188} INFO - [2024-04-26T21:27:50.828-0300] {dagbag.py:540} INFO - Filling up the DagBag from /home/athlon/projects/airflow/.venv/lib/python3.11/site-packages/airflow/example_dags/tutorial_taskflow_api.py
[2024-04-26T21:27:50.840-0300] {processor.py:840} INFO - DAG(s) 'tutorial_taskflow_api' retrieved from /home/athlon/projects/airflow/.venv/lib/python3.11/site-packages/airflow/example_dags/tutorial_taskflow_api.py
[2024-04-26T21:27:50.864-0300] {logging_mixin.py:188} INFO - [2024-04-26T21:27:50.864-0300] {dag.py:3096} INFO - Sync 1 DAGs
[2024-04-26T21:27:50.881-0300] {logging_mixin.py:188} INFO - [2024-04-26T21:27:50.880-0300] {dag.py:3954} INFO - Setting next_dagrun for tutorial_taskflow_api to None, run_after=None
[2024-04-26T21:27:50.909-0300] {processor.py:183} INFO - Processing /home/athlon/projects/airflow/.venv/lib/python3.11/site-packages/airflow/example_dags/tutorial_taskflow_api.py took 0.099 seconds
[2024-04-26T21:28:49.708-0300] {processor.py:161} INFO - Started process (PID=18065) to work on /home/athlon/projects/airflow/.venv/lib/python3.11/site-packages/airflow/example_dags/tutorial_taskflow_api.py
[2024-04-26T21:28:49.710-0300] {processor.py:830} INFO - Processing file /home/athlon/projects/airflow/.venv/lib/python3.11/site-packages/airflow/example_dags/tutorial_taskflow_api.py for tasks to queue
[2024-04-26T21:28:49.713-0300] {logging_mixin.py:188} INFO - [2024-04-26T21:28:49.712-0300] {dagbag.py:540} INFO - Filling up the DagBag from /home/athlon/projects/airflow/.venv/lib/python3.11/site-packages/airflow/example_dags/tutorial_taskflow_api.py
[2024-04-26T21:28:49.723-0300] {processor.py:840} INFO - DAG(s) 'tutorial_taskflow_api' retrieved from /home/athlon/projects/airflow/.venv/lib/python3.11/site-packages/airflow/example_dags/tutorial_taskflow_api.py
[2024-04-26T21:28:49.745-0300] {logging_mixin.py:188} INFO - [2024-04-26T21:28:49.745-0300] {dag.py:3096} INFO - Sync 1 DAGs
[2024-04-26T21:28:49.761-0300] {logging_mixin.py:188} INFO - [2024-04-26T21:28:49.761-0300] {dag.py:3954} INFO - Setting next_dagrun for tutorial_taskflow_api to None, run_after=None
[2024-04-26T21:28:49.791-0300] {processor.py:183} INFO - Processing /home/athlon/projects/airflow/.venv/lib/python3.11/site-packages/airflow/example_dags/tutorial_taskflow_api.py took 0.092 seconds
[2024-04-26T21:29:51.589-0300] {processor.py:161} INFO - Started process (PID=18685) to work on /home/athlon/projects/airflow/.venv/lib/python3.11/site-packages/airflow/example_dags/tutorial_taskflow_api.py
[2024-04-26T21:29:51.590-0300] {processor.py:830} INFO - Processing file /home/athlon/projects/airflow/.venv/lib/python3.11/site-packages/airflow/example_dags/tutorial_taskflow_api.py for tasks to queue
[2024-04-26T21:29:51.596-0300] {logging_mixin.py:188} INFO - [2024-04-26T21:29:51.595-0300] {dagbag.py:540} INFO - Filling up the DagBag from /home/athlon/projects/airflow/.venv/lib/python3.11/site-packages/airflow/example_dags/tutorial_taskflow_api.py
[2024-04-26T21:29:51.609-0300] {processor.py:840} INFO - DAG(s) 'tutorial_taskflow_api' retrieved from /home/athlon/projects/airflow/.venv/lib/python3.11/site-packages/airflow/example_dags/tutorial_taskflow_api.py
[2024-04-26T21:29:51.635-0300] {logging_mixin.py:188} INFO - [2024-04-26T21:29:51.634-0300] {dag.py:3096} INFO - Sync 1 DAGs
[2024-04-26T21:29:51.657-0300] {logging_mixin.py:188} INFO - [2024-04-26T21:29:51.657-0300] {dag.py:3954} INFO - Setting next_dagrun for tutorial_taskflow_api to None, run_after=None
[2024-04-26T21:29:51.693-0300] {processor.py:183} INFO - Processing /home/athlon/projects/airflow/.venv/lib/python3.11/site-packages/airflow/example_dags/tutorial_taskflow_api.py took 0.117 seconds
[2024-04-26T21:30:24.485-0300] {processor.py:161} INFO - Started process (PID=18727) to work on /home/athlon/projects/airflow/.venv/lib/python3.11/site-packages/airflow/example_dags/tutorial_taskflow_api.py
[2024-04-26T21:30:24.487-0300] {processor.py:830} INFO - Processing file /home/athlon/projects/airflow/.venv/lib/python3.11/site-packages/airflow/example_dags/tutorial_taskflow_api.py for tasks to queue
[2024-04-26T21:30:24.490-0300] {logging_mixin.py:188} INFO - [2024-04-26T21:30:24.489-0300] {dagbag.py:540} INFO - Filling up the DagBag from /home/athlon/projects/airflow/.venv/lib/python3.11/site-packages/airflow/example_dags/tutorial_taskflow_api.py
[2024-04-26T21:30:24.500-0300] {processor.py:840} INFO - DAG(s) 'tutorial_taskflow_api' retrieved from /home/athlon/projects/airflow/.venv/lib/python3.11/site-packages/airflow/example_dags/tutorial_taskflow_api.py
[2024-04-26T21:30:24.522-0300] {logging_mixin.py:188} INFO - [2024-04-26T21:30:24.522-0300] {dag.py:3096} INFO - Sync 1 DAGs
[2024-04-26T21:30:24.684-0300] {logging_mixin.py:188} INFO - [2024-04-26T21:30:24.684-0300] {dag.py:3954} INFO - Setting next_dagrun for tutorial_taskflow_api to None, run_after=None
[2024-04-26T21:30:24.715-0300] {processor.py:183} INFO - Processing /home/athlon/projects/airflow/.venv/lib/python3.11/site-packages/airflow/example_dags/tutorial_taskflow_api.py took 0.240 seconds
[2024-04-26T21:31:26.014-0300] {processor.py:161} INFO - Started process (PID=18799) to work on /home/athlon/projects/airflow/.venv/lib/python3.11/site-packages/airflow/example_dags/tutorial_taskflow_api.py
[2024-04-26T21:31:26.020-0300] {processor.py:830} INFO - Processing file /home/athlon/projects/airflow/.venv/lib/python3.11/site-packages/airflow/example_dags/tutorial_taskflow_api.py for tasks to queue
[2024-04-26T21:31:26.022-0300] {logging_mixin.py:188} INFO - [2024-04-26T21:31:26.022-0300] {dagbag.py:540} INFO - Filling up the DagBag from /home/athlon/projects/airflow/.venv/lib/python3.11/site-packages/airflow/example_dags/tutorial_taskflow_api.py
[2024-04-26T21:31:26.032-0300] {processor.py:840} INFO - DAG(s) 'tutorial_taskflow_api' retrieved from /home/athlon/projects/airflow/.venv/lib/python3.11/site-packages/airflow/example_dags/tutorial_taskflow_api.py
[2024-04-26T21:31:26.054-0300] {logging_mixin.py:188} INFO - [2024-04-26T21:31:26.054-0300] {dag.py:3096} INFO - Sync 1 DAGs
[2024-04-26T21:31:26.072-0300] {logging_mixin.py:188} INFO - [2024-04-26T21:31:26.072-0300] {dag.py:3954} INFO - Setting next_dagrun for tutorial_taskflow_api to None, run_after=None
[2024-04-26T21:31:26.101-0300] {processor.py:183} INFO - Processing /home/athlon/projects/airflow/.venv/lib/python3.11/site-packages/airflow/example_dags/tutorial_taskflow_api.py took 0.097 seconds
[2024-04-26T21:32:24.958-0300] {processor.py:161} INFO - Started process (PID=18859) to work on /home/athlon/projects/airflow/.venv/lib/python3.11/site-packages/airflow/example_dags/tutorial_taskflow_api.py
[2024-04-26T21:32:24.964-0300] {processor.py:830} INFO - Processing file /home/athlon/projects/airflow/.venv/lib/python3.11/site-packages/airflow/example_dags/tutorial_taskflow_api.py for tasks to queue
[2024-04-26T21:32:24.967-0300] {logging_mixin.py:188} INFO - [2024-04-26T21:32:24.966-0300] {dagbag.py:540} INFO - Filling up the DagBag from /home/athlon/projects/airflow/.venv/lib/python3.11/site-packages/airflow/example_dags/tutorial_taskflow_api.py
[2024-04-26T21:32:24.978-0300] {processor.py:840} INFO - DAG(s) 'tutorial_taskflow_api' retrieved from /home/athlon/projects/airflow/.venv/lib/python3.11/site-packages/airflow/example_dags/tutorial_taskflow_api.py
[2024-04-26T21:32:25.003-0300] {logging_mixin.py:188} INFO - [2024-04-26T21:32:25.002-0300] {dag.py:3096} INFO - Sync 1 DAGs
[2024-04-26T21:32:25.021-0300] {logging_mixin.py:188} INFO - [2024-04-26T21:32:25.020-0300] {dag.py:3954} INFO - Setting next_dagrun for tutorial_taskflow_api to None, run_after=None
[2024-04-26T21:32:25.050-0300] {processor.py:183} INFO - Processing /home/athlon/projects/airflow/.venv/lib/python3.11/site-packages/airflow/example_dags/tutorial_taskflow_api.py took 0.103 seconds
[2024-04-26T21:33:21.738-0300] {processor.py:161} INFO - Started process (PID=18911) to work on /home/athlon/projects/airflow/.venv/lib/python3.11/site-packages/airflow/example_dags/tutorial_taskflow_api.py
[2024-04-26T21:33:21.743-0300] {processor.py:830} INFO - Processing file /home/athlon/projects/airflow/.venv/lib/python3.11/site-packages/airflow/example_dags/tutorial_taskflow_api.py for tasks to queue
[2024-04-26T21:33:21.746-0300] {logging_mixin.py:188} INFO - [2024-04-26T21:33:21.745-0300] {dagbag.py:540} INFO - Filling up the DagBag from /home/athlon/projects/airflow/.venv/lib/python3.11/site-packages/airflow/example_dags/tutorial_taskflow_api.py
[2024-04-26T21:33:21.757-0300] {processor.py:840} INFO - DAG(s) 'tutorial_taskflow_api' retrieved from /home/athlon/projects/airflow/.venv/lib/python3.11/site-packages/airflow/example_dags/tutorial_taskflow_api.py
[2024-04-26T21:33:21.780-0300] {logging_mixin.py:188} INFO - [2024-04-26T21:33:21.780-0300] {dag.py:3096} INFO - Sync 1 DAGs
[2024-04-26T21:33:21.797-0300] {logging_mixin.py:188} INFO - [2024-04-26T21:33:21.796-0300] {dag.py:3954} INFO - Setting next_dagrun for tutorial_taskflow_api to None, run_after=None
[2024-04-26T21:33:21.827-0300] {processor.py:183} INFO - Processing /home/athlon/projects/airflow/.venv/lib/python3.11/site-packages/airflow/example_dags/tutorial_taskflow_api.py took 0.099 seconds
[2024-04-26T21:33:54.825-0300] {processor.py:161} INFO - Started process (PID=19110) to work on /home/athlon/projects/airflow/.venv/lib/python3.11/site-packages/airflow/example_dags/tutorial_taskflow_api.py
[2024-04-26T21:33:54.827-0300] {processor.py:830} INFO - Processing file /home/athlon/projects/airflow/.venv/lib/python3.11/site-packages/airflow/example_dags/tutorial_taskflow_api.py for tasks to queue
[2024-04-26T21:33:54.830-0300] {logging_mixin.py:188} INFO - [2024-04-26T21:33:54.830-0300] {dagbag.py:540} INFO - Filling up the DagBag from /home/athlon/projects/airflow/.venv/lib/python3.11/site-packages/airflow/example_dags/tutorial_taskflow_api.py
[2024-04-26T21:33:54.841-0300] {processor.py:840} INFO - DAG(s) 'tutorial_taskflow_api' retrieved from /home/athlon/projects/airflow/.venv/lib/python3.11/site-packages/airflow/example_dags/tutorial_taskflow_api.py
[2024-04-26T21:33:54.893-0300] {logging_mixin.py:188} INFO - [2024-04-26T21:33:54.892-0300] {dag.py:3096} INFO - Sync 1 DAGs
[2024-04-26T21:33:54.934-0300] {logging_mixin.py:188} INFO - [2024-04-26T21:33:54.933-0300] {dag.py:3954} INFO - Setting next_dagrun for tutorial_taskflow_api to None, run_after=None
[2024-04-26T21:33:55.202-0300] {processor.py:183} INFO - Processing /home/athlon/projects/airflow/.venv/lib/python3.11/site-packages/airflow/example_dags/tutorial_taskflow_api.py took 0.387 seconds
[2024-04-26T21:35:12.987-0300] {processor.py:161} INFO - Started process (PID=19199) to work on /home/athlon/projects/airflow/.venv/lib/python3.11/site-packages/airflow/example_dags/tutorial_taskflow_api.py
[2024-04-26T21:35:12.993-0300] {processor.py:830} INFO - Processing file /home/athlon/projects/airflow/.venv/lib/python3.11/site-packages/airflow/example_dags/tutorial_taskflow_api.py for tasks to queue
[2024-04-26T21:35:12.996-0300] {logging_mixin.py:188} INFO - [2024-04-26T21:35:12.995-0300] {dagbag.py:540} INFO - Filling up the DagBag from /home/athlon/projects/airflow/.venv/lib/python3.11/site-packages/airflow/example_dags/tutorial_taskflow_api.py
[2024-04-26T21:35:13.007-0300] {processor.py:840} INFO - DAG(s) 'tutorial_taskflow_api' retrieved from /home/athlon/projects/airflow/.venv/lib/python3.11/site-packages/airflow/example_dags/tutorial_taskflow_api.py
[2024-04-26T21:35:13.030-0300] {logging_mixin.py:188} INFO - [2024-04-26T21:35:13.030-0300] {dag.py:3096} INFO - Sync 1 DAGs
[2024-04-26T21:35:13.047-0300] {logging_mixin.py:188} INFO - [2024-04-26T21:35:13.047-0300] {dag.py:3954} INFO - Setting next_dagrun for tutorial_taskflow_api to None, run_after=None
[2024-04-26T21:35:13.077-0300] {processor.py:183} INFO - Processing /home/athlon/projects/airflow/.venv/lib/python3.11/site-packages/airflow/example_dags/tutorial_taskflow_api.py took 0.100 seconds
[2024-04-26T21:35:58.894-0300] {processor.py:161} INFO - Started process (PID=19250) to work on /home/athlon/projects/airflow/.venv/lib/python3.11/site-packages/airflow/example_dags/tutorial_taskflow_api.py
[2024-04-26T21:35:58.899-0300] {processor.py:830} INFO - Processing file /home/athlon/projects/airflow/.venv/lib/python3.11/site-packages/airflow/example_dags/tutorial_taskflow_api.py for tasks to queue
[2024-04-26T21:35:58.902-0300] {logging_mixin.py:188} INFO - [2024-04-26T21:35:58.902-0300] {dagbag.py:540} INFO - Filling up the DagBag from /home/athlon/projects/airflow/.venv/lib/python3.11/site-packages/airflow/example_dags/tutorial_taskflow_api.py
[2024-04-26T21:35:58.914-0300] {processor.py:840} INFO - DAG(s) 'tutorial_taskflow_api' retrieved from /home/athlon/projects/airflow/.venv/lib/python3.11/site-packages/airflow/example_dags/tutorial_taskflow_api.py
[2024-04-26T21:35:58.937-0300] {logging_mixin.py:188} INFO - [2024-04-26T21:35:58.937-0300] {dag.py:3096} INFO - Sync 1 DAGs
[2024-04-26T21:35:58.955-0300] {logging_mixin.py:188} INFO - [2024-04-26T21:35:58.955-0300] {dag.py:3954} INFO - Setting next_dagrun for tutorial_taskflow_api to None, run_after=None
[2024-04-26T21:35:58.983-0300] {processor.py:183} INFO - Processing /home/athlon/projects/airflow/.venv/lib/python3.11/site-packages/airflow/example_dags/tutorial_taskflow_api.py took 0.100 seconds
[2024-04-26T21:36:58.178-0300] {processor.py:161} INFO - Started process (PID=19315) to work on /home/athlon/projects/airflow/.venv/lib/python3.11/site-packages/airflow/example_dags/tutorial_taskflow_api.py
[2024-04-26T21:36:58.184-0300] {processor.py:830} INFO - Processing file /home/athlon/projects/airflow/.venv/lib/python3.11/site-packages/airflow/example_dags/tutorial_taskflow_api.py for tasks to queue
[2024-04-26T21:36:58.186-0300] {logging_mixin.py:188} INFO - [2024-04-26T21:36:58.186-0300] {dagbag.py:540} INFO - Filling up the DagBag from /home/athlon/projects/airflow/.venv/lib/python3.11/site-packages/airflow/example_dags/tutorial_taskflow_api.py
[2024-04-26T21:36:58.198-0300] {processor.py:840} INFO - DAG(s) 'tutorial_taskflow_api' retrieved from /home/athlon/projects/airflow/.venv/lib/python3.11/site-packages/airflow/example_dags/tutorial_taskflow_api.py
[2024-04-26T21:36:58.221-0300] {logging_mixin.py:188} INFO - [2024-04-26T21:36:58.221-0300] {dag.py:3096} INFO - Sync 1 DAGs
[2024-04-26T21:36:58.239-0300] {logging_mixin.py:188} INFO - [2024-04-26T21:36:58.239-0300] {dag.py:3954} INFO - Setting next_dagrun for tutorial_taskflow_api to None, run_after=None
[2024-04-26T21:36:58.268-0300] {processor.py:183} INFO - Processing /home/athlon/projects/airflow/.venv/lib/python3.11/site-packages/airflow/example_dags/tutorial_taskflow_api.py took 0.100 seconds
[2024-04-26T21:37:55.018-0300] {processor.py:161} INFO - Started process (PID=19376) to work on /home/athlon/projects/airflow/.venv/lib/python3.11/site-packages/airflow/example_dags/tutorial_taskflow_api.py
[2024-04-26T21:37:55.019-0300] {processor.py:830} INFO - Processing file /home/athlon/projects/airflow/.venv/lib/python3.11/site-packages/airflow/example_dags/tutorial_taskflow_api.py for tasks to queue
[2024-04-26T21:37:55.022-0300] {logging_mixin.py:188} INFO - [2024-04-26T21:37:55.021-0300] {dagbag.py:540} INFO - Filling up the DagBag from /home/athlon/projects/airflow/.venv/lib/python3.11/site-packages/airflow/example_dags/tutorial_taskflow_api.py
[2024-04-26T21:37:55.033-0300] {processor.py:840} INFO - DAG(s) 'tutorial_taskflow_api' retrieved from /home/athlon/projects/airflow/.venv/lib/python3.11/site-packages/airflow/example_dags/tutorial_taskflow_api.py
[2024-04-26T21:37:55.057-0300] {logging_mixin.py:188} INFO - [2024-04-26T21:37:55.057-0300] {dag.py:3096} INFO - Sync 1 DAGs
[2024-04-26T21:37:55.081-0300] {logging_mixin.py:188} INFO - [2024-04-26T21:37:55.080-0300] {dag.py:3954} INFO - Setting next_dagrun for tutorial_taskflow_api to None, run_after=None
[2024-04-26T21:37:55.117-0300] {processor.py:183} INFO - Processing /home/athlon/projects/airflow/.venv/lib/python3.11/site-packages/airflow/example_dags/tutorial_taskflow_api.py took 0.107 seconds
[2024-04-26T21:38:53.486-0300] {processor.py:161} INFO - Started process (PID=19444) to work on /home/athlon/projects/airflow/.venv/lib/python3.11/site-packages/airflow/example_dags/tutorial_taskflow_api.py
[2024-04-26T21:38:53.492-0300] {processor.py:830} INFO - Processing file /home/athlon/projects/airflow/.venv/lib/python3.11/site-packages/airflow/example_dags/tutorial_taskflow_api.py for tasks to queue
[2024-04-26T21:38:53.495-0300] {logging_mixin.py:188} INFO - [2024-04-26T21:38:53.494-0300] {dagbag.py:540} INFO - Filling up the DagBag from /home/athlon/projects/airflow/.venv/lib/python3.11/site-packages/airflow/example_dags/tutorial_taskflow_api.py
[2024-04-26T21:38:53.506-0300] {processor.py:840} INFO - DAG(s) 'tutorial_taskflow_api' retrieved from /home/athlon/projects/airflow/.venv/lib/python3.11/site-packages/airflow/example_dags/tutorial_taskflow_api.py
[2024-04-26T21:38:53.530-0300] {logging_mixin.py:188} INFO - [2024-04-26T21:38:53.530-0300] {dag.py:3096} INFO - Sync 1 DAGs
[2024-04-26T21:38:53.547-0300] {logging_mixin.py:188} INFO - [2024-04-26T21:38:53.547-0300] {dag.py:3954} INFO - Setting next_dagrun for tutorial_taskflow_api to None, run_after=None
[2024-04-26T21:38:53.578-0300] {processor.py:183} INFO - Processing /home/athlon/projects/airflow/.venv/lib/python3.11/site-packages/airflow/example_dags/tutorial_taskflow_api.py took 0.102 seconds
[2024-04-26T21:39:52.710-0300] {processor.py:161} INFO - Started process (PID=19543) to work on /home/athlon/projects/airflow/.venv/lib/python3.11/site-packages/airflow/example_dags/tutorial_taskflow_api.py
[2024-04-26T21:39:52.716-0300] {processor.py:830} INFO - Processing file /home/athlon/projects/airflow/.venv/lib/python3.11/site-packages/airflow/example_dags/tutorial_taskflow_api.py for tasks to queue
[2024-04-26T21:39:52.718-0300] {logging_mixin.py:188} INFO - [2024-04-26T21:39:52.717-0300] {dagbag.py:540} INFO - Filling up the DagBag from /home/athlon/projects/airflow/.venv/lib/python3.11/site-packages/airflow/example_dags/tutorial_taskflow_api.py
[2024-04-26T21:39:52.728-0300] {processor.py:840} INFO - DAG(s) 'tutorial_taskflow_api' retrieved from /home/athlon/projects/airflow/.venv/lib/python3.11/site-packages/airflow/example_dags/tutorial_taskflow_api.py
[2024-04-26T21:39:52.750-0300] {logging_mixin.py:188} INFO - [2024-04-26T21:39:52.750-0300] {dag.py:3096} INFO - Sync 1 DAGs
[2024-04-26T21:39:52.767-0300] {logging_mixin.py:188} INFO - [2024-04-26T21:39:52.766-0300] {dag.py:3954} INFO - Setting next_dagrun for tutorial_taskflow_api to None, run_after=None
[2024-04-26T21:39:52.798-0300] {processor.py:183} INFO - Processing /home/athlon/projects/airflow/.venv/lib/python3.11/site-packages/airflow/example_dags/tutorial_taskflow_api.py took 0.096 seconds
[2024-04-26T21:40:51.026-0300] {processor.py:161} INFO - Started process (PID=19714) to work on /home/athlon/projects/airflow/.venv/lib/python3.11/site-packages/airflow/example_dags/tutorial_taskflow_api.py
[2024-04-26T21:40:51.032-0300] {processor.py:830} INFO - Processing file /home/athlon/projects/airflow/.venv/lib/python3.11/site-packages/airflow/example_dags/tutorial_taskflow_api.py for tasks to queue
[2024-04-26T21:40:51.034-0300] {logging_mixin.py:188} INFO - [2024-04-26T21:40:51.034-0300] {dagbag.py:540} INFO - Filling up the DagBag from /home/athlon/projects/airflow/.venv/lib/python3.11/site-packages/airflow/example_dags/tutorial_taskflow_api.py
[2024-04-26T21:40:51.045-0300] {processor.py:840} INFO - DAG(s) 'tutorial_taskflow_api' retrieved from /home/athlon/projects/airflow/.venv/lib/python3.11/site-packages/airflow/example_dags/tutorial_taskflow_api.py
[2024-04-26T21:40:51.067-0300] {logging_mixin.py:188} INFO - [2024-04-26T21:40:51.067-0300] {dag.py:3096} INFO - Sync 1 DAGs
[2024-04-26T21:40:51.084-0300] {logging_mixin.py:188} INFO - [2024-04-26T21:40:51.084-0300] {dag.py:3954} INFO - Setting next_dagrun for tutorial_taskflow_api to None, run_after=None
[2024-04-26T21:40:51.114-0300] {processor.py:183} INFO - Processing /home/athlon/projects/airflow/.venv/lib/python3.11/site-packages/airflow/example_dags/tutorial_taskflow_api.py took 0.097 seconds
[2024-04-26T21:41:46.889-0300] {processor.py:161} INFO - Started process (PID=19779) to work on /home/athlon/projects/airflow/.venv/lib/python3.11/site-packages/airflow/example_dags/tutorial_taskflow_api.py
[2024-04-26T21:41:46.895-0300] {processor.py:830} INFO - Processing file /home/athlon/projects/airflow/.venv/lib/python3.11/site-packages/airflow/example_dags/tutorial_taskflow_api.py for tasks to queue
[2024-04-26T21:41:46.898-0300] {logging_mixin.py:188} INFO - [2024-04-26T21:41:46.897-0300] {dagbag.py:540} INFO - Filling up the DagBag from /home/athlon/projects/airflow/.venv/lib/python3.11/site-packages/airflow/example_dags/tutorial_taskflow_api.py
[2024-04-26T21:41:46.910-0300] {processor.py:840} INFO - DAG(s) 'tutorial_taskflow_api' retrieved from /home/athlon/projects/airflow/.venv/lib/python3.11/site-packages/airflow/example_dags/tutorial_taskflow_api.py
[2024-04-26T21:41:46.934-0300] {logging_mixin.py:188} INFO - [2024-04-26T21:41:46.934-0300] {dag.py:3096} INFO - Sync 1 DAGs
[2024-04-26T21:41:46.951-0300] {logging_mixin.py:188} INFO - [2024-04-26T21:41:46.951-0300] {dag.py:3954} INFO - Setting next_dagrun for tutorial_taskflow_api to None, run_after=None
[2024-04-26T21:41:46.981-0300] {processor.py:183} INFO - Processing /home/athlon/projects/airflow/.venv/lib/python3.11/site-packages/airflow/example_dags/tutorial_taskflow_api.py took 0.102 seconds
[2024-04-26T21:42:46.626-0300] {processor.py:161} INFO - Started process (PID=19854) to work on /home/athlon/projects/airflow/.venv/lib/python3.11/site-packages/airflow/example_dags/tutorial_taskflow_api.py
[2024-04-26T21:42:46.631-0300] {processor.py:830} INFO - Processing file /home/athlon/projects/airflow/.venv/lib/python3.11/site-packages/airflow/example_dags/tutorial_taskflow_api.py for tasks to queue
[2024-04-26T21:42:46.634-0300] {logging_mixin.py:188} INFO - [2024-04-26T21:42:46.634-0300] {dagbag.py:540} INFO - Filling up the DagBag from /home/athlon/projects/airflow/.venv/lib/python3.11/site-packages/airflow/example_dags/tutorial_taskflow_api.py
[2024-04-26T21:42:46.646-0300] {processor.py:840} INFO - DAG(s) 'tutorial_taskflow_api' retrieved from /home/athlon/projects/airflow/.venv/lib/python3.11/site-packages/airflow/example_dags/tutorial_taskflow_api.py
[2024-04-26T21:42:46.670-0300] {logging_mixin.py:188} INFO - [2024-04-26T21:42:46.670-0300] {dag.py:3096} INFO - Sync 1 DAGs
[2024-04-26T21:42:46.688-0300] {logging_mixin.py:188} INFO - [2024-04-26T21:42:46.687-0300] {dag.py:3954} INFO - Setting next_dagrun for tutorial_taskflow_api to None, run_after=None
[2024-04-26T21:42:46.718-0300] {processor.py:183} INFO - Processing /home/athlon/projects/airflow/.venv/lib/python3.11/site-packages/airflow/example_dags/tutorial_taskflow_api.py took 0.103 seconds
[2024-04-26T21:43:19.423-0300] {processor.py:161} INFO - Started process (PID=19889) to work on /home/athlon/projects/airflow/.venv/lib/python3.11/site-packages/airflow/example_dags/tutorial_taskflow_api.py
[2024-04-26T21:43:19.428-0300] {processor.py:830} INFO - Processing file /home/athlon/projects/airflow/.venv/lib/python3.11/site-packages/airflow/example_dags/tutorial_taskflow_api.py for tasks to queue
[2024-04-26T21:43:19.430-0300] {logging_mixin.py:188} INFO - [2024-04-26T21:43:19.430-0300] {dagbag.py:540} INFO - Filling up the DagBag from /home/athlon/projects/airflow/.venv/lib/python3.11/site-packages/airflow/example_dags/tutorial_taskflow_api.py
[2024-04-26T21:43:19.440-0300] {processor.py:840} INFO - DAG(s) 'tutorial_taskflow_api' retrieved from /home/athlon/projects/airflow/.venv/lib/python3.11/site-packages/airflow/example_dags/tutorial_taskflow_api.py
[2024-04-26T21:43:19.462-0300] {logging_mixin.py:188} INFO - [2024-04-26T21:43:19.462-0300] {dag.py:3096} INFO - Sync 1 DAGs
[2024-04-26T21:43:19.479-0300] {logging_mixin.py:188} INFO - [2024-04-26T21:43:19.479-0300] {dag.py:3954} INFO - Setting next_dagrun for tutorial_taskflow_api to None, run_after=None
[2024-04-26T21:43:19.509-0300] {processor.py:183} INFO - Processing /home/athlon/projects/airflow/.venv/lib/python3.11/site-packages/airflow/example_dags/tutorial_taskflow_api.py took 0.095 seconds
[2024-04-26T21:44:15.158-0300] {processor.py:161} INFO - Started process (PID=19959) to work on /home/athlon/projects/airflow/.venv/lib/python3.11/site-packages/airflow/example_dags/tutorial_taskflow_api.py
[2024-04-26T21:44:15.164-0300] {processor.py:830} INFO - Processing file /home/athlon/projects/airflow/.venv/lib/python3.11/site-packages/airflow/example_dags/tutorial_taskflow_api.py for tasks to queue
[2024-04-26T21:44:15.167-0300] {logging_mixin.py:188} INFO - [2024-04-26T21:44:15.166-0300] {dagbag.py:540} INFO - Filling up the DagBag from /home/athlon/projects/airflow/.venv/lib/python3.11/site-packages/airflow/example_dags/tutorial_taskflow_api.py
[2024-04-26T21:44:15.179-0300] {processor.py:840} INFO - DAG(s) 'tutorial_taskflow_api' retrieved from /home/athlon/projects/airflow/.venv/lib/python3.11/site-packages/airflow/example_dags/tutorial_taskflow_api.py
[2024-04-26T21:44:15.209-0300] {logging_mixin.py:188} INFO - [2024-04-26T21:44:15.208-0300] {dag.py:3096} INFO - Sync 1 DAGs
[2024-04-26T21:44:15.226-0300] {logging_mixin.py:188} INFO - [2024-04-26T21:44:15.226-0300] {dag.py:3954} INFO - Setting next_dagrun for tutorial_taskflow_api to None, run_after=None
[2024-04-26T21:44:15.256-0300] {processor.py:183} INFO - Processing /home/athlon/projects/airflow/.venv/lib/python3.11/site-packages/airflow/example_dags/tutorial_taskflow_api.py took 0.108 seconds
[2024-04-26T21:45:06.527-0300] {processor.py:161} INFO - Started process (PID=20019) to work on /home/athlon/projects/airflow/.venv/lib/python3.11/site-packages/airflow/example_dags/tutorial_taskflow_api.py
[2024-04-26T21:45:06.532-0300] {processor.py:830} INFO - Processing file /home/athlon/projects/airflow/.venv/lib/python3.11/site-packages/airflow/example_dags/tutorial_taskflow_api.py for tasks to queue
[2024-04-26T21:45:06.535-0300] {logging_mixin.py:188} INFO - [2024-04-26T21:45:06.535-0300] {dagbag.py:540} INFO - Filling up the DagBag from /home/athlon/projects/airflow/.venv/lib/python3.11/site-packages/airflow/example_dags/tutorial_taskflow_api.py
[2024-04-26T21:45:06.547-0300] {processor.py:840} INFO - DAG(s) 'tutorial_taskflow_api' retrieved from /home/athlon/projects/airflow/.venv/lib/python3.11/site-packages/airflow/example_dags/tutorial_taskflow_api.py
[2024-04-26T21:45:06.573-0300] {logging_mixin.py:188} INFO - [2024-04-26T21:45:06.573-0300] {dag.py:3096} INFO - Sync 1 DAGs
[2024-04-26T21:45:06.590-0300] {logging_mixin.py:188} INFO - [2024-04-26T21:45:06.590-0300] {dag.py:3954} INFO - Setting next_dagrun for tutorial_taskflow_api to None, run_after=None
[2024-04-26T21:45:06.622-0300] {processor.py:183} INFO - Processing /home/athlon/projects/airflow/.venv/lib/python3.11/site-packages/airflow/example_dags/tutorial_taskflow_api.py took 0.106 seconds
[2024-04-26T21:46:04.183-0300] {processor.py:161} INFO - Started process (PID=20083) to work on /home/athlon/projects/airflow/.venv/lib/python3.11/site-packages/airflow/example_dags/tutorial_taskflow_api.py
[2024-04-26T21:46:04.189-0300] {processor.py:830} INFO - Processing file /home/athlon/projects/airflow/.venv/lib/python3.11/site-packages/airflow/example_dags/tutorial_taskflow_api.py for tasks to queue
[2024-04-26T21:46:04.192-0300] {logging_mixin.py:188} INFO - [2024-04-26T21:46:04.191-0300] {dagbag.py:540} INFO - Filling up the DagBag from /home/athlon/projects/airflow/.venv/lib/python3.11/site-packages/airflow/example_dags/tutorial_taskflow_api.py
[2024-04-26T21:46:04.204-0300] {processor.py:840} INFO - DAG(s) 'tutorial_taskflow_api' retrieved from /home/athlon/projects/airflow/.venv/lib/python3.11/site-packages/airflow/example_dags/tutorial_taskflow_api.py
[2024-04-26T21:46:04.228-0300] {logging_mixin.py:188} INFO - [2024-04-26T21:46:04.228-0300] {dag.py:3096} INFO - Sync 1 DAGs
[2024-04-26T21:46:04.247-0300] {logging_mixin.py:188} INFO - [2024-04-26T21:46:04.246-0300] {dag.py:3954} INFO - Setting next_dagrun for tutorial_taskflow_api to None, run_after=None
[2024-04-26T21:46:04.277-0300] {processor.py:183} INFO - Processing /home/athlon/projects/airflow/.venv/lib/python3.11/site-packages/airflow/example_dags/tutorial_taskflow_api.py took 0.105 seconds
[2024-04-26T21:47:03.951-0300] {processor.py:161} INFO - Started process (PID=20148) to work on /home/athlon/projects/airflow/.venv/lib/python3.11/site-packages/airflow/example_dags/tutorial_taskflow_api.py
[2024-04-26T21:47:03.957-0300] {processor.py:830} INFO - Processing file /home/athlon/projects/airflow/.venv/lib/python3.11/site-packages/airflow/example_dags/tutorial_taskflow_api.py for tasks to queue
[2024-04-26T21:47:03.960-0300] {logging_mixin.py:188} INFO - [2024-04-26T21:47:03.959-0300] {dagbag.py:540} INFO - Filling up the DagBag from /home/athlon/projects/airflow/.venv/lib/python3.11/site-packages/airflow/example_dags/tutorial_taskflow_api.py
[2024-04-26T21:47:03.971-0300] {processor.py:840} INFO - DAG(s) 'tutorial_taskflow_api' retrieved from /home/athlon/projects/airflow/.venv/lib/python3.11/site-packages/airflow/example_dags/tutorial_taskflow_api.py
[2024-04-26T21:47:03.996-0300] {logging_mixin.py:188} INFO - [2024-04-26T21:47:03.996-0300] {dag.py:3096} INFO - Sync 1 DAGs
[2024-04-26T21:47:04.014-0300] {logging_mixin.py:188} INFO - [2024-04-26T21:47:04.014-0300] {dag.py:3954} INFO - Setting next_dagrun for tutorial_taskflow_api to None, run_after=None
[2024-04-26T21:47:04.044-0300] {processor.py:183} INFO - Processing /home/athlon/projects/airflow/.venv/lib/python3.11/site-packages/airflow/example_dags/tutorial_taskflow_api.py took 0.103 seconds
[2024-04-26T21:47:59.781-0300] {processor.py:161} INFO - Started process (PID=20214) to work on /home/athlon/projects/airflow/.venv/lib/python3.11/site-packages/airflow/example_dags/tutorial_taskflow_api.py
[2024-04-26T21:47:59.786-0300] {processor.py:830} INFO - Processing file /home/athlon/projects/airflow/.venv/lib/python3.11/site-packages/airflow/example_dags/tutorial_taskflow_api.py for tasks to queue
[2024-04-26T21:47:59.789-0300] {logging_mixin.py:188} INFO - [2024-04-26T21:47:59.788-0300] {dagbag.py:540} INFO - Filling up the DagBag from /home/athlon/projects/airflow/.venv/lib/python3.11/site-packages/airflow/example_dags/tutorial_taskflow_api.py
[2024-04-26T21:47:59.798-0300] {processor.py:840} INFO - DAG(s) 'tutorial_taskflow_api' retrieved from /home/athlon/projects/airflow/.venv/lib/python3.11/site-packages/airflow/example_dags/tutorial_taskflow_api.py
[2024-04-26T21:47:59.820-0300] {logging_mixin.py:188} INFO - [2024-04-26T21:47:59.819-0300] {dag.py:3096} INFO - Sync 1 DAGs
[2024-04-26T21:47:59.837-0300] {logging_mixin.py:188} INFO - [2024-04-26T21:47:59.836-0300] {dag.py:3954} INFO - Setting next_dagrun for tutorial_taskflow_api to None, run_after=None
[2024-04-26T21:47:59.867-0300] {processor.py:183} INFO - Processing /home/athlon/projects/airflow/.venv/lib/python3.11/site-packages/airflow/example_dags/tutorial_taskflow_api.py took 0.098 seconds
[2024-04-26T21:48:55.027-0300] {processor.py:161} INFO - Started process (PID=20275) to work on /home/athlon/projects/airflow/.venv/lib/python3.11/site-packages/airflow/example_dags/tutorial_taskflow_api.py
[2024-04-26T21:48:55.033-0300] {processor.py:830} INFO - Processing file /home/athlon/projects/airflow/.venv/lib/python3.11/site-packages/airflow/example_dags/tutorial_taskflow_api.py for tasks to queue
[2024-04-26T21:48:55.036-0300] {logging_mixin.py:188} INFO - [2024-04-26T21:48:55.035-0300] {dagbag.py:540} INFO - Filling up the DagBag from /home/athlon/projects/airflow/.venv/lib/python3.11/site-packages/airflow/example_dags/tutorial_taskflow_api.py
[2024-04-26T21:48:55.047-0300] {processor.py:840} INFO - DAG(s) 'tutorial_taskflow_api' retrieved from /home/athlon/projects/airflow/.venv/lib/python3.11/site-packages/airflow/example_dags/tutorial_taskflow_api.py
[2024-04-26T21:48:55.071-0300] {logging_mixin.py:188} INFO - [2024-04-26T21:48:55.071-0300] {dag.py:3096} INFO - Sync 1 DAGs
[2024-04-26T21:48:55.088-0300] {logging_mixin.py:188} INFO - [2024-04-26T21:48:55.088-0300] {dag.py:3954} INFO - Setting next_dagrun for tutorial_taskflow_api to None, run_after=None
[2024-04-26T21:48:55.121-0300] {processor.py:183} INFO - Processing /home/athlon/projects/airflow/.venv/lib/python3.11/site-packages/airflow/example_dags/tutorial_taskflow_api.py took 0.104 seconds
[2024-04-26T21:49:49.595-0300] {processor.py:161} INFO - Started process (PID=20342) to work on /home/athlon/projects/airflow/.venv/lib/python3.11/site-packages/airflow/example_dags/tutorial_taskflow_api.py
[2024-04-26T21:49:49.601-0300] {processor.py:830} INFO - Processing file /home/athlon/projects/airflow/.venv/lib/python3.11/site-packages/airflow/example_dags/tutorial_taskflow_api.py for tasks to queue
[2024-04-26T21:49:49.604-0300] {logging_mixin.py:188} INFO - [2024-04-26T21:49:49.603-0300] {dagbag.py:540} INFO - Filling up the DagBag from /home/athlon/projects/airflow/.venv/lib/python3.11/site-packages/airflow/example_dags/tutorial_taskflow_api.py
[2024-04-26T21:49:49.615-0300] {processor.py:840} INFO - DAG(s) 'tutorial_taskflow_api' retrieved from /home/athlon/projects/airflow/.venv/lib/python3.11/site-packages/airflow/example_dags/tutorial_taskflow_api.py
[2024-04-26T21:49:49.640-0300] {logging_mixin.py:188} INFO - [2024-04-26T21:49:49.639-0300] {dag.py:3096} INFO - Sync 1 DAGs
[2024-04-26T21:49:49.658-0300] {logging_mixin.py:188} INFO - [2024-04-26T21:49:49.657-0300] {dag.py:3954} INFO - Setting next_dagrun for tutorial_taskflow_api to None, run_after=None
[2024-04-26T21:49:49.689-0300] {processor.py:183} INFO - Processing /home/athlon/projects/airflow/.venv/lib/python3.11/site-packages/airflow/example_dags/tutorial_taskflow_api.py took 0.104 seconds
[2024-04-26T21:50:47.666-0300] {processor.py:161} INFO - Started process (PID=20416) to work on /home/athlon/projects/airflow/.venv/lib/python3.11/site-packages/airflow/example_dags/tutorial_taskflow_api.py
[2024-04-26T21:50:47.672-0300] {processor.py:830} INFO - Processing file /home/athlon/projects/airflow/.venv/lib/python3.11/site-packages/airflow/example_dags/tutorial_taskflow_api.py for tasks to queue
[2024-04-26T21:50:47.675-0300] {logging_mixin.py:188} INFO - [2024-04-26T21:50:47.674-0300] {dagbag.py:540} INFO - Filling up the DagBag from /home/athlon/projects/airflow/.venv/lib/python3.11/site-packages/airflow/example_dags/tutorial_taskflow_api.py
[2024-04-26T21:50:47.686-0300] {processor.py:840} INFO - DAG(s) 'tutorial_taskflow_api' retrieved from /home/athlon/projects/airflow/.venv/lib/python3.11/site-packages/airflow/example_dags/tutorial_taskflow_api.py
[2024-04-26T21:50:47.709-0300] {logging_mixin.py:188} INFO - [2024-04-26T21:50:47.709-0300] {dag.py:3096} INFO - Sync 1 DAGs
[2024-04-26T21:50:47.731-0300] {logging_mixin.py:188} INFO - [2024-04-26T21:50:47.731-0300] {dag.py:3954} INFO - Setting next_dagrun for tutorial_taskflow_api to None, run_after=None
[2024-04-26T21:50:47.761-0300] {processor.py:183} INFO - Processing /home/athlon/projects/airflow/.venv/lib/python3.11/site-packages/airflow/example_dags/tutorial_taskflow_api.py took 0.105 seconds
[2024-04-26T21:51:41.518-0300] {processor.py:161} INFO - Started process (PID=20482) to work on /home/athlon/projects/airflow/.venv/lib/python3.11/site-packages/airflow/example_dags/tutorial_taskflow_api.py
[2024-04-26T21:51:41.524-0300] {processor.py:830} INFO - Processing file /home/athlon/projects/airflow/.venv/lib/python3.11/site-packages/airflow/example_dags/tutorial_taskflow_api.py for tasks to queue
[2024-04-26T21:51:41.528-0300] {logging_mixin.py:188} INFO - [2024-04-26T21:51:41.527-0300] {dagbag.py:540} INFO - Filling up the DagBag from /home/athlon/projects/airflow/.venv/lib/python3.11/site-packages/airflow/example_dags/tutorial_taskflow_api.py
[2024-04-26T21:51:41.547-0300] {processor.py:840} INFO - DAG(s) 'tutorial_taskflow_api' retrieved from /home/athlon/projects/airflow/.venv/lib/python3.11/site-packages/airflow/example_dags/tutorial_taskflow_api.py
[2024-04-26T21:51:41.581-0300] {logging_mixin.py:188} INFO - [2024-04-26T21:51:41.581-0300] {dag.py:3096} INFO - Sync 1 DAGs
[2024-04-26T21:51:41.609-0300] {logging_mixin.py:188} INFO - [2024-04-26T21:51:41.608-0300] {dag.py:3954} INFO - Setting next_dagrun for tutorial_taskflow_api to None, run_after=None
[2024-04-26T21:51:41.674-0300] {processor.py:183} INFO - Processing /home/athlon/projects/airflow/.venv/lib/python3.11/site-packages/airflow/example_dags/tutorial_taskflow_api.py took 0.169 seconds
[2024-04-26T21:52:40.182-0300] {processor.py:161} INFO - Started process (PID=20655) to work on /home/athlon/projects/airflow/.venv/lib/python3.11/site-packages/airflow/example_dags/tutorial_taskflow_api.py
[2024-04-26T21:52:40.188-0300] {processor.py:830} INFO - Processing file /home/athlon/projects/airflow/.venv/lib/python3.11/site-packages/airflow/example_dags/tutorial_taskflow_api.py for tasks to queue
[2024-04-26T21:52:40.191-0300] {logging_mixin.py:188} INFO - [2024-04-26T21:52:40.190-0300] {dagbag.py:540} INFO - Filling up the DagBag from /home/athlon/projects/airflow/.venv/lib/python3.11/site-packages/airflow/example_dags/tutorial_taskflow_api.py
[2024-04-26T21:52:40.204-0300] {processor.py:840} INFO - DAG(s) 'tutorial_taskflow_api' retrieved from /home/athlon/projects/airflow/.venv/lib/python3.11/site-packages/airflow/example_dags/tutorial_taskflow_api.py
[2024-04-26T21:52:40.229-0300] {logging_mixin.py:188} INFO - [2024-04-26T21:52:40.228-0300] {dag.py:3096} INFO - Sync 1 DAGs
[2024-04-26T21:52:40.246-0300] {logging_mixin.py:188} INFO - [2024-04-26T21:52:40.246-0300] {dag.py:3954} INFO - Setting next_dagrun for tutorial_taskflow_api to None, run_after=None
[2024-04-26T21:52:40.276-0300] {processor.py:183} INFO - Processing /home/athlon/projects/airflow/.venv/lib/python3.11/site-packages/airflow/example_dags/tutorial_taskflow_api.py took 0.106 seconds
[2024-04-26T21:53:35.575-0300] {processor.py:161} INFO - Started process (PID=20720) to work on /home/athlon/projects/airflow/.venv/lib/python3.11/site-packages/airflow/example_dags/tutorial_taskflow_api.py
[2024-04-26T21:53:35.581-0300] {processor.py:830} INFO - Processing file /home/athlon/projects/airflow/.venv/lib/python3.11/site-packages/airflow/example_dags/tutorial_taskflow_api.py for tasks to queue
[2024-04-26T21:53:35.584-0300] {logging_mixin.py:188} INFO - [2024-04-26T21:53:35.583-0300] {dagbag.py:540} INFO - Filling up the DagBag from /home/athlon/projects/airflow/.venv/lib/python3.11/site-packages/airflow/example_dags/tutorial_taskflow_api.py
[2024-04-26T21:53:35.597-0300] {processor.py:840} INFO - DAG(s) 'tutorial_taskflow_api' retrieved from /home/athlon/projects/airflow/.venv/lib/python3.11/site-packages/airflow/example_dags/tutorial_taskflow_api.py
[2024-04-26T21:53:35.621-0300] {logging_mixin.py:188} INFO - [2024-04-26T21:53:35.621-0300] {dag.py:3096} INFO - Sync 1 DAGs
[2024-04-26T21:53:35.639-0300] {logging_mixin.py:188} INFO - [2024-04-26T21:53:35.639-0300] {dag.py:3954} INFO - Setting next_dagrun for tutorial_taskflow_api to None, run_after=None
[2024-04-26T21:53:35.671-0300] {processor.py:183} INFO - Processing /home/athlon/projects/airflow/.venv/lib/python3.11/site-packages/airflow/example_dags/tutorial_taskflow_api.py took 0.107 seconds
[2024-04-26T21:54:35.789-0300] {processor.py:161} INFO - Started process (PID=20841) to work on /home/athlon/projects/airflow/.venv/lib/python3.11/site-packages/airflow/example_dags/tutorial_taskflow_api.py
[2024-04-26T21:54:35.795-0300] {processor.py:830} INFO - Processing file /home/athlon/projects/airflow/.venv/lib/python3.11/site-packages/airflow/example_dags/tutorial_taskflow_api.py for tasks to queue
[2024-04-26T21:54:35.798-0300] {logging_mixin.py:188} INFO - [2024-04-26T21:54:35.797-0300] {dagbag.py:540} INFO - Filling up the DagBag from /home/athlon/projects/airflow/.venv/lib/python3.11/site-packages/airflow/example_dags/tutorial_taskflow_api.py
[2024-04-26T21:54:35.810-0300] {processor.py:840} INFO - DAG(s) 'tutorial_taskflow_api' retrieved from /home/athlon/projects/airflow/.venv/lib/python3.11/site-packages/airflow/example_dags/tutorial_taskflow_api.py
[2024-04-26T21:54:35.836-0300] {logging_mixin.py:188} INFO - [2024-04-26T21:54:35.835-0300] {dag.py:3096} INFO - Sync 1 DAGs
[2024-04-26T21:54:35.855-0300] {logging_mixin.py:188} INFO - [2024-04-26T21:54:35.855-0300] {dag.py:3954} INFO - Setting next_dagrun for tutorial_taskflow_api to None, run_after=None
[2024-04-26T21:54:35.887-0300] {processor.py:183} INFO - Processing /home/athlon/projects/airflow/.venv/lib/python3.11/site-packages/airflow/example_dags/tutorial_taskflow_api.py took 0.109 seconds
[2024-04-26T21:55:16.960-0300] {processor.py:161} INFO - Started process (PID=21519) to work on /home/athlon/projects/airflow/.venv/lib/python3.11/site-packages/airflow/example_dags/tutorial_taskflow_api.py
[2024-04-26T21:55:16.966-0300] {processor.py:830} INFO - Processing file /home/athlon/projects/airflow/.venv/lib/python3.11/site-packages/airflow/example_dags/tutorial_taskflow_api.py for tasks to queue
[2024-04-26T21:55:16.971-0300] {logging_mixin.py:188} INFO - [2024-04-26T21:55:16.970-0300] {dagbag.py:540} INFO - Filling up the DagBag from /home/athlon/projects/airflow/.venv/lib/python3.11/site-packages/airflow/example_dags/tutorial_taskflow_api.py
[2024-04-26T21:55:16.989-0300] {processor.py:840} INFO - DAG(s) 'tutorial_taskflow_api' retrieved from /home/athlon/projects/airflow/.venv/lib/python3.11/site-packages/airflow/example_dags/tutorial_taskflow_api.py
[2024-04-26T21:55:17.012-0300] {logging_mixin.py:188} INFO - [2024-04-26T21:55:17.012-0300] {dag.py:3096} INFO - Sync 1 DAGs
[2024-04-26T21:55:17.030-0300] {logging_mixin.py:188} INFO - [2024-04-26T21:55:17.030-0300] {dag.py:3954} INFO - Setting next_dagrun for tutorial_taskflow_api to None, run_after=None
[2024-04-26T21:55:17.061-0300] {processor.py:183} INFO - Processing /home/athlon/projects/airflow/.venv/lib/python3.11/site-packages/airflow/example_dags/tutorial_taskflow_api.py took 0.118 seconds
[2024-04-26T21:55:58.843-0300] {processor.py:161} INFO - Started process (PID=21573) to work on /home/athlon/projects/airflow/.venv/lib/python3.11/site-packages/airflow/example_dags/tutorial_taskflow_api.py
[2024-04-26T21:55:58.849-0300] {processor.py:830} INFO - Processing file /home/athlon/projects/airflow/.venv/lib/python3.11/site-packages/airflow/example_dags/tutorial_taskflow_api.py for tasks to queue
[2024-04-26T21:55:58.851-0300] {logging_mixin.py:188} INFO - [2024-04-26T21:55:58.851-0300] {dagbag.py:540} INFO - Filling up the DagBag from /home/athlon/projects/airflow/.venv/lib/python3.11/site-packages/airflow/example_dags/tutorial_taskflow_api.py
[2024-04-26T21:55:58.864-0300] {processor.py:840} INFO - DAG(s) 'tutorial_taskflow_api' retrieved from /home/athlon/projects/airflow/.venv/lib/python3.11/site-packages/airflow/example_dags/tutorial_taskflow_api.py
[2024-04-26T21:55:58.888-0300] {logging_mixin.py:188} INFO - [2024-04-26T21:55:58.888-0300] {dag.py:3096} INFO - Sync 1 DAGs
[2024-04-26T21:55:58.907-0300] {logging_mixin.py:188} INFO - [2024-04-26T21:55:58.907-0300] {dag.py:3954} INFO - Setting next_dagrun for tutorial_taskflow_api to None, run_after=None
[2024-04-26T21:55:58.938-0300] {processor.py:183} INFO - Processing /home/athlon/projects/airflow/.venv/lib/python3.11/site-packages/airflow/example_dags/tutorial_taskflow_api.py took 0.104 seconds
[2024-04-26T21:57:00.058-0300] {processor.py:161} INFO - Started process (PID=21796) to work on /home/athlon/projects/airflow/.venv/lib/python3.11/site-packages/airflow/example_dags/tutorial_taskflow_api.py
[2024-04-26T21:57:00.059-0300] {processor.py:830} INFO - Processing file /home/athlon/projects/airflow/.venv/lib/python3.11/site-packages/airflow/example_dags/tutorial_taskflow_api.py for tasks to queue
[2024-04-26T21:57:00.062-0300] {logging_mixin.py:188} INFO - [2024-04-26T21:57:00.061-0300] {dagbag.py:540} INFO - Filling up the DagBag from /home/athlon/projects/airflow/.venv/lib/python3.11/site-packages/airflow/example_dags/tutorial_taskflow_api.py
[2024-04-26T21:57:00.076-0300] {processor.py:840} INFO - DAG(s) 'tutorial_taskflow_api' retrieved from /home/athlon/projects/airflow/.venv/lib/python3.11/site-packages/airflow/example_dags/tutorial_taskflow_api.py
[2024-04-26T21:57:00.109-0300] {logging_mixin.py:188} INFO - [2024-04-26T21:57:00.108-0300] {dag.py:3096} INFO - Sync 1 DAGs
[2024-04-26T21:57:00.130-0300] {logging_mixin.py:188} INFO - [2024-04-26T21:57:00.129-0300] {dag.py:3954} INFO - Setting next_dagrun for tutorial_taskflow_api to None, run_after=None
[2024-04-26T21:57:00.167-0300] {processor.py:183} INFO - Processing /home/athlon/projects/airflow/.venv/lib/python3.11/site-packages/airflow/example_dags/tutorial_taskflow_api.py took 0.122 seconds
[2024-04-26T21:57:59.687-0300] {processor.py:161} INFO - Started process (PID=21955) to work on /home/athlon/projects/airflow/.venv/lib/python3.11/site-packages/airflow/example_dags/tutorial_taskflow_api.py
[2024-04-26T21:57:59.693-0300] {processor.py:830} INFO - Processing file /home/athlon/projects/airflow/.venv/lib/python3.11/site-packages/airflow/example_dags/tutorial_taskflow_api.py for tasks to queue
[2024-04-26T21:57:59.696-0300] {logging_mixin.py:188} INFO - [2024-04-26T21:57:59.695-0300] {dagbag.py:540} INFO - Filling up the DagBag from /home/athlon/projects/airflow/.venv/lib/python3.11/site-packages/airflow/example_dags/tutorial_taskflow_api.py
[2024-04-26T21:57:59.708-0300] {processor.py:840} INFO - DAG(s) 'tutorial_taskflow_api' retrieved from /home/athlon/projects/airflow/.venv/lib/python3.11/site-packages/airflow/example_dags/tutorial_taskflow_api.py
[2024-04-26T21:57:59.733-0300] {logging_mixin.py:188} INFO - [2024-04-26T21:57:59.733-0300] {dag.py:3096} INFO - Sync 1 DAGs
[2024-04-26T21:57:59.754-0300] {logging_mixin.py:188} INFO - [2024-04-26T21:57:59.754-0300] {dag.py:3954} INFO - Setting next_dagrun for tutorial_taskflow_api to None, run_after=None
[2024-04-26T21:57:59.787-0300] {processor.py:183} INFO - Processing /home/athlon/projects/airflow/.venv/lib/python3.11/site-packages/airflow/example_dags/tutorial_taskflow_api.py took 0.111 seconds
[2024-04-26T21:58:57.576-0300] {processor.py:161} INFO - Started process (PID=22103) to work on /home/athlon/projects/airflow/.venv/lib/python3.11/site-packages/airflow/example_dags/tutorial_taskflow_api.py
[2024-04-26T21:58:57.584-0300] {processor.py:830} INFO - Processing file /home/athlon/projects/airflow/.venv/lib/python3.11/site-packages/airflow/example_dags/tutorial_taskflow_api.py for tasks to queue
[2024-04-26T21:58:57.588-0300] {logging_mixin.py:188} INFO - [2024-04-26T21:58:57.587-0300] {dagbag.py:540} INFO - Filling up the DagBag from /home/athlon/projects/airflow/.venv/lib/python3.11/site-packages/airflow/example_dags/tutorial_taskflow_api.py
[2024-04-26T21:58:57.608-0300] {processor.py:840} INFO - DAG(s) 'tutorial_taskflow_api' retrieved from /home/athlon/projects/airflow/.venv/lib/python3.11/site-packages/airflow/example_dags/tutorial_taskflow_api.py
[2024-04-26T21:58:57.660-0300] {logging_mixin.py:188} INFO - [2024-04-26T21:58:57.659-0300] {dag.py:3096} INFO - Sync 1 DAGs
[2024-04-26T21:58:57.692-0300] {logging_mixin.py:188} INFO - [2024-04-26T21:58:57.691-0300] {dag.py:3954} INFO - Setting next_dagrun for tutorial_taskflow_api to None, run_after=None
[2024-04-26T21:58:57.740-0300] {processor.py:183} INFO - Processing /home/athlon/projects/airflow/.venv/lib/python3.11/site-packages/airflow/example_dags/tutorial_taskflow_api.py took 0.179 seconds
[2024-04-26T21:59:54.007-0300] {processor.py:161} INFO - Started process (PID=22249) to work on /home/athlon/projects/airflow/.venv/lib/python3.11/site-packages/airflow/example_dags/tutorial_taskflow_api.py
[2024-04-26T21:59:54.012-0300] {processor.py:830} INFO - Processing file /home/athlon/projects/airflow/.venv/lib/python3.11/site-packages/airflow/example_dags/tutorial_taskflow_api.py for tasks to queue
[2024-04-26T21:59:54.016-0300] {logging_mixin.py:188} INFO - [2024-04-26T21:59:54.015-0300] {dagbag.py:540} INFO - Filling up the DagBag from /home/athlon/projects/airflow/.venv/lib/python3.11/site-packages/airflow/example_dags/tutorial_taskflow_api.py
[2024-04-26T21:59:54.029-0300] {processor.py:840} INFO - DAG(s) 'tutorial_taskflow_api' retrieved from /home/athlon/projects/airflow/.venv/lib/python3.11/site-packages/airflow/example_dags/tutorial_taskflow_api.py
[2024-04-26T21:59:54.054-0300] {logging_mixin.py:188} INFO - [2024-04-26T21:59:54.053-0300] {dag.py:3096} INFO - Sync 1 DAGs
[2024-04-26T21:59:54.074-0300] {logging_mixin.py:188} INFO - [2024-04-26T21:59:54.074-0300] {dag.py:3954} INFO - Setting next_dagrun for tutorial_taskflow_api to None, run_after=None
[2024-04-26T21:59:54.109-0300] {processor.py:183} INFO - Processing /home/athlon/projects/airflow/.venv/lib/python3.11/site-packages/airflow/example_dags/tutorial_taskflow_api.py took 0.115 seconds
[2024-04-26T22:00:57.487-0300] {processor.py:161} INFO - Started process (PID=22327) to work on /home/athlon/projects/airflow/.venv/lib/python3.11/site-packages/airflow/example_dags/tutorial_taskflow_api.py
[2024-04-26T22:00:57.489-0300] {processor.py:830} INFO - Processing file /home/athlon/projects/airflow/.venv/lib/python3.11/site-packages/airflow/example_dags/tutorial_taskflow_api.py for tasks to queue
[2024-04-26T22:00:57.493-0300] {logging_mixin.py:188} INFO - [2024-04-26T22:00:57.492-0300] {dagbag.py:540} INFO - Filling up the DagBag from /home/athlon/projects/airflow/.venv/lib/python3.11/site-packages/airflow/example_dags/tutorial_taskflow_api.py
[2024-04-26T22:00:57.508-0300] {processor.py:840} INFO - DAG(s) 'tutorial_taskflow_api' retrieved from /home/athlon/projects/airflow/.venv/lib/python3.11/site-packages/airflow/example_dags/tutorial_taskflow_api.py
[2024-04-26T22:00:57.541-0300] {logging_mixin.py:188} INFO - [2024-04-26T22:00:57.540-0300] {dag.py:3096} INFO - Sync 1 DAGs
[2024-04-26T22:00:57.570-0300] {logging_mixin.py:188} INFO - [2024-04-26T22:00:57.569-0300] {dag.py:3954} INFO - Setting next_dagrun for tutorial_taskflow_api to None, run_after=None
[2024-04-26T22:00:57.625-0300] {processor.py:183} INFO - Processing /home/athlon/projects/airflow/.venv/lib/python3.11/site-packages/airflow/example_dags/tutorial_taskflow_api.py took 0.150 seconds
[2024-04-26T22:01:56.755-0300] {processor.py:161} INFO - Started process (PID=22392) to work on /home/athlon/projects/airflow/.venv/lib/python3.11/site-packages/airflow/example_dags/tutorial_taskflow_api.py
[2024-04-26T22:01:56.761-0300] {processor.py:830} INFO - Processing file /home/athlon/projects/airflow/.venv/lib/python3.11/site-packages/airflow/example_dags/tutorial_taskflow_api.py for tasks to queue
[2024-04-26T22:01:56.763-0300] {logging_mixin.py:188} INFO - [2024-04-26T22:01:56.763-0300] {dagbag.py:540} INFO - Filling up the DagBag from /home/athlon/projects/airflow/.venv/lib/python3.11/site-packages/airflow/example_dags/tutorial_taskflow_api.py
[2024-04-26T22:01:56.774-0300] {processor.py:840} INFO - DAG(s) 'tutorial_taskflow_api' retrieved from /home/athlon/projects/airflow/.venv/lib/python3.11/site-packages/airflow/example_dags/tutorial_taskflow_api.py
[2024-04-26T22:01:56.797-0300] {logging_mixin.py:188} INFO - [2024-04-26T22:01:56.796-0300] {dag.py:3096} INFO - Sync 1 DAGs
[2024-04-26T22:01:56.815-0300] {logging_mixin.py:188} INFO - [2024-04-26T22:01:56.815-0300] {dag.py:3954} INFO - Setting next_dagrun for tutorial_taskflow_api to None, run_after=None
[2024-04-26T22:01:56.846-0300] {processor.py:183} INFO - Processing /home/athlon/projects/airflow/.venv/lib/python3.11/site-packages/airflow/example_dags/tutorial_taskflow_api.py took 0.099 seconds
[2024-04-26T22:02:30.279-0300] {processor.py:161} INFO - Started process (PID=22430) to work on /home/athlon/projects/airflow/.venv/lib/python3.11/site-packages/airflow/example_dags/tutorial_taskflow_api.py
[2024-04-26T22:02:30.285-0300] {processor.py:830} INFO - Processing file /home/athlon/projects/airflow/.venv/lib/python3.11/site-packages/airflow/example_dags/tutorial_taskflow_api.py for tasks to queue
[2024-04-26T22:02:30.288-0300] {logging_mixin.py:188} INFO - [2024-04-26T22:02:30.288-0300] {dagbag.py:540} INFO - Filling up the DagBag from /home/athlon/projects/airflow/.venv/lib/python3.11/site-packages/airflow/example_dags/tutorial_taskflow_api.py
[2024-04-26T22:02:30.302-0300] {processor.py:840} INFO - DAG(s) 'tutorial_taskflow_api' retrieved from /home/athlon/projects/airflow/.venv/lib/python3.11/site-packages/airflow/example_dags/tutorial_taskflow_api.py
[2024-04-26T22:02:30.329-0300] {logging_mixin.py:188} INFO - [2024-04-26T22:02:30.329-0300] {dag.py:3096} INFO - Sync 1 DAGs
[2024-04-26T22:02:30.348-0300] {logging_mixin.py:188} INFO - [2024-04-26T22:02:30.348-0300] {dag.py:3954} INFO - Setting next_dagrun for tutorial_taskflow_api to None, run_after=None
[2024-04-26T22:02:30.381-0300] {processor.py:183} INFO - Processing /home/athlon/projects/airflow/.venv/lib/python3.11/site-packages/airflow/example_dags/tutorial_taskflow_api.py took 0.114 seconds
[2024-04-26T22:03:04.212-0300] {processor.py:161} INFO - Started process (PID=22466) to work on /home/athlon/projects/airflow/.venv/lib/python3.11/site-packages/airflow/example_dags/tutorial_taskflow_api.py
[2024-04-26T22:03:04.218-0300] {processor.py:830} INFO - Processing file /home/athlon/projects/airflow/.venv/lib/python3.11/site-packages/airflow/example_dags/tutorial_taskflow_api.py for tasks to queue
[2024-04-26T22:03:04.221-0300] {logging_mixin.py:188} INFO - [2024-04-26T22:03:04.220-0300] {dagbag.py:540} INFO - Filling up the DagBag from /home/athlon/projects/airflow/.venv/lib/python3.11/site-packages/airflow/example_dags/tutorial_taskflow_api.py
[2024-04-26T22:03:04.234-0300] {processor.py:840} INFO - DAG(s) 'tutorial_taskflow_api' retrieved from /home/athlon/projects/airflow/.venv/lib/python3.11/site-packages/airflow/example_dags/tutorial_taskflow_api.py
[2024-04-26T22:03:04.259-0300] {logging_mixin.py:188} INFO - [2024-04-26T22:03:04.258-0300] {dag.py:3096} INFO - Sync 1 DAGs
[2024-04-26T22:03:04.276-0300] {logging_mixin.py:188} INFO - [2024-04-26T22:03:04.276-0300] {dag.py:3954} INFO - Setting next_dagrun for tutorial_taskflow_api to None, run_after=None
[2024-04-26T22:03:04.306-0300] {processor.py:183} INFO - Processing /home/athlon/projects/airflow/.venv/lib/python3.11/site-packages/airflow/example_dags/tutorial_taskflow_api.py took 0.104 seconds
[2024-04-26T22:04:01.930-0300] {processor.py:161} INFO - Started process (PID=22541) to work on /home/athlon/projects/airflow/.venv/lib/python3.11/site-packages/airflow/example_dags/tutorial_taskflow_api.py
[2024-04-26T22:04:01.932-0300] {processor.py:830} INFO - Processing file /home/athlon/projects/airflow/.venv/lib/python3.11/site-packages/airflow/example_dags/tutorial_taskflow_api.py for tasks to queue
[2024-04-26T22:04:01.936-0300] {logging_mixin.py:188} INFO - [2024-04-26T22:04:01.935-0300] {dagbag.py:540} INFO - Filling up the DagBag from /home/athlon/projects/airflow/.venv/lib/python3.11/site-packages/airflow/example_dags/tutorial_taskflow_api.py
[2024-04-26T22:04:01.953-0300] {processor.py:840} INFO - DAG(s) 'tutorial_taskflow_api' retrieved from /home/athlon/projects/airflow/.venv/lib/python3.11/site-packages/airflow/example_dags/tutorial_taskflow_api.py
[2024-04-26T22:04:01.987-0300] {logging_mixin.py:188} INFO - [2024-04-26T22:04:01.987-0300] {dag.py:3096} INFO - Sync 1 DAGs
[2024-04-26T22:04:02.009-0300] {logging_mixin.py:188} INFO - [2024-04-26T22:04:02.008-0300] {dag.py:3954} INFO - Setting next_dagrun for tutorial_taskflow_api to None, run_after=None
[2024-04-26T22:04:02.053-0300] {processor.py:183} INFO - Processing /home/athlon/projects/airflow/.venv/lib/python3.11/site-packages/airflow/example_dags/tutorial_taskflow_api.py took 0.138 seconds
[2024-04-26T22:04:57.991-0300] {processor.py:161} INFO - Started process (PID=22683) to work on /home/athlon/projects/airflow/.venv/lib/python3.11/site-packages/airflow/example_dags/tutorial_taskflow_api.py
[2024-04-26T22:04:57.997-0300] {processor.py:830} INFO - Processing file /home/athlon/projects/airflow/.venv/lib/python3.11/site-packages/airflow/example_dags/tutorial_taskflow_api.py for tasks to queue
[2024-04-26T22:04:58.000-0300] {logging_mixin.py:188} INFO - [2024-04-26T22:04:57.999-0300] {dagbag.py:540} INFO - Filling up the DagBag from /home/athlon/projects/airflow/.venv/lib/python3.11/site-packages/airflow/example_dags/tutorial_taskflow_api.py
[2024-04-26T22:04:58.011-0300] {processor.py:840} INFO - DAG(s) 'tutorial_taskflow_api' retrieved from /home/athlon/projects/airflow/.venv/lib/python3.11/site-packages/airflow/example_dags/tutorial_taskflow_api.py
[2024-04-26T22:04:58.040-0300] {logging_mixin.py:188} INFO - [2024-04-26T22:04:58.040-0300] {dag.py:3096} INFO - Sync 1 DAGs
[2024-04-26T22:04:58.063-0300] {logging_mixin.py:188} INFO - [2024-04-26T22:04:58.063-0300] {dag.py:3954} INFO - Setting next_dagrun for tutorial_taskflow_api to None, run_after=None
[2024-04-26T22:04:58.095-0300] {processor.py:183} INFO - Processing /home/athlon/projects/airflow/.venv/lib/python3.11/site-packages/airflow/example_dags/tutorial_taskflow_api.py took 0.113 seconds
[2024-04-26T22:05:56.902-0300] {processor.py:161} INFO - Started process (PID=22756) to work on /home/athlon/projects/airflow/.venv/lib/python3.11/site-packages/airflow/example_dags/tutorial_taskflow_api.py
[2024-04-26T22:05:56.908-0300] {processor.py:830} INFO - Processing file /home/athlon/projects/airflow/.venv/lib/python3.11/site-packages/airflow/example_dags/tutorial_taskflow_api.py for tasks to queue
[2024-04-26T22:05:56.911-0300] {logging_mixin.py:188} INFO - [2024-04-26T22:05:56.910-0300] {dagbag.py:540} INFO - Filling up the DagBag from /home/athlon/projects/airflow/.venv/lib/python3.11/site-packages/airflow/example_dags/tutorial_taskflow_api.py
[2024-04-26T22:05:56.924-0300] {processor.py:840} INFO - DAG(s) 'tutorial_taskflow_api' retrieved from /home/athlon/projects/airflow/.venv/lib/python3.11/site-packages/airflow/example_dags/tutorial_taskflow_api.py
[2024-04-26T22:05:56.949-0300] {logging_mixin.py:188} INFO - [2024-04-26T22:05:56.949-0300] {dag.py:3096} INFO - Sync 1 DAGs
[2024-04-26T22:05:56.967-0300] {logging_mixin.py:188} INFO - [2024-04-26T22:05:56.967-0300] {dag.py:3954} INFO - Setting next_dagrun for tutorial_taskflow_api to None, run_after=None
[2024-04-26T22:05:56.998-0300] {processor.py:183} INFO - Processing /home/athlon/projects/airflow/.venv/lib/python3.11/site-packages/airflow/example_dags/tutorial_taskflow_api.py took 0.108 seconds
[2024-04-26T22:06:58.523-0300] {processor.py:161} INFO - Started process (PID=22827) to work on /home/athlon/projects/airflow/.venv/lib/python3.11/site-packages/airflow/example_dags/tutorial_taskflow_api.py
[2024-04-26T22:06:58.525-0300] {processor.py:830} INFO - Processing file /home/athlon/projects/airflow/.venv/lib/python3.11/site-packages/airflow/example_dags/tutorial_taskflow_api.py for tasks to queue
[2024-04-26T22:06:58.528-0300] {logging_mixin.py:188} INFO - [2024-04-26T22:06:58.527-0300] {dagbag.py:540} INFO - Filling up the DagBag from /home/athlon/projects/airflow/.venv/lib/python3.11/site-packages/airflow/example_dags/tutorial_taskflow_api.py
[2024-04-26T22:06:58.541-0300] {processor.py:840} INFO - DAG(s) 'tutorial_taskflow_api' retrieved from /home/athlon/projects/airflow/.venv/lib/python3.11/site-packages/airflow/example_dags/tutorial_taskflow_api.py
[2024-04-26T22:06:58.565-0300] {logging_mixin.py:188} INFO - [2024-04-26T22:06:58.564-0300] {dag.py:3096} INFO - Sync 1 DAGs
[2024-04-26T22:06:58.582-0300] {logging_mixin.py:188} INFO - [2024-04-26T22:06:58.582-0300] {dag.py:3954} INFO - Setting next_dagrun for tutorial_taskflow_api to None, run_after=None
[2024-04-26T22:06:58.613-0300] {processor.py:183} INFO - Processing /home/athlon/projects/airflow/.venv/lib/python3.11/site-packages/airflow/example_dags/tutorial_taskflow_api.py took 0.101 seconds
[2024-04-26T22:08:01.064-0300] {processor.py:161} INFO - Started process (PID=22894) to work on /home/athlon/projects/airflow/.venv/lib/python3.11/site-packages/airflow/example_dags/tutorial_taskflow_api.py
[2024-04-26T22:08:01.070-0300] {processor.py:830} INFO - Processing file /home/athlon/projects/airflow/.venv/lib/python3.11/site-packages/airflow/example_dags/tutorial_taskflow_api.py for tasks to queue
[2024-04-26T22:08:01.073-0300] {logging_mixin.py:188} INFO - [2024-04-26T22:08:01.073-0300] {dagbag.py:540} INFO - Filling up the DagBag from /home/athlon/projects/airflow/.venv/lib/python3.11/site-packages/airflow/example_dags/tutorial_taskflow_api.py
[2024-04-26T22:08:01.086-0300] {processor.py:840} INFO - DAG(s) 'tutorial_taskflow_api' retrieved from /home/athlon/projects/airflow/.venv/lib/python3.11/site-packages/airflow/example_dags/tutorial_taskflow_api.py
[2024-04-26T22:08:01.112-0300] {logging_mixin.py:188} INFO - [2024-04-26T22:08:01.111-0300] {dag.py:3096} INFO - Sync 1 DAGs
[2024-04-26T22:08:01.129-0300] {logging_mixin.py:188} INFO - [2024-04-26T22:08:01.129-0300] {dag.py:3954} INFO - Setting next_dagrun for tutorial_taskflow_api to None, run_after=None
[2024-04-26T22:08:01.160-0300] {processor.py:183} INFO - Processing /home/athlon/projects/airflow/.venv/lib/python3.11/site-packages/airflow/example_dags/tutorial_taskflow_api.py took 0.107 seconds
[2024-04-26T22:08:58.427-0300] {processor.py:161} INFO - Started process (PID=22959) to work on /home/athlon/projects/airflow/.venv/lib/python3.11/site-packages/airflow/example_dags/tutorial_taskflow_api.py
[2024-04-26T22:08:58.432-0300] {processor.py:830} INFO - Processing file /home/athlon/projects/airflow/.venv/lib/python3.11/site-packages/airflow/example_dags/tutorial_taskflow_api.py for tasks to queue
[2024-04-26T22:08:58.435-0300] {logging_mixin.py:188} INFO - [2024-04-26T22:08:58.434-0300] {dagbag.py:540} INFO - Filling up the DagBag from /home/athlon/projects/airflow/.venv/lib/python3.11/site-packages/airflow/example_dags/tutorial_taskflow_api.py
[2024-04-26T22:08:58.446-0300] {processor.py:840} INFO - DAG(s) 'tutorial_taskflow_api' retrieved from /home/athlon/projects/airflow/.venv/lib/python3.11/site-packages/airflow/example_dags/tutorial_taskflow_api.py
[2024-04-26T22:08:58.470-0300] {logging_mixin.py:188} INFO - [2024-04-26T22:08:58.470-0300] {dag.py:3096} INFO - Sync 1 DAGs
[2024-04-26T22:08:58.488-0300] {logging_mixin.py:188} INFO - [2024-04-26T22:08:58.488-0300] {dag.py:3954} INFO - Setting next_dagrun for tutorial_taskflow_api to None, run_after=None
[2024-04-26T22:08:58.520-0300] {processor.py:183} INFO - Processing /home/athlon/projects/airflow/.venv/lib/python3.11/site-packages/airflow/example_dags/tutorial_taskflow_api.py took 0.102 seconds
[2024-04-26T22:10:01.753-0300] {processor.py:161} INFO - Started process (PID=23061) to work on /home/athlon/projects/airflow/.venv/lib/python3.11/site-packages/airflow/example_dags/tutorial_taskflow_api.py
[2024-04-26T22:10:01.758-0300] {processor.py:830} INFO - Processing file /home/athlon/projects/airflow/.venv/lib/python3.11/site-packages/airflow/example_dags/tutorial_taskflow_api.py for tasks to queue
[2024-04-26T22:10:01.762-0300] {logging_mixin.py:188} INFO - [2024-04-26T22:10:01.761-0300] {dagbag.py:540} INFO - Filling up the DagBag from /home/athlon/projects/airflow/.venv/lib/python3.11/site-packages/airflow/example_dags/tutorial_taskflow_api.py
[2024-04-26T22:10:01.775-0300] {processor.py:840} INFO - DAG(s) 'tutorial_taskflow_api' retrieved from /home/athlon/projects/airflow/.venv/lib/python3.11/site-packages/airflow/example_dags/tutorial_taskflow_api.py
[2024-04-26T22:10:01.799-0300] {logging_mixin.py:188} INFO - [2024-04-26T22:10:01.799-0300] {dag.py:3096} INFO - Sync 1 DAGs
[2024-04-26T22:10:01.817-0300] {logging_mixin.py:188} INFO - [2024-04-26T22:10:01.817-0300] {dag.py:3954} INFO - Setting next_dagrun for tutorial_taskflow_api to None, run_after=None
[2024-04-26T22:10:01.848-0300] {processor.py:183} INFO - Processing /home/athlon/projects/airflow/.venv/lib/python3.11/site-packages/airflow/example_dags/tutorial_taskflow_api.py took 0.106 seconds
[2024-04-26T22:11:01.875-0300] {processor.py:161} INFO - Started process (PID=23130) to work on /home/athlon/projects/airflow/.venv/lib/python3.11/site-packages/airflow/example_dags/tutorial_taskflow_api.py
[2024-04-26T22:11:01.880-0300] {processor.py:830} INFO - Processing file /home/athlon/projects/airflow/.venv/lib/python3.11/site-packages/airflow/example_dags/tutorial_taskflow_api.py for tasks to queue
[2024-04-26T22:11:01.883-0300] {logging_mixin.py:188} INFO - [2024-04-26T22:11:01.883-0300] {dagbag.py:540} INFO - Filling up the DagBag from /home/athlon/projects/airflow/.venv/lib/python3.11/site-packages/airflow/example_dags/tutorial_taskflow_api.py
[2024-04-26T22:11:01.897-0300] {processor.py:840} INFO - DAG(s) 'tutorial_taskflow_api' retrieved from /home/athlon/projects/airflow/.venv/lib/python3.11/site-packages/airflow/example_dags/tutorial_taskflow_api.py
[2024-04-26T22:11:01.922-0300] {logging_mixin.py:188} INFO - [2024-04-26T22:11:01.922-0300] {dag.py:3096} INFO - Sync 1 DAGs
[2024-04-26T22:11:01.939-0300] {logging_mixin.py:188} INFO - [2024-04-26T22:11:01.939-0300] {dag.py:3954} INFO - Setting next_dagrun for tutorial_taskflow_api to None, run_after=None
[2024-04-26T22:11:01.970-0300] {processor.py:183} INFO - Processing /home/athlon/projects/airflow/.venv/lib/python3.11/site-packages/airflow/example_dags/tutorial_taskflow_api.py took 0.107 seconds
[2024-04-26T22:12:05.398-0300] {processor.py:161} INFO - Started process (PID=23199) to work on /home/athlon/projects/airflow/.venv/lib/python3.11/site-packages/airflow/example_dags/tutorial_taskflow_api.py
[2024-04-26T22:12:05.404-0300] {processor.py:830} INFO - Processing file /home/athlon/projects/airflow/.venv/lib/python3.11/site-packages/airflow/example_dags/tutorial_taskflow_api.py for tasks to queue
[2024-04-26T22:12:05.407-0300] {logging_mixin.py:188} INFO - [2024-04-26T22:12:05.406-0300] {dagbag.py:540} INFO - Filling up the DagBag from /home/athlon/projects/airflow/.venv/lib/python3.11/site-packages/airflow/example_dags/tutorial_taskflow_api.py
[2024-04-26T22:12:05.420-0300] {processor.py:840} INFO - DAG(s) 'tutorial_taskflow_api' retrieved from /home/athlon/projects/airflow/.venv/lib/python3.11/site-packages/airflow/example_dags/tutorial_taskflow_api.py
[2024-04-26T22:12:05.445-0300] {logging_mixin.py:188} INFO - [2024-04-26T22:12:05.444-0300] {dag.py:3096} INFO - Sync 1 DAGs
[2024-04-26T22:12:05.463-0300] {logging_mixin.py:188} INFO - [2024-04-26T22:12:05.463-0300] {dag.py:3954} INFO - Setting next_dagrun for tutorial_taskflow_api to None, run_after=None
[2024-04-26T22:12:05.494-0300] {processor.py:183} INFO - Processing /home/athlon/projects/airflow/.venv/lib/python3.11/site-packages/airflow/example_dags/tutorial_taskflow_api.py took 0.107 seconds
[2024-04-26T22:13:05.449-0300] {processor.py:161} INFO - Started process (PID=23286) to work on /home/athlon/projects/airflow/.venv/lib/python3.11/site-packages/airflow/example_dags/tutorial_taskflow_api.py
[2024-04-26T22:13:05.451-0300] {processor.py:830} INFO - Processing file /home/athlon/projects/airflow/.venv/lib/python3.11/site-packages/airflow/example_dags/tutorial_taskflow_api.py for tasks to queue
[2024-04-26T22:13:05.454-0300] {logging_mixin.py:188} INFO - [2024-04-26T22:13:05.453-0300] {dagbag.py:540} INFO - Filling up the DagBag from /home/athlon/projects/airflow/.venv/lib/python3.11/site-packages/airflow/example_dags/tutorial_taskflow_api.py
[2024-04-26T22:13:05.467-0300] {processor.py:840} INFO - DAG(s) 'tutorial_taskflow_api' retrieved from /home/athlon/projects/airflow/.venv/lib/python3.11/site-packages/airflow/example_dags/tutorial_taskflow_api.py
[2024-04-26T22:13:05.492-0300] {logging_mixin.py:188} INFO - [2024-04-26T22:13:05.491-0300] {dag.py:3096} INFO - Sync 1 DAGs
[2024-04-26T22:13:05.510-0300] {logging_mixin.py:188} INFO - [2024-04-26T22:13:05.509-0300] {dag.py:3954} INFO - Setting next_dagrun for tutorial_taskflow_api to None, run_after=None
[2024-04-26T22:13:05.541-0300] {processor.py:183} INFO - Processing /home/athlon/projects/airflow/.venv/lib/python3.11/site-packages/airflow/example_dags/tutorial_taskflow_api.py took 0.102 seconds
[2024-04-26T22:14:03.748-0300] {processor.py:161} INFO - Started process (PID=23365) to work on /home/athlon/projects/airflow/.venv/lib/python3.11/site-packages/airflow/example_dags/tutorial_taskflow_api.py
[2024-04-26T22:14:03.754-0300] {processor.py:830} INFO - Processing file /home/athlon/projects/airflow/.venv/lib/python3.11/site-packages/airflow/example_dags/tutorial_taskflow_api.py for tasks to queue
[2024-04-26T22:14:03.757-0300] {logging_mixin.py:188} INFO - [2024-04-26T22:14:03.756-0300] {dagbag.py:540} INFO - Filling up the DagBag from /home/athlon/projects/airflow/.venv/lib/python3.11/site-packages/airflow/example_dags/tutorial_taskflow_api.py
[2024-04-26T22:14:03.769-0300] {processor.py:840} INFO - DAG(s) 'tutorial_taskflow_api' retrieved from /home/athlon/projects/airflow/.venv/lib/python3.11/site-packages/airflow/example_dags/tutorial_taskflow_api.py
[2024-04-26T22:14:03.793-0300] {logging_mixin.py:188} INFO - [2024-04-26T22:14:03.793-0300] {dag.py:3096} INFO - Sync 1 DAGs
[2024-04-26T22:14:03.812-0300] {logging_mixin.py:188} INFO - [2024-04-26T22:14:03.811-0300] {dag.py:3954} INFO - Setting next_dagrun for tutorial_taskflow_api to None, run_after=None
[2024-04-26T22:14:03.843-0300] {processor.py:183} INFO - Processing /home/athlon/projects/airflow/.venv/lib/python3.11/site-packages/airflow/example_dags/tutorial_taskflow_api.py took 0.108 seconds
[2024-04-26T22:15:07.457-0300] {processor.py:161} INFO - Started process (PID=23497) to work on /home/athlon/projects/airflow/.venv/lib/python3.11/site-packages/airflow/example_dags/tutorial_taskflow_api.py
[2024-04-26T22:15:07.459-0300] {processor.py:830} INFO - Processing file /home/athlon/projects/airflow/.venv/lib/python3.11/site-packages/airflow/example_dags/tutorial_taskflow_api.py for tasks to queue
[2024-04-26T22:15:07.462-0300] {logging_mixin.py:188} INFO - [2024-04-26T22:15:07.462-0300] {dagbag.py:540} INFO - Filling up the DagBag from /home/athlon/projects/airflow/.venv/lib/python3.11/site-packages/airflow/example_dags/tutorial_taskflow_api.py
[2024-04-26T22:15:07.476-0300] {processor.py:840} INFO - DAG(s) 'tutorial_taskflow_api' retrieved from /home/athlon/projects/airflow/.venv/lib/python3.11/site-packages/airflow/example_dags/tutorial_taskflow_api.py
[2024-04-26T22:15:07.500-0300] {logging_mixin.py:188} INFO - [2024-04-26T22:15:07.500-0300] {dag.py:3096} INFO - Sync 1 DAGs
[2024-04-26T22:15:07.518-0300] {logging_mixin.py:188} INFO - [2024-04-26T22:15:07.518-0300] {dag.py:3954} INFO - Setting next_dagrun for tutorial_taskflow_api to None, run_after=None
[2024-04-26T22:15:07.548-0300] {processor.py:183} INFO - Processing /home/athlon/projects/airflow/.venv/lib/python3.11/site-packages/airflow/example_dags/tutorial_taskflow_api.py took 0.102 seconds
[2024-04-26T22:15:40.521-0300] {processor.py:161} INFO - Started process (PID=23533) to work on /home/athlon/projects/airflow/.venv/lib/python3.11/site-packages/airflow/example_dags/tutorial_taskflow_api.py
[2024-04-26T22:15:40.527-0300] {processor.py:830} INFO - Processing file /home/athlon/projects/airflow/.venv/lib/python3.11/site-packages/airflow/example_dags/tutorial_taskflow_api.py for tasks to queue
[2024-04-26T22:15:40.530-0300] {logging_mixin.py:188} INFO - [2024-04-26T22:15:40.529-0300] {dagbag.py:540} INFO - Filling up the DagBag from /home/athlon/projects/airflow/.venv/lib/python3.11/site-packages/airflow/example_dags/tutorial_taskflow_api.py
[2024-04-26T22:15:40.543-0300] {processor.py:840} INFO - DAG(s) 'tutorial_taskflow_api' retrieved from /home/athlon/projects/airflow/.venv/lib/python3.11/site-packages/airflow/example_dags/tutorial_taskflow_api.py
[2024-04-26T22:15:40.568-0300] {logging_mixin.py:188} INFO - [2024-04-26T22:15:40.568-0300] {dag.py:3096} INFO - Sync 1 DAGs
[2024-04-26T22:15:40.587-0300] {logging_mixin.py:188} INFO - [2024-04-26T22:15:40.586-0300] {dag.py:3954} INFO - Setting next_dagrun for tutorial_taskflow_api to None, run_after=None
[2024-04-26T22:15:40.618-0300] {processor.py:183} INFO - Processing /home/athlon/projects/airflow/.venv/lib/python3.11/site-packages/airflow/example_dags/tutorial_taskflow_api.py took 0.108 seconds
[2024-04-26T22:16:13.259-0300] {processor.py:161} INFO - Started process (PID=23641) to work on /home/athlon/projects/airflow/.venv/lib/python3.11/site-packages/airflow/example_dags/tutorial_taskflow_api.py
[2024-04-26T22:16:13.260-0300] {processor.py:830} INFO - Processing file /home/athlon/projects/airflow/.venv/lib/python3.11/site-packages/airflow/example_dags/tutorial_taskflow_api.py for tasks to queue
[2024-04-26T22:16:13.264-0300] {logging_mixin.py:188} INFO - [2024-04-26T22:16:13.263-0300] {dagbag.py:540} INFO - Filling up the DagBag from /home/athlon/projects/airflow/.venv/lib/python3.11/site-packages/airflow/example_dags/tutorial_taskflow_api.py
[2024-04-26T22:16:13.275-0300] {processor.py:840} INFO - DAG(s) 'tutorial_taskflow_api' retrieved from /home/athlon/projects/airflow/.venv/lib/python3.11/site-packages/airflow/example_dags/tutorial_taskflow_api.py
[2024-04-26T22:16:13.298-0300] {logging_mixin.py:188} INFO - [2024-04-26T22:16:13.297-0300] {dag.py:3096} INFO - Sync 1 DAGs
[2024-04-26T22:16:13.316-0300] {logging_mixin.py:188} INFO - [2024-04-26T22:16:13.315-0300] {dag.py:3954} INFO - Setting next_dagrun for tutorial_taskflow_api to None, run_after=None
[2024-04-26T22:16:13.346-0300] {processor.py:183} INFO - Processing /home/athlon/projects/airflow/.venv/lib/python3.11/site-packages/airflow/example_dags/tutorial_taskflow_api.py took 0.096 seconds
[2024-04-26T22:17:13.195-0300] {processor.py:161} INFO - Started process (PID=23710) to work on /home/athlon/projects/airflow/.venv/lib/python3.11/site-packages/airflow/example_dags/tutorial_taskflow_api.py
[2024-04-26T22:17:13.197-0300] {processor.py:830} INFO - Processing file /home/athlon/projects/airflow/.venv/lib/python3.11/site-packages/airflow/example_dags/tutorial_taskflow_api.py for tasks to queue
[2024-04-26T22:17:13.200-0300] {logging_mixin.py:188} INFO - [2024-04-26T22:17:13.199-0300] {dagbag.py:540} INFO - Filling up the DagBag from /home/athlon/projects/airflow/.venv/lib/python3.11/site-packages/airflow/example_dags/tutorial_taskflow_api.py
[2024-04-26T22:17:13.213-0300] {processor.py:840} INFO - DAG(s) 'tutorial_taskflow_api' retrieved from /home/athlon/projects/airflow/.venv/lib/python3.11/site-packages/airflow/example_dags/tutorial_taskflow_api.py
[2024-04-26T22:17:13.236-0300] {logging_mixin.py:188} INFO - [2024-04-26T22:17:13.235-0300] {dag.py:3096} INFO - Sync 1 DAGs
[2024-04-26T22:17:13.254-0300] {logging_mixin.py:188} INFO - [2024-04-26T22:17:13.253-0300] {dag.py:3954} INFO - Setting next_dagrun for tutorial_taskflow_api to None, run_after=None
[2024-04-26T22:17:13.285-0300] {processor.py:183} INFO - Processing /home/athlon/projects/airflow/.venv/lib/python3.11/site-packages/airflow/example_dags/tutorial_taskflow_api.py took 0.101 seconds
[2024-04-26T22:18:13.005-0300] {processor.py:161} INFO - Started process (PID=23765) to work on /home/athlon/projects/airflow/.venv/lib/python3.11/site-packages/airflow/example_dags/tutorial_taskflow_api.py
[2024-04-26T22:18:13.011-0300] {processor.py:830} INFO - Processing file /home/athlon/projects/airflow/.venv/lib/python3.11/site-packages/airflow/example_dags/tutorial_taskflow_api.py for tasks to queue
[2024-04-26T22:18:13.014-0300] {logging_mixin.py:188} INFO - [2024-04-26T22:18:13.014-0300] {dagbag.py:540} INFO - Filling up the DagBag from /home/athlon/projects/airflow/.venv/lib/python3.11/site-packages/airflow/example_dags/tutorial_taskflow_api.py
[2024-04-26T22:18:13.028-0300] {processor.py:840} INFO - DAG(s) 'tutorial_taskflow_api' retrieved from /home/athlon/projects/airflow/.venv/lib/python3.11/site-packages/airflow/example_dags/tutorial_taskflow_api.py
[2024-04-26T22:18:13.054-0300] {logging_mixin.py:188} INFO - [2024-04-26T22:18:13.054-0300] {dag.py:3096} INFO - Sync 1 DAGs
[2024-04-26T22:18:13.072-0300] {logging_mixin.py:188} INFO - [2024-04-26T22:18:13.072-0300] {dag.py:3954} INFO - Setting next_dagrun for tutorial_taskflow_api to None, run_after=None
[2024-04-26T22:18:13.104-0300] {processor.py:183} INFO - Processing /home/athlon/projects/airflow/.venv/lib/python3.11/site-packages/airflow/example_dags/tutorial_taskflow_api.py took 0.111 seconds
[2024-04-26T22:19:11.932-0300] {processor.py:161} INFO - Started process (PID=23831) to work on /home/athlon/projects/airflow/.venv/lib/python3.11/site-packages/airflow/example_dags/tutorial_taskflow_api.py
[2024-04-26T22:19:11.938-0300] {processor.py:830} INFO - Processing file /home/athlon/projects/airflow/.venv/lib/python3.11/site-packages/airflow/example_dags/tutorial_taskflow_api.py for tasks to queue
[2024-04-26T22:19:11.942-0300] {logging_mixin.py:188} INFO - [2024-04-26T22:19:11.941-0300] {dagbag.py:540} INFO - Filling up the DagBag from /home/athlon/projects/airflow/.venv/lib/python3.11/site-packages/airflow/example_dags/tutorial_taskflow_api.py
[2024-04-26T22:19:11.953-0300] {processor.py:840} INFO - DAG(s) 'tutorial_taskflow_api' retrieved from /home/athlon/projects/airflow/.venv/lib/python3.11/site-packages/airflow/example_dags/tutorial_taskflow_api.py
[2024-04-26T22:19:11.976-0300] {logging_mixin.py:188} INFO - [2024-04-26T22:19:11.976-0300] {dag.py:3096} INFO - Sync 1 DAGs
[2024-04-26T22:19:11.994-0300] {logging_mixin.py:188} INFO - [2024-04-26T22:19:11.993-0300] {dag.py:3954} INFO - Setting next_dagrun for tutorial_taskflow_api to None, run_after=None
[2024-04-26T22:19:12.027-0300] {processor.py:183} INFO - Processing /home/athlon/projects/airflow/.venv/lib/python3.11/site-packages/airflow/example_dags/tutorial_taskflow_api.py took 0.106 seconds
[2024-04-26T22:20:08.652-0300] {processor.py:161} INFO - Started process (PID=23890) to work on /home/athlon/projects/airflow/.venv/lib/python3.11/site-packages/airflow/example_dags/tutorial_taskflow_api.py
[2024-04-26T22:20:08.654-0300] {processor.py:830} INFO - Processing file /home/athlon/projects/airflow/.venv/lib/python3.11/site-packages/airflow/example_dags/tutorial_taskflow_api.py for tasks to queue
[2024-04-26T22:20:08.658-0300] {logging_mixin.py:188} INFO - [2024-04-26T22:20:08.657-0300] {dagbag.py:540} INFO - Filling up the DagBag from /home/athlon/projects/airflow/.venv/lib/python3.11/site-packages/airflow/example_dags/tutorial_taskflow_api.py
[2024-04-26T22:20:08.675-0300] {processor.py:840} INFO - DAG(s) 'tutorial_taskflow_api' retrieved from /home/athlon/projects/airflow/.venv/lib/python3.11/site-packages/airflow/example_dags/tutorial_taskflow_api.py
[2024-04-26T22:20:08.715-0300] {logging_mixin.py:188} INFO - [2024-04-26T22:20:08.714-0300] {dag.py:3096} INFO - Sync 1 DAGs
[2024-04-26T22:20:08.753-0300] {logging_mixin.py:188} INFO - [2024-04-26T22:20:08.752-0300] {dag.py:3954} INFO - Setting next_dagrun for tutorial_taskflow_api to None, run_after=None
[2024-04-26T22:20:08.803-0300] {processor.py:183} INFO - Processing /home/athlon/projects/airflow/.venv/lib/python3.11/site-packages/airflow/example_dags/tutorial_taskflow_api.py took 0.165 seconds
[2024-04-26T22:20:43.548-0300] {processor.py:161} INFO - Started process (PID=23988) to work on /home/athlon/projects/airflow/.venv/lib/python3.11/site-packages/airflow/example_dags/tutorial_taskflow_api.py
[2024-04-26T22:20:43.555-0300] {processor.py:830} INFO - Processing file /home/athlon/projects/airflow/.venv/lib/python3.11/site-packages/airflow/example_dags/tutorial_taskflow_api.py for tasks to queue
[2024-04-26T22:20:43.560-0300] {logging_mixin.py:188} INFO - [2024-04-26T22:20:43.559-0300] {dagbag.py:540} INFO - Filling up the DagBag from /home/athlon/projects/airflow/.venv/lib/python3.11/site-packages/airflow/example_dags/tutorial_taskflow_api.py
[2024-04-26T22:20:43.593-0300] {processor.py:840} INFO - DAG(s) 'tutorial_taskflow_api' retrieved from /home/athlon/projects/airflow/.venv/lib/python3.11/site-packages/airflow/example_dags/tutorial_taskflow_api.py
[2024-04-26T22:20:43.667-0300] {logging_mixin.py:188} INFO - [2024-04-26T22:20:43.667-0300] {dag.py:3096} INFO - Sync 1 DAGs
[2024-04-26T22:20:43.718-0300] {logging_mixin.py:188} INFO - [2024-04-26T22:20:43.717-0300] {dag.py:3954} INFO - Setting next_dagrun for tutorial_taskflow_api to None, run_after=None
[2024-04-26T22:20:43.777-0300] {processor.py:183} INFO - Processing /home/athlon/projects/airflow/.venv/lib/python3.11/site-packages/airflow/example_dags/tutorial_taskflow_api.py took 0.251 seconds
[2024-04-26T22:21:27.647-0300] {processor.py:161} INFO - Started process (PID=24067) to work on /home/athlon/projects/airflow/.venv/lib/python3.11/site-packages/airflow/example_dags/tutorial_taskflow_api.py
[2024-04-26T22:21:27.673-0300] {processor.py:830} INFO - Processing file /home/athlon/projects/airflow/.venv/lib/python3.11/site-packages/airflow/example_dags/tutorial_taskflow_api.py for tasks to queue
[2024-04-26T22:21:27.677-0300] {logging_mixin.py:188} INFO - [2024-04-26T22:21:27.676-0300] {dagbag.py:540} INFO - Filling up the DagBag from /home/athlon/projects/airflow/.venv/lib/python3.11/site-packages/airflow/example_dags/tutorial_taskflow_api.py
[2024-04-26T22:21:27.785-0300] {processor.py:840} INFO - DAG(s) 'tutorial_taskflow_api' retrieved from /home/athlon/projects/airflow/.venv/lib/python3.11/site-packages/airflow/example_dags/tutorial_taskflow_api.py
[2024-04-26T22:21:28.133-0300] {logging_mixin.py:188} INFO - [2024-04-26T22:21:28.100-0300] {dag.py:3096} INFO - Sync 1 DAGs
[2024-04-26T22:21:28.251-0300] {logging_mixin.py:188} INFO - [2024-04-26T22:21:28.251-0300] {dag.py:3954} INFO - Setting next_dagrun for tutorial_taskflow_api to None, run_after=None
[2024-04-26T22:21:28.780-0300] {processor.py:183} INFO - Processing /home/athlon/projects/airflow/.venv/lib/python3.11/site-packages/airflow/example_dags/tutorial_taskflow_api.py took 1.209 seconds
