[2024-04-26T21:25:14.128-0300] {processor.py:161} INFO - Started process (PID=17715) to work on /home/athlon/projects/airflow/.venv/lib/python3.11/site-packages/airflow/example_dags/tutorial_dag.py
[2024-04-26T21:25:14.130-0300] {processor.py:830} INFO - Processing file /home/athlon/projects/airflow/.venv/lib/python3.11/site-packages/airflow/example_dags/tutorial_dag.py for tasks to queue
[2024-04-26T21:25:14.133-0300] {logging_mixin.py:188} INFO - [2024-04-26T21:25:14.132-0300] {dagbag.py:540} INFO - Filling up the DagBag from /home/athlon/projects/airflow/.venv/lib/python3.11/site-packages/airflow/example_dags/tutorial_dag.py
[2024-04-26T21:25:14.145-0300] {processor.py:840} INFO - DAG(s) 'tutorial_dag' retrieved from /home/athlon/projects/airflow/.venv/lib/python3.11/site-packages/airflow/example_dags/tutorial_dag.py
[2024-04-26T21:25:14.198-0300] {logging_mixin.py:188} INFO - [2024-04-26T21:25:14.197-0300] {dag.py:3096} INFO - Sync 1 DAGs
[2024-04-26T21:25:14.229-0300] {logging_mixin.py:188} INFO - [2024-04-26T21:25:14.229-0300] {dag.py:3954} INFO - Setting next_dagrun for tutorial_dag to None, run_after=None
[2024-04-26T21:25:14.281-0300] {processor.py:183} INFO - Processing /home/athlon/projects/airflow/.venv/lib/python3.11/site-packages/airflow/example_dags/tutorial_dag.py took 0.165 seconds
[2024-04-26T21:26:12.190-0300] {processor.py:161} INFO - Started process (PID=17856) to work on /home/athlon/projects/airflow/.venv/lib/python3.11/site-packages/airflow/example_dags/tutorial_dag.py
[2024-04-26T21:26:12.196-0300] {processor.py:830} INFO - Processing file /home/athlon/projects/airflow/.venv/lib/python3.11/site-packages/airflow/example_dags/tutorial_dag.py for tasks to queue
[2024-04-26T21:26:12.198-0300] {logging_mixin.py:188} INFO - [2024-04-26T21:26:12.198-0300] {dagbag.py:540} INFO - Filling up the DagBag from /home/athlon/projects/airflow/.venv/lib/python3.11/site-packages/airflow/example_dags/tutorial_dag.py
[2024-04-26T21:26:12.206-0300] {processor.py:840} INFO - DAG(s) 'tutorial_dag' retrieved from /home/athlon/projects/airflow/.venv/lib/python3.11/site-packages/airflow/example_dags/tutorial_dag.py
[2024-04-26T21:26:12.227-0300] {logging_mixin.py:188} INFO - [2024-04-26T21:26:12.227-0300] {dag.py:3096} INFO - Sync 1 DAGs
[2024-04-26T21:26:12.243-0300] {logging_mixin.py:188} INFO - [2024-04-26T21:26:12.242-0300] {dag.py:3954} INFO - Setting next_dagrun for tutorial_dag to None, run_after=None
[2024-04-26T21:26:12.270-0300] {processor.py:183} INFO - Processing /home/athlon/projects/airflow/.venv/lib/python3.11/site-packages/airflow/example_dags/tutorial_dag.py took 0.088 seconds
[2024-04-26T21:27:06.510-0300] {processor.py:161} INFO - Started process (PID=17929) to work on /home/athlon/projects/airflow/.venv/lib/python3.11/site-packages/airflow/example_dags/tutorial_dag.py
[2024-04-26T21:27:06.516-0300] {processor.py:830} INFO - Processing file /home/athlon/projects/airflow/.venv/lib/python3.11/site-packages/airflow/example_dags/tutorial_dag.py for tasks to queue
[2024-04-26T21:27:06.519-0300] {logging_mixin.py:188} INFO - [2024-04-26T21:27:06.518-0300] {dagbag.py:540} INFO - Filling up the DagBag from /home/athlon/projects/airflow/.venv/lib/python3.11/site-packages/airflow/example_dags/tutorial_dag.py
[2024-04-26T21:27:06.528-0300] {processor.py:840} INFO - DAG(s) 'tutorial_dag' retrieved from /home/athlon/projects/airflow/.venv/lib/python3.11/site-packages/airflow/example_dags/tutorial_dag.py
[2024-04-26T21:27:06.552-0300] {logging_mixin.py:188} INFO - [2024-04-26T21:27:06.551-0300] {dag.py:3096} INFO - Sync 1 DAGs
[2024-04-26T21:27:06.568-0300] {logging_mixin.py:188} INFO - [2024-04-26T21:27:06.567-0300] {dag.py:3954} INFO - Setting next_dagrun for tutorial_dag to None, run_after=None
[2024-04-26T21:27:06.597-0300] {processor.py:183} INFO - Processing /home/athlon/projects/airflow/.venv/lib/python3.11/site-packages/airflow/example_dags/tutorial_dag.py took 0.097 seconds
[2024-04-26T21:28:05.007-0300] {processor.py:161} INFO - Started process (PID=18008) to work on /home/athlon/projects/airflow/.venv/lib/python3.11/site-packages/airflow/example_dags/tutorial_dag.py
[2024-04-26T21:28:05.013-0300] {processor.py:830} INFO - Processing file /home/athlon/projects/airflow/.venv/lib/python3.11/site-packages/airflow/example_dags/tutorial_dag.py for tasks to queue
[2024-04-26T21:28:05.015-0300] {logging_mixin.py:188} INFO - [2024-04-26T21:28:05.015-0300] {dagbag.py:540} INFO - Filling up the DagBag from /home/athlon/projects/airflow/.venv/lib/python3.11/site-packages/airflow/example_dags/tutorial_dag.py
[2024-04-26T21:28:05.024-0300] {processor.py:840} INFO - DAG(s) 'tutorial_dag' retrieved from /home/athlon/projects/airflow/.venv/lib/python3.11/site-packages/airflow/example_dags/tutorial_dag.py
[2024-04-26T21:28:05.047-0300] {logging_mixin.py:188} INFO - [2024-04-26T21:28:05.046-0300] {dag.py:3096} INFO - Sync 1 DAGs
[2024-04-26T21:28:05.064-0300] {logging_mixin.py:188} INFO - [2024-04-26T21:28:05.064-0300] {dag.py:3954} INFO - Setting next_dagrun for tutorial_dag to None, run_after=None
[2024-04-26T21:28:05.096-0300] {processor.py:183} INFO - Processing /home/athlon/projects/airflow/.venv/lib/python3.11/site-packages/airflow/example_dags/tutorial_dag.py took 0.097 seconds
[2024-04-26T21:29:02.573-0300] {processor.py:161} INFO - Started process (PID=18291) to work on /home/athlon/projects/airflow/.venv/lib/python3.11/site-packages/airflow/example_dags/tutorial_dag.py
[2024-04-26T21:29:02.574-0300] {processor.py:830} INFO - Processing file /home/athlon/projects/airflow/.venv/lib/python3.11/site-packages/airflow/example_dags/tutorial_dag.py for tasks to queue
[2024-04-26T21:29:02.576-0300] {logging_mixin.py:188} INFO - [2024-04-26T21:29:02.576-0300] {dagbag.py:540} INFO - Filling up the DagBag from /home/athlon/projects/airflow/.venv/lib/python3.11/site-packages/airflow/example_dags/tutorial_dag.py
[2024-04-26T21:29:02.584-0300] {processor.py:840} INFO - DAG(s) 'tutorial_dag' retrieved from /home/athlon/projects/airflow/.venv/lib/python3.11/site-packages/airflow/example_dags/tutorial_dag.py
[2024-04-26T21:29:02.606-0300] {logging_mixin.py:188} INFO - [2024-04-26T21:29:02.605-0300] {dag.py:3096} INFO - Sync 1 DAGs
[2024-04-26T21:29:02.623-0300] {logging_mixin.py:188} INFO - [2024-04-26T21:29:02.622-0300] {dag.py:3954} INFO - Setting next_dagrun for tutorial_dag to None, run_after=None
[2024-04-26T21:29:02.655-0300] {processor.py:183} INFO - Processing /home/athlon/projects/airflow/.venv/lib/python3.11/site-packages/airflow/example_dags/tutorial_dag.py took 0.091 seconds
[2024-04-26T21:30:03.623-0300] {processor.py:161} INFO - Started process (PID=18703) to work on /home/athlon/projects/airflow/.venv/lib/python3.11/site-packages/airflow/example_dags/tutorial_dag.py
[2024-04-26T21:30:03.629-0300] {processor.py:830} INFO - Processing file /home/athlon/projects/airflow/.venv/lib/python3.11/site-packages/airflow/example_dags/tutorial_dag.py for tasks to queue
[2024-04-26T21:30:03.632-0300] {logging_mixin.py:188} INFO - [2024-04-26T21:30:03.631-0300] {dagbag.py:540} INFO - Filling up the DagBag from /home/athlon/projects/airflow/.venv/lib/python3.11/site-packages/airflow/example_dags/tutorial_dag.py
[2024-04-26T21:30:03.643-0300] {processor.py:840} INFO - DAG(s) 'tutorial_dag' retrieved from /home/athlon/projects/airflow/.venv/lib/python3.11/site-packages/airflow/example_dags/tutorial_dag.py
[2024-04-26T21:30:03.667-0300] {logging_mixin.py:188} INFO - [2024-04-26T21:30:03.666-0300] {dag.py:3096} INFO - Sync 1 DAGs
[2024-04-26T21:30:03.684-0300] {logging_mixin.py:188} INFO - [2024-04-26T21:30:03.684-0300] {dag.py:3954} INFO - Setting next_dagrun for tutorial_dag to None, run_after=None
[2024-04-26T21:30:03.864-0300] {processor.py:183} INFO - Processing /home/athlon/projects/airflow/.venv/lib/python3.11/site-packages/airflow/example_dags/tutorial_dag.py took 0.252 seconds
[2024-04-26T21:31:07.729-0300] {processor.py:161} INFO - Started process (PID=18783) to work on /home/athlon/projects/airflow/.venv/lib/python3.11/site-packages/airflow/example_dags/tutorial_dag.py
[2024-04-26T21:31:07.735-0300] {processor.py:830} INFO - Processing file /home/athlon/projects/airflow/.venv/lib/python3.11/site-packages/airflow/example_dags/tutorial_dag.py for tasks to queue
[2024-04-26T21:31:07.738-0300] {logging_mixin.py:188} INFO - [2024-04-26T21:31:07.738-0300] {dagbag.py:540} INFO - Filling up the DagBag from /home/athlon/projects/airflow/.venv/lib/python3.11/site-packages/airflow/example_dags/tutorial_dag.py
[2024-04-26T21:31:07.747-0300] {processor.py:840} INFO - DAG(s) 'tutorial_dag' retrieved from /home/athlon/projects/airflow/.venv/lib/python3.11/site-packages/airflow/example_dags/tutorial_dag.py
[2024-04-26T21:31:07.774-0300] {logging_mixin.py:188} INFO - [2024-04-26T21:31:07.774-0300] {dag.py:3096} INFO - Sync 1 DAGs
[2024-04-26T21:31:07.791-0300] {logging_mixin.py:188} INFO - [2024-04-26T21:31:07.791-0300] {dag.py:3954} INFO - Setting next_dagrun for tutorial_dag to None, run_after=None
[2024-04-26T21:31:07.821-0300] {processor.py:183} INFO - Processing /home/athlon/projects/airflow/.venv/lib/python3.11/site-packages/airflow/example_dags/tutorial_dag.py took 0.102 seconds
[2024-04-26T21:32:08.233-0300] {processor.py:161} INFO - Started process (PID=18845) to work on /home/athlon/projects/airflow/.venv/lib/python3.11/site-packages/airflow/example_dags/tutorial_dag.py
[2024-04-26T21:32:08.239-0300] {processor.py:830} INFO - Processing file /home/athlon/projects/airflow/.venv/lib/python3.11/site-packages/airflow/example_dags/tutorial_dag.py for tasks to queue
[2024-04-26T21:32:08.242-0300] {logging_mixin.py:188} INFO - [2024-04-26T21:32:08.241-0300] {dagbag.py:540} INFO - Filling up the DagBag from /home/athlon/projects/airflow/.venv/lib/python3.11/site-packages/airflow/example_dags/tutorial_dag.py
[2024-04-26T21:32:08.255-0300] {processor.py:840} INFO - DAG(s) 'tutorial_dag' retrieved from /home/athlon/projects/airflow/.venv/lib/python3.11/site-packages/airflow/example_dags/tutorial_dag.py
[2024-04-26T21:32:08.285-0300] {logging_mixin.py:188} INFO - [2024-04-26T21:32:08.285-0300] {dag.py:3096} INFO - Sync 1 DAGs
[2024-04-26T21:32:08.302-0300] {logging_mixin.py:188} INFO - [2024-04-26T21:32:08.301-0300] {dag.py:3954} INFO - Setting next_dagrun for tutorial_dag to None, run_after=None
[2024-04-26T21:32:08.330-0300] {processor.py:183} INFO - Processing /home/athlon/projects/airflow/.venv/lib/python3.11/site-packages/airflow/example_dags/tutorial_dag.py took 0.106 seconds
[2024-04-26T21:33:06.785-0300] {processor.py:161} INFO - Started process (PID=18897) to work on /home/athlon/projects/airflow/.venv/lib/python3.11/site-packages/airflow/example_dags/tutorial_dag.py
[2024-04-26T21:33:06.790-0300] {processor.py:830} INFO - Processing file /home/athlon/projects/airflow/.venv/lib/python3.11/site-packages/airflow/example_dags/tutorial_dag.py for tasks to queue
[2024-04-26T21:33:06.793-0300] {logging_mixin.py:188} INFO - [2024-04-26T21:33:06.793-0300] {dagbag.py:540} INFO - Filling up the DagBag from /home/athlon/projects/airflow/.venv/lib/python3.11/site-packages/airflow/example_dags/tutorial_dag.py
[2024-04-26T21:33:06.803-0300] {processor.py:840} INFO - DAG(s) 'tutorial_dag' retrieved from /home/athlon/projects/airflow/.venv/lib/python3.11/site-packages/airflow/example_dags/tutorial_dag.py
[2024-04-26T21:33:06.827-0300] {logging_mixin.py:188} INFO - [2024-04-26T21:33:06.827-0300] {dag.py:3096} INFO - Sync 1 DAGs
[2024-04-26T21:33:06.844-0300] {logging_mixin.py:188} INFO - [2024-04-26T21:33:06.843-0300] {dag.py:3954} INFO - Setting next_dagrun for tutorial_dag to None, run_after=None
[2024-04-26T21:33:06.873-0300] {processor.py:183} INFO - Processing /home/athlon/projects/airflow/.venv/lib/python3.11/site-packages/airflow/example_dags/tutorial_dag.py took 0.099 seconds
[2024-04-26T21:34:08.945-0300] {processor.py:161} INFO - Started process (PID=19131) to work on /home/athlon/projects/airflow/.venv/lib/python3.11/site-packages/airflow/example_dags/tutorial_dag.py
[2024-04-26T21:34:08.951-0300] {processor.py:830} INFO - Processing file /home/athlon/projects/airflow/.venv/lib/python3.11/site-packages/airflow/example_dags/tutorial_dag.py for tasks to queue
[2024-04-26T21:34:08.954-0300] {logging_mixin.py:188} INFO - [2024-04-26T21:34:08.954-0300] {dagbag.py:540} INFO - Filling up the DagBag from /home/athlon/projects/airflow/.venv/lib/python3.11/site-packages/airflow/example_dags/tutorial_dag.py
[2024-04-26T21:34:08.964-0300] {processor.py:840} INFO - DAG(s) 'tutorial_dag' retrieved from /home/athlon/projects/airflow/.venv/lib/python3.11/site-packages/airflow/example_dags/tutorial_dag.py
[2024-04-26T21:34:08.986-0300] {logging_mixin.py:188} INFO - [2024-04-26T21:34:08.985-0300] {dag.py:3096} INFO - Sync 1 DAGs
[2024-04-26T21:34:09.003-0300] {logging_mixin.py:188} INFO - [2024-04-26T21:34:09.002-0300] {dag.py:3954} INFO - Setting next_dagrun for tutorial_dag to None, run_after=None
[2024-04-26T21:34:09.033-0300] {processor.py:183} INFO - Processing /home/athlon/projects/airflow/.venv/lib/python3.11/site-packages/airflow/example_dags/tutorial_dag.py took 0.098 seconds
[2024-04-26T21:35:26.301-0300] {processor.py:161} INFO - Started process (PID=19215) to work on /home/athlon/projects/airflow/.venv/lib/python3.11/site-packages/airflow/example_dags/tutorial_dag.py
[2024-04-26T21:35:26.307-0300] {processor.py:830} INFO - Processing file /home/athlon/projects/airflow/.venv/lib/python3.11/site-packages/airflow/example_dags/tutorial_dag.py for tasks to queue
[2024-04-26T21:35:26.309-0300] {logging_mixin.py:188} INFO - [2024-04-26T21:35:26.309-0300] {dagbag.py:540} INFO - Filling up the DagBag from /home/athlon/projects/airflow/.venv/lib/python3.11/site-packages/airflow/example_dags/tutorial_dag.py
[2024-04-26T21:35:26.319-0300] {processor.py:840} INFO - DAG(s) 'tutorial_dag' retrieved from /home/athlon/projects/airflow/.venv/lib/python3.11/site-packages/airflow/example_dags/tutorial_dag.py
[2024-04-26T21:35:26.344-0300] {logging_mixin.py:188} INFO - [2024-04-26T21:35:26.343-0300] {dag.py:3096} INFO - Sync 1 DAGs
[2024-04-26T21:35:26.360-0300] {logging_mixin.py:188} INFO - [2024-04-26T21:35:26.360-0300] {dag.py:3954} INFO - Setting next_dagrun for tutorial_dag to None, run_after=None
[2024-04-26T21:35:26.390-0300] {processor.py:183} INFO - Processing /home/athlon/projects/airflow/.venv/lib/python3.11/site-packages/airflow/example_dags/tutorial_dag.py took 0.100 seconds
[2024-04-26T21:36:26.036-0300] {processor.py:161} INFO - Started process (PID=19281) to work on /home/athlon/projects/airflow/.venv/lib/python3.11/site-packages/airflow/example_dags/tutorial_dag.py
[2024-04-26T21:36:26.041-0300] {processor.py:830} INFO - Processing file /home/athlon/projects/airflow/.venv/lib/python3.11/site-packages/airflow/example_dags/tutorial_dag.py for tasks to queue
[2024-04-26T21:36:26.044-0300] {logging_mixin.py:188} INFO - [2024-04-26T21:36:26.043-0300] {dagbag.py:540} INFO - Filling up the DagBag from /home/athlon/projects/airflow/.venv/lib/python3.11/site-packages/airflow/example_dags/tutorial_dag.py
[2024-04-26T21:36:26.053-0300] {processor.py:840} INFO - DAG(s) 'tutorial_dag' retrieved from /home/athlon/projects/airflow/.venv/lib/python3.11/site-packages/airflow/example_dags/tutorial_dag.py
[2024-04-26T21:36:26.077-0300] {logging_mixin.py:188} INFO - [2024-04-26T21:36:26.077-0300] {dag.py:3096} INFO - Sync 1 DAGs
[2024-04-26T21:36:26.094-0300] {logging_mixin.py:188} INFO - [2024-04-26T21:36:26.093-0300] {dag.py:3954} INFO - Setting next_dagrun for tutorial_dag to None, run_after=None
[2024-04-26T21:36:26.123-0300] {processor.py:183} INFO - Processing /home/athlon/projects/airflow/.venv/lib/python3.11/site-packages/airflow/example_dags/tutorial_dag.py took 0.098 seconds
[2024-04-26T21:37:23.821-0300] {processor.py:161} INFO - Started process (PID=19343) to work on /home/athlon/projects/airflow/.venv/lib/python3.11/site-packages/airflow/example_dags/tutorial_dag.py
[2024-04-26T21:37:23.827-0300] {processor.py:830} INFO - Processing file /home/athlon/projects/airflow/.venv/lib/python3.11/site-packages/airflow/example_dags/tutorial_dag.py for tasks to queue
[2024-04-26T21:37:23.830-0300] {logging_mixin.py:188} INFO - [2024-04-26T21:37:23.830-0300] {dagbag.py:540} INFO - Filling up the DagBag from /home/athlon/projects/airflow/.venv/lib/python3.11/site-packages/airflow/example_dags/tutorial_dag.py
[2024-04-26T21:37:23.839-0300] {processor.py:840} INFO - DAG(s) 'tutorial_dag' retrieved from /home/athlon/projects/airflow/.venv/lib/python3.11/site-packages/airflow/example_dags/tutorial_dag.py
[2024-04-26T21:37:23.864-0300] {logging_mixin.py:188} INFO - [2024-04-26T21:37:23.863-0300] {dag.py:3096} INFO - Sync 1 DAGs
[2024-04-26T21:37:23.880-0300] {logging_mixin.py:188} INFO - [2024-04-26T21:37:23.880-0300] {dag.py:3954} INFO - Setting next_dagrun for tutorial_dag to None, run_after=None
[2024-04-26T21:37:23.909-0300] {processor.py:183} INFO - Processing /home/athlon/projects/airflow/.venv/lib/python3.11/site-packages/airflow/example_dags/tutorial_dag.py took 0.098 seconds
[2024-04-26T21:38:23.542-0300] {processor.py:161} INFO - Started process (PID=19411) to work on /home/athlon/projects/airflow/.venv/lib/python3.11/site-packages/airflow/example_dags/tutorial_dag.py
[2024-04-26T21:38:23.548-0300] {processor.py:830} INFO - Processing file /home/athlon/projects/airflow/.venv/lib/python3.11/site-packages/airflow/example_dags/tutorial_dag.py for tasks to queue
[2024-04-26T21:38:23.550-0300] {logging_mixin.py:188} INFO - [2024-04-26T21:38:23.550-0300] {dagbag.py:540} INFO - Filling up the DagBag from /home/athlon/projects/airflow/.venv/lib/python3.11/site-packages/airflow/example_dags/tutorial_dag.py
[2024-04-26T21:38:23.560-0300] {processor.py:840} INFO - DAG(s) 'tutorial_dag' retrieved from /home/athlon/projects/airflow/.venv/lib/python3.11/site-packages/airflow/example_dags/tutorial_dag.py
[2024-04-26T21:38:23.584-0300] {logging_mixin.py:188} INFO - [2024-04-26T21:38:23.584-0300] {dag.py:3096} INFO - Sync 1 DAGs
[2024-04-26T21:38:23.601-0300] {logging_mixin.py:188} INFO - [2024-04-26T21:38:23.601-0300] {dag.py:3954} INFO - Setting next_dagrun for tutorial_dag to None, run_after=None
[2024-04-26T21:38:23.632-0300] {processor.py:183} INFO - Processing /home/athlon/projects/airflow/.venv/lib/python3.11/site-packages/airflow/example_dags/tutorial_dag.py took 0.100 seconds
[2024-04-26T21:39:21.690-0300] {processor.py:161} INFO - Started process (PID=19512) to work on /home/athlon/projects/airflow/.venv/lib/python3.11/site-packages/airflow/example_dags/tutorial_dag.py
[2024-04-26T21:39:21.696-0300] {processor.py:830} INFO - Processing file /home/athlon/projects/airflow/.venv/lib/python3.11/site-packages/airflow/example_dags/tutorial_dag.py for tasks to queue
[2024-04-26T21:39:21.699-0300] {logging_mixin.py:188} INFO - [2024-04-26T21:39:21.698-0300] {dagbag.py:540} INFO - Filling up the DagBag from /home/athlon/projects/airflow/.venv/lib/python3.11/site-packages/airflow/example_dags/tutorial_dag.py
[2024-04-26T21:39:21.708-0300] {processor.py:840} INFO - DAG(s) 'tutorial_dag' retrieved from /home/athlon/projects/airflow/.venv/lib/python3.11/site-packages/airflow/example_dags/tutorial_dag.py
[2024-04-26T21:39:21.732-0300] {logging_mixin.py:188} INFO - [2024-04-26T21:39:21.732-0300] {dag.py:3096} INFO - Sync 1 DAGs
[2024-04-26T21:39:21.750-0300] {logging_mixin.py:188} INFO - [2024-04-26T21:39:21.749-0300] {dag.py:3954} INFO - Setting next_dagrun for tutorial_dag to None, run_after=None
[2024-04-26T21:39:21.778-0300] {processor.py:183} INFO - Processing /home/athlon/projects/airflow/.venv/lib/python3.11/site-packages/airflow/example_dags/tutorial_dag.py took 0.099 seconds
[2024-04-26T21:40:24.497-0300] {processor.py:161} INFO - Started process (PID=19649) to work on /home/athlon/projects/airflow/.venv/lib/python3.11/site-packages/airflow/example_dags/tutorial_dag.py
[2024-04-26T21:40:24.503-0300] {processor.py:830} INFO - Processing file /home/athlon/projects/airflow/.venv/lib/python3.11/site-packages/airflow/example_dags/tutorial_dag.py for tasks to queue
[2024-04-26T21:40:24.506-0300] {logging_mixin.py:188} INFO - [2024-04-26T21:40:24.505-0300] {dagbag.py:540} INFO - Filling up the DagBag from /home/athlon/projects/airflow/.venv/lib/python3.11/site-packages/airflow/example_dags/tutorial_dag.py
[2024-04-26T21:40:24.517-0300] {processor.py:840} INFO - DAG(s) 'tutorial_dag' retrieved from /home/athlon/projects/airflow/.venv/lib/python3.11/site-packages/airflow/example_dags/tutorial_dag.py
[2024-04-26T21:40:24.544-0300] {logging_mixin.py:188} INFO - [2024-04-26T21:40:24.544-0300] {dag.py:3096} INFO - Sync 1 DAGs
[2024-04-26T21:40:24.564-0300] {logging_mixin.py:188} INFO - [2024-04-26T21:40:24.563-0300] {dag.py:3954} INFO - Setting next_dagrun for tutorial_dag to None, run_after=None
[2024-04-26T21:40:24.598-0300] {processor.py:183} INFO - Processing /home/athlon/projects/airflow/.venv/lib/python3.11/site-packages/airflow/example_dags/tutorial_dag.py took 0.111 seconds
[2024-04-26T21:41:20.619-0300] {processor.py:161} INFO - Started process (PID=19749) to work on /home/athlon/projects/airflow/.venv/lib/python3.11/site-packages/airflow/example_dags/tutorial_dag.py
[2024-04-26T21:41:20.624-0300] {processor.py:830} INFO - Processing file /home/athlon/projects/airflow/.venv/lib/python3.11/site-packages/airflow/example_dags/tutorial_dag.py for tasks to queue
[2024-04-26T21:41:20.627-0300] {logging_mixin.py:188} INFO - [2024-04-26T21:41:20.626-0300] {dagbag.py:540} INFO - Filling up the DagBag from /home/athlon/projects/airflow/.venv/lib/python3.11/site-packages/airflow/example_dags/tutorial_dag.py
[2024-04-26T21:41:20.637-0300] {processor.py:840} INFO - DAG(s) 'tutorial_dag' retrieved from /home/athlon/projects/airflow/.venv/lib/python3.11/site-packages/airflow/example_dags/tutorial_dag.py
[2024-04-26T21:41:20.662-0300] {logging_mixin.py:188} INFO - [2024-04-26T21:41:20.662-0300] {dag.py:3096} INFO - Sync 1 DAGs
[2024-04-26T21:41:20.682-0300] {logging_mixin.py:188} INFO - [2024-04-26T21:41:20.681-0300] {dag.py:3954} INFO - Setting next_dagrun for tutorial_dag to None, run_after=None
[2024-04-26T21:41:20.711-0300] {processor.py:183} INFO - Processing /home/athlon/projects/airflow/.venv/lib/python3.11/site-packages/airflow/example_dags/tutorial_dag.py took 0.104 seconds
[2024-04-26T21:42:18.521-0300] {processor.py:161} INFO - Started process (PID=19824) to work on /home/athlon/projects/airflow/.venv/lib/python3.11/site-packages/airflow/example_dags/tutorial_dag.py
[2024-04-26T21:42:18.527-0300] {processor.py:830} INFO - Processing file /home/athlon/projects/airflow/.venv/lib/python3.11/site-packages/airflow/example_dags/tutorial_dag.py for tasks to queue
[2024-04-26T21:42:18.530-0300] {logging_mixin.py:188} INFO - [2024-04-26T21:42:18.529-0300] {dagbag.py:540} INFO - Filling up the DagBag from /home/athlon/projects/airflow/.venv/lib/python3.11/site-packages/airflow/example_dags/tutorial_dag.py
[2024-04-26T21:42:18.539-0300] {processor.py:840} INFO - DAG(s) 'tutorial_dag' retrieved from /home/athlon/projects/airflow/.venv/lib/python3.11/site-packages/airflow/example_dags/tutorial_dag.py
[2024-04-26T21:42:18.563-0300] {logging_mixin.py:188} INFO - [2024-04-26T21:42:18.562-0300] {dag.py:3096} INFO - Sync 1 DAGs
[2024-04-26T21:42:18.580-0300] {logging_mixin.py:188} INFO - [2024-04-26T21:42:18.579-0300] {dag.py:3954} INFO - Setting next_dagrun for tutorial_dag to None, run_after=None
[2024-04-26T21:42:18.609-0300] {processor.py:183} INFO - Processing /home/athlon/projects/airflow/.venv/lib/python3.11/site-packages/airflow/example_dags/tutorial_dag.py took 0.099 seconds
[2024-04-26T21:43:20.705-0300] {processor.py:161} INFO - Started process (PID=19890) to work on /home/athlon/projects/airflow/.venv/lib/python3.11/site-packages/airflow/example_dags/tutorial_dag.py
[2024-04-26T21:43:20.711-0300] {processor.py:830} INFO - Processing file /home/athlon/projects/airflow/.venv/lib/python3.11/site-packages/airflow/example_dags/tutorial_dag.py for tasks to queue
[2024-04-26T21:43:20.714-0300] {logging_mixin.py:188} INFO - [2024-04-26T21:43:20.713-0300] {dagbag.py:540} INFO - Filling up the DagBag from /home/athlon/projects/airflow/.venv/lib/python3.11/site-packages/airflow/example_dags/tutorial_dag.py
[2024-04-26T21:43:20.724-0300] {processor.py:840} INFO - DAG(s) 'tutorial_dag' retrieved from /home/athlon/projects/airflow/.venv/lib/python3.11/site-packages/airflow/example_dags/tutorial_dag.py
[2024-04-26T21:43:20.748-0300] {logging_mixin.py:188} INFO - [2024-04-26T21:43:20.748-0300] {dag.py:3096} INFO - Sync 1 DAGs
[2024-04-26T21:43:20.765-0300] {logging_mixin.py:188} INFO - [2024-04-26T21:43:20.765-0300] {dag.py:3954} INFO - Setting next_dagrun for tutorial_dag to None, run_after=None
[2024-04-26T21:43:20.795-0300] {processor.py:183} INFO - Processing /home/athlon/projects/airflow/.venv/lib/python3.11/site-packages/airflow/example_dags/tutorial_dag.py took 0.100 seconds
[2024-04-26T21:44:16.441-0300] {processor.py:161} INFO - Started process (PID=19960) to work on /home/athlon/projects/airflow/.venv/lib/python3.11/site-packages/airflow/example_dags/tutorial_dag.py
[2024-04-26T21:44:16.447-0300] {processor.py:830} INFO - Processing file /home/athlon/projects/airflow/.venv/lib/python3.11/site-packages/airflow/example_dags/tutorial_dag.py for tasks to queue
[2024-04-26T21:44:16.450-0300] {logging_mixin.py:188} INFO - [2024-04-26T21:44:16.449-0300] {dagbag.py:540} INFO - Filling up the DagBag from /home/athlon/projects/airflow/.venv/lib/python3.11/site-packages/airflow/example_dags/tutorial_dag.py
[2024-04-26T21:44:16.460-0300] {processor.py:840} INFO - DAG(s) 'tutorial_dag' retrieved from /home/athlon/projects/airflow/.venv/lib/python3.11/site-packages/airflow/example_dags/tutorial_dag.py
[2024-04-26T21:44:16.484-0300] {logging_mixin.py:188} INFO - [2024-04-26T21:44:16.484-0300] {dag.py:3096} INFO - Sync 1 DAGs
[2024-04-26T21:44:16.501-0300] {logging_mixin.py:188} INFO - [2024-04-26T21:44:16.501-0300] {dag.py:3954} INFO - Setting next_dagrun for tutorial_dag to None, run_after=None
[2024-04-26T21:44:16.531-0300] {processor.py:183} INFO - Processing /home/athlon/projects/airflow/.venv/lib/python3.11/site-packages/airflow/example_dags/tutorial_dag.py took 0.100 seconds
[2024-04-26T21:45:07.116-0300] {processor.py:161} INFO - Started process (PID=20020) to work on /home/athlon/projects/airflow/.venv/lib/python3.11/site-packages/airflow/example_dags/tutorial_dag.py
[2024-04-26T21:45:07.121-0300] {processor.py:830} INFO - Processing file /home/athlon/projects/airflow/.venv/lib/python3.11/site-packages/airflow/example_dags/tutorial_dag.py for tasks to queue
[2024-04-26T21:45:07.124-0300] {logging_mixin.py:188} INFO - [2024-04-26T21:45:07.123-0300] {dagbag.py:540} INFO - Filling up the DagBag from /home/athlon/projects/airflow/.venv/lib/python3.11/site-packages/airflow/example_dags/tutorial_dag.py
[2024-04-26T21:45:07.134-0300] {processor.py:840} INFO - DAG(s) 'tutorial_dag' retrieved from /home/athlon/projects/airflow/.venv/lib/python3.11/site-packages/airflow/example_dags/tutorial_dag.py
[2024-04-26T21:45:07.158-0300] {logging_mixin.py:188} INFO - [2024-04-26T21:45:07.158-0300] {dag.py:3096} INFO - Sync 1 DAGs
[2024-04-26T21:45:07.176-0300] {logging_mixin.py:188} INFO - [2024-04-26T21:45:07.176-0300] {dag.py:3954} INFO - Setting next_dagrun for tutorial_dag to None, run_after=None
[2024-04-26T21:45:07.206-0300] {processor.py:183} INFO - Processing /home/athlon/projects/airflow/.venv/lib/python3.11/site-packages/airflow/example_dags/tutorial_dag.py took 0.101 seconds
[2024-04-26T21:46:04.899-0300] {processor.py:161} INFO - Started process (PID=20084) to work on /home/athlon/projects/airflow/.venv/lib/python3.11/site-packages/airflow/example_dags/tutorial_dag.py
[2024-04-26T21:46:04.905-0300] {processor.py:830} INFO - Processing file /home/athlon/projects/airflow/.venv/lib/python3.11/site-packages/airflow/example_dags/tutorial_dag.py for tasks to queue
[2024-04-26T21:46:04.907-0300] {logging_mixin.py:188} INFO - [2024-04-26T21:46:04.907-0300] {dagbag.py:540} INFO - Filling up the DagBag from /home/athlon/projects/airflow/.venv/lib/python3.11/site-packages/airflow/example_dags/tutorial_dag.py
[2024-04-26T21:46:04.917-0300] {processor.py:840} INFO - DAG(s) 'tutorial_dag' retrieved from /home/athlon/projects/airflow/.venv/lib/python3.11/site-packages/airflow/example_dags/tutorial_dag.py
[2024-04-26T21:46:04.944-0300] {logging_mixin.py:188} INFO - [2024-04-26T21:46:04.943-0300] {dag.py:3096} INFO - Sync 1 DAGs
[2024-04-26T21:46:04.961-0300] {logging_mixin.py:188} INFO - [2024-04-26T21:46:04.960-0300] {dag.py:3954} INFO - Setting next_dagrun for tutorial_dag to None, run_after=None
[2024-04-26T21:46:04.991-0300] {processor.py:183} INFO - Processing /home/athlon/projects/airflow/.venv/lib/python3.11/site-packages/airflow/example_dags/tutorial_dag.py took 0.103 seconds
[2024-04-26T21:47:05.234-0300] {processor.py:161} INFO - Started process (PID=20149) to work on /home/athlon/projects/airflow/.venv/lib/python3.11/site-packages/airflow/example_dags/tutorial_dag.py
[2024-04-26T21:47:05.239-0300] {processor.py:830} INFO - Processing file /home/athlon/projects/airflow/.venv/lib/python3.11/site-packages/airflow/example_dags/tutorial_dag.py for tasks to queue
[2024-04-26T21:47:05.242-0300] {logging_mixin.py:188} INFO - [2024-04-26T21:47:05.242-0300] {dagbag.py:540} INFO - Filling up the DagBag from /home/athlon/projects/airflow/.venv/lib/python3.11/site-packages/airflow/example_dags/tutorial_dag.py
[2024-04-26T21:47:05.252-0300] {processor.py:840} INFO - DAG(s) 'tutorial_dag' retrieved from /home/athlon/projects/airflow/.venv/lib/python3.11/site-packages/airflow/example_dags/tutorial_dag.py
[2024-04-26T21:47:05.277-0300] {logging_mixin.py:188} INFO - [2024-04-26T21:47:05.276-0300] {dag.py:3096} INFO - Sync 1 DAGs
[2024-04-26T21:47:05.294-0300] {logging_mixin.py:188} INFO - [2024-04-26T21:47:05.293-0300] {dag.py:3954} INFO - Setting next_dagrun for tutorial_dag to None, run_after=None
[2024-04-26T21:47:05.325-0300] {processor.py:183} INFO - Processing /home/athlon/projects/airflow/.venv/lib/python3.11/site-packages/airflow/example_dags/tutorial_dag.py took 0.101 seconds
[2024-04-26T21:48:01.061-0300] {processor.py:161} INFO - Started process (PID=20215) to work on /home/athlon/projects/airflow/.venv/lib/python3.11/site-packages/airflow/example_dags/tutorial_dag.py
[2024-04-26T21:48:01.064-0300] {processor.py:830} INFO - Processing file /home/athlon/projects/airflow/.venv/lib/python3.11/site-packages/airflow/example_dags/tutorial_dag.py for tasks to queue
[2024-04-26T21:48:01.067-0300] {logging_mixin.py:188} INFO - [2024-04-26T21:48:01.066-0300] {dagbag.py:540} INFO - Filling up the DagBag from /home/athlon/projects/airflow/.venv/lib/python3.11/site-packages/airflow/example_dags/tutorial_dag.py
[2024-04-26T21:48:01.078-0300] {processor.py:840} INFO - DAG(s) 'tutorial_dag' retrieved from /home/athlon/projects/airflow/.venv/lib/python3.11/site-packages/airflow/example_dags/tutorial_dag.py
[2024-04-26T21:48:01.103-0300] {logging_mixin.py:188} INFO - [2024-04-26T21:48:01.103-0300] {dag.py:3096} INFO - Sync 1 DAGs
[2024-04-26T21:48:01.120-0300] {logging_mixin.py:188} INFO - [2024-04-26T21:48:01.120-0300] {dag.py:3954} INFO - Setting next_dagrun for tutorial_dag to None, run_after=None
[2024-04-26T21:48:01.152-0300] {processor.py:183} INFO - Processing /home/athlon/projects/airflow/.venv/lib/python3.11/site-packages/airflow/example_dags/tutorial_dag.py took 0.101 seconds
[2024-04-26T21:48:55.971-0300] {processor.py:161} INFO - Started process (PID=20278) to work on /home/athlon/projects/airflow/.venv/lib/python3.11/site-packages/airflow/example_dags/tutorial_dag.py
[2024-04-26T21:48:55.976-0300] {processor.py:830} INFO - Processing file /home/athlon/projects/airflow/.venv/lib/python3.11/site-packages/airflow/example_dags/tutorial_dag.py for tasks to queue
[2024-04-26T21:48:55.979-0300] {logging_mixin.py:188} INFO - [2024-04-26T21:48:55.978-0300] {dagbag.py:540} INFO - Filling up the DagBag from /home/athlon/projects/airflow/.venv/lib/python3.11/site-packages/airflow/example_dags/tutorial_dag.py
[2024-04-26T21:48:55.987-0300] {processor.py:840} INFO - DAG(s) 'tutorial_dag' retrieved from /home/athlon/projects/airflow/.venv/lib/python3.11/site-packages/airflow/example_dags/tutorial_dag.py
[2024-04-26T21:48:56.018-0300] {logging_mixin.py:188} INFO - [2024-04-26T21:48:56.017-0300] {dag.py:3096} INFO - Sync 1 DAGs
[2024-04-26T21:48:56.051-0300] {logging_mixin.py:188} INFO - [2024-04-26T21:48:56.050-0300] {dag.py:3954} INFO - Setting next_dagrun for tutorial_dag to None, run_after=None
[2024-04-26T21:48:56.110-0300] {processor.py:183} INFO - Processing /home/athlon/projects/airflow/.venv/lib/python3.11/site-packages/airflow/example_dags/tutorial_dag.py took 0.148 seconds
[2024-04-26T21:49:50.073-0300] {processor.py:161} INFO - Started process (PID=20343) to work on /home/athlon/projects/airflow/.venv/lib/python3.11/site-packages/airflow/example_dags/tutorial_dag.py
[2024-04-26T21:49:50.079-0300] {processor.py:830} INFO - Processing file /home/athlon/projects/airflow/.venv/lib/python3.11/site-packages/airflow/example_dags/tutorial_dag.py for tasks to queue
[2024-04-26T21:49:50.082-0300] {logging_mixin.py:188} INFO - [2024-04-26T21:49:50.081-0300] {dagbag.py:540} INFO - Filling up the DagBag from /home/athlon/projects/airflow/.venv/lib/python3.11/site-packages/airflow/example_dags/tutorial_dag.py
[2024-04-26T21:49:50.092-0300] {processor.py:840} INFO - DAG(s) 'tutorial_dag' retrieved from /home/athlon/projects/airflow/.venv/lib/python3.11/site-packages/airflow/example_dags/tutorial_dag.py
[2024-04-26T21:49:50.117-0300] {logging_mixin.py:188} INFO - [2024-04-26T21:49:50.116-0300] {dag.py:3096} INFO - Sync 1 DAGs
[2024-04-26T21:49:50.135-0300] {logging_mixin.py:188} INFO - [2024-04-26T21:49:50.134-0300] {dag.py:3954} INFO - Setting next_dagrun for tutorial_dag to None, run_after=None
[2024-04-26T21:49:50.165-0300] {processor.py:183} INFO - Processing /home/athlon/projects/airflow/.venv/lib/python3.11/site-packages/airflow/example_dags/tutorial_dag.py took 0.103 seconds
[2024-04-26T21:50:47.970-0300] {processor.py:161} INFO - Started process (PID=20417) to work on /home/athlon/projects/airflow/.venv/lib/python3.11/site-packages/airflow/example_dags/tutorial_dag.py
[2024-04-26T21:50:47.976-0300] {processor.py:830} INFO - Processing file /home/athlon/projects/airflow/.venv/lib/python3.11/site-packages/airflow/example_dags/tutorial_dag.py for tasks to queue
[2024-04-26T21:50:47.979-0300] {logging_mixin.py:188} INFO - [2024-04-26T21:50:47.978-0300] {dagbag.py:540} INFO - Filling up the DagBag from /home/athlon/projects/airflow/.venv/lib/python3.11/site-packages/airflow/example_dags/tutorial_dag.py
[2024-04-26T21:50:47.989-0300] {processor.py:840} INFO - DAG(s) 'tutorial_dag' retrieved from /home/athlon/projects/airflow/.venv/lib/python3.11/site-packages/airflow/example_dags/tutorial_dag.py
[2024-04-26T21:50:48.014-0300] {logging_mixin.py:188} INFO - [2024-04-26T21:50:48.014-0300] {dag.py:3096} INFO - Sync 1 DAGs
[2024-04-26T21:50:48.031-0300] {logging_mixin.py:188} INFO - [2024-04-26T21:50:48.030-0300] {dag.py:3954} INFO - Setting next_dagrun for tutorial_dag to None, run_after=None
[2024-04-26T21:50:48.063-0300] {processor.py:183} INFO - Processing /home/athlon/projects/airflow/.venv/lib/python3.11/site-packages/airflow/example_dags/tutorial_dag.py took 0.104 seconds
[2024-04-26T21:51:42.783-0300] {processor.py:161} INFO - Started process (PID=20484) to work on /home/athlon/projects/airflow/.venv/lib/python3.11/site-packages/airflow/example_dags/tutorial_dag.py
[2024-04-26T21:51:42.789-0300] {processor.py:830} INFO - Processing file /home/athlon/projects/airflow/.venv/lib/python3.11/site-packages/airflow/example_dags/tutorial_dag.py for tasks to queue
[2024-04-26T21:51:42.792-0300] {logging_mixin.py:188} INFO - [2024-04-26T21:51:42.791-0300] {dagbag.py:540} INFO - Filling up the DagBag from /home/athlon/projects/airflow/.venv/lib/python3.11/site-packages/airflow/example_dags/tutorial_dag.py
[2024-04-26T21:51:42.800-0300] {processor.py:840} INFO - DAG(s) 'tutorial_dag' retrieved from /home/athlon/projects/airflow/.venv/lib/python3.11/site-packages/airflow/example_dags/tutorial_dag.py
[2024-04-26T21:51:42.823-0300] {logging_mixin.py:188} INFO - [2024-04-26T21:51:42.822-0300] {dag.py:3096} INFO - Sync 1 DAGs
[2024-04-26T21:51:42.840-0300] {logging_mixin.py:188} INFO - [2024-04-26T21:51:42.840-0300] {dag.py:3954} INFO - Setting next_dagrun for tutorial_dag to None, run_after=None
[2024-04-26T21:51:42.871-0300] {processor.py:183} INFO - Processing /home/athlon/projects/airflow/.venv/lib/python3.11/site-packages/airflow/example_dags/tutorial_dag.py took 0.096 seconds
[2024-04-26T21:52:40.737-0300] {processor.py:161} INFO - Started process (PID=20656) to work on /home/athlon/projects/airflow/.venv/lib/python3.11/site-packages/airflow/example_dags/tutorial_dag.py
[2024-04-26T21:52:40.743-0300] {processor.py:830} INFO - Processing file /home/athlon/projects/airflow/.venv/lib/python3.11/site-packages/airflow/example_dags/tutorial_dag.py for tasks to queue
[2024-04-26T21:52:40.746-0300] {logging_mixin.py:188} INFO - [2024-04-26T21:52:40.745-0300] {dagbag.py:540} INFO - Filling up the DagBag from /home/athlon/projects/airflow/.venv/lib/python3.11/site-packages/airflow/example_dags/tutorial_dag.py
[2024-04-26T21:52:40.756-0300] {processor.py:840} INFO - DAG(s) 'tutorial_dag' retrieved from /home/athlon/projects/airflow/.venv/lib/python3.11/site-packages/airflow/example_dags/tutorial_dag.py
[2024-04-26T21:52:40.799-0300] {logging_mixin.py:188} INFO - [2024-04-26T21:52:40.798-0300] {dag.py:3096} INFO - Sync 1 DAGs
[2024-04-26T21:52:40.827-0300] {logging_mixin.py:188} INFO - [2024-04-26T21:52:40.826-0300] {dag.py:3954} INFO - Setting next_dagrun for tutorial_dag to None, run_after=None
[2024-04-26T21:52:40.874-0300] {processor.py:183} INFO - Processing /home/athlon/projects/airflow/.venv/lib/python3.11/site-packages/airflow/example_dags/tutorial_dag.py took 0.149 seconds
[2024-04-26T21:53:36.879-0300] {processor.py:161} INFO - Started process (PID=20721) to work on /home/athlon/projects/airflow/.venv/lib/python3.11/site-packages/airflow/example_dags/tutorial_dag.py
[2024-04-26T21:53:36.885-0300] {processor.py:830} INFO - Processing file /home/athlon/projects/airflow/.venv/lib/python3.11/site-packages/airflow/example_dags/tutorial_dag.py for tasks to queue
[2024-04-26T21:53:36.888-0300] {logging_mixin.py:188} INFO - [2024-04-26T21:53:36.887-0300] {dagbag.py:540} INFO - Filling up the DagBag from /home/athlon/projects/airflow/.venv/lib/python3.11/site-packages/airflow/example_dags/tutorial_dag.py
[2024-04-26T21:53:36.898-0300] {processor.py:840} INFO - DAG(s) 'tutorial_dag' retrieved from /home/athlon/projects/airflow/.venv/lib/python3.11/site-packages/airflow/example_dags/tutorial_dag.py
[2024-04-26T21:53:36.922-0300] {logging_mixin.py:188} INFO - [2024-04-26T21:53:36.922-0300] {dag.py:3096} INFO - Sync 1 DAGs
[2024-04-26T21:53:36.939-0300] {logging_mixin.py:188} INFO - [2024-04-26T21:53:36.939-0300] {dag.py:3954} INFO - Setting next_dagrun for tutorial_dag to None, run_after=None
[2024-04-26T21:53:36.969-0300] {processor.py:183} INFO - Processing /home/athlon/projects/airflow/.venv/lib/python3.11/site-packages/airflow/example_dags/tutorial_dag.py took 0.101 seconds
[2024-04-26T21:54:38.241-0300] {processor.py:161} INFO - Started process (PID=20843) to work on /home/athlon/projects/airflow/.venv/lib/python3.11/site-packages/airflow/example_dags/tutorial_dag.py
[2024-04-26T21:54:38.247-0300] {processor.py:830} INFO - Processing file /home/athlon/projects/airflow/.venv/lib/python3.11/site-packages/airflow/example_dags/tutorial_dag.py for tasks to queue
[2024-04-26T21:54:38.250-0300] {logging_mixin.py:188} INFO - [2024-04-26T21:54:38.249-0300] {dagbag.py:540} INFO - Filling up the DagBag from /home/athlon/projects/airflow/.venv/lib/python3.11/site-packages/airflow/example_dags/tutorial_dag.py
[2024-04-26T21:54:38.260-0300] {processor.py:840} INFO - DAG(s) 'tutorial_dag' retrieved from /home/athlon/projects/airflow/.venv/lib/python3.11/site-packages/airflow/example_dags/tutorial_dag.py
[2024-04-26T21:54:38.285-0300] {logging_mixin.py:188} INFO - [2024-04-26T21:54:38.285-0300] {dag.py:3096} INFO - Sync 1 DAGs
[2024-04-26T21:54:38.303-0300] {logging_mixin.py:188} INFO - [2024-04-26T21:54:38.303-0300] {dag.py:3954} INFO - Setting next_dagrun for tutorial_dag to None, run_after=None
[2024-04-26T21:54:38.334-0300] {processor.py:183} INFO - Processing /home/athlon/projects/airflow/.venv/lib/python3.11/site-packages/airflow/example_dags/tutorial_dag.py took 0.103 seconds
[2024-04-26T21:55:31.357-0300] {processor.py:161} INFO - Started process (PID=21541) to work on /home/athlon/projects/airflow/.venv/lib/python3.11/site-packages/airflow/example_dags/tutorial_dag.py
[2024-04-26T21:55:31.359-0300] {processor.py:830} INFO - Processing file /home/athlon/projects/airflow/.venv/lib/python3.11/site-packages/airflow/example_dags/tutorial_dag.py for tasks to queue
[2024-04-26T21:55:31.361-0300] {logging_mixin.py:188} INFO - [2024-04-26T21:55:31.361-0300] {dagbag.py:540} INFO - Filling up the DagBag from /home/athlon/projects/airflow/.venv/lib/python3.11/site-packages/airflow/example_dags/tutorial_dag.py
[2024-04-26T21:55:31.370-0300] {processor.py:840} INFO - DAG(s) 'tutorial_dag' retrieved from /home/athlon/projects/airflow/.venv/lib/python3.11/site-packages/airflow/example_dags/tutorial_dag.py
[2024-04-26T21:55:31.393-0300] {logging_mixin.py:188} INFO - [2024-04-26T21:55:31.392-0300] {dag.py:3096} INFO - Sync 1 DAGs
[2024-04-26T21:55:31.410-0300] {logging_mixin.py:188} INFO - [2024-04-26T21:55:31.410-0300] {dag.py:3954} INFO - Setting next_dagrun for tutorial_dag to None, run_after=None
[2024-04-26T21:55:31.442-0300] {processor.py:183} INFO - Processing /home/athlon/projects/airflow/.venv/lib/python3.11/site-packages/airflow/example_dags/tutorial_dag.py took 0.093 seconds
[2024-04-26T21:56:33.337-0300] {processor.py:161} INFO - Started process (PID=21609) to work on /home/athlon/projects/airflow/.venv/lib/python3.11/site-packages/airflow/example_dags/tutorial_dag.py
[2024-04-26T21:56:33.342-0300] {processor.py:830} INFO - Processing file /home/athlon/projects/airflow/.venv/lib/python3.11/site-packages/airflow/example_dags/tutorial_dag.py for tasks to queue
[2024-04-26T21:56:33.346-0300] {logging_mixin.py:188} INFO - [2024-04-26T21:56:33.345-0300] {dagbag.py:540} INFO - Filling up the DagBag from /home/athlon/projects/airflow/.venv/lib/python3.11/site-packages/airflow/example_dags/tutorial_dag.py
[2024-04-26T21:56:33.359-0300] {processor.py:840} INFO - DAG(s) 'tutorial_dag' retrieved from /home/athlon/projects/airflow/.venv/lib/python3.11/site-packages/airflow/example_dags/tutorial_dag.py
[2024-04-26T21:56:33.385-0300] {logging_mixin.py:188} INFO - [2024-04-26T21:56:33.385-0300] {dag.py:3096} INFO - Sync 1 DAGs
[2024-04-26T21:56:33.403-0300] {logging_mixin.py:188} INFO - [2024-04-26T21:56:33.403-0300] {dag.py:3954} INFO - Setting next_dagrun for tutorial_dag to None, run_after=None
[2024-04-26T21:56:33.436-0300] {processor.py:183} INFO - Processing /home/athlon/projects/airflow/.venv/lib/python3.11/site-packages/airflow/example_dags/tutorial_dag.py took 0.112 seconds
[2024-04-26T21:57:32.681-0300] {processor.py:161} INFO - Started process (PID=21857) to work on /home/athlon/projects/airflow/.venv/lib/python3.11/site-packages/airflow/example_dags/tutorial_dag.py
[2024-04-26T21:57:32.687-0300] {processor.py:830} INFO - Processing file /home/athlon/projects/airflow/.venv/lib/python3.11/site-packages/airflow/example_dags/tutorial_dag.py for tasks to queue
[2024-04-26T21:57:32.690-0300] {logging_mixin.py:188} INFO - [2024-04-26T21:57:32.689-0300] {dagbag.py:540} INFO - Filling up the DagBag from /home/athlon/projects/airflow/.venv/lib/python3.11/site-packages/airflow/example_dags/tutorial_dag.py
[2024-04-26T21:57:32.701-0300] {processor.py:840} INFO - DAG(s) 'tutorial_dag' retrieved from /home/athlon/projects/airflow/.venv/lib/python3.11/site-packages/airflow/example_dags/tutorial_dag.py
[2024-04-26T21:57:32.727-0300] {logging_mixin.py:188} INFO - [2024-04-26T21:57:32.727-0300] {dag.py:3096} INFO - Sync 1 DAGs
[2024-04-26T21:57:32.745-0300] {logging_mixin.py:188} INFO - [2024-04-26T21:57:32.744-0300] {dag.py:3954} INFO - Setting next_dagrun for tutorial_dag to None, run_after=None
[2024-04-26T21:57:32.775-0300] {processor.py:183} INFO - Processing /home/athlon/projects/airflow/.venv/lib/python3.11/site-packages/airflow/example_dags/tutorial_dag.py took 0.106 seconds
[2024-04-26T21:58:31.710-0300] {processor.py:161} INFO - Started process (PID=22030) to work on /home/athlon/projects/airflow/.venv/lib/python3.11/site-packages/airflow/example_dags/tutorial_dag.py
[2024-04-26T21:58:31.712-0300] {processor.py:830} INFO - Processing file /home/athlon/projects/airflow/.venv/lib/python3.11/site-packages/airflow/example_dags/tutorial_dag.py for tasks to queue
[2024-04-26T21:58:31.715-0300] {logging_mixin.py:188} INFO - [2024-04-26T21:58:31.715-0300] {dagbag.py:540} INFO - Filling up the DagBag from /home/athlon/projects/airflow/.venv/lib/python3.11/site-packages/airflow/example_dags/tutorial_dag.py
[2024-04-26T21:58:31.725-0300] {processor.py:840} INFO - DAG(s) 'tutorial_dag' retrieved from /home/athlon/projects/airflow/.venv/lib/python3.11/site-packages/airflow/example_dags/tutorial_dag.py
[2024-04-26T21:58:31.748-0300] {logging_mixin.py:188} INFO - [2024-04-26T21:58:31.748-0300] {dag.py:3096} INFO - Sync 1 DAGs
[2024-04-26T21:58:31.766-0300] {logging_mixin.py:188} INFO - [2024-04-26T21:58:31.766-0300] {dag.py:3954} INFO - Setting next_dagrun for tutorial_dag to None, run_after=None
[2024-04-26T21:58:31.797-0300] {processor.py:183} INFO - Processing /home/athlon/projects/airflow/.venv/lib/python3.11/site-packages/airflow/example_dags/tutorial_dag.py took 0.099 seconds
[2024-04-26T21:59:27.872-0300] {processor.py:161} INFO - Started process (PID=22194) to work on /home/athlon/projects/airflow/.venv/lib/python3.11/site-packages/airflow/example_dags/tutorial_dag.py
[2024-04-26T21:59:27.878-0300] {processor.py:830} INFO - Processing file /home/athlon/projects/airflow/.venv/lib/python3.11/site-packages/airflow/example_dags/tutorial_dag.py for tasks to queue
[2024-04-26T21:59:27.881-0300] {logging_mixin.py:188} INFO - [2024-04-26T21:59:27.881-0300] {dagbag.py:540} INFO - Filling up the DagBag from /home/athlon/projects/airflow/.venv/lib/python3.11/site-packages/airflow/example_dags/tutorial_dag.py
[2024-04-26T21:59:27.893-0300] {processor.py:840} INFO - DAG(s) 'tutorial_dag' retrieved from /home/athlon/projects/airflow/.venv/lib/python3.11/site-packages/airflow/example_dags/tutorial_dag.py
[2024-04-26T21:59:27.924-0300] {logging_mixin.py:188} INFO - [2024-04-26T21:59:27.924-0300] {dag.py:3096} INFO - Sync 1 DAGs
[2024-04-26T21:59:27.948-0300] {logging_mixin.py:188} INFO - [2024-04-26T21:59:27.948-0300] {dag.py:3954} INFO - Setting next_dagrun for tutorial_dag to None, run_after=None
[2024-04-26T21:59:27.989-0300] {processor.py:183} INFO - Processing /home/athlon/projects/airflow/.venv/lib/python3.11/site-packages/airflow/example_dags/tutorial_dag.py took 0.128 seconds
[2024-04-26T22:00:30.870-0300] {processor.py:161} INFO - Started process (PID=22299) to work on /home/athlon/projects/airflow/.venv/lib/python3.11/site-packages/airflow/example_dags/tutorial_dag.py
[2024-04-26T22:00:30.874-0300] {processor.py:830} INFO - Processing file /home/athlon/projects/airflow/.venv/lib/python3.11/site-packages/airflow/example_dags/tutorial_dag.py for tasks to queue
[2024-04-26T22:00:30.878-0300] {logging_mixin.py:188} INFO - [2024-04-26T22:00:30.877-0300] {dagbag.py:540} INFO - Filling up the DagBag from /home/athlon/projects/airflow/.venv/lib/python3.11/site-packages/airflow/example_dags/tutorial_dag.py
[2024-04-26T22:00:30.891-0300] {processor.py:840} INFO - DAG(s) 'tutorial_dag' retrieved from /home/athlon/projects/airflow/.venv/lib/python3.11/site-packages/airflow/example_dags/tutorial_dag.py
[2024-04-26T22:00:30.926-0300] {logging_mixin.py:188} INFO - [2024-04-26T22:00:30.926-0300] {dag.py:3096} INFO - Sync 1 DAGs
[2024-04-26T22:00:30.956-0300] {logging_mixin.py:188} INFO - [2024-04-26T22:00:30.956-0300] {dag.py:3954} INFO - Setting next_dagrun for tutorial_dag to None, run_after=None
[2024-04-26T22:00:31.008-0300] {processor.py:183} INFO - Processing /home/athlon/projects/airflow/.venv/lib/python3.11/site-packages/airflow/example_dags/tutorial_dag.py took 0.151 seconds
[2024-04-26T22:01:33.463-0300] {processor.py:161} INFO - Started process (PID=22368) to work on /home/athlon/projects/airflow/.venv/lib/python3.11/site-packages/airflow/example_dags/tutorial_dag.py
[2024-04-26T22:01:33.469-0300] {processor.py:830} INFO - Processing file /home/athlon/projects/airflow/.venv/lib/python3.11/site-packages/airflow/example_dags/tutorial_dag.py for tasks to queue
[2024-04-26T22:01:33.472-0300] {logging_mixin.py:188} INFO - [2024-04-26T22:01:33.471-0300] {dagbag.py:540} INFO - Filling up the DagBag from /home/athlon/projects/airflow/.venv/lib/python3.11/site-packages/airflow/example_dags/tutorial_dag.py
[2024-04-26T22:01:33.483-0300] {processor.py:840} INFO - DAG(s) 'tutorial_dag' retrieved from /home/athlon/projects/airflow/.venv/lib/python3.11/site-packages/airflow/example_dags/tutorial_dag.py
[2024-04-26T22:01:33.511-0300] {logging_mixin.py:188} INFO - [2024-04-26T22:01:33.510-0300] {dag.py:3096} INFO - Sync 1 DAGs
[2024-04-26T22:01:33.531-0300] {logging_mixin.py:188} INFO - [2024-04-26T22:01:33.530-0300] {dag.py:3954} INFO - Setting next_dagrun for tutorial_dag to None, run_after=None
[2024-04-26T22:01:33.562-0300] {processor.py:183} INFO - Processing /home/athlon/projects/airflow/.venv/lib/python3.11/site-packages/airflow/example_dags/tutorial_dag.py took 0.110 seconds
[2024-04-26T22:02:36.670-0300] {processor.py:161} INFO - Started process (PID=22435) to work on /home/athlon/projects/airflow/.venv/lib/python3.11/site-packages/airflow/example_dags/tutorial_dag.py
[2024-04-26T22:02:36.676-0300] {processor.py:830} INFO - Processing file /home/athlon/projects/airflow/.venv/lib/python3.11/site-packages/airflow/example_dags/tutorial_dag.py for tasks to queue
[2024-04-26T22:02:36.679-0300] {logging_mixin.py:188} INFO - [2024-04-26T22:02:36.678-0300] {dagbag.py:540} INFO - Filling up the DagBag from /home/athlon/projects/airflow/.venv/lib/python3.11/site-packages/airflow/example_dags/tutorial_dag.py
[2024-04-26T22:02:36.690-0300] {processor.py:840} INFO - DAG(s) 'tutorial_dag' retrieved from /home/athlon/projects/airflow/.venv/lib/python3.11/site-packages/airflow/example_dags/tutorial_dag.py
[2024-04-26T22:02:36.718-0300] {logging_mixin.py:188} INFO - [2024-04-26T22:02:36.717-0300] {dag.py:3096} INFO - Sync 1 DAGs
[2024-04-26T22:02:36.740-0300] {logging_mixin.py:188} INFO - [2024-04-26T22:02:36.739-0300] {dag.py:3954} INFO - Setting next_dagrun for tutorial_dag to None, run_after=None
[2024-04-26T22:02:36.778-0300] {processor.py:183} INFO - Processing /home/athlon/projects/airflow/.venv/lib/python3.11/site-packages/airflow/example_dags/tutorial_dag.py took 0.118 seconds
[2024-04-26T22:03:39.838-0300] {processor.py:161} INFO - Started process (PID=22513) to work on /home/athlon/projects/airflow/.venv/lib/python3.11/site-packages/airflow/example_dags/tutorial_dag.py
[2024-04-26T22:03:39.844-0300] {processor.py:830} INFO - Processing file /home/athlon/projects/airflow/.venv/lib/python3.11/site-packages/airflow/example_dags/tutorial_dag.py for tasks to queue
[2024-04-26T22:03:39.847-0300] {logging_mixin.py:188} INFO - [2024-04-26T22:03:39.846-0300] {dagbag.py:540} INFO - Filling up the DagBag from /home/athlon/projects/airflow/.venv/lib/python3.11/site-packages/airflow/example_dags/tutorial_dag.py
[2024-04-26T22:03:39.858-0300] {processor.py:840} INFO - DAG(s) 'tutorial_dag' retrieved from /home/athlon/projects/airflow/.venv/lib/python3.11/site-packages/airflow/example_dags/tutorial_dag.py
[2024-04-26T22:03:39.883-0300] {logging_mixin.py:188} INFO - [2024-04-26T22:03:39.883-0300] {dag.py:3096} INFO - Sync 1 DAGs
[2024-04-26T22:03:39.901-0300] {logging_mixin.py:188} INFO - [2024-04-26T22:03:39.900-0300] {dag.py:3954} INFO - Setting next_dagrun for tutorial_dag to None, run_after=None
[2024-04-26T22:03:39.932-0300] {processor.py:183} INFO - Processing /home/athlon/projects/airflow/.venv/lib/python3.11/site-packages/airflow/example_dags/tutorial_dag.py took 0.105 seconds
[2024-04-26T22:04:36.166-0300] {processor.py:161} INFO - Started process (PID=22654) to work on /home/athlon/projects/airflow/.venv/lib/python3.11/site-packages/airflow/example_dags/tutorial_dag.py
[2024-04-26T22:04:36.172-0300] {processor.py:830} INFO - Processing file /home/athlon/projects/airflow/.venv/lib/python3.11/site-packages/airflow/example_dags/tutorial_dag.py for tasks to queue
[2024-04-26T22:04:36.177-0300] {logging_mixin.py:188} INFO - [2024-04-26T22:04:36.175-0300] {dagbag.py:540} INFO - Filling up the DagBag from /home/athlon/projects/airflow/.venv/lib/python3.11/site-packages/airflow/example_dags/tutorial_dag.py
[2024-04-26T22:04:36.197-0300] {processor.py:840} INFO - DAG(s) 'tutorial_dag' retrieved from /home/athlon/projects/airflow/.venv/lib/python3.11/site-packages/airflow/example_dags/tutorial_dag.py
[2024-04-26T22:04:36.235-0300] {logging_mixin.py:188} INFO - [2024-04-26T22:04:36.234-0300] {dag.py:3096} INFO - Sync 1 DAGs
[2024-04-26T22:04:36.288-0300] {logging_mixin.py:188} INFO - [2024-04-26T22:04:36.287-0300] {dag.py:3954} INFO - Setting next_dagrun for tutorial_dag to None, run_after=None
[2024-04-26T22:04:36.352-0300] {processor.py:183} INFO - Processing /home/athlon/projects/airflow/.venv/lib/python3.11/site-packages/airflow/example_dags/tutorial_dag.py took 0.203 seconds
[2024-04-26T22:05:34.670-0300] {processor.py:161} INFO - Started process (PID=22732) to work on /home/athlon/projects/airflow/.venv/lib/python3.11/site-packages/airflow/example_dags/tutorial_dag.py
[2024-04-26T22:05:34.676-0300] {processor.py:830} INFO - Processing file /home/athlon/projects/airflow/.venv/lib/python3.11/site-packages/airflow/example_dags/tutorial_dag.py for tasks to queue
[2024-04-26T22:05:34.679-0300] {logging_mixin.py:188} INFO - [2024-04-26T22:05:34.679-0300] {dagbag.py:540} INFO - Filling up the DagBag from /home/athlon/projects/airflow/.venv/lib/python3.11/site-packages/airflow/example_dags/tutorial_dag.py
[2024-04-26T22:05:34.690-0300] {processor.py:840} INFO - DAG(s) 'tutorial_dag' retrieved from /home/athlon/projects/airflow/.venv/lib/python3.11/site-packages/airflow/example_dags/tutorial_dag.py
[2024-04-26T22:05:34.716-0300] {logging_mixin.py:188} INFO - [2024-04-26T22:05:34.716-0300] {dag.py:3096} INFO - Sync 1 DAGs
[2024-04-26T22:05:34.735-0300] {logging_mixin.py:188} INFO - [2024-04-26T22:05:34.735-0300] {dag.py:3954} INFO - Setting next_dagrun for tutorial_dag to None, run_after=None
[2024-04-26T22:05:34.766-0300] {processor.py:183} INFO - Processing /home/athlon/projects/airflow/.venv/lib/python3.11/site-packages/airflow/example_dags/tutorial_dag.py took 0.108 seconds
[2024-04-26T22:06:33.501-0300] {processor.py:161} INFO - Started process (PID=22797) to work on /home/athlon/projects/airflow/.venv/lib/python3.11/site-packages/airflow/example_dags/tutorial_dag.py
[2024-04-26T22:06:33.507-0300] {processor.py:830} INFO - Processing file /home/athlon/projects/airflow/.venv/lib/python3.11/site-packages/airflow/example_dags/tutorial_dag.py for tasks to queue
[2024-04-26T22:06:33.510-0300] {logging_mixin.py:188} INFO - [2024-04-26T22:06:33.509-0300] {dagbag.py:540} INFO - Filling up the DagBag from /home/athlon/projects/airflow/.venv/lib/python3.11/site-packages/airflow/example_dags/tutorial_dag.py
[2024-04-26T22:06:33.521-0300] {processor.py:840} INFO - DAG(s) 'tutorial_dag' retrieved from /home/athlon/projects/airflow/.venv/lib/python3.11/site-packages/airflow/example_dags/tutorial_dag.py
[2024-04-26T22:06:33.546-0300] {logging_mixin.py:188} INFO - [2024-04-26T22:06:33.546-0300] {dag.py:3096} INFO - Sync 1 DAGs
[2024-04-26T22:06:33.564-0300] {logging_mixin.py:188} INFO - [2024-04-26T22:06:33.564-0300] {dag.py:3954} INFO - Setting next_dagrun for tutorial_dag to None, run_after=None
[2024-04-26T22:06:33.595-0300] {processor.py:183} INFO - Processing /home/athlon/projects/airflow/.venv/lib/python3.11/site-packages/airflow/example_dags/tutorial_dag.py took 0.106 seconds
[2024-04-26T22:07:33.174-0300] {processor.py:161} INFO - Started process (PID=22864) to work on /home/athlon/projects/airflow/.venv/lib/python3.11/site-packages/airflow/example_dags/tutorial_dag.py
[2024-04-26T22:07:33.180-0300] {processor.py:830} INFO - Processing file /home/athlon/projects/airflow/.venv/lib/python3.11/site-packages/airflow/example_dags/tutorial_dag.py for tasks to queue
[2024-04-26T22:07:33.183-0300] {logging_mixin.py:188} INFO - [2024-04-26T22:07:33.182-0300] {dagbag.py:540} INFO - Filling up the DagBag from /home/athlon/projects/airflow/.venv/lib/python3.11/site-packages/airflow/example_dags/tutorial_dag.py
[2024-04-26T22:07:33.194-0300] {processor.py:840} INFO - DAG(s) 'tutorial_dag' retrieved from /home/athlon/projects/airflow/.venv/lib/python3.11/site-packages/airflow/example_dags/tutorial_dag.py
[2024-04-26T22:07:33.220-0300] {logging_mixin.py:188} INFO - [2024-04-26T22:07:33.220-0300] {dag.py:3096} INFO - Sync 1 DAGs
[2024-04-26T22:07:33.238-0300] {logging_mixin.py:188} INFO - [2024-04-26T22:07:33.238-0300] {dag.py:3954} INFO - Setting next_dagrun for tutorial_dag to None, run_after=None
[2024-04-26T22:07:33.270-0300] {processor.py:183} INFO - Processing /home/athlon/projects/airflow/.venv/lib/python3.11/site-packages/airflow/example_dags/tutorial_dag.py took 0.107 seconds
[2024-04-26T22:08:34.887-0300] {processor.py:161} INFO - Started process (PID=22932) to work on /home/athlon/projects/airflow/.venv/lib/python3.11/site-packages/airflow/example_dags/tutorial_dag.py
[2024-04-26T22:08:34.893-0300] {processor.py:830} INFO - Processing file /home/athlon/projects/airflow/.venv/lib/python3.11/site-packages/airflow/example_dags/tutorial_dag.py for tasks to queue
[2024-04-26T22:08:34.896-0300] {logging_mixin.py:188} INFO - [2024-04-26T22:08:34.896-0300] {dagbag.py:540} INFO - Filling up the DagBag from /home/athlon/projects/airflow/.venv/lib/python3.11/site-packages/airflow/example_dags/tutorial_dag.py
[2024-04-26T22:08:34.908-0300] {processor.py:840} INFO - DAG(s) 'tutorial_dag' retrieved from /home/athlon/projects/airflow/.venv/lib/python3.11/site-packages/airflow/example_dags/tutorial_dag.py
[2024-04-26T22:08:34.933-0300] {logging_mixin.py:188} INFO - [2024-04-26T22:08:34.933-0300] {dag.py:3096} INFO - Sync 1 DAGs
[2024-04-26T22:08:34.951-0300] {logging_mixin.py:188} INFO - [2024-04-26T22:08:34.950-0300] {dag.py:3954} INFO - Setting next_dagrun for tutorial_dag to None, run_after=None
[2024-04-26T22:08:34.981-0300] {processor.py:183} INFO - Processing /home/athlon/projects/airflow/.venv/lib/python3.11/site-packages/airflow/example_dags/tutorial_dag.py took 0.106 seconds
[2024-04-26T22:09:32.402-0300] {processor.py:161} INFO - Started process (PID=23030) to work on /home/athlon/projects/airflow/.venv/lib/python3.11/site-packages/airflow/example_dags/tutorial_dag.py
[2024-04-26T22:09:32.408-0300] {processor.py:830} INFO - Processing file /home/athlon/projects/airflow/.venv/lib/python3.11/site-packages/airflow/example_dags/tutorial_dag.py for tasks to queue
[2024-04-26T22:09:32.411-0300] {logging_mixin.py:188} INFO - [2024-04-26T22:09:32.410-0300] {dagbag.py:540} INFO - Filling up the DagBag from /home/athlon/projects/airflow/.venv/lib/python3.11/site-packages/airflow/example_dags/tutorial_dag.py
[2024-04-26T22:09:32.422-0300] {processor.py:840} INFO - DAG(s) 'tutorial_dag' retrieved from /home/athlon/projects/airflow/.venv/lib/python3.11/site-packages/airflow/example_dags/tutorial_dag.py
[2024-04-26T22:09:32.447-0300] {logging_mixin.py:188} INFO - [2024-04-26T22:09:32.447-0300] {dag.py:3096} INFO - Sync 1 DAGs
[2024-04-26T22:09:32.466-0300] {logging_mixin.py:188} INFO - [2024-04-26T22:09:32.466-0300] {dag.py:3954} INFO - Setting next_dagrun for tutorial_dag to None, run_after=None
[2024-04-26T22:09:32.496-0300] {processor.py:183} INFO - Processing /home/athlon/projects/airflow/.venv/lib/python3.11/site-packages/airflow/example_dags/tutorial_dag.py took 0.106 seconds
[2024-04-26T22:10:34.361-0300] {processor.py:161} INFO - Started process (PID=23100) to work on /home/athlon/projects/airflow/.venv/lib/python3.11/site-packages/airflow/example_dags/tutorial_dag.py
[2024-04-26T22:10:34.367-0300] {processor.py:830} INFO - Processing file /home/athlon/projects/airflow/.venv/lib/python3.11/site-packages/airflow/example_dags/tutorial_dag.py for tasks to queue
[2024-04-26T22:10:34.370-0300] {logging_mixin.py:188} INFO - [2024-04-26T22:10:34.370-0300] {dagbag.py:540} INFO - Filling up the DagBag from /home/athlon/projects/airflow/.venv/lib/python3.11/site-packages/airflow/example_dags/tutorial_dag.py
[2024-04-26T22:10:34.382-0300] {processor.py:840} INFO - DAG(s) 'tutorial_dag' retrieved from /home/athlon/projects/airflow/.venv/lib/python3.11/site-packages/airflow/example_dags/tutorial_dag.py
[2024-04-26T22:10:34.407-0300] {logging_mixin.py:188} INFO - [2024-04-26T22:10:34.407-0300] {dag.py:3096} INFO - Sync 1 DAGs
[2024-04-26T22:10:34.425-0300] {logging_mixin.py:188} INFO - [2024-04-26T22:10:34.424-0300] {dag.py:3954} INFO - Setting next_dagrun for tutorial_dag to None, run_after=None
[2024-04-26T22:10:34.456-0300] {processor.py:183} INFO - Processing /home/athlon/projects/airflow/.venv/lib/python3.11/site-packages/airflow/example_dags/tutorial_dag.py took 0.105 seconds
[2024-04-26T22:11:36.113-0300] {processor.py:161} INFO - Started process (PID=23168) to work on /home/athlon/projects/airflow/.venv/lib/python3.11/site-packages/airflow/example_dags/tutorial_dag.py
[2024-04-26T22:11:36.119-0300] {processor.py:830} INFO - Processing file /home/athlon/projects/airflow/.venv/lib/python3.11/site-packages/airflow/example_dags/tutorial_dag.py for tasks to queue
[2024-04-26T22:11:36.122-0300] {logging_mixin.py:188} INFO - [2024-04-26T22:11:36.121-0300] {dagbag.py:540} INFO - Filling up the DagBag from /home/athlon/projects/airflow/.venv/lib/python3.11/site-packages/airflow/example_dags/tutorial_dag.py
[2024-04-26T22:11:36.133-0300] {processor.py:840} INFO - DAG(s) 'tutorial_dag' retrieved from /home/athlon/projects/airflow/.venv/lib/python3.11/site-packages/airflow/example_dags/tutorial_dag.py
[2024-04-26T22:11:36.158-0300] {logging_mixin.py:188} INFO - [2024-04-26T22:11:36.158-0300] {dag.py:3096} INFO - Sync 1 DAGs
[2024-04-26T22:11:36.176-0300] {logging_mixin.py:188} INFO - [2024-04-26T22:11:36.176-0300] {dag.py:3954} INFO - Setting next_dagrun for tutorial_dag to None, run_after=None
[2024-04-26T22:11:36.207-0300] {processor.py:183} INFO - Processing /home/athlon/projects/airflow/.venv/lib/python3.11/site-packages/airflow/example_dags/tutorial_dag.py took 0.106 seconds
[2024-04-26T22:12:35.969-0300] {processor.py:161} INFO - Started process (PID=23252) to work on /home/athlon/projects/airflow/.venv/lib/python3.11/site-packages/airflow/example_dags/tutorial_dag.py
[2024-04-26T22:12:35.975-0300] {processor.py:830} INFO - Processing file /home/athlon/projects/airflow/.venv/lib/python3.11/site-packages/airflow/example_dags/tutorial_dag.py for tasks to queue
[2024-04-26T22:12:35.978-0300] {logging_mixin.py:188} INFO - [2024-04-26T22:12:35.977-0300] {dagbag.py:540} INFO - Filling up the DagBag from /home/athlon/projects/airflow/.venv/lib/python3.11/site-packages/airflow/example_dags/tutorial_dag.py
[2024-04-26T22:12:35.990-0300] {processor.py:840} INFO - DAG(s) 'tutorial_dag' retrieved from /home/athlon/projects/airflow/.venv/lib/python3.11/site-packages/airflow/example_dags/tutorial_dag.py
[2024-04-26T22:12:36.015-0300] {logging_mixin.py:188} INFO - [2024-04-26T22:12:36.015-0300] {dag.py:3096} INFO - Sync 1 DAGs
[2024-04-26T22:12:36.033-0300] {logging_mixin.py:188} INFO - [2024-04-26T22:12:36.033-0300] {dag.py:3954} INFO - Setting next_dagrun for tutorial_dag to None, run_after=None
[2024-04-26T22:12:36.065-0300] {processor.py:183} INFO - Processing /home/athlon/projects/airflow/.venv/lib/python3.11/site-packages/airflow/example_dags/tutorial_dag.py took 0.107 seconds
[2024-04-26T22:13:36.969-0300] {processor.py:161} INFO - Started process (PID=23323) to work on /home/athlon/projects/airflow/.venv/lib/python3.11/site-packages/airflow/example_dags/tutorial_dag.py
[2024-04-26T22:13:36.974-0300] {processor.py:830} INFO - Processing file /home/athlon/projects/airflow/.venv/lib/python3.11/site-packages/airflow/example_dags/tutorial_dag.py for tasks to queue
[2024-04-26T22:13:36.978-0300] {logging_mixin.py:188} INFO - [2024-04-26T22:13:36.977-0300] {dagbag.py:540} INFO - Filling up the DagBag from /home/athlon/projects/airflow/.venv/lib/python3.11/site-packages/airflow/example_dags/tutorial_dag.py
[2024-04-26T22:13:36.989-0300] {processor.py:840} INFO - DAG(s) 'tutorial_dag' retrieved from /home/athlon/projects/airflow/.venv/lib/python3.11/site-packages/airflow/example_dags/tutorial_dag.py
[2024-04-26T22:13:37.015-0300] {logging_mixin.py:188} INFO - [2024-04-26T22:13:37.014-0300] {dag.py:3096} INFO - Sync 1 DAGs
[2024-04-26T22:13:37.032-0300] {logging_mixin.py:188} INFO - [2024-04-26T22:13:37.032-0300] {dag.py:3954} INFO - Setting next_dagrun for tutorial_dag to None, run_after=None
[2024-04-26T22:13:37.063-0300] {processor.py:183} INFO - Processing /home/athlon/projects/airflow/.venv/lib/python3.11/site-packages/airflow/example_dags/tutorial_dag.py took 0.106 seconds
[2024-04-26T22:14:37.356-0300] {processor.py:161} INFO - Started process (PID=23434) to work on /home/athlon/projects/airflow/.venv/lib/python3.11/site-packages/airflow/example_dags/tutorial_dag.py
[2024-04-26T22:14:37.362-0300] {processor.py:830} INFO - Processing file /home/athlon/projects/airflow/.venv/lib/python3.11/site-packages/airflow/example_dags/tutorial_dag.py for tasks to queue
[2024-04-26T22:14:37.364-0300] {logging_mixin.py:188} INFO - [2024-04-26T22:14:37.364-0300] {dagbag.py:540} INFO - Filling up the DagBag from /home/athlon/projects/airflow/.venv/lib/python3.11/site-packages/airflow/example_dags/tutorial_dag.py
[2024-04-26T22:14:37.374-0300] {processor.py:840} INFO - DAG(s) 'tutorial_dag' retrieved from /home/athlon/projects/airflow/.venv/lib/python3.11/site-packages/airflow/example_dags/tutorial_dag.py
[2024-04-26T22:14:37.397-0300] {logging_mixin.py:188} INFO - [2024-04-26T22:14:37.397-0300] {dag.py:3096} INFO - Sync 1 DAGs
[2024-04-26T22:14:37.415-0300] {logging_mixin.py:188} INFO - [2024-04-26T22:14:37.415-0300] {dag.py:3954} INFO - Setting next_dagrun for tutorial_dag to None, run_after=None
[2024-04-26T22:14:37.446-0300] {processor.py:183} INFO - Processing /home/athlon/projects/airflow/.venv/lib/python3.11/site-packages/airflow/example_dags/tutorial_dag.py took 0.100 seconds
[2024-04-26T22:15:44.344-0300] {processor.py:161} INFO - Started process (PID=23539) to work on /home/athlon/projects/airflow/.venv/lib/python3.11/site-packages/airflow/example_dags/tutorial_dag.py
[2024-04-26T22:15:44.350-0300] {processor.py:830} INFO - Processing file /home/athlon/projects/airflow/.venv/lib/python3.11/site-packages/airflow/example_dags/tutorial_dag.py for tasks to queue
[2024-04-26T22:15:44.353-0300] {logging_mixin.py:188} INFO - [2024-04-26T22:15:44.352-0300] {dagbag.py:540} INFO - Filling up the DagBag from /home/athlon/projects/airflow/.venv/lib/python3.11/site-packages/airflow/example_dags/tutorial_dag.py
[2024-04-26T22:15:44.362-0300] {processor.py:840} INFO - DAG(s) 'tutorial_dag' retrieved from /home/athlon/projects/airflow/.venv/lib/python3.11/site-packages/airflow/example_dags/tutorial_dag.py
[2024-04-26T22:15:44.385-0300] {logging_mixin.py:188} INFO - [2024-04-26T22:15:44.385-0300] {dag.py:3096} INFO - Sync 1 DAGs
[2024-04-26T22:15:44.407-0300] {logging_mixin.py:188} INFO - [2024-04-26T22:15:44.407-0300] {dag.py:3954} INFO - Setting next_dagrun for tutorial_dag to None, run_after=None
[2024-04-26T22:15:44.444-0300] {processor.py:183} INFO - Processing /home/athlon/projects/airflow/.venv/lib/python3.11/site-packages/airflow/example_dags/tutorial_dag.py took 0.109 seconds
[2024-04-26T22:16:47.440-0300] {processor.py:161} INFO - Started process (PID=23683) to work on /home/athlon/projects/airflow/.venv/lib/python3.11/site-packages/airflow/example_dags/tutorial_dag.py
[2024-04-26T22:16:47.442-0300] {processor.py:830} INFO - Processing file /home/athlon/projects/airflow/.venv/lib/python3.11/site-packages/airflow/example_dags/tutorial_dag.py for tasks to queue
[2024-04-26T22:16:47.445-0300] {logging_mixin.py:188} INFO - [2024-04-26T22:16:47.444-0300] {dagbag.py:540} INFO - Filling up the DagBag from /home/athlon/projects/airflow/.venv/lib/python3.11/site-packages/airflow/example_dags/tutorial_dag.py
[2024-04-26T22:16:47.455-0300] {processor.py:840} INFO - DAG(s) 'tutorial_dag' retrieved from /home/athlon/projects/airflow/.venv/lib/python3.11/site-packages/airflow/example_dags/tutorial_dag.py
[2024-04-26T22:16:47.478-0300] {logging_mixin.py:188} INFO - [2024-04-26T22:16:47.478-0300] {dag.py:3096} INFO - Sync 1 DAGs
[2024-04-26T22:16:47.498-0300] {logging_mixin.py:188} INFO - [2024-04-26T22:16:47.497-0300] {dag.py:3954} INFO - Setting next_dagrun for tutorial_dag to None, run_after=None
[2024-04-26T22:16:47.530-0300] {processor.py:183} INFO - Processing /home/athlon/projects/airflow/.venv/lib/python3.11/site-packages/airflow/example_dags/tutorial_dag.py took 0.099 seconds
[2024-04-26T22:17:46.009-0300] {processor.py:161} INFO - Started process (PID=23741) to work on /home/athlon/projects/airflow/.venv/lib/python3.11/site-packages/airflow/example_dags/tutorial_dag.py
[2024-04-26T22:17:46.010-0300] {processor.py:830} INFO - Processing file /home/athlon/projects/airflow/.venv/lib/python3.11/site-packages/airflow/example_dags/tutorial_dag.py for tasks to queue
[2024-04-26T22:17:46.013-0300] {logging_mixin.py:188} INFO - [2024-04-26T22:17:46.013-0300] {dagbag.py:540} INFO - Filling up the DagBag from /home/athlon/projects/airflow/.venv/lib/python3.11/site-packages/airflow/example_dags/tutorial_dag.py
[2024-04-26T22:17:46.024-0300] {processor.py:840} INFO - DAG(s) 'tutorial_dag' retrieved from /home/athlon/projects/airflow/.venv/lib/python3.11/site-packages/airflow/example_dags/tutorial_dag.py
[2024-04-26T22:17:46.048-0300] {logging_mixin.py:188} INFO - [2024-04-26T22:17:46.048-0300] {dag.py:3096} INFO - Sync 1 DAGs
[2024-04-26T22:17:46.066-0300] {logging_mixin.py:188} INFO - [2024-04-26T22:17:46.066-0300] {dag.py:3954} INFO - Setting next_dagrun for tutorial_dag to None, run_after=None
[2024-04-26T22:17:46.097-0300] {processor.py:183} INFO - Processing /home/athlon/projects/airflow/.venv/lib/python3.11/site-packages/airflow/example_dags/tutorial_dag.py took 0.099 seconds
[2024-04-26T22:18:46.062-0300] {processor.py:161} INFO - Started process (PID=23796) to work on /home/athlon/projects/airflow/.venv/lib/python3.11/site-packages/airflow/example_dags/tutorial_dag.py
[2024-04-26T22:18:46.068-0300] {processor.py:830} INFO - Processing file /home/athlon/projects/airflow/.venv/lib/python3.11/site-packages/airflow/example_dags/tutorial_dag.py for tasks to queue
[2024-04-26T22:18:46.071-0300] {logging_mixin.py:188} INFO - [2024-04-26T22:18:46.070-0300] {dagbag.py:540} INFO - Filling up the DagBag from /home/athlon/projects/airflow/.venv/lib/python3.11/site-packages/airflow/example_dags/tutorial_dag.py
[2024-04-26T22:18:46.082-0300] {processor.py:840} INFO - DAG(s) 'tutorial_dag' retrieved from /home/athlon/projects/airflow/.venv/lib/python3.11/site-packages/airflow/example_dags/tutorial_dag.py
[2024-04-26T22:18:46.107-0300] {logging_mixin.py:188} INFO - [2024-04-26T22:18:46.106-0300] {dag.py:3096} INFO - Sync 1 DAGs
[2024-04-26T22:18:46.124-0300] {logging_mixin.py:188} INFO - [2024-04-26T22:18:46.124-0300] {dag.py:3954} INFO - Setting next_dagrun for tutorial_dag to None, run_after=None
[2024-04-26T22:18:46.155-0300] {processor.py:183} INFO - Processing /home/athlon/projects/airflow/.venv/lib/python3.11/site-packages/airflow/example_dags/tutorial_dag.py took 0.104 seconds
[2024-04-26T22:19:43.326-0300] {processor.py:161} INFO - Started process (PID=23860) to work on /home/athlon/projects/airflow/.venv/lib/python3.11/site-packages/airflow/example_dags/tutorial_dag.py
[2024-04-26T22:19:43.328-0300] {processor.py:830} INFO - Processing file /home/athlon/projects/airflow/.venv/lib/python3.11/site-packages/airflow/example_dags/tutorial_dag.py for tasks to queue
[2024-04-26T22:19:43.331-0300] {logging_mixin.py:188} INFO - [2024-04-26T22:19:43.330-0300] {dagbag.py:540} INFO - Filling up the DagBag from /home/athlon/projects/airflow/.venv/lib/python3.11/site-packages/airflow/example_dags/tutorial_dag.py
[2024-04-26T22:19:43.342-0300] {processor.py:840} INFO - DAG(s) 'tutorial_dag' retrieved from /home/athlon/projects/airflow/.venv/lib/python3.11/site-packages/airflow/example_dags/tutorial_dag.py
[2024-04-26T22:19:43.367-0300] {logging_mixin.py:188} INFO - [2024-04-26T22:19:43.367-0300] {dag.py:3096} INFO - Sync 1 DAGs
[2024-04-26T22:19:43.386-0300] {logging_mixin.py:188} INFO - [2024-04-26T22:19:43.385-0300] {dag.py:3954} INFO - Setting next_dagrun for tutorial_dag to None, run_after=None
[2024-04-26T22:19:43.416-0300] {processor.py:183} INFO - Processing /home/athlon/projects/airflow/.venv/lib/python3.11/site-packages/airflow/example_dags/tutorial_dag.py took 0.102 seconds
[2024-04-26T22:20:48.931-0300] {processor.py:161} INFO - Started process (PID=24029) to work on /home/athlon/projects/airflow/.venv/lib/python3.11/site-packages/airflow/example_dags/tutorial_dag.py
[2024-04-26T22:20:48.933-0300] {processor.py:830} INFO - Processing file /home/athlon/projects/airflow/.venv/lib/python3.11/site-packages/airflow/example_dags/tutorial_dag.py for tasks to queue
[2024-04-26T22:20:48.935-0300] {logging_mixin.py:188} INFO - [2024-04-26T22:20:48.935-0300] {dagbag.py:540} INFO - Filling up the DagBag from /home/athlon/projects/airflow/.venv/lib/python3.11/site-packages/airflow/example_dags/tutorial_dag.py
[2024-04-26T22:20:48.945-0300] {processor.py:840} INFO - DAG(s) 'tutorial_dag' retrieved from /home/athlon/projects/airflow/.venv/lib/python3.11/site-packages/airflow/example_dags/tutorial_dag.py
[2024-04-26T22:20:48.968-0300] {logging_mixin.py:188} INFO - [2024-04-26T22:20:48.968-0300] {dag.py:3096} INFO - Sync 1 DAGs
[2024-04-26T22:20:48.988-0300] {logging_mixin.py:188} INFO - [2024-04-26T22:20:48.988-0300] {dag.py:3954} INFO - Setting next_dagrun for tutorial_dag to None, run_after=None
[2024-04-26T22:20:49.026-0300] {processor.py:183} INFO - Processing /home/athlon/projects/airflow/.venv/lib/python3.11/site-packages/airflow/example_dags/tutorial_dag.py took 0.104 seconds
[2024-04-26T22:21:43.833-0300] {processor.py:161} INFO - Started process (PID=24083) to work on /home/athlon/projects/airflow/.venv/lib/python3.11/site-packages/airflow/example_dags/tutorial_dag.py
[2024-04-26T22:21:43.834-0300] {processor.py:830} INFO - Processing file /home/athlon/projects/airflow/.venv/lib/python3.11/site-packages/airflow/example_dags/tutorial_dag.py for tasks to queue
[2024-04-26T22:21:43.839-0300] {logging_mixin.py:188} INFO - [2024-04-26T22:21:43.836-0300] {dagbag.py:540} INFO - Filling up the DagBag from /home/athlon/projects/airflow/.venv/lib/python3.11/site-packages/airflow/example_dags/tutorial_dag.py
[2024-04-26T22:21:43.853-0300] {processor.py:840} INFO - DAG(s) 'tutorial_dag' retrieved from /home/athlon/projects/airflow/.venv/lib/python3.11/site-packages/airflow/example_dags/tutorial_dag.py
[2024-04-26T22:21:43.888-0300] {logging_mixin.py:188} INFO - [2024-04-26T22:21:43.887-0300] {dag.py:3096} INFO - Sync 1 DAGs
[2024-04-26T22:21:43.914-0300] {logging_mixin.py:188} INFO - [2024-04-26T22:21:43.914-0300] {dag.py:3954} INFO - Setting next_dagrun for tutorial_dag to None, run_after=None
[2024-04-26T22:21:43.979-0300] {processor.py:183} INFO - Processing /home/athlon/projects/airflow/.venv/lib/python3.11/site-packages/airflow/example_dags/tutorial_dag.py took 0.158 seconds
