[2024-04-28T21:08:41.885-0300] {local_task_job_runner.py:120} INFO - ::group::Pre task execution logs
[2024-04-28T21:08:41.905-0300] {taskinstance.py:2073} INFO - Dependencies all met for dep_context=non-requeueable deps ti=<TaskInstance: atividade_pratica_dag.ls_task manual__2024-04-29T00:08:05.979845+00:00 [queued]>
[2024-04-28T21:08:41.913-0300] {taskinstance.py:2073} INFO - Dependencies all met for dep_context=requeueable deps ti=<TaskInstance: atividade_pratica_dag.ls_task manual__2024-04-29T00:08:05.979845+00:00 [queued]>
[2024-04-28T21:08:41.913-0300] {taskinstance.py:2303} INFO - Starting attempt 1 of 1
[2024-04-28T21:08:41.933-0300] {taskinstance.py:2327} INFO - Executing <Task(BashOperator): ls_task> on 2024-04-29 00:08:05.979845+00:00
[2024-04-28T21:08:41.939-0300] {standard_task_runner.py:63} INFO - Started process 11569 to run task
[2024-04-28T21:08:41.943-0300] {standard_task_runner.py:90} INFO - Running: ['airflow', 'tasks', 'run', 'atividade_pratica_dag', 'ls_task', 'manual__2024-04-29T00:08:05.979845+00:00', '--job-id', '25', '--raw', '--subdir', 'DAGS_FOLDER/atividade_pratica_dag.py', '--cfg-path', '/tmp/tmpecde6smd']
[2024-04-28T21:08:41.944-0300] {standard_task_runner.py:91} INFO - Job 25: Subtask ls_task
[2024-04-28T21:08:41.989-0300] {task_command.py:426} INFO - Running <TaskInstance: atividade_pratica_dag.ls_task manual__2024-04-29T00:08:05.979845+00:00 [running]> on host ath
[2024-04-28T21:08:42.074-0300] {taskinstance.py:2644} INFO - Exporting env vars: AIRFLOW_CTX_DAG_OWNER='airflow' AIRFLOW_CTX_DAG_ID='atividade_pratica_dag' AIRFLOW_CTX_TASK_ID='ls_task' AIRFLOW_CTX_EXECUTION_DATE='2024-04-29T00:08:05.979845+00:00' AIRFLOW_CTX_TRY_NUMBER='1' AIRFLOW_CTX_DAG_RUN_ID='manual__2024-04-29T00:08:05.979845+00:00'
[2024-04-28T21:08:42.075-0300] {taskinstance.py:430} INFO - ::endgroup::
[2024-04-28T21:08:42.076-0300] {subprocess.py:63} INFO - Tmp dir root location: /tmp
[2024-04-28T21:08:42.079-0300] {subprocess.py:75} INFO - Running command: ['/usr/bin/bash', '-c', 'ls -la']
[2024-04-28T21:08:42.094-0300] {subprocess.py:86} INFO - Output:
[2024-04-28T21:08:42.111-0300] {subprocess.py:93} INFO - total 16
[2024-04-28T21:08:42.111-0300] {subprocess.py:93} INFO - drwx------  2 athlon athlon  4096 abr 28 21:08 .
[2024-04-28T21:08:42.112-0300] {subprocess.py:93} INFO - drwxrwxrwt 22 root   root   12288 abr 28 21:08 ..
[2024-04-28T21:08:42.112-0300] {subprocess.py:97} INFO - Command exited with return code 0
[2024-04-28T21:08:42.113-0300] {taskinstance.py:441} INFO - ::group::Post task execution logs
[2024-04-28T21:08:42.137-0300] {taskinstance.py:1205} INFO - Marking task as SUCCESS. dag_id=atividade_pratica_dag, task_id=ls_task, execution_date=20240429T000805, start_date=20240429T000841, end_date=20240429T000842
[2024-04-28T21:08:42.195-0300] {local_task_job_runner.py:240} INFO - Task exited with return code 0
[2024-04-28T21:08:42.217-0300] {taskinstance.py:3482} INFO - 1 downstream tasks scheduled from follow-on schedule check
[2024-04-28T21:08:42.222-0300] {local_task_job_runner.py:222} INFO - ::endgroup::
