[2024-05-01T21:42:38.566-0300] {local_task_job_runner.py:120} INFO - ::group::Pre task execution logs
[2024-05-01T21:42:38.609-0300] {taskinstance.py:2073} INFO - Dependencies all met for dep_context=non-requeueable deps ti=<TaskInstance: atividade_pratica.decide_branch manual__2024-05-02T00:41:26.503822+00:00 [queued]>
[2024-05-01T21:42:38.618-0300] {taskinstance.py:2073} INFO - Dependencies all met for dep_context=requeueable deps ti=<TaskInstance: atividade_pratica.decide_branch manual__2024-05-02T00:41:26.503822+00:00 [queued]>
[2024-05-01T21:42:38.619-0300] {taskinstance.py:2303} INFO - Starting attempt 1 of 1
[2024-05-01T21:42:38.653-0300] {taskinstance.py:2327} INFO - Executing <Task(BranchPythonOperator): decide_branch> on 2024-05-02 00:41:26.503822+00:00
[2024-05-01T21:42:38.659-0300] {standard_task_runner.py:63} INFO - Started process 15046 to run task
[2024-05-01T21:42:38.664-0300] {standard_task_runner.py:90} INFO - Running: ['airflow', 'tasks', 'run', 'atividade_pratica', 'decide_branch', 'manual__2024-05-02T00:41:26.503822+00:00', '--job-id', '80', '--raw', '--subdir', 'DAGS_FOLDER/atividade_pratica.py', '--cfg-path', '/tmp/tmp2bxzcktw']
[2024-05-01T21:42:38.666-0300] {standard_task_runner.py:91} INFO - Job 80: Subtask decide_branch
[2024-05-01T21:42:38.754-0300] {task_command.py:426} INFO - Running <TaskInstance: atividade_pratica.decide_branch manual__2024-05-02T00:41:26.503822+00:00 [running]> on host xubuntu.myguest.virtualbox.org
[2024-05-01T21:42:38.886-0300] {taskinstance.py:2644} INFO - Exporting env vars: AIRFLOW_CTX_DAG_OWNER='airflow' AIRFLOW_CTX_DAG_ID='atividade_pratica' AIRFLOW_CTX_TASK_ID='decide_branch' AIRFLOW_CTX_EXECUTION_DATE='2024-05-02T00:41:26.503822+00:00' AIRFLOW_CTX_TRY_NUMBER='1' AIRFLOW_CTX_DAG_RUN_ID='manual__2024-05-02T00:41:26.503822+00:00'
[2024-05-01T21:42:38.887-0300] {taskinstance.py:430} INFO - ::endgroup::
[2024-05-01T21:42:38.888-0300] {baseoperator.py:399} WARNING - BranchPythonOperator.execute cannot be called outside TaskInstance!
[2024-05-01T21:42:38.895-0300] {python.py:237} INFO - Done. Returned value was: airflow_home_found
[2024-05-01T21:42:38.896-0300] {branch.py:36} INFO - Branch into airflow_home_found
[2024-05-01T21:42:38.896-0300] {skipmixin.py:178} INFO - Following branch airflow_home_found
[2024-05-01T21:42:38.903-0300] {skipmixin.py:246} INFO - Skipping tasks [('airflow_home_not_found', -1)]
[2024-05-01T21:42:39.430-0300] {taskinstance.py:441} INFO - ::group::Post task execution logs
[2024-05-01T21:42:39.555-0300] {taskinstance.py:1205} INFO - Marking task as SUCCESS. dag_id=atividade_pratica, task_id=decide_branch, execution_date=20240502T004126, start_date=20240502T004238, end_date=20240502T004239
[2024-05-01T21:42:39.706-0300] {local_task_job_runner.py:240} INFO - Task exited with return code 0
[2024-05-01T21:42:39.750-0300] {taskinstance.py:3482} INFO - 1 downstream tasks scheduled from follow-on schedule check
[2024-05-01T21:42:39.824-0300] {local_task_job_runner.py:222} INFO - ::endgroup::
