[2024-05-01T21:42:49.537-0300] {local_task_job_runner.py:120} INFO - ::group::Pre task execution logs
[2024-05-01T21:42:49.558-0300] {taskinstance.py:2073} INFO - Dependencies all met for dep_context=non-requeueable deps ti=<TaskInstance: atividade_pratica.airflow_home_found manual__2024-05-02T00:41:26.503822+00:00 [queued]>
[2024-05-01T21:42:49.566-0300] {taskinstance.py:2073} INFO - Dependencies all met for dep_context=requeueable deps ti=<TaskInstance: atividade_pratica.airflow_home_found manual__2024-05-02T00:41:26.503822+00:00 [queued]>
[2024-05-01T21:42:49.566-0300] {taskinstance.py:2303} INFO - Starting attempt 1 of 1
[2024-05-01T21:42:49.616-0300] {taskinstance.py:2327} INFO - Executing <Task(BashOperator): airflow_home_found> on 2024-05-02 00:41:26.503822+00:00
[2024-05-01T21:42:49.626-0300] {standard_task_runner.py:63} INFO - Started process 15050 to run task
[2024-05-01T21:42:49.637-0300] {standard_task_runner.py:90} INFO - Running: ['airflow', 'tasks', 'run', 'atividade_pratica', 'airflow_home_found', 'manual__2024-05-02T00:41:26.503822+00:00', '--job-id', '81', '--raw', '--subdir', 'DAGS_FOLDER/atividade_pratica.py', '--cfg-path', '/tmp/tmp3wyxmm4r']
[2024-05-01T21:42:49.638-0300] {standard_task_runner.py:91} INFO - Job 81: Subtask airflow_home_found
[2024-05-01T21:42:49.709-0300] {task_command.py:426} INFO - Running <TaskInstance: atividade_pratica.airflow_home_found manual__2024-05-02T00:41:26.503822+00:00 [running]> on host xubuntu.myguest.virtualbox.org
[2024-05-01T21:42:49.826-0300] {taskinstance.py:2644} INFO - Exporting env vars: AIRFLOW_CTX_DAG_OWNER='airflow' AIRFLOW_CTX_DAG_ID='atividade_pratica' AIRFLOW_CTX_TASK_ID='airflow_home_found' AIRFLOW_CTX_EXECUTION_DATE='2024-05-02T00:41:26.503822+00:00' AIRFLOW_CTX_TRY_NUMBER='1' AIRFLOW_CTX_DAG_RUN_ID='manual__2024-05-02T00:41:26.503822+00:00'
[2024-05-01T21:42:49.830-0300] {taskinstance.py:430} INFO - ::endgroup::
[2024-05-01T21:42:49.834-0300] {subprocess.py:63} INFO - Tmp dir root location: /tmp
[2024-05-01T21:42:49.834-0300] {subprocess.py:75} INFO - Running command: ['/usr/bin/bash', '-c', 'echo $AIRFLOW_HOME']
[2024-05-01T21:42:49.851-0300] {subprocess.py:86} INFO - Output:
[2024-05-01T21:42:49.860-0300] {subprocess.py:93} INFO - /home/ath/projects/atividade_pratica_dags
[2024-05-01T21:42:49.860-0300] {subprocess.py:97} INFO - Command exited with return code 0
[2024-05-01T21:42:49.861-0300] {taskinstance.py:441} INFO - ::group::Post task execution logs
[2024-05-01T21:42:50.067-0300] {taskinstance.py:1205} INFO - Marking task as SUCCESS. dag_id=atividade_pratica, task_id=airflow_home_found, execution_date=20240502T004126, start_date=20240502T004249, end_date=20240502T004250
[2024-05-01T21:42:50.166-0300] {local_task_job_runner.py:240} INFO - Task exited with return code 0
[2024-05-01T21:42:50.227-0300] {taskinstance.py:3482} INFO - 0 downstream tasks scheduled from follow-on schedule check
[2024-05-01T21:42:50.228-0300] {local_task_job_runner.py:222} INFO - ::endgroup::
