[2024-04-28T19:59:32.678-0300] {local_task_job_runner.py:120} INFO - ::group::Pre task execution logs
[2024-04-28T19:59:32.732-0300] {taskinstance.py:2073} INFO - Dependencies all met for dep_context=non-requeueable deps ti=<TaskInstance: atividade_pratica_dag.decide_branch manual__2024-04-28T22:59:14.986644+00:00 [queued]>
[2024-04-28T19:59:32.754-0300] {taskinstance.py:2073} INFO - Dependencies all met for dep_context=requeueable deps ti=<TaskInstance: atividade_pratica_dag.decide_branch manual__2024-04-28T22:59:14.986644+00:00 [queued]>
[2024-04-28T19:59:32.755-0300] {taskinstance.py:2303} INFO - Starting attempt 1 of 1
[2024-04-28T19:59:32.812-0300] {taskinstance.py:2327} INFO - Executing <Task(BranchPythonOperator): decide_branch> on 2024-04-28 22:59:14.986644+00:00
[2024-04-28T19:59:32.832-0300] {standard_task_runner.py:63} INFO - Started process 5752 to run task
[2024-04-28T19:59:32.842-0300] {standard_task_runner.py:90} INFO - Running: ['airflow', 'tasks', 'run', 'atividade_pratica_dag', 'decide_branch', 'manual__2024-04-28T22:59:14.986644+00:00', '--job-id', '10', '--raw', '--subdir', 'DAGS_FOLDER/atividade_pratica_dag.py', '--cfg-path', '/tmp/tmps51wv0vh']
[2024-04-28T19:59:32.845-0300] {standard_task_runner.py:91} INFO - Job 10: Subtask decide_branch
[2024-04-28T19:59:32.966-0300] {task_command.py:426} INFO - Running <TaskInstance: atividade_pratica_dag.decide_branch manual__2024-04-28T22:59:14.986644+00:00 [running]> on host ath
[2024-04-28T19:59:33.187-0300] {taskinstance.py:2644} INFO - Exporting env vars: AIRFLOW_CTX_DAG_OWNER='airflow' AIRFLOW_CTX_DAG_ID='atividade_pratica_dag' AIRFLOW_CTX_TASK_ID='decide_branch' AIRFLOW_CTX_EXECUTION_DATE='2024-04-28T22:59:14.986644+00:00' AIRFLOW_CTX_TRY_NUMBER='1' AIRFLOW_CTX_DAG_RUN_ID='manual__2024-04-28T22:59:14.986644+00:00'
[2024-04-28T19:59:33.191-0300] {taskinstance.py:430} INFO - ::endgroup::
[2024-04-28T19:59:33.193-0300] {baseoperator.py:399} WARNING - BranchPythonOperator.execute cannot be called outside TaskInstance!
[2024-04-28T19:59:33.194-0300] {python.py:237} INFO - Done. Returned value was: path_does_not_exist
[2024-04-28T19:59:33.195-0300] {branch.py:36} INFO - Branch into path_does_not_exist
[2024-04-28T19:59:33.196-0300] {skipmixin.py:178} INFO - Following branch path_does_not_exist
[2024-04-28T19:59:33.220-0300] {skipmixin.py:246} INFO - Skipping tasks [('path_exists', -1)]
[2024-04-28T19:59:33.267-0300] {taskinstance.py:441} INFO - ::group::Post task execution logs
[2024-04-28T19:59:33.312-0300] {taskinstance.py:1205} INFO - Marking task as SUCCESS. dag_id=atividade_pratica_dag, task_id=decide_branch, execution_date=20240428T225914, start_date=20240428T225932, end_date=20240428T225933
[2024-04-28T19:59:33.383-0300] {local_task_job_runner.py:240} INFO - Task exited with return code 0
[2024-04-28T19:59:33.423-0300] {logging_mixin.py:188} WARNING - /home/athlon/projects/airflow/.venv/lib/python3.11/site-packages/airflow/models/baseoperator.py:1296 AirflowProviderDeprecationWarning: Call to deprecated class PostgresOperator. (Please use `airflow.providers.common.sql.operators.sql.SQLExecuteQueryOperator`.Also, you can provide `hook_params={'schema': <database>}`.)
[2024-04-28T19:59:33.486-0300] {taskinstance.py:3482} INFO - 1 downstream tasks scheduled from follow-on schedule check
[2024-04-28T19:59:33.500-0300] {local_task_job_runner.py:222} INFO - ::endgroup::
