[2024-05-01T23:26:17.326-0300] {local_task_job_runner.py:120} INFO - ::group::Pre task execution logs
[2024-05-01T23:26:17.366-0300] {taskinstance.py:2073} INFO - Dependencies all met for dep_context=non-requeueable deps ti=<TaskInstance: atividade_pratica.create_data_folder manual__2024-05-02T02:24:15.618310+00:00 [queued]>
[2024-05-01T23:26:17.374-0300] {taskinstance.py:2073} INFO - Dependencies all met for dep_context=requeueable deps ti=<TaskInstance: atividade_pratica.create_data_folder manual__2024-05-02T02:24:15.618310+00:00 [queued]>
[2024-05-01T23:26:17.374-0300] {taskinstance.py:2303} INFO - Starting attempt 1 of 1
[2024-05-01T23:26:17.431-0300] {taskinstance.py:2327} INFO - Executing <Task(BashOperator): create_data_folder> on 2024-05-02 02:24:15.618310+00:00
[2024-05-01T23:26:17.439-0300] {standard_task_runner.py:63} INFO - Started process 21035 to run task
[2024-05-01T23:26:17.468-0300] {standard_task_runner.py:90} INFO - Running: ['airflow', 'tasks', 'run', 'atividade_pratica', 'create_data_folder', 'manual__2024-05-02T02:24:15.618310+00:00', '--job-id', '88', '--raw', '--subdir', 'DAGS_FOLDER/atividade_pratica.py', '--cfg-path', '/tmp/tmpg3typbq9']
[2024-05-01T23:26:17.470-0300] {standard_task_runner.py:91} INFO - Job 88: Subtask create_data_folder
[2024-05-01T23:26:17.614-0300] {task_command.py:426} INFO - Running <TaskInstance: atividade_pratica.create_data_folder manual__2024-05-02T02:24:15.618310+00:00 [running]> on host xubuntu.myguest.virtualbox.org
[2024-05-01T23:26:17.777-0300] {taskinstance.py:2644} INFO - Exporting env vars: AIRFLOW_CTX_DAG_OWNER='airflow' AIRFLOW_CTX_DAG_ID='atividade_pratica' AIRFLOW_CTX_TASK_ID='create_data_folder' AIRFLOW_CTX_EXECUTION_DATE='2024-05-02T02:24:15.618310+00:00' AIRFLOW_CTX_TRY_NUMBER='1' AIRFLOW_CTX_DAG_RUN_ID='manual__2024-05-02T02:24:15.618310+00:00'
[2024-05-01T23:26:17.779-0300] {taskinstance.py:430} INFO - ::endgroup::
[2024-05-01T23:26:17.780-0300] {subprocess.py:63} INFO - Tmp dir root location: /tmp
[2024-05-01T23:26:17.785-0300] {subprocess.py:75} INFO - Running command: ['/usr/bin/bash', '-c', 'mkdir -p $AIRFLOW_HOME/data']
[2024-05-01T23:26:17.807-0300] {subprocess.py:86} INFO - Output:
[2024-05-01T23:26:17.846-0300] {subprocess.py:97} INFO - Command exited with return code 0
[2024-05-01T23:26:17.847-0300] {taskinstance.py:441} INFO - ::group::Post task execution logs
[2024-05-01T23:26:18.163-0300] {taskinstance.py:1205} INFO - Marking task as SUCCESS. dag_id=atividade_pratica, task_id=create_data_folder, execution_date=20240502T022415, start_date=20240502T022617, end_date=20240502T022618
[2024-05-01T23:26:18.226-0300] {local_task_job_runner.py:240} INFO - Task exited with return code 0
[2024-05-01T23:26:18.261-0300] {taskinstance.py:3482} INFO - 1 downstream tasks scheduled from follow-on schedule check
[2024-05-01T23:26:18.294-0300] {local_task_job_runner.py:222} INFO - ::endgroup::
