[2024-04-28T23:25:35.536-0300] {local_task_job_runner.py:120} INFO - ::group::Pre task execution logs
[2024-04-28T23:25:35.571-0300] {taskinstance.py:2073} INFO - Dependencies all met for dep_context=non-requeueable deps ti=<TaskInstance: ls_dag.ls_task manual__2024-04-29T02:25:27.950239+00:00 [queued]>
[2024-04-28T23:25:35.580-0300] {taskinstance.py:2073} INFO - Dependencies all met for dep_context=requeueable deps ti=<TaskInstance: ls_dag.ls_task manual__2024-04-29T02:25:27.950239+00:00 [queued]>
[2024-04-28T23:25:35.581-0300] {taskinstance.py:2303} INFO - Starting attempt 1 of 1
[2024-04-28T23:25:35.608-0300] {taskinstance.py:2327} INFO - Executing <Task(BashOperator): ls_task> on 2024-04-29 02:25:27.950239+00:00
[2024-04-28T23:25:35.616-0300] {standard_task_runner.py:63} INFO - Started process 17673 to run task
[2024-04-28T23:25:35.620-0300] {standard_task_runner.py:90} INFO - Running: ['airflow', 'tasks', 'run', 'ls_dag', 'ls_task', 'manual__2024-04-29T02:25:27.950239+00:00', '--job-id', '57', '--raw', '--subdir', 'DAGS_FOLDER/ls_dag.py', '--cfg-path', '/tmp/tmpmabacbxo']
[2024-04-28T23:25:35.623-0300] {standard_task_runner.py:91} INFO - Job 57: Subtask ls_task
[2024-04-28T23:25:35.670-0300] {task_command.py:426} INFO - Running <TaskInstance: ls_dag.ls_task manual__2024-04-29T02:25:27.950239+00:00 [running]> on host ath
[2024-04-28T23:25:35.755-0300] {taskinstance.py:2644} INFO - Exporting env vars: AIRFLOW_CTX_DAG_OWNER='airflow' AIRFLOW_CTX_DAG_ID='ls_dag' AIRFLOW_CTX_TASK_ID='ls_task' AIRFLOW_CTX_EXECUTION_DATE='2024-04-29T02:25:27.950239+00:00' AIRFLOW_CTX_TRY_NUMBER='1' AIRFLOW_CTX_DAG_RUN_ID='manual__2024-04-29T02:25:27.950239+00:00'
[2024-04-28T23:25:35.757-0300] {taskinstance.py:430} INFO - ::endgroup::
[2024-04-28T23:25:35.758-0300] {subprocess.py:63} INFO - Tmp dir root location: /tmp
[2024-04-28T23:25:35.758-0300] {subprocess.py:75} INFO - Running command: ['/usr/bin/bash', '-c', 'ls -la $AIRFLOW_HOME']
[2024-04-28T23:25:35.773-0300] {subprocess.py:86} INFO - Output:
[2024-04-28T23:25:35.777-0300] {subprocess.py:93} INFO - total 1316
[2024-04-28T23:25:35.777-0300] {subprocess.py:93} INFO - drwxrwxr-x 7 athlon athlon    4096 abr 28 23:25 .
[2024-04-28T23:25:35.778-0300] {subprocess.py:93} INFO - drwxrwxr-x 4 athlon athlon    4096 abr 26 00:34 ..
[2024-04-28T23:25:35.778-0300] {subprocess.py:93} INFO - -rw------- 1 athlon athlon   80509 abr 26 05:27 airflow.cfg
[2024-04-28T23:25:35.778-0300] {subprocess.py:93} INFO - -rw-r--r-- 1 athlon athlon 1220608 abr 28 23:25 airflow.db
[2024-04-28T23:25:35.778-0300] {subprocess.py:93} INFO - -rw-r--r-- 1 athlon athlon       6 abr 28 23:24 airflow-webserver.pid
[2024-04-28T23:25:35.778-0300] {subprocess.py:93} INFO - drwxrwxr-x 3 athlon athlon    4096 abr 28 22:42 dags
[2024-04-28T23:25:35.778-0300] {subprocess.py:93} INFO - drwxrwxr-x 7 athlon athlon    4096 abr 28 21:17 .git
[2024-04-28T23:25:35.779-0300] {subprocess.py:93} INFO - drwxrwxr-x 3 athlon athlon    4096 abr 28 23:24 .idea
[2024-04-28T23:25:35.779-0300] {subprocess.py:93} INFO - drwxrwxr-x 7 athlon athlon    4096 abr 28 21:52 logs
[2024-04-28T23:25:35.779-0300] {subprocess.py:93} INFO - drwxrwxr-x 5 athlon athlon    4096 abr 26 01:41 .venv
[2024-04-28T23:25:35.780-0300] {subprocess.py:93} INFO - -rw-rw-r-- 1 athlon athlon    4762 abr 26 05:28 webserver_config.py
[2024-04-28T23:25:35.780-0300] {subprocess.py:97} INFO - Command exited with return code 0
[2024-04-28T23:25:35.781-0300] {taskinstance.py:441} INFO - ::group::Post task execution logs
[2024-04-28T23:25:35.806-0300] {taskinstance.py:1205} INFO - Marking task as SUCCESS. dag_id=ls_dag, task_id=ls_task, execution_date=20240429T022527, start_date=20240429T022535, end_date=20240429T022535
[2024-04-28T23:25:35.872-0300] {local_task_job_runner.py:240} INFO - Task exited with return code 0
[2024-04-28T23:25:35.888-0300] {taskinstance.py:3482} INFO - 0 downstream tasks scheduled from follow-on schedule check
[2024-04-28T23:25:35.889-0300] {local_task_job_runner.py:222} INFO - ::endgroup::
