[2024-05-01T23:39:19.233-0300] {local_task_job_runner.py:120} INFO - ::group::Pre task execution logs
[2024-05-01T23:39:19.278-0300] {taskinstance.py:2073} INFO - Dependencies all met for dep_context=non-requeueable deps ti=<TaskInstance: atividade_pratica.check_airflow_home manual__2024-05-02T02:38:41.452837+00:00 [queued]>
[2024-05-01T23:39:19.289-0300] {taskinstance.py:2073} INFO - Dependencies all met for dep_context=requeueable deps ti=<TaskInstance: atividade_pratica.check_airflow_home manual__2024-05-02T02:38:41.452837+00:00 [queued]>
[2024-05-01T23:39:19.290-0300] {taskinstance.py:2303} INFO - Starting attempt 1 of 1
[2024-05-01T23:39:19.355-0300] {taskinstance.py:2327} INFO - Executing <Task(BashOperator): check_airflow_home> on 2024-05-02 02:38:41.452837+00:00
[2024-05-01T23:39:19.362-0300] {standard_task_runner.py:63} INFO - Started process 21801 to run task
[2024-05-01T23:39:19.412-0300] {standard_task_runner.py:90} INFO - Running: ['airflow', 'tasks', 'run', 'atividade_pratica', 'check_airflow_home', 'manual__2024-05-02T02:38:41.452837+00:00', '--job-id', '90', '--raw', '--subdir', 'DAGS_FOLDER/atividade_pratica.py', '--cfg-path', '/tmp/tmp5jfy9v2z']
[2024-05-01T23:39:19.421-0300] {standard_task_runner.py:91} INFO - Job 90: Subtask check_airflow_home
[2024-05-01T23:39:19.631-0300] {task_command.py:426} INFO - Running <TaskInstance: atividade_pratica.check_airflow_home manual__2024-05-02T02:38:41.452837+00:00 [running]> on host xubuntu.myguest.virtualbox.org
[2024-05-01T23:39:20.486-0300] {taskinstance.py:2644} INFO - Exporting env vars: AIRFLOW_CTX_DAG_OWNER='airflow' AIRFLOW_CTX_DAG_ID='atividade_pratica' AIRFLOW_CTX_TASK_ID='check_airflow_home' AIRFLOW_CTX_EXECUTION_DATE='2024-05-02T02:38:41.452837+00:00' AIRFLOW_CTX_TRY_NUMBER='1' AIRFLOW_CTX_DAG_RUN_ID='manual__2024-05-02T02:38:41.452837+00:00'
[2024-05-01T23:39:20.488-0300] {taskinstance.py:430} INFO - ::endgroup::
[2024-05-01T23:39:20.509-0300] {subprocess.py:63} INFO - Tmp dir root location: /tmp
[2024-05-01T23:39:20.513-0300] {subprocess.py:75} INFO - Running command: ['/usr/bin/bash', '-c', 'echo $AIRFLOW_HOME']
[2024-05-01T23:39:20.620-0300] {subprocess.py:86} INFO - Output:
[2024-05-01T23:39:20.775-0300] {subprocess.py:93} INFO - /home/ath/projects/atividade_pratica_dags
[2024-05-01T23:39:20.775-0300] {subprocess.py:97} INFO - Command exited with return code 0
[2024-05-01T23:39:20.776-0300] {taskinstance.py:441} INFO - ::group::Post task execution logs
[2024-05-01T23:39:21.260-0300] {taskinstance.py:1205} INFO - Marking task as SUCCESS. dag_id=atividade_pratica, task_id=check_airflow_home, execution_date=20240502T023841, start_date=20240502T023919, end_date=20240502T023921
[2024-05-01T23:39:21.462-0300] {local_task_job_runner.py:240} INFO - Task exited with return code 0
[2024-05-01T23:39:21.631-0300] {taskinstance.py:3482} INFO - 1 downstream tasks scheduled from follow-on schedule check
[2024-05-01T23:39:21.683-0300] {local_task_job_runner.py:222} INFO - ::endgroup::
