[2024-05-01T21:02:16.266-0300] {local_task_job_runner.py:120} INFO - ::group::Pre task execution logs
[2024-05-01T21:02:16.319-0300] {taskinstance.py:2073} INFO - Dependencies all met for dep_context=non-requeueable deps ti=<TaskInstance: atividade_pratica.check_airflow_home manual__2024-05-02T00:01:57.809847+00:00 [queued]>
[2024-05-01T21:02:16.360-0300] {taskinstance.py:2073} INFO - Dependencies all met for dep_context=requeueable deps ti=<TaskInstance: atividade_pratica.check_airflow_home manual__2024-05-02T00:01:57.809847+00:00 [queued]>
[2024-05-01T21:02:16.372-0300] {taskinstance.py:2303} INFO - Starting attempt 1 of 1
[2024-05-01T21:02:16.472-0300] {taskinstance.py:2327} INFO - Executing <Task(BashOperator): check_airflow_home> on 2024-05-02 00:01:57.809847+00:00
[2024-05-01T21:02:16.499-0300] {standard_task_runner.py:63} INFO - Started process 12159 to run task
[2024-05-01T21:02:16.525-0300] {standard_task_runner.py:90} INFO - Running: ['airflow', 'tasks', 'run', 'atividade_pratica', 'check_airflow_home', 'manual__2024-05-02T00:01:57.809847+00:00', '--job-id', '75', '--raw', '--subdir', 'DAGS_FOLDER/atividade_pratica.py', '--cfg-path', '/tmp/tmp8of5sho8']
[2024-05-01T21:02:16.526-0300] {standard_task_runner.py:91} INFO - Job 75: Subtask check_airflow_home
[2024-05-01T21:02:16.750-0300] {task_command.py:426} INFO - Running <TaskInstance: atividade_pratica.check_airflow_home manual__2024-05-02T00:01:57.809847+00:00 [running]> on host xubuntu.myguest.virtualbox.org
[2024-05-01T21:02:17.160-0300] {taskinstance.py:2644} INFO - Exporting env vars: AIRFLOW_CTX_DAG_OWNER='airflow' AIRFLOW_CTX_DAG_ID='atividade_pratica' AIRFLOW_CTX_TASK_ID='check_airflow_home' AIRFLOW_CTX_EXECUTION_DATE='2024-05-02T00:01:57.809847+00:00' AIRFLOW_CTX_TRY_NUMBER='1' AIRFLOW_CTX_DAG_RUN_ID='manual__2024-05-02T00:01:57.809847+00:00'
[2024-05-01T21:02:17.162-0300] {taskinstance.py:430} INFO - ::endgroup::
[2024-05-01T21:02:17.215-0300] {subprocess.py:63} INFO - Tmp dir root location: /tmp
[2024-05-01T21:02:17.222-0300] {subprocess.py:75} INFO - Running command: ['/usr/bin/bash', '-c', 'echo $AIRFLOW_HOME']
[2024-05-01T21:02:17.276-0300] {subprocess.py:86} INFO - Output:
[2024-05-01T21:02:17.296-0300] {subprocess.py:93} INFO - /home/ath/projects/atividade_pratica_dags
[2024-05-01T21:02:17.297-0300] {subprocess.py:97} INFO - Command exited with return code 0
[2024-05-01T21:02:17.297-0300] {taskinstance.py:441} INFO - ::group::Post task execution logs
[2024-05-01T21:02:17.981-0300] {taskinstance.py:1205} INFO - Marking task as SUCCESS. dag_id=atividade_pratica, task_id=check_airflow_home, execution_date=20240502T000157, start_date=20240502T000216, end_date=20240502T000217
[2024-05-01T21:02:18.080-0300] {local_task_job_runner.py:240} INFO - Task exited with return code 0
[2024-05-01T21:02:18.121-0300] {taskinstance.py:3482} INFO - 1 downstream tasks scheduled from follow-on schedule check
[2024-05-01T21:02:18.146-0300] {local_task_job_runner.py:222} INFO - ::endgroup::
