[2024-04-28T21:18:13.556-0300] {local_task_job_runner.py:120} INFO - ::group::Pre task execution logs
[2024-04-28T21:18:13.578-0300] {taskinstance.py:2073} INFO - Dependencies all met for dep_context=non-requeueable deps ti=<TaskInstance: atividade_pratica_dag.get_path manual__2024-04-29T00:16:33.182555+00:00 [queued]>
[2024-04-28T21:18:13.587-0300] {taskinstance.py:2073} INFO - Dependencies all met for dep_context=requeueable deps ti=<TaskInstance: atividade_pratica_dag.get_path manual__2024-04-29T00:16:33.182555+00:00 [queued]>
[2024-04-28T21:18:13.588-0300] {taskinstance.py:2303} INFO - Starting attempt 1 of 1
[2024-04-28T21:18:13.608-0300] {taskinstance.py:2327} INFO - Executing <Task(BashOperator): get_path> on 2024-04-29 00:16:33.182555+00:00
[2024-04-28T21:18:13.614-0300] {standard_task_runner.py:63} INFO - Started process 12406 to run task
[2024-04-28T21:18:13.618-0300] {standard_task_runner.py:90} INFO - Running: ['airflow', 'tasks', 'run', 'atividade_pratica_dag', 'get_path', 'manual__2024-04-29T00:16:33.182555+00:00', '--job-id', '49', '--raw', '--subdir', 'DAGS_FOLDER/atividade_pratica_dag.py', '--cfg-path', '/tmp/tmpejoui8pz']
[2024-04-28T21:18:13.619-0300] {standard_task_runner.py:91} INFO - Job 49: Subtask get_path
[2024-04-28T21:18:13.668-0300] {task_command.py:426} INFO - Running <TaskInstance: atividade_pratica_dag.get_path manual__2024-04-29T00:16:33.182555+00:00 [running]> on host ath
[2024-04-28T21:18:13.750-0300] {taskinstance.py:2644} INFO - Exporting env vars: AIRFLOW_CTX_DAG_OWNER='airflow' AIRFLOW_CTX_DAG_ID='atividade_pratica_dag' AIRFLOW_CTX_TASK_ID='get_path' AIRFLOW_CTX_EXECUTION_DATE='2024-04-29T00:16:33.182555+00:00' AIRFLOW_CTX_TRY_NUMBER='1' AIRFLOW_CTX_DAG_RUN_ID='manual__2024-04-29T00:16:33.182555+00:00'
[2024-04-28T21:18:13.752-0300] {taskinstance.py:430} INFO - ::endgroup::
[2024-04-28T21:18:13.753-0300] {subprocess.py:63} INFO - Tmp dir root location: /tmp
[2024-04-28T21:18:13.754-0300] {subprocess.py:75} INFO - Running command: ['/usr/bin/bash', '-c', 'echo $AIRFLOW_HOME  > data/path.txt']
[2024-04-28T21:18:13.768-0300] {subprocess.py:86} INFO - Output:
[2024-04-28T21:18:13.781-0300] {subprocess.py:93} INFO - /usr/bin/bash: linha 1: data/path.txt: Arquivo ou diretório inexistente
[2024-04-28T21:18:13.781-0300] {subprocess.py:97} INFO - Command exited with return code 1
[2024-04-28T21:18:13.782-0300] {taskinstance.py:441} INFO - ::group::Post task execution logs
[2024-04-28T21:18:13.792-0300] {taskinstance.py:2890} ERROR - Task failed with exception
Traceback (most recent call last):
  File "/home/athlon/projects/airflow/.venv/lib/python3.11/site-packages/airflow/models/taskinstance.py", line 465, in _execute_task
    result = _execute_callable(context=context, **execute_callable_kwargs)
             ^^^^^^^^^^^^^^^^^^^^^^^^^^^^^^^^^^^^^^^^^^^^^^^^^^^^^^^^^^^^^
  File "/home/athlon/projects/airflow/.venv/lib/python3.11/site-packages/airflow/models/taskinstance.py", line 432, in _execute_callable
    return execute_callable(context=context, **execute_callable_kwargs)
           ^^^^^^^^^^^^^^^^^^^^^^^^^^^^^^^^^^^^^^^^^^^^^^^^^^^^^^^^^^^^
  File "/home/athlon/projects/airflow/.venv/lib/python3.11/site-packages/airflow/models/baseoperator.py", line 400, in wrapper
    return func(self, *args, **kwargs)
           ^^^^^^^^^^^^^^^^^^^^^^^^^^^
  File "/home/athlon/projects/airflow/.venv/lib/python3.11/site-packages/airflow/operators/bash.py", line 243, in execute
    raise AirflowException(
airflow.exceptions.AirflowException: Bash command failed. The command returned a non-zero exit code 1.
[2024-04-28T21:18:13.797-0300] {taskinstance.py:1205} INFO - Marking task as FAILED. dag_id=atividade_pratica_dag, task_id=get_path, execution_date=20240429T001633, start_date=20240429T001813, end_date=20240429T001813
[2024-04-28T21:18:13.815-0300] {standard_task_runner.py:110} ERROR - Failed to execute job 49 for task get_path (Bash command failed. The command returned a non-zero exit code 1.; 12406)
[2024-04-28T21:18:13.830-0300] {local_task_job_runner.py:240} INFO - Task exited with return code 1
[2024-04-28T21:18:13.847-0300] {taskinstance.py:3482} INFO - 0 downstream tasks scheduled from follow-on schedule check
[2024-04-28T21:18:13.848-0300] {local_task_job_runner.py:222} INFO - ::endgroup::
