[2024-05-01T21:34:02.823-0300] {local_task_job_runner.py:120} INFO - ::group::Pre task execution logs
[2024-05-01T21:34:02.862-0300] {taskinstance.py:2073} INFO - Dependencies all met for dep_context=non-requeueable deps ti=<TaskInstance: atividade_pratica.check_airflow_home manual__2024-05-02T00:33:38.654900+00:00 [queued]>
[2024-05-01T21:34:02.876-0300] {taskinstance.py:2073} INFO - Dependencies all met for dep_context=requeueable deps ti=<TaskInstance: atividade_pratica.check_airflow_home manual__2024-05-02T00:33:38.654900+00:00 [queued]>
[2024-05-01T21:34:02.876-0300] {taskinstance.py:2303} INFO - Starting attempt 1 of 1
[2024-05-01T21:34:02.906-0300] {taskinstance.py:2327} INFO - Executing <Task(BashOperator): check_airflow_home> on 2024-05-02 00:33:38.654900+00:00
[2024-05-01T21:34:02.914-0300] {standard_task_runner.py:63} INFO - Started process 14559 to run task
[2024-05-01T21:34:02.925-0300] {standard_task_runner.py:90} INFO - Running: ['airflow', 'tasks', 'run', 'atividade_pratica', 'check_airflow_home', 'manual__2024-05-02T00:33:38.654900+00:00', '--job-id', '77', '--raw', '--subdir', 'DAGS_FOLDER/atividade_pratica.py', '--cfg-path', '/tmp/tmpzq0u2ywa']
[2024-05-01T21:34:02.926-0300] {standard_task_runner.py:91} INFO - Job 77: Subtask check_airflow_home
[2024-05-01T21:34:03.089-0300] {task_command.py:426} INFO - Running <TaskInstance: atividade_pratica.check_airflow_home manual__2024-05-02T00:33:38.654900+00:00 [running]> on host xubuntu.myguest.virtualbox.org
[2024-05-01T21:34:03.435-0300] {taskinstance.py:2644} INFO - Exporting env vars: AIRFLOW_CTX_DAG_OWNER='airflow' AIRFLOW_CTX_DAG_ID='atividade_pratica' AIRFLOW_CTX_TASK_ID='check_airflow_home' AIRFLOW_CTX_EXECUTION_DATE='2024-05-02T00:33:38.654900+00:00' AIRFLOW_CTX_TRY_NUMBER='1' AIRFLOW_CTX_DAG_RUN_ID='manual__2024-05-02T00:33:38.654900+00:00'
[2024-05-01T21:34:03.438-0300] {taskinstance.py:430} INFO - ::endgroup::
[2024-05-01T21:34:03.441-0300] {subprocess.py:63} INFO - Tmp dir root location: /tmp
[2024-05-01T21:34:03.444-0300] {subprocess.py:75} INFO - Running command: ['/usr/bin/bash', '-c', 'echo $AIRFLOW_HOME']
[2024-05-01T21:34:03.474-0300] {subprocess.py:86} INFO - Output:
[2024-05-01T21:34:03.543-0300] {subprocess.py:93} INFO - /home/ath/projects/atividade_pratica_dags
[2024-05-01T21:34:03.545-0300] {subprocess.py:97} INFO - Command exited with return code 0
[2024-05-01T21:34:03.546-0300] {taskinstance.py:441} INFO - ::group::Post task execution logs
[2024-05-01T21:34:03.999-0300] {taskinstance.py:1205} INFO - Marking task as SUCCESS. dag_id=atividade_pratica, task_id=check_airflow_home, execution_date=20240502T003338, start_date=20240502T003402, end_date=20240502T003403
[2024-05-01T21:34:04.055-0300] {local_task_job_runner.py:240} INFO - Task exited with return code 0
[2024-05-01T21:34:04.081-0300] {taskinstance.py:3482} INFO - 1 downstream tasks scheduled from follow-on schedule check
[2024-05-01T21:34:04.100-0300] {local_task_job_runner.py:222} INFO - ::endgroup::
