[2024-04-26T05:28:02.666-0300] {processor.py:161} INFO - Started process (PID=9502) to work on /home/athlon/projects/airflow/.venv/lib/python3.11/site-packages/airflow/example_dags/subdags/subdag.py
[2024-04-26T05:28:02.668-0300] {processor.py:830} INFO - Processing file /home/athlon/projects/airflow/.venv/lib/python3.11/site-packages/airflow/example_dags/subdags/subdag.py for tasks to queue
[2024-04-26T05:28:02.670-0300] {logging_mixin.py:188} INFO - [2024-04-26T05:28:02.669-0300] {dagbag.py:540} INFO - Filling up the DagBag from /home/athlon/projects/airflow/.venv/lib/python3.11/site-packages/airflow/example_dags/subdags/subdag.py
[2024-04-26T05:28:02.673-0300] {processor.py:842} WARNING - No viable dags retrieved from /home/athlon/projects/airflow/.venv/lib/python3.11/site-packages/airflow/example_dags/subdags/subdag.py
[2024-04-26T05:28:02.689-0300] {processor.py:183} INFO - Processing /home/athlon/projects/airflow/.venv/lib/python3.11/site-packages/airflow/example_dags/subdags/subdag.py took 0.031 seconds
[2024-04-26T05:29:11.250-0300] {processor.py:161} INFO - Started process (PID=9615) to work on /home/athlon/projects/airflow/.venv/lib/python3.11/site-packages/airflow/example_dags/subdags/subdag.py
[2024-04-26T05:29:11.251-0300] {processor.py:830} INFO - Processing file /home/athlon/projects/airflow/.venv/lib/python3.11/site-packages/airflow/example_dags/subdags/subdag.py for tasks to queue
[2024-04-26T05:29:11.254-0300] {logging_mixin.py:188} INFO - [2024-04-26T05:29:11.253-0300] {dagbag.py:540} INFO - Filling up the DagBag from /home/athlon/projects/airflow/.venv/lib/python3.11/site-packages/airflow/example_dags/subdags/subdag.py
[2024-04-26T05:29:11.258-0300] {processor.py:842} WARNING - No viable dags retrieved from /home/athlon/projects/airflow/.venv/lib/python3.11/site-packages/airflow/example_dags/subdags/subdag.py
[2024-04-26T05:29:11.274-0300] {processor.py:183} INFO - Processing /home/athlon/projects/airflow/.venv/lib/python3.11/site-packages/airflow/example_dags/subdags/subdag.py took 0.035 seconds
[2024-04-26T05:30:12.078-0300] {processor.py:161} INFO - Started process (PID=9676) to work on /home/athlon/projects/airflow/.venv/lib/python3.11/site-packages/airflow/example_dags/subdags/subdag.py
[2024-04-26T05:30:12.084-0300] {processor.py:830} INFO - Processing file /home/athlon/projects/airflow/.venv/lib/python3.11/site-packages/airflow/example_dags/subdags/subdag.py for tasks to queue
[2024-04-26T05:30:12.087-0300] {logging_mixin.py:188} INFO - [2024-04-26T05:30:12.086-0300] {dagbag.py:540} INFO - Filling up the DagBag from /home/athlon/projects/airflow/.venv/lib/python3.11/site-packages/airflow/example_dags/subdags/subdag.py
[2024-04-26T05:30:12.090-0300] {processor.py:842} WARNING - No viable dags retrieved from /home/athlon/projects/airflow/.venv/lib/python3.11/site-packages/airflow/example_dags/subdags/subdag.py
[2024-04-26T05:30:12.107-0300] {processor.py:183} INFO - Processing /home/athlon/projects/airflow/.venv/lib/python3.11/site-packages/airflow/example_dags/subdags/subdag.py took 0.040 seconds
[2024-04-26T05:31:08.606-0300] {processor.py:161} INFO - Started process (PID=9726) to work on /home/athlon/projects/airflow/.venv/lib/python3.11/site-packages/airflow/example_dags/subdags/subdag.py
[2024-04-26T05:31:08.611-0300] {processor.py:830} INFO - Processing file /home/athlon/projects/airflow/.venv/lib/python3.11/site-packages/airflow/example_dags/subdags/subdag.py for tasks to queue
[2024-04-26T05:31:08.614-0300] {logging_mixin.py:188} INFO - [2024-04-26T05:31:08.613-0300] {dagbag.py:540} INFO - Filling up the DagBag from /home/athlon/projects/airflow/.venv/lib/python3.11/site-packages/airflow/example_dags/subdags/subdag.py
[2024-04-26T05:31:08.617-0300] {processor.py:842} WARNING - No viable dags retrieved from /home/athlon/projects/airflow/.venv/lib/python3.11/site-packages/airflow/example_dags/subdags/subdag.py
[2024-04-26T05:31:08.634-0300] {processor.py:183} INFO - Processing /home/athlon/projects/airflow/.venv/lib/python3.11/site-packages/airflow/example_dags/subdags/subdag.py took 0.038 seconds
[2024-04-26T05:32:05.100-0300] {processor.py:161} INFO - Started process (PID=9783) to work on /home/athlon/projects/airflow/.venv/lib/python3.11/site-packages/airflow/example_dags/subdags/subdag.py
[2024-04-26T05:32:05.106-0300] {processor.py:830} INFO - Processing file /home/athlon/projects/airflow/.venv/lib/python3.11/site-packages/airflow/example_dags/subdags/subdag.py for tasks to queue
[2024-04-26T05:32:05.108-0300] {logging_mixin.py:188} INFO - [2024-04-26T05:32:05.108-0300] {dagbag.py:540} INFO - Filling up the DagBag from /home/athlon/projects/airflow/.venv/lib/python3.11/site-packages/airflow/example_dags/subdags/subdag.py
[2024-04-26T05:32:05.112-0300] {processor.py:842} WARNING - No viable dags retrieved from /home/athlon/projects/airflow/.venv/lib/python3.11/site-packages/airflow/example_dags/subdags/subdag.py
[2024-04-26T05:32:05.127-0300] {processor.py:183} INFO - Processing /home/athlon/projects/airflow/.venv/lib/python3.11/site-packages/airflow/example_dags/subdags/subdag.py took 0.036 seconds
[2024-04-26T05:33:07.688-0300] {processor.py:161} INFO - Started process (PID=9838) to work on /home/athlon/projects/airflow/.venv/lib/python3.11/site-packages/airflow/example_dags/subdags/subdag.py
[2024-04-26T05:33:07.693-0300] {processor.py:830} INFO - Processing file /home/athlon/projects/airflow/.venv/lib/python3.11/site-packages/airflow/example_dags/subdags/subdag.py for tasks to queue
[2024-04-26T05:33:07.696-0300] {logging_mixin.py:188} INFO - [2024-04-26T05:33:07.695-0300] {dagbag.py:540} INFO - Filling up the DagBag from /home/athlon/projects/airflow/.venv/lib/python3.11/site-packages/airflow/example_dags/subdags/subdag.py
[2024-04-26T05:33:07.700-0300] {processor.py:842} WARNING - No viable dags retrieved from /home/athlon/projects/airflow/.venv/lib/python3.11/site-packages/airflow/example_dags/subdags/subdag.py
[2024-04-26T05:33:07.721-0300] {processor.py:183} INFO - Processing /home/athlon/projects/airflow/.venv/lib/python3.11/site-packages/airflow/example_dags/subdags/subdag.py took 0.044 seconds
[2024-04-26T05:34:08.415-0300] {processor.py:161} INFO - Started process (PID=9908) to work on /home/athlon/projects/airflow/.venv/lib/python3.11/site-packages/airflow/example_dags/subdags/subdag.py
[2024-04-26T05:34:08.421-0300] {processor.py:830} INFO - Processing file /home/athlon/projects/airflow/.venv/lib/python3.11/site-packages/airflow/example_dags/subdags/subdag.py for tasks to queue
[2024-04-26T05:34:08.424-0300] {logging_mixin.py:188} INFO - [2024-04-26T05:34:08.423-0300] {dagbag.py:540} INFO - Filling up the DagBag from /home/athlon/projects/airflow/.venv/lib/python3.11/site-packages/airflow/example_dags/subdags/subdag.py
[2024-04-26T05:34:08.427-0300] {processor.py:842} WARNING - No viable dags retrieved from /home/athlon/projects/airflow/.venv/lib/python3.11/site-packages/airflow/example_dags/subdags/subdag.py
[2024-04-26T05:34:08.444-0300] {processor.py:183} INFO - Processing /home/athlon/projects/airflow/.venv/lib/python3.11/site-packages/airflow/example_dags/subdags/subdag.py took 0.039 seconds
[2024-04-26T05:35:02.503-0300] {processor.py:161} INFO - Started process (PID=9960) to work on /home/athlon/projects/airflow/.venv/lib/python3.11/site-packages/airflow/example_dags/subdags/subdag.py
[2024-04-26T05:35:02.509-0300] {processor.py:830} INFO - Processing file /home/athlon/projects/airflow/.venv/lib/python3.11/site-packages/airflow/example_dags/subdags/subdag.py for tasks to queue
[2024-04-26T05:35:02.511-0300] {logging_mixin.py:188} INFO - [2024-04-26T05:35:02.511-0300] {dagbag.py:540} INFO - Filling up the DagBag from /home/athlon/projects/airflow/.venv/lib/python3.11/site-packages/airflow/example_dags/subdags/subdag.py
[2024-04-26T05:35:02.515-0300] {processor.py:842} WARNING - No viable dags retrieved from /home/athlon/projects/airflow/.venv/lib/python3.11/site-packages/airflow/example_dags/subdags/subdag.py
[2024-04-26T05:35:02.531-0300] {processor.py:183} INFO - Processing /home/athlon/projects/airflow/.venv/lib/python3.11/site-packages/airflow/example_dags/subdags/subdag.py took 0.039 seconds
[2024-04-26T05:35:58.964-0300] {processor.py:161} INFO - Started process (PID=10010) to work on /home/athlon/projects/airflow/.venv/lib/python3.11/site-packages/airflow/example_dags/subdags/subdag.py
[2024-04-26T05:35:58.969-0300] {processor.py:830} INFO - Processing file /home/athlon/projects/airflow/.venv/lib/python3.11/site-packages/airflow/example_dags/subdags/subdag.py for tasks to queue
[2024-04-26T05:35:58.972-0300] {logging_mixin.py:188} INFO - [2024-04-26T05:35:58.971-0300] {dagbag.py:540} INFO - Filling up the DagBag from /home/athlon/projects/airflow/.venv/lib/python3.11/site-packages/airflow/example_dags/subdags/subdag.py
[2024-04-26T05:35:58.975-0300] {processor.py:842} WARNING - No viable dags retrieved from /home/athlon/projects/airflow/.venv/lib/python3.11/site-packages/airflow/example_dags/subdags/subdag.py
[2024-04-26T05:35:58.992-0300] {processor.py:183} INFO - Processing /home/athlon/projects/airflow/.venv/lib/python3.11/site-packages/airflow/example_dags/subdags/subdag.py took 0.039 seconds
[2024-04-26T05:36:52.669-0300] {processor.py:161} INFO - Started process (PID=10060) to work on /home/athlon/projects/airflow/.venv/lib/python3.11/site-packages/airflow/example_dags/subdags/subdag.py
[2024-04-26T05:36:52.675-0300] {processor.py:830} INFO - Processing file /home/athlon/projects/airflow/.venv/lib/python3.11/site-packages/airflow/example_dags/subdags/subdag.py for tasks to queue
[2024-04-26T05:36:52.678-0300] {logging_mixin.py:188} INFO - [2024-04-26T05:36:52.677-0300] {dagbag.py:540} INFO - Filling up the DagBag from /home/athlon/projects/airflow/.venv/lib/python3.11/site-packages/airflow/example_dags/subdags/subdag.py
[2024-04-26T05:36:52.681-0300] {processor.py:842} WARNING - No viable dags retrieved from /home/athlon/projects/airflow/.venv/lib/python3.11/site-packages/airflow/example_dags/subdags/subdag.py
[2024-04-26T05:36:52.698-0300] {processor.py:183} INFO - Processing /home/athlon/projects/airflow/.venv/lib/python3.11/site-packages/airflow/example_dags/subdags/subdag.py took 0.039 seconds
[2024-04-26T05:37:48.888-0300] {processor.py:161} INFO - Started process (PID=10115) to work on /home/athlon/projects/airflow/.venv/lib/python3.11/site-packages/airflow/example_dags/subdags/subdag.py
[2024-04-26T05:37:48.894-0300] {processor.py:830} INFO - Processing file /home/athlon/projects/airflow/.venv/lib/python3.11/site-packages/airflow/example_dags/subdags/subdag.py for tasks to queue
[2024-04-26T05:37:48.897-0300] {logging_mixin.py:188} INFO - [2024-04-26T05:37:48.896-0300] {dagbag.py:540} INFO - Filling up the DagBag from /home/athlon/projects/airflow/.venv/lib/python3.11/site-packages/airflow/example_dags/subdags/subdag.py
[2024-04-26T05:37:48.900-0300] {processor.py:842} WARNING - No viable dags retrieved from /home/athlon/projects/airflow/.venv/lib/python3.11/site-packages/airflow/example_dags/subdags/subdag.py
[2024-04-26T05:37:48.919-0300] {processor.py:183} INFO - Processing /home/athlon/projects/airflow/.venv/lib/python3.11/site-packages/airflow/example_dags/subdags/subdag.py took 0.042 seconds
[2024-04-26T05:38:49.801-0300] {processor.py:161} INFO - Started process (PID=10168) to work on /home/athlon/projects/airflow/.venv/lib/python3.11/site-packages/airflow/example_dags/subdags/subdag.py
[2024-04-26T05:38:49.807-0300] {processor.py:830} INFO - Processing file /home/athlon/projects/airflow/.venv/lib/python3.11/site-packages/airflow/example_dags/subdags/subdag.py for tasks to queue
[2024-04-26T05:38:49.810-0300] {logging_mixin.py:188} INFO - [2024-04-26T05:38:49.809-0300] {dagbag.py:540} INFO - Filling up the DagBag from /home/athlon/projects/airflow/.venv/lib/python3.11/site-packages/airflow/example_dags/subdags/subdag.py
[2024-04-26T05:38:49.813-0300] {processor.py:842} WARNING - No viable dags retrieved from /home/athlon/projects/airflow/.venv/lib/python3.11/site-packages/airflow/example_dags/subdags/subdag.py
[2024-04-26T05:38:49.831-0300] {processor.py:183} INFO - Processing /home/athlon/projects/airflow/.venv/lib/python3.11/site-packages/airflow/example_dags/subdags/subdag.py took 0.040 seconds
[2024-04-26T05:39:50.206-0300] {processor.py:161} INFO - Started process (PID=10252) to work on /home/athlon/projects/airflow/.venv/lib/python3.11/site-packages/airflow/example_dags/subdags/subdag.py
[2024-04-26T05:39:50.211-0300] {processor.py:830} INFO - Processing file /home/athlon/projects/airflow/.venv/lib/python3.11/site-packages/airflow/example_dags/subdags/subdag.py for tasks to queue
[2024-04-26T05:39:50.214-0300] {logging_mixin.py:188} INFO - [2024-04-26T05:39:50.214-0300] {dagbag.py:540} INFO - Filling up the DagBag from /home/athlon/projects/airflow/.venv/lib/python3.11/site-packages/airflow/example_dags/subdags/subdag.py
[2024-04-26T05:39:50.217-0300] {processor.py:842} WARNING - No viable dags retrieved from /home/athlon/projects/airflow/.venv/lib/python3.11/site-packages/airflow/example_dags/subdags/subdag.py
[2024-04-26T05:39:50.235-0300] {processor.py:183} INFO - Processing /home/athlon/projects/airflow/.venv/lib/python3.11/site-packages/airflow/example_dags/subdags/subdag.py took 0.040 seconds
[2024-04-26T05:40:50.631-0300] {processor.py:161} INFO - Started process (PID=10309) to work on /home/athlon/projects/airflow/.venv/lib/python3.11/site-packages/airflow/example_dags/subdags/subdag.py
[2024-04-26T05:40:50.637-0300] {processor.py:830} INFO - Processing file /home/athlon/projects/airflow/.venv/lib/python3.11/site-packages/airflow/example_dags/subdags/subdag.py for tasks to queue
[2024-04-26T05:40:50.639-0300] {logging_mixin.py:188} INFO - [2024-04-26T05:40:50.639-0300] {dagbag.py:540} INFO - Filling up the DagBag from /home/athlon/projects/airflow/.venv/lib/python3.11/site-packages/airflow/example_dags/subdags/subdag.py
[2024-04-26T05:40:50.642-0300] {processor.py:842} WARNING - No viable dags retrieved from /home/athlon/projects/airflow/.venv/lib/python3.11/site-packages/airflow/example_dags/subdags/subdag.py
[2024-04-26T05:40:50.659-0300] {processor.py:183} INFO - Processing /home/athlon/projects/airflow/.venv/lib/python3.11/site-packages/airflow/example_dags/subdags/subdag.py took 0.043 seconds
[2024-04-26T05:41:48.432-0300] {processor.py:161} INFO - Started process (PID=10361) to work on /home/athlon/projects/airflow/.venv/lib/python3.11/site-packages/airflow/example_dags/subdags/subdag.py
[2024-04-26T05:41:48.437-0300] {processor.py:830} INFO - Processing file /home/athlon/projects/airflow/.venv/lib/python3.11/site-packages/airflow/example_dags/subdags/subdag.py for tasks to queue
[2024-04-26T05:41:48.440-0300] {logging_mixin.py:188} INFO - [2024-04-26T05:41:48.440-0300] {dagbag.py:540} INFO - Filling up the DagBag from /home/athlon/projects/airflow/.venv/lib/python3.11/site-packages/airflow/example_dags/subdags/subdag.py
[2024-04-26T05:41:48.444-0300] {processor.py:842} WARNING - No viable dags retrieved from /home/athlon/projects/airflow/.venv/lib/python3.11/site-packages/airflow/example_dags/subdags/subdag.py
[2024-04-26T05:41:48.461-0300] {processor.py:183} INFO - Processing /home/athlon/projects/airflow/.venv/lib/python3.11/site-packages/airflow/example_dags/subdags/subdag.py took 0.040 seconds
[2024-04-26T05:42:54.707-0300] {processor.py:161} INFO - Started process (PID=10417) to work on /home/athlon/projects/airflow/.venv/lib/python3.11/site-packages/airflow/example_dags/subdags/subdag.py
[2024-04-26T05:42:54.713-0300] {processor.py:830} INFO - Processing file /home/athlon/projects/airflow/.venv/lib/python3.11/site-packages/airflow/example_dags/subdags/subdag.py for tasks to queue
[2024-04-26T05:42:54.715-0300] {logging_mixin.py:188} INFO - [2024-04-26T05:42:54.715-0300] {dagbag.py:540} INFO - Filling up the DagBag from /home/athlon/projects/airflow/.venv/lib/python3.11/site-packages/airflow/example_dags/subdags/subdag.py
[2024-04-26T05:42:54.718-0300] {processor.py:842} WARNING - No viable dags retrieved from /home/athlon/projects/airflow/.venv/lib/python3.11/site-packages/airflow/example_dags/subdags/subdag.py
[2024-04-26T05:42:54.733-0300] {processor.py:183} INFO - Processing /home/athlon/projects/airflow/.venv/lib/python3.11/site-packages/airflow/example_dags/subdags/subdag.py took 0.035 seconds
[2024-04-26T05:43:53.122-0300] {processor.py:161} INFO - Started process (PID=10470) to work on /home/athlon/projects/airflow/.venv/lib/python3.11/site-packages/airflow/example_dags/subdags/subdag.py
[2024-04-26T05:43:53.127-0300] {processor.py:830} INFO - Processing file /home/athlon/projects/airflow/.venv/lib/python3.11/site-packages/airflow/example_dags/subdags/subdag.py for tasks to queue
[2024-04-26T05:43:53.130-0300] {logging_mixin.py:188} INFO - [2024-04-26T05:43:53.130-0300] {dagbag.py:540} INFO - Filling up the DagBag from /home/athlon/projects/airflow/.venv/lib/python3.11/site-packages/airflow/example_dags/subdags/subdag.py
[2024-04-26T05:43:53.134-0300] {processor.py:842} WARNING - No viable dags retrieved from /home/athlon/projects/airflow/.venv/lib/python3.11/site-packages/airflow/example_dags/subdags/subdag.py
[2024-04-26T05:43:53.151-0300] {processor.py:183} INFO - Processing /home/athlon/projects/airflow/.venv/lib/python3.11/site-packages/airflow/example_dags/subdags/subdag.py took 0.039 seconds
[2024-04-26T05:44:46.713-0300] {processor.py:161} INFO - Started process (PID=10521) to work on /home/athlon/projects/airflow/.venv/lib/python3.11/site-packages/airflow/example_dags/subdags/subdag.py
[2024-04-26T05:44:46.719-0300] {processor.py:830} INFO - Processing file /home/athlon/projects/airflow/.venv/lib/python3.11/site-packages/airflow/example_dags/subdags/subdag.py for tasks to queue
[2024-04-26T05:44:46.721-0300] {logging_mixin.py:188} INFO - [2024-04-26T05:44:46.720-0300] {dagbag.py:540} INFO - Filling up the DagBag from /home/athlon/projects/airflow/.venv/lib/python3.11/site-packages/airflow/example_dags/subdags/subdag.py
[2024-04-26T05:44:46.724-0300] {processor.py:842} WARNING - No viable dags retrieved from /home/athlon/projects/airflow/.venv/lib/python3.11/site-packages/airflow/example_dags/subdags/subdag.py
[2024-04-26T05:44:46.744-0300] {processor.py:183} INFO - Processing /home/athlon/projects/airflow/.venv/lib/python3.11/site-packages/airflow/example_dags/subdags/subdag.py took 0.040 seconds
[2024-04-26T05:45:45.242-0300] {processor.py:161} INFO - Started process (PID=10576) to work on /home/athlon/projects/airflow/.venv/lib/python3.11/site-packages/airflow/example_dags/subdags/subdag.py
[2024-04-26T05:45:45.244-0300] {processor.py:830} INFO - Processing file /home/athlon/projects/airflow/.venv/lib/python3.11/site-packages/airflow/example_dags/subdags/subdag.py for tasks to queue
[2024-04-26T05:45:45.247-0300] {logging_mixin.py:188} INFO - [2024-04-26T05:45:45.246-0300] {dagbag.py:540} INFO - Filling up the DagBag from /home/athlon/projects/airflow/.venv/lib/python3.11/site-packages/airflow/example_dags/subdags/subdag.py
[2024-04-26T05:45:45.250-0300] {processor.py:842} WARNING - No viable dags retrieved from /home/athlon/projects/airflow/.venv/lib/python3.11/site-packages/airflow/example_dags/subdags/subdag.py
[2024-04-26T05:45:45.267-0300] {processor.py:183} INFO - Processing /home/athlon/projects/airflow/.venv/lib/python3.11/site-packages/airflow/example_dags/subdags/subdag.py took 0.035 seconds
[2024-04-26T05:46:43.998-0300] {processor.py:161} INFO - Started process (PID=10629) to work on /home/athlon/projects/airflow/.venv/lib/python3.11/site-packages/airflow/example_dags/subdags/subdag.py
[2024-04-26T05:46:44.004-0300] {processor.py:830} INFO - Processing file /home/athlon/projects/airflow/.venv/lib/python3.11/site-packages/airflow/example_dags/subdags/subdag.py for tasks to queue
[2024-04-26T05:46:44.007-0300] {logging_mixin.py:188} INFO - [2024-04-26T05:46:44.006-0300] {dagbag.py:540} INFO - Filling up the DagBag from /home/athlon/projects/airflow/.venv/lib/python3.11/site-packages/airflow/example_dags/subdags/subdag.py
[2024-04-26T05:46:44.010-0300] {processor.py:842} WARNING - No viable dags retrieved from /home/athlon/projects/airflow/.venv/lib/python3.11/site-packages/airflow/example_dags/subdags/subdag.py
[2024-04-26T05:46:44.029-0300] {processor.py:183} INFO - Processing /home/athlon/projects/airflow/.venv/lib/python3.11/site-packages/airflow/example_dags/subdags/subdag.py took 0.041 seconds
[2024-04-26T05:47:38.931-0300] {processor.py:161} INFO - Started process (PID=10699) to work on /home/athlon/projects/airflow/.venv/lib/python3.11/site-packages/airflow/example_dags/subdags/subdag.py
[2024-04-26T05:47:38.937-0300] {processor.py:830} INFO - Processing file /home/athlon/projects/airflow/.venv/lib/python3.11/site-packages/airflow/example_dags/subdags/subdag.py for tasks to queue
[2024-04-26T05:47:38.939-0300] {logging_mixin.py:188} INFO - [2024-04-26T05:47:38.939-0300] {dagbag.py:540} INFO - Filling up the DagBag from /home/athlon/projects/airflow/.venv/lib/python3.11/site-packages/airflow/example_dags/subdags/subdag.py
[2024-04-26T05:47:38.943-0300] {processor.py:842} WARNING - No viable dags retrieved from /home/athlon/projects/airflow/.venv/lib/python3.11/site-packages/airflow/example_dags/subdags/subdag.py
[2024-04-26T05:47:38.959-0300] {processor.py:183} INFO - Processing /home/athlon/projects/airflow/.venv/lib/python3.11/site-packages/airflow/example_dags/subdags/subdag.py took 0.039 seconds
[2024-04-26T05:48:33.377-0300] {processor.py:161} INFO - Started process (PID=10767) to work on /home/athlon/projects/airflow/.venv/lib/python3.11/site-packages/airflow/example_dags/subdags/subdag.py
[2024-04-26T05:48:33.382-0300] {processor.py:830} INFO - Processing file /home/athlon/projects/airflow/.venv/lib/python3.11/site-packages/airflow/example_dags/subdags/subdag.py for tasks to queue
[2024-04-26T05:48:33.384-0300] {logging_mixin.py:188} INFO - [2024-04-26T05:48:33.384-0300] {dagbag.py:540} INFO - Filling up the DagBag from /home/athlon/projects/airflow/.venv/lib/python3.11/site-packages/airflow/example_dags/subdags/subdag.py
[2024-04-26T05:48:33.387-0300] {processor.py:842} WARNING - No viable dags retrieved from /home/athlon/projects/airflow/.venv/lib/python3.11/site-packages/airflow/example_dags/subdags/subdag.py
[2024-04-26T05:48:33.402-0300] {processor.py:183} INFO - Processing /home/athlon/projects/airflow/.venv/lib/python3.11/site-packages/airflow/example_dags/subdags/subdag.py took 0.034 seconds
[2024-04-26T05:49:36.688-0300] {processor.py:161} INFO - Started process (PID=10856) to work on /home/athlon/projects/airflow/.venv/lib/python3.11/site-packages/airflow/example_dags/subdags/subdag.py
[2024-04-26T05:49:36.693-0300] {processor.py:830} INFO - Processing file /home/athlon/projects/airflow/.venv/lib/python3.11/site-packages/airflow/example_dags/subdags/subdag.py for tasks to queue
[2024-04-26T05:49:36.696-0300] {logging_mixin.py:188} INFO - [2024-04-26T05:49:36.695-0300] {dagbag.py:540} INFO - Filling up the DagBag from /home/athlon/projects/airflow/.venv/lib/python3.11/site-packages/airflow/example_dags/subdags/subdag.py
[2024-04-26T05:49:36.698-0300] {processor.py:842} WARNING - No viable dags retrieved from /home/athlon/projects/airflow/.venv/lib/python3.11/site-packages/airflow/example_dags/subdags/subdag.py
[2024-04-26T05:49:36.713-0300] {processor.py:183} INFO - Processing /home/athlon/projects/airflow/.venv/lib/python3.11/site-packages/airflow/example_dags/subdags/subdag.py took 0.034 seconds
[2024-04-26T05:50:53.973-0300] {processor.py:161} INFO - Started process (PID=10955) to work on /home/athlon/projects/airflow/.venv/lib/python3.11/site-packages/airflow/example_dags/subdags/subdag.py
[2024-04-26T05:50:53.975-0300] {processor.py:830} INFO - Processing file /home/athlon/projects/airflow/.venv/lib/python3.11/site-packages/airflow/example_dags/subdags/subdag.py for tasks to queue
[2024-04-26T05:50:53.978-0300] {logging_mixin.py:188} INFO - [2024-04-26T05:50:53.977-0300] {dagbag.py:540} INFO - Filling up the DagBag from /home/athlon/projects/airflow/.venv/lib/python3.11/site-packages/airflow/example_dags/subdags/subdag.py
[2024-04-26T05:50:53.982-0300] {processor.py:842} WARNING - No viable dags retrieved from /home/athlon/projects/airflow/.venv/lib/python3.11/site-packages/airflow/example_dags/subdags/subdag.py
[2024-04-26T05:50:54.014-0300] {processor.py:183} INFO - Processing /home/athlon/projects/airflow/.venv/lib/python3.11/site-packages/airflow/example_dags/subdags/subdag.py took 0.065 seconds
[2024-04-26T05:51:43.209-0300] {processor.py:161} INFO - Started process (PID=11004) to work on /home/athlon/projects/airflow/.venv/lib/python3.11/site-packages/airflow/example_dags/subdags/subdag.py
[2024-04-26T05:51:43.215-0300] {processor.py:830} INFO - Processing file /home/athlon/projects/airflow/.venv/lib/python3.11/site-packages/airflow/example_dags/subdags/subdag.py for tasks to queue
[2024-04-26T05:51:43.220-0300] {logging_mixin.py:188} INFO - [2024-04-26T05:51:43.219-0300] {dagbag.py:540} INFO - Filling up the DagBag from /home/athlon/projects/airflow/.venv/lib/python3.11/site-packages/airflow/example_dags/subdags/subdag.py
[2024-04-26T05:51:43.223-0300] {processor.py:842} WARNING - No viable dags retrieved from /home/athlon/projects/airflow/.venv/lib/python3.11/site-packages/airflow/example_dags/subdags/subdag.py
[2024-04-26T05:51:43.241-0300] {processor.py:183} INFO - Processing /home/athlon/projects/airflow/.venv/lib/python3.11/site-packages/airflow/example_dags/subdags/subdag.py took 0.045 seconds
[2024-04-26T05:52:23.001-0300] {processor.py:161} INFO - Started process (PID=11040) to work on /home/athlon/projects/airflow/.venv/lib/python3.11/site-packages/airflow/example_dags/subdags/subdag.py
[2024-04-26T05:52:23.007-0300] {processor.py:830} INFO - Processing file /home/athlon/projects/airflow/.venv/lib/python3.11/site-packages/airflow/example_dags/subdags/subdag.py for tasks to queue
[2024-04-26T05:52:23.010-0300] {logging_mixin.py:188} INFO - [2024-04-26T05:52:23.009-0300] {dagbag.py:540} INFO - Filling up the DagBag from /home/athlon/projects/airflow/.venv/lib/python3.11/site-packages/airflow/example_dags/subdags/subdag.py
[2024-04-26T05:52:23.016-0300] {processor.py:842} WARNING - No viable dags retrieved from /home/athlon/projects/airflow/.venv/lib/python3.11/site-packages/airflow/example_dags/subdags/subdag.py
[2024-04-26T05:52:23.037-0300] {processor.py:183} INFO - Processing /home/athlon/projects/airflow/.venv/lib/python3.11/site-packages/airflow/example_dags/subdags/subdag.py took 0.049 seconds
