[2024-04-28T06:25:26.628-0300] {processor.py:161} INFO - Started process (PID=11577) to work on /home/athlon/projects/airflow/.venv/lib/python3.11/site-packages/airflow/example_dags/plugins/listener_plugin.py
[2024-04-28T06:25:26.629-0300] {processor.py:830} INFO - Processing file /home/athlon/projects/airflow/.venv/lib/python3.11/site-packages/airflow/example_dags/plugins/listener_plugin.py for tasks to queue
[2024-04-28T06:25:26.632-0300] {logging_mixin.py:188} INFO - [2024-04-28T06:25:26.631-0300] {dagbag.py:540} INFO - Filling up the DagBag from /home/athlon/projects/airflow/.venv/lib/python3.11/site-packages/airflow/example_dags/plugins/listener_plugin.py
[2024-04-28T06:25:26.635-0300] {processor.py:842} WARNING - No viable dags retrieved from /home/athlon/projects/airflow/.venv/lib/python3.11/site-packages/airflow/example_dags/plugins/listener_plugin.py
[2024-04-28T06:25:26.648-0300] {processor.py:183} INFO - Processing /home/athlon/projects/airflow/.venv/lib/python3.11/site-packages/airflow/example_dags/plugins/listener_plugin.py took 0.028 seconds
[2024-04-28T06:26:33.874-0300] {processor.py:161} INFO - Started process (PID=11666) to work on /home/athlon/projects/airflow/.venv/lib/python3.11/site-packages/airflow/example_dags/plugins/listener_plugin.py
[2024-04-28T06:26:33.880-0300] {processor.py:830} INFO - Processing file /home/athlon/projects/airflow/.venv/lib/python3.11/site-packages/airflow/example_dags/plugins/listener_plugin.py for tasks to queue
[2024-04-28T06:26:33.882-0300] {logging_mixin.py:188} INFO - [2024-04-28T06:26:33.882-0300] {dagbag.py:540} INFO - Filling up the DagBag from /home/athlon/projects/airflow/.venv/lib/python3.11/site-packages/airflow/example_dags/plugins/listener_plugin.py
[2024-04-28T06:26:33.886-0300] {processor.py:842} WARNING - No viable dags retrieved from /home/athlon/projects/airflow/.venv/lib/python3.11/site-packages/airflow/example_dags/plugins/listener_plugin.py
[2024-04-28T06:26:33.900-0300] {processor.py:183} INFO - Processing /home/athlon/projects/airflow/.venv/lib/python3.11/site-packages/airflow/example_dags/plugins/listener_plugin.py took 0.034 seconds
[2024-04-28T06:27:16.338-0300] {processor.py:161} INFO - Started process (PID=11799) to work on /home/athlon/projects/airflow/.venv/lib/python3.11/site-packages/airflow/example_dags/plugins/listener_plugin.py
[2024-04-28T06:27:16.340-0300] {processor.py:830} INFO - Processing file /home/athlon/projects/airflow/.venv/lib/python3.11/site-packages/airflow/example_dags/plugins/listener_plugin.py for tasks to queue
[2024-04-28T06:27:16.348-0300] {logging_mixin.py:188} INFO - [2024-04-28T06:27:16.342-0300] {dagbag.py:540} INFO - Filling up the DagBag from /home/athlon/projects/airflow/.venv/lib/python3.11/site-packages/airflow/example_dags/plugins/listener_plugin.py
[2024-04-28T06:27:16.367-0300] {processor.py:842} WARNING - No viable dags retrieved from /home/athlon/projects/airflow/.venv/lib/python3.11/site-packages/airflow/example_dags/plugins/listener_plugin.py
[2024-04-28T06:27:16.389-0300] {processor.py:183} INFO - Processing /home/athlon/projects/airflow/.venv/lib/python3.11/site-packages/airflow/example_dags/plugins/listener_plugin.py took 0.061 seconds
[2024-04-28T06:28:14.535-0300] {processor.py:161} INFO - Started process (PID=11876) to work on /home/athlon/projects/airflow/.venv/lib/python3.11/site-packages/airflow/example_dags/plugins/listener_plugin.py
[2024-04-28T06:28:14.536-0300] {processor.py:830} INFO - Processing file /home/athlon/projects/airflow/.venv/lib/python3.11/site-packages/airflow/example_dags/plugins/listener_plugin.py for tasks to queue
[2024-04-28T06:28:14.538-0300] {logging_mixin.py:188} INFO - [2024-04-28T06:28:14.538-0300] {dagbag.py:540} INFO - Filling up the DagBag from /home/athlon/projects/airflow/.venv/lib/python3.11/site-packages/airflow/example_dags/plugins/listener_plugin.py
[2024-04-28T06:28:14.543-0300] {processor.py:842} WARNING - No viable dags retrieved from /home/athlon/projects/airflow/.venv/lib/python3.11/site-packages/airflow/example_dags/plugins/listener_plugin.py
[2024-04-28T06:28:14.557-0300] {processor.py:183} INFO - Processing /home/athlon/projects/airflow/.venv/lib/python3.11/site-packages/airflow/example_dags/plugins/listener_plugin.py took 0.031 seconds
[2024-04-28T19:14:54.297-0300] {processor.py:161} INFO - Started process (PID=5004) to work on /home/athlon/projects/airflow/.venv/lib/python3.11/site-packages/airflow/example_dags/plugins/listener_plugin.py
[2024-04-28T19:14:54.298-0300] {processor.py:830} INFO - Processing file /home/athlon/projects/airflow/.venv/lib/python3.11/site-packages/airflow/example_dags/plugins/listener_plugin.py for tasks to queue
[2024-04-28T19:14:54.301-0300] {logging_mixin.py:188} INFO - [2024-04-28T19:14:54.300-0300] {dagbag.py:540} INFO - Filling up the DagBag from /home/athlon/projects/airflow/.venv/lib/python3.11/site-packages/airflow/example_dags/plugins/listener_plugin.py
[2024-04-28T19:14:54.305-0300] {processor.py:842} WARNING - No viable dags retrieved from /home/athlon/projects/airflow/.venv/lib/python3.11/site-packages/airflow/example_dags/plugins/listener_plugin.py
[2024-04-28T19:14:54.320-0300] {processor.py:183} INFO - Processing /home/athlon/projects/airflow/.venv/lib/python3.11/site-packages/airflow/example_dags/plugins/listener_plugin.py took 0.031 seconds
[2024-04-28T19:15:57.101-0300] {processor.py:161} INFO - Started process (PID=5135) to work on /home/athlon/projects/airflow/.venv/lib/python3.11/site-packages/airflow/example_dags/plugins/listener_plugin.py
[2024-04-28T19:15:57.102-0300] {processor.py:830} INFO - Processing file /home/athlon/projects/airflow/.venv/lib/python3.11/site-packages/airflow/example_dags/plugins/listener_plugin.py for tasks to queue
[2024-04-28T19:15:57.109-0300] {logging_mixin.py:188} INFO - [2024-04-28T19:15:57.107-0300] {dagbag.py:540} INFO - Filling up the DagBag from /home/athlon/projects/airflow/.venv/lib/python3.11/site-packages/airflow/example_dags/plugins/listener_plugin.py
[2024-04-28T19:15:57.119-0300] {processor.py:842} WARNING - No viable dags retrieved from /home/athlon/projects/airflow/.venv/lib/python3.11/site-packages/airflow/example_dags/plugins/listener_plugin.py
[2024-04-28T19:15:57.144-0300] {processor.py:183} INFO - Processing /home/athlon/projects/airflow/.venv/lib/python3.11/site-packages/airflow/example_dags/plugins/listener_plugin.py took 0.064 seconds
[2024-04-28T19:17:00.556-0300] {processor.py:161} INFO - Started process (PID=5217) to work on /home/athlon/projects/airflow/.venv/lib/python3.11/site-packages/airflow/example_dags/plugins/listener_plugin.py
[2024-04-28T19:17:00.558-0300] {processor.py:830} INFO - Processing file /home/athlon/projects/airflow/.venv/lib/python3.11/site-packages/airflow/example_dags/plugins/listener_plugin.py for tasks to queue
[2024-04-28T19:17:00.562-0300] {logging_mixin.py:188} INFO - [2024-04-28T19:17:00.561-0300] {dagbag.py:540} INFO - Filling up the DagBag from /home/athlon/projects/airflow/.venv/lib/python3.11/site-packages/airflow/example_dags/plugins/listener_plugin.py
[2024-04-28T19:17:00.571-0300] {processor.py:842} WARNING - No viable dags retrieved from /home/athlon/projects/airflow/.venv/lib/python3.11/site-packages/airflow/example_dags/plugins/listener_plugin.py
[2024-04-28T19:17:00.596-0300] {processor.py:183} INFO - Processing /home/athlon/projects/airflow/.venv/lib/python3.11/site-packages/airflow/example_dags/plugins/listener_plugin.py took 0.059 seconds
[2024-04-28T19:18:01.601-0300] {processor.py:161} INFO - Started process (PID=5294) to work on /home/athlon/projects/airflow/.venv/lib/python3.11/site-packages/airflow/example_dags/plugins/listener_plugin.py
[2024-04-28T19:18:01.602-0300] {processor.py:830} INFO - Processing file /home/athlon/projects/airflow/.venv/lib/python3.11/site-packages/airflow/example_dags/plugins/listener_plugin.py for tasks to queue
[2024-04-28T19:18:01.610-0300] {logging_mixin.py:188} INFO - [2024-04-28T19:18:01.608-0300] {dagbag.py:540} INFO - Filling up the DagBag from /home/athlon/projects/airflow/.venv/lib/python3.11/site-packages/airflow/example_dags/plugins/listener_plugin.py
[2024-04-28T19:18:01.617-0300] {processor.py:842} WARNING - No viable dags retrieved from /home/athlon/projects/airflow/.venv/lib/python3.11/site-packages/airflow/example_dags/plugins/listener_plugin.py
[2024-04-28T19:18:01.637-0300] {processor.py:183} INFO - Processing /home/athlon/projects/airflow/.venv/lib/python3.11/site-packages/airflow/example_dags/plugins/listener_plugin.py took 0.050 seconds
[2024-04-28T19:19:09.954-0300] {processor.py:161} INFO - Started process (PID=5391) to work on /home/athlon/projects/airflow/.venv/lib/python3.11/site-packages/airflow/example_dags/plugins/listener_plugin.py
[2024-04-28T19:19:09.960-0300] {processor.py:830} INFO - Processing file /home/athlon/projects/airflow/.venv/lib/python3.11/site-packages/airflow/example_dags/plugins/listener_plugin.py for tasks to queue
[2024-04-28T19:19:09.963-0300] {logging_mixin.py:188} INFO - [2024-04-28T19:19:09.962-0300] {dagbag.py:540} INFO - Filling up the DagBag from /home/athlon/projects/airflow/.venv/lib/python3.11/site-packages/airflow/example_dags/plugins/listener_plugin.py
[2024-04-28T19:19:09.967-0300] {processor.py:842} WARNING - No viable dags retrieved from /home/athlon/projects/airflow/.venv/lib/python3.11/site-packages/airflow/example_dags/plugins/listener_plugin.py
[2024-04-28T19:19:09.983-0300] {processor.py:183} INFO - Processing /home/athlon/projects/airflow/.venv/lib/python3.11/site-packages/airflow/example_dags/plugins/listener_plugin.py took 0.038 seconds
[2024-04-28T19:20:17.417-0300] {processor.py:161} INFO - Started process (PID=5479) to work on /home/athlon/projects/airflow/.venv/lib/python3.11/site-packages/airflow/example_dags/plugins/listener_plugin.py
[2024-04-28T19:20:17.420-0300] {processor.py:830} INFO - Processing file /home/athlon/projects/airflow/.venv/lib/python3.11/site-packages/airflow/example_dags/plugins/listener_plugin.py for tasks to queue
[2024-04-28T19:20:17.423-0300] {logging_mixin.py:188} INFO - [2024-04-28T19:20:17.422-0300] {dagbag.py:540} INFO - Filling up the DagBag from /home/athlon/projects/airflow/.venv/lib/python3.11/site-packages/airflow/example_dags/plugins/listener_plugin.py
[2024-04-28T19:20:17.429-0300] {processor.py:842} WARNING - No viable dags retrieved from /home/athlon/projects/airflow/.venv/lib/python3.11/site-packages/airflow/example_dags/plugins/listener_plugin.py
[2024-04-28T19:20:17.455-0300] {processor.py:183} INFO - Processing /home/athlon/projects/airflow/.venv/lib/python3.11/site-packages/airflow/example_dags/plugins/listener_plugin.py took 0.054 seconds
[2024-04-28T19:21:18.975-0300] {processor.py:161} INFO - Started process (PID=5560) to work on /home/athlon/projects/airflow/.venv/lib/python3.11/site-packages/airflow/example_dags/plugins/listener_plugin.py
[2024-04-28T19:21:18.980-0300] {processor.py:830} INFO - Processing file /home/athlon/projects/airflow/.venv/lib/python3.11/site-packages/airflow/example_dags/plugins/listener_plugin.py for tasks to queue
[2024-04-28T19:21:18.983-0300] {logging_mixin.py:188} INFO - [2024-04-28T19:21:18.982-0300] {dagbag.py:540} INFO - Filling up the DagBag from /home/athlon/projects/airflow/.venv/lib/python3.11/site-packages/airflow/example_dags/plugins/listener_plugin.py
[2024-04-28T19:21:18.988-0300] {processor.py:842} WARNING - No viable dags retrieved from /home/athlon/projects/airflow/.venv/lib/python3.11/site-packages/airflow/example_dags/plugins/listener_plugin.py
[2024-04-28T19:21:19.006-0300] {processor.py:183} INFO - Processing /home/athlon/projects/airflow/.venv/lib/python3.11/site-packages/airflow/example_dags/plugins/listener_plugin.py took 0.041 seconds
[2024-04-28T19:22:18.472-0300] {processor.py:161} INFO - Started process (PID=5637) to work on /home/athlon/projects/airflow/.venv/lib/python3.11/site-packages/airflow/example_dags/plugins/listener_plugin.py
[2024-04-28T19:22:18.474-0300] {processor.py:830} INFO - Processing file /home/athlon/projects/airflow/.venv/lib/python3.11/site-packages/airflow/example_dags/plugins/listener_plugin.py for tasks to queue
[2024-04-28T19:22:18.476-0300] {logging_mixin.py:188} INFO - [2024-04-28T19:22:18.475-0300] {dagbag.py:540} INFO - Filling up the DagBag from /home/athlon/projects/airflow/.venv/lib/python3.11/site-packages/airflow/example_dags/plugins/listener_plugin.py
[2024-04-28T19:22:18.480-0300] {processor.py:842} WARNING - No viable dags retrieved from /home/athlon/projects/airflow/.venv/lib/python3.11/site-packages/airflow/example_dags/plugins/listener_plugin.py
[2024-04-28T19:22:18.495-0300] {processor.py:183} INFO - Processing /home/athlon/projects/airflow/.venv/lib/python3.11/site-packages/airflow/example_dags/plugins/listener_plugin.py took 0.031 seconds
[2024-04-28T19:23:41.221-0300] {processor.py:161} INFO - Started process (PID=5729) to work on /home/athlon/projects/airflow/.venv/lib/python3.11/site-packages/airflow/example_dags/plugins/listener_plugin.py
[2024-04-28T19:23:41.223-0300] {processor.py:830} INFO - Processing file /home/athlon/projects/airflow/.venv/lib/python3.11/site-packages/airflow/example_dags/plugins/listener_plugin.py for tasks to queue
[2024-04-28T19:23:41.227-0300] {logging_mixin.py:188} INFO - [2024-04-28T19:23:41.226-0300] {dagbag.py:540} INFO - Filling up the DagBag from /home/athlon/projects/airflow/.venv/lib/python3.11/site-packages/airflow/example_dags/plugins/listener_plugin.py
[2024-04-28T19:23:41.231-0300] {processor.py:842} WARNING - No viable dags retrieved from /home/athlon/projects/airflow/.venv/lib/python3.11/site-packages/airflow/example_dags/plugins/listener_plugin.py
[2024-04-28T19:23:41.248-0300] {processor.py:183} INFO - Processing /home/athlon/projects/airflow/.venv/lib/python3.11/site-packages/airflow/example_dags/plugins/listener_plugin.py took 0.037 seconds
[2024-04-28T19:24:29.095-0300] {processor.py:161} INFO - Started process (PID=5787) to work on /home/athlon/projects/airflow/.venv/lib/python3.11/site-packages/airflow/example_dags/plugins/listener_plugin.py
[2024-04-28T19:24:29.101-0300] {processor.py:830} INFO - Processing file /home/athlon/projects/airflow/.venv/lib/python3.11/site-packages/airflow/example_dags/plugins/listener_plugin.py for tasks to queue
[2024-04-28T19:24:29.103-0300] {logging_mixin.py:188} INFO - [2024-04-28T19:24:29.103-0300] {dagbag.py:540} INFO - Filling up the DagBag from /home/athlon/projects/airflow/.venv/lib/python3.11/site-packages/airflow/example_dags/plugins/listener_plugin.py
[2024-04-28T19:24:29.107-0300] {processor.py:842} WARNING - No viable dags retrieved from /home/athlon/projects/airflow/.venv/lib/python3.11/site-packages/airflow/example_dags/plugins/listener_plugin.py
[2024-04-28T19:24:29.122-0300] {processor.py:183} INFO - Processing /home/athlon/projects/airflow/.venv/lib/python3.11/site-packages/airflow/example_dags/plugins/listener_plugin.py took 0.035 seconds
[2024-04-28T19:25:29.710-0300] {processor.py:161} INFO - Started process (PID=5920) to work on /home/athlon/projects/airflow/.venv/lib/python3.11/site-packages/airflow/example_dags/plugins/listener_plugin.py
[2024-04-28T19:25:29.711-0300] {processor.py:830} INFO - Processing file /home/athlon/projects/airflow/.venv/lib/python3.11/site-packages/airflow/example_dags/plugins/listener_plugin.py for tasks to queue
[2024-04-28T19:25:29.720-0300] {logging_mixin.py:188} INFO - [2024-04-28T19:25:29.720-0300] {dagbag.py:540} INFO - Filling up the DagBag from /home/athlon/projects/airflow/.venv/lib/python3.11/site-packages/airflow/example_dags/plugins/listener_plugin.py
[2024-04-28T19:25:29.726-0300] {processor.py:842} WARNING - No viable dags retrieved from /home/athlon/projects/airflow/.venv/lib/python3.11/site-packages/airflow/example_dags/plugins/listener_plugin.py
[2024-04-28T19:25:29.741-0300] {processor.py:183} INFO - Processing /home/athlon/projects/airflow/.venv/lib/python3.11/site-packages/airflow/example_dags/plugins/listener_plugin.py took 0.047 seconds
[2024-04-28T19:26:26.685-0300] {processor.py:161} INFO - Started process (PID=6018) to work on /home/athlon/projects/airflow/.venv/lib/python3.11/site-packages/airflow/example_dags/plugins/listener_plugin.py
[2024-04-28T19:26:26.691-0300] {processor.py:830} INFO - Processing file /home/athlon/projects/airflow/.venv/lib/python3.11/site-packages/airflow/example_dags/plugins/listener_plugin.py for tasks to queue
[2024-04-28T19:26:26.694-0300] {logging_mixin.py:188} INFO - [2024-04-28T19:26:26.693-0300] {dagbag.py:540} INFO - Filling up the DagBag from /home/athlon/projects/airflow/.venv/lib/python3.11/site-packages/airflow/example_dags/plugins/listener_plugin.py
[2024-04-28T19:26:26.698-0300] {processor.py:842} WARNING - No viable dags retrieved from /home/athlon/projects/airflow/.venv/lib/python3.11/site-packages/airflow/example_dags/plugins/listener_plugin.py
[2024-04-28T19:26:26.714-0300] {processor.py:183} INFO - Processing /home/athlon/projects/airflow/.venv/lib/python3.11/site-packages/airflow/example_dags/plugins/listener_plugin.py took 0.038 seconds
[2024-04-28T19:27:23.401-0300] {processor.py:161} INFO - Started process (PID=6109) to work on /home/athlon/projects/airflow/.venv/lib/python3.11/site-packages/airflow/example_dags/plugins/listener_plugin.py
[2024-04-28T19:27:23.403-0300] {processor.py:830} INFO - Processing file /home/athlon/projects/airflow/.venv/lib/python3.11/site-packages/airflow/example_dags/plugins/listener_plugin.py for tasks to queue
[2024-04-28T19:27:23.407-0300] {logging_mixin.py:188} INFO - [2024-04-28T19:27:23.406-0300] {dagbag.py:540} INFO - Filling up the DagBag from /home/athlon/projects/airflow/.venv/lib/python3.11/site-packages/airflow/example_dags/plugins/listener_plugin.py
[2024-04-28T19:27:23.414-0300] {processor.py:842} WARNING - No viable dags retrieved from /home/athlon/projects/airflow/.venv/lib/python3.11/site-packages/airflow/example_dags/plugins/listener_plugin.py
[2024-04-28T19:27:23.439-0300] {processor.py:183} INFO - Processing /home/athlon/projects/airflow/.venv/lib/python3.11/site-packages/airflow/example_dags/plugins/listener_plugin.py took 0.052 seconds
[2024-04-28T19:28:26.827-0300] {processor.py:161} INFO - Started process (PID=6228) to work on /home/athlon/projects/airflow/.venv/lib/python3.11/site-packages/airflow/example_dags/plugins/listener_plugin.py
[2024-04-28T19:28:26.828-0300] {processor.py:830} INFO - Processing file /home/athlon/projects/airflow/.venv/lib/python3.11/site-packages/airflow/example_dags/plugins/listener_plugin.py for tasks to queue
[2024-04-28T19:28:26.831-0300] {logging_mixin.py:188} INFO - [2024-04-28T19:28:26.830-0300] {dagbag.py:540} INFO - Filling up the DagBag from /home/athlon/projects/airflow/.venv/lib/python3.11/site-packages/airflow/example_dags/plugins/listener_plugin.py
[2024-04-28T19:28:26.836-0300] {processor.py:842} WARNING - No viable dags retrieved from /home/athlon/projects/airflow/.venv/lib/python3.11/site-packages/airflow/example_dags/plugins/listener_plugin.py
[2024-04-28T19:28:26.853-0300] {processor.py:183} INFO - Processing /home/athlon/projects/airflow/.venv/lib/python3.11/site-packages/airflow/example_dags/plugins/listener_plugin.py took 0.037 seconds
[2024-04-28T19:29:33.364-0300] {processor.py:161} INFO - Started process (PID=6312) to work on /home/athlon/projects/airflow/.venv/lib/python3.11/site-packages/airflow/example_dags/plugins/listener_plugin.py
[2024-04-28T19:29:33.366-0300] {processor.py:830} INFO - Processing file /home/athlon/projects/airflow/.venv/lib/python3.11/site-packages/airflow/example_dags/plugins/listener_plugin.py for tasks to queue
[2024-04-28T19:29:33.369-0300] {logging_mixin.py:188} INFO - [2024-04-28T19:29:33.368-0300] {dagbag.py:540} INFO - Filling up the DagBag from /home/athlon/projects/airflow/.venv/lib/python3.11/site-packages/airflow/example_dags/plugins/listener_plugin.py
[2024-04-28T19:29:33.374-0300] {processor.py:842} WARNING - No viable dags retrieved from /home/athlon/projects/airflow/.venv/lib/python3.11/site-packages/airflow/example_dags/plugins/listener_plugin.py
[2024-04-28T19:29:33.392-0300] {processor.py:183} INFO - Processing /home/athlon/projects/airflow/.venv/lib/python3.11/site-packages/airflow/example_dags/plugins/listener_plugin.py took 0.037 seconds
[2024-04-28T19:30:36.009-0300] {processor.py:161} INFO - Started process (PID=6410) to work on /home/athlon/projects/airflow/.venv/lib/python3.11/site-packages/airflow/example_dags/plugins/listener_plugin.py
[2024-04-28T19:30:36.011-0300] {processor.py:830} INFO - Processing file /home/athlon/projects/airflow/.venv/lib/python3.11/site-packages/airflow/example_dags/plugins/listener_plugin.py for tasks to queue
[2024-04-28T19:30:36.014-0300] {logging_mixin.py:188} INFO - [2024-04-28T19:30:36.013-0300] {dagbag.py:540} INFO - Filling up the DagBag from /home/athlon/projects/airflow/.venv/lib/python3.11/site-packages/airflow/example_dags/plugins/listener_plugin.py
[2024-04-28T19:30:36.019-0300] {processor.py:842} WARNING - No viable dags retrieved from /home/athlon/projects/airflow/.venv/lib/python3.11/site-packages/airflow/example_dags/plugins/listener_plugin.py
[2024-04-28T19:30:36.035-0300] {processor.py:183} INFO - Processing /home/athlon/projects/airflow/.venv/lib/python3.11/site-packages/airflow/example_dags/plugins/listener_plugin.py took 0.037 seconds
[2024-04-28T19:31:37.202-0300] {processor.py:161} INFO - Started process (PID=6488) to work on /home/athlon/projects/airflow/.venv/lib/python3.11/site-packages/airflow/example_dags/plugins/listener_plugin.py
[2024-04-28T19:31:37.207-0300] {processor.py:830} INFO - Processing file /home/athlon/projects/airflow/.venv/lib/python3.11/site-packages/airflow/example_dags/plugins/listener_plugin.py for tasks to queue
[2024-04-28T19:31:37.211-0300] {logging_mixin.py:188} INFO - [2024-04-28T19:31:37.210-0300] {dagbag.py:540} INFO - Filling up the DagBag from /home/athlon/projects/airflow/.venv/lib/python3.11/site-packages/airflow/example_dags/plugins/listener_plugin.py
[2024-04-28T19:31:37.220-0300] {processor.py:842} WARNING - No viable dags retrieved from /home/athlon/projects/airflow/.venv/lib/python3.11/site-packages/airflow/example_dags/plugins/listener_plugin.py
[2024-04-28T19:31:37.249-0300] {processor.py:183} INFO - Processing /home/athlon/projects/airflow/.venv/lib/python3.11/site-packages/airflow/example_dags/plugins/listener_plugin.py took 0.069 seconds
[2024-04-28T19:32:16.039-0300] {processor.py:161} INFO - Started process (PID=6581) to work on /home/athlon/projects/airflow/.venv/lib/python3.11/site-packages/airflow/example_dags/plugins/listener_plugin.py
[2024-04-28T19:32:16.043-0300] {processor.py:830} INFO - Processing file /home/athlon/projects/airflow/.venv/lib/python3.11/site-packages/airflow/example_dags/plugins/listener_plugin.py for tasks to queue
[2024-04-28T19:32:16.047-0300] {logging_mixin.py:188} INFO - [2024-04-28T19:32:16.046-0300] {dagbag.py:540} INFO - Filling up the DagBag from /home/athlon/projects/airflow/.venv/lib/python3.11/site-packages/airflow/example_dags/plugins/listener_plugin.py
[2024-04-28T19:32:16.054-0300] {processor.py:842} WARNING - No viable dags retrieved from /home/athlon/projects/airflow/.venv/lib/python3.11/site-packages/airflow/example_dags/plugins/listener_plugin.py
[2024-04-28T19:32:16.077-0300] {processor.py:183} INFO - Processing /home/athlon/projects/airflow/.venv/lib/python3.11/site-packages/airflow/example_dags/plugins/listener_plugin.py took 0.055 seconds
[2024-04-28T19:33:36.544-0300] {processor.py:161} INFO - Started process (PID=6713) to work on /home/athlon/projects/airflow/.venv/lib/python3.11/site-packages/airflow/example_dags/plugins/listener_plugin.py
[2024-04-28T19:33:36.546-0300] {processor.py:830} INFO - Processing file /home/athlon/projects/airflow/.venv/lib/python3.11/site-packages/airflow/example_dags/plugins/listener_plugin.py for tasks to queue
[2024-04-28T19:33:36.551-0300] {logging_mixin.py:188} INFO - [2024-04-28T19:33:36.550-0300] {dagbag.py:540} INFO - Filling up the DagBag from /home/athlon/projects/airflow/.venv/lib/python3.11/site-packages/airflow/example_dags/plugins/listener_plugin.py
[2024-04-28T19:33:36.557-0300] {processor.py:842} WARNING - No viable dags retrieved from /home/athlon/projects/airflow/.venv/lib/python3.11/site-packages/airflow/example_dags/plugins/listener_plugin.py
[2024-04-28T19:33:36.581-0300] {processor.py:183} INFO - Processing /home/athlon/projects/airflow/.venv/lib/python3.11/site-packages/airflow/example_dags/plugins/listener_plugin.py took 0.051 seconds
[2024-04-28T19:34:43.419-0300] {processor.py:161} INFO - Started process (PID=6797) to work on /home/athlon/projects/airflow/.venv/lib/python3.11/site-packages/airflow/example_dags/plugins/listener_plugin.py
[2024-04-28T19:34:43.421-0300] {processor.py:830} INFO - Processing file /home/athlon/projects/airflow/.venv/lib/python3.11/site-packages/airflow/example_dags/plugins/listener_plugin.py for tasks to queue
[2024-04-28T19:34:43.425-0300] {logging_mixin.py:188} INFO - [2024-04-28T19:34:43.424-0300] {dagbag.py:540} INFO - Filling up the DagBag from /home/athlon/projects/airflow/.venv/lib/python3.11/site-packages/airflow/example_dags/plugins/listener_plugin.py
[2024-04-28T19:34:43.431-0300] {processor.py:842} WARNING - No viable dags retrieved from /home/athlon/projects/airflow/.venv/lib/python3.11/site-packages/airflow/example_dags/plugins/listener_plugin.py
[2024-04-28T19:34:43.456-0300] {processor.py:183} INFO - Processing /home/athlon/projects/airflow/.venv/lib/python3.11/site-packages/airflow/example_dags/plugins/listener_plugin.py took 0.050 seconds
[2024-04-28T19:35:42.432-0300] {processor.py:161} INFO - Started process (PID=6875) to work on /home/athlon/projects/airflow/.venv/lib/python3.11/site-packages/airflow/example_dags/plugins/listener_plugin.py
[2024-04-28T19:35:42.438-0300] {processor.py:830} INFO - Processing file /home/athlon/projects/airflow/.venv/lib/python3.11/site-packages/airflow/example_dags/plugins/listener_plugin.py for tasks to queue
[2024-04-28T19:35:42.442-0300] {logging_mixin.py:188} INFO - [2024-04-28T19:35:42.442-0300] {dagbag.py:540} INFO - Filling up the DagBag from /home/athlon/projects/airflow/.venv/lib/python3.11/site-packages/airflow/example_dags/plugins/listener_plugin.py
[2024-04-28T19:35:42.448-0300] {processor.py:842} WARNING - No viable dags retrieved from /home/athlon/projects/airflow/.venv/lib/python3.11/site-packages/airflow/example_dags/plugins/listener_plugin.py
[2024-04-28T19:35:42.472-0300] {processor.py:183} INFO - Processing /home/athlon/projects/airflow/.venv/lib/python3.11/site-packages/airflow/example_dags/plugins/listener_plugin.py took 0.052 seconds
[2024-04-28T19:36:41.235-0300] {processor.py:161} INFO - Started process (PID=6965) to work on /home/athlon/projects/airflow/.venv/lib/python3.11/site-packages/airflow/example_dags/plugins/listener_plugin.py
[2024-04-28T19:36:41.237-0300] {processor.py:830} INFO - Processing file /home/athlon/projects/airflow/.venv/lib/python3.11/site-packages/airflow/example_dags/plugins/listener_plugin.py for tasks to queue
[2024-04-28T19:36:41.240-0300] {logging_mixin.py:188} INFO - [2024-04-28T19:36:41.239-0300] {dagbag.py:540} INFO - Filling up the DagBag from /home/athlon/projects/airflow/.venv/lib/python3.11/site-packages/airflow/example_dags/plugins/listener_plugin.py
[2024-04-28T19:36:41.245-0300] {processor.py:842} WARNING - No viable dags retrieved from /home/athlon/projects/airflow/.venv/lib/python3.11/site-packages/airflow/example_dags/plugins/listener_plugin.py
[2024-04-28T19:36:41.262-0300] {processor.py:183} INFO - Processing /home/athlon/projects/airflow/.venv/lib/python3.11/site-packages/airflow/example_dags/plugins/listener_plugin.py took 0.037 seconds
[2024-04-28T19:58:29.344-0300] {processor.py:161} INFO - Started process (PID=5629) to work on /home/athlon/projects/airflow/.venv/lib/python3.11/site-packages/airflow/example_dags/plugins/listener_plugin.py
[2024-04-28T19:58:29.346-0300] {processor.py:830} INFO - Processing file /home/athlon/projects/airflow/.venv/lib/python3.11/site-packages/airflow/example_dags/plugins/listener_plugin.py for tasks to queue
[2024-04-28T19:58:29.348-0300] {logging_mixin.py:188} INFO - [2024-04-28T19:58:29.348-0300] {dagbag.py:540} INFO - Filling up the DagBag from /home/athlon/projects/airflow/.venv/lib/python3.11/site-packages/airflow/example_dags/plugins/listener_plugin.py
[2024-04-28T19:58:29.352-0300] {processor.py:842} WARNING - No viable dags retrieved from /home/athlon/projects/airflow/.venv/lib/python3.11/site-packages/airflow/example_dags/plugins/listener_plugin.py
[2024-04-28T19:58:29.366-0300] {processor.py:183} INFO - Processing /home/athlon/projects/airflow/.venv/lib/python3.11/site-packages/airflow/example_dags/plugins/listener_plugin.py took 0.030 seconds
[2024-04-28T19:59:59.941-0300] {processor.py:161} INFO - Started process (PID=5787) to work on /home/athlon/projects/airflow/.venv/lib/python3.11/site-packages/airflow/example_dags/plugins/listener_plugin.py
[2024-04-28T19:59:59.942-0300] {processor.py:830} INFO - Processing file /home/athlon/projects/airflow/.venv/lib/python3.11/site-packages/airflow/example_dags/plugins/listener_plugin.py for tasks to queue
[2024-04-28T19:59:59.944-0300] {logging_mixin.py:188} INFO - [2024-04-28T19:59:59.944-0300] {dagbag.py:540} INFO - Filling up the DagBag from /home/athlon/projects/airflow/.venv/lib/python3.11/site-packages/airflow/example_dags/plugins/listener_plugin.py
[2024-04-28T19:59:59.948-0300] {processor.py:842} WARNING - No viable dags retrieved from /home/athlon/projects/airflow/.venv/lib/python3.11/site-packages/airflow/example_dags/plugins/listener_plugin.py
[2024-04-28T19:59:59.963-0300] {processor.py:183} INFO - Processing /home/athlon/projects/airflow/.venv/lib/python3.11/site-packages/airflow/example_dags/plugins/listener_plugin.py took 0.030 seconds
[2024-04-28T20:00:50.335-0300] {processor.py:161} INFO - Started process (PID=5868) to work on /home/athlon/projects/airflow/.venv/lib/python3.11/site-packages/airflow/example_dags/plugins/listener_plugin.py
[2024-04-28T20:00:50.342-0300] {processor.py:830} INFO - Processing file /home/athlon/projects/airflow/.venv/lib/python3.11/site-packages/airflow/example_dags/plugins/listener_plugin.py for tasks to queue
[2024-04-28T20:00:50.346-0300] {logging_mixin.py:188} INFO - [2024-04-28T20:00:50.345-0300] {dagbag.py:540} INFO - Filling up the DagBag from /home/athlon/projects/airflow/.venv/lib/python3.11/site-packages/airflow/example_dags/plugins/listener_plugin.py
[2024-04-28T20:00:50.351-0300] {processor.py:842} WARNING - No viable dags retrieved from /home/athlon/projects/airflow/.venv/lib/python3.11/site-packages/airflow/example_dags/plugins/listener_plugin.py
[2024-04-28T20:00:50.370-0300] {processor.py:183} INFO - Processing /home/athlon/projects/airflow/.venv/lib/python3.11/site-packages/airflow/example_dags/plugins/listener_plugin.py took 0.045 seconds
[2024-04-28T20:01:51.411-0300] {processor.py:161} INFO - Started process (PID=5943) to work on /home/athlon/projects/airflow/.venv/lib/python3.11/site-packages/airflow/example_dags/plugins/listener_plugin.py
[2024-04-28T20:01:51.417-0300] {processor.py:830} INFO - Processing file /home/athlon/projects/airflow/.venv/lib/python3.11/site-packages/airflow/example_dags/plugins/listener_plugin.py for tasks to queue
[2024-04-28T20:01:51.420-0300] {logging_mixin.py:188} INFO - [2024-04-28T20:01:51.419-0300] {dagbag.py:540} INFO - Filling up the DagBag from /home/athlon/projects/airflow/.venv/lib/python3.11/site-packages/airflow/example_dags/plugins/listener_plugin.py
[2024-04-28T20:01:51.424-0300] {processor.py:842} WARNING - No viable dags retrieved from /home/athlon/projects/airflow/.venv/lib/python3.11/site-packages/airflow/example_dags/plugins/listener_plugin.py
[2024-04-28T20:01:51.440-0300] {processor.py:183} INFO - Processing /home/athlon/projects/airflow/.venv/lib/python3.11/site-packages/airflow/example_dags/plugins/listener_plugin.py took 0.040 seconds
[2024-04-28T20:03:03.744-0300] {processor.py:161} INFO - Started process (PID=6025) to work on /home/athlon/projects/airflow/.venv/lib/python3.11/site-packages/airflow/example_dags/plugins/listener_plugin.py
[2024-04-28T20:03:03.750-0300] {processor.py:830} INFO - Processing file /home/athlon/projects/airflow/.venv/lib/python3.11/site-packages/airflow/example_dags/plugins/listener_plugin.py for tasks to queue
[2024-04-28T20:03:03.753-0300] {logging_mixin.py:188} INFO - [2024-04-28T20:03:03.752-0300] {dagbag.py:540} INFO - Filling up the DagBag from /home/athlon/projects/airflow/.venv/lib/python3.11/site-packages/airflow/example_dags/plugins/listener_plugin.py
[2024-04-28T20:03:03.757-0300] {processor.py:842} WARNING - No viable dags retrieved from /home/athlon/projects/airflow/.venv/lib/python3.11/site-packages/airflow/example_dags/plugins/listener_plugin.py
[2024-04-28T20:03:03.774-0300] {processor.py:183} INFO - Processing /home/athlon/projects/airflow/.venv/lib/python3.11/site-packages/airflow/example_dags/plugins/listener_plugin.py took 0.040 seconds
[2024-04-28T20:03:43.829-0300] {processor.py:161} INFO - Started process (PID=6076) to work on /home/athlon/projects/airflow/.venv/lib/python3.11/site-packages/airflow/example_dags/plugins/listener_plugin.py
[2024-04-28T20:03:43.834-0300] {processor.py:830} INFO - Processing file /home/athlon/projects/airflow/.venv/lib/python3.11/site-packages/airflow/example_dags/plugins/listener_plugin.py for tasks to queue
[2024-04-28T20:03:43.838-0300] {logging_mixin.py:188} INFO - [2024-04-28T20:03:43.837-0300] {dagbag.py:540} INFO - Filling up the DagBag from /home/athlon/projects/airflow/.venv/lib/python3.11/site-packages/airflow/example_dags/plugins/listener_plugin.py
[2024-04-28T20:03:43.843-0300] {processor.py:842} WARNING - No viable dags retrieved from /home/athlon/projects/airflow/.venv/lib/python3.11/site-packages/airflow/example_dags/plugins/listener_plugin.py
[2024-04-28T20:03:43.862-0300] {processor.py:183} INFO - Processing /home/athlon/projects/airflow/.venv/lib/python3.11/site-packages/airflow/example_dags/plugins/listener_plugin.py took 0.046 seconds
[2024-04-28T20:04:49.705-0300] {processor.py:161} INFO - Started process (PID=6154) to work on /home/athlon/projects/airflow/.venv/lib/python3.11/site-packages/airflow/example_dags/plugins/listener_plugin.py
[2024-04-28T20:04:49.711-0300] {processor.py:830} INFO - Processing file /home/athlon/projects/airflow/.venv/lib/python3.11/site-packages/airflow/example_dags/plugins/listener_plugin.py for tasks to queue
[2024-04-28T20:04:49.714-0300] {logging_mixin.py:188} INFO - [2024-04-28T20:04:49.713-0300] {dagbag.py:540} INFO - Filling up the DagBag from /home/athlon/projects/airflow/.venv/lib/python3.11/site-packages/airflow/example_dags/plugins/listener_plugin.py
[2024-04-28T20:04:49.718-0300] {processor.py:842} WARNING - No viable dags retrieved from /home/athlon/projects/airflow/.venv/lib/python3.11/site-packages/airflow/example_dags/plugins/listener_plugin.py
[2024-04-28T20:04:49.736-0300] {processor.py:183} INFO - Processing /home/athlon/projects/airflow/.venv/lib/python3.11/site-packages/airflow/example_dags/plugins/listener_plugin.py took 0.041 seconds
[2024-04-28T20:05:54.567-0300] {processor.py:161} INFO - Started process (PID=6234) to work on /home/athlon/projects/airflow/.venv/lib/python3.11/site-packages/airflow/example_dags/plugins/listener_plugin.py
[2024-04-28T20:05:54.573-0300] {processor.py:830} INFO - Processing file /home/athlon/projects/airflow/.venv/lib/python3.11/site-packages/airflow/example_dags/plugins/listener_plugin.py for tasks to queue
[2024-04-28T20:05:54.575-0300] {logging_mixin.py:188} INFO - [2024-04-28T20:05:54.575-0300] {dagbag.py:540} INFO - Filling up the DagBag from /home/athlon/projects/airflow/.venv/lib/python3.11/site-packages/airflow/example_dags/plugins/listener_plugin.py
[2024-04-28T20:05:54.579-0300] {processor.py:842} WARNING - No viable dags retrieved from /home/athlon/projects/airflow/.venv/lib/python3.11/site-packages/airflow/example_dags/plugins/listener_plugin.py
[2024-04-28T20:05:54.593-0300] {processor.py:183} INFO - Processing /home/athlon/projects/airflow/.venv/lib/python3.11/site-packages/airflow/example_dags/plugins/listener_plugin.py took 0.035 seconds
[2024-04-28T20:07:02.078-0300] {processor.py:161} INFO - Started process (PID=6316) to work on /home/athlon/projects/airflow/.venv/lib/python3.11/site-packages/airflow/example_dags/plugins/listener_plugin.py
[2024-04-28T20:07:02.084-0300] {processor.py:830} INFO - Processing file /home/athlon/projects/airflow/.venv/lib/python3.11/site-packages/airflow/example_dags/plugins/listener_plugin.py for tasks to queue
[2024-04-28T20:07:02.087-0300] {logging_mixin.py:188} INFO - [2024-04-28T20:07:02.086-0300] {dagbag.py:540} INFO - Filling up the DagBag from /home/athlon/projects/airflow/.venv/lib/python3.11/site-packages/airflow/example_dags/plugins/listener_plugin.py
[2024-04-28T20:07:02.091-0300] {processor.py:842} WARNING - No viable dags retrieved from /home/athlon/projects/airflow/.venv/lib/python3.11/site-packages/airflow/example_dags/plugins/listener_plugin.py
[2024-04-28T20:07:02.108-0300] {processor.py:183} INFO - Processing /home/athlon/projects/airflow/.venv/lib/python3.11/site-packages/airflow/example_dags/plugins/listener_plugin.py took 0.040 seconds
[2024-04-28T20:08:05.856-0300] {processor.py:161} INFO - Started process (PID=6391) to work on /home/athlon/projects/airflow/.venv/lib/python3.11/site-packages/airflow/example_dags/plugins/listener_plugin.py
[2024-04-28T20:08:05.862-0300] {processor.py:830} INFO - Processing file /home/athlon/projects/airflow/.venv/lib/python3.11/site-packages/airflow/example_dags/plugins/listener_plugin.py for tasks to queue
[2024-04-28T20:08:05.865-0300] {logging_mixin.py:188} INFO - [2024-04-28T20:08:05.864-0300] {dagbag.py:540} INFO - Filling up the DagBag from /home/athlon/projects/airflow/.venv/lib/python3.11/site-packages/airflow/example_dags/plugins/listener_plugin.py
[2024-04-28T20:08:05.870-0300] {processor.py:842} WARNING - No viable dags retrieved from /home/athlon/projects/airflow/.venv/lib/python3.11/site-packages/airflow/example_dags/plugins/listener_plugin.py
[2024-04-28T20:08:05.887-0300] {processor.py:183} INFO - Processing /home/athlon/projects/airflow/.venv/lib/python3.11/site-packages/airflow/example_dags/plugins/listener_plugin.py took 0.042 seconds
[2024-04-28T20:09:10.075-0300] {processor.py:161} INFO - Started process (PID=6470) to work on /home/athlon/projects/airflow/.venv/lib/python3.11/site-packages/airflow/example_dags/plugins/listener_plugin.py
[2024-04-28T20:09:10.081-0300] {processor.py:830} INFO - Processing file /home/athlon/projects/airflow/.venv/lib/python3.11/site-packages/airflow/example_dags/plugins/listener_plugin.py for tasks to queue
[2024-04-28T20:09:10.084-0300] {logging_mixin.py:188} INFO - [2024-04-28T20:09:10.083-0300] {dagbag.py:540} INFO - Filling up the DagBag from /home/athlon/projects/airflow/.venv/lib/python3.11/site-packages/airflow/example_dags/plugins/listener_plugin.py
[2024-04-28T20:09:10.088-0300] {processor.py:842} WARNING - No viable dags retrieved from /home/athlon/projects/airflow/.venv/lib/python3.11/site-packages/airflow/example_dags/plugins/listener_plugin.py
[2024-04-28T20:09:10.105-0300] {processor.py:183} INFO - Processing /home/athlon/projects/airflow/.venv/lib/python3.11/site-packages/airflow/example_dags/plugins/listener_plugin.py took 0.040 seconds
[2024-04-28T20:10:12.580-0300] {processor.py:161} INFO - Started process (PID=6582) to work on /home/athlon/projects/airflow/.venv/lib/python3.11/site-packages/airflow/example_dags/plugins/listener_plugin.py
[2024-04-28T20:10:12.587-0300] {processor.py:830} INFO - Processing file /home/athlon/projects/airflow/.venv/lib/python3.11/site-packages/airflow/example_dags/plugins/listener_plugin.py for tasks to queue
[2024-04-28T20:10:12.590-0300] {logging_mixin.py:188} INFO - [2024-04-28T20:10:12.589-0300] {dagbag.py:540} INFO - Filling up the DagBag from /home/athlon/projects/airflow/.venv/lib/python3.11/site-packages/airflow/example_dags/plugins/listener_plugin.py
[2024-04-28T20:10:12.596-0300] {processor.py:842} WARNING - No viable dags retrieved from /home/athlon/projects/airflow/.venv/lib/python3.11/site-packages/airflow/example_dags/plugins/listener_plugin.py
[2024-04-28T20:10:12.619-0300] {processor.py:183} INFO - Processing /home/athlon/projects/airflow/.venv/lib/python3.11/site-packages/airflow/example_dags/plugins/listener_plugin.py took 0.054 seconds
[2024-04-28T20:11:14.576-0300] {processor.py:161} INFO - Started process (PID=6660) to work on /home/athlon/projects/airflow/.venv/lib/python3.11/site-packages/airflow/example_dags/plugins/listener_plugin.py
[2024-04-28T20:11:14.582-0300] {processor.py:830} INFO - Processing file /home/athlon/projects/airflow/.venv/lib/python3.11/site-packages/airflow/example_dags/plugins/listener_plugin.py for tasks to queue
[2024-04-28T20:11:14.585-0300] {logging_mixin.py:188} INFO - [2024-04-28T20:11:14.584-0300] {dagbag.py:540} INFO - Filling up the DagBag from /home/athlon/projects/airflow/.venv/lib/python3.11/site-packages/airflow/example_dags/plugins/listener_plugin.py
[2024-04-28T20:11:14.589-0300] {processor.py:842} WARNING - No viable dags retrieved from /home/athlon/projects/airflow/.venv/lib/python3.11/site-packages/airflow/example_dags/plugins/listener_plugin.py
[2024-04-28T20:11:14.606-0300] {processor.py:183} INFO - Processing /home/athlon/projects/airflow/.venv/lib/python3.11/site-packages/airflow/example_dags/plugins/listener_plugin.py took 0.040 seconds
[2024-04-28T20:12:14.410-0300] {processor.py:161} INFO - Started process (PID=6732) to work on /home/athlon/projects/airflow/.venv/lib/python3.11/site-packages/airflow/example_dags/plugins/listener_plugin.py
[2024-04-28T20:12:14.415-0300] {processor.py:830} INFO - Processing file /home/athlon/projects/airflow/.venv/lib/python3.11/site-packages/airflow/example_dags/plugins/listener_plugin.py for tasks to queue
[2024-04-28T20:12:14.418-0300] {logging_mixin.py:188} INFO - [2024-04-28T20:12:14.417-0300] {dagbag.py:540} INFO - Filling up the DagBag from /home/athlon/projects/airflow/.venv/lib/python3.11/site-packages/airflow/example_dags/plugins/listener_plugin.py
[2024-04-28T20:12:14.421-0300] {processor.py:842} WARNING - No viable dags retrieved from /home/athlon/projects/airflow/.venv/lib/python3.11/site-packages/airflow/example_dags/plugins/listener_plugin.py
[2024-04-28T20:12:14.435-0300] {processor.py:183} INFO - Processing /home/athlon/projects/airflow/.venv/lib/python3.11/site-packages/airflow/example_dags/plugins/listener_plugin.py took 0.034 seconds
[2024-04-28T20:13:16.862-0300] {processor.py:161} INFO - Started process (PID=6808) to work on /home/athlon/projects/airflow/.venv/lib/python3.11/site-packages/airflow/example_dags/plugins/listener_plugin.py
[2024-04-28T20:13:16.867-0300] {processor.py:830} INFO - Processing file /home/athlon/projects/airflow/.venv/lib/python3.11/site-packages/airflow/example_dags/plugins/listener_plugin.py for tasks to queue
[2024-04-28T20:13:16.870-0300] {logging_mixin.py:188} INFO - [2024-04-28T20:13:16.869-0300] {dagbag.py:540} INFO - Filling up the DagBag from /home/athlon/projects/airflow/.venv/lib/python3.11/site-packages/airflow/example_dags/plugins/listener_plugin.py
[2024-04-28T20:13:16.874-0300] {processor.py:842} WARNING - No viable dags retrieved from /home/athlon/projects/airflow/.venv/lib/python3.11/site-packages/airflow/example_dags/plugins/listener_plugin.py
[2024-04-28T20:13:16.891-0300] {processor.py:183} INFO - Processing /home/athlon/projects/airflow/.venv/lib/python3.11/site-packages/airflow/example_dags/plugins/listener_plugin.py took 0.040 seconds
[2024-04-28T20:14:20.343-0300] {processor.py:161} INFO - Started process (PID=6881) to work on /home/athlon/projects/airflow/.venv/lib/python3.11/site-packages/airflow/example_dags/plugins/listener_plugin.py
[2024-04-28T20:14:20.349-0300] {processor.py:830} INFO - Processing file /home/athlon/projects/airflow/.venv/lib/python3.11/site-packages/airflow/example_dags/plugins/listener_plugin.py for tasks to queue
[2024-04-28T20:14:20.352-0300] {logging_mixin.py:188} INFO - [2024-04-28T20:14:20.351-0300] {dagbag.py:540} INFO - Filling up the DagBag from /home/athlon/projects/airflow/.venv/lib/python3.11/site-packages/airflow/example_dags/plugins/listener_plugin.py
[2024-04-28T20:14:20.357-0300] {processor.py:842} WARNING - No viable dags retrieved from /home/athlon/projects/airflow/.venv/lib/python3.11/site-packages/airflow/example_dags/plugins/listener_plugin.py
[2024-04-28T20:14:20.375-0300] {processor.py:183} INFO - Processing /home/athlon/projects/airflow/.venv/lib/python3.11/site-packages/airflow/example_dags/plugins/listener_plugin.py took 0.044 seconds
[2024-04-28T20:15:25.692-0300] {processor.py:161} INFO - Started process (PID=6967) to work on /home/athlon/projects/airflow/.venv/lib/python3.11/site-packages/airflow/example_dags/plugins/listener_plugin.py
[2024-04-28T20:15:25.698-0300] {processor.py:830} INFO - Processing file /home/athlon/projects/airflow/.venv/lib/python3.11/site-packages/airflow/example_dags/plugins/listener_plugin.py for tasks to queue
[2024-04-28T20:15:25.701-0300] {logging_mixin.py:188} INFO - [2024-04-28T20:15:25.700-0300] {dagbag.py:540} INFO - Filling up the DagBag from /home/athlon/projects/airflow/.venv/lib/python3.11/site-packages/airflow/example_dags/plugins/listener_plugin.py
[2024-04-28T20:15:25.705-0300] {processor.py:842} WARNING - No viable dags retrieved from /home/athlon/projects/airflow/.venv/lib/python3.11/site-packages/airflow/example_dags/plugins/listener_plugin.py
[2024-04-28T20:15:25.722-0300] {processor.py:183} INFO - Processing /home/athlon/projects/airflow/.venv/lib/python3.11/site-packages/airflow/example_dags/plugins/listener_plugin.py took 0.040 seconds
[2024-04-28T20:16:25.272-0300] {processor.py:161} INFO - Started process (PID=7038) to work on /home/athlon/projects/airflow/.venv/lib/python3.11/site-packages/airflow/example_dags/plugins/listener_plugin.py
[2024-04-28T20:16:25.278-0300] {processor.py:830} INFO - Processing file /home/athlon/projects/airflow/.venv/lib/python3.11/site-packages/airflow/example_dags/plugins/listener_plugin.py for tasks to queue
[2024-04-28T20:16:25.281-0300] {logging_mixin.py:188} INFO - [2024-04-28T20:16:25.280-0300] {dagbag.py:540} INFO - Filling up the DagBag from /home/athlon/projects/airflow/.venv/lib/python3.11/site-packages/airflow/example_dags/plugins/listener_plugin.py
[2024-04-28T20:16:25.285-0300] {processor.py:842} WARNING - No viable dags retrieved from /home/athlon/projects/airflow/.venv/lib/python3.11/site-packages/airflow/example_dags/plugins/listener_plugin.py
[2024-04-28T20:16:25.302-0300] {processor.py:183} INFO - Processing /home/athlon/projects/airflow/.venv/lib/python3.11/site-packages/airflow/example_dags/plugins/listener_plugin.py took 0.040 seconds
[2024-04-28T20:17:28.923-0300] {processor.py:161} INFO - Started process (PID=7121) to work on /home/athlon/projects/airflow/.venv/lib/python3.11/site-packages/airflow/example_dags/plugins/listener_plugin.py
[2024-04-28T20:17:28.929-0300] {processor.py:830} INFO - Processing file /home/athlon/projects/airflow/.venv/lib/python3.11/site-packages/airflow/example_dags/plugins/listener_plugin.py for tasks to queue
[2024-04-28T20:17:28.932-0300] {logging_mixin.py:188} INFO - [2024-04-28T20:17:28.931-0300] {dagbag.py:540} INFO - Filling up the DagBag from /home/athlon/projects/airflow/.venv/lib/python3.11/site-packages/airflow/example_dags/plugins/listener_plugin.py
[2024-04-28T20:17:28.938-0300] {processor.py:842} WARNING - No viable dags retrieved from /home/athlon/projects/airflow/.venv/lib/python3.11/site-packages/airflow/example_dags/plugins/listener_plugin.py
[2024-04-28T20:17:28.959-0300] {processor.py:183} INFO - Processing /home/athlon/projects/airflow/.venv/lib/python3.11/site-packages/airflow/example_dags/plugins/listener_plugin.py took 0.049 seconds
[2024-04-28T20:18:36.153-0300] {processor.py:161} INFO - Started process (PID=7215) to work on /home/athlon/projects/airflow/.venv/lib/python3.11/site-packages/airflow/example_dags/plugins/listener_plugin.py
[2024-04-28T20:18:36.158-0300] {processor.py:830} INFO - Processing file /home/athlon/projects/airflow/.venv/lib/python3.11/site-packages/airflow/example_dags/plugins/listener_plugin.py for tasks to queue
[2024-04-28T20:18:36.161-0300] {logging_mixin.py:188} INFO - [2024-04-28T20:18:36.160-0300] {dagbag.py:540} INFO - Filling up the DagBag from /home/athlon/projects/airflow/.venv/lib/python3.11/site-packages/airflow/example_dags/plugins/listener_plugin.py
[2024-04-28T20:18:36.166-0300] {processor.py:842} WARNING - No viable dags retrieved from /home/athlon/projects/airflow/.venv/lib/python3.11/site-packages/airflow/example_dags/plugins/listener_plugin.py
[2024-04-28T20:18:36.183-0300] {processor.py:183} INFO - Processing /home/athlon/projects/airflow/.venv/lib/python3.11/site-packages/airflow/example_dags/plugins/listener_plugin.py took 0.040 seconds
[2024-04-28T20:19:40.576-0300] {processor.py:161} INFO - Started process (PID=7292) to work on /home/athlon/projects/airflow/.venv/lib/python3.11/site-packages/airflow/example_dags/plugins/listener_plugin.py
[2024-04-28T20:19:40.582-0300] {processor.py:830} INFO - Processing file /home/athlon/projects/airflow/.venv/lib/python3.11/site-packages/airflow/example_dags/plugins/listener_plugin.py for tasks to queue
[2024-04-28T20:19:40.585-0300] {logging_mixin.py:188} INFO - [2024-04-28T20:19:40.584-0300] {dagbag.py:540} INFO - Filling up the DagBag from /home/athlon/projects/airflow/.venv/lib/python3.11/site-packages/airflow/example_dags/plugins/listener_plugin.py
[2024-04-28T20:19:40.589-0300] {processor.py:842} WARNING - No viable dags retrieved from /home/athlon/projects/airflow/.venv/lib/python3.11/site-packages/airflow/example_dags/plugins/listener_plugin.py
[2024-04-28T20:19:40.604-0300] {processor.py:183} INFO - Processing /home/athlon/projects/airflow/.venv/lib/python3.11/site-packages/airflow/example_dags/plugins/listener_plugin.py took 0.039 seconds
[2024-04-28T20:20:39.189-0300] {processor.py:161} INFO - Started process (PID=7363) to work on /home/athlon/projects/airflow/.venv/lib/python3.11/site-packages/airflow/example_dags/plugins/listener_plugin.py
[2024-04-28T20:20:39.194-0300] {processor.py:830} INFO - Processing file /home/athlon/projects/airflow/.venv/lib/python3.11/site-packages/airflow/example_dags/plugins/listener_plugin.py for tasks to queue
[2024-04-28T20:20:39.197-0300] {logging_mixin.py:188} INFO - [2024-04-28T20:20:39.196-0300] {dagbag.py:540} INFO - Filling up the DagBag from /home/athlon/projects/airflow/.venv/lib/python3.11/site-packages/airflow/example_dags/plugins/listener_plugin.py
[2024-04-28T20:20:39.201-0300] {processor.py:842} WARNING - No viable dags retrieved from /home/athlon/projects/airflow/.venv/lib/python3.11/site-packages/airflow/example_dags/plugins/listener_plugin.py
[2024-04-28T20:20:39.218-0300] {processor.py:183} INFO - Processing /home/athlon/projects/airflow/.venv/lib/python3.11/site-packages/airflow/example_dags/plugins/listener_plugin.py took 0.040 seconds
[2024-04-28T20:21:17.343-0300] {processor.py:161} INFO - Started process (PID=7410) to work on /home/athlon/projects/airflow/.venv/lib/python3.11/site-packages/airflow/example_dags/plugins/listener_plugin.py
[2024-04-28T20:21:17.350-0300] {processor.py:830} INFO - Processing file /home/athlon/projects/airflow/.venv/lib/python3.11/site-packages/airflow/example_dags/plugins/listener_plugin.py for tasks to queue
[2024-04-28T20:21:17.352-0300] {logging_mixin.py:188} INFO - [2024-04-28T20:21:17.352-0300] {dagbag.py:540} INFO - Filling up the DagBag from /home/athlon/projects/airflow/.venv/lib/python3.11/site-packages/airflow/example_dags/plugins/listener_plugin.py
[2024-04-28T20:21:17.358-0300] {processor.py:842} WARNING - No viable dags retrieved from /home/athlon/projects/airflow/.venv/lib/python3.11/site-packages/airflow/example_dags/plugins/listener_plugin.py
[2024-04-28T20:21:17.377-0300] {processor.py:183} INFO - Processing /home/athlon/projects/airflow/.venv/lib/python3.11/site-packages/airflow/example_dags/plugins/listener_plugin.py took 0.046 seconds
[2024-04-28T20:22:22.245-0300] {processor.py:161} INFO - Started process (PID=7488) to work on /home/athlon/projects/airflow/.venv/lib/python3.11/site-packages/airflow/example_dags/plugins/listener_plugin.py
[2024-04-28T20:22:22.251-0300] {processor.py:830} INFO - Processing file /home/athlon/projects/airflow/.venv/lib/python3.11/site-packages/airflow/example_dags/plugins/listener_plugin.py for tasks to queue
[2024-04-28T20:22:22.254-0300] {logging_mixin.py:188} INFO - [2024-04-28T20:22:22.253-0300] {dagbag.py:540} INFO - Filling up the DagBag from /home/athlon/projects/airflow/.venv/lib/python3.11/site-packages/airflow/example_dags/plugins/listener_plugin.py
[2024-04-28T20:22:22.258-0300] {processor.py:842} WARNING - No viable dags retrieved from /home/athlon/projects/airflow/.venv/lib/python3.11/site-packages/airflow/example_dags/plugins/listener_plugin.py
[2024-04-28T20:22:22.275-0300] {processor.py:183} INFO - Processing /home/athlon/projects/airflow/.venv/lib/python3.11/site-packages/airflow/example_dags/plugins/listener_plugin.py took 0.040 seconds
[2024-04-28T20:23:32.578-0300] {processor.py:161} INFO - Started process (PID=7569) to work on /home/athlon/projects/airflow/.venv/lib/python3.11/site-packages/airflow/example_dags/plugins/listener_plugin.py
[2024-04-28T20:23:32.584-0300] {processor.py:830} INFO - Processing file /home/athlon/projects/airflow/.venv/lib/python3.11/site-packages/airflow/example_dags/plugins/listener_plugin.py for tasks to queue
[2024-04-28T20:23:32.586-0300] {logging_mixin.py:188} INFO - [2024-04-28T20:23:32.586-0300] {dagbag.py:540} INFO - Filling up the DagBag from /home/athlon/projects/airflow/.venv/lib/python3.11/site-packages/airflow/example_dags/plugins/listener_plugin.py
[2024-04-28T20:23:32.591-0300] {processor.py:842} WARNING - No viable dags retrieved from /home/athlon/projects/airflow/.venv/lib/python3.11/site-packages/airflow/example_dags/plugins/listener_plugin.py
[2024-04-28T20:23:32.608-0300] {processor.py:183} INFO - Processing /home/athlon/projects/airflow/.venv/lib/python3.11/site-packages/airflow/example_dags/plugins/listener_plugin.py took 0.040 seconds
[2024-04-28T20:24:34.457-0300] {processor.py:161} INFO - Started process (PID=7644) to work on /home/athlon/projects/airflow/.venv/lib/python3.11/site-packages/airflow/example_dags/plugins/listener_plugin.py
[2024-04-28T20:24:34.463-0300] {processor.py:830} INFO - Processing file /home/athlon/projects/airflow/.venv/lib/python3.11/site-packages/airflow/example_dags/plugins/listener_plugin.py for tasks to queue
[2024-04-28T20:24:34.466-0300] {logging_mixin.py:188} INFO - [2024-04-28T20:24:34.465-0300] {dagbag.py:540} INFO - Filling up the DagBag from /home/athlon/projects/airflow/.venv/lib/python3.11/site-packages/airflow/example_dags/plugins/listener_plugin.py
[2024-04-28T20:24:34.470-0300] {processor.py:842} WARNING - No viable dags retrieved from /home/athlon/projects/airflow/.venv/lib/python3.11/site-packages/airflow/example_dags/plugins/listener_plugin.py
[2024-04-28T20:24:34.487-0300] {processor.py:183} INFO - Processing /home/athlon/projects/airflow/.venv/lib/python3.11/site-packages/airflow/example_dags/plugins/listener_plugin.py took 0.040 seconds
[2024-04-28T20:25:40.022-0300] {processor.py:161} INFO - Started process (PID=7721) to work on /home/athlon/projects/airflow/.venv/lib/python3.11/site-packages/airflow/example_dags/plugins/listener_plugin.py
[2024-04-28T20:25:40.028-0300] {processor.py:830} INFO - Processing file /home/athlon/projects/airflow/.venv/lib/python3.11/site-packages/airflow/example_dags/plugins/listener_plugin.py for tasks to queue
[2024-04-28T20:25:40.031-0300] {logging_mixin.py:188} INFO - [2024-04-28T20:25:40.030-0300] {dagbag.py:540} INFO - Filling up the DagBag from /home/athlon/projects/airflow/.venv/lib/python3.11/site-packages/airflow/example_dags/plugins/listener_plugin.py
[2024-04-28T20:25:40.035-0300] {processor.py:842} WARNING - No viable dags retrieved from /home/athlon/projects/airflow/.venv/lib/python3.11/site-packages/airflow/example_dags/plugins/listener_plugin.py
[2024-04-28T20:25:40.053-0300] {processor.py:183} INFO - Processing /home/athlon/projects/airflow/.venv/lib/python3.11/site-packages/airflow/example_dags/plugins/listener_plugin.py took 0.041 seconds
[2024-04-28T20:26:41.633-0300] {processor.py:161} INFO - Started process (PID=7798) to work on /home/athlon/projects/airflow/.venv/lib/python3.11/site-packages/airflow/example_dags/plugins/listener_plugin.py
[2024-04-28T20:26:41.635-0300] {processor.py:830} INFO - Processing file /home/athlon/projects/airflow/.venv/lib/python3.11/site-packages/airflow/example_dags/plugins/listener_plugin.py for tasks to queue
[2024-04-28T20:26:41.637-0300] {logging_mixin.py:188} INFO - [2024-04-28T20:26:41.637-0300] {dagbag.py:540} INFO - Filling up the DagBag from /home/athlon/projects/airflow/.venv/lib/python3.11/site-packages/airflow/example_dags/plugins/listener_plugin.py
[2024-04-28T20:26:41.642-0300] {processor.py:842} WARNING - No viable dags retrieved from /home/athlon/projects/airflow/.venv/lib/python3.11/site-packages/airflow/example_dags/plugins/listener_plugin.py
[2024-04-28T20:26:41.658-0300] {processor.py:183} INFO - Processing /home/athlon/projects/airflow/.venv/lib/python3.11/site-packages/airflow/example_dags/plugins/listener_plugin.py took 0.035 seconds
[2024-04-28T20:27:47.323-0300] {processor.py:161} INFO - Started process (PID=7879) to work on /home/athlon/projects/airflow/.venv/lib/python3.11/site-packages/airflow/example_dags/plugins/listener_plugin.py
[2024-04-28T20:27:47.329-0300] {processor.py:830} INFO - Processing file /home/athlon/projects/airflow/.venv/lib/python3.11/site-packages/airflow/example_dags/plugins/listener_plugin.py for tasks to queue
[2024-04-28T20:27:47.332-0300] {logging_mixin.py:188} INFO - [2024-04-28T20:27:47.331-0300] {dagbag.py:540} INFO - Filling up the DagBag from /home/athlon/projects/airflow/.venv/lib/python3.11/site-packages/airflow/example_dags/plugins/listener_plugin.py
[2024-04-28T20:27:47.337-0300] {processor.py:842} WARNING - No viable dags retrieved from /home/athlon/projects/airflow/.venv/lib/python3.11/site-packages/airflow/example_dags/plugins/listener_plugin.py
[2024-04-28T20:27:47.360-0300] {processor.py:183} INFO - Processing /home/athlon/projects/airflow/.venv/lib/python3.11/site-packages/airflow/example_dags/plugins/listener_plugin.py took 0.047 seconds
[2024-04-28T20:28:52.860-0300] {processor.py:161} INFO - Started process (PID=7957) to work on /home/athlon/projects/airflow/.venv/lib/python3.11/site-packages/airflow/example_dags/plugins/listener_plugin.py
[2024-04-28T20:28:52.865-0300] {processor.py:830} INFO - Processing file /home/athlon/projects/airflow/.venv/lib/python3.11/site-packages/airflow/example_dags/plugins/listener_plugin.py for tasks to queue
[2024-04-28T20:28:52.868-0300] {logging_mixin.py:188} INFO - [2024-04-28T20:28:52.868-0300] {dagbag.py:540} INFO - Filling up the DagBag from /home/athlon/projects/airflow/.venv/lib/python3.11/site-packages/airflow/example_dags/plugins/listener_plugin.py
[2024-04-28T20:28:52.872-0300] {processor.py:842} WARNING - No viable dags retrieved from /home/athlon/projects/airflow/.venv/lib/python3.11/site-packages/airflow/example_dags/plugins/listener_plugin.py
[2024-04-28T20:28:52.890-0300] {processor.py:183} INFO - Processing /home/athlon/projects/airflow/.venv/lib/python3.11/site-packages/airflow/example_dags/plugins/listener_plugin.py took 0.041 seconds
[2024-04-28T20:29:54.601-0300] {processor.py:161} INFO - Started process (PID=8029) to work on /home/athlon/projects/airflow/.venv/lib/python3.11/site-packages/airflow/example_dags/plugins/listener_plugin.py
[2024-04-28T20:29:54.606-0300] {processor.py:830} INFO - Processing file /home/athlon/projects/airflow/.venv/lib/python3.11/site-packages/airflow/example_dags/plugins/listener_plugin.py for tasks to queue
[2024-04-28T20:29:54.609-0300] {logging_mixin.py:188} INFO - [2024-04-28T20:29:54.608-0300] {dagbag.py:540} INFO - Filling up the DagBag from /home/athlon/projects/airflow/.venv/lib/python3.11/site-packages/airflow/example_dags/plugins/listener_plugin.py
[2024-04-28T20:29:54.612-0300] {processor.py:842} WARNING - No viable dags retrieved from /home/athlon/projects/airflow/.venv/lib/python3.11/site-packages/airflow/example_dags/plugins/listener_plugin.py
[2024-04-28T20:29:54.627-0300] {processor.py:183} INFO - Processing /home/athlon/projects/airflow/.venv/lib/python3.11/site-packages/airflow/example_dags/plugins/listener_plugin.py took 0.034 seconds
[2024-04-28T20:30:58.425-0300] {processor.py:161} INFO - Started process (PID=8119) to work on /home/athlon/projects/airflow/.venv/lib/python3.11/site-packages/airflow/example_dags/plugins/listener_plugin.py
[2024-04-28T20:30:58.431-0300] {processor.py:830} INFO - Processing file /home/athlon/projects/airflow/.venv/lib/python3.11/site-packages/airflow/example_dags/plugins/listener_plugin.py for tasks to queue
[2024-04-28T20:30:58.434-0300] {logging_mixin.py:188} INFO - [2024-04-28T20:30:58.433-0300] {dagbag.py:540} INFO - Filling up the DagBag from /home/athlon/projects/airflow/.venv/lib/python3.11/site-packages/airflow/example_dags/plugins/listener_plugin.py
[2024-04-28T20:30:58.438-0300] {processor.py:842} WARNING - No viable dags retrieved from /home/athlon/projects/airflow/.venv/lib/python3.11/site-packages/airflow/example_dags/plugins/listener_plugin.py
[2024-04-28T20:30:58.455-0300] {processor.py:183} INFO - Processing /home/athlon/projects/airflow/.venv/lib/python3.11/site-packages/airflow/example_dags/plugins/listener_plugin.py took 0.040 seconds
[2024-04-28T20:32:01.428-0300] {processor.py:161} INFO - Started process (PID=8197) to work on /home/athlon/projects/airflow/.venv/lib/python3.11/site-packages/airflow/example_dags/plugins/listener_plugin.py
[2024-04-28T20:32:01.434-0300] {processor.py:830} INFO - Processing file /home/athlon/projects/airflow/.venv/lib/python3.11/site-packages/airflow/example_dags/plugins/listener_plugin.py for tasks to queue
[2024-04-28T20:32:01.437-0300] {logging_mixin.py:188} INFO - [2024-04-28T20:32:01.436-0300] {dagbag.py:540} INFO - Filling up the DagBag from /home/athlon/projects/airflow/.venv/lib/python3.11/site-packages/airflow/example_dags/plugins/listener_plugin.py
[2024-04-28T20:32:01.441-0300] {processor.py:842} WARNING - No viable dags retrieved from /home/athlon/projects/airflow/.venv/lib/python3.11/site-packages/airflow/example_dags/plugins/listener_plugin.py
[2024-04-28T20:32:01.458-0300] {processor.py:183} INFO - Processing /home/athlon/projects/airflow/.venv/lib/python3.11/site-packages/airflow/example_dags/plugins/listener_plugin.py took 0.040 seconds
[2024-04-28T20:33:07.369-0300] {processor.py:161} INFO - Started process (PID=8278) to work on /home/athlon/projects/airflow/.venv/lib/python3.11/site-packages/airflow/example_dags/plugins/listener_plugin.py
[2024-04-28T20:33:07.375-0300] {processor.py:830} INFO - Processing file /home/athlon/projects/airflow/.venv/lib/python3.11/site-packages/airflow/example_dags/plugins/listener_plugin.py for tasks to queue
[2024-04-28T20:33:07.377-0300] {logging_mixin.py:188} INFO - [2024-04-28T20:33:07.376-0300] {dagbag.py:540} INFO - Filling up the DagBag from /home/athlon/projects/airflow/.venv/lib/python3.11/site-packages/airflow/example_dags/plugins/listener_plugin.py
[2024-04-28T20:33:07.380-0300] {processor.py:842} WARNING - No viable dags retrieved from /home/athlon/projects/airflow/.venv/lib/python3.11/site-packages/airflow/example_dags/plugins/listener_plugin.py
[2024-04-28T20:33:07.395-0300] {processor.py:183} INFO - Processing /home/athlon/projects/airflow/.venv/lib/python3.11/site-packages/airflow/example_dags/plugins/listener_plugin.py took 0.037 seconds
[2024-04-28T20:34:11.374-0300] {processor.py:161} INFO - Started process (PID=8355) to work on /home/athlon/projects/airflow/.venv/lib/python3.11/site-packages/airflow/example_dags/plugins/listener_plugin.py
[2024-04-28T20:34:11.380-0300] {processor.py:830} INFO - Processing file /home/athlon/projects/airflow/.venv/lib/python3.11/site-packages/airflow/example_dags/plugins/listener_plugin.py for tasks to queue
[2024-04-28T20:34:11.383-0300] {logging_mixin.py:188} INFO - [2024-04-28T20:34:11.382-0300] {dagbag.py:540} INFO - Filling up the DagBag from /home/athlon/projects/airflow/.venv/lib/python3.11/site-packages/airflow/example_dags/plugins/listener_plugin.py
[2024-04-28T20:34:11.387-0300] {processor.py:842} WARNING - No viable dags retrieved from /home/athlon/projects/airflow/.venv/lib/python3.11/site-packages/airflow/example_dags/plugins/listener_plugin.py
[2024-04-28T20:34:11.404-0300] {processor.py:183} INFO - Processing /home/athlon/projects/airflow/.venv/lib/python3.11/site-packages/airflow/example_dags/plugins/listener_plugin.py took 0.040 seconds
[2024-04-28T20:35:13.846-0300] {processor.py:161} INFO - Started process (PID=8430) to work on /home/athlon/projects/airflow/.venv/lib/python3.11/site-packages/airflow/example_dags/plugins/listener_plugin.py
[2024-04-28T20:35:13.852-0300] {processor.py:830} INFO - Processing file /home/athlon/projects/airflow/.venv/lib/python3.11/site-packages/airflow/example_dags/plugins/listener_plugin.py for tasks to queue
[2024-04-28T20:35:13.855-0300] {logging_mixin.py:188} INFO - [2024-04-28T20:35:13.854-0300] {dagbag.py:540} INFO - Filling up the DagBag from /home/athlon/projects/airflow/.venv/lib/python3.11/site-packages/airflow/example_dags/plugins/listener_plugin.py
[2024-04-28T20:35:13.859-0300] {processor.py:842} WARNING - No viable dags retrieved from /home/athlon/projects/airflow/.venv/lib/python3.11/site-packages/airflow/example_dags/plugins/listener_plugin.py
[2024-04-28T20:35:13.876-0300] {processor.py:183} INFO - Processing /home/athlon/projects/airflow/.venv/lib/python3.11/site-packages/airflow/example_dags/plugins/listener_plugin.py took 0.041 seconds
[2024-04-28T20:36:17.236-0300] {processor.py:161} INFO - Started process (PID=8509) to work on /home/athlon/projects/airflow/.venv/lib/python3.11/site-packages/airflow/example_dags/plugins/listener_plugin.py
[2024-04-28T20:36:17.242-0300] {processor.py:830} INFO - Processing file /home/athlon/projects/airflow/.venv/lib/python3.11/site-packages/airflow/example_dags/plugins/listener_plugin.py for tasks to queue
[2024-04-28T20:36:17.244-0300] {logging_mixin.py:188} INFO - [2024-04-28T20:36:17.244-0300] {dagbag.py:540} INFO - Filling up the DagBag from /home/athlon/projects/airflow/.venv/lib/python3.11/site-packages/airflow/example_dags/plugins/listener_plugin.py
[2024-04-28T20:36:17.249-0300] {processor.py:842} WARNING - No viable dags retrieved from /home/athlon/projects/airflow/.venv/lib/python3.11/site-packages/airflow/example_dags/plugins/listener_plugin.py
[2024-04-28T20:36:17.266-0300] {processor.py:183} INFO - Processing /home/athlon/projects/airflow/.venv/lib/python3.11/site-packages/airflow/example_dags/plugins/listener_plugin.py took 0.041 seconds
[2024-04-28T20:37:20.109-0300] {processor.py:161} INFO - Started process (PID=8583) to work on /home/athlon/projects/airflow/.venv/lib/python3.11/site-packages/airflow/example_dags/plugins/listener_plugin.py
[2024-04-28T20:37:20.115-0300] {processor.py:830} INFO - Processing file /home/athlon/projects/airflow/.venv/lib/python3.11/site-packages/airflow/example_dags/plugins/listener_plugin.py for tasks to queue
[2024-04-28T20:37:20.117-0300] {logging_mixin.py:188} INFO - [2024-04-28T20:37:20.117-0300] {dagbag.py:540} INFO - Filling up the DagBag from /home/athlon/projects/airflow/.venv/lib/python3.11/site-packages/airflow/example_dags/plugins/listener_plugin.py
[2024-04-28T20:37:20.122-0300] {processor.py:842} WARNING - No viable dags retrieved from /home/athlon/projects/airflow/.venv/lib/python3.11/site-packages/airflow/example_dags/plugins/listener_plugin.py
[2024-04-28T20:37:20.139-0300] {processor.py:183} INFO - Processing /home/athlon/projects/airflow/.venv/lib/python3.11/site-packages/airflow/example_dags/plugins/listener_plugin.py took 0.041 seconds
[2024-04-28T20:38:25.355-0300] {processor.py:161} INFO - Started process (PID=8660) to work on /home/athlon/projects/airflow/.venv/lib/python3.11/site-packages/airflow/example_dags/plugins/listener_plugin.py
[2024-04-28T20:38:25.362-0300] {processor.py:830} INFO - Processing file /home/athlon/projects/airflow/.venv/lib/python3.11/site-packages/airflow/example_dags/plugins/listener_plugin.py for tasks to queue
[2024-04-28T20:38:25.365-0300] {logging_mixin.py:188} INFO - [2024-04-28T20:38:25.364-0300] {dagbag.py:540} INFO - Filling up the DagBag from /home/athlon/projects/airflow/.venv/lib/python3.11/site-packages/airflow/example_dags/plugins/listener_plugin.py
[2024-04-28T20:38:25.368-0300] {processor.py:842} WARNING - No viable dags retrieved from /home/athlon/projects/airflow/.venv/lib/python3.11/site-packages/airflow/example_dags/plugins/listener_plugin.py
[2024-04-28T20:38:25.383-0300] {processor.py:183} INFO - Processing /home/athlon/projects/airflow/.venv/lib/python3.11/site-packages/airflow/example_dags/plugins/listener_plugin.py took 0.040 seconds
[2024-04-28T20:39:25.720-0300] {processor.py:161} INFO - Started process (PID=8764) to work on /home/athlon/projects/airflow/.venv/lib/python3.11/site-packages/airflow/example_dags/plugins/listener_plugin.py
[2024-04-28T20:39:25.726-0300] {processor.py:830} INFO - Processing file /home/athlon/projects/airflow/.venv/lib/python3.11/site-packages/airflow/example_dags/plugins/listener_plugin.py for tasks to queue
[2024-04-28T20:39:25.728-0300] {logging_mixin.py:188} INFO - [2024-04-28T20:39:25.728-0300] {dagbag.py:540} INFO - Filling up the DagBag from /home/athlon/projects/airflow/.venv/lib/python3.11/site-packages/airflow/example_dags/plugins/listener_plugin.py
[2024-04-28T20:39:25.732-0300] {processor.py:842} WARNING - No viable dags retrieved from /home/athlon/projects/airflow/.venv/lib/python3.11/site-packages/airflow/example_dags/plugins/listener_plugin.py
[2024-04-28T20:39:25.749-0300] {processor.py:183} INFO - Processing /home/athlon/projects/airflow/.venv/lib/python3.11/site-packages/airflow/example_dags/plugins/listener_plugin.py took 0.040 seconds
[2024-04-28T20:40:27.020-0300] {processor.py:161} INFO - Started process (PID=8839) to work on /home/athlon/projects/airflow/.venv/lib/python3.11/site-packages/airflow/example_dags/plugins/listener_plugin.py
[2024-04-28T20:40:27.026-0300] {processor.py:830} INFO - Processing file /home/athlon/projects/airflow/.venv/lib/python3.11/site-packages/airflow/example_dags/plugins/listener_plugin.py for tasks to queue
[2024-04-28T20:40:27.029-0300] {logging_mixin.py:188} INFO - [2024-04-28T20:40:27.029-0300] {dagbag.py:540} INFO - Filling up the DagBag from /home/athlon/projects/airflow/.venv/lib/python3.11/site-packages/airflow/example_dags/plugins/listener_plugin.py
[2024-04-28T20:40:27.033-0300] {processor.py:842} WARNING - No viable dags retrieved from /home/athlon/projects/airflow/.venv/lib/python3.11/site-packages/airflow/example_dags/plugins/listener_plugin.py
[2024-04-28T20:40:27.051-0300] {processor.py:183} INFO - Processing /home/athlon/projects/airflow/.venv/lib/python3.11/site-packages/airflow/example_dags/plugins/listener_plugin.py took 0.041 seconds
[2024-04-28T20:41:27.929-0300] {processor.py:161} INFO - Started process (PID=8914) to work on /home/athlon/projects/airflow/.venv/lib/python3.11/site-packages/airflow/example_dags/plugins/listener_plugin.py
[2024-04-28T20:41:27.934-0300] {processor.py:830} INFO - Processing file /home/athlon/projects/airflow/.venv/lib/python3.11/site-packages/airflow/example_dags/plugins/listener_plugin.py for tasks to queue
[2024-04-28T20:41:27.937-0300] {logging_mixin.py:188} INFO - [2024-04-28T20:41:27.936-0300] {dagbag.py:540} INFO - Filling up the DagBag from /home/athlon/projects/airflow/.venv/lib/python3.11/site-packages/airflow/example_dags/plugins/listener_plugin.py
[2024-04-28T20:41:27.940-0300] {processor.py:842} WARNING - No viable dags retrieved from /home/athlon/projects/airflow/.venv/lib/python3.11/site-packages/airflow/example_dags/plugins/listener_plugin.py
[2024-04-28T20:41:27.954-0300] {processor.py:183} INFO - Processing /home/athlon/projects/airflow/.venv/lib/python3.11/site-packages/airflow/example_dags/plugins/listener_plugin.py took 0.034 seconds
[2024-04-28T20:42:32.204-0300] {processor.py:161} INFO - Started process (PID=9030) to work on /home/athlon/projects/airflow/.venv/lib/python3.11/site-packages/airflow/example_dags/plugins/listener_plugin.py
[2024-04-28T20:42:32.210-0300] {processor.py:830} INFO - Processing file /home/athlon/projects/airflow/.venv/lib/python3.11/site-packages/airflow/example_dags/plugins/listener_plugin.py for tasks to queue
[2024-04-28T20:42:32.212-0300] {logging_mixin.py:188} INFO - [2024-04-28T20:42:32.212-0300] {dagbag.py:540} INFO - Filling up the DagBag from /home/athlon/projects/airflow/.venv/lib/python3.11/site-packages/airflow/example_dags/plugins/listener_plugin.py
[2024-04-28T20:42:32.216-0300] {processor.py:842} WARNING - No viable dags retrieved from /home/athlon/projects/airflow/.venv/lib/python3.11/site-packages/airflow/example_dags/plugins/listener_plugin.py
[2024-04-28T20:42:32.233-0300] {processor.py:183} INFO - Processing /home/athlon/projects/airflow/.venv/lib/python3.11/site-packages/airflow/example_dags/plugins/listener_plugin.py took 0.039 seconds
[2024-04-28T20:43:36.954-0300] {processor.py:161} INFO - Started process (PID=9146) to work on /home/athlon/projects/airflow/.venv/lib/python3.11/site-packages/airflow/example_dags/plugins/listener_plugin.py
[2024-04-28T20:43:36.956-0300] {processor.py:830} INFO - Processing file /home/athlon/projects/airflow/.venv/lib/python3.11/site-packages/airflow/example_dags/plugins/listener_plugin.py for tasks to queue
[2024-04-28T20:43:36.964-0300] {logging_mixin.py:188} INFO - [2024-04-28T20:43:36.961-0300] {dagbag.py:540} INFO - Filling up the DagBag from /home/athlon/projects/airflow/.venv/lib/python3.11/site-packages/airflow/example_dags/plugins/listener_plugin.py
[2024-04-28T20:43:36.974-0300] {processor.py:842} WARNING - No viable dags retrieved from /home/athlon/projects/airflow/.venv/lib/python3.11/site-packages/airflow/example_dags/plugins/listener_plugin.py
[2024-04-28T20:43:36.997-0300] {processor.py:183} INFO - Processing /home/athlon/projects/airflow/.venv/lib/python3.11/site-packages/airflow/example_dags/plugins/listener_plugin.py took 0.058 seconds
[2024-04-28T20:44:42.476-0300] {processor.py:161} INFO - Started process (PID=9298) to work on /home/athlon/projects/airflow/.venv/lib/python3.11/site-packages/airflow/example_dags/plugins/listener_plugin.py
[2024-04-28T20:44:42.482-0300] {processor.py:830} INFO - Processing file /home/athlon/projects/airflow/.venv/lib/python3.11/site-packages/airflow/example_dags/plugins/listener_plugin.py for tasks to queue
[2024-04-28T20:44:42.485-0300] {logging_mixin.py:188} INFO - [2024-04-28T20:44:42.484-0300] {dagbag.py:540} INFO - Filling up the DagBag from /home/athlon/projects/airflow/.venv/lib/python3.11/site-packages/airflow/example_dags/plugins/listener_plugin.py
[2024-04-28T20:44:42.489-0300] {processor.py:842} WARNING - No viable dags retrieved from /home/athlon/projects/airflow/.venv/lib/python3.11/site-packages/airflow/example_dags/plugins/listener_plugin.py
[2024-04-28T20:44:42.507-0300] {processor.py:183} INFO - Processing /home/athlon/projects/airflow/.venv/lib/python3.11/site-packages/airflow/example_dags/plugins/listener_plugin.py took 0.042 seconds
[2024-04-28T20:45:49.737-0300] {processor.py:161} INFO - Started process (PID=9404) to work on /home/athlon/projects/airflow/.venv/lib/python3.11/site-packages/airflow/example_dags/plugins/listener_plugin.py
[2024-04-28T20:45:49.743-0300] {processor.py:830} INFO - Processing file /home/athlon/projects/airflow/.venv/lib/python3.11/site-packages/airflow/example_dags/plugins/listener_plugin.py for tasks to queue
[2024-04-28T20:45:49.746-0300] {logging_mixin.py:188} INFO - [2024-04-28T20:45:49.745-0300] {dagbag.py:540} INFO - Filling up the DagBag from /home/athlon/projects/airflow/.venv/lib/python3.11/site-packages/airflow/example_dags/plugins/listener_plugin.py
[2024-04-28T20:45:49.750-0300] {processor.py:842} WARNING - No viable dags retrieved from /home/athlon/projects/airflow/.venv/lib/python3.11/site-packages/airflow/example_dags/plugins/listener_plugin.py
[2024-04-28T20:45:49.768-0300] {processor.py:183} INFO - Processing /home/athlon/projects/airflow/.venv/lib/python3.11/site-packages/airflow/example_dags/plugins/listener_plugin.py took 0.043 seconds
[2024-04-28T20:46:49.094-0300] {processor.py:161} INFO - Started process (PID=9491) to work on /home/athlon/projects/airflow/.venv/lib/python3.11/site-packages/airflow/example_dags/plugins/listener_plugin.py
[2024-04-28T20:46:49.100-0300] {processor.py:830} INFO - Processing file /home/athlon/projects/airflow/.venv/lib/python3.11/site-packages/airflow/example_dags/plugins/listener_plugin.py for tasks to queue
[2024-04-28T20:46:49.103-0300] {logging_mixin.py:188} INFO - [2024-04-28T20:46:49.102-0300] {dagbag.py:540} INFO - Filling up the DagBag from /home/athlon/projects/airflow/.venv/lib/python3.11/site-packages/airflow/example_dags/plugins/listener_plugin.py
[2024-04-28T20:46:49.108-0300] {processor.py:842} WARNING - No viable dags retrieved from /home/athlon/projects/airflow/.venv/lib/python3.11/site-packages/airflow/example_dags/plugins/listener_plugin.py
[2024-04-28T20:46:49.125-0300] {processor.py:183} INFO - Processing /home/athlon/projects/airflow/.venv/lib/python3.11/site-packages/airflow/example_dags/plugins/listener_plugin.py took 0.043 seconds
[2024-04-28T20:47:47.201-0300] {processor.py:161} INFO - Started process (PID=9640) to work on /home/athlon/projects/airflow/.venv/lib/python3.11/site-packages/airflow/example_dags/plugins/listener_plugin.py
[2024-04-28T20:47:47.203-0300] {processor.py:830} INFO - Processing file /home/athlon/projects/airflow/.venv/lib/python3.11/site-packages/airflow/example_dags/plugins/listener_plugin.py for tasks to queue
[2024-04-28T20:47:47.205-0300] {logging_mixin.py:188} INFO - [2024-04-28T20:47:47.205-0300] {dagbag.py:540} INFO - Filling up the DagBag from /home/athlon/projects/airflow/.venv/lib/python3.11/site-packages/airflow/example_dags/plugins/listener_plugin.py
[2024-04-28T20:47:47.209-0300] {processor.py:842} WARNING - No viable dags retrieved from /home/athlon/projects/airflow/.venv/lib/python3.11/site-packages/airflow/example_dags/plugins/listener_plugin.py
[2024-04-28T20:47:47.223-0300] {processor.py:183} INFO - Processing /home/athlon/projects/airflow/.venv/lib/python3.11/site-packages/airflow/example_dags/plugins/listener_plugin.py took 0.031 seconds
[2024-04-28T20:48:25.927-0300] {processor.py:161} INFO - Started process (PID=9708) to work on /home/athlon/projects/airflow/.venv/lib/python3.11/site-packages/airflow/example_dags/plugins/listener_plugin.py
[2024-04-28T20:48:25.929-0300] {processor.py:830} INFO - Processing file /home/athlon/projects/airflow/.venv/lib/python3.11/site-packages/airflow/example_dags/plugins/listener_plugin.py for tasks to queue
[2024-04-28T20:48:25.931-0300] {logging_mixin.py:188} INFO - [2024-04-28T20:48:25.931-0300] {dagbag.py:540} INFO - Filling up the DagBag from /home/athlon/projects/airflow/.venv/lib/python3.11/site-packages/airflow/example_dags/plugins/listener_plugin.py
[2024-04-28T20:48:25.935-0300] {processor.py:842} WARNING - No viable dags retrieved from /home/athlon/projects/airflow/.venv/lib/python3.11/site-packages/airflow/example_dags/plugins/listener_plugin.py
[2024-04-28T20:48:25.951-0300] {processor.py:183} INFO - Processing /home/athlon/projects/airflow/.venv/lib/python3.11/site-packages/airflow/example_dags/plugins/listener_plugin.py took 0.033 seconds
[2024-04-28T20:49:29.145-0300] {processor.py:161} INFO - Started process (PID=9782) to work on /home/athlon/projects/airflow/.venv/lib/python3.11/site-packages/airflow/example_dags/plugins/listener_plugin.py
[2024-04-28T20:49:29.148-0300] {processor.py:830} INFO - Processing file /home/athlon/projects/airflow/.venv/lib/python3.11/site-packages/airflow/example_dags/plugins/listener_plugin.py for tasks to queue
[2024-04-28T20:49:29.152-0300] {logging_mixin.py:188} INFO - [2024-04-28T20:49:29.151-0300] {dagbag.py:540} INFO - Filling up the DagBag from /home/athlon/projects/airflow/.venv/lib/python3.11/site-packages/airflow/example_dags/plugins/listener_plugin.py
[2024-04-28T20:49:29.159-0300] {processor.py:842} WARNING - No viable dags retrieved from /home/athlon/projects/airflow/.venv/lib/python3.11/site-packages/airflow/example_dags/plugins/listener_plugin.py
[2024-04-28T20:49:29.184-0300] {processor.py:183} INFO - Processing /home/athlon/projects/airflow/.venv/lib/python3.11/site-packages/airflow/example_dags/plugins/listener_plugin.py took 0.053 seconds
[2024-04-28T20:50:36.590-0300] {processor.py:161} INFO - Started process (PID=9869) to work on /home/athlon/projects/airflow/.venv/lib/python3.11/site-packages/airflow/example_dags/plugins/listener_plugin.py
[2024-04-28T20:50:36.596-0300] {processor.py:830} INFO - Processing file /home/athlon/projects/airflow/.venv/lib/python3.11/site-packages/airflow/example_dags/plugins/listener_plugin.py for tasks to queue
[2024-04-28T20:50:36.600-0300] {logging_mixin.py:188} INFO - [2024-04-28T20:50:36.599-0300] {dagbag.py:540} INFO - Filling up the DagBag from /home/athlon/projects/airflow/.venv/lib/python3.11/site-packages/airflow/example_dags/plugins/listener_plugin.py
[2024-04-28T20:50:36.605-0300] {processor.py:842} WARNING - No viable dags retrieved from /home/athlon/projects/airflow/.venv/lib/python3.11/site-packages/airflow/example_dags/plugins/listener_plugin.py
[2024-04-28T20:50:36.623-0300] {processor.py:183} INFO - Processing /home/athlon/projects/airflow/.venv/lib/python3.11/site-packages/airflow/example_dags/plugins/listener_plugin.py took 0.045 seconds
[2024-04-28T20:51:16.885-0300] {processor.py:161} INFO - Started process (PID=9951) to work on /home/athlon/projects/airflow/.venv/lib/python3.11/site-packages/airflow/example_dags/plugins/listener_plugin.py
[2024-04-28T20:51:16.887-0300] {processor.py:830} INFO - Processing file /home/athlon/projects/airflow/.venv/lib/python3.11/site-packages/airflow/example_dags/plugins/listener_plugin.py for tasks to queue
[2024-04-28T20:51:16.892-0300] {logging_mixin.py:188} INFO - [2024-04-28T20:51:16.891-0300] {dagbag.py:540} INFO - Filling up the DagBag from /home/athlon/projects/airflow/.venv/lib/python3.11/site-packages/airflow/example_dags/plugins/listener_plugin.py
[2024-04-28T20:51:16.897-0300] {processor.py:842} WARNING - No viable dags retrieved from /home/athlon/projects/airflow/.venv/lib/python3.11/site-packages/airflow/example_dags/plugins/listener_plugin.py
[2024-04-28T20:51:16.929-0300] {processor.py:183} INFO - Processing /home/athlon/projects/airflow/.venv/lib/python3.11/site-packages/airflow/example_dags/plugins/listener_plugin.py took 0.056 seconds
[2024-04-28T20:51:53.923-0300] {processor.py:161} INFO - Started process (PID=9994) to work on /home/athlon/projects/airflow/.venv/lib/python3.11/site-packages/airflow/example_dags/plugins/listener_plugin.py
[2024-04-28T20:51:53.929-0300] {processor.py:830} INFO - Processing file /home/athlon/projects/airflow/.venv/lib/python3.11/site-packages/airflow/example_dags/plugins/listener_plugin.py for tasks to queue
[2024-04-28T20:51:53.932-0300] {logging_mixin.py:188} INFO - [2024-04-28T20:51:53.931-0300] {dagbag.py:540} INFO - Filling up the DagBag from /home/athlon/projects/airflow/.venv/lib/python3.11/site-packages/airflow/example_dags/plugins/listener_plugin.py
[2024-04-28T20:51:53.937-0300] {processor.py:842} WARNING - No viable dags retrieved from /home/athlon/projects/airflow/.venv/lib/python3.11/site-packages/airflow/example_dags/plugins/listener_plugin.py
[2024-04-28T20:51:53.953-0300] {processor.py:183} INFO - Processing /home/athlon/projects/airflow/.venv/lib/python3.11/site-packages/airflow/example_dags/plugins/listener_plugin.py took 0.042 seconds
[2024-04-28T20:52:50.830-0300] {processor.py:161} INFO - Started process (PID=10056) to work on /home/athlon/projects/airflow/.venv/lib/python3.11/site-packages/airflow/example_dags/plugins/listener_plugin.py
[2024-04-28T20:52:50.832-0300] {processor.py:830} INFO - Processing file /home/athlon/projects/airflow/.venv/lib/python3.11/site-packages/airflow/example_dags/plugins/listener_plugin.py for tasks to queue
[2024-04-28T20:52:50.835-0300] {logging_mixin.py:188} INFO - [2024-04-28T20:52:50.835-0300] {dagbag.py:540} INFO - Filling up the DagBag from /home/athlon/projects/airflow/.venv/lib/python3.11/site-packages/airflow/example_dags/plugins/listener_plugin.py
[2024-04-28T20:52:50.840-0300] {processor.py:842} WARNING - No viable dags retrieved from /home/athlon/projects/airflow/.venv/lib/python3.11/site-packages/airflow/example_dags/plugins/listener_plugin.py
[2024-04-28T20:52:50.858-0300] {processor.py:183} INFO - Processing /home/athlon/projects/airflow/.venv/lib/python3.11/site-packages/airflow/example_dags/plugins/listener_plugin.py took 0.040 seconds
[2024-04-28T20:53:36.324-0300] {processor.py:161} INFO - Started process (PID=10114) to work on /home/athlon/projects/airflow/.venv/lib/python3.11/site-packages/airflow/example_dags/plugins/listener_plugin.py
[2024-04-28T20:53:36.330-0300] {processor.py:830} INFO - Processing file /home/athlon/projects/airflow/.venv/lib/python3.11/site-packages/airflow/example_dags/plugins/listener_plugin.py for tasks to queue
[2024-04-28T20:53:36.334-0300] {logging_mixin.py:188} INFO - [2024-04-28T20:53:36.333-0300] {dagbag.py:540} INFO - Filling up the DagBag from /home/athlon/projects/airflow/.venv/lib/python3.11/site-packages/airflow/example_dags/plugins/listener_plugin.py
[2024-04-28T20:53:36.339-0300] {processor.py:842} WARNING - No viable dags retrieved from /home/athlon/projects/airflow/.venv/lib/python3.11/site-packages/airflow/example_dags/plugins/listener_plugin.py
[2024-04-28T20:53:36.358-0300] {processor.py:183} INFO - Processing /home/athlon/projects/airflow/.venv/lib/python3.11/site-packages/airflow/example_dags/plugins/listener_plugin.py took 0.046 seconds
[2024-04-28T20:54:38.101-0300] {processor.py:161} INFO - Started process (PID=10219) to work on /home/athlon/projects/airflow/.venv/lib/python3.11/site-packages/airflow/example_dags/plugins/listener_plugin.py
[2024-04-28T20:54:38.106-0300] {processor.py:830} INFO - Processing file /home/athlon/projects/airflow/.venv/lib/python3.11/site-packages/airflow/example_dags/plugins/listener_plugin.py for tasks to queue
[2024-04-28T20:54:38.110-0300] {logging_mixin.py:188} INFO - [2024-04-28T20:54:38.109-0300] {dagbag.py:540} INFO - Filling up the DagBag from /home/athlon/projects/airflow/.venv/lib/python3.11/site-packages/airflow/example_dags/plugins/listener_plugin.py
[2024-04-28T20:54:38.114-0300] {processor.py:842} WARNING - No viable dags retrieved from /home/athlon/projects/airflow/.venv/lib/python3.11/site-packages/airflow/example_dags/plugins/listener_plugin.py
[2024-04-28T20:54:38.130-0300] {processor.py:183} INFO - Processing /home/athlon/projects/airflow/.venv/lib/python3.11/site-packages/airflow/example_dags/plugins/listener_plugin.py took 0.041 seconds
[2024-04-28T20:55:47.094-0300] {processor.py:161} INFO - Started process (PID=10307) to work on /home/athlon/projects/airflow/.venv/lib/python3.11/site-packages/airflow/example_dags/plugins/listener_plugin.py
[2024-04-28T20:55:47.095-0300] {processor.py:830} INFO - Processing file /home/athlon/projects/airflow/.venv/lib/python3.11/site-packages/airflow/example_dags/plugins/listener_plugin.py for tasks to queue
[2024-04-28T20:55:47.098-0300] {logging_mixin.py:188} INFO - [2024-04-28T20:55:47.098-0300] {dagbag.py:540} INFO - Filling up the DagBag from /home/athlon/projects/airflow/.venv/lib/python3.11/site-packages/airflow/example_dags/plugins/listener_plugin.py
[2024-04-28T20:55:47.104-0300] {processor.py:842} WARNING - No viable dags retrieved from /home/athlon/projects/airflow/.venv/lib/python3.11/site-packages/airflow/example_dags/plugins/listener_plugin.py
[2024-04-28T20:55:47.121-0300] {processor.py:183} INFO - Processing /home/athlon/projects/airflow/.venv/lib/python3.11/site-packages/airflow/example_dags/plugins/listener_plugin.py took 0.044 seconds
[2024-04-28T20:56:48.149-0300] {processor.py:161} INFO - Started process (PID=10429) to work on /home/athlon/projects/airflow/.venv/lib/python3.11/site-packages/airflow/example_dags/plugins/listener_plugin.py
[2024-04-28T20:56:48.151-0300] {processor.py:830} INFO - Processing file /home/athlon/projects/airflow/.venv/lib/python3.11/site-packages/airflow/example_dags/plugins/listener_plugin.py for tasks to queue
[2024-04-28T20:56:48.160-0300] {logging_mixin.py:188} INFO - [2024-04-28T20:56:48.158-0300] {dagbag.py:540} INFO - Filling up the DagBag from /home/athlon/projects/airflow/.venv/lib/python3.11/site-packages/airflow/example_dags/plugins/listener_plugin.py
[2024-04-28T20:56:48.165-0300] {processor.py:842} WARNING - No viable dags retrieved from /home/athlon/projects/airflow/.venv/lib/python3.11/site-packages/airflow/example_dags/plugins/listener_plugin.py
[2024-04-28T20:56:48.184-0300] {processor.py:183} INFO - Processing /home/athlon/projects/airflow/.venv/lib/python3.11/site-packages/airflow/example_dags/plugins/listener_plugin.py took 0.051 seconds
[2024-04-28T20:57:51.405-0300] {processor.py:161} INFO - Started process (PID=10634) to work on /home/athlon/projects/airflow/.venv/lib/python3.11/site-packages/airflow/example_dags/plugins/listener_plugin.py
[2024-04-28T20:57:51.407-0300] {processor.py:830} INFO - Processing file /home/athlon/projects/airflow/.venv/lib/python3.11/site-packages/airflow/example_dags/plugins/listener_plugin.py for tasks to queue
[2024-04-28T20:57:51.410-0300] {logging_mixin.py:188} INFO - [2024-04-28T20:57:51.409-0300] {dagbag.py:540} INFO - Filling up the DagBag from /home/athlon/projects/airflow/.venv/lib/python3.11/site-packages/airflow/example_dags/plugins/listener_plugin.py
[2024-04-28T20:57:51.415-0300] {processor.py:842} WARNING - No viable dags retrieved from /home/athlon/projects/airflow/.venv/lib/python3.11/site-packages/airflow/example_dags/plugins/listener_plugin.py
[2024-04-28T20:57:51.430-0300] {processor.py:183} INFO - Processing /home/athlon/projects/airflow/.venv/lib/python3.11/site-packages/airflow/example_dags/plugins/listener_plugin.py took 0.035 seconds
[2024-04-28T20:58:59.340-0300] {processor.py:161} INFO - Started process (PID=10711) to work on /home/athlon/projects/airflow/.venv/lib/python3.11/site-packages/airflow/example_dags/plugins/listener_plugin.py
[2024-04-28T20:58:59.346-0300] {processor.py:830} INFO - Processing file /home/athlon/projects/airflow/.venv/lib/python3.11/site-packages/airflow/example_dags/plugins/listener_plugin.py for tasks to queue
[2024-04-28T20:58:59.350-0300] {logging_mixin.py:188} INFO - [2024-04-28T20:58:59.349-0300] {dagbag.py:540} INFO - Filling up the DagBag from /home/athlon/projects/airflow/.venv/lib/python3.11/site-packages/airflow/example_dags/plugins/listener_plugin.py
[2024-04-28T20:58:59.357-0300] {processor.py:842} WARNING - No viable dags retrieved from /home/athlon/projects/airflow/.venv/lib/python3.11/site-packages/airflow/example_dags/plugins/listener_plugin.py
[2024-04-28T20:58:59.382-0300] {processor.py:183} INFO - Processing /home/athlon/projects/airflow/.venv/lib/python3.11/site-packages/airflow/example_dags/plugins/listener_plugin.py took 0.057 seconds
[2024-04-28T20:59:42.082-0300] {processor.py:161} INFO - Started process (PID=10798) to work on /home/athlon/projects/airflow/.venv/lib/python3.11/site-packages/airflow/example_dags/plugins/listener_plugin.py
[2024-04-28T20:59:42.088-0300] {processor.py:830} INFO - Processing file /home/athlon/projects/airflow/.venv/lib/python3.11/site-packages/airflow/example_dags/plugins/listener_plugin.py for tasks to queue
[2024-04-28T20:59:42.091-0300] {logging_mixin.py:188} INFO - [2024-04-28T20:59:42.091-0300] {dagbag.py:540} INFO - Filling up the DagBag from /home/athlon/projects/airflow/.venv/lib/python3.11/site-packages/airflow/example_dags/plugins/listener_plugin.py
[2024-04-28T20:59:42.096-0300] {processor.py:842} WARNING - No viable dags retrieved from /home/athlon/projects/airflow/.venv/lib/python3.11/site-packages/airflow/example_dags/plugins/listener_plugin.py
[2024-04-28T20:59:42.114-0300] {processor.py:183} INFO - Processing /home/athlon/projects/airflow/.venv/lib/python3.11/site-packages/airflow/example_dags/plugins/listener_plugin.py took 0.045 seconds
