[2024-04-30T22:11:54.873-0300] {local_task_job_runner.py:120} INFO - ::group::Pre task execution logs
[2024-04-30T22:11:54.924-0300] {taskinstance.py:2073} INFO - Dependencies all met for dep_context=non-requeueable deps ti=<TaskInstance: atividade_pratica_dag.create_data_folder manual__2024-05-01T01:11:28.778130+00:00 [queued]>
[2024-04-30T22:11:54.942-0300] {taskinstance.py:2073} INFO - Dependencies all met for dep_context=requeueable deps ti=<TaskInstance: atividade_pratica_dag.create_data_folder manual__2024-05-01T01:11:28.778130+00:00 [queued]>
[2024-04-30T22:11:54.943-0300] {taskinstance.py:2303} INFO - Starting attempt 1 of 1
[2024-04-30T22:11:54.986-0300] {taskinstance.py:2327} INFO - Executing <Task(BashOperator): create_data_folder> on 2024-05-01 01:11:28.778130+00:00
[2024-04-30T22:11:54.992-0300] {standard_task_runner.py:63} INFO - Started process 37041 to run task
[2024-04-30T22:11:55.005-0300] {standard_task_runner.py:90} INFO - Running: ['airflow', 'tasks', 'run', 'atividade_pratica_dag', 'create_data_folder', 'manual__2024-05-01T01:11:28.778130+00:00', '--job-id', '66', '--raw', '--subdir', 'DAGS_FOLDER/atividade_pratica_dag.py', '--cfg-path', '/tmp/tmpux0yer55']
[2024-04-30T22:11:55.006-0300] {standard_task_runner.py:91} INFO - Job 66: Subtask create_data_folder
[2024-04-30T22:11:55.096-0300] {task_command.py:426} INFO - Running <TaskInstance: atividade_pratica_dag.create_data_folder manual__2024-05-01T01:11:28.778130+00:00 [running]> on host xubuntu.myguest.virtualbox.org
[2024-04-30T22:11:55.617-0300] {taskinstance.py:2644} INFO - Exporting env vars: AIRFLOW_CTX_DAG_OWNER='airflow' AIRFLOW_CTX_DAG_ID='atividade_pratica_dag' AIRFLOW_CTX_TASK_ID='create_data_folder' AIRFLOW_CTX_EXECUTION_DATE='2024-05-01T01:11:28.778130+00:00' AIRFLOW_CTX_TRY_NUMBER='1' AIRFLOW_CTX_DAG_RUN_ID='manual__2024-05-01T01:11:28.778130+00:00'
[2024-04-30T22:11:55.653-0300] {taskinstance.py:430} INFO - ::endgroup::
[2024-04-30T22:11:55.654-0300] {subprocess.py:63} INFO - Tmp dir root location: /tmp
[2024-04-30T22:11:55.666-0300] {subprocess.py:75} INFO - Running command: ['/usr/bin/bash', '-c', 'mkdir -p $AIRFLOW_HOME/data']
[2024-04-30T22:11:55.912-0300] {subprocess.py:86} INFO - Output:
[2024-04-30T22:11:56.115-0300] {subprocess.py:97} INFO - Command exited with return code 0
[2024-04-30T22:11:56.116-0300] {taskinstance.py:441} INFO - ::group::Post task execution logs
[2024-04-30T22:11:57.407-0300] {taskinstance.py:1205} INFO - Marking task as SUCCESS. dag_id=atividade_pratica_dag, task_id=create_data_folder, execution_date=20240501T011128, start_date=20240501T011154, end_date=20240501T011157
[2024-04-30T22:11:57.560-0300] {local_task_job_runner.py:240} INFO - Task exited with return code 0
[2024-04-30T22:11:57.592-0300] {logging_mixin.py:188} WARNING - /home/ath/projects/atividade_pratica_dags/.venv/lib/python3.11/site-packages/airflow/models/baseoperator.py:1296 AirflowProviderDeprecationWarning: Call to deprecated class PostgresOperator. (Please use `airflow.providers.common.sql.operators.sql.SQLExecuteQueryOperator`.Also, you can provide `hook_params={'schema': <database>}`.)
[2024-04-30T22:11:57.667-0300] {taskinstance.py:3482} INFO - 1 downstream tasks scheduled from follow-on schedule check
[2024-04-30T22:11:57.703-0300] {local_task_job_runner.py:222} INFO - ::endgroup::
